[2024-12-18 22:05:08,759] {processor.py:153} INFO - Started process (PID=13787) to work on /home/patriciacorreia/Documents/airflowalura/venv/lib/python3.9/site-packages/airflow/example_dags/subdags/subdag.py
[2024-12-18 22:05:08,768] {processor.py:641} INFO - Processing file /home/patriciacorreia/Documents/airflowalura/venv/lib/python3.9/site-packages/airflow/example_dags/subdags/subdag.py for tasks to queue
[2024-12-18 22:05:08,774] {logging_mixin.py:115} INFO - [2024-12-18 22:05:08,773] {dagbag.py:507} INFO - Filling up the DagBag from /home/patriciacorreia/Documents/airflowalura/venv/lib/python3.9/site-packages/airflow/example_dags/subdags/subdag.py
[2024-12-18 22:05:08,792] {processor.py:653} WARNING - No viable dags retrieved from /home/patriciacorreia/Documents/airflowalura/venv/lib/python3.9/site-packages/airflow/example_dags/subdags/subdag.py
[2024-12-18 22:05:08,910] {processor.py:161} INFO - Processing /home/patriciacorreia/Documents/airflowalura/venv/lib/python3.9/site-packages/airflow/example_dags/subdags/subdag.py took 0.205 seconds
[2024-12-18 22:05:52,226] {processor.py:153} INFO - Started process (PID=13893) to work on /home/patriciacorreia/Documents/airflowalura/venv/lib/python3.9/site-packages/airflow/example_dags/subdags/subdag.py
[2024-12-18 22:05:52,227] {processor.py:641} INFO - Processing file /home/patriciacorreia/Documents/airflowalura/venv/lib/python3.9/site-packages/airflow/example_dags/subdags/subdag.py for tasks to queue
[2024-12-18 22:05:52,228] {logging_mixin.py:115} INFO - [2024-12-18 22:05:52,228] {dagbag.py:507} INFO - Filling up the DagBag from /home/patriciacorreia/Documents/airflowalura/venv/lib/python3.9/site-packages/airflow/example_dags/subdags/subdag.py
[2024-12-18 22:05:52,230] {processor.py:653} WARNING - No viable dags retrieved from /home/patriciacorreia/Documents/airflowalura/venv/lib/python3.9/site-packages/airflow/example_dags/subdags/subdag.py
[2024-12-18 22:05:52,245] {processor.py:161} INFO - Processing /home/patriciacorreia/Documents/airflowalura/venv/lib/python3.9/site-packages/airflow/example_dags/subdags/subdag.py took 0.023 seconds
[2024-12-18 22:06:27,215] {processor.py:153} INFO - Started process (PID=14014) to work on /home/patriciacorreia/Documents/airflowalura/venv/lib/python3.9/site-packages/airflow/example_dags/subdags/subdag.py
[2024-12-18 22:06:27,217] {processor.py:641} INFO - Processing file /home/patriciacorreia/Documents/airflowalura/venv/lib/python3.9/site-packages/airflow/example_dags/subdags/subdag.py for tasks to queue
[2024-12-18 22:06:27,217] {logging_mixin.py:115} INFO - [2024-12-18 22:06:27,217] {dagbag.py:507} INFO - Filling up the DagBag from /home/patriciacorreia/Documents/airflowalura/venv/lib/python3.9/site-packages/airflow/example_dags/subdags/subdag.py
[2024-12-18 22:06:27,219] {processor.py:653} WARNING - No viable dags retrieved from /home/patriciacorreia/Documents/airflowalura/venv/lib/python3.9/site-packages/airflow/example_dags/subdags/subdag.py
[2024-12-18 22:06:27,234] {processor.py:161} INFO - Processing /home/patriciacorreia/Documents/airflowalura/venv/lib/python3.9/site-packages/airflow/example_dags/subdags/subdag.py took 0.022 seconds
[2024-12-18 22:06:58,608] {processor.py:153} INFO - Started process (PID=14134) to work on /home/patriciacorreia/Documents/airflowalura/venv/lib/python3.9/site-packages/airflow/example_dags/subdags/subdag.py
[2024-12-18 22:06:58,610] {processor.py:641} INFO - Processing file /home/patriciacorreia/Documents/airflowalura/venv/lib/python3.9/site-packages/airflow/example_dags/subdags/subdag.py for tasks to queue
[2024-12-18 22:06:58,611] {logging_mixin.py:115} INFO - [2024-12-18 22:06:58,611] {dagbag.py:507} INFO - Filling up the DagBag from /home/patriciacorreia/Documents/airflowalura/venv/lib/python3.9/site-packages/airflow/example_dags/subdags/subdag.py
[2024-12-18 22:06:58,613] {processor.py:653} WARNING - No viable dags retrieved from /home/patriciacorreia/Documents/airflowalura/venv/lib/python3.9/site-packages/airflow/example_dags/subdags/subdag.py
[2024-12-18 22:06:58,635] {processor.py:161} INFO - Processing /home/patriciacorreia/Documents/airflowalura/venv/lib/python3.9/site-packages/airflow/example_dags/subdags/subdag.py took 0.031 seconds
[2024-12-18 22:07:31,759] {processor.py:153} INFO - Started process (PID=14196) to work on /home/patriciacorreia/Documents/airflowalura/venv/lib/python3.9/site-packages/airflow/example_dags/subdags/subdag.py
[2024-12-18 22:07:31,763] {processor.py:641} INFO - Processing file /home/patriciacorreia/Documents/airflowalura/venv/lib/python3.9/site-packages/airflow/example_dags/subdags/subdag.py for tasks to queue
[2024-12-18 22:07:31,766] {logging_mixin.py:115} INFO - [2024-12-18 22:07:31,766] {dagbag.py:507} INFO - Filling up the DagBag from /home/patriciacorreia/Documents/airflowalura/venv/lib/python3.9/site-packages/airflow/example_dags/subdags/subdag.py
[2024-12-18 22:07:31,775] {processor.py:653} WARNING - No viable dags retrieved from /home/patriciacorreia/Documents/airflowalura/venv/lib/python3.9/site-packages/airflow/example_dags/subdags/subdag.py
[2024-12-18 22:07:31,828] {processor.py:161} INFO - Processing /home/patriciacorreia/Documents/airflowalura/venv/lib/python3.9/site-packages/airflow/example_dags/subdags/subdag.py took 0.089 seconds
[2024-12-18 22:08:07,328] {processor.py:153} INFO - Started process (PID=14283) to work on /home/patriciacorreia/Documents/airflowalura/venv/lib/python3.9/site-packages/airflow/example_dags/subdags/subdag.py
[2024-12-18 22:08:07,331] {processor.py:641} INFO - Processing file /home/patriciacorreia/Documents/airflowalura/venv/lib/python3.9/site-packages/airflow/example_dags/subdags/subdag.py for tasks to queue
[2024-12-18 22:08:07,334] {logging_mixin.py:115} INFO - [2024-12-18 22:08:07,334] {dagbag.py:507} INFO - Filling up the DagBag from /home/patriciacorreia/Documents/airflowalura/venv/lib/python3.9/site-packages/airflow/example_dags/subdags/subdag.py
[2024-12-18 22:08:07,339] {processor.py:653} WARNING - No viable dags retrieved from /home/patriciacorreia/Documents/airflowalura/venv/lib/python3.9/site-packages/airflow/example_dags/subdags/subdag.py
[2024-12-18 22:08:07,373] {processor.py:161} INFO - Processing /home/patriciacorreia/Documents/airflowalura/venv/lib/python3.9/site-packages/airflow/example_dags/subdags/subdag.py took 0.053 seconds
[2024-12-18 22:08:38,702] {processor.py:153} INFO - Started process (PID=14393) to work on /home/patriciacorreia/Documents/airflowalura/venv/lib/python3.9/site-packages/airflow/example_dags/subdags/subdag.py
[2024-12-18 22:08:38,704] {processor.py:641} INFO - Processing file /home/patriciacorreia/Documents/airflowalura/venv/lib/python3.9/site-packages/airflow/example_dags/subdags/subdag.py for tasks to queue
[2024-12-18 22:08:38,705] {logging_mixin.py:115} INFO - [2024-12-18 22:08:38,705] {dagbag.py:507} INFO - Filling up the DagBag from /home/patriciacorreia/Documents/airflowalura/venv/lib/python3.9/site-packages/airflow/example_dags/subdags/subdag.py
[2024-12-18 22:08:38,707] {processor.py:653} WARNING - No viable dags retrieved from /home/patriciacorreia/Documents/airflowalura/venv/lib/python3.9/site-packages/airflow/example_dags/subdags/subdag.py
[2024-12-18 22:08:38,727] {processor.py:161} INFO - Processing /home/patriciacorreia/Documents/airflowalura/venv/lib/python3.9/site-packages/airflow/example_dags/subdags/subdag.py took 0.032 seconds
[2024-12-18 22:09:08,820] {processor.py:153} INFO - Started process (PID=14518) to work on /home/patriciacorreia/Documents/airflowalura/venv/lib/python3.9/site-packages/airflow/example_dags/subdags/subdag.py
[2024-12-18 22:09:08,821] {processor.py:641} INFO - Processing file /home/patriciacorreia/Documents/airflowalura/venv/lib/python3.9/site-packages/airflow/example_dags/subdags/subdag.py for tasks to queue
[2024-12-18 22:09:08,822] {logging_mixin.py:115} INFO - [2024-12-18 22:09:08,822] {dagbag.py:507} INFO - Filling up the DagBag from /home/patriciacorreia/Documents/airflowalura/venv/lib/python3.9/site-packages/airflow/example_dags/subdags/subdag.py
[2024-12-18 22:09:08,824] {processor.py:653} WARNING - No viable dags retrieved from /home/patriciacorreia/Documents/airflowalura/venv/lib/python3.9/site-packages/airflow/example_dags/subdags/subdag.py
[2024-12-18 22:09:08,853] {processor.py:161} INFO - Processing /home/patriciacorreia/Documents/airflowalura/venv/lib/python3.9/site-packages/airflow/example_dags/subdags/subdag.py took 0.040 seconds
[2024-12-18 22:09:40,760] {processor.py:153} INFO - Started process (PID=14656) to work on /home/patriciacorreia/Documents/airflowalura/venv/lib/python3.9/site-packages/airflow/example_dags/subdags/subdag.py
[2024-12-18 22:09:40,762] {processor.py:641} INFO - Processing file /home/patriciacorreia/Documents/airflowalura/venv/lib/python3.9/site-packages/airflow/example_dags/subdags/subdag.py for tasks to queue
[2024-12-18 22:09:40,764] {logging_mixin.py:115} INFO - [2024-12-18 22:09:40,763] {dagbag.py:507} INFO - Filling up the DagBag from /home/patriciacorreia/Documents/airflowalura/venv/lib/python3.9/site-packages/airflow/example_dags/subdags/subdag.py
[2024-12-18 22:09:40,767] {processor.py:653} WARNING - No viable dags retrieved from /home/patriciacorreia/Documents/airflowalura/venv/lib/python3.9/site-packages/airflow/example_dags/subdags/subdag.py
[2024-12-18 22:09:40,794] {processor.py:161} INFO - Processing /home/patriciacorreia/Documents/airflowalura/venv/lib/python3.9/site-packages/airflow/example_dags/subdags/subdag.py took 0.041 seconds
[2024-12-18 22:10:10,956] {processor.py:153} INFO - Started process (PID=14839) to work on /home/patriciacorreia/Documents/airflowalura/venv/lib/python3.9/site-packages/airflow/example_dags/subdags/subdag.py
[2024-12-18 22:10:10,957] {processor.py:641} INFO - Processing file /home/patriciacorreia/Documents/airflowalura/venv/lib/python3.9/site-packages/airflow/example_dags/subdags/subdag.py for tasks to queue
[2024-12-18 22:10:10,957] {logging_mixin.py:115} INFO - [2024-12-18 22:10:10,957] {dagbag.py:507} INFO - Filling up the DagBag from /home/patriciacorreia/Documents/airflowalura/venv/lib/python3.9/site-packages/airflow/example_dags/subdags/subdag.py
[2024-12-18 22:10:10,961] {processor.py:653} WARNING - No viable dags retrieved from /home/patriciacorreia/Documents/airflowalura/venv/lib/python3.9/site-packages/airflow/example_dags/subdags/subdag.py
[2024-12-18 22:10:10,980] {processor.py:161} INFO - Processing /home/patriciacorreia/Documents/airflowalura/venv/lib/python3.9/site-packages/airflow/example_dags/subdags/subdag.py took 0.029 seconds
[2024-12-18 22:10:42,784] {processor.py:153} INFO - Started process (PID=15182) to work on /home/patriciacorreia/Documents/airflowalura/venv/lib/python3.9/site-packages/airflow/example_dags/subdags/subdag.py
[2024-12-18 22:10:42,787] {processor.py:641} INFO - Processing file /home/patriciacorreia/Documents/airflowalura/venv/lib/python3.9/site-packages/airflow/example_dags/subdags/subdag.py for tasks to queue
[2024-12-18 22:10:42,789] {logging_mixin.py:115} INFO - [2024-12-18 22:10:42,788] {dagbag.py:507} INFO - Filling up the DagBag from /home/patriciacorreia/Documents/airflowalura/venv/lib/python3.9/site-packages/airflow/example_dags/subdags/subdag.py
[2024-12-18 22:10:42,792] {processor.py:653} WARNING - No viable dags retrieved from /home/patriciacorreia/Documents/airflowalura/venv/lib/python3.9/site-packages/airflow/example_dags/subdags/subdag.py
[2024-12-18 22:10:42,816] {processor.py:161} INFO - Processing /home/patriciacorreia/Documents/airflowalura/venv/lib/python3.9/site-packages/airflow/example_dags/subdags/subdag.py took 0.039 seconds
[2024-12-18 22:11:24,323] {processor.py:153} INFO - Started process (PID=15485) to work on /home/patriciacorreia/Documents/airflowalura/venv/lib/python3.9/site-packages/airflow/example_dags/subdags/subdag.py
[2024-12-18 22:11:24,328] {processor.py:641} INFO - Processing file /home/patriciacorreia/Documents/airflowalura/venv/lib/python3.9/site-packages/airflow/example_dags/subdags/subdag.py for tasks to queue
[2024-12-18 22:11:24,331] {logging_mixin.py:115} INFO - [2024-12-18 22:11:24,330] {dagbag.py:507} INFO - Filling up the DagBag from /home/patriciacorreia/Documents/airflowalura/venv/lib/python3.9/site-packages/airflow/example_dags/subdags/subdag.py
[2024-12-18 22:11:24,339] {processor.py:653} WARNING - No viable dags retrieved from /home/patriciacorreia/Documents/airflowalura/venv/lib/python3.9/site-packages/airflow/example_dags/subdags/subdag.py
[2024-12-18 22:11:24,392] {processor.py:161} INFO - Processing /home/patriciacorreia/Documents/airflowalura/venv/lib/python3.9/site-packages/airflow/example_dags/subdags/subdag.py took 0.081 seconds
[2024-12-18 22:11:58,905] {processor.py:153} INFO - Started process (PID=15636) to work on /home/patriciacorreia/Documents/airflowalura/venv/lib/python3.9/site-packages/airflow/example_dags/subdags/subdag.py
[2024-12-18 22:11:58,910] {processor.py:641} INFO - Processing file /home/patriciacorreia/Documents/airflowalura/venv/lib/python3.9/site-packages/airflow/example_dags/subdags/subdag.py for tasks to queue
[2024-12-18 22:11:58,913] {logging_mixin.py:115} INFO - [2024-12-18 22:11:58,912] {dagbag.py:507} INFO - Filling up the DagBag from /home/patriciacorreia/Documents/airflowalura/venv/lib/python3.9/site-packages/airflow/example_dags/subdags/subdag.py
[2024-12-18 22:11:58,919] {processor.py:653} WARNING - No viable dags retrieved from /home/patriciacorreia/Documents/airflowalura/venv/lib/python3.9/site-packages/airflow/example_dags/subdags/subdag.py
[2024-12-18 22:11:58,958] {processor.py:161} INFO - Processing /home/patriciacorreia/Documents/airflowalura/venv/lib/python3.9/site-packages/airflow/example_dags/subdags/subdag.py took 0.069 seconds
[2024-12-18 22:12:29,293] {processor.py:153} INFO - Started process (PID=15774) to work on /home/patriciacorreia/Documents/airflowalura/venv/lib/python3.9/site-packages/airflow/example_dags/subdags/subdag.py
[2024-12-18 22:12:29,296] {processor.py:641} INFO - Processing file /home/patriciacorreia/Documents/airflowalura/venv/lib/python3.9/site-packages/airflow/example_dags/subdags/subdag.py for tasks to queue
[2024-12-18 22:12:29,298] {logging_mixin.py:115} INFO - [2024-12-18 22:12:29,297] {dagbag.py:507} INFO - Filling up the DagBag from /home/patriciacorreia/Documents/airflowalura/venv/lib/python3.9/site-packages/airflow/example_dags/subdags/subdag.py
[2024-12-18 22:12:29,302] {processor.py:653} WARNING - No viable dags retrieved from /home/patriciacorreia/Documents/airflowalura/venv/lib/python3.9/site-packages/airflow/example_dags/subdags/subdag.py
[2024-12-18 22:12:29,327] {processor.py:161} INFO - Processing /home/patriciacorreia/Documents/airflowalura/venv/lib/python3.9/site-packages/airflow/example_dags/subdags/subdag.py took 0.048 seconds
[2024-12-18 22:13:01,521] {processor.py:153} INFO - Started process (PID=15918) to work on /home/patriciacorreia/Documents/airflowalura/venv/lib/python3.9/site-packages/airflow/example_dags/subdags/subdag.py
[2024-12-18 22:13:01,526] {processor.py:641} INFO - Processing file /home/patriciacorreia/Documents/airflowalura/venv/lib/python3.9/site-packages/airflow/example_dags/subdags/subdag.py for tasks to queue
[2024-12-18 22:13:01,528] {logging_mixin.py:115} INFO - [2024-12-18 22:13:01,527] {dagbag.py:507} INFO - Filling up the DagBag from /home/patriciacorreia/Documents/airflowalura/venv/lib/python3.9/site-packages/airflow/example_dags/subdags/subdag.py
[2024-12-18 22:13:01,534] {processor.py:653} WARNING - No viable dags retrieved from /home/patriciacorreia/Documents/airflowalura/venv/lib/python3.9/site-packages/airflow/example_dags/subdags/subdag.py
[2024-12-18 22:13:01,578] {processor.py:161} INFO - Processing /home/patriciacorreia/Documents/airflowalura/venv/lib/python3.9/site-packages/airflow/example_dags/subdags/subdag.py took 0.070 seconds
[2024-12-18 22:13:32,425] {processor.py:153} INFO - Started process (PID=16058) to work on /home/patriciacorreia/Documents/airflowalura/venv/lib/python3.9/site-packages/airflow/example_dags/subdags/subdag.py
[2024-12-18 22:13:32,428] {processor.py:641} INFO - Processing file /home/patriciacorreia/Documents/airflowalura/venv/lib/python3.9/site-packages/airflow/example_dags/subdags/subdag.py for tasks to queue
[2024-12-18 22:13:32,430] {logging_mixin.py:115} INFO - [2024-12-18 22:13:32,429] {dagbag.py:507} INFO - Filling up the DagBag from /home/patriciacorreia/Documents/airflowalura/venv/lib/python3.9/site-packages/airflow/example_dags/subdags/subdag.py
[2024-12-18 22:13:32,435] {processor.py:653} WARNING - No viable dags retrieved from /home/patriciacorreia/Documents/airflowalura/venv/lib/python3.9/site-packages/airflow/example_dags/subdags/subdag.py
[2024-12-18 22:13:32,474] {processor.py:161} INFO - Processing /home/patriciacorreia/Documents/airflowalura/venv/lib/python3.9/site-packages/airflow/example_dags/subdags/subdag.py took 0.065 seconds
[2024-12-18 22:14:07,397] {processor.py:153} INFO - Started process (PID=16234) to work on /home/patriciacorreia/Documents/airflowalura/venv/lib/python3.9/site-packages/airflow/example_dags/subdags/subdag.py
[2024-12-18 22:14:07,400] {processor.py:641} INFO - Processing file /home/patriciacorreia/Documents/airflowalura/venv/lib/python3.9/site-packages/airflow/example_dags/subdags/subdag.py for tasks to queue
[2024-12-18 22:14:07,403] {logging_mixin.py:115} INFO - [2024-12-18 22:14:07,403] {dagbag.py:507} INFO - Filling up the DagBag from /home/patriciacorreia/Documents/airflowalura/venv/lib/python3.9/site-packages/airflow/example_dags/subdags/subdag.py
[2024-12-18 22:14:07,410] {processor.py:653} WARNING - No viable dags retrieved from /home/patriciacorreia/Documents/airflowalura/venv/lib/python3.9/site-packages/airflow/example_dags/subdags/subdag.py
[2024-12-18 22:14:07,459] {processor.py:161} INFO - Processing /home/patriciacorreia/Documents/airflowalura/venv/lib/python3.9/site-packages/airflow/example_dags/subdags/subdag.py took 0.075 seconds
[2024-12-18 22:14:42,141] {processor.py:153} INFO - Started process (PID=16400) to work on /home/patriciacorreia/Documents/airflowalura/venv/lib/python3.9/site-packages/airflow/example_dags/subdags/subdag.py
[2024-12-18 22:14:42,144] {processor.py:641} INFO - Processing file /home/patriciacorreia/Documents/airflowalura/venv/lib/python3.9/site-packages/airflow/example_dags/subdags/subdag.py for tasks to queue
[2024-12-18 22:14:42,145] {logging_mixin.py:115} INFO - [2024-12-18 22:14:42,145] {dagbag.py:507} INFO - Filling up the DagBag from /home/patriciacorreia/Documents/airflowalura/venv/lib/python3.9/site-packages/airflow/example_dags/subdags/subdag.py
[2024-12-18 22:14:42,149] {processor.py:653} WARNING - No viable dags retrieved from /home/patriciacorreia/Documents/airflowalura/venv/lib/python3.9/site-packages/airflow/example_dags/subdags/subdag.py
[2024-12-18 22:14:42,180] {processor.py:161} INFO - Processing /home/patriciacorreia/Documents/airflowalura/venv/lib/python3.9/site-packages/airflow/example_dags/subdags/subdag.py took 0.047 seconds
[2024-12-18 22:15:13,634] {processor.py:153} INFO - Started process (PID=16552) to work on /home/patriciacorreia/Documents/airflowalura/venv/lib/python3.9/site-packages/airflow/example_dags/subdags/subdag.py
[2024-12-18 22:15:13,635] {processor.py:641} INFO - Processing file /home/patriciacorreia/Documents/airflowalura/venv/lib/python3.9/site-packages/airflow/example_dags/subdags/subdag.py for tasks to queue
[2024-12-18 22:15:13,636] {logging_mixin.py:115} INFO - [2024-12-18 22:15:13,636] {dagbag.py:507} INFO - Filling up the DagBag from /home/patriciacorreia/Documents/airflowalura/venv/lib/python3.9/site-packages/airflow/example_dags/subdags/subdag.py
[2024-12-18 22:15:13,638] {processor.py:653} WARNING - No viable dags retrieved from /home/patriciacorreia/Documents/airflowalura/venv/lib/python3.9/site-packages/airflow/example_dags/subdags/subdag.py
[2024-12-18 22:15:13,653] {processor.py:161} INFO - Processing /home/patriciacorreia/Documents/airflowalura/venv/lib/python3.9/site-packages/airflow/example_dags/subdags/subdag.py took 0.025 seconds
[2024-12-18 22:15:52,860] {processor.py:153} INFO - Started process (PID=16751) to work on /home/patriciacorreia/Documents/airflowalura/venv/lib/python3.9/site-packages/airflow/example_dags/subdags/subdag.py
[2024-12-18 22:15:52,862] {processor.py:641} INFO - Processing file /home/patriciacorreia/Documents/airflowalura/venv/lib/python3.9/site-packages/airflow/example_dags/subdags/subdag.py for tasks to queue
[2024-12-18 22:15:52,863] {logging_mixin.py:115} INFO - [2024-12-18 22:15:52,863] {dagbag.py:507} INFO - Filling up the DagBag from /home/patriciacorreia/Documents/airflowalura/venv/lib/python3.9/site-packages/airflow/example_dags/subdags/subdag.py
[2024-12-18 22:15:52,867] {processor.py:653} WARNING - No viable dags retrieved from /home/patriciacorreia/Documents/airflowalura/venv/lib/python3.9/site-packages/airflow/example_dags/subdags/subdag.py
[2024-12-18 22:15:52,889] {processor.py:161} INFO - Processing /home/patriciacorreia/Documents/airflowalura/venv/lib/python3.9/site-packages/airflow/example_dags/subdags/subdag.py took 0.035 seconds
[2024-12-18 22:16:30,307] {processor.py:153} INFO - Started process (PID=17002) to work on /home/patriciacorreia/Documents/airflowalura/venv/lib/python3.9/site-packages/airflow/example_dags/subdags/subdag.py
[2024-12-18 22:16:30,311] {processor.py:641} INFO - Processing file /home/patriciacorreia/Documents/airflowalura/venv/lib/python3.9/site-packages/airflow/example_dags/subdags/subdag.py for tasks to queue
[2024-12-18 22:16:30,314] {logging_mixin.py:115} INFO - [2024-12-18 22:16:30,314] {dagbag.py:507} INFO - Filling up the DagBag from /home/patriciacorreia/Documents/airflowalura/venv/lib/python3.9/site-packages/airflow/example_dags/subdags/subdag.py
[2024-12-18 22:16:30,323] {processor.py:653} WARNING - No viable dags retrieved from /home/patriciacorreia/Documents/airflowalura/venv/lib/python3.9/site-packages/airflow/example_dags/subdags/subdag.py
[2024-12-18 22:16:30,378] {processor.py:161} INFO - Processing /home/patriciacorreia/Documents/airflowalura/venv/lib/python3.9/site-packages/airflow/example_dags/subdags/subdag.py took 0.088 seconds
[2024-12-18 22:17:14,824] {processor.py:153} INFO - Started process (PID=17220) to work on /home/patriciacorreia/Documents/airflowalura/venv/lib/python3.9/site-packages/airflow/example_dags/subdags/subdag.py
[2024-12-18 22:17:14,826] {processor.py:641} INFO - Processing file /home/patriciacorreia/Documents/airflowalura/venv/lib/python3.9/site-packages/airflow/example_dags/subdags/subdag.py for tasks to queue
[2024-12-18 22:17:14,827] {logging_mixin.py:115} INFO - [2024-12-18 22:17:14,827] {dagbag.py:507} INFO - Filling up the DagBag from /home/patriciacorreia/Documents/airflowalura/venv/lib/python3.9/site-packages/airflow/example_dags/subdags/subdag.py
[2024-12-18 22:17:14,830] {processor.py:653} WARNING - No viable dags retrieved from /home/patriciacorreia/Documents/airflowalura/venv/lib/python3.9/site-packages/airflow/example_dags/subdags/subdag.py
[2024-12-18 22:17:14,857] {processor.py:161} INFO - Processing /home/patriciacorreia/Documents/airflowalura/venv/lib/python3.9/site-packages/airflow/example_dags/subdags/subdag.py took 0.042 seconds
[2024-12-18 22:17:49,106] {processor.py:153} INFO - Started process (PID=17389) to work on /home/patriciacorreia/Documents/airflowalura/venv/lib/python3.9/site-packages/airflow/example_dags/subdags/subdag.py
[2024-12-18 22:17:49,111] {processor.py:641} INFO - Processing file /home/patriciacorreia/Documents/airflowalura/venv/lib/python3.9/site-packages/airflow/example_dags/subdags/subdag.py for tasks to queue
[2024-12-18 22:17:49,113] {logging_mixin.py:115} INFO - [2024-12-18 22:17:49,113] {dagbag.py:507} INFO - Filling up the DagBag from /home/patriciacorreia/Documents/airflowalura/venv/lib/python3.9/site-packages/airflow/example_dags/subdags/subdag.py
[2024-12-18 22:17:49,120] {processor.py:653} WARNING - No viable dags retrieved from /home/patriciacorreia/Documents/airflowalura/venv/lib/python3.9/site-packages/airflow/example_dags/subdags/subdag.py
[2024-12-18 22:17:49,179] {processor.py:161} INFO - Processing /home/patriciacorreia/Documents/airflowalura/venv/lib/python3.9/site-packages/airflow/example_dags/subdags/subdag.py took 0.092 seconds
[2024-12-18 22:18:26,071] {processor.py:153} INFO - Started process (PID=17554) to work on /home/patriciacorreia/Documents/airflowalura/venv/lib/python3.9/site-packages/airflow/example_dags/subdags/subdag.py
[2024-12-18 22:18:26,072] {processor.py:641} INFO - Processing file /home/patriciacorreia/Documents/airflowalura/venv/lib/python3.9/site-packages/airflow/example_dags/subdags/subdag.py for tasks to queue
[2024-12-18 22:18:26,073] {logging_mixin.py:115} INFO - [2024-12-18 22:18:26,073] {dagbag.py:507} INFO - Filling up the DagBag from /home/patriciacorreia/Documents/airflowalura/venv/lib/python3.9/site-packages/airflow/example_dags/subdags/subdag.py
[2024-12-18 22:18:26,074] {processor.py:653} WARNING - No viable dags retrieved from /home/patriciacorreia/Documents/airflowalura/venv/lib/python3.9/site-packages/airflow/example_dags/subdags/subdag.py
[2024-12-18 22:18:26,091] {processor.py:161} INFO - Processing /home/patriciacorreia/Documents/airflowalura/venv/lib/python3.9/site-packages/airflow/example_dags/subdags/subdag.py took 0.024 seconds
[2024-12-18 22:19:22,639] {processor.py:153} INFO - Started process (PID=17761) to work on /home/patriciacorreia/Documents/airflowalura/venv/lib/python3.9/site-packages/airflow/example_dags/subdags/subdag.py
[2024-12-18 22:19:22,640] {processor.py:641} INFO - Processing file /home/patriciacorreia/Documents/airflowalura/venv/lib/python3.9/site-packages/airflow/example_dags/subdags/subdag.py for tasks to queue
[2024-12-18 22:19:22,641] {logging_mixin.py:115} INFO - [2024-12-18 22:19:22,641] {dagbag.py:507} INFO - Filling up the DagBag from /home/patriciacorreia/Documents/airflowalura/venv/lib/python3.9/site-packages/airflow/example_dags/subdags/subdag.py
[2024-12-18 22:19:22,643] {processor.py:653} WARNING - No viable dags retrieved from /home/patriciacorreia/Documents/airflowalura/venv/lib/python3.9/site-packages/airflow/example_dags/subdags/subdag.py
[2024-12-18 22:19:22,660] {processor.py:161} INFO - Processing /home/patriciacorreia/Documents/airflowalura/venv/lib/python3.9/site-packages/airflow/example_dags/subdags/subdag.py took 0.025 seconds
[2024-12-18 22:20:03,294] {processor.py:153} INFO - Started process (PID=17987) to work on /home/patriciacorreia/Documents/airflowalura/venv/lib/python3.9/site-packages/airflow/example_dags/subdags/subdag.py
[2024-12-18 22:20:03,297] {processor.py:641} INFO - Processing file /home/patriciacorreia/Documents/airflowalura/venv/lib/python3.9/site-packages/airflow/example_dags/subdags/subdag.py for tasks to queue
[2024-12-18 22:20:03,300] {logging_mixin.py:115} INFO - [2024-12-18 22:20:03,300] {dagbag.py:507} INFO - Filling up the DagBag from /home/patriciacorreia/Documents/airflowalura/venv/lib/python3.9/site-packages/airflow/example_dags/subdags/subdag.py
[2024-12-18 22:20:03,307] {processor.py:653} WARNING - No viable dags retrieved from /home/patriciacorreia/Documents/airflowalura/venv/lib/python3.9/site-packages/airflow/example_dags/subdags/subdag.py
[2024-12-18 22:20:03,372] {processor.py:161} INFO - Processing /home/patriciacorreia/Documents/airflowalura/venv/lib/python3.9/site-packages/airflow/example_dags/subdags/subdag.py took 0.097 seconds
[2024-12-18 22:20:39,775] {processor.py:153} INFO - Started process (PID=18169) to work on /home/patriciacorreia/Documents/airflowalura/venv/lib/python3.9/site-packages/airflow/example_dags/subdags/subdag.py
[2024-12-18 22:20:39,779] {processor.py:641} INFO - Processing file /home/patriciacorreia/Documents/airflowalura/venv/lib/python3.9/site-packages/airflow/example_dags/subdags/subdag.py for tasks to queue
[2024-12-18 22:20:39,781] {logging_mixin.py:115} INFO - [2024-12-18 22:20:39,780] {dagbag.py:507} INFO - Filling up the DagBag from /home/patriciacorreia/Documents/airflowalura/venv/lib/python3.9/site-packages/airflow/example_dags/subdags/subdag.py
[2024-12-18 22:20:39,785] {processor.py:653} WARNING - No viable dags retrieved from /home/patriciacorreia/Documents/airflowalura/venv/lib/python3.9/site-packages/airflow/example_dags/subdags/subdag.py
[2024-12-18 22:20:39,808] {processor.py:161} INFO - Processing /home/patriciacorreia/Documents/airflowalura/venv/lib/python3.9/site-packages/airflow/example_dags/subdags/subdag.py took 0.046 seconds
[2024-12-18 22:21:14,445] {processor.py:153} INFO - Started process (PID=18339) to work on /home/patriciacorreia/Documents/airflowalura/venv/lib/python3.9/site-packages/airflow/example_dags/subdags/subdag.py
[2024-12-18 22:21:14,450] {processor.py:641} INFO - Processing file /home/patriciacorreia/Documents/airflowalura/venv/lib/python3.9/site-packages/airflow/example_dags/subdags/subdag.py for tasks to queue
[2024-12-18 22:21:14,457] {logging_mixin.py:115} INFO - [2024-12-18 22:21:14,455] {dagbag.py:507} INFO - Filling up the DagBag from /home/patriciacorreia/Documents/airflowalura/venv/lib/python3.9/site-packages/airflow/example_dags/subdags/subdag.py
[2024-12-18 22:21:14,465] {processor.py:653} WARNING - No viable dags retrieved from /home/patriciacorreia/Documents/airflowalura/venv/lib/python3.9/site-packages/airflow/example_dags/subdags/subdag.py
[2024-12-18 22:21:14,537] {processor.py:161} INFO - Processing /home/patriciacorreia/Documents/airflowalura/venv/lib/python3.9/site-packages/airflow/example_dags/subdags/subdag.py took 0.111 seconds
[2024-12-18 22:21:49,139] {processor.py:153} INFO - Started process (PID=18496) to work on /home/patriciacorreia/Documents/airflowalura/venv/lib/python3.9/site-packages/airflow/example_dags/subdags/subdag.py
[2024-12-18 22:21:49,140] {processor.py:641} INFO - Processing file /home/patriciacorreia/Documents/airflowalura/venv/lib/python3.9/site-packages/airflow/example_dags/subdags/subdag.py for tasks to queue
[2024-12-18 22:21:49,141] {logging_mixin.py:115} INFO - [2024-12-18 22:21:49,141] {dagbag.py:507} INFO - Filling up the DagBag from /home/patriciacorreia/Documents/airflowalura/venv/lib/python3.9/site-packages/airflow/example_dags/subdags/subdag.py
[2024-12-18 22:21:49,144] {processor.py:653} WARNING - No viable dags retrieved from /home/patriciacorreia/Documents/airflowalura/venv/lib/python3.9/site-packages/airflow/example_dags/subdags/subdag.py
[2024-12-18 22:21:49,168] {processor.py:161} INFO - Processing /home/patriciacorreia/Documents/airflowalura/venv/lib/python3.9/site-packages/airflow/example_dags/subdags/subdag.py took 0.042 seconds
[2024-12-18 22:22:24,857] {processor.py:153} INFO - Started process (PID=18657) to work on /home/patriciacorreia/Documents/airflowalura/venv/lib/python3.9/site-packages/airflow/example_dags/subdags/subdag.py
[2024-12-18 22:22:24,861] {processor.py:641} INFO - Processing file /home/patriciacorreia/Documents/airflowalura/venv/lib/python3.9/site-packages/airflow/example_dags/subdags/subdag.py for tasks to queue
[2024-12-18 22:22:24,868] {logging_mixin.py:115} INFO - [2024-12-18 22:22:24,863] {dagbag.py:507} INFO - Filling up the DagBag from /home/patriciacorreia/Documents/airflowalura/venv/lib/python3.9/site-packages/airflow/example_dags/subdags/subdag.py
[2024-12-18 22:22:24,877] {processor.py:653} WARNING - No viable dags retrieved from /home/patriciacorreia/Documents/airflowalura/venv/lib/python3.9/site-packages/airflow/example_dags/subdags/subdag.py
[2024-12-18 22:22:24,950] {processor.py:161} INFO - Processing /home/patriciacorreia/Documents/airflowalura/venv/lib/python3.9/site-packages/airflow/example_dags/subdags/subdag.py took 0.112 seconds
[2024-12-18 22:22:56,148] {processor.py:153} INFO - Started process (PID=18810) to work on /home/patriciacorreia/Documents/airflowalura/venv/lib/python3.9/site-packages/airflow/example_dags/subdags/subdag.py
[2024-12-18 22:22:56,155] {processor.py:641} INFO - Processing file /home/patriciacorreia/Documents/airflowalura/venv/lib/python3.9/site-packages/airflow/example_dags/subdags/subdag.py for tasks to queue
[2024-12-18 22:22:56,157] {logging_mixin.py:115} INFO - [2024-12-18 22:22:56,157] {dagbag.py:507} INFO - Filling up the DagBag from /home/patriciacorreia/Documents/airflowalura/venv/lib/python3.9/site-packages/airflow/example_dags/subdags/subdag.py
[2024-12-18 22:22:56,164] {processor.py:653} WARNING - No viable dags retrieved from /home/patriciacorreia/Documents/airflowalura/venv/lib/python3.9/site-packages/airflow/example_dags/subdags/subdag.py
[2024-12-18 22:22:56,227] {processor.py:161} INFO - Processing /home/patriciacorreia/Documents/airflowalura/venv/lib/python3.9/site-packages/airflow/example_dags/subdags/subdag.py took 0.097 seconds
[2024-12-18 22:23:27,954] {processor.py:153} INFO - Started process (PID=18957) to work on /home/patriciacorreia/Documents/airflowalura/venv/lib/python3.9/site-packages/airflow/example_dags/subdags/subdag.py
[2024-12-18 22:23:27,957] {processor.py:641} INFO - Processing file /home/patriciacorreia/Documents/airflowalura/venv/lib/python3.9/site-packages/airflow/example_dags/subdags/subdag.py for tasks to queue
[2024-12-18 22:23:27,959] {logging_mixin.py:115} INFO - [2024-12-18 22:23:27,958] {dagbag.py:507} INFO - Filling up the DagBag from /home/patriciacorreia/Documents/airflowalura/venv/lib/python3.9/site-packages/airflow/example_dags/subdags/subdag.py
[2024-12-18 22:23:27,963] {processor.py:653} WARNING - No viable dags retrieved from /home/patriciacorreia/Documents/airflowalura/venv/lib/python3.9/site-packages/airflow/example_dags/subdags/subdag.py
[2024-12-18 22:23:27,989] {processor.py:161} INFO - Processing /home/patriciacorreia/Documents/airflowalura/venv/lib/python3.9/site-packages/airflow/example_dags/subdags/subdag.py took 0.068 seconds
[2024-12-18 22:24:02,897] {processor.py:153} INFO - Started process (PID=19124) to work on /home/patriciacorreia/Documents/airflowalura/venv/lib/python3.9/site-packages/airflow/example_dags/subdags/subdag.py
[2024-12-18 22:24:02,901] {processor.py:641} INFO - Processing file /home/patriciacorreia/Documents/airflowalura/venv/lib/python3.9/site-packages/airflow/example_dags/subdags/subdag.py for tasks to queue
[2024-12-18 22:24:02,906] {logging_mixin.py:115} INFO - [2024-12-18 22:24:02,905] {dagbag.py:507} INFO - Filling up the DagBag from /home/patriciacorreia/Documents/airflowalura/venv/lib/python3.9/site-packages/airflow/example_dags/subdags/subdag.py
[2024-12-18 22:24:02,914] {processor.py:653} WARNING - No viable dags retrieved from /home/patriciacorreia/Documents/airflowalura/venv/lib/python3.9/site-packages/airflow/example_dags/subdags/subdag.py
[2024-12-18 22:24:02,993] {processor.py:161} INFO - Processing /home/patriciacorreia/Documents/airflowalura/venv/lib/python3.9/site-packages/airflow/example_dags/subdags/subdag.py took 0.112 seconds
[2024-12-18 22:24:38,708] {processor.py:153} INFO - Started process (PID=19286) to work on /home/patriciacorreia/Documents/airflowalura/venv/lib/python3.9/site-packages/airflow/example_dags/subdags/subdag.py
[2024-12-18 22:24:38,710] {processor.py:641} INFO - Processing file /home/patriciacorreia/Documents/airflowalura/venv/lib/python3.9/site-packages/airflow/example_dags/subdags/subdag.py for tasks to queue
[2024-12-18 22:24:38,710] {logging_mixin.py:115} INFO - [2024-12-18 22:24:38,710] {dagbag.py:507} INFO - Filling up the DagBag from /home/patriciacorreia/Documents/airflowalura/venv/lib/python3.9/site-packages/airflow/example_dags/subdags/subdag.py
[2024-12-18 22:24:38,712] {processor.py:653} WARNING - No viable dags retrieved from /home/patriciacorreia/Documents/airflowalura/venv/lib/python3.9/site-packages/airflow/example_dags/subdags/subdag.py
[2024-12-18 22:24:38,729] {processor.py:161} INFO - Processing /home/patriciacorreia/Documents/airflowalura/venv/lib/python3.9/site-packages/airflow/example_dags/subdags/subdag.py took 0.026 seconds
[2024-12-18 22:25:12,432] {processor.py:153} INFO - Started process (PID=19475) to work on /home/patriciacorreia/Documents/airflowalura/venv/lib/python3.9/site-packages/airflow/example_dags/subdags/subdag.py
[2024-12-18 22:25:12,436] {processor.py:641} INFO - Processing file /home/patriciacorreia/Documents/airflowalura/venv/lib/python3.9/site-packages/airflow/example_dags/subdags/subdag.py for tasks to queue
[2024-12-18 22:25:12,438] {logging_mixin.py:115} INFO - [2024-12-18 22:25:12,438] {dagbag.py:507} INFO - Filling up the DagBag from /home/patriciacorreia/Documents/airflowalura/venv/lib/python3.9/site-packages/airflow/example_dags/subdags/subdag.py
[2024-12-18 22:25:12,445] {processor.py:653} WARNING - No viable dags retrieved from /home/patriciacorreia/Documents/airflowalura/venv/lib/python3.9/site-packages/airflow/example_dags/subdags/subdag.py
[2024-12-18 22:25:12,494] {processor.py:161} INFO - Processing /home/patriciacorreia/Documents/airflowalura/venv/lib/python3.9/site-packages/airflow/example_dags/subdags/subdag.py took 0.077 seconds
[2024-12-18 22:25:52,959] {processor.py:153} INFO - Started process (PID=19657) to work on /home/patriciacorreia/Documents/airflowalura/venv/lib/python3.9/site-packages/airflow/example_dags/subdags/subdag.py
[2024-12-18 22:25:52,965] {processor.py:641} INFO - Processing file /home/patriciacorreia/Documents/airflowalura/venv/lib/python3.9/site-packages/airflow/example_dags/subdags/subdag.py for tasks to queue
[2024-12-18 22:25:52,967] {logging_mixin.py:115} INFO - [2024-12-18 22:25:52,967] {dagbag.py:507} INFO - Filling up the DagBag from /home/patriciacorreia/Documents/airflowalura/venv/lib/python3.9/site-packages/airflow/example_dags/subdags/subdag.py
[2024-12-18 22:25:52,974] {processor.py:653} WARNING - No viable dags retrieved from /home/patriciacorreia/Documents/airflowalura/venv/lib/python3.9/site-packages/airflow/example_dags/subdags/subdag.py
[2024-12-18 22:25:53,033] {processor.py:161} INFO - Processing /home/patriciacorreia/Documents/airflowalura/venv/lib/python3.9/site-packages/airflow/example_dags/subdags/subdag.py took 0.093 seconds
[2024-12-18 22:26:33,699] {processor.py:153} INFO - Started process (PID=19834) to work on /home/patriciacorreia/Documents/airflowalura/venv/lib/python3.9/site-packages/airflow/example_dags/subdags/subdag.py
[2024-12-18 22:26:33,704] {processor.py:641} INFO - Processing file /home/patriciacorreia/Documents/airflowalura/venv/lib/python3.9/site-packages/airflow/example_dags/subdags/subdag.py for tasks to queue
[2024-12-18 22:26:33,707] {logging_mixin.py:115} INFO - [2024-12-18 22:26:33,707] {dagbag.py:507} INFO - Filling up the DagBag from /home/patriciacorreia/Documents/airflowalura/venv/lib/python3.9/site-packages/airflow/example_dags/subdags/subdag.py
[2024-12-18 22:26:33,717] {processor.py:653} WARNING - No viable dags retrieved from /home/patriciacorreia/Documents/airflowalura/venv/lib/python3.9/site-packages/airflow/example_dags/subdags/subdag.py
[2024-12-18 22:26:33,781] {processor.py:161} INFO - Processing /home/patriciacorreia/Documents/airflowalura/venv/lib/python3.9/site-packages/airflow/example_dags/subdags/subdag.py took 0.102 seconds
[2024-12-18 22:27:05,645] {processor.py:153} INFO - Started process (PID=19981) to work on /home/patriciacorreia/Documents/airflowalura/venv/lib/python3.9/site-packages/airflow/example_dags/subdags/subdag.py
[2024-12-18 22:27:05,652] {processor.py:641} INFO - Processing file /home/patriciacorreia/Documents/airflowalura/venv/lib/python3.9/site-packages/airflow/example_dags/subdags/subdag.py for tasks to queue
[2024-12-18 22:27:05,653] {logging_mixin.py:115} INFO - [2024-12-18 22:27:05,653] {dagbag.py:507} INFO - Filling up the DagBag from /home/patriciacorreia/Documents/airflowalura/venv/lib/python3.9/site-packages/airflow/example_dags/subdags/subdag.py
[2024-12-18 22:27:05,657] {processor.py:653} WARNING - No viable dags retrieved from /home/patriciacorreia/Documents/airflowalura/venv/lib/python3.9/site-packages/airflow/example_dags/subdags/subdag.py
[2024-12-18 22:27:05,675] {processor.py:161} INFO - Processing /home/patriciacorreia/Documents/airflowalura/venv/lib/python3.9/site-packages/airflow/example_dags/subdags/subdag.py took 0.042 seconds
[2024-12-18 22:27:37,623] {processor.py:153} INFO - Started process (PID=20129) to work on /home/patriciacorreia/Documents/airflowalura/venv/lib/python3.9/site-packages/airflow/example_dags/subdags/subdag.py
[2024-12-18 22:27:37,626] {processor.py:641} INFO - Processing file /home/patriciacorreia/Documents/airflowalura/venv/lib/python3.9/site-packages/airflow/example_dags/subdags/subdag.py for tasks to queue
[2024-12-18 22:27:37,628] {logging_mixin.py:115} INFO - [2024-12-18 22:27:37,628] {dagbag.py:507} INFO - Filling up the DagBag from /home/patriciacorreia/Documents/airflowalura/venv/lib/python3.9/site-packages/airflow/example_dags/subdags/subdag.py
[2024-12-18 22:27:37,635] {processor.py:653} WARNING - No viable dags retrieved from /home/patriciacorreia/Documents/airflowalura/venv/lib/python3.9/site-packages/airflow/example_dags/subdags/subdag.py
[2024-12-18 22:27:37,685] {processor.py:161} INFO - Processing /home/patriciacorreia/Documents/airflowalura/venv/lib/python3.9/site-packages/airflow/example_dags/subdags/subdag.py took 0.074 seconds
[2024-12-18 22:28:14,709] {processor.py:153} INFO - Started process (PID=20315) to work on /home/patriciacorreia/Documents/airflowalura/venv/lib/python3.9/site-packages/airflow/example_dags/subdags/subdag.py
[2024-12-18 22:28:14,711] {processor.py:641} INFO - Processing file /home/patriciacorreia/Documents/airflowalura/venv/lib/python3.9/site-packages/airflow/example_dags/subdags/subdag.py for tasks to queue
[2024-12-18 22:28:14,712] {logging_mixin.py:115} INFO - [2024-12-18 22:28:14,712] {dagbag.py:507} INFO - Filling up the DagBag from /home/patriciacorreia/Documents/airflowalura/venv/lib/python3.9/site-packages/airflow/example_dags/subdags/subdag.py
[2024-12-18 22:28:14,715] {processor.py:653} WARNING - No viable dags retrieved from /home/patriciacorreia/Documents/airflowalura/venv/lib/python3.9/site-packages/airflow/example_dags/subdags/subdag.py
[2024-12-18 22:28:14,736] {processor.py:161} INFO - Processing /home/patriciacorreia/Documents/airflowalura/venv/lib/python3.9/site-packages/airflow/example_dags/subdags/subdag.py took 0.032 seconds
[2024-12-18 22:28:50,448] {processor.py:153} INFO - Started process (PID=20489) to work on /home/patriciacorreia/Documents/airflowalura/venv/lib/python3.9/site-packages/airflow/example_dags/subdags/subdag.py
[2024-12-18 22:28:50,451] {processor.py:641} INFO - Processing file /home/patriciacorreia/Documents/airflowalura/venv/lib/python3.9/site-packages/airflow/example_dags/subdags/subdag.py for tasks to queue
[2024-12-18 22:28:50,453] {logging_mixin.py:115} INFO - [2024-12-18 22:28:50,453] {dagbag.py:507} INFO - Filling up the DagBag from /home/patriciacorreia/Documents/airflowalura/venv/lib/python3.9/site-packages/airflow/example_dags/subdags/subdag.py
[2024-12-18 22:28:50,459] {processor.py:653} WARNING - No viable dags retrieved from /home/patriciacorreia/Documents/airflowalura/venv/lib/python3.9/site-packages/airflow/example_dags/subdags/subdag.py
[2024-12-18 22:28:50,501] {processor.py:161} INFO - Processing /home/patriciacorreia/Documents/airflowalura/venv/lib/python3.9/site-packages/airflow/example_dags/subdags/subdag.py took 0.066 seconds
[2024-12-18 22:29:23,810] {processor.py:153} INFO - Started process (PID=20656) to work on /home/patriciacorreia/Documents/airflowalura/venv/lib/python3.9/site-packages/airflow/example_dags/subdags/subdag.py
[2024-12-18 22:29:23,811] {processor.py:641} INFO - Processing file /home/patriciacorreia/Documents/airflowalura/venv/lib/python3.9/site-packages/airflow/example_dags/subdags/subdag.py for tasks to queue
[2024-12-18 22:29:23,812] {logging_mixin.py:115} INFO - [2024-12-18 22:29:23,812] {dagbag.py:507} INFO - Filling up the DagBag from /home/patriciacorreia/Documents/airflowalura/venv/lib/python3.9/site-packages/airflow/example_dags/subdags/subdag.py
[2024-12-18 22:29:23,815] {processor.py:653} WARNING - No viable dags retrieved from /home/patriciacorreia/Documents/airflowalura/venv/lib/python3.9/site-packages/airflow/example_dags/subdags/subdag.py
[2024-12-18 22:29:23,839] {processor.py:161} INFO - Processing /home/patriciacorreia/Documents/airflowalura/venv/lib/python3.9/site-packages/airflow/example_dags/subdags/subdag.py took 0.035 seconds
[2024-12-18 22:29:58,994] {processor.py:153} INFO - Started process (PID=20845) to work on /home/patriciacorreia/Documents/airflowalura/venv/lib/python3.9/site-packages/airflow/example_dags/subdags/subdag.py
[2024-12-18 22:29:58,995] {processor.py:641} INFO - Processing file /home/patriciacorreia/Documents/airflowalura/venv/lib/python3.9/site-packages/airflow/example_dags/subdags/subdag.py for tasks to queue
[2024-12-18 22:29:58,996] {logging_mixin.py:115} INFO - [2024-12-18 22:29:58,996] {dagbag.py:507} INFO - Filling up the DagBag from /home/patriciacorreia/Documents/airflowalura/venv/lib/python3.9/site-packages/airflow/example_dags/subdags/subdag.py
[2024-12-18 22:29:58,998] {processor.py:653} WARNING - No viable dags retrieved from /home/patriciacorreia/Documents/airflowalura/venv/lib/python3.9/site-packages/airflow/example_dags/subdags/subdag.py
[2024-12-18 22:29:59,016] {processor.py:161} INFO - Processing /home/patriciacorreia/Documents/airflowalura/venv/lib/python3.9/site-packages/airflow/example_dags/subdags/subdag.py took 0.026 seconds
[2024-12-18 22:30:30,532] {processor.py:153} INFO - Started process (PID=21007) to work on /home/patriciacorreia/Documents/airflowalura/venv/lib/python3.9/site-packages/airflow/example_dags/subdags/subdag.py
[2024-12-18 22:30:30,534] {processor.py:641} INFO - Processing file /home/patriciacorreia/Documents/airflowalura/venv/lib/python3.9/site-packages/airflow/example_dags/subdags/subdag.py for tasks to queue
[2024-12-18 22:30:30,534] {logging_mixin.py:115} INFO - [2024-12-18 22:30:30,534] {dagbag.py:507} INFO - Filling up the DagBag from /home/patriciacorreia/Documents/airflowalura/venv/lib/python3.9/site-packages/airflow/example_dags/subdags/subdag.py
[2024-12-18 22:30:30,536] {processor.py:653} WARNING - No viable dags retrieved from /home/patriciacorreia/Documents/airflowalura/venv/lib/python3.9/site-packages/airflow/example_dags/subdags/subdag.py
[2024-12-18 22:30:30,552] {processor.py:161} INFO - Processing /home/patriciacorreia/Documents/airflowalura/venv/lib/python3.9/site-packages/airflow/example_dags/subdags/subdag.py took 0.025 seconds
[2024-12-18 22:31:05,683] {processor.py:153} INFO - Started process (PID=21193) to work on /home/patriciacorreia/Documents/airflowalura/venv/lib/python3.9/site-packages/airflow/example_dags/subdags/subdag.py
[2024-12-18 22:31:05,684] {processor.py:641} INFO - Processing file /home/patriciacorreia/Documents/airflowalura/venv/lib/python3.9/site-packages/airflow/example_dags/subdags/subdag.py for tasks to queue
[2024-12-18 22:31:05,684] {logging_mixin.py:115} INFO - [2024-12-18 22:31:05,684] {dagbag.py:507} INFO - Filling up the DagBag from /home/patriciacorreia/Documents/airflowalura/venv/lib/python3.9/site-packages/airflow/example_dags/subdags/subdag.py
[2024-12-18 22:31:05,686] {processor.py:653} WARNING - No viable dags retrieved from /home/patriciacorreia/Documents/airflowalura/venv/lib/python3.9/site-packages/airflow/example_dags/subdags/subdag.py
[2024-12-18 22:31:05,700] {processor.py:161} INFO - Processing /home/patriciacorreia/Documents/airflowalura/venv/lib/python3.9/site-packages/airflow/example_dags/subdags/subdag.py took 0.023 seconds
[2024-12-18 22:31:40,402] {processor.py:153} INFO - Started process (PID=21376) to work on /home/patriciacorreia/Documents/airflowalura/venv/lib/python3.9/site-packages/airflow/example_dags/subdags/subdag.py
[2024-12-18 22:31:40,406] {processor.py:641} INFO - Processing file /home/patriciacorreia/Documents/airflowalura/venv/lib/python3.9/site-packages/airflow/example_dags/subdags/subdag.py for tasks to queue
[2024-12-18 22:31:40,408] {logging_mixin.py:115} INFO - [2024-12-18 22:31:40,408] {dagbag.py:507} INFO - Filling up the DagBag from /home/patriciacorreia/Documents/airflowalura/venv/lib/python3.9/site-packages/airflow/example_dags/subdags/subdag.py
[2024-12-18 22:31:40,413] {processor.py:653} WARNING - No viable dags retrieved from /home/patriciacorreia/Documents/airflowalura/venv/lib/python3.9/site-packages/airflow/example_dags/subdags/subdag.py
[2024-12-18 22:31:40,454] {processor.py:161} INFO - Processing /home/patriciacorreia/Documents/airflowalura/venv/lib/python3.9/site-packages/airflow/example_dags/subdags/subdag.py took 0.063 seconds
[2024-12-18 22:32:20,619] {processor.py:153} INFO - Started process (PID=21567) to work on /home/patriciacorreia/Documents/airflowalura/venv/lib/python3.9/site-packages/airflow/example_dags/subdags/subdag.py
[2024-12-18 22:32:20,620] {processor.py:641} INFO - Processing file /home/patriciacorreia/Documents/airflowalura/venv/lib/python3.9/site-packages/airflow/example_dags/subdags/subdag.py for tasks to queue
[2024-12-18 22:32:20,621] {logging_mixin.py:115} INFO - [2024-12-18 22:32:20,621] {dagbag.py:507} INFO - Filling up the DagBag from /home/patriciacorreia/Documents/airflowalura/venv/lib/python3.9/site-packages/airflow/example_dags/subdags/subdag.py
[2024-12-18 22:32:20,623] {processor.py:653} WARNING - No viable dags retrieved from /home/patriciacorreia/Documents/airflowalura/venv/lib/python3.9/site-packages/airflow/example_dags/subdags/subdag.py
[2024-12-18 22:32:20,637] {processor.py:161} INFO - Processing /home/patriciacorreia/Documents/airflowalura/venv/lib/python3.9/site-packages/airflow/example_dags/subdags/subdag.py took 0.022 seconds
[2024-12-18 22:32:53,758] {processor.py:153} INFO - Started process (PID=21733) to work on /home/patriciacorreia/Documents/airflowalura/venv/lib/python3.9/site-packages/airflow/example_dags/subdags/subdag.py
[2024-12-18 22:32:53,761] {processor.py:641} INFO - Processing file /home/patriciacorreia/Documents/airflowalura/venv/lib/python3.9/site-packages/airflow/example_dags/subdags/subdag.py for tasks to queue
[2024-12-18 22:32:53,765] {logging_mixin.py:115} INFO - [2024-12-18 22:32:53,765] {dagbag.py:507} INFO - Filling up the DagBag from /home/patriciacorreia/Documents/airflowalura/venv/lib/python3.9/site-packages/airflow/example_dags/subdags/subdag.py
[2024-12-18 22:32:53,771] {processor.py:653} WARNING - No viable dags retrieved from /home/patriciacorreia/Documents/airflowalura/venv/lib/python3.9/site-packages/airflow/example_dags/subdags/subdag.py
[2024-12-18 22:32:53,823] {processor.py:161} INFO - Processing /home/patriciacorreia/Documents/airflowalura/venv/lib/python3.9/site-packages/airflow/example_dags/subdags/subdag.py took 0.078 seconds
[2024-12-18 22:33:25,670] {processor.py:153} INFO - Started process (PID=21878) to work on /home/patriciacorreia/Documents/airflowalura/venv/lib/python3.9/site-packages/airflow/example_dags/subdags/subdag.py
[2024-12-18 22:33:25,673] {processor.py:641} INFO - Processing file /home/patriciacorreia/Documents/airflowalura/venv/lib/python3.9/site-packages/airflow/example_dags/subdags/subdag.py for tasks to queue
[2024-12-18 22:33:25,676] {logging_mixin.py:115} INFO - [2024-12-18 22:33:25,675] {dagbag.py:507} INFO - Filling up the DagBag from /home/patriciacorreia/Documents/airflowalura/venv/lib/python3.9/site-packages/airflow/example_dags/subdags/subdag.py
[2024-12-18 22:33:25,683] {processor.py:653} WARNING - No viable dags retrieved from /home/patriciacorreia/Documents/airflowalura/venv/lib/python3.9/site-packages/airflow/example_dags/subdags/subdag.py
[2024-12-18 22:33:25,737] {processor.py:161} INFO - Processing /home/patriciacorreia/Documents/airflowalura/venv/lib/python3.9/site-packages/airflow/example_dags/subdags/subdag.py took 0.081 seconds
[2024-12-18 22:34:02,292] {processor.py:153} INFO - Started process (PID=22041) to work on /home/patriciacorreia/Documents/airflowalura/venv/lib/python3.9/site-packages/airflow/example_dags/subdags/subdag.py
[2024-12-18 22:34:02,295] {processor.py:641} INFO - Processing file /home/patriciacorreia/Documents/airflowalura/venv/lib/python3.9/site-packages/airflow/example_dags/subdags/subdag.py for tasks to queue
[2024-12-18 22:34:02,299] {logging_mixin.py:115} INFO - [2024-12-18 22:34:02,298] {dagbag.py:507} INFO - Filling up the DagBag from /home/patriciacorreia/Documents/airflowalura/venv/lib/python3.9/site-packages/airflow/example_dags/subdags/subdag.py
[2024-12-18 22:34:02,305] {processor.py:653} WARNING - No viable dags retrieved from /home/patriciacorreia/Documents/airflowalura/venv/lib/python3.9/site-packages/airflow/example_dags/subdags/subdag.py
[2024-12-18 22:34:02,350] {processor.py:161} INFO - Processing /home/patriciacorreia/Documents/airflowalura/venv/lib/python3.9/site-packages/airflow/example_dags/subdags/subdag.py took 0.071 seconds
[2024-12-18 22:34:37,167] {processor.py:153} INFO - Started process (PID=22193) to work on /home/patriciacorreia/Documents/airflowalura/venv/lib/python3.9/site-packages/airflow/example_dags/subdags/subdag.py
[2024-12-18 22:34:37,171] {processor.py:641} INFO - Processing file /home/patriciacorreia/Documents/airflowalura/venv/lib/python3.9/site-packages/airflow/example_dags/subdags/subdag.py for tasks to queue
[2024-12-18 22:34:37,174] {logging_mixin.py:115} INFO - [2024-12-18 22:34:37,173] {dagbag.py:507} INFO - Filling up the DagBag from /home/patriciacorreia/Documents/airflowalura/venv/lib/python3.9/site-packages/airflow/example_dags/subdags/subdag.py
[2024-12-18 22:34:37,182] {processor.py:653} WARNING - No viable dags retrieved from /home/patriciacorreia/Documents/airflowalura/venv/lib/python3.9/site-packages/airflow/example_dags/subdags/subdag.py
[2024-12-18 22:34:37,243] {processor.py:161} INFO - Processing /home/patriciacorreia/Documents/airflowalura/venv/lib/python3.9/site-packages/airflow/example_dags/subdags/subdag.py took 0.089 seconds
[2024-12-18 22:35:15,813] {processor.py:153} INFO - Started process (PID=22373) to work on /home/patriciacorreia/Documents/airflowalura/venv/lib/python3.9/site-packages/airflow/example_dags/subdags/subdag.py
[2024-12-18 22:35:15,816] {processor.py:641} INFO - Processing file /home/patriciacorreia/Documents/airflowalura/venv/lib/python3.9/site-packages/airflow/example_dags/subdags/subdag.py for tasks to queue
[2024-12-18 22:35:15,820] {logging_mixin.py:115} INFO - [2024-12-18 22:35:15,819] {dagbag.py:507} INFO - Filling up the DagBag from /home/patriciacorreia/Documents/airflowalura/venv/lib/python3.9/site-packages/airflow/example_dags/subdags/subdag.py
[2024-12-18 22:35:15,826] {processor.py:653} WARNING - No viable dags retrieved from /home/patriciacorreia/Documents/airflowalura/venv/lib/python3.9/site-packages/airflow/example_dags/subdags/subdag.py
[2024-12-18 22:35:15,872] {processor.py:161} INFO - Processing /home/patriciacorreia/Documents/airflowalura/venv/lib/python3.9/site-packages/airflow/example_dags/subdags/subdag.py took 0.075 seconds
[2024-12-18 22:35:55,874] {processor.py:153} INFO - Started process (PID=22549) to work on /home/patriciacorreia/Documents/airflowalura/venv/lib/python3.9/site-packages/airflow/example_dags/subdags/subdag.py
[2024-12-18 22:35:55,877] {processor.py:641} INFO - Processing file /home/patriciacorreia/Documents/airflowalura/venv/lib/python3.9/site-packages/airflow/example_dags/subdags/subdag.py for tasks to queue
[2024-12-18 22:35:55,879] {logging_mixin.py:115} INFO - [2024-12-18 22:35:55,879] {dagbag.py:507} INFO - Filling up the DagBag from /home/patriciacorreia/Documents/airflowalura/venv/lib/python3.9/site-packages/airflow/example_dags/subdags/subdag.py
[2024-12-18 22:35:55,884] {processor.py:653} WARNING - No viable dags retrieved from /home/patriciacorreia/Documents/airflowalura/venv/lib/python3.9/site-packages/airflow/example_dags/subdags/subdag.py
[2024-12-18 22:35:55,954] {processor.py:161} INFO - Processing /home/patriciacorreia/Documents/airflowalura/venv/lib/python3.9/site-packages/airflow/example_dags/subdags/subdag.py took 0.096 seconds
[2024-12-18 22:36:31,110] {processor.py:153} INFO - Started process (PID=22708) to work on /home/patriciacorreia/Documents/airflowalura/venv/lib/python3.9/site-packages/airflow/example_dags/subdags/subdag.py
[2024-12-18 22:36:31,114] {processor.py:641} INFO - Processing file /home/patriciacorreia/Documents/airflowalura/venv/lib/python3.9/site-packages/airflow/example_dags/subdags/subdag.py for tasks to queue
[2024-12-18 22:36:31,117] {logging_mixin.py:115} INFO - [2024-12-18 22:36:31,115] {dagbag.py:507} INFO - Filling up the DagBag from /home/patriciacorreia/Documents/airflowalura/venv/lib/python3.9/site-packages/airflow/example_dags/subdags/subdag.py
[2024-12-18 22:36:31,124] {processor.py:653} WARNING - No viable dags retrieved from /home/patriciacorreia/Documents/airflowalura/venv/lib/python3.9/site-packages/airflow/example_dags/subdags/subdag.py
[2024-12-18 22:36:31,184] {processor.py:161} INFO - Processing /home/patriciacorreia/Documents/airflowalura/venv/lib/python3.9/site-packages/airflow/example_dags/subdags/subdag.py took 0.088 seconds
[2024-12-18 22:37:12,996] {processor.py:153} INFO - Started process (PID=22894) to work on /home/patriciacorreia/Documents/airflowalura/venv/lib/python3.9/site-packages/airflow/example_dags/subdags/subdag.py
[2024-12-18 22:37:12,999] {processor.py:641} INFO - Processing file /home/patriciacorreia/Documents/airflowalura/venv/lib/python3.9/site-packages/airflow/example_dags/subdags/subdag.py for tasks to queue
[2024-12-18 22:37:13,002] {logging_mixin.py:115} INFO - [2024-12-18 22:37:13,002] {dagbag.py:507} INFO - Filling up the DagBag from /home/patriciacorreia/Documents/airflowalura/venv/lib/python3.9/site-packages/airflow/example_dags/subdags/subdag.py
[2024-12-18 22:37:13,010] {processor.py:653} WARNING - No viable dags retrieved from /home/patriciacorreia/Documents/airflowalura/venv/lib/python3.9/site-packages/airflow/example_dags/subdags/subdag.py
[2024-12-18 22:37:13,069] {processor.py:161} INFO - Processing /home/patriciacorreia/Documents/airflowalura/venv/lib/python3.9/site-packages/airflow/example_dags/subdags/subdag.py took 0.088 seconds
[2024-12-18 22:37:56,405] {processor.py:153} INFO - Started process (PID=23088) to work on /home/patriciacorreia/Documents/airflowalura/venv/lib/python3.9/site-packages/airflow/example_dags/subdags/subdag.py
[2024-12-18 22:37:56,411] {processor.py:641} INFO - Processing file /home/patriciacorreia/Documents/airflowalura/venv/lib/python3.9/site-packages/airflow/example_dags/subdags/subdag.py for tasks to queue
[2024-12-18 22:37:56,415] {logging_mixin.py:115} INFO - [2024-12-18 22:37:56,415] {dagbag.py:507} INFO - Filling up the DagBag from /home/patriciacorreia/Documents/airflowalura/venv/lib/python3.9/site-packages/airflow/example_dags/subdags/subdag.py
[2024-12-18 22:37:56,421] {processor.py:653} WARNING - No viable dags retrieved from /home/patriciacorreia/Documents/airflowalura/venv/lib/python3.9/site-packages/airflow/example_dags/subdags/subdag.py
[2024-12-18 22:37:56,488] {processor.py:161} INFO - Processing /home/patriciacorreia/Documents/airflowalura/venv/lib/python3.9/site-packages/airflow/example_dags/subdags/subdag.py took 0.103 seconds
[2024-12-18 22:38:37,514] {processor.py:153} INFO - Started process (PID=23277) to work on /home/patriciacorreia/Documents/airflowalura/venv/lib/python3.9/site-packages/airflow/example_dags/subdags/subdag.py
[2024-12-18 22:38:37,517] {processor.py:641} INFO - Processing file /home/patriciacorreia/Documents/airflowalura/venv/lib/python3.9/site-packages/airflow/example_dags/subdags/subdag.py for tasks to queue
[2024-12-18 22:38:37,518] {logging_mixin.py:115} INFO - [2024-12-18 22:38:37,518] {dagbag.py:507} INFO - Filling up the DagBag from /home/patriciacorreia/Documents/airflowalura/venv/lib/python3.9/site-packages/airflow/example_dags/subdags/subdag.py
[2024-12-18 22:38:37,527] {processor.py:653} WARNING - No viable dags retrieved from /home/patriciacorreia/Documents/airflowalura/venv/lib/python3.9/site-packages/airflow/example_dags/subdags/subdag.py
[2024-12-18 22:38:37,574] {processor.py:161} INFO - Processing /home/patriciacorreia/Documents/airflowalura/venv/lib/python3.9/site-packages/airflow/example_dags/subdags/subdag.py took 0.074 seconds
[2024-12-18 22:39:14,524] {processor.py:153} INFO - Started process (PID=23450) to work on /home/patriciacorreia/Documents/airflowalura/venv/lib/python3.9/site-packages/airflow/example_dags/subdags/subdag.py
[2024-12-18 22:39:14,529] {processor.py:641} INFO - Processing file /home/patriciacorreia/Documents/airflowalura/venv/lib/python3.9/site-packages/airflow/example_dags/subdags/subdag.py for tasks to queue
[2024-12-18 22:39:14,532] {logging_mixin.py:115} INFO - [2024-12-18 22:39:14,532] {dagbag.py:507} INFO - Filling up the DagBag from /home/patriciacorreia/Documents/airflowalura/venv/lib/python3.9/site-packages/airflow/example_dags/subdags/subdag.py
[2024-12-18 22:39:14,538] {processor.py:653} WARNING - No viable dags retrieved from /home/patriciacorreia/Documents/airflowalura/venv/lib/python3.9/site-packages/airflow/example_dags/subdags/subdag.py
[2024-12-18 22:39:14,595] {processor.py:161} INFO - Processing /home/patriciacorreia/Documents/airflowalura/venv/lib/python3.9/site-packages/airflow/example_dags/subdags/subdag.py took 0.092 seconds
[2024-12-18 22:39:51,663] {processor.py:153} INFO - Started process (PID=23622) to work on /home/patriciacorreia/Documents/airflowalura/venv/lib/python3.9/site-packages/airflow/example_dags/subdags/subdag.py
[2024-12-18 22:39:51,666] {processor.py:641} INFO - Processing file /home/patriciacorreia/Documents/airflowalura/venv/lib/python3.9/site-packages/airflow/example_dags/subdags/subdag.py for tasks to queue
[2024-12-18 22:39:51,670] {logging_mixin.py:115} INFO - [2024-12-18 22:39:51,669] {dagbag.py:507} INFO - Filling up the DagBag from /home/patriciacorreia/Documents/airflowalura/venv/lib/python3.9/site-packages/airflow/example_dags/subdags/subdag.py
[2024-12-18 22:39:51,676] {processor.py:653} WARNING - No viable dags retrieved from /home/patriciacorreia/Documents/airflowalura/venv/lib/python3.9/site-packages/airflow/example_dags/subdags/subdag.py
[2024-12-18 22:39:51,741] {processor.py:161} INFO - Processing /home/patriciacorreia/Documents/airflowalura/venv/lib/python3.9/site-packages/airflow/example_dags/subdags/subdag.py took 0.091 seconds
[2024-12-18 22:40:22,030] {processor.py:153} INFO - Started process (PID=23764) to work on /home/patriciacorreia/Documents/airflowalura/venv/lib/python3.9/site-packages/airflow/example_dags/subdags/subdag.py
[2024-12-18 22:40:22,034] {processor.py:641} INFO - Processing file /home/patriciacorreia/Documents/airflowalura/venv/lib/python3.9/site-packages/airflow/example_dags/subdags/subdag.py for tasks to queue
[2024-12-18 22:40:22,038] {logging_mixin.py:115} INFO - [2024-12-18 22:40:22,037] {dagbag.py:507} INFO - Filling up the DagBag from /home/patriciacorreia/Documents/airflowalura/venv/lib/python3.9/site-packages/airflow/example_dags/subdags/subdag.py
[2024-12-18 22:40:22,044] {processor.py:653} WARNING - No viable dags retrieved from /home/patriciacorreia/Documents/airflowalura/venv/lib/python3.9/site-packages/airflow/example_dags/subdags/subdag.py
[2024-12-18 22:40:22,093] {processor.py:161} INFO - Processing /home/patriciacorreia/Documents/airflowalura/venv/lib/python3.9/site-packages/airflow/example_dags/subdags/subdag.py took 0.078 seconds
