[2024-12-18 22:05:44,723] {processor.py:153} INFO - Started process (PID=13862) to work on /home/patriciacorreia/Documents/airflowalura/venv/lib/python3.9/site-packages/airflow/example_dags/example_branch_operator_decorator.py
[2024-12-18 22:05:44,724] {processor.py:641} INFO - Processing file /home/patriciacorreia/Documents/airflowalura/venv/lib/python3.9/site-packages/airflow/example_dags/example_branch_operator_decorator.py for tasks to queue
[2024-12-18 22:05:44,725] {logging_mixin.py:115} INFO - [2024-12-18 22:05:44,725] {dagbag.py:507} INFO - Filling up the DagBag from /home/patriciacorreia/Documents/airflowalura/venv/lib/python3.9/site-packages/airflow/example_dags/example_branch_operator_decorator.py
[2024-12-18 22:05:44,751] {processor.py:651} INFO - DAG(s) dict_keys(['example_branch_python_operator_decorator']) retrieved from /home/patriciacorreia/Documents/airflowalura/venv/lib/python3.9/site-packages/airflow/example_dags/example_branch_operator_decorator.py
[2024-12-18 22:05:44,833] {logging_mixin.py:115} INFO - [2024-12-18 22:05:44,833] {manager.py:508} INFO - Created Permission View: can read on DAG:example_branch_python_operator_decorator
[2024-12-18 22:05:44,847] {logging_mixin.py:115} INFO - [2024-12-18 22:05:44,847] {manager.py:508} INFO - Created Permission View: can delete on DAG:example_branch_python_operator_decorator
[2024-12-18 22:05:44,856] {logging_mixin.py:115} INFO - [2024-12-18 22:05:44,856] {manager.py:508} INFO - Created Permission View: can edit on DAG:example_branch_python_operator_decorator
[2024-12-18 22:05:44,856] {logging_mixin.py:115} INFO - [2024-12-18 22:05:44,856] {dag.py:2379} INFO - Sync 1 DAGs
[2024-12-18 22:05:44,865] {logging_mixin.py:115} INFO - [2024-12-18 22:05:44,865] {dag.py:2398} INFO - Creating ORM DAG for example_branch_python_operator_decorator
[2024-12-18 22:05:44,878] {logging_mixin.py:115} INFO - [2024-12-18 22:05:44,878] {dag.py:2927} INFO - Setting next_dagrun for example_branch_python_operator_decorator to 2024-12-18T00:00:00+00:00, run_after=2024-12-19T00:00:00+00:00
[2024-12-18 22:05:44,896] {processor.py:161} INFO - Processing /home/patriciacorreia/Documents/airflowalura/venv/lib/python3.9/site-packages/airflow/example_dags/example_branch_operator_decorator.py took 0.178 seconds
[2024-12-18 22:06:21,272] {processor.py:153} INFO - Started process (PID=13978) to work on /home/patriciacorreia/Documents/airflowalura/venv/lib/python3.9/site-packages/airflow/example_dags/example_branch_operator_decorator.py
[2024-12-18 22:06:21,273] {processor.py:641} INFO - Processing file /home/patriciacorreia/Documents/airflowalura/venv/lib/python3.9/site-packages/airflow/example_dags/example_branch_operator_decorator.py for tasks to queue
[2024-12-18 22:06:21,274] {logging_mixin.py:115} INFO - [2024-12-18 22:06:21,274] {dagbag.py:507} INFO - Filling up the DagBag from /home/patriciacorreia/Documents/airflowalura/venv/lib/python3.9/site-packages/airflow/example_dags/example_branch_operator_decorator.py
[2024-12-18 22:06:21,306] {processor.py:651} INFO - DAG(s) dict_keys(['example_branch_python_operator_decorator']) retrieved from /home/patriciacorreia/Documents/airflowalura/venv/lib/python3.9/site-packages/airflow/example_dags/example_branch_operator_decorator.py
[2024-12-18 22:06:21,332] {logging_mixin.py:115} INFO - [2024-12-18 22:06:21,332] {dag.py:2379} INFO - Sync 1 DAGs
[2024-12-18 22:06:21,360] {logging_mixin.py:115} INFO - [2024-12-18 22:06:21,359] {dag.py:2927} INFO - Setting next_dagrun for example_branch_python_operator_decorator to 2024-12-18T00:00:00+00:00, run_after=2024-12-19T00:00:00+00:00
[2024-12-18 22:06:21,375] {processor.py:161} INFO - Processing /home/patriciacorreia/Documents/airflowalura/venv/lib/python3.9/site-packages/airflow/example_dags/example_branch_operator_decorator.py took 0.108 seconds
[2024-12-18 22:06:56,855] {processor.py:153} INFO - Started process (PID=14121) to work on /home/patriciacorreia/Documents/airflowalura/venv/lib/python3.9/site-packages/airflow/example_dags/example_branch_operator_decorator.py
[2024-12-18 22:06:56,856] {processor.py:641} INFO - Processing file /home/patriciacorreia/Documents/airflowalura/venv/lib/python3.9/site-packages/airflow/example_dags/example_branch_operator_decorator.py for tasks to queue
[2024-12-18 22:06:56,857] {logging_mixin.py:115} INFO - [2024-12-18 22:06:56,857] {dagbag.py:507} INFO - Filling up the DagBag from /home/patriciacorreia/Documents/airflowalura/venv/lib/python3.9/site-packages/airflow/example_dags/example_branch_operator_decorator.py
[2024-12-18 22:06:56,884] {processor.py:651} INFO - DAG(s) dict_keys(['example_branch_python_operator_decorator']) retrieved from /home/patriciacorreia/Documents/airflowalura/venv/lib/python3.9/site-packages/airflow/example_dags/example_branch_operator_decorator.py
[2024-12-18 22:06:56,905] {logging_mixin.py:115} INFO - [2024-12-18 22:06:56,905] {dag.py:2379} INFO - Sync 1 DAGs
[2024-12-18 22:06:56,932] {logging_mixin.py:115} INFO - [2024-12-18 22:06:56,931] {dag.py:2927} INFO - Setting next_dagrun for example_branch_python_operator_decorator to 2024-12-18T00:00:00+00:00, run_after=2024-12-19T00:00:00+00:00
[2024-12-18 22:06:56,946] {processor.py:161} INFO - Processing /home/patriciacorreia/Documents/airflowalura/venv/lib/python3.9/site-packages/airflow/example_dags/example_branch_operator_decorator.py took 0.095 seconds
[2024-12-18 22:07:38,567] {processor.py:153} INFO - Started process (PID=14203) to work on /home/patriciacorreia/Documents/airflowalura/venv/lib/python3.9/site-packages/airflow/example_dags/example_branch_operator_decorator.py
[2024-12-18 22:07:38,569] {processor.py:641} INFO - Processing file /home/patriciacorreia/Documents/airflowalura/venv/lib/python3.9/site-packages/airflow/example_dags/example_branch_operator_decorator.py for tasks to queue
[2024-12-18 22:07:38,576] {logging_mixin.py:115} INFO - [2024-12-18 22:07:38,576] {dagbag.py:507} INFO - Filling up the DagBag from /home/patriciacorreia/Documents/airflowalura/venv/lib/python3.9/site-packages/airflow/example_dags/example_branch_operator_decorator.py
[2024-12-18 22:07:38,640] {processor.py:651} INFO - DAG(s) dict_keys(['example_branch_python_operator_decorator']) retrieved from /home/patriciacorreia/Documents/airflowalura/venv/lib/python3.9/site-packages/airflow/example_dags/example_branch_operator_decorator.py
[2024-12-18 22:07:38,684] {logging_mixin.py:115} INFO - [2024-12-18 22:07:38,684] {dag.py:2379} INFO - Sync 1 DAGs
[2024-12-18 22:07:38,734] {logging_mixin.py:115} INFO - [2024-12-18 22:07:38,734] {dag.py:2927} INFO - Setting next_dagrun for example_branch_python_operator_decorator to 2024-12-18T00:00:00+00:00, run_after=2024-12-19T00:00:00+00:00
[2024-12-18 22:07:38,763] {processor.py:161} INFO - Processing /home/patriciacorreia/Documents/airflowalura/venv/lib/python3.9/site-packages/airflow/example_dags/example_branch_operator_decorator.py took 0.204 seconds
[2024-12-18 22:08:19,139] {processor.py:153} INFO - Started process (PID=14319) to work on /home/patriciacorreia/Documents/airflowalura/venv/lib/python3.9/site-packages/airflow/example_dags/example_branch_operator_decorator.py
[2024-12-18 22:08:19,140] {processor.py:641} INFO - Processing file /home/patriciacorreia/Documents/airflowalura/venv/lib/python3.9/site-packages/airflow/example_dags/example_branch_operator_decorator.py for tasks to queue
[2024-12-18 22:08:19,142] {logging_mixin.py:115} INFO - [2024-12-18 22:08:19,142] {dagbag.py:507} INFO - Filling up the DagBag from /home/patriciacorreia/Documents/airflowalura/venv/lib/python3.9/site-packages/airflow/example_dags/example_branch_operator_decorator.py
[2024-12-18 22:08:19,177] {processor.py:651} INFO - DAG(s) dict_keys(['example_branch_python_operator_decorator']) retrieved from /home/patriciacorreia/Documents/airflowalura/venv/lib/python3.9/site-packages/airflow/example_dags/example_branch_operator_decorator.py
[2024-12-18 22:08:19,218] {logging_mixin.py:115} INFO - [2024-12-18 22:08:19,218] {dag.py:2379} INFO - Sync 1 DAGs
[2024-12-18 22:08:19,272] {logging_mixin.py:115} INFO - [2024-12-18 22:08:19,271] {dag.py:2927} INFO - Setting next_dagrun for example_branch_python_operator_decorator to 2024-12-18T00:00:00+00:00, run_after=2024-12-19T00:00:00+00:00
[2024-12-18 22:08:19,294] {processor.py:161} INFO - Processing /home/patriciacorreia/Documents/airflowalura/venv/lib/python3.9/site-packages/airflow/example_dags/example_branch_operator_decorator.py took 0.161 seconds
[2024-12-18 22:08:57,642] {processor.py:153} INFO - Started process (PID=14466) to work on /home/patriciacorreia/Documents/airflowalura/venv/lib/python3.9/site-packages/airflow/example_dags/example_branch_operator_decorator.py
[2024-12-18 22:08:57,644] {processor.py:641} INFO - Processing file /home/patriciacorreia/Documents/airflowalura/venv/lib/python3.9/site-packages/airflow/example_dags/example_branch_operator_decorator.py for tasks to queue
[2024-12-18 22:08:57,644] {logging_mixin.py:115} INFO - [2024-12-18 22:08:57,644] {dagbag.py:507} INFO - Filling up the DagBag from /home/patriciacorreia/Documents/airflowalura/venv/lib/python3.9/site-packages/airflow/example_dags/example_branch_operator_decorator.py
[2024-12-18 22:08:57,669] {processor.py:651} INFO - DAG(s) dict_keys(['example_branch_python_operator_decorator']) retrieved from /home/patriciacorreia/Documents/airflowalura/venv/lib/python3.9/site-packages/airflow/example_dags/example_branch_operator_decorator.py
[2024-12-18 22:08:57,691] {logging_mixin.py:115} INFO - [2024-12-18 22:08:57,690] {dag.py:2379} INFO - Sync 1 DAGs
[2024-12-18 22:08:57,723] {logging_mixin.py:115} INFO - [2024-12-18 22:08:57,723] {dag.py:2927} INFO - Setting next_dagrun for example_branch_python_operator_decorator to 2024-12-18T00:00:00+00:00, run_after=2024-12-19T00:00:00+00:00
[2024-12-18 22:08:57,741] {processor.py:161} INFO - Processing /home/patriciacorreia/Documents/airflowalura/venv/lib/python3.9/site-packages/airflow/example_dags/example_branch_operator_decorator.py took 0.103 seconds
[2024-12-18 22:09:36,788] {processor.py:153} INFO - Started process (PID=14631) to work on /home/patriciacorreia/Documents/airflowalura/venv/lib/python3.9/site-packages/airflow/example_dags/example_branch_operator_decorator.py
[2024-12-18 22:09:36,791] {processor.py:641} INFO - Processing file /home/patriciacorreia/Documents/airflowalura/venv/lib/python3.9/site-packages/airflow/example_dags/example_branch_operator_decorator.py for tasks to queue
[2024-12-18 22:09:36,792] {logging_mixin.py:115} INFO - [2024-12-18 22:09:36,792] {dagbag.py:507} INFO - Filling up the DagBag from /home/patriciacorreia/Documents/airflowalura/venv/lib/python3.9/site-packages/airflow/example_dags/example_branch_operator_decorator.py
[2024-12-18 22:09:36,845] {processor.py:651} INFO - DAG(s) dict_keys(['example_branch_python_operator_decorator']) retrieved from /home/patriciacorreia/Documents/airflowalura/venv/lib/python3.9/site-packages/airflow/example_dags/example_branch_operator_decorator.py
[2024-12-18 22:09:36,892] {logging_mixin.py:115} INFO - [2024-12-18 22:09:36,891] {dag.py:2379} INFO - Sync 1 DAGs
[2024-12-18 22:09:36,953] {logging_mixin.py:115} INFO - [2024-12-18 22:09:36,953] {dag.py:2927} INFO - Setting next_dagrun for example_branch_python_operator_decorator to 2024-12-18T00:00:00+00:00, run_after=2024-12-19T00:00:00+00:00
[2024-12-18 22:09:37,002] {processor.py:161} INFO - Processing /home/patriciacorreia/Documents/airflowalura/venv/lib/python3.9/site-packages/airflow/example_dags/example_branch_operator_decorator.py took 0.222 seconds
[2024-12-18 22:10:14,798] {processor.py:153} INFO - Started process (PID=14874) to work on /home/patriciacorreia/Documents/airflowalura/venv/lib/python3.9/site-packages/airflow/example_dags/example_branch_operator_decorator.py
[2024-12-18 22:10:14,800] {processor.py:641} INFO - Processing file /home/patriciacorreia/Documents/airflowalura/venv/lib/python3.9/site-packages/airflow/example_dags/example_branch_operator_decorator.py for tasks to queue
[2024-12-18 22:10:14,802] {logging_mixin.py:115} INFO - [2024-12-18 22:10:14,802] {dagbag.py:507} INFO - Filling up the DagBag from /home/patriciacorreia/Documents/airflowalura/venv/lib/python3.9/site-packages/airflow/example_dags/example_branch_operator_decorator.py
[2024-12-18 22:10:14,845] {processor.py:651} INFO - DAG(s) dict_keys(['example_branch_python_operator_decorator']) retrieved from /home/patriciacorreia/Documents/airflowalura/venv/lib/python3.9/site-packages/airflow/example_dags/example_branch_operator_decorator.py
[2024-12-18 22:10:14,888] {logging_mixin.py:115} INFO - [2024-12-18 22:10:14,888] {dag.py:2379} INFO - Sync 1 DAGs
[2024-12-18 22:10:14,933] {logging_mixin.py:115} INFO - [2024-12-18 22:10:14,933] {dag.py:2927} INFO - Setting next_dagrun for example_branch_python_operator_decorator to 2024-12-18T00:00:00+00:00, run_after=2024-12-19T00:00:00+00:00
[2024-12-18 22:10:14,958] {processor.py:161} INFO - Processing /home/patriciacorreia/Documents/airflowalura/venv/lib/python3.9/site-packages/airflow/example_dags/example_branch_operator_decorator.py took 0.167 seconds
[2024-12-18 22:10:55,467] {processor.py:153} INFO - Started process (PID=15355) to work on /home/patriciacorreia/Documents/airflowalura/venv/lib/python3.9/site-packages/airflow/example_dags/example_branch_operator_decorator.py
[2024-12-18 22:10:55,468] {processor.py:641} INFO - Processing file /home/patriciacorreia/Documents/airflowalura/venv/lib/python3.9/site-packages/airflow/example_dags/example_branch_operator_decorator.py for tasks to queue
[2024-12-18 22:10:55,469] {logging_mixin.py:115} INFO - [2024-12-18 22:10:55,469] {dagbag.py:507} INFO - Filling up the DagBag from /home/patriciacorreia/Documents/airflowalura/venv/lib/python3.9/site-packages/airflow/example_dags/example_branch_operator_decorator.py
[2024-12-18 22:10:55,500] {processor.py:651} INFO - DAG(s) dict_keys(['example_branch_python_operator_decorator']) retrieved from /home/patriciacorreia/Documents/airflowalura/venv/lib/python3.9/site-packages/airflow/example_dags/example_branch_operator_decorator.py
[2024-12-18 22:10:55,529] {logging_mixin.py:115} INFO - [2024-12-18 22:10:55,526] {dag.py:2379} INFO - Sync 1 DAGs
[2024-12-18 22:10:55,614] {logging_mixin.py:115} INFO - [2024-12-18 22:10:55,613] {dag.py:2927} INFO - Setting next_dagrun for example_branch_python_operator_decorator to 2024-12-18T00:00:00+00:00, run_after=2024-12-19T00:00:00+00:00
[2024-12-18 22:10:55,650] {processor.py:161} INFO - Processing /home/patriciacorreia/Documents/airflowalura/venv/lib/python3.9/site-packages/airflow/example_dags/example_branch_operator_decorator.py took 0.188 seconds
[2024-12-18 22:11:44,042] {processor.py:153} INFO - Started process (PID=15571) to work on /home/patriciacorreia/Documents/airflowalura/venv/lib/python3.9/site-packages/airflow/example_dags/example_branch_operator_decorator.py
[2024-12-18 22:11:44,046] {processor.py:641} INFO - Processing file /home/patriciacorreia/Documents/airflowalura/venv/lib/python3.9/site-packages/airflow/example_dags/example_branch_operator_decorator.py for tasks to queue
[2024-12-18 22:11:44,049] {logging_mixin.py:115} INFO - [2024-12-18 22:11:44,049] {dagbag.py:507} INFO - Filling up the DagBag from /home/patriciacorreia/Documents/airflowalura/venv/lib/python3.9/site-packages/airflow/example_dags/example_branch_operator_decorator.py
[2024-12-18 22:11:44,150] {processor.py:651} INFO - DAG(s) dict_keys(['example_branch_python_operator_decorator']) retrieved from /home/patriciacorreia/Documents/airflowalura/venv/lib/python3.9/site-packages/airflow/example_dags/example_branch_operator_decorator.py
[2024-12-18 22:11:44,185] {logging_mixin.py:115} INFO - [2024-12-18 22:11:44,184] {dag.py:2379} INFO - Sync 1 DAGs
[2024-12-18 22:11:44,221] {logging_mixin.py:115} INFO - [2024-12-18 22:11:44,221] {dag.py:2927} INFO - Setting next_dagrun for example_branch_python_operator_decorator to 2024-12-18T00:00:00+00:00, run_after=2024-12-19T00:00:00+00:00
[2024-12-18 22:11:44,240] {processor.py:161} INFO - Processing /home/patriciacorreia/Documents/airflowalura/venv/lib/python3.9/site-packages/airflow/example_dags/example_branch_operator_decorator.py took 0.220 seconds
[2024-12-18 22:12:25,102] {processor.py:153} INFO - Started process (PID=15753) to work on /home/patriciacorreia/Documents/airflowalura/venv/lib/python3.9/site-packages/airflow/example_dags/example_branch_operator_decorator.py
[2024-12-18 22:12:25,105] {processor.py:641} INFO - Processing file /home/patriciacorreia/Documents/airflowalura/venv/lib/python3.9/site-packages/airflow/example_dags/example_branch_operator_decorator.py for tasks to queue
[2024-12-18 22:12:25,107] {logging_mixin.py:115} INFO - [2024-12-18 22:12:25,107] {dagbag.py:507} INFO - Filling up the DagBag from /home/patriciacorreia/Documents/airflowalura/venv/lib/python3.9/site-packages/airflow/example_dags/example_branch_operator_decorator.py
[2024-12-18 22:12:25,202] {processor.py:651} INFO - DAG(s) dict_keys(['example_branch_python_operator_decorator']) retrieved from /home/patriciacorreia/Documents/airflowalura/venv/lib/python3.9/site-packages/airflow/example_dags/example_branch_operator_decorator.py
[2024-12-18 22:12:25,277] {logging_mixin.py:115} INFO - [2024-12-18 22:12:25,277] {dag.py:2379} INFO - Sync 1 DAGs
[2024-12-18 22:12:25,367] {logging_mixin.py:115} INFO - [2024-12-18 22:12:25,366] {dag.py:2927} INFO - Setting next_dagrun for example_branch_python_operator_decorator to 2024-12-18T00:00:00+00:00, run_after=2024-12-19T00:00:00+00:00
[2024-12-18 22:12:25,395] {processor.py:161} INFO - Processing /home/patriciacorreia/Documents/airflowalura/venv/lib/python3.9/site-packages/airflow/example_dags/example_branch_operator_decorator.py took 0.306 seconds
[2024-12-18 22:13:09,623] {processor.py:153} INFO - Started process (PID=15953) to work on /home/patriciacorreia/Documents/airflowalura/venv/lib/python3.9/site-packages/airflow/example_dags/example_branch_operator_decorator.py
[2024-12-18 22:13:09,626] {processor.py:641} INFO - Processing file /home/patriciacorreia/Documents/airflowalura/venv/lib/python3.9/site-packages/airflow/example_dags/example_branch_operator_decorator.py for tasks to queue
[2024-12-18 22:13:09,628] {logging_mixin.py:115} INFO - [2024-12-18 22:13:09,627] {dagbag.py:507} INFO - Filling up the DagBag from /home/patriciacorreia/Documents/airflowalura/venv/lib/python3.9/site-packages/airflow/example_dags/example_branch_operator_decorator.py
[2024-12-18 22:13:09,676] {processor.py:651} INFO - DAG(s) dict_keys(['example_branch_python_operator_decorator']) retrieved from /home/patriciacorreia/Documents/airflowalura/venv/lib/python3.9/site-packages/airflow/example_dags/example_branch_operator_decorator.py
[2024-12-18 22:13:09,711] {logging_mixin.py:115} INFO - [2024-12-18 22:13:09,710] {dag.py:2379} INFO - Sync 1 DAGs
[2024-12-18 22:13:09,746] {logging_mixin.py:115} INFO - [2024-12-18 22:13:09,746] {dag.py:2927} INFO - Setting next_dagrun for example_branch_python_operator_decorator to 2024-12-18T00:00:00+00:00, run_after=2024-12-19T00:00:00+00:00
[2024-12-18 22:13:09,769] {processor.py:161} INFO - Processing /home/patriciacorreia/Documents/airflowalura/venv/lib/python3.9/site-packages/airflow/example_dags/example_branch_operator_decorator.py took 0.153 seconds
[2024-12-18 22:13:46,139] {processor.py:153} INFO - Started process (PID=16121) to work on /home/patriciacorreia/Documents/airflowalura/venv/lib/python3.9/site-packages/airflow/example_dags/example_branch_operator_decorator.py
[2024-12-18 22:13:46,142] {processor.py:641} INFO - Processing file /home/patriciacorreia/Documents/airflowalura/venv/lib/python3.9/site-packages/airflow/example_dags/example_branch_operator_decorator.py for tasks to queue
[2024-12-18 22:13:46,144] {logging_mixin.py:115} INFO - [2024-12-18 22:13:46,144] {dagbag.py:507} INFO - Filling up the DagBag from /home/patriciacorreia/Documents/airflowalura/venv/lib/python3.9/site-packages/airflow/example_dags/example_branch_operator_decorator.py
[2024-12-18 22:13:46,221] {processor.py:651} INFO - DAG(s) dict_keys(['example_branch_python_operator_decorator']) retrieved from /home/patriciacorreia/Documents/airflowalura/venv/lib/python3.9/site-packages/airflow/example_dags/example_branch_operator_decorator.py
[2024-12-18 22:13:46,300] {logging_mixin.py:115} INFO - [2024-12-18 22:13:46,300] {dag.py:2379} INFO - Sync 1 DAGs
[2024-12-18 22:13:46,377] {logging_mixin.py:115} INFO - [2024-12-18 22:13:46,377] {dag.py:2927} INFO - Setting next_dagrun for example_branch_python_operator_decorator to 2024-12-18T00:00:00+00:00, run_after=2024-12-19T00:00:00+00:00
[2024-12-18 22:13:46,395] {processor.py:161} INFO - Processing /home/patriciacorreia/Documents/airflowalura/venv/lib/python3.9/site-packages/airflow/example_dags/example_branch_operator_decorator.py took 0.271 seconds
[2024-12-18 22:14:28,674] {processor.py:153} INFO - Started process (PID=16339) to work on /home/patriciacorreia/Documents/airflowalura/venv/lib/python3.9/site-packages/airflow/example_dags/example_branch_operator_decorator.py
[2024-12-18 22:14:28,678] {processor.py:641} INFO - Processing file /home/patriciacorreia/Documents/airflowalura/venv/lib/python3.9/site-packages/airflow/example_dags/example_branch_operator_decorator.py for tasks to queue
[2024-12-18 22:14:28,680] {logging_mixin.py:115} INFO - [2024-12-18 22:14:28,680] {dagbag.py:507} INFO - Filling up the DagBag from /home/patriciacorreia/Documents/airflowalura/venv/lib/python3.9/site-packages/airflow/example_dags/example_branch_operator_decorator.py
[2024-12-18 22:14:28,772] {processor.py:651} INFO - DAG(s) dict_keys(['example_branch_python_operator_decorator']) retrieved from /home/patriciacorreia/Documents/airflowalura/venv/lib/python3.9/site-packages/airflow/example_dags/example_branch_operator_decorator.py
[2024-12-18 22:14:28,852] {logging_mixin.py:115} INFO - [2024-12-18 22:14:28,852] {dag.py:2379} INFO - Sync 1 DAGs
[2024-12-18 22:14:28,909] {logging_mixin.py:115} INFO - [2024-12-18 22:14:28,909] {dag.py:2927} INFO - Setting next_dagrun for example_branch_python_operator_decorator to 2024-12-18T00:00:00+00:00, run_after=2024-12-19T00:00:00+00:00
[2024-12-18 22:14:28,930] {processor.py:161} INFO - Processing /home/patriciacorreia/Documents/airflowalura/venv/lib/python3.9/site-packages/airflow/example_dags/example_branch_operator_decorator.py took 0.267 seconds
[2024-12-18 22:15:11,615] {processor.py:153} INFO - Started process (PID=16540) to work on /home/patriciacorreia/Documents/airflowalura/venv/lib/python3.9/site-packages/airflow/example_dags/example_branch_operator_decorator.py
[2024-12-18 22:15:11,618] {processor.py:641} INFO - Processing file /home/patriciacorreia/Documents/airflowalura/venv/lib/python3.9/site-packages/airflow/example_dags/example_branch_operator_decorator.py for tasks to queue
[2024-12-18 22:15:11,620] {logging_mixin.py:115} INFO - [2024-12-18 22:15:11,620] {dagbag.py:507} INFO - Filling up the DagBag from /home/patriciacorreia/Documents/airflowalura/venv/lib/python3.9/site-packages/airflow/example_dags/example_branch_operator_decorator.py
[2024-12-18 22:15:11,676] {processor.py:651} INFO - DAG(s) dict_keys(['example_branch_python_operator_decorator']) retrieved from /home/patriciacorreia/Documents/airflowalura/venv/lib/python3.9/site-packages/airflow/example_dags/example_branch_operator_decorator.py
[2024-12-18 22:15:11,710] {logging_mixin.py:115} INFO - [2024-12-18 22:15:11,710] {dag.py:2379} INFO - Sync 1 DAGs
[2024-12-18 22:15:11,773] {logging_mixin.py:115} INFO - [2024-12-18 22:15:11,773] {dag.py:2927} INFO - Setting next_dagrun for example_branch_python_operator_decorator to 2024-12-18T00:00:00+00:00, run_after=2024-12-19T00:00:00+00:00
[2024-12-18 22:15:11,800] {processor.py:161} INFO - Processing /home/patriciacorreia/Documents/airflowalura/venv/lib/python3.9/site-packages/airflow/example_dags/example_branch_operator_decorator.py took 0.200 seconds
[2024-12-18 22:15:51,561] {processor.py:153} INFO - Started process (PID=16745) to work on /home/patriciacorreia/Documents/airflowalura/venv/lib/python3.9/site-packages/airflow/example_dags/example_branch_operator_decorator.py
[2024-12-18 22:15:51,563] {processor.py:641} INFO - Processing file /home/patriciacorreia/Documents/airflowalura/venv/lib/python3.9/site-packages/airflow/example_dags/example_branch_operator_decorator.py for tasks to queue
[2024-12-18 22:15:51,564] {logging_mixin.py:115} INFO - [2024-12-18 22:15:51,564] {dagbag.py:507} INFO - Filling up the DagBag from /home/patriciacorreia/Documents/airflowalura/venv/lib/python3.9/site-packages/airflow/example_dags/example_branch_operator_decorator.py
[2024-12-18 22:15:51,603] {processor.py:651} INFO - DAG(s) dict_keys(['example_branch_python_operator_decorator']) retrieved from /home/patriciacorreia/Documents/airflowalura/venv/lib/python3.9/site-packages/airflow/example_dags/example_branch_operator_decorator.py
[2024-12-18 22:15:51,642] {logging_mixin.py:115} INFO - [2024-12-18 22:15:51,641] {dag.py:2379} INFO - Sync 1 DAGs
[2024-12-18 22:15:51,685] {logging_mixin.py:115} INFO - [2024-12-18 22:15:51,685] {dag.py:2927} INFO - Setting next_dagrun for example_branch_python_operator_decorator to 2024-12-18T00:00:00+00:00, run_after=2024-12-19T00:00:00+00:00
[2024-12-18 22:15:51,730] {processor.py:161} INFO - Processing /home/patriciacorreia/Documents/airflowalura/venv/lib/python3.9/site-packages/airflow/example_dags/example_branch_operator_decorator.py took 0.175 seconds
[2024-12-18 22:16:44,264] {processor.py:153} INFO - Started process (PID=17068) to work on /home/patriciacorreia/Documents/airflowalura/venv/lib/python3.9/site-packages/airflow/example_dags/example_branch_operator_decorator.py
[2024-12-18 22:16:44,265] {processor.py:641} INFO - Processing file /home/patriciacorreia/Documents/airflowalura/venv/lib/python3.9/site-packages/airflow/example_dags/example_branch_operator_decorator.py for tasks to queue
[2024-12-18 22:16:44,266] {logging_mixin.py:115} INFO - [2024-12-18 22:16:44,266] {dagbag.py:507} INFO - Filling up the DagBag from /home/patriciacorreia/Documents/airflowalura/venv/lib/python3.9/site-packages/airflow/example_dags/example_branch_operator_decorator.py
[2024-12-18 22:16:44,312] {processor.py:651} INFO - DAG(s) dict_keys(['example_branch_python_operator_decorator']) retrieved from /home/patriciacorreia/Documents/airflowalura/venv/lib/python3.9/site-packages/airflow/example_dags/example_branch_operator_decorator.py
[2024-12-18 22:16:44,362] {logging_mixin.py:115} INFO - [2024-12-18 22:16:44,361] {dag.py:2379} INFO - Sync 1 DAGs
[2024-12-18 22:16:44,405] {logging_mixin.py:115} INFO - [2024-12-18 22:16:44,404] {dag.py:2927} INFO - Setting next_dagrun for example_branch_python_operator_decorator to 2024-12-18T00:00:00+00:00, run_after=2024-12-19T00:00:00+00:00
[2024-12-18 22:16:44,428] {processor.py:161} INFO - Processing /home/patriciacorreia/Documents/airflowalura/venv/lib/python3.9/site-packages/airflow/example_dags/example_branch_operator_decorator.py took 0.173 seconds
[2024-12-18 22:17:26,544] {processor.py:153} INFO - Started process (PID=17277) to work on /home/patriciacorreia/Documents/airflowalura/venv/lib/python3.9/site-packages/airflow/example_dags/example_branch_operator_decorator.py
[2024-12-18 22:17:26,546] {processor.py:641} INFO - Processing file /home/patriciacorreia/Documents/airflowalura/venv/lib/python3.9/site-packages/airflow/example_dags/example_branch_operator_decorator.py for tasks to queue
[2024-12-18 22:17:26,547] {logging_mixin.py:115} INFO - [2024-12-18 22:17:26,547] {dagbag.py:507} INFO - Filling up the DagBag from /home/patriciacorreia/Documents/airflowalura/venv/lib/python3.9/site-packages/airflow/example_dags/example_branch_operator_decorator.py
[2024-12-18 22:17:26,597] {processor.py:651} INFO - DAG(s) dict_keys(['example_branch_python_operator_decorator']) retrieved from /home/patriciacorreia/Documents/airflowalura/venv/lib/python3.9/site-packages/airflow/example_dags/example_branch_operator_decorator.py
[2024-12-18 22:17:26,627] {logging_mixin.py:115} INFO - [2024-12-18 22:17:26,626] {dag.py:2379} INFO - Sync 1 DAGs
[2024-12-18 22:17:26,673] {logging_mixin.py:115} INFO - [2024-12-18 22:17:26,673] {dag.py:2927} INFO - Setting next_dagrun for example_branch_python_operator_decorator to 2024-12-18T00:00:00+00:00, run_after=2024-12-19T00:00:00+00:00
[2024-12-18 22:17:26,696] {processor.py:161} INFO - Processing /home/patriciacorreia/Documents/airflowalura/venv/lib/python3.9/site-packages/airflow/example_dags/example_branch_operator_decorator.py took 0.161 seconds
[2024-12-18 22:18:12,358] {processor.py:153} INFO - Started process (PID=17495) to work on /home/patriciacorreia/Documents/airflowalura/venv/lib/python3.9/site-packages/airflow/example_dags/example_branch_operator_decorator.py
[2024-12-18 22:18:12,361] {processor.py:641} INFO - Processing file /home/patriciacorreia/Documents/airflowalura/venv/lib/python3.9/site-packages/airflow/example_dags/example_branch_operator_decorator.py for tasks to queue
[2024-12-18 22:18:12,365] {logging_mixin.py:115} INFO - [2024-12-18 22:18:12,365] {dagbag.py:507} INFO - Filling up the DagBag from /home/patriciacorreia/Documents/airflowalura/venv/lib/python3.9/site-packages/airflow/example_dags/example_branch_operator_decorator.py
[2024-12-18 22:18:12,447] {processor.py:651} INFO - DAG(s) dict_keys(['example_branch_python_operator_decorator']) retrieved from /home/patriciacorreia/Documents/airflowalura/venv/lib/python3.9/site-packages/airflow/example_dags/example_branch_operator_decorator.py
[2024-12-18 22:18:12,501] {logging_mixin.py:115} INFO - [2024-12-18 22:18:12,501] {dag.py:2379} INFO - Sync 1 DAGs
[2024-12-18 22:18:12,531] {logging_mixin.py:115} INFO - [2024-12-18 22:18:12,531] {dag.py:2927} INFO - Setting next_dagrun for example_branch_python_operator_decorator to 2024-12-18T00:00:00+00:00, run_after=2024-12-19T00:00:00+00:00
[2024-12-18 22:18:12,548] {processor.py:161} INFO - Processing /home/patriciacorreia/Documents/airflowalura/venv/lib/python3.9/site-packages/airflow/example_dags/example_branch_operator_decorator.py took 0.205 seconds
[2024-12-18 22:19:55,466] {processor.py:153} INFO - Started process (PID=17953) to work on /home/patriciacorreia/Documents/airflowalura/venv/lib/python3.9/site-packages/airflow/example_dags/example_branch_operator_decorator.py
[2024-12-18 22:19:55,470] {processor.py:641} INFO - Processing file /home/patriciacorreia/Documents/airflowalura/venv/lib/python3.9/site-packages/airflow/example_dags/example_branch_operator_decorator.py for tasks to queue
[2024-12-18 22:19:55,472] {logging_mixin.py:115} INFO - [2024-12-18 22:19:55,472] {dagbag.py:507} INFO - Filling up the DagBag from /home/patriciacorreia/Documents/airflowalura/venv/lib/python3.9/site-packages/airflow/example_dags/example_branch_operator_decorator.py
[2024-12-18 22:19:55,523] {processor.py:651} INFO - DAG(s) dict_keys(['example_branch_python_operator_decorator']) retrieved from /home/patriciacorreia/Documents/airflowalura/venv/lib/python3.9/site-packages/airflow/example_dags/example_branch_operator_decorator.py
[2024-12-18 22:19:55,578] {logging_mixin.py:115} INFO - [2024-12-18 22:19:55,577] {dag.py:2379} INFO - Sync 1 DAGs
[2024-12-18 22:19:55,626] {logging_mixin.py:115} INFO - [2024-12-18 22:19:55,626] {dag.py:2927} INFO - Setting next_dagrun for example_branch_python_operator_decorator to 2024-12-18T00:00:00+00:00, run_after=2024-12-19T00:00:00+00:00
[2024-12-18 22:19:55,656] {processor.py:161} INFO - Processing /home/patriciacorreia/Documents/airflowalura/venv/lib/python3.9/site-packages/airflow/example_dags/example_branch_operator_decorator.py took 0.199 seconds
[2024-12-18 22:20:36,204] {processor.py:153} INFO - Started process (PID=18152) to work on /home/patriciacorreia/Documents/airflowalura/venv/lib/python3.9/site-packages/airflow/example_dags/example_branch_operator_decorator.py
[2024-12-18 22:20:36,208] {processor.py:641} INFO - Processing file /home/patriciacorreia/Documents/airflowalura/venv/lib/python3.9/site-packages/airflow/example_dags/example_branch_operator_decorator.py for tasks to queue
[2024-12-18 22:20:36,209] {logging_mixin.py:115} INFO - [2024-12-18 22:20:36,209] {dagbag.py:507} INFO - Filling up the DagBag from /home/patriciacorreia/Documents/airflowalura/venv/lib/python3.9/site-packages/airflow/example_dags/example_branch_operator_decorator.py
[2024-12-18 22:20:36,241] {processor.py:651} INFO - DAG(s) dict_keys(['example_branch_python_operator_decorator']) retrieved from /home/patriciacorreia/Documents/airflowalura/venv/lib/python3.9/site-packages/airflow/example_dags/example_branch_operator_decorator.py
[2024-12-18 22:20:36,268] {logging_mixin.py:115} INFO - [2024-12-18 22:20:36,267] {dag.py:2379} INFO - Sync 1 DAGs
[2024-12-18 22:20:36,303] {logging_mixin.py:115} INFO - [2024-12-18 22:20:36,303] {dag.py:2927} INFO - Setting next_dagrun for example_branch_python_operator_decorator to 2024-12-18T00:00:00+00:00, run_after=2024-12-19T00:00:00+00:00
[2024-12-18 22:20:36,326] {processor.py:161} INFO - Processing /home/patriciacorreia/Documents/airflowalura/venv/lib/python3.9/site-packages/airflow/example_dags/example_branch_operator_decorator.py took 0.129 seconds
[2024-12-18 22:21:22,041] {processor.py:153} INFO - Started process (PID=18369) to work on /home/patriciacorreia/Documents/airflowalura/venv/lib/python3.9/site-packages/airflow/example_dags/example_branch_operator_decorator.py
[2024-12-18 22:21:22,047] {processor.py:641} INFO - Processing file /home/patriciacorreia/Documents/airflowalura/venv/lib/python3.9/site-packages/airflow/example_dags/example_branch_operator_decorator.py for tasks to queue
[2024-12-18 22:21:22,051] {logging_mixin.py:115} INFO - [2024-12-18 22:21:22,050] {dagbag.py:507} INFO - Filling up the DagBag from /home/patriciacorreia/Documents/airflowalura/venv/lib/python3.9/site-packages/airflow/example_dags/example_branch_operator_decorator.py
[2024-12-18 22:21:22,112] {processor.py:651} INFO - DAG(s) dict_keys(['example_branch_python_operator_decorator']) retrieved from /home/patriciacorreia/Documents/airflowalura/venv/lib/python3.9/site-packages/airflow/example_dags/example_branch_operator_decorator.py
[2024-12-18 22:21:22,145] {logging_mixin.py:115} INFO - [2024-12-18 22:21:22,145] {dag.py:2379} INFO - Sync 1 DAGs
[2024-12-18 22:21:22,185] {logging_mixin.py:115} INFO - [2024-12-18 22:21:22,183] {dag.py:2927} INFO - Setting next_dagrun for example_branch_python_operator_decorator to 2024-12-18T00:00:00+00:00, run_after=2024-12-19T00:00:00+00:00
[2024-12-18 22:21:22,208] {processor.py:161} INFO - Processing /home/patriciacorreia/Documents/airflowalura/venv/lib/python3.9/site-packages/airflow/example_dags/example_branch_operator_decorator.py took 0.189 seconds
[2024-12-18 22:22:09,553] {processor.py:153} INFO - Started process (PID=18590) to work on /home/patriciacorreia/Documents/airflowalura/venv/lib/python3.9/site-packages/airflow/example_dags/example_branch_operator_decorator.py
[2024-12-18 22:22:09,556] {processor.py:641} INFO - Processing file /home/patriciacorreia/Documents/airflowalura/venv/lib/python3.9/site-packages/airflow/example_dags/example_branch_operator_decorator.py for tasks to queue
[2024-12-18 22:22:09,557] {logging_mixin.py:115} INFO - [2024-12-18 22:22:09,557] {dagbag.py:507} INFO - Filling up the DagBag from /home/patriciacorreia/Documents/airflowalura/venv/lib/python3.9/site-packages/airflow/example_dags/example_branch_operator_decorator.py
[2024-12-18 22:22:09,607] {processor.py:651} INFO - DAG(s) dict_keys(['example_branch_python_operator_decorator']) retrieved from /home/patriciacorreia/Documents/airflowalura/venv/lib/python3.9/site-packages/airflow/example_dags/example_branch_operator_decorator.py
[2024-12-18 22:22:09,658] {logging_mixin.py:115} INFO - [2024-12-18 22:22:09,658] {dag.py:2379} INFO - Sync 1 DAGs
[2024-12-18 22:22:09,704] {logging_mixin.py:115} INFO - [2024-12-18 22:22:09,703] {dag.py:2927} INFO - Setting next_dagrun for example_branch_python_operator_decorator to 2024-12-18T00:00:00+00:00, run_after=2024-12-19T00:00:00+00:00
[2024-12-18 22:22:09,725] {processor.py:161} INFO - Processing /home/patriciacorreia/Documents/airflowalura/venv/lib/python3.9/site-packages/airflow/example_dags/example_branch_operator_decorator.py took 0.182 seconds
[2024-12-18 22:22:52,793] {processor.py:153} INFO - Started process (PID=18794) to work on /home/patriciacorreia/Documents/airflowalura/venv/lib/python3.9/site-packages/airflow/example_dags/example_branch_operator_decorator.py
[2024-12-18 22:22:52,795] {processor.py:641} INFO - Processing file /home/patriciacorreia/Documents/airflowalura/venv/lib/python3.9/site-packages/airflow/example_dags/example_branch_operator_decorator.py for tasks to queue
[2024-12-18 22:22:52,796] {logging_mixin.py:115} INFO - [2024-12-18 22:22:52,795] {dagbag.py:507} INFO - Filling up the DagBag from /home/patriciacorreia/Documents/airflowalura/venv/lib/python3.9/site-packages/airflow/example_dags/example_branch_operator_decorator.py
[2024-12-18 22:22:52,823] {processor.py:651} INFO - DAG(s) dict_keys(['example_branch_python_operator_decorator']) retrieved from /home/patriciacorreia/Documents/airflowalura/venv/lib/python3.9/site-packages/airflow/example_dags/example_branch_operator_decorator.py
[2024-12-18 22:22:52,853] {logging_mixin.py:115} INFO - [2024-12-18 22:22:52,853] {dag.py:2379} INFO - Sync 1 DAGs
[2024-12-18 22:22:52,937] {logging_mixin.py:115} INFO - [2024-12-18 22:22:52,936] {dag.py:2927} INFO - Setting next_dagrun for example_branch_python_operator_decorator to 2024-12-18T00:00:00+00:00, run_after=2024-12-19T00:00:00+00:00
[2024-12-18 22:22:53,008] {processor.py:161} INFO - Processing /home/patriciacorreia/Documents/airflowalura/venv/lib/python3.9/site-packages/airflow/example_dags/example_branch_operator_decorator.py took 0.220 seconds
[2024-12-18 22:23:35,146] {processor.py:153} INFO - Started process (PID=18991) to work on /home/patriciacorreia/Documents/airflowalura/venv/lib/python3.9/site-packages/airflow/example_dags/example_branch_operator_decorator.py
[2024-12-18 22:23:35,148] {processor.py:641} INFO - Processing file /home/patriciacorreia/Documents/airflowalura/venv/lib/python3.9/site-packages/airflow/example_dags/example_branch_operator_decorator.py for tasks to queue
[2024-12-18 22:23:35,150] {logging_mixin.py:115} INFO - [2024-12-18 22:23:35,150] {dagbag.py:507} INFO - Filling up the DagBag from /home/patriciacorreia/Documents/airflowalura/venv/lib/python3.9/site-packages/airflow/example_dags/example_branch_operator_decorator.py
[2024-12-18 22:23:35,191] {processor.py:651} INFO - DAG(s) dict_keys(['example_branch_python_operator_decorator']) retrieved from /home/patriciacorreia/Documents/airflowalura/venv/lib/python3.9/site-packages/airflow/example_dags/example_branch_operator_decorator.py
[2024-12-18 22:23:35,215] {logging_mixin.py:115} INFO - [2024-12-18 22:23:35,215] {dag.py:2379} INFO - Sync 1 DAGs
[2024-12-18 22:23:35,252] {logging_mixin.py:115} INFO - [2024-12-18 22:23:35,252] {dag.py:2927} INFO - Setting next_dagrun for example_branch_python_operator_decorator to 2024-12-18T00:00:00+00:00, run_after=2024-12-19T00:00:00+00:00
[2024-12-18 22:23:35,275] {processor.py:161} INFO - Processing /home/patriciacorreia/Documents/airflowalura/venv/lib/python3.9/site-packages/airflow/example_dags/example_branch_operator_decorator.py took 0.147 seconds
[2024-12-18 22:24:22,347] {processor.py:153} INFO - Started process (PID=19210) to work on /home/patriciacorreia/Documents/airflowalura/venv/lib/python3.9/site-packages/airflow/example_dags/example_branch_operator_decorator.py
[2024-12-18 22:24:22,349] {processor.py:641} INFO - Processing file /home/patriciacorreia/Documents/airflowalura/venv/lib/python3.9/site-packages/airflow/example_dags/example_branch_operator_decorator.py for tasks to queue
[2024-12-18 22:24:22,349] {logging_mixin.py:115} INFO - [2024-12-18 22:24:22,349] {dagbag.py:507} INFO - Filling up the DagBag from /home/patriciacorreia/Documents/airflowalura/venv/lib/python3.9/site-packages/airflow/example_dags/example_branch_operator_decorator.py
[2024-12-18 22:24:22,375] {processor.py:651} INFO - DAG(s) dict_keys(['example_branch_python_operator_decorator']) retrieved from /home/patriciacorreia/Documents/airflowalura/venv/lib/python3.9/site-packages/airflow/example_dags/example_branch_operator_decorator.py
[2024-12-18 22:24:22,401] {logging_mixin.py:115} INFO - [2024-12-18 22:24:22,401] {dag.py:2379} INFO - Sync 1 DAGs
[2024-12-18 22:24:22,428] {logging_mixin.py:115} INFO - [2024-12-18 22:24:22,428] {dag.py:2927} INFO - Setting next_dagrun for example_branch_python_operator_decorator to 2024-12-18T00:00:00+00:00, run_after=2024-12-19T00:00:00+00:00
[2024-12-18 22:24:22,445] {processor.py:161} INFO - Processing /home/patriciacorreia/Documents/airflowalura/venv/lib/python3.9/site-packages/airflow/example_dags/example_branch_operator_decorator.py took 0.102 seconds
[2024-12-18 22:25:08,890] {processor.py:153} INFO - Started process (PID=19457) to work on /home/patriciacorreia/Documents/airflowalura/venv/lib/python3.9/site-packages/airflow/example_dags/example_branch_operator_decorator.py
[2024-12-18 22:25:08,892] {processor.py:641} INFO - Processing file /home/patriciacorreia/Documents/airflowalura/venv/lib/python3.9/site-packages/airflow/example_dags/example_branch_operator_decorator.py for tasks to queue
[2024-12-18 22:25:08,893] {logging_mixin.py:115} INFO - [2024-12-18 22:25:08,893] {dagbag.py:507} INFO - Filling up the DagBag from /home/patriciacorreia/Documents/airflowalura/venv/lib/python3.9/site-packages/airflow/example_dags/example_branch_operator_decorator.py
[2024-12-18 22:25:08,930] {processor.py:651} INFO - DAG(s) dict_keys(['example_branch_python_operator_decorator']) retrieved from /home/patriciacorreia/Documents/airflowalura/venv/lib/python3.9/site-packages/airflow/example_dags/example_branch_operator_decorator.py
[2024-12-18 22:25:08,971] {logging_mixin.py:115} INFO - [2024-12-18 22:25:08,971] {dag.py:2379} INFO - Sync 1 DAGs
[2024-12-18 22:25:09,021] {logging_mixin.py:115} INFO - [2024-12-18 22:25:09,021] {dag.py:2927} INFO - Setting next_dagrun for example_branch_python_operator_decorator to 2024-12-18T00:00:00+00:00, run_after=2024-12-19T00:00:00+00:00
[2024-12-18 22:25:09,062] {processor.py:161} INFO - Processing /home/patriciacorreia/Documents/airflowalura/venv/lib/python3.9/site-packages/airflow/example_dags/example_branch_operator_decorator.py took 0.185 seconds
[2024-12-18 22:26:01,555] {processor.py:153} INFO - Started process (PID=19695) to work on /home/patriciacorreia/Documents/airflowalura/venv/lib/python3.9/site-packages/airflow/example_dags/example_branch_operator_decorator.py
[2024-12-18 22:26:01,558] {processor.py:641} INFO - Processing file /home/patriciacorreia/Documents/airflowalura/venv/lib/python3.9/site-packages/airflow/example_dags/example_branch_operator_decorator.py for tasks to queue
[2024-12-18 22:26:01,561] {logging_mixin.py:115} INFO - [2024-12-18 22:26:01,560] {dagbag.py:507} INFO - Filling up the DagBag from /home/patriciacorreia/Documents/airflowalura/venv/lib/python3.9/site-packages/airflow/example_dags/example_branch_operator_decorator.py
[2024-12-18 22:26:01,674] {processor.py:651} INFO - DAG(s) dict_keys(['example_branch_python_operator_decorator']) retrieved from /home/patriciacorreia/Documents/airflowalura/venv/lib/python3.9/site-packages/airflow/example_dags/example_branch_operator_decorator.py
[2024-12-18 22:26:01,790] {logging_mixin.py:115} INFO - [2024-12-18 22:26:01,790] {dag.py:2379} INFO - Sync 1 DAGs
[2024-12-18 22:26:01,907] {logging_mixin.py:115} INFO - [2024-12-18 22:26:01,906] {dag.py:2927} INFO - Setting next_dagrun for example_branch_python_operator_decorator to 2024-12-18T00:00:00+00:00, run_after=2024-12-19T00:00:00+00:00
[2024-12-18 22:26:01,981] {processor.py:161} INFO - Processing /home/patriciacorreia/Documents/airflowalura/venv/lib/python3.9/site-packages/airflow/example_dags/example_branch_operator_decorator.py took 0.444 seconds
[2024-12-18 22:26:40,909] {processor.py:153} INFO - Started process (PID=19872) to work on /home/patriciacorreia/Documents/airflowalura/venv/lib/python3.9/site-packages/airflow/example_dags/example_branch_operator_decorator.py
[2024-12-18 22:26:40,913] {processor.py:641} INFO - Processing file /home/patriciacorreia/Documents/airflowalura/venv/lib/python3.9/site-packages/airflow/example_dags/example_branch_operator_decorator.py for tasks to queue
[2024-12-18 22:26:40,918] {logging_mixin.py:115} INFO - [2024-12-18 22:26:40,917] {dagbag.py:507} INFO - Filling up the DagBag from /home/patriciacorreia/Documents/airflowalura/venv/lib/python3.9/site-packages/airflow/example_dags/example_branch_operator_decorator.py
[2024-12-18 22:26:41,029] {processor.py:651} INFO - DAG(s) dict_keys(['example_branch_python_operator_decorator']) retrieved from /home/patriciacorreia/Documents/airflowalura/venv/lib/python3.9/site-packages/airflow/example_dags/example_branch_operator_decorator.py
[2024-12-18 22:26:41,144] {logging_mixin.py:115} INFO - [2024-12-18 22:26:41,143] {dag.py:2379} INFO - Sync 1 DAGs
[2024-12-18 22:26:41,240] {logging_mixin.py:115} INFO - [2024-12-18 22:26:41,239] {dag.py:2927} INFO - Setting next_dagrun for example_branch_python_operator_decorator to 2024-12-18T00:00:00+00:00, run_after=2024-12-19T00:00:00+00:00
[2024-12-18 22:26:41,312] {processor.py:161} INFO - Processing /home/patriciacorreia/Documents/airflowalura/venv/lib/python3.9/site-packages/airflow/example_dags/example_branch_operator_decorator.py took 0.422 seconds
[2024-12-18 22:27:24,472] {processor.py:153} INFO - Started process (PID=20065) to work on /home/patriciacorreia/Documents/airflowalura/venv/lib/python3.9/site-packages/airflow/example_dags/example_branch_operator_decorator.py
[2024-12-18 22:27:24,475] {processor.py:641} INFO - Processing file /home/patriciacorreia/Documents/airflowalura/venv/lib/python3.9/site-packages/airflow/example_dags/example_branch_operator_decorator.py for tasks to queue
[2024-12-18 22:27:24,477] {logging_mixin.py:115} INFO - [2024-12-18 22:27:24,477] {dagbag.py:507} INFO - Filling up the DagBag from /home/patriciacorreia/Documents/airflowalura/venv/lib/python3.9/site-packages/airflow/example_dags/example_branch_operator_decorator.py
[2024-12-18 22:27:24,559] {processor.py:651} INFO - DAG(s) dict_keys(['example_branch_python_operator_decorator']) retrieved from /home/patriciacorreia/Documents/airflowalura/venv/lib/python3.9/site-packages/airflow/example_dags/example_branch_operator_decorator.py
[2024-12-18 22:27:24,631] {logging_mixin.py:115} INFO - [2024-12-18 22:27:24,631] {dag.py:2379} INFO - Sync 1 DAGs
[2024-12-18 22:27:24,695] {logging_mixin.py:115} INFO - [2024-12-18 22:27:24,695] {dag.py:2927} INFO - Setting next_dagrun for example_branch_python_operator_decorator to 2024-12-18T00:00:00+00:00, run_after=2024-12-19T00:00:00+00:00
[2024-12-18 22:27:24,736] {processor.py:161} INFO - Processing /home/patriciacorreia/Documents/airflowalura/venv/lib/python3.9/site-packages/airflow/example_dags/example_branch_operator_decorator.py took 0.276 seconds
[2024-12-18 22:28:04,246] {processor.py:153} INFO - Started process (PID=20268) to work on /home/patriciacorreia/Documents/airflowalura/venv/lib/python3.9/site-packages/airflow/example_dags/example_branch_operator_decorator.py
[2024-12-18 22:28:04,250] {processor.py:641} INFO - Processing file /home/patriciacorreia/Documents/airflowalura/venv/lib/python3.9/site-packages/airflow/example_dags/example_branch_operator_decorator.py for tasks to queue
[2024-12-18 22:28:04,252] {logging_mixin.py:115} INFO - [2024-12-18 22:28:04,251] {dagbag.py:507} INFO - Filling up the DagBag from /home/patriciacorreia/Documents/airflowalura/venv/lib/python3.9/site-packages/airflow/example_dags/example_branch_operator_decorator.py
[2024-12-18 22:28:04,321] {processor.py:651} INFO - DAG(s) dict_keys(['example_branch_python_operator_decorator']) retrieved from /home/patriciacorreia/Documents/airflowalura/venv/lib/python3.9/site-packages/airflow/example_dags/example_branch_operator_decorator.py
[2024-12-18 22:28:04,368] {logging_mixin.py:115} INFO - [2024-12-18 22:28:04,368] {dag.py:2379} INFO - Sync 1 DAGs
[2024-12-18 22:28:04,391] {logging_mixin.py:115} INFO - [2024-12-18 22:28:04,391] {dag.py:2927} INFO - Setting next_dagrun for example_branch_python_operator_decorator to 2024-12-18T00:00:00+00:00, run_after=2024-12-19T00:00:00+00:00
[2024-12-18 22:28:04,407] {processor.py:161} INFO - Processing /home/patriciacorreia/Documents/airflowalura/venv/lib/python3.9/site-packages/airflow/example_dags/example_branch_operator_decorator.py took 0.173 seconds
[2024-12-18 22:28:48,125] {processor.py:153} INFO - Started process (PID=20478) to work on /home/patriciacorreia/Documents/airflowalura/venv/lib/python3.9/site-packages/airflow/example_dags/example_branch_operator_decorator.py
[2024-12-18 22:28:48,128] {processor.py:641} INFO - Processing file /home/patriciacorreia/Documents/airflowalura/venv/lib/python3.9/site-packages/airflow/example_dags/example_branch_operator_decorator.py for tasks to queue
[2024-12-18 22:28:48,130] {logging_mixin.py:115} INFO - [2024-12-18 22:28:48,129] {dagbag.py:507} INFO - Filling up the DagBag from /home/patriciacorreia/Documents/airflowalura/venv/lib/python3.9/site-packages/airflow/example_dags/example_branch_operator_decorator.py
[2024-12-18 22:28:48,195] {processor.py:651} INFO - DAG(s) dict_keys(['example_branch_python_operator_decorator']) retrieved from /home/patriciacorreia/Documents/airflowalura/venv/lib/python3.9/site-packages/airflow/example_dags/example_branch_operator_decorator.py
[2024-12-18 22:28:48,236] {logging_mixin.py:115} INFO - [2024-12-18 22:28:48,236] {dag.py:2379} INFO - Sync 1 DAGs
[2024-12-18 22:28:48,258] {logging_mixin.py:115} INFO - [2024-12-18 22:28:48,258] {dag.py:2927} INFO - Setting next_dagrun for example_branch_python_operator_decorator to 2024-12-18T00:00:00+00:00, run_after=2024-12-19T00:00:00+00:00
[2024-12-18 22:28:48,275] {processor.py:161} INFO - Processing /home/patriciacorreia/Documents/airflowalura/venv/lib/python3.9/site-packages/airflow/example_dags/example_branch_operator_decorator.py took 0.162 seconds
[2024-12-18 22:29:28,898] {processor.py:153} INFO - Started process (PID=20684) to work on /home/patriciacorreia/Documents/airflowalura/venv/lib/python3.9/site-packages/airflow/example_dags/example_branch_operator_decorator.py
[2024-12-18 22:29:28,899] {processor.py:641} INFO - Processing file /home/patriciacorreia/Documents/airflowalura/venv/lib/python3.9/site-packages/airflow/example_dags/example_branch_operator_decorator.py for tasks to queue
[2024-12-18 22:29:28,899] {logging_mixin.py:115} INFO - [2024-12-18 22:29:28,899] {dagbag.py:507} INFO - Filling up the DagBag from /home/patriciacorreia/Documents/airflowalura/venv/lib/python3.9/site-packages/airflow/example_dags/example_branch_operator_decorator.py
[2024-12-18 22:29:28,922] {processor.py:651} INFO - DAG(s) dict_keys(['example_branch_python_operator_decorator']) retrieved from /home/patriciacorreia/Documents/airflowalura/venv/lib/python3.9/site-packages/airflow/example_dags/example_branch_operator_decorator.py
[2024-12-18 22:29:28,944] {logging_mixin.py:115} INFO - [2024-12-18 22:29:28,944] {dag.py:2379} INFO - Sync 1 DAGs
[2024-12-18 22:29:28,966] {logging_mixin.py:115} INFO - [2024-12-18 22:29:28,966] {dag.py:2927} INFO - Setting next_dagrun for example_branch_python_operator_decorator to 2024-12-18T00:00:00+00:00, run_after=2024-12-19T00:00:00+00:00
[2024-12-18 22:29:28,981] {processor.py:161} INFO - Processing /home/patriciacorreia/Documents/airflowalura/venv/lib/python3.9/site-packages/airflow/example_dags/example_branch_operator_decorator.py took 0.088 seconds
[2024-12-18 22:30:10,651] {processor.py:153} INFO - Started process (PID=20909) to work on /home/patriciacorreia/Documents/airflowalura/venv/lib/python3.9/site-packages/airflow/example_dags/example_branch_operator_decorator.py
[2024-12-18 22:30:10,653] {processor.py:641} INFO - Processing file /home/patriciacorreia/Documents/airflowalura/venv/lib/python3.9/site-packages/airflow/example_dags/example_branch_operator_decorator.py for tasks to queue
[2024-12-18 22:30:10,654] {logging_mixin.py:115} INFO - [2024-12-18 22:30:10,654] {dagbag.py:507} INFO - Filling up the DagBag from /home/patriciacorreia/Documents/airflowalura/venv/lib/python3.9/site-packages/airflow/example_dags/example_branch_operator_decorator.py
[2024-12-18 22:30:10,813] {processor.py:651} INFO - DAG(s) dict_keys(['example_branch_python_operator_decorator']) retrieved from /home/patriciacorreia/Documents/airflowalura/venv/lib/python3.9/site-packages/airflow/example_dags/example_branch_operator_decorator.py
[2024-12-18 22:30:10,982] {logging_mixin.py:115} INFO - [2024-12-18 22:30:10,982] {dag.py:2379} INFO - Sync 1 DAGs
[2024-12-18 22:30:11,080] {logging_mixin.py:115} INFO - [2024-12-18 22:30:11,079] {dag.py:2927} INFO - Setting next_dagrun for example_branch_python_operator_decorator to 2024-12-18T00:00:00+00:00, run_after=2024-12-19T00:00:00+00:00
[2024-12-18 22:30:11,122] {processor.py:161} INFO - Processing /home/patriciacorreia/Documents/airflowalura/venv/lib/python3.9/site-packages/airflow/example_dags/example_branch_operator_decorator.py took 0.479 seconds
[2024-12-18 22:30:53,121] {processor.py:153} INFO - Started process (PID=21131) to work on /home/patriciacorreia/Documents/airflowalura/venv/lib/python3.9/site-packages/airflow/example_dags/example_branch_operator_decorator.py
[2024-12-18 22:30:53,123] {processor.py:641} INFO - Processing file /home/patriciacorreia/Documents/airflowalura/venv/lib/python3.9/site-packages/airflow/example_dags/example_branch_operator_decorator.py for tasks to queue
[2024-12-18 22:30:53,125] {logging_mixin.py:115} INFO - [2024-12-18 22:30:53,124] {dagbag.py:507} INFO - Filling up the DagBag from /home/patriciacorreia/Documents/airflowalura/venv/lib/python3.9/site-packages/airflow/example_dags/example_branch_operator_decorator.py
[2024-12-18 22:30:53,176] {processor.py:651} INFO - DAG(s) dict_keys(['example_branch_python_operator_decorator']) retrieved from /home/patriciacorreia/Documents/airflowalura/venv/lib/python3.9/site-packages/airflow/example_dags/example_branch_operator_decorator.py
[2024-12-18 22:30:53,225] {logging_mixin.py:115} INFO - [2024-12-18 22:30:53,225] {dag.py:2379} INFO - Sync 1 DAGs
[2024-12-18 22:30:53,279] {logging_mixin.py:115} INFO - [2024-12-18 22:30:53,279] {dag.py:2927} INFO - Setting next_dagrun for example_branch_python_operator_decorator to 2024-12-18T00:00:00+00:00, run_after=2024-12-19T00:00:00+00:00
[2024-12-18 22:30:53,318] {processor.py:161} INFO - Processing /home/patriciacorreia/Documents/airflowalura/venv/lib/python3.9/site-packages/airflow/example_dags/example_branch_operator_decorator.py took 0.207 seconds
[2024-12-18 22:31:32,942] {processor.py:153} INFO - Started process (PID=21334) to work on /home/patriciacorreia/Documents/airflowalura/venv/lib/python3.9/site-packages/airflow/example_dags/example_branch_operator_decorator.py
[2024-12-18 22:31:32,946] {processor.py:641} INFO - Processing file /home/patriciacorreia/Documents/airflowalura/venv/lib/python3.9/site-packages/airflow/example_dags/example_branch_operator_decorator.py for tasks to queue
[2024-12-18 22:31:32,950] {logging_mixin.py:115} INFO - [2024-12-18 22:31:32,949] {dagbag.py:507} INFO - Filling up the DagBag from /home/patriciacorreia/Documents/airflowalura/venv/lib/python3.9/site-packages/airflow/example_dags/example_branch_operator_decorator.py
[2024-12-18 22:31:33,039] {processor.py:651} INFO - DAG(s) dict_keys(['example_branch_python_operator_decorator']) retrieved from /home/patriciacorreia/Documents/airflowalura/venv/lib/python3.9/site-packages/airflow/example_dags/example_branch_operator_decorator.py
[2024-12-18 22:31:33,131] {logging_mixin.py:115} INFO - [2024-12-18 22:31:33,131] {dag.py:2379} INFO - Sync 1 DAGs
[2024-12-18 22:31:33,217] {logging_mixin.py:115} INFO - [2024-12-18 22:31:33,216] {dag.py:2927} INFO - Setting next_dagrun for example_branch_python_operator_decorator to 2024-12-18T00:00:00+00:00, run_after=2024-12-19T00:00:00+00:00
[2024-12-18 22:31:33,268] {processor.py:161} INFO - Processing /home/patriciacorreia/Documents/airflowalura/venv/lib/python3.9/site-packages/airflow/example_dags/example_branch_operator_decorator.py took 0.338 seconds
[2024-12-18 22:32:15,519] {processor.py:153} INFO - Started process (PID=21544) to work on /home/patriciacorreia/Documents/airflowalura/venv/lib/python3.9/site-packages/airflow/example_dags/example_branch_operator_decorator.py
[2024-12-18 22:32:15,522] {processor.py:641} INFO - Processing file /home/patriciacorreia/Documents/airflowalura/venv/lib/python3.9/site-packages/airflow/example_dags/example_branch_operator_decorator.py for tasks to queue
[2024-12-18 22:32:15,523] {logging_mixin.py:115} INFO - [2024-12-18 22:32:15,523] {dagbag.py:507} INFO - Filling up the DagBag from /home/patriciacorreia/Documents/airflowalura/venv/lib/python3.9/site-packages/airflow/example_dags/example_branch_operator_decorator.py
[2024-12-18 22:32:15,572] {processor.py:651} INFO - DAG(s) dict_keys(['example_branch_python_operator_decorator']) retrieved from /home/patriciacorreia/Documents/airflowalura/venv/lib/python3.9/site-packages/airflow/example_dags/example_branch_operator_decorator.py
[2024-12-18 22:32:15,620] {logging_mixin.py:115} INFO - [2024-12-18 22:32:15,619] {dag.py:2379} INFO - Sync 1 DAGs
[2024-12-18 22:32:15,657] {logging_mixin.py:115} INFO - [2024-12-18 22:32:15,656] {dag.py:2927} INFO - Setting next_dagrun for example_branch_python_operator_decorator to 2024-12-18T00:00:00+00:00, run_after=2024-12-19T00:00:00+00:00
[2024-12-18 22:32:15,687] {processor.py:161} INFO - Processing /home/patriciacorreia/Documents/airflowalura/venv/lib/python3.9/site-packages/airflow/example_dags/example_branch_operator_decorator.py took 0.176 seconds
[2024-12-18 22:32:52,383] {processor.py:153} INFO - Started process (PID=21727) to work on /home/patriciacorreia/Documents/airflowalura/venv/lib/python3.9/site-packages/airflow/example_dags/example_branch_operator_decorator.py
[2024-12-18 22:32:52,388] {processor.py:641} INFO - Processing file /home/patriciacorreia/Documents/airflowalura/venv/lib/python3.9/site-packages/airflow/example_dags/example_branch_operator_decorator.py for tasks to queue
[2024-12-18 22:32:52,391] {logging_mixin.py:115} INFO - [2024-12-18 22:32:52,390] {dagbag.py:507} INFO - Filling up the DagBag from /home/patriciacorreia/Documents/airflowalura/venv/lib/python3.9/site-packages/airflow/example_dags/example_branch_operator_decorator.py
[2024-12-18 22:32:52,501] {processor.py:651} INFO - DAG(s) dict_keys(['example_branch_python_operator_decorator']) retrieved from /home/patriciacorreia/Documents/airflowalura/venv/lib/python3.9/site-packages/airflow/example_dags/example_branch_operator_decorator.py
[2024-12-18 22:32:52,571] {logging_mixin.py:115} INFO - [2024-12-18 22:32:52,570] {dag.py:2379} INFO - Sync 1 DAGs
[2024-12-18 22:32:52,606] {logging_mixin.py:115} INFO - [2024-12-18 22:32:52,606] {dag.py:2927} INFO - Setting next_dagrun for example_branch_python_operator_decorator to 2024-12-18T00:00:00+00:00, run_after=2024-12-19T00:00:00+00:00
[2024-12-18 22:32:52,626] {processor.py:161} INFO - Processing /home/patriciacorreia/Documents/airflowalura/venv/lib/python3.9/site-packages/airflow/example_dags/example_branch_operator_decorator.py took 0.259 seconds
[2024-12-18 22:33:36,130] {processor.py:153} INFO - Started process (PID=21927) to work on /home/patriciacorreia/Documents/airflowalura/venv/lib/python3.9/site-packages/airflow/example_dags/example_branch_operator_decorator.py
[2024-12-18 22:33:36,135] {processor.py:641} INFO - Processing file /home/patriciacorreia/Documents/airflowalura/venv/lib/python3.9/site-packages/airflow/example_dags/example_branch_operator_decorator.py for tasks to queue
[2024-12-18 22:33:36,137] {logging_mixin.py:115} INFO - [2024-12-18 22:33:36,137] {dagbag.py:507} INFO - Filling up the DagBag from /home/patriciacorreia/Documents/airflowalura/venv/lib/python3.9/site-packages/airflow/example_dags/example_branch_operator_decorator.py
[2024-12-18 22:33:36,226] {processor.py:651} INFO - DAG(s) dict_keys(['example_branch_python_operator_decorator']) retrieved from /home/patriciacorreia/Documents/airflowalura/venv/lib/python3.9/site-packages/airflow/example_dags/example_branch_operator_decorator.py
[2024-12-18 22:33:36,319] {logging_mixin.py:115} INFO - [2024-12-18 22:33:36,319] {dag.py:2379} INFO - Sync 1 DAGs
[2024-12-18 22:33:36,390] {logging_mixin.py:115} INFO - [2024-12-18 22:33:36,390] {dag.py:2927} INFO - Setting next_dagrun for example_branch_python_operator_decorator to 2024-12-18T00:00:00+00:00, run_after=2024-12-19T00:00:00+00:00
[2024-12-18 22:33:36,416] {processor.py:161} INFO - Processing /home/patriciacorreia/Documents/airflowalura/venv/lib/python3.9/site-packages/airflow/example_dags/example_branch_operator_decorator.py took 0.303 seconds
[2024-12-18 22:34:24,475] {processor.py:153} INFO - Started process (PID=22133) to work on /home/patriciacorreia/Documents/airflowalura/venv/lib/python3.9/site-packages/airflow/example_dags/example_branch_operator_decorator.py
[2024-12-18 22:34:24,477] {processor.py:641} INFO - Processing file /home/patriciacorreia/Documents/airflowalura/venv/lib/python3.9/site-packages/airflow/example_dags/example_branch_operator_decorator.py for tasks to queue
[2024-12-18 22:34:24,479] {logging_mixin.py:115} INFO - [2024-12-18 22:34:24,479] {dagbag.py:507} INFO - Filling up the DagBag from /home/patriciacorreia/Documents/airflowalura/venv/lib/python3.9/site-packages/airflow/example_dags/example_branch_operator_decorator.py
[2024-12-18 22:34:24,551] {processor.py:651} INFO - DAG(s) dict_keys(['example_branch_python_operator_decorator']) retrieved from /home/patriciacorreia/Documents/airflowalura/venv/lib/python3.9/site-packages/airflow/example_dags/example_branch_operator_decorator.py
[2024-12-18 22:34:24,604] {logging_mixin.py:115} INFO - [2024-12-18 22:34:24,603] {dag.py:2379} INFO - Sync 1 DAGs
[2024-12-18 22:34:24,640] {logging_mixin.py:115} INFO - [2024-12-18 22:34:24,640] {dag.py:2927} INFO - Setting next_dagrun for example_branch_python_operator_decorator to 2024-12-18T00:00:00+00:00, run_after=2024-12-19T00:00:00+00:00
[2024-12-18 22:34:24,663] {processor.py:161} INFO - Processing /home/patriciacorreia/Documents/airflowalura/venv/lib/python3.9/site-packages/airflow/example_dags/example_branch_operator_decorator.py took 0.199 seconds
[2024-12-18 22:35:14,416] {processor.py:153} INFO - Started process (PID=22366) to work on /home/patriciacorreia/Documents/airflowalura/venv/lib/python3.9/site-packages/airflow/example_dags/example_branch_operator_decorator.py
[2024-12-18 22:35:14,420] {processor.py:641} INFO - Processing file /home/patriciacorreia/Documents/airflowalura/venv/lib/python3.9/site-packages/airflow/example_dags/example_branch_operator_decorator.py for tasks to queue
[2024-12-18 22:35:14,422] {logging_mixin.py:115} INFO - [2024-12-18 22:35:14,421] {dagbag.py:507} INFO - Filling up the DagBag from /home/patriciacorreia/Documents/airflowalura/venv/lib/python3.9/site-packages/airflow/example_dags/example_branch_operator_decorator.py
[2024-12-18 22:35:14,508] {processor.py:651} INFO - DAG(s) dict_keys(['example_branch_python_operator_decorator']) retrieved from /home/patriciacorreia/Documents/airflowalura/venv/lib/python3.9/site-packages/airflow/example_dags/example_branch_operator_decorator.py
[2024-12-18 22:35:14,576] {logging_mixin.py:115} INFO - [2024-12-18 22:35:14,576] {dag.py:2379} INFO - Sync 1 DAGs
[2024-12-18 22:35:14,605] {logging_mixin.py:115} INFO - [2024-12-18 22:35:14,605] {dag.py:2927} INFO - Setting next_dagrun for example_branch_python_operator_decorator to 2024-12-18T00:00:00+00:00, run_after=2024-12-19T00:00:00+00:00
[2024-12-18 22:35:14,629] {processor.py:161} INFO - Processing /home/patriciacorreia/Documents/airflowalura/venv/lib/python3.9/site-packages/airflow/example_dags/example_branch_operator_decorator.py took 0.227 seconds
[2024-12-18 22:36:06,031] {processor.py:153} INFO - Started process (PID=22599) to work on /home/patriciacorreia/Documents/airflowalura/venv/lib/python3.9/site-packages/airflow/example_dags/example_branch_operator_decorator.py
[2024-12-18 22:36:06,035] {processor.py:641} INFO - Processing file /home/patriciacorreia/Documents/airflowalura/venv/lib/python3.9/site-packages/airflow/example_dags/example_branch_operator_decorator.py for tasks to queue
[2024-12-18 22:36:06,040] {logging_mixin.py:115} INFO - [2024-12-18 22:36:06,039] {dagbag.py:507} INFO - Filling up the DagBag from /home/patriciacorreia/Documents/airflowalura/venv/lib/python3.9/site-packages/airflow/example_dags/example_branch_operator_decorator.py
[2024-12-18 22:36:06,135] {processor.py:651} INFO - DAG(s) dict_keys(['example_branch_python_operator_decorator']) retrieved from /home/patriciacorreia/Documents/airflowalura/venv/lib/python3.9/site-packages/airflow/example_dags/example_branch_operator_decorator.py
[2024-12-18 22:36:06,220] {logging_mixin.py:115} INFO - [2024-12-18 22:36:06,219] {dag.py:2379} INFO - Sync 1 DAGs
[2024-12-18 22:36:06,312] {logging_mixin.py:115} INFO - [2024-12-18 22:36:06,311] {dag.py:2927} INFO - Setting next_dagrun for example_branch_python_operator_decorator to 2024-12-18T00:00:00+00:00, run_after=2024-12-19T00:00:00+00:00
[2024-12-18 22:36:06,363] {processor.py:161} INFO - Processing /home/patriciacorreia/Documents/airflowalura/venv/lib/python3.9/site-packages/airflow/example_dags/example_branch_operator_decorator.py took 0.348 seconds
[2024-12-18 22:36:56,949] {processor.py:153} INFO - Started process (PID=22824) to work on /home/patriciacorreia/Documents/airflowalura/venv/lib/python3.9/site-packages/airflow/example_dags/example_branch_operator_decorator.py
[2024-12-18 22:36:56,953] {processor.py:641} INFO - Processing file /home/patriciacorreia/Documents/airflowalura/venv/lib/python3.9/site-packages/airflow/example_dags/example_branch_operator_decorator.py for tasks to queue
[2024-12-18 22:36:56,955] {logging_mixin.py:115} INFO - [2024-12-18 22:36:56,954] {dagbag.py:507} INFO - Filling up the DagBag from /home/patriciacorreia/Documents/airflowalura/venv/lib/python3.9/site-packages/airflow/example_dags/example_branch_operator_decorator.py
[2024-12-18 22:36:57,038] {processor.py:651} INFO - DAG(s) dict_keys(['example_branch_python_operator_decorator']) retrieved from /home/patriciacorreia/Documents/airflowalura/venv/lib/python3.9/site-packages/airflow/example_dags/example_branch_operator_decorator.py
[2024-12-18 22:36:57,110] {logging_mixin.py:115} INFO - [2024-12-18 22:36:57,110] {dag.py:2379} INFO - Sync 1 DAGs
[2024-12-18 22:36:57,150] {logging_mixin.py:115} INFO - [2024-12-18 22:36:57,150] {dag.py:2927} INFO - Setting next_dagrun for example_branch_python_operator_decorator to 2024-12-18T00:00:00+00:00, run_after=2024-12-19T00:00:00+00:00
[2024-12-18 22:36:57,166] {processor.py:161} INFO - Processing /home/patriciacorreia/Documents/airflowalura/venv/lib/python3.9/site-packages/airflow/example_dags/example_branch_operator_decorator.py took 0.232 seconds
[2024-12-18 22:37:41,322] {processor.py:153} INFO - Started process (PID=23014) to work on /home/patriciacorreia/Documents/airflowalura/venv/lib/python3.9/site-packages/airflow/example_dags/example_branch_operator_decorator.py
[2024-12-18 22:37:41,326] {processor.py:641} INFO - Processing file /home/patriciacorreia/Documents/airflowalura/venv/lib/python3.9/site-packages/airflow/example_dags/example_branch_operator_decorator.py for tasks to queue
[2024-12-18 22:37:41,330] {logging_mixin.py:115} INFO - [2024-12-18 22:37:41,329] {dagbag.py:507} INFO - Filling up the DagBag from /home/patriciacorreia/Documents/airflowalura/venv/lib/python3.9/site-packages/airflow/example_dags/example_branch_operator_decorator.py
[2024-12-18 22:37:41,397] {processor.py:651} INFO - DAG(s) dict_keys(['example_branch_python_operator_decorator']) retrieved from /home/patriciacorreia/Documents/airflowalura/venv/lib/python3.9/site-packages/airflow/example_dags/example_branch_operator_decorator.py
[2024-12-18 22:37:41,435] {logging_mixin.py:115} INFO - [2024-12-18 22:37:41,435] {dag.py:2379} INFO - Sync 1 DAGs
[2024-12-18 22:37:41,477] {logging_mixin.py:115} INFO - [2024-12-18 22:37:41,477] {dag.py:2927} INFO - Setting next_dagrun for example_branch_python_operator_decorator to 2024-12-18T00:00:00+00:00, run_after=2024-12-19T00:00:00+00:00
[2024-12-18 22:37:41,501] {processor.py:161} INFO - Processing /home/patriciacorreia/Documents/airflowalura/venv/lib/python3.9/site-packages/airflow/example_dags/example_branch_operator_decorator.py took 0.201 seconds
[2024-12-18 22:38:33,609] {processor.py:153} INFO - Started process (PID=23258) to work on /home/patriciacorreia/Documents/airflowalura/venv/lib/python3.9/site-packages/airflow/example_dags/example_branch_operator_decorator.py
[2024-12-18 22:38:33,612] {processor.py:641} INFO - Processing file /home/patriciacorreia/Documents/airflowalura/venv/lib/python3.9/site-packages/airflow/example_dags/example_branch_operator_decorator.py for tasks to queue
[2024-12-18 22:38:33,613] {logging_mixin.py:115} INFO - [2024-12-18 22:38:33,613] {dagbag.py:507} INFO - Filling up the DagBag from /home/patriciacorreia/Documents/airflowalura/venv/lib/python3.9/site-packages/airflow/example_dags/example_branch_operator_decorator.py
[2024-12-18 22:38:33,664] {processor.py:651} INFO - DAG(s) dict_keys(['example_branch_python_operator_decorator']) retrieved from /home/patriciacorreia/Documents/airflowalura/venv/lib/python3.9/site-packages/airflow/example_dags/example_branch_operator_decorator.py
[2024-12-18 22:38:33,706] {logging_mixin.py:115} INFO - [2024-12-18 22:38:33,706] {dag.py:2379} INFO - Sync 1 DAGs
[2024-12-18 22:38:33,748] {logging_mixin.py:115} INFO - [2024-12-18 22:38:33,748] {dag.py:2927} INFO - Setting next_dagrun for example_branch_python_operator_decorator to 2024-12-18T00:00:00+00:00, run_after=2024-12-19T00:00:00+00:00
[2024-12-18 22:38:33,770] {processor.py:161} INFO - Processing /home/patriciacorreia/Documents/airflowalura/venv/lib/python3.9/site-packages/airflow/example_dags/example_branch_operator_decorator.py took 0.171 seconds
[2024-12-18 22:39:22,794] {processor.py:153} INFO - Started process (PID=23485) to work on /home/patriciacorreia/Documents/airflowalura/venv/lib/python3.9/site-packages/airflow/example_dags/example_branch_operator_decorator.py
[2024-12-18 22:39:22,798] {processor.py:641} INFO - Processing file /home/patriciacorreia/Documents/airflowalura/venv/lib/python3.9/site-packages/airflow/example_dags/example_branch_operator_decorator.py for tasks to queue
[2024-12-18 22:39:22,801] {logging_mixin.py:115} INFO - [2024-12-18 22:39:22,800] {dagbag.py:507} INFO - Filling up the DagBag from /home/patriciacorreia/Documents/airflowalura/venv/lib/python3.9/site-packages/airflow/example_dags/example_branch_operator_decorator.py
[2024-12-18 22:39:22,900] {processor.py:651} INFO - DAG(s) dict_keys(['example_branch_python_operator_decorator']) retrieved from /home/patriciacorreia/Documents/airflowalura/venv/lib/python3.9/site-packages/airflow/example_dags/example_branch_operator_decorator.py
[2024-12-18 22:39:22,993] {logging_mixin.py:115} INFO - [2024-12-18 22:39:22,993] {dag.py:2379} INFO - Sync 1 DAGs
[2024-12-18 22:39:23,043] {logging_mixin.py:115} INFO - [2024-12-18 22:39:23,042] {dag.py:2927} INFO - Setting next_dagrun for example_branch_python_operator_decorator to 2024-12-18T00:00:00+00:00, run_after=2024-12-19T00:00:00+00:00
[2024-12-18 22:39:23,067] {processor.py:161} INFO - Processing /home/patriciacorreia/Documents/airflowalura/venv/lib/python3.9/site-packages/airflow/example_dags/example_branch_operator_decorator.py took 0.289 seconds
[2024-12-18 22:40:09,041] {processor.py:153} INFO - Started process (PID=23707) to work on /home/patriciacorreia/Documents/airflowalura/venv/lib/python3.9/site-packages/airflow/example_dags/example_branch_operator_decorator.py
[2024-12-18 22:40:09,043] {processor.py:641} INFO - Processing file /home/patriciacorreia/Documents/airflowalura/venv/lib/python3.9/site-packages/airflow/example_dags/example_branch_operator_decorator.py for tasks to queue
[2024-12-18 22:40:09,044] {logging_mixin.py:115} INFO - [2024-12-18 22:40:09,044] {dagbag.py:507} INFO - Filling up the DagBag from /home/patriciacorreia/Documents/airflowalura/venv/lib/python3.9/site-packages/airflow/example_dags/example_branch_operator_decorator.py
[2024-12-18 22:40:09,091] {processor.py:651} INFO - DAG(s) dict_keys(['example_branch_python_operator_decorator']) retrieved from /home/patriciacorreia/Documents/airflowalura/venv/lib/python3.9/site-packages/airflow/example_dags/example_branch_operator_decorator.py
[2024-12-18 22:40:09,136] {logging_mixin.py:115} INFO - [2024-12-18 22:40:09,135] {dag.py:2379} INFO - Sync 1 DAGs
[2024-12-18 22:40:09,176] {logging_mixin.py:115} INFO - [2024-12-18 22:40:09,176] {dag.py:2927} INFO - Setting next_dagrun for example_branch_python_operator_decorator to 2024-12-18T00:00:00+00:00, run_after=2024-12-19T00:00:00+00:00
[2024-12-18 22:40:09,204] {processor.py:161} INFO - Processing /home/patriciacorreia/Documents/airflowalura/venv/lib/python3.9/site-packages/airflow/example_dags/example_branch_operator_decorator.py took 0.168 seconds
[2024-12-18 22:40:47,855] {processor.py:153} INFO - Started process (PID=23948) to work on /home/patriciacorreia/Documents/airflowalura/venv/lib/python3.9/site-packages/airflow/example_dags/example_branch_operator_decorator.py
[2024-12-18 22:40:47,858] {processor.py:641} INFO - Processing file /home/patriciacorreia/Documents/airflowalura/venv/lib/python3.9/site-packages/airflow/example_dags/example_branch_operator_decorator.py for tasks to queue
[2024-12-18 22:40:47,859] {logging_mixin.py:115} INFO - [2024-12-18 22:40:47,859] {dagbag.py:507} INFO - Filling up the DagBag from /home/patriciacorreia/Documents/airflowalura/venv/lib/python3.9/site-packages/airflow/example_dags/example_branch_operator_decorator.py
[2024-12-18 22:40:47,883] {processor.py:651} INFO - DAG(s) dict_keys(['example_branch_python_operator_decorator']) retrieved from /home/patriciacorreia/Documents/airflowalura/venv/lib/python3.9/site-packages/airflow/example_dags/example_branch_operator_decorator.py
[2024-12-18 22:40:47,910] {logging_mixin.py:115} INFO - [2024-12-18 22:40:47,910] {dag.py:2379} INFO - Sync 1 DAGs
[2024-12-18 22:40:47,935] {logging_mixin.py:115} INFO - [2024-12-18 22:40:47,935] {dag.py:2927} INFO - Setting next_dagrun for example_branch_python_operator_decorator to 2024-12-18T00:00:00+00:00, run_after=2024-12-19T00:00:00+00:00
[2024-12-18 22:40:47,951] {processor.py:161} INFO - Processing /home/patriciacorreia/Documents/airflowalura/venv/lib/python3.9/site-packages/airflow/example_dags/example_branch_operator_decorator.py took 0.101 seconds
