[2024-12-18 22:05:12,876] {processor.py:153} INFO - Started process (PID=13793) to work on /home/patriciacorreia/Documents/airflowalura/venv/lib/python3.9/site-packages/airflow/example_dags/example_xcomargs.py
[2024-12-18 22:05:12,899] {processor.py:641} INFO - Processing file /home/patriciacorreia/Documents/airflowalura/venv/lib/python3.9/site-packages/airflow/example_dags/example_xcomargs.py for tasks to queue
[2024-12-18 22:05:12,906] {logging_mixin.py:115} INFO - [2024-12-18 22:05:12,904] {dagbag.py:507} INFO - Filling up the DagBag from /home/patriciacorreia/Documents/airflowalura/venv/lib/python3.9/site-packages/airflow/example_dags/example_xcomargs.py
[2024-12-18 22:05:13,257] {processor.py:651} INFO - DAG(s) dict_keys(['example_xcom_args', 'example_xcom_args_with_operators']) retrieved from /home/patriciacorreia/Documents/airflowalura/venv/lib/python3.9/site-packages/airflow/example_dags/example_xcomargs.py
[2024-12-18 22:05:13,951] {logging_mixin.py:115} INFO - [2024-12-18 22:05:13,951] {manager.py:508} INFO - Created Permission View: can read on DAG:example_xcom_args
[2024-12-18 22:05:13,974] {logging_mixin.py:115} INFO - [2024-12-18 22:05:13,974] {manager.py:508} INFO - Created Permission View: can delete on DAG:example_xcom_args
[2024-12-18 22:05:14,001] {logging_mixin.py:115} INFO - [2024-12-18 22:05:14,001] {manager.py:508} INFO - Created Permission View: can edit on DAG:example_xcom_args
[2024-12-18 22:05:14,052] {logging_mixin.py:115} INFO - [2024-12-18 22:05:14,052] {manager.py:508} INFO - Created Permission View: can read on DAG:example_xcom_args_with_operators
[2024-12-18 22:05:14,063] {logging_mixin.py:115} INFO - [2024-12-18 22:05:14,063] {manager.py:508} INFO - Created Permission View: can delete on DAG:example_xcom_args_with_operators
[2024-12-18 22:05:14,075] {logging_mixin.py:115} INFO - [2024-12-18 22:05:14,075] {manager.py:508} INFO - Created Permission View: can edit on DAG:example_xcom_args_with_operators
[2024-12-18 22:05:14,075] {logging_mixin.py:115} INFO - [2024-12-18 22:05:14,075] {dag.py:2379} INFO - Sync 2 DAGs
[2024-12-18 22:05:14,156] {logging_mixin.py:115} INFO - [2024-12-18 22:05:14,156] {dag.py:2398} INFO - Creating ORM DAG for example_xcom_args
[2024-12-18 22:05:14,157] {logging_mixin.py:115} INFO - [2024-12-18 22:05:14,157] {dag.py:2398} INFO - Creating ORM DAG for example_xcom_args_with_operators
[2024-12-18 22:05:14,238] {logging_mixin.py:115} INFO - [2024-12-18 22:05:14,238] {dag.py:2927} INFO - Setting next_dagrun for example_xcom_args to None, run_after=None
[2024-12-18 22:05:14,239] {logging_mixin.py:115} INFO - [2024-12-18 22:05:14,239] {dag.py:2927} INFO - Setting next_dagrun for example_xcom_args_with_operators to None, run_after=None
[2024-12-18 22:05:14,328] {processor.py:161} INFO - Processing /home/patriciacorreia/Documents/airflowalura/venv/lib/python3.9/site-packages/airflow/example_dags/example_xcomargs.py took 1.553 seconds
[2024-12-18 22:05:53,808] {processor.py:153} INFO - Started process (PID=13895) to work on /home/patriciacorreia/Documents/airflowalura/venv/lib/python3.9/site-packages/airflow/example_dags/example_xcomargs.py
[2024-12-18 22:05:53,809] {processor.py:641} INFO - Processing file /home/patriciacorreia/Documents/airflowalura/venv/lib/python3.9/site-packages/airflow/example_dags/example_xcomargs.py for tasks to queue
[2024-12-18 22:05:53,810] {logging_mixin.py:115} INFO - [2024-12-18 22:05:53,810] {dagbag.py:507} INFO - Filling up the DagBag from /home/patriciacorreia/Documents/airflowalura/venv/lib/python3.9/site-packages/airflow/example_dags/example_xcomargs.py
[2024-12-18 22:05:53,836] {processor.py:651} INFO - DAG(s) dict_keys(['example_xcom_args', 'example_xcom_args_with_operators']) retrieved from /home/patriciacorreia/Documents/airflowalura/venv/lib/python3.9/site-packages/airflow/example_dags/example_xcomargs.py
[2024-12-18 22:05:53,895] {logging_mixin.py:115} INFO - [2024-12-18 22:05:53,895] {dag.py:2379} INFO - Sync 2 DAGs
[2024-12-18 22:05:53,915] {logging_mixin.py:115} INFO - [2024-12-18 22:05:53,915] {dag.py:2927} INFO - Setting next_dagrun for example_xcom_args to None, run_after=None
[2024-12-18 22:05:53,915] {logging_mixin.py:115} INFO - [2024-12-18 22:05:53,915] {dag.py:2927} INFO - Setting next_dagrun for example_xcom_args_with_operators to None, run_after=None
[2024-12-18 22:05:53,931] {processor.py:161} INFO - Processing /home/patriciacorreia/Documents/airflowalura/venv/lib/python3.9/site-packages/airflow/example_dags/example_xcomargs.py took 0.126 seconds
[2024-12-18 22:06:29,612] {processor.py:153} INFO - Started process (PID=14026) to work on /home/patriciacorreia/Documents/airflowalura/venv/lib/python3.9/site-packages/airflow/example_dags/example_xcomargs.py
[2024-12-18 22:06:29,613] {processor.py:641} INFO - Processing file /home/patriciacorreia/Documents/airflowalura/venv/lib/python3.9/site-packages/airflow/example_dags/example_xcomargs.py for tasks to queue
[2024-12-18 22:06:29,614] {logging_mixin.py:115} INFO - [2024-12-18 22:06:29,614] {dagbag.py:507} INFO - Filling up the DagBag from /home/patriciacorreia/Documents/airflowalura/venv/lib/python3.9/site-packages/airflow/example_dags/example_xcomargs.py
[2024-12-18 22:06:29,648] {processor.py:651} INFO - DAG(s) dict_keys(['example_xcom_args', 'example_xcom_args_with_operators']) retrieved from /home/patriciacorreia/Documents/airflowalura/venv/lib/python3.9/site-packages/airflow/example_dags/example_xcomargs.py
[2024-12-18 22:06:29,670] {logging_mixin.py:115} INFO - [2024-12-18 22:06:29,670] {dag.py:2379} INFO - Sync 2 DAGs
[2024-12-18 22:06:29,694] {logging_mixin.py:115} INFO - [2024-12-18 22:06:29,694] {dag.py:2927} INFO - Setting next_dagrun for example_xcom_args to None, run_after=None
[2024-12-18 22:06:29,694] {logging_mixin.py:115} INFO - [2024-12-18 22:06:29,694] {dag.py:2927} INFO - Setting next_dagrun for example_xcom_args_with_operators to None, run_after=None
[2024-12-18 22:06:29,710] {processor.py:161} INFO - Processing /home/patriciacorreia/Documents/airflowalura/venv/lib/python3.9/site-packages/airflow/example_dags/example_xcomargs.py took 0.103 seconds
[2024-12-18 22:07:06,729] {processor.py:153} INFO - Started process (PID=14140) to work on /home/patriciacorreia/Documents/airflowalura/venv/lib/python3.9/site-packages/airflow/example_dags/example_xcomargs.py
[2024-12-18 22:07:06,730] {processor.py:641} INFO - Processing file /home/patriciacorreia/Documents/airflowalura/venv/lib/python3.9/site-packages/airflow/example_dags/example_xcomargs.py for tasks to queue
[2024-12-18 22:07:06,731] {logging_mixin.py:115} INFO - [2024-12-18 22:07:06,731] {dagbag.py:507} INFO - Filling up the DagBag from /home/patriciacorreia/Documents/airflowalura/venv/lib/python3.9/site-packages/airflow/example_dags/example_xcomargs.py
[2024-12-18 22:07:06,763] {processor.py:651} INFO - DAG(s) dict_keys(['example_xcom_args', 'example_xcom_args_with_operators']) retrieved from /home/patriciacorreia/Documents/airflowalura/venv/lib/python3.9/site-packages/airflow/example_dags/example_xcomargs.py
[2024-12-18 22:07:06,831] {logging_mixin.py:115} INFO - [2024-12-18 22:07:06,831] {dag.py:2379} INFO - Sync 2 DAGs
[2024-12-18 22:07:06,861] {logging_mixin.py:115} INFO - [2024-12-18 22:07:06,861] {dag.py:2927} INFO - Setting next_dagrun for example_xcom_args to None, run_after=None
[2024-12-18 22:07:06,861] {logging_mixin.py:115} INFO - [2024-12-18 22:07:06,861] {dag.py:2927} INFO - Setting next_dagrun for example_xcom_args_with_operators to None, run_after=None
[2024-12-18 22:07:06,889] {processor.py:161} INFO - Processing /home/patriciacorreia/Documents/airflowalura/venv/lib/python3.9/site-packages/airflow/example_dags/example_xcomargs.py took 0.165 seconds
[2024-12-18 22:07:41,294] {processor.py:153} INFO - Started process (PID=14207) to work on /home/patriciacorreia/Documents/airflowalura/venv/lib/python3.9/site-packages/airflow/example_dags/example_xcomargs.py
[2024-12-18 22:07:41,295] {processor.py:641} INFO - Processing file /home/patriciacorreia/Documents/airflowalura/venv/lib/python3.9/site-packages/airflow/example_dags/example_xcomargs.py for tasks to queue
[2024-12-18 22:07:41,296] {logging_mixin.py:115} INFO - [2024-12-18 22:07:41,296] {dagbag.py:507} INFO - Filling up the DagBag from /home/patriciacorreia/Documents/airflowalura/venv/lib/python3.9/site-packages/airflow/example_dags/example_xcomargs.py
[2024-12-18 22:07:41,336] {processor.py:651} INFO - DAG(s) dict_keys(['example_xcom_args', 'example_xcom_args_with_operators']) retrieved from /home/patriciacorreia/Documents/airflowalura/venv/lib/python3.9/site-packages/airflow/example_dags/example_xcomargs.py
[2024-12-18 22:07:41,442] {logging_mixin.py:115} INFO - [2024-12-18 22:07:41,442] {dag.py:2379} INFO - Sync 2 DAGs
[2024-12-18 22:07:41,475] {logging_mixin.py:115} INFO - [2024-12-18 22:07:41,474] {dag.py:2927} INFO - Setting next_dagrun for example_xcom_args to None, run_after=None
[2024-12-18 22:07:41,475] {logging_mixin.py:115} INFO - [2024-12-18 22:07:41,475] {dag.py:2927} INFO - Setting next_dagrun for example_xcom_args_with_operators to None, run_after=None
[2024-12-18 22:07:41,509] {processor.py:161} INFO - Processing /home/patriciacorreia/Documents/airflowalura/venv/lib/python3.9/site-packages/airflow/example_dags/example_xcomargs.py took 0.220 seconds
[2024-12-18 22:08:14,112] {processor.py:153} INFO - Started process (PID=14298) to work on /home/patriciacorreia/Documents/airflowalura/venv/lib/python3.9/site-packages/airflow/example_dags/example_xcomargs.py
[2024-12-18 22:08:14,114] {processor.py:641} INFO - Processing file /home/patriciacorreia/Documents/airflowalura/venv/lib/python3.9/site-packages/airflow/example_dags/example_xcomargs.py for tasks to queue
[2024-12-18 22:08:14,115] {logging_mixin.py:115} INFO - [2024-12-18 22:08:14,115] {dagbag.py:507} INFO - Filling up the DagBag from /home/patriciacorreia/Documents/airflowalura/venv/lib/python3.9/site-packages/airflow/example_dags/example_xcomargs.py
[2024-12-18 22:08:14,159] {processor.py:651} INFO - DAG(s) dict_keys(['example_xcom_args', 'example_xcom_args_with_operators']) retrieved from /home/patriciacorreia/Documents/airflowalura/venv/lib/python3.9/site-packages/airflow/example_dags/example_xcomargs.py
[2024-12-18 22:08:14,282] {logging_mixin.py:115} INFO - [2024-12-18 22:08:14,282] {dag.py:2379} INFO - Sync 2 DAGs
[2024-12-18 22:08:14,310] {logging_mixin.py:115} INFO - [2024-12-18 22:08:14,310] {dag.py:2927} INFO - Setting next_dagrun for example_xcom_args to None, run_after=None
[2024-12-18 22:08:14,311] {logging_mixin.py:115} INFO - [2024-12-18 22:08:14,311] {dag.py:2927} INFO - Setting next_dagrun for example_xcom_args_with_operators to None, run_after=None
[2024-12-18 22:08:14,336] {processor.py:161} INFO - Processing /home/patriciacorreia/Documents/airflowalura/venv/lib/python3.9/site-packages/airflow/example_dags/example_xcomargs.py took 0.231 seconds
[2024-12-18 22:08:46,407] {processor.py:153} INFO - Started process (PID=14427) to work on /home/patriciacorreia/Documents/airflowalura/venv/lib/python3.9/site-packages/airflow/example_dags/example_xcomargs.py
[2024-12-18 22:08:46,409] {processor.py:641} INFO - Processing file /home/patriciacorreia/Documents/airflowalura/venv/lib/python3.9/site-packages/airflow/example_dags/example_xcomargs.py for tasks to queue
[2024-12-18 22:08:46,410] {logging_mixin.py:115} INFO - [2024-12-18 22:08:46,410] {dagbag.py:507} INFO - Filling up the DagBag from /home/patriciacorreia/Documents/airflowalura/venv/lib/python3.9/site-packages/airflow/example_dags/example_xcomargs.py
[2024-12-18 22:08:46,456] {processor.py:651} INFO - DAG(s) dict_keys(['example_xcom_args', 'example_xcom_args_with_operators']) retrieved from /home/patriciacorreia/Documents/airflowalura/venv/lib/python3.9/site-packages/airflow/example_dags/example_xcomargs.py
[2024-12-18 22:08:46,488] {logging_mixin.py:115} INFO - [2024-12-18 22:08:46,488] {dag.py:2379} INFO - Sync 2 DAGs
[2024-12-18 22:08:46,527] {logging_mixin.py:115} INFO - [2024-12-18 22:08:46,527] {dag.py:2927} INFO - Setting next_dagrun for example_xcom_args to None, run_after=None
[2024-12-18 22:08:46,528] {logging_mixin.py:115} INFO - [2024-12-18 22:08:46,527] {dag.py:2927} INFO - Setting next_dagrun for example_xcom_args_with_operators to None, run_after=None
[2024-12-18 22:08:46,549] {processor.py:161} INFO - Processing /home/patriciacorreia/Documents/airflowalura/venv/lib/python3.9/site-packages/airflow/example_dags/example_xcomargs.py took 0.152 seconds
[2024-12-18 22:09:18,108] {processor.py:153} INFO - Started process (PID=14562) to work on /home/patriciacorreia/Documents/airflowalura/venv/lib/python3.9/site-packages/airflow/example_dags/example_xcomargs.py
[2024-12-18 22:09:18,109] {processor.py:641} INFO - Processing file /home/patriciacorreia/Documents/airflowalura/venv/lib/python3.9/site-packages/airflow/example_dags/example_xcomargs.py for tasks to queue
[2024-12-18 22:09:18,110] {logging_mixin.py:115} INFO - [2024-12-18 22:09:18,110] {dagbag.py:507} INFO - Filling up the DagBag from /home/patriciacorreia/Documents/airflowalura/venv/lib/python3.9/site-packages/airflow/example_dags/example_xcomargs.py
[2024-12-18 22:09:18,158] {processor.py:651} INFO - DAG(s) dict_keys(['example_xcom_args', 'example_xcom_args_with_operators']) retrieved from /home/patriciacorreia/Documents/airflowalura/venv/lib/python3.9/site-packages/airflow/example_dags/example_xcomargs.py
[2024-12-18 22:09:18,272] {logging_mixin.py:115} INFO - [2024-12-18 22:09:18,272] {dag.py:2379} INFO - Sync 2 DAGs
[2024-12-18 22:09:18,292] {logging_mixin.py:115} INFO - [2024-12-18 22:09:18,292] {dag.py:2927} INFO - Setting next_dagrun for example_xcom_args to None, run_after=None
[2024-12-18 22:09:18,292] {logging_mixin.py:115} INFO - [2024-12-18 22:09:18,292] {dag.py:2927} INFO - Setting next_dagrun for example_xcom_args_with_operators to None, run_after=None
[2024-12-18 22:09:18,309] {processor.py:161} INFO - Processing /home/patriciacorreia/Documents/airflowalura/venv/lib/python3.9/site-packages/airflow/example_dags/example_xcomargs.py took 0.208 seconds
[2024-12-18 22:09:49,989] {processor.py:153} INFO - Started process (PID=14726) to work on /home/patriciacorreia/Documents/airflowalura/venv/lib/python3.9/site-packages/airflow/example_dags/example_xcomargs.py
[2024-12-18 22:09:49,991] {processor.py:641} INFO - Processing file /home/patriciacorreia/Documents/airflowalura/venv/lib/python3.9/site-packages/airflow/example_dags/example_xcomargs.py for tasks to queue
[2024-12-18 22:09:49,992] {logging_mixin.py:115} INFO - [2024-12-18 22:09:49,991] {dagbag.py:507} INFO - Filling up the DagBag from /home/patriciacorreia/Documents/airflowalura/venv/lib/python3.9/site-packages/airflow/example_dags/example_xcomargs.py
[2024-12-18 22:09:50,018] {processor.py:651} INFO - DAG(s) dict_keys(['example_xcom_args', 'example_xcom_args_with_operators']) retrieved from /home/patriciacorreia/Documents/airflowalura/venv/lib/python3.9/site-packages/airflow/example_dags/example_xcomargs.py
[2024-12-18 22:09:50,079] {logging_mixin.py:115} INFO - [2024-12-18 22:09:50,079] {dag.py:2379} INFO - Sync 2 DAGs
[2024-12-18 22:09:50,097] {logging_mixin.py:115} INFO - [2024-12-18 22:09:50,097] {dag.py:2927} INFO - Setting next_dagrun for example_xcom_args to None, run_after=None
[2024-12-18 22:09:50,097] {logging_mixin.py:115} INFO - [2024-12-18 22:09:50,097] {dag.py:2927} INFO - Setting next_dagrun for example_xcom_args_with_operators to None, run_after=None
[2024-12-18 22:09:50,118] {processor.py:161} INFO - Processing /home/patriciacorreia/Documents/airflowalura/venv/lib/python3.9/site-packages/airflow/example_dags/example_xcomargs.py took 0.133 seconds
[2024-12-18 22:10:25,584] {processor.py:153} INFO - Started process (PID=14993) to work on /home/patriciacorreia/Documents/airflowalura/venv/lib/python3.9/site-packages/airflow/example_dags/example_xcomargs.py
[2024-12-18 22:10:25,586] {processor.py:641} INFO - Processing file /home/patriciacorreia/Documents/airflowalura/venv/lib/python3.9/site-packages/airflow/example_dags/example_xcomargs.py for tasks to queue
[2024-12-18 22:10:25,587] {logging_mixin.py:115} INFO - [2024-12-18 22:10:25,587] {dagbag.py:507} INFO - Filling up the DagBag from /home/patriciacorreia/Documents/airflowalura/venv/lib/python3.9/site-packages/airflow/example_dags/example_xcomargs.py
[2024-12-18 22:10:25,629] {processor.py:651} INFO - DAG(s) dict_keys(['example_xcom_args', 'example_xcom_args_with_operators']) retrieved from /home/patriciacorreia/Documents/airflowalura/venv/lib/python3.9/site-packages/airflow/example_dags/example_xcomargs.py
[2024-12-18 22:10:25,743] {logging_mixin.py:115} INFO - [2024-12-18 22:10:25,743] {dag.py:2379} INFO - Sync 2 DAGs
[2024-12-18 22:10:25,772] {logging_mixin.py:115} INFO - [2024-12-18 22:10:25,772] {dag.py:2927} INFO - Setting next_dagrun for example_xcom_args to None, run_after=None
[2024-12-18 22:10:25,772] {logging_mixin.py:115} INFO - [2024-12-18 22:10:25,772] {dag.py:2927} INFO - Setting next_dagrun for example_xcom_args_with_operators to None, run_after=None
[2024-12-18 22:10:25,795] {processor.py:161} INFO - Processing /home/patriciacorreia/Documents/airflowalura/venv/lib/python3.9/site-packages/airflow/example_dags/example_xcomargs.py took 0.217 seconds
[2024-12-18 22:11:00,642] {processor.py:153} INFO - Started process (PID=15385) to work on /home/patriciacorreia/Documents/airflowalura/venv/lib/python3.9/site-packages/airflow/example_dags/example_xcomargs.py
[2024-12-18 22:11:00,644] {processor.py:641} INFO - Processing file /home/patriciacorreia/Documents/airflowalura/venv/lib/python3.9/site-packages/airflow/example_dags/example_xcomargs.py for tasks to queue
[2024-12-18 22:11:00,646] {logging_mixin.py:115} INFO - [2024-12-18 22:11:00,646] {dagbag.py:507} INFO - Filling up the DagBag from /home/patriciacorreia/Documents/airflowalura/venv/lib/python3.9/site-packages/airflow/example_dags/example_xcomargs.py
[2024-12-18 22:11:00,698] {processor.py:651} INFO - DAG(s) dict_keys(['example_xcom_args', 'example_xcom_args_with_operators']) retrieved from /home/patriciacorreia/Documents/airflowalura/venv/lib/python3.9/site-packages/airflow/example_dags/example_xcomargs.py
[2024-12-18 22:11:00,740] {logging_mixin.py:115} INFO - [2024-12-18 22:11:00,740] {dag.py:2379} INFO - Sync 2 DAGs
[2024-12-18 22:11:00,799] {logging_mixin.py:115} INFO - [2024-12-18 22:11:00,799] {dag.py:2927} INFO - Setting next_dagrun for example_xcom_args to None, run_after=None
[2024-12-18 22:11:00,800] {logging_mixin.py:115} INFO - [2024-12-18 22:11:00,800] {dag.py:2927} INFO - Setting next_dagrun for example_xcom_args_with_operators to None, run_after=None
[2024-12-18 22:11:00,866] {processor.py:161} INFO - Processing /home/patriciacorreia/Documents/airflowalura/venv/lib/python3.9/site-packages/airflow/example_dags/example_xcomargs.py took 0.233 seconds
[2024-12-18 22:11:37,540] {processor.py:153} INFO - Started process (PID=15541) to work on /home/patriciacorreia/Documents/airflowalura/venv/lib/python3.9/site-packages/airflow/example_dags/example_xcomargs.py
[2024-12-18 22:11:37,543] {processor.py:641} INFO - Processing file /home/patriciacorreia/Documents/airflowalura/venv/lib/python3.9/site-packages/airflow/example_dags/example_xcomargs.py for tasks to queue
[2024-12-18 22:11:37,545] {logging_mixin.py:115} INFO - [2024-12-18 22:11:37,545] {dagbag.py:507} INFO - Filling up the DagBag from /home/patriciacorreia/Documents/airflowalura/venv/lib/python3.9/site-packages/airflow/example_dags/example_xcomargs.py
[2024-12-18 22:11:37,615] {processor.py:651} INFO - DAG(s) dict_keys(['example_xcom_args', 'example_xcom_args_with_operators']) retrieved from /home/patriciacorreia/Documents/airflowalura/venv/lib/python3.9/site-packages/airflow/example_dags/example_xcomargs.py
[2024-12-18 22:11:37,724] {logging_mixin.py:115} INFO - [2024-12-18 22:11:37,724] {dag.py:2379} INFO - Sync 2 DAGs
[2024-12-18 22:11:37,767] {logging_mixin.py:115} INFO - [2024-12-18 22:11:37,767] {dag.py:2927} INFO - Setting next_dagrun for example_xcom_args to None, run_after=None
[2024-12-18 22:11:37,768] {logging_mixin.py:115} INFO - [2024-12-18 22:11:37,768] {dag.py:2927} INFO - Setting next_dagrun for example_xcom_args_with_operators to None, run_after=None
[2024-12-18 22:11:37,806] {processor.py:161} INFO - Processing /home/patriciacorreia/Documents/airflowalura/venv/lib/python3.9/site-packages/airflow/example_dags/example_xcomargs.py took 0.279 seconds
[2024-12-18 22:12:09,413] {processor.py:153} INFO - Started process (PID=15682) to work on /home/patriciacorreia/Documents/airflowalura/venv/lib/python3.9/site-packages/airflow/example_dags/example_xcomargs.py
[2024-12-18 22:12:09,416] {processor.py:641} INFO - Processing file /home/patriciacorreia/Documents/airflowalura/venv/lib/python3.9/site-packages/airflow/example_dags/example_xcomargs.py for tasks to queue
[2024-12-18 22:12:09,419] {logging_mixin.py:115} INFO - [2024-12-18 22:12:09,418] {dagbag.py:507} INFO - Filling up the DagBag from /home/patriciacorreia/Documents/airflowalura/venv/lib/python3.9/site-packages/airflow/example_dags/example_xcomargs.py
[2024-12-18 22:12:09,479] {processor.py:651} INFO - DAG(s) dict_keys(['example_xcom_args', 'example_xcom_args_with_operators']) retrieved from /home/patriciacorreia/Documents/airflowalura/venv/lib/python3.9/site-packages/airflow/example_dags/example_xcomargs.py
[2024-12-18 22:12:09,509] {logging_mixin.py:115} INFO - [2024-12-18 22:12:09,508] {dag.py:2379} INFO - Sync 2 DAGs
[2024-12-18 22:12:09,540] {logging_mixin.py:115} INFO - [2024-12-18 22:12:09,540] {dag.py:2927} INFO - Setting next_dagrun for example_xcom_args to None, run_after=None
[2024-12-18 22:12:09,540] {logging_mixin.py:115} INFO - [2024-12-18 22:12:09,540] {dag.py:2927} INFO - Setting next_dagrun for example_xcom_args_with_operators to None, run_after=None
[2024-12-18 22:12:09,555] {processor.py:161} INFO - Processing /home/patriciacorreia/Documents/airflowalura/venv/lib/python3.9/site-packages/airflow/example_dags/example_xcomargs.py took 0.156 seconds
[2024-12-18 22:12:49,727] {processor.py:153} INFO - Started process (PID=15870) to work on /home/patriciacorreia/Documents/airflowalura/venv/lib/python3.9/site-packages/airflow/example_dags/example_xcomargs.py
[2024-12-18 22:12:49,729] {processor.py:641} INFO - Processing file /home/patriciacorreia/Documents/airflowalura/venv/lib/python3.9/site-packages/airflow/example_dags/example_xcomargs.py for tasks to queue
[2024-12-18 22:12:49,730] {logging_mixin.py:115} INFO - [2024-12-18 22:12:49,730] {dagbag.py:507} INFO - Filling up the DagBag from /home/patriciacorreia/Documents/airflowalura/venv/lib/python3.9/site-packages/airflow/example_dags/example_xcomargs.py
[2024-12-18 22:12:49,769] {processor.py:651} INFO - DAG(s) dict_keys(['example_xcom_args', 'example_xcom_args_with_operators']) retrieved from /home/patriciacorreia/Documents/airflowalura/venv/lib/python3.9/site-packages/airflow/example_dags/example_xcomargs.py
[2024-12-18 22:12:49,868] {logging_mixin.py:115} INFO - [2024-12-18 22:12:49,868] {dag.py:2379} INFO - Sync 2 DAGs
[2024-12-18 22:12:49,907] {logging_mixin.py:115} INFO - [2024-12-18 22:12:49,907] {dag.py:2927} INFO - Setting next_dagrun for example_xcom_args to None, run_after=None
[2024-12-18 22:12:49,908] {logging_mixin.py:115} INFO - [2024-12-18 22:12:49,908] {dag.py:2927} INFO - Setting next_dagrun for example_xcom_args_with_operators to None, run_after=None
[2024-12-18 22:12:49,941] {processor.py:161} INFO - Processing /home/patriciacorreia/Documents/airflowalura/venv/lib/python3.9/site-packages/airflow/example_dags/example_xcomargs.py took 0.219 seconds
[2024-12-18 22:13:23,926] {processor.py:153} INFO - Started process (PID=16018) to work on /home/patriciacorreia/Documents/airflowalura/venv/lib/python3.9/site-packages/airflow/example_dags/example_xcomargs.py
[2024-12-18 22:13:23,930] {processor.py:641} INFO - Processing file /home/patriciacorreia/Documents/airflowalura/venv/lib/python3.9/site-packages/airflow/example_dags/example_xcomargs.py for tasks to queue
[2024-12-18 22:13:23,933] {logging_mixin.py:115} INFO - [2024-12-18 22:13:23,933] {dagbag.py:507} INFO - Filling up the DagBag from /home/patriciacorreia/Documents/airflowalura/venv/lib/python3.9/site-packages/airflow/example_dags/example_xcomargs.py
[2024-12-18 22:13:24,015] {processor.py:651} INFO - DAG(s) dict_keys(['example_xcom_args', 'example_xcom_args_with_operators']) retrieved from /home/patriciacorreia/Documents/airflowalura/venv/lib/python3.9/site-packages/airflow/example_dags/example_xcomargs.py
[2024-12-18 22:13:24,093] {logging_mixin.py:115} INFO - [2024-12-18 22:13:24,093] {dag.py:2379} INFO - Sync 2 DAGs
[2024-12-18 22:13:24,146] {logging_mixin.py:115} INFO - [2024-12-18 22:13:24,146] {dag.py:2927} INFO - Setting next_dagrun for example_xcom_args to None, run_after=None
[2024-12-18 22:13:24,148] {logging_mixin.py:115} INFO - [2024-12-18 22:13:24,147] {dag.py:2927} INFO - Setting next_dagrun for example_xcom_args_with_operators to None, run_after=None
[2024-12-18 22:13:24,178] {processor.py:161} INFO - Processing /home/patriciacorreia/Documents/airflowalura/venv/lib/python3.9/site-packages/airflow/example_dags/example_xcomargs.py took 0.265 seconds
[2024-12-18 22:13:58,036] {processor.py:153} INFO - Started process (PID=16190) to work on /home/patriciacorreia/Documents/airflowalura/venv/lib/python3.9/site-packages/airflow/example_dags/example_xcomargs.py
[2024-12-18 22:13:58,039] {processor.py:641} INFO - Processing file /home/patriciacorreia/Documents/airflowalura/venv/lib/python3.9/site-packages/airflow/example_dags/example_xcomargs.py for tasks to queue
[2024-12-18 22:13:58,041] {logging_mixin.py:115} INFO - [2024-12-18 22:13:58,041] {dagbag.py:507} INFO - Filling up the DagBag from /home/patriciacorreia/Documents/airflowalura/venv/lib/python3.9/site-packages/airflow/example_dags/example_xcomargs.py
[2024-12-18 22:13:58,122] {processor.py:651} INFO - DAG(s) dict_keys(['example_xcom_args', 'example_xcom_args_with_operators']) retrieved from /home/patriciacorreia/Documents/airflowalura/venv/lib/python3.9/site-packages/airflow/example_dags/example_xcomargs.py
[2024-12-18 22:13:58,297] {logging_mixin.py:115} INFO - [2024-12-18 22:13:58,297] {dag.py:2379} INFO - Sync 2 DAGs
[2024-12-18 22:13:58,316] {logging_mixin.py:115} INFO - [2024-12-18 22:13:58,316] {dag.py:2927} INFO - Setting next_dagrun for example_xcom_args to None, run_after=None
[2024-12-18 22:13:58,316] {logging_mixin.py:115} INFO - [2024-12-18 22:13:58,316] {dag.py:2927} INFO - Setting next_dagrun for example_xcom_args_with_operators to None, run_after=None
[2024-12-18 22:13:58,332] {processor.py:161} INFO - Processing /home/patriciacorreia/Documents/airflowalura/venv/lib/python3.9/site-packages/airflow/example_dags/example_xcomargs.py took 0.309 seconds
[2024-12-18 22:14:32,055] {processor.py:153} INFO - Started process (PID=16355) to work on /home/patriciacorreia/Documents/airflowalura/venv/lib/python3.9/site-packages/airflow/example_dags/example_xcomargs.py
[2024-12-18 22:14:32,057] {processor.py:641} INFO - Processing file /home/patriciacorreia/Documents/airflowalura/venv/lib/python3.9/site-packages/airflow/example_dags/example_xcomargs.py for tasks to queue
[2024-12-18 22:14:32,059] {logging_mixin.py:115} INFO - [2024-12-18 22:14:32,059] {dagbag.py:507} INFO - Filling up the DagBag from /home/patriciacorreia/Documents/airflowalura/venv/lib/python3.9/site-packages/airflow/example_dags/example_xcomargs.py
[2024-12-18 22:14:32,107] {processor.py:651} INFO - DAG(s) dict_keys(['example_xcom_args', 'example_xcom_args_with_operators']) retrieved from /home/patriciacorreia/Documents/airflowalura/venv/lib/python3.9/site-packages/airflow/example_dags/example_xcomargs.py
[2024-12-18 22:14:32,149] {logging_mixin.py:115} INFO - [2024-12-18 22:14:32,149] {dag.py:2379} INFO - Sync 2 DAGs
[2024-12-18 22:14:32,196] {logging_mixin.py:115} INFO - [2024-12-18 22:14:32,196] {dag.py:2927} INFO - Setting next_dagrun for example_xcom_args to None, run_after=None
[2024-12-18 22:14:32,197] {logging_mixin.py:115} INFO - [2024-12-18 22:14:32,197] {dag.py:2927} INFO - Setting next_dagrun for example_xcom_args_with_operators to None, run_after=None
[2024-12-18 22:14:32,221] {processor.py:161} INFO - Processing /home/patriciacorreia/Documents/airflowalura/venv/lib/python3.9/site-packages/airflow/example_dags/example_xcomargs.py took 0.174 seconds
[2024-12-18 22:15:03,387] {processor.py:153} INFO - Started process (PID=16503) to work on /home/patriciacorreia/Documents/airflowalura/venv/lib/python3.9/site-packages/airflow/example_dags/example_xcomargs.py
[2024-12-18 22:15:03,390] {processor.py:641} INFO - Processing file /home/patriciacorreia/Documents/airflowalura/venv/lib/python3.9/site-packages/airflow/example_dags/example_xcomargs.py for tasks to queue
[2024-12-18 22:15:03,397] {logging_mixin.py:115} INFO - [2024-12-18 22:15:03,397] {dagbag.py:507} INFO - Filling up the DagBag from /home/patriciacorreia/Documents/airflowalura/venv/lib/python3.9/site-packages/airflow/example_dags/example_xcomargs.py
[2024-12-18 22:15:03,430] {processor.py:651} INFO - DAG(s) dict_keys(['example_xcom_args', 'example_xcom_args_with_operators']) retrieved from /home/patriciacorreia/Documents/airflowalura/venv/lib/python3.9/site-packages/airflow/example_dags/example_xcomargs.py
[2024-12-18 22:15:03,460] {logging_mixin.py:115} INFO - [2024-12-18 22:15:03,460] {dag.py:2379} INFO - Sync 2 DAGs
[2024-12-18 22:15:03,485] {logging_mixin.py:115} INFO - [2024-12-18 22:15:03,485] {dag.py:2927} INFO - Setting next_dagrun for example_xcom_args to None, run_after=None
[2024-12-18 22:15:03,485] {logging_mixin.py:115} INFO - [2024-12-18 22:15:03,485] {dag.py:2927} INFO - Setting next_dagrun for example_xcom_args_with_operators to None, run_after=None
[2024-12-18 22:15:03,501] {processor.py:161} INFO - Processing /home/patriciacorreia/Documents/airflowalura/venv/lib/python3.9/site-packages/airflow/example_dags/example_xcomargs.py took 0.118 seconds
[2024-12-18 22:15:43,440] {processor.py:153} INFO - Started process (PID=16699) to work on /home/patriciacorreia/Documents/airflowalura/venv/lib/python3.9/site-packages/airflow/example_dags/example_xcomargs.py
[2024-12-18 22:15:43,443] {processor.py:641} INFO - Processing file /home/patriciacorreia/Documents/airflowalura/venv/lib/python3.9/site-packages/airflow/example_dags/example_xcomargs.py for tasks to queue
[2024-12-18 22:15:43,443] {logging_mixin.py:115} INFO - [2024-12-18 22:15:43,443] {dagbag.py:507} INFO - Filling up the DagBag from /home/patriciacorreia/Documents/airflowalura/venv/lib/python3.9/site-packages/airflow/example_dags/example_xcomargs.py
[2024-12-18 22:15:43,483] {processor.py:651} INFO - DAG(s) dict_keys(['example_xcom_args', 'example_xcom_args_with_operators']) retrieved from /home/patriciacorreia/Documents/airflowalura/venv/lib/python3.9/site-packages/airflow/example_dags/example_xcomargs.py
[2024-12-18 22:15:43,573] {logging_mixin.py:115} INFO - [2024-12-18 22:15:43,572] {dag.py:2379} INFO - Sync 2 DAGs
[2024-12-18 22:15:43,597] {logging_mixin.py:115} INFO - [2024-12-18 22:15:43,597] {dag.py:2927} INFO - Setting next_dagrun for example_xcom_args to None, run_after=None
[2024-12-18 22:15:43,597] {logging_mixin.py:115} INFO - [2024-12-18 22:15:43,597] {dag.py:2927} INFO - Setting next_dagrun for example_xcom_args_with_operators to None, run_after=None
[2024-12-18 22:15:43,618] {processor.py:161} INFO - Processing /home/patriciacorreia/Documents/airflowalura/venv/lib/python3.9/site-packages/airflow/example_dags/example_xcomargs.py took 0.183 seconds
[2024-12-18 22:16:18,077] {processor.py:153} INFO - Started process (PID=16876) to work on /home/patriciacorreia/Documents/airflowalura/venv/lib/python3.9/site-packages/airflow/example_dags/example_xcomargs.py
[2024-12-18 22:16:18,081] {processor.py:641} INFO - Processing file /home/patriciacorreia/Documents/airflowalura/venv/lib/python3.9/site-packages/airflow/example_dags/example_xcomargs.py for tasks to queue
[2024-12-18 22:16:18,084] {logging_mixin.py:115} INFO - [2024-12-18 22:16:18,083] {dagbag.py:507} INFO - Filling up the DagBag from /home/patriciacorreia/Documents/airflowalura/venv/lib/python3.9/site-packages/airflow/example_dags/example_xcomargs.py
[2024-12-18 22:16:18,186] {processor.py:651} INFO - DAG(s) dict_keys(['example_xcom_args', 'example_xcom_args_with_operators']) retrieved from /home/patriciacorreia/Documents/airflowalura/venv/lib/python3.9/site-packages/airflow/example_dags/example_xcomargs.py
[2024-12-18 22:16:18,275] {logging_mixin.py:115} INFO - [2024-12-18 22:16:18,275] {dag.py:2379} INFO - Sync 2 DAGs
[2024-12-18 22:16:18,343] {logging_mixin.py:115} INFO - [2024-12-18 22:16:18,342] {dag.py:2927} INFO - Setting next_dagrun for example_xcom_args to None, run_after=None
[2024-12-18 22:16:18,343] {logging_mixin.py:115} INFO - [2024-12-18 22:16:18,343] {dag.py:2927} INFO - Setting next_dagrun for example_xcom_args_with_operators to None, run_after=None
[2024-12-18 22:16:18,384] {processor.py:161} INFO - Processing /home/patriciacorreia/Documents/airflowalura/venv/lib/python3.9/site-packages/airflow/example_dags/example_xcomargs.py took 0.326 seconds
[2024-12-18 22:17:01,573] {processor.py:153} INFO - Started process (PID=17155) to work on /home/patriciacorreia/Documents/airflowalura/venv/lib/python3.9/site-packages/airflow/example_dags/example_xcomargs.py
[2024-12-18 22:17:01,575] {processor.py:641} INFO - Processing file /home/patriciacorreia/Documents/airflowalura/venv/lib/python3.9/site-packages/airflow/example_dags/example_xcomargs.py for tasks to queue
[2024-12-18 22:17:01,576] {logging_mixin.py:115} INFO - [2024-12-18 22:17:01,576] {dagbag.py:507} INFO - Filling up the DagBag from /home/patriciacorreia/Documents/airflowalura/venv/lib/python3.9/site-packages/airflow/example_dags/example_xcomargs.py
[2024-12-18 22:17:01,623] {processor.py:651} INFO - DAG(s) dict_keys(['example_xcom_args', 'example_xcom_args_with_operators']) retrieved from /home/patriciacorreia/Documents/airflowalura/venv/lib/python3.9/site-packages/airflow/example_dags/example_xcomargs.py
[2024-12-18 22:17:01,661] {logging_mixin.py:115} INFO - [2024-12-18 22:17:01,661] {dag.py:2379} INFO - Sync 2 DAGs
[2024-12-18 22:17:01,702] {logging_mixin.py:115} INFO - [2024-12-18 22:17:01,702] {dag.py:2927} INFO - Setting next_dagrun for example_xcom_args to None, run_after=None
[2024-12-18 22:17:01,703] {logging_mixin.py:115} INFO - [2024-12-18 22:17:01,703] {dag.py:2927} INFO - Setting next_dagrun for example_xcom_args_with_operators to None, run_after=None
[2024-12-18 22:17:01,736] {processor.py:161} INFO - Processing /home/patriciacorreia/Documents/airflowalura/venv/lib/python3.9/site-packages/airflow/example_dags/example_xcomargs.py took 0.172 seconds
[2024-12-18 22:17:39,733] {processor.py:153} INFO - Started process (PID=17346) to work on /home/patriciacorreia/Documents/airflowalura/venv/lib/python3.9/site-packages/airflow/example_dags/example_xcomargs.py
[2024-12-18 22:17:39,737] {processor.py:641} INFO - Processing file /home/patriciacorreia/Documents/airflowalura/venv/lib/python3.9/site-packages/airflow/example_dags/example_xcomargs.py for tasks to queue
[2024-12-18 22:17:39,742] {logging_mixin.py:115} INFO - [2024-12-18 22:17:39,742] {dagbag.py:507} INFO - Filling up the DagBag from /home/patriciacorreia/Documents/airflowalura/venv/lib/python3.9/site-packages/airflow/example_dags/example_xcomargs.py
[2024-12-18 22:17:39,842] {processor.py:651} INFO - DAG(s) dict_keys(['example_xcom_args', 'example_xcom_args_with_operators']) retrieved from /home/patriciacorreia/Documents/airflowalura/venv/lib/python3.9/site-packages/airflow/example_dags/example_xcomargs.py
[2024-12-18 22:17:39,935] {logging_mixin.py:115} INFO - [2024-12-18 22:17:39,935] {dag.py:2379} INFO - Sync 2 DAGs
[2024-12-18 22:17:40,001] {logging_mixin.py:115} INFO - [2024-12-18 22:17:40,001] {dag.py:2927} INFO - Setting next_dagrun for example_xcom_args to None, run_after=None
[2024-12-18 22:17:40,002] {logging_mixin.py:115} INFO - [2024-12-18 22:17:40,002] {dag.py:2927} INFO - Setting next_dagrun for example_xcom_args_with_operators to None, run_after=None
[2024-12-18 22:17:40,071] {processor.py:161} INFO - Processing /home/patriciacorreia/Documents/airflowalura/venv/lib/python3.9/site-packages/airflow/example_dags/example_xcomargs.py took 0.353 seconds
[2024-12-18 22:18:15,107] {processor.py:153} INFO - Started process (PID=17505) to work on /home/patriciacorreia/Documents/airflowalura/venv/lib/python3.9/site-packages/airflow/example_dags/example_xcomargs.py
[2024-12-18 22:18:15,114] {processor.py:641} INFO - Processing file /home/patriciacorreia/Documents/airflowalura/venv/lib/python3.9/site-packages/airflow/example_dags/example_xcomargs.py for tasks to queue
[2024-12-18 22:18:15,117] {logging_mixin.py:115} INFO - [2024-12-18 22:18:15,117] {dagbag.py:507} INFO - Filling up the DagBag from /home/patriciacorreia/Documents/airflowalura/venv/lib/python3.9/site-packages/airflow/example_dags/example_xcomargs.py
[2024-12-18 22:18:15,203] {processor.py:651} INFO - DAG(s) dict_keys(['example_xcom_args', 'example_xcom_args_with_operators']) retrieved from /home/patriciacorreia/Documents/airflowalura/venv/lib/python3.9/site-packages/airflow/example_dags/example_xcomargs.py
[2024-12-18 22:18:15,280] {logging_mixin.py:115} INFO - [2024-12-18 22:18:15,279] {dag.py:2379} INFO - Sync 2 DAGs
[2024-12-18 22:18:15,355] {logging_mixin.py:115} INFO - [2024-12-18 22:18:15,354] {dag.py:2927} INFO - Setting next_dagrun for example_xcom_args to None, run_after=None
[2024-12-18 22:18:15,356] {logging_mixin.py:115} INFO - [2024-12-18 22:18:15,356] {dag.py:2927} INFO - Setting next_dagrun for example_xcom_args_with_operators to None, run_after=None
[2024-12-18 22:18:15,399] {processor.py:161} INFO - Processing /home/patriciacorreia/Documents/airflowalura/venv/lib/python3.9/site-packages/airflow/example_dags/example_xcomargs.py took 0.306 seconds
[2024-12-18 22:19:25,192] {processor.py:153} INFO - Started process (PID=17793) to work on /home/patriciacorreia/Documents/airflowalura/venv/lib/python3.9/site-packages/airflow/example_dags/example_xcomargs.py
[2024-12-18 22:19:25,194] {processor.py:641} INFO - Processing file /home/patriciacorreia/Documents/airflowalura/venv/lib/python3.9/site-packages/airflow/example_dags/example_xcomargs.py for tasks to queue
[2024-12-18 22:19:25,194] {logging_mixin.py:115} INFO - [2024-12-18 22:19:25,194] {dagbag.py:507} INFO - Filling up the DagBag from /home/patriciacorreia/Documents/airflowalura/venv/lib/python3.9/site-packages/airflow/example_dags/example_xcomargs.py
[2024-12-18 22:19:25,227] {processor.py:651} INFO - DAG(s) dict_keys(['example_xcom_args', 'example_xcom_args_with_operators']) retrieved from /home/patriciacorreia/Documents/airflowalura/venv/lib/python3.9/site-packages/airflow/example_dags/example_xcomargs.py
[2024-12-18 22:19:25,320] {logging_mixin.py:115} INFO - [2024-12-18 22:19:25,320] {dag.py:2379} INFO - Sync 2 DAGs
[2024-12-18 22:19:25,344] {logging_mixin.py:115} INFO - [2024-12-18 22:19:25,344] {dag.py:2927} INFO - Setting next_dagrun for example_xcom_args to None, run_after=None
[2024-12-18 22:19:25,344] {logging_mixin.py:115} INFO - [2024-12-18 22:19:25,344] {dag.py:2927} INFO - Setting next_dagrun for example_xcom_args_with_operators to None, run_after=None
[2024-12-18 22:19:25,379] {processor.py:161} INFO - Processing /home/patriciacorreia/Documents/airflowalura/venv/lib/python3.9/site-packages/airflow/example_dags/example_xcomargs.py took 0.192 seconds
[2024-12-18 22:20:06,197] {processor.py:153} INFO - Started process (PID=18000) to work on /home/patriciacorreia/Documents/airflowalura/venv/lib/python3.9/site-packages/airflow/example_dags/example_xcomargs.py
[2024-12-18 22:20:06,216] {processor.py:641} INFO - Processing file /home/patriciacorreia/Documents/airflowalura/venv/lib/python3.9/site-packages/airflow/example_dags/example_xcomargs.py for tasks to queue
[2024-12-18 22:20:06,222] {logging_mixin.py:115} INFO - [2024-12-18 22:20:06,222] {dagbag.py:507} INFO - Filling up the DagBag from /home/patriciacorreia/Documents/airflowalura/venv/lib/python3.9/site-packages/airflow/example_dags/example_xcomargs.py
[2024-12-18 22:20:06,459] {processor.py:651} INFO - DAG(s) dict_keys(['example_xcom_args', 'example_xcom_args_with_operators']) retrieved from /home/patriciacorreia/Documents/airflowalura/venv/lib/python3.9/site-packages/airflow/example_dags/example_xcomargs.py
[2024-12-18 22:20:06,661] {logging_mixin.py:115} INFO - [2024-12-18 22:20:06,661] {dag.py:2379} INFO - Sync 2 DAGs
[2024-12-18 22:20:06,738] {logging_mixin.py:115} INFO - [2024-12-18 22:20:06,737] {dag.py:2927} INFO - Setting next_dagrun for example_xcom_args to None, run_after=None
[2024-12-18 22:20:06,739] {logging_mixin.py:115} INFO - [2024-12-18 22:20:06,739] {dag.py:2927} INFO - Setting next_dagrun for example_xcom_args_with_operators to None, run_after=None
[2024-12-18 22:20:06,795] {processor.py:161} INFO - Processing /home/patriciacorreia/Documents/airflowalura/venv/lib/python3.9/site-packages/airflow/example_dags/example_xcomargs.py took 0.631 seconds
[2024-12-18 22:20:41,490] {processor.py:153} INFO - Started process (PID=18180) to work on /home/patriciacorreia/Documents/airflowalura/venv/lib/python3.9/site-packages/airflow/example_dags/example_xcomargs.py
[2024-12-18 22:20:41,491] {processor.py:641} INFO - Processing file /home/patriciacorreia/Documents/airflowalura/venv/lib/python3.9/site-packages/airflow/example_dags/example_xcomargs.py for tasks to queue
[2024-12-18 22:20:41,492] {logging_mixin.py:115} INFO - [2024-12-18 22:20:41,492] {dagbag.py:507} INFO - Filling up the DagBag from /home/patriciacorreia/Documents/airflowalura/venv/lib/python3.9/site-packages/airflow/example_dags/example_xcomargs.py
[2024-12-18 22:20:41,513] {processor.py:651} INFO - DAG(s) dict_keys(['example_xcom_args', 'example_xcom_args_with_operators']) retrieved from /home/patriciacorreia/Documents/airflowalura/venv/lib/python3.9/site-packages/airflow/example_dags/example_xcomargs.py
[2024-12-18 22:20:41,530] {logging_mixin.py:115} INFO - [2024-12-18 22:20:41,530] {dag.py:2379} INFO - Sync 2 DAGs
[2024-12-18 22:20:41,551] {logging_mixin.py:115} INFO - [2024-12-18 22:20:41,551] {dag.py:2927} INFO - Setting next_dagrun for example_xcom_args to None, run_after=None
[2024-12-18 22:20:41,551] {logging_mixin.py:115} INFO - [2024-12-18 22:20:41,551] {dag.py:2927} INFO - Setting next_dagrun for example_xcom_args_with_operators to None, run_after=None
[2024-12-18 22:20:41,569] {processor.py:161} INFO - Processing /home/patriciacorreia/Documents/airflowalura/venv/lib/python3.9/site-packages/airflow/example_dags/example_xcomargs.py took 0.083 seconds
[2024-12-18 22:21:16,723] {processor.py:153} INFO - Started process (PID=18349) to work on /home/patriciacorreia/Documents/airflowalura/venv/lib/python3.9/site-packages/airflow/example_dags/example_xcomargs.py
[2024-12-18 22:21:16,724] {processor.py:641} INFO - Processing file /home/patriciacorreia/Documents/airflowalura/venv/lib/python3.9/site-packages/airflow/example_dags/example_xcomargs.py for tasks to queue
[2024-12-18 22:21:16,725] {logging_mixin.py:115} INFO - [2024-12-18 22:21:16,725] {dagbag.py:507} INFO - Filling up the DagBag from /home/patriciacorreia/Documents/airflowalura/venv/lib/python3.9/site-packages/airflow/example_dags/example_xcomargs.py
[2024-12-18 22:21:16,763] {processor.py:651} INFO - DAG(s) dict_keys(['example_xcom_args', 'example_xcom_args_with_operators']) retrieved from /home/patriciacorreia/Documents/airflowalura/venv/lib/python3.9/site-packages/airflow/example_dags/example_xcomargs.py
[2024-12-18 22:21:16,857] {logging_mixin.py:115} INFO - [2024-12-18 22:21:16,856] {dag.py:2379} INFO - Sync 2 DAGs
[2024-12-18 22:21:16,881] {logging_mixin.py:115} INFO - [2024-12-18 22:21:16,881] {dag.py:2927} INFO - Setting next_dagrun for example_xcom_args to None, run_after=None
[2024-12-18 22:21:16,883] {logging_mixin.py:115} INFO - [2024-12-18 22:21:16,883] {dag.py:2927} INFO - Setting next_dagrun for example_xcom_args_with_operators to None, run_after=None
[2024-12-18 22:21:16,907] {processor.py:161} INFO - Processing /home/patriciacorreia/Documents/airflowalura/venv/lib/python3.9/site-packages/airflow/example_dags/example_xcomargs.py took 0.195 seconds
[2024-12-18 22:21:51,671] {processor.py:153} INFO - Started process (PID=18509) to work on /home/patriciacorreia/Documents/airflowalura/venv/lib/python3.9/site-packages/airflow/example_dags/example_xcomargs.py
[2024-12-18 22:21:51,673] {processor.py:641} INFO - Processing file /home/patriciacorreia/Documents/airflowalura/venv/lib/python3.9/site-packages/airflow/example_dags/example_xcomargs.py for tasks to queue
[2024-12-18 22:21:51,674] {logging_mixin.py:115} INFO - [2024-12-18 22:21:51,674] {dagbag.py:507} INFO - Filling up the DagBag from /home/patriciacorreia/Documents/airflowalura/venv/lib/python3.9/site-packages/airflow/example_dags/example_xcomargs.py
[2024-12-18 22:21:51,728] {processor.py:651} INFO - DAG(s) dict_keys(['example_xcom_args', 'example_xcom_args_with_operators']) retrieved from /home/patriciacorreia/Documents/airflowalura/venv/lib/python3.9/site-packages/airflow/example_dags/example_xcomargs.py
[2024-12-18 22:21:51,873] {logging_mixin.py:115} INFO - [2024-12-18 22:21:51,872] {dag.py:2379} INFO - Sync 2 DAGs
[2024-12-18 22:21:51,911] {logging_mixin.py:115} INFO - [2024-12-18 22:21:51,911] {dag.py:2927} INFO - Setting next_dagrun for example_xcom_args to None, run_after=None
[2024-12-18 22:21:51,912] {logging_mixin.py:115} INFO - [2024-12-18 22:21:51,912] {dag.py:2927} INFO - Setting next_dagrun for example_xcom_args_with_operators to None, run_after=None
[2024-12-18 22:21:51,944] {processor.py:161} INFO - Processing /home/patriciacorreia/Documents/airflowalura/venv/lib/python3.9/site-packages/airflow/example_dags/example_xcomargs.py took 0.283 seconds
[2024-12-18 22:22:26,988] {processor.py:153} INFO - Started process (PID=18669) to work on /home/patriciacorreia/Documents/airflowalura/venv/lib/python3.9/site-packages/airflow/example_dags/example_xcomargs.py
[2024-12-18 22:22:26,993] {processor.py:641} INFO - Processing file /home/patriciacorreia/Documents/airflowalura/venv/lib/python3.9/site-packages/airflow/example_dags/example_xcomargs.py for tasks to queue
[2024-12-18 22:22:26,997] {logging_mixin.py:115} INFO - [2024-12-18 22:22:26,996] {dagbag.py:507} INFO - Filling up the DagBag from /home/patriciacorreia/Documents/airflowalura/venv/lib/python3.9/site-packages/airflow/example_dags/example_xcomargs.py
[2024-12-18 22:22:27,093] {processor.py:651} INFO - DAG(s) dict_keys(['example_xcom_args', 'example_xcom_args_with_operators']) retrieved from /home/patriciacorreia/Documents/airflowalura/venv/lib/python3.9/site-packages/airflow/example_dags/example_xcomargs.py
[2024-12-18 22:22:27,176] {logging_mixin.py:115} INFO - [2024-12-18 22:22:27,176] {dag.py:2379} INFO - Sync 2 DAGs
[2024-12-18 22:22:27,204] {logging_mixin.py:115} INFO - [2024-12-18 22:22:27,204] {dag.py:2927} INFO - Setting next_dagrun for example_xcom_args to None, run_after=None
[2024-12-18 22:22:27,204] {logging_mixin.py:115} INFO - [2024-12-18 22:22:27,204] {dag.py:2927} INFO - Setting next_dagrun for example_xcom_args_with_operators to None, run_after=None
[2024-12-18 22:22:27,226] {processor.py:161} INFO - Processing /home/patriciacorreia/Documents/airflowalura/venv/lib/python3.9/site-packages/airflow/example_dags/example_xcomargs.py took 0.258 seconds
[2024-12-18 22:23:06,796] {processor.py:153} INFO - Started process (PID=18860) to work on /home/patriciacorreia/Documents/airflowalura/venv/lib/python3.9/site-packages/airflow/example_dags/example_xcomargs.py
[2024-12-18 22:23:06,798] {processor.py:641} INFO - Processing file /home/patriciacorreia/Documents/airflowalura/venv/lib/python3.9/site-packages/airflow/example_dags/example_xcomargs.py for tasks to queue
[2024-12-18 22:23:06,799] {logging_mixin.py:115} INFO - [2024-12-18 22:23:06,799] {dagbag.py:507} INFO - Filling up the DagBag from /home/patriciacorreia/Documents/airflowalura/venv/lib/python3.9/site-packages/airflow/example_dags/example_xcomargs.py
[2024-12-18 22:23:06,837] {processor.py:651} INFO - DAG(s) dict_keys(['example_xcom_args', 'example_xcom_args_with_operators']) retrieved from /home/patriciacorreia/Documents/airflowalura/venv/lib/python3.9/site-packages/airflow/example_dags/example_xcomargs.py
[2024-12-18 22:23:06,905] {logging_mixin.py:115} INFO - [2024-12-18 22:23:06,905] {dag.py:2379} INFO - Sync 2 DAGs
[2024-12-18 22:23:06,929] {logging_mixin.py:115} INFO - [2024-12-18 22:23:06,929] {dag.py:2927} INFO - Setting next_dagrun for example_xcom_args to None, run_after=None
[2024-12-18 22:23:06,929] {logging_mixin.py:115} INFO - [2024-12-18 22:23:06,929] {dag.py:2927} INFO - Setting next_dagrun for example_xcom_args_with_operators to None, run_after=None
[2024-12-18 22:23:06,951] {processor.py:161} INFO - Processing /home/patriciacorreia/Documents/airflowalura/venv/lib/python3.9/site-packages/airflow/example_dags/example_xcomargs.py took 0.160 seconds
[2024-12-18 22:23:38,896] {processor.py:153} INFO - Started process (PID=19006) to work on /home/patriciacorreia/Documents/airflowalura/venv/lib/python3.9/site-packages/airflow/example_dags/example_xcomargs.py
[2024-12-18 22:23:38,897] {processor.py:641} INFO - Processing file /home/patriciacorreia/Documents/airflowalura/venv/lib/python3.9/site-packages/airflow/example_dags/example_xcomargs.py for tasks to queue
[2024-12-18 22:23:38,898] {logging_mixin.py:115} INFO - [2024-12-18 22:23:38,898] {dagbag.py:507} INFO - Filling up the DagBag from /home/patriciacorreia/Documents/airflowalura/venv/lib/python3.9/site-packages/airflow/example_dags/example_xcomargs.py
[2024-12-18 22:23:38,934] {processor.py:651} INFO - DAG(s) dict_keys(['example_xcom_args', 'example_xcom_args_with_operators']) retrieved from /home/patriciacorreia/Documents/airflowalura/venv/lib/python3.9/site-packages/airflow/example_dags/example_xcomargs.py
[2024-12-18 22:23:39,000] {logging_mixin.py:115} INFO - [2024-12-18 22:23:39,000] {dag.py:2379} INFO - Sync 2 DAGs
[2024-12-18 22:23:39,028] {logging_mixin.py:115} INFO - [2024-12-18 22:23:39,028] {dag.py:2927} INFO - Setting next_dagrun for example_xcom_args to None, run_after=None
[2024-12-18 22:23:39,029] {logging_mixin.py:115} INFO - [2024-12-18 22:23:39,029] {dag.py:2927} INFO - Setting next_dagrun for example_xcom_args_with_operators to None, run_after=None
[2024-12-18 22:23:39,053] {processor.py:161} INFO - Processing /home/patriciacorreia/Documents/airflowalura/venv/lib/python3.9/site-packages/airflow/example_dags/example_xcomargs.py took 0.163 seconds
[2024-12-18 22:24:13,865] {processor.py:153} INFO - Started process (PID=19175) to work on /home/patriciacorreia/Documents/airflowalura/venv/lib/python3.9/site-packages/airflow/example_dags/example_xcomargs.py
[2024-12-18 22:24:13,871] {processor.py:641} INFO - Processing file /home/patriciacorreia/Documents/airflowalura/venv/lib/python3.9/site-packages/airflow/example_dags/example_xcomargs.py for tasks to queue
[2024-12-18 22:24:13,876] {logging_mixin.py:115} INFO - [2024-12-18 22:24:13,876] {dagbag.py:507} INFO - Filling up the DagBag from /home/patriciacorreia/Documents/airflowalura/venv/lib/python3.9/site-packages/airflow/example_dags/example_xcomargs.py
[2024-12-18 22:24:14,017] {processor.py:651} INFO - DAG(s) dict_keys(['example_xcom_args', 'example_xcom_args_with_operators']) retrieved from /home/patriciacorreia/Documents/airflowalura/venv/lib/python3.9/site-packages/airflow/example_dags/example_xcomargs.py
[2024-12-18 22:24:14,327] {logging_mixin.py:115} INFO - [2024-12-18 22:24:14,327] {dag.py:2379} INFO - Sync 2 DAGs
[2024-12-18 22:24:14,375] {logging_mixin.py:115} INFO - [2024-12-18 22:24:14,374] {dag.py:2927} INFO - Setting next_dagrun for example_xcom_args to None, run_after=None
[2024-12-18 22:24:14,375] {logging_mixin.py:115} INFO - [2024-12-18 22:24:14,375] {dag.py:2927} INFO - Setting next_dagrun for example_xcom_args_with_operators to None, run_after=None
[2024-12-18 22:24:14,415] {processor.py:161} INFO - Processing /home/patriciacorreia/Documents/airflowalura/venv/lib/python3.9/site-packages/airflow/example_dags/example_xcomargs.py took 0.567 seconds
[2024-12-18 22:24:50,583] {processor.py:153} INFO - Started process (PID=19339) to work on /home/patriciacorreia/Documents/airflowalura/venv/lib/python3.9/site-packages/airflow/example_dags/example_xcomargs.py
[2024-12-18 22:24:50,589] {processor.py:641} INFO - Processing file /home/patriciacorreia/Documents/airflowalura/venv/lib/python3.9/site-packages/airflow/example_dags/example_xcomargs.py for tasks to queue
[2024-12-18 22:24:50,595] {logging_mixin.py:115} INFO - [2024-12-18 22:24:50,595] {dagbag.py:507} INFO - Filling up the DagBag from /home/patriciacorreia/Documents/airflowalura/venv/lib/python3.9/site-packages/airflow/example_dags/example_xcomargs.py
[2024-12-18 22:24:50,692] {processor.py:651} INFO - DAG(s) dict_keys(['example_xcom_args', 'example_xcom_args_with_operators']) retrieved from /home/patriciacorreia/Documents/airflowalura/venv/lib/python3.9/site-packages/airflow/example_dags/example_xcomargs.py
[2024-12-18 22:24:50,780] {logging_mixin.py:115} INFO - [2024-12-18 22:24:50,780] {dag.py:2379} INFO - Sync 2 DAGs
[2024-12-18 22:24:50,805] {logging_mixin.py:115} INFO - [2024-12-18 22:24:50,805] {dag.py:2927} INFO - Setting next_dagrun for example_xcom_args to None, run_after=None
[2024-12-18 22:24:50,806] {logging_mixin.py:115} INFO - [2024-12-18 22:24:50,805] {dag.py:2927} INFO - Setting next_dagrun for example_xcom_args_with_operators to None, run_after=None
[2024-12-18 22:24:50,827] {processor.py:161} INFO - Processing /home/patriciacorreia/Documents/airflowalura/venv/lib/python3.9/site-packages/airflow/example_dags/example_xcomargs.py took 0.264 seconds
[2024-12-18 22:25:23,718] {processor.py:153} INFO - Started process (PID=19522) to work on /home/patriciacorreia/Documents/airflowalura/venv/lib/python3.9/site-packages/airflow/example_dags/example_xcomargs.py
[2024-12-18 22:25:23,721] {processor.py:641} INFO - Processing file /home/patriciacorreia/Documents/airflowalura/venv/lib/python3.9/site-packages/airflow/example_dags/example_xcomargs.py for tasks to queue
[2024-12-18 22:25:23,723] {logging_mixin.py:115} INFO - [2024-12-18 22:25:23,723] {dagbag.py:507} INFO - Filling up the DagBag from /home/patriciacorreia/Documents/airflowalura/venv/lib/python3.9/site-packages/airflow/example_dags/example_xcomargs.py
[2024-12-18 22:25:23,835] {processor.py:651} INFO - DAG(s) dict_keys(['example_xcom_args', 'example_xcom_args_with_operators']) retrieved from /home/patriciacorreia/Documents/airflowalura/venv/lib/python3.9/site-packages/airflow/example_dags/example_xcomargs.py
[2024-12-18 22:25:24,090] {logging_mixin.py:115} INFO - [2024-12-18 22:25:24,090] {dag.py:2379} INFO - Sync 2 DAGs
[2024-12-18 22:25:24,165] {logging_mixin.py:115} INFO - [2024-12-18 22:25:24,164] {dag.py:2927} INFO - Setting next_dagrun for example_xcom_args to None, run_after=None
[2024-12-18 22:25:24,166] {logging_mixin.py:115} INFO - [2024-12-18 22:25:24,166] {dag.py:2927} INFO - Setting next_dagrun for example_xcom_args_with_operators to None, run_after=None
[2024-12-18 22:25:24,225] {processor.py:161} INFO - Processing /home/patriciacorreia/Documents/airflowalura/venv/lib/python3.9/site-packages/airflow/example_dags/example_xcomargs.py took 0.525 seconds
[2024-12-18 22:26:08,908] {processor.py:153} INFO - Started process (PID=19726) to work on /home/patriciacorreia/Documents/airflowalura/venv/lib/python3.9/site-packages/airflow/example_dags/example_xcomargs.py
[2024-12-18 22:26:08,913] {processor.py:641} INFO - Processing file /home/patriciacorreia/Documents/airflowalura/venv/lib/python3.9/site-packages/airflow/example_dags/example_xcomargs.py for tasks to queue
[2024-12-18 22:26:08,919] {logging_mixin.py:115} INFO - [2024-12-18 22:26:08,918] {dagbag.py:507} INFO - Filling up the DagBag from /home/patriciacorreia/Documents/airflowalura/venv/lib/python3.9/site-packages/airflow/example_dags/example_xcomargs.py
[2024-12-18 22:26:09,037] {processor.py:651} INFO - DAG(s) dict_keys(['example_xcom_args', 'example_xcom_args_with_operators']) retrieved from /home/patriciacorreia/Documents/airflowalura/venv/lib/python3.9/site-packages/airflow/example_dags/example_xcomargs.py
[2024-12-18 22:26:09,163] {logging_mixin.py:115} INFO - [2024-12-18 22:26:09,162] {dag.py:2379} INFO - Sync 2 DAGs
[2024-12-18 22:26:09,229] {logging_mixin.py:115} INFO - [2024-12-18 22:26:09,228] {dag.py:2927} INFO - Setting next_dagrun for example_xcom_args to None, run_after=None
[2024-12-18 22:26:09,230] {logging_mixin.py:115} INFO - [2024-12-18 22:26:09,230] {dag.py:2927} INFO - Setting next_dagrun for example_xcom_args_with_operators to None, run_after=None
[2024-12-18 22:26:09,267] {processor.py:161} INFO - Processing /home/patriciacorreia/Documents/airflowalura/venv/lib/python3.9/site-packages/airflow/example_dags/example_xcomargs.py took 0.375 seconds
[2024-12-18 22:26:43,886] {processor.py:153} INFO - Started process (PID=19881) to work on /home/patriciacorreia/Documents/airflowalura/venv/lib/python3.9/site-packages/airflow/example_dags/example_xcomargs.py
[2024-12-18 22:26:43,887] {processor.py:641} INFO - Processing file /home/patriciacorreia/Documents/airflowalura/venv/lib/python3.9/site-packages/airflow/example_dags/example_xcomargs.py for tasks to queue
[2024-12-18 22:26:43,888] {logging_mixin.py:115} INFO - [2024-12-18 22:26:43,888] {dagbag.py:507} INFO - Filling up the DagBag from /home/patriciacorreia/Documents/airflowalura/venv/lib/python3.9/site-packages/airflow/example_dags/example_xcomargs.py
[2024-12-18 22:26:43,930] {processor.py:651} INFO - DAG(s) dict_keys(['example_xcom_args', 'example_xcom_args_with_operators']) retrieved from /home/patriciacorreia/Documents/airflowalura/venv/lib/python3.9/site-packages/airflow/example_dags/example_xcomargs.py
[2024-12-18 22:26:43,978] {logging_mixin.py:115} INFO - [2024-12-18 22:26:43,978] {dag.py:2379} INFO - Sync 2 DAGs
[2024-12-18 22:26:44,025] {logging_mixin.py:115} INFO - [2024-12-18 22:26:44,024] {dag.py:2927} INFO - Setting next_dagrun for example_xcom_args to None, run_after=None
[2024-12-18 22:26:44,026] {logging_mixin.py:115} INFO - [2024-12-18 22:26:44,026] {dag.py:2927} INFO - Setting next_dagrun for example_xcom_args_with_operators to None, run_after=None
[2024-12-18 22:26:44,064] {processor.py:161} INFO - Processing /home/patriciacorreia/Documents/airflowalura/venv/lib/python3.9/site-packages/airflow/example_dags/example_xcomargs.py took 0.186 seconds
[2024-12-18 22:27:16,386] {processor.py:153} INFO - Started process (PID=20029) to work on /home/patriciacorreia/Documents/airflowalura/venv/lib/python3.9/site-packages/airflow/example_dags/example_xcomargs.py
[2024-12-18 22:27:16,390] {processor.py:641} INFO - Processing file /home/patriciacorreia/Documents/airflowalura/venv/lib/python3.9/site-packages/airflow/example_dags/example_xcomargs.py for tasks to queue
[2024-12-18 22:27:16,393] {logging_mixin.py:115} INFO - [2024-12-18 22:27:16,393] {dagbag.py:507} INFO - Filling up the DagBag from /home/patriciacorreia/Documents/airflowalura/venv/lib/python3.9/site-packages/airflow/example_dags/example_xcomargs.py
[2024-12-18 22:27:16,473] {processor.py:651} INFO - DAG(s) dict_keys(['example_xcom_args', 'example_xcom_args_with_operators']) retrieved from /home/patriciacorreia/Documents/airflowalura/venv/lib/python3.9/site-packages/airflow/example_dags/example_xcomargs.py
[2024-12-18 22:27:16,572] {logging_mixin.py:115} INFO - [2024-12-18 22:27:16,572] {dag.py:2379} INFO - Sync 2 DAGs
[2024-12-18 22:27:16,595] {logging_mixin.py:115} INFO - [2024-12-18 22:27:16,595] {dag.py:2927} INFO - Setting next_dagrun for example_xcom_args to None, run_after=None
[2024-12-18 22:27:16,595] {logging_mixin.py:115} INFO - [2024-12-18 22:27:16,595] {dag.py:2927} INFO - Setting next_dagrun for example_xcom_args_with_operators to None, run_after=None
[2024-12-18 22:27:16,612] {processor.py:161} INFO - Processing /home/patriciacorreia/Documents/airflowalura/venv/lib/python3.9/site-packages/airflow/example_dags/example_xcomargs.py took 0.240 seconds
[2024-12-18 22:27:47,799] {processor.py:153} INFO - Started process (PID=20182) to work on /home/patriciacorreia/Documents/airflowalura/venv/lib/python3.9/site-packages/airflow/example_dags/example_xcomargs.py
[2024-12-18 22:27:47,801] {processor.py:641} INFO - Processing file /home/patriciacorreia/Documents/airflowalura/venv/lib/python3.9/site-packages/airflow/example_dags/example_xcomargs.py for tasks to queue
[2024-12-18 22:27:47,802] {logging_mixin.py:115} INFO - [2024-12-18 22:27:47,802] {dagbag.py:507} INFO - Filling up the DagBag from /home/patriciacorreia/Documents/airflowalura/venv/lib/python3.9/site-packages/airflow/example_dags/example_xcomargs.py
[2024-12-18 22:27:47,843] {processor.py:651} INFO - DAG(s) dict_keys(['example_xcom_args', 'example_xcom_args_with_operators']) retrieved from /home/patriciacorreia/Documents/airflowalura/venv/lib/python3.9/site-packages/airflow/example_dags/example_xcomargs.py
[2024-12-18 22:27:47,884] {logging_mixin.py:115} INFO - [2024-12-18 22:27:47,884] {dag.py:2379} INFO - Sync 2 DAGs
[2024-12-18 22:27:47,909] {logging_mixin.py:115} INFO - [2024-12-18 22:27:47,909] {dag.py:2927} INFO - Setting next_dagrun for example_xcom_args to None, run_after=None
[2024-12-18 22:27:47,909] {logging_mixin.py:115} INFO - [2024-12-18 22:27:47,909] {dag.py:2927} INFO - Setting next_dagrun for example_xcom_args_with_operators to None, run_after=None
[2024-12-18 22:27:47,924] {processor.py:161} INFO - Processing /home/patriciacorreia/Documents/airflowalura/venv/lib/python3.9/site-packages/airflow/example_dags/example_xcomargs.py took 0.132 seconds
[2024-12-18 22:28:22,343] {processor.py:153} INFO - Started process (PID=20349) to work on /home/patriciacorreia/Documents/airflowalura/venv/lib/python3.9/site-packages/airflow/example_dags/example_xcomargs.py
[2024-12-18 22:28:22,347] {processor.py:641} INFO - Processing file /home/patriciacorreia/Documents/airflowalura/venv/lib/python3.9/site-packages/airflow/example_dags/example_xcomargs.py for tasks to queue
[2024-12-18 22:28:22,349] {logging_mixin.py:115} INFO - [2024-12-18 22:28:22,348] {dagbag.py:507} INFO - Filling up the DagBag from /home/patriciacorreia/Documents/airflowalura/venv/lib/python3.9/site-packages/airflow/example_dags/example_xcomargs.py
[2024-12-18 22:28:22,416] {processor.py:651} INFO - DAG(s) dict_keys(['example_xcom_args', 'example_xcom_args_with_operators']) retrieved from /home/patriciacorreia/Documents/airflowalura/venv/lib/python3.9/site-packages/airflow/example_dags/example_xcomargs.py
[2024-12-18 22:28:22,447] {logging_mixin.py:115} INFO - [2024-12-18 22:28:22,447] {dag.py:2379} INFO - Sync 2 DAGs
[2024-12-18 22:28:22,468] {logging_mixin.py:115} INFO - [2024-12-18 22:28:22,468] {dag.py:2927} INFO - Setting next_dagrun for example_xcom_args to None, run_after=None
[2024-12-18 22:28:22,469] {logging_mixin.py:115} INFO - [2024-12-18 22:28:22,469] {dag.py:2927} INFO - Setting next_dagrun for example_xcom_args_with_operators to None, run_after=None
[2024-12-18 22:28:22,486] {processor.py:161} INFO - Processing /home/patriciacorreia/Documents/airflowalura/venv/lib/python3.9/site-packages/airflow/example_dags/example_xcomargs.py took 0.156 seconds
[2024-12-18 22:29:00,696] {processor.py:153} INFO - Started process (PID=20541) to work on /home/patriciacorreia/Documents/airflowalura/venv/lib/python3.9/site-packages/airflow/example_dags/example_xcomargs.py
[2024-12-18 22:29:00,701] {processor.py:641} INFO - Processing file /home/patriciacorreia/Documents/airflowalura/venv/lib/python3.9/site-packages/airflow/example_dags/example_xcomargs.py for tasks to queue
[2024-12-18 22:29:00,702] {logging_mixin.py:115} INFO - [2024-12-18 22:29:00,702] {dagbag.py:507} INFO - Filling up the DagBag from /home/patriciacorreia/Documents/airflowalura/venv/lib/python3.9/site-packages/airflow/example_dags/example_xcomargs.py
[2024-12-18 22:29:00,752] {processor.py:651} INFO - DAG(s) dict_keys(['example_xcom_args', 'example_xcom_args_with_operators']) retrieved from /home/patriciacorreia/Documents/airflowalura/venv/lib/python3.9/site-packages/airflow/example_dags/example_xcomargs.py
[2024-12-18 22:29:00,802] {logging_mixin.py:115} INFO - [2024-12-18 22:29:00,801] {dag.py:2379} INFO - Sync 2 DAGs
[2024-12-18 22:29:00,836] {logging_mixin.py:115} INFO - [2024-12-18 22:29:00,836] {dag.py:2927} INFO - Setting next_dagrun for example_xcom_args to None, run_after=None
[2024-12-18 22:29:00,837] {logging_mixin.py:115} INFO - [2024-12-18 22:29:00,837] {dag.py:2927} INFO - Setting next_dagrun for example_xcom_args_with_operators to None, run_after=None
[2024-12-18 22:29:00,863] {processor.py:161} INFO - Processing /home/patriciacorreia/Documents/airflowalura/venv/lib/python3.9/site-packages/airflow/example_dags/example_xcomargs.py took 0.179 seconds
[2024-12-18 22:29:31,324] {processor.py:153} INFO - Started process (PID=20698) to work on /home/patriciacorreia/Documents/airflowalura/venv/lib/python3.9/site-packages/airflow/example_dags/example_xcomargs.py
[2024-12-18 22:29:31,327] {processor.py:641} INFO - Processing file /home/patriciacorreia/Documents/airflowalura/venv/lib/python3.9/site-packages/airflow/example_dags/example_xcomargs.py for tasks to queue
[2024-12-18 22:29:31,329] {logging_mixin.py:115} INFO - [2024-12-18 22:29:31,329] {dagbag.py:507} INFO - Filling up the DagBag from /home/patriciacorreia/Documents/airflowalura/venv/lib/python3.9/site-packages/airflow/example_dags/example_xcomargs.py
[2024-12-18 22:29:31,392] {processor.py:651} INFO - DAG(s) dict_keys(['example_xcom_args', 'example_xcom_args_with_operators']) retrieved from /home/patriciacorreia/Documents/airflowalura/venv/lib/python3.9/site-packages/airflow/example_dags/example_xcomargs.py
[2024-12-18 22:29:31,457] {logging_mixin.py:115} INFO - [2024-12-18 22:29:31,456] {dag.py:2379} INFO - Sync 2 DAGs
[2024-12-18 22:29:31,474] {logging_mixin.py:115} INFO - [2024-12-18 22:29:31,474] {dag.py:2927} INFO - Setting next_dagrun for example_xcom_args to None, run_after=None
[2024-12-18 22:29:31,474] {logging_mixin.py:115} INFO - [2024-12-18 22:29:31,474] {dag.py:2927} INFO - Setting next_dagrun for example_xcom_args_with_operators to None, run_after=None
[2024-12-18 22:29:31,490] {processor.py:161} INFO - Processing /home/patriciacorreia/Documents/airflowalura/venv/lib/python3.9/site-packages/airflow/example_dags/example_xcomargs.py took 0.177 seconds
[2024-12-18 22:30:05,471] {processor.py:153} INFO - Started process (PID=20883) to work on /home/patriciacorreia/Documents/airflowalura/venv/lib/python3.9/site-packages/airflow/example_dags/example_xcomargs.py
[2024-12-18 22:30:05,473] {processor.py:641} INFO - Processing file /home/patriciacorreia/Documents/airflowalura/venv/lib/python3.9/site-packages/airflow/example_dags/example_xcomargs.py for tasks to queue
[2024-12-18 22:30:05,474] {logging_mixin.py:115} INFO - [2024-12-18 22:30:05,474] {dagbag.py:507} INFO - Filling up the DagBag from /home/patriciacorreia/Documents/airflowalura/venv/lib/python3.9/site-packages/airflow/example_dags/example_xcomargs.py
[2024-12-18 22:30:05,516] {processor.py:651} INFO - DAG(s) dict_keys(['example_xcom_args', 'example_xcom_args_with_operators']) retrieved from /home/patriciacorreia/Documents/airflowalura/venv/lib/python3.9/site-packages/airflow/example_dags/example_xcomargs.py
[2024-12-18 22:30:05,559] {logging_mixin.py:115} INFO - [2024-12-18 22:30:05,559] {dag.py:2379} INFO - Sync 2 DAGs
[2024-12-18 22:30:05,595] {logging_mixin.py:115} INFO - [2024-12-18 22:30:05,595] {dag.py:2927} INFO - Setting next_dagrun for example_xcom_args to None, run_after=None
[2024-12-18 22:30:05,597] {logging_mixin.py:115} INFO - [2024-12-18 22:30:05,596] {dag.py:2927} INFO - Setting next_dagrun for example_xcom_args_with_operators to None, run_after=None
[2024-12-18 22:30:05,622] {processor.py:161} INFO - Processing /home/patriciacorreia/Documents/airflowalura/venv/lib/python3.9/site-packages/airflow/example_dags/example_xcomargs.py took 0.160 seconds
[2024-12-18 22:30:39,611] {processor.py:153} INFO - Started process (PID=21055) to work on /home/patriciacorreia/Documents/airflowalura/venv/lib/python3.9/site-packages/airflow/example_dags/example_xcomargs.py
[2024-12-18 22:30:39,615] {processor.py:641} INFO - Processing file /home/patriciacorreia/Documents/airflowalura/venv/lib/python3.9/site-packages/airflow/example_dags/example_xcomargs.py for tasks to queue
[2024-12-18 22:30:39,617] {logging_mixin.py:115} INFO - [2024-12-18 22:30:39,617] {dagbag.py:507} INFO - Filling up the DagBag from /home/patriciacorreia/Documents/airflowalura/venv/lib/python3.9/site-packages/airflow/example_dags/example_xcomargs.py
[2024-12-18 22:30:39,681] {processor.py:651} INFO - DAG(s) dict_keys(['example_xcom_args', 'example_xcom_args_with_operators']) retrieved from /home/patriciacorreia/Documents/airflowalura/venv/lib/python3.9/site-packages/airflow/example_dags/example_xcomargs.py
[2024-12-18 22:30:39,724] {logging_mixin.py:115} INFO - [2024-12-18 22:30:39,723] {dag.py:2379} INFO - Sync 2 DAGs
[2024-12-18 22:30:39,745] {logging_mixin.py:115} INFO - [2024-12-18 22:30:39,744] {dag.py:2927} INFO - Setting next_dagrun for example_xcom_args to None, run_after=None
[2024-12-18 22:30:39,745] {logging_mixin.py:115} INFO - [2024-12-18 22:30:39,745] {dag.py:2927} INFO - Setting next_dagrun for example_xcom_args_with_operators to None, run_after=None
[2024-12-18 22:30:39,761] {processor.py:161} INFO - Processing /home/patriciacorreia/Documents/airflowalura/venv/lib/python3.9/site-packages/airflow/example_dags/example_xcomargs.py took 0.163 seconds
[2024-12-18 22:31:15,157] {processor.py:153} INFO - Started process (PID=21241) to work on /home/patriciacorreia/Documents/airflowalura/venv/lib/python3.9/site-packages/airflow/example_dags/example_xcomargs.py
[2024-12-18 22:31:15,158] {processor.py:641} INFO - Processing file /home/patriciacorreia/Documents/airflowalura/venv/lib/python3.9/site-packages/airflow/example_dags/example_xcomargs.py for tasks to queue
[2024-12-18 22:31:15,159] {logging_mixin.py:115} INFO - [2024-12-18 22:31:15,159] {dagbag.py:507} INFO - Filling up the DagBag from /home/patriciacorreia/Documents/airflowalura/venv/lib/python3.9/site-packages/airflow/example_dags/example_xcomargs.py
[2024-12-18 22:31:15,183] {processor.py:651} INFO - DAG(s) dict_keys(['example_xcom_args', 'example_xcom_args_with_operators']) retrieved from /home/patriciacorreia/Documents/airflowalura/venv/lib/python3.9/site-packages/airflow/example_dags/example_xcomargs.py
[2024-12-18 22:31:15,210] {logging_mixin.py:115} INFO - [2024-12-18 22:31:15,210] {dag.py:2379} INFO - Sync 2 DAGs
[2024-12-18 22:31:15,229] {logging_mixin.py:115} INFO - [2024-12-18 22:31:15,229] {dag.py:2927} INFO - Setting next_dagrun for example_xcom_args to None, run_after=None
[2024-12-18 22:31:15,230] {logging_mixin.py:115} INFO - [2024-12-18 22:31:15,230] {dag.py:2927} INFO - Setting next_dagrun for example_xcom_args_with_operators to None, run_after=None
[2024-12-18 22:31:15,245] {processor.py:161} INFO - Processing /home/patriciacorreia/Documents/airflowalura/venv/lib/python3.9/site-packages/airflow/example_dags/example_xcomargs.py took 0.092 seconds
[2024-12-18 22:31:45,554] {processor.py:153} INFO - Started process (PID=21400) to work on /home/patriciacorreia/Documents/airflowalura/venv/lib/python3.9/site-packages/airflow/example_dags/example_xcomargs.py
[2024-12-18 22:31:45,556] {processor.py:641} INFO - Processing file /home/patriciacorreia/Documents/airflowalura/venv/lib/python3.9/site-packages/airflow/example_dags/example_xcomargs.py for tasks to queue
[2024-12-18 22:31:45,557] {logging_mixin.py:115} INFO - [2024-12-18 22:31:45,557] {dagbag.py:507} INFO - Filling up the DagBag from /home/patriciacorreia/Documents/airflowalura/venv/lib/python3.9/site-packages/airflow/example_dags/example_xcomargs.py
[2024-12-18 22:31:45,597] {processor.py:651} INFO - DAG(s) dict_keys(['example_xcom_args', 'example_xcom_args_with_operators']) retrieved from /home/patriciacorreia/Documents/airflowalura/venv/lib/python3.9/site-packages/airflow/example_dags/example_xcomargs.py
[2024-12-18 22:31:45,633] {logging_mixin.py:115} INFO - [2024-12-18 22:31:45,633] {dag.py:2379} INFO - Sync 2 DAGs
[2024-12-18 22:31:45,654] {logging_mixin.py:115} INFO - [2024-12-18 22:31:45,654] {dag.py:2927} INFO - Setting next_dagrun for example_xcom_args to None, run_after=None
[2024-12-18 22:31:45,654] {logging_mixin.py:115} INFO - [2024-12-18 22:31:45,654] {dag.py:2927} INFO - Setting next_dagrun for example_xcom_args_with_operators to None, run_after=None
[2024-12-18 22:31:45,670] {processor.py:161} INFO - Processing /home/patriciacorreia/Documents/airflowalura/venv/lib/python3.9/site-packages/airflow/example_dags/example_xcomargs.py took 0.123 seconds
[2024-12-18 22:32:21,848] {processor.py:153} INFO - Started process (PID=21577) to work on /home/patriciacorreia/Documents/airflowalura/venv/lib/python3.9/site-packages/airflow/example_dags/example_xcomargs.py
[2024-12-18 22:32:21,850] {processor.py:641} INFO - Processing file /home/patriciacorreia/Documents/airflowalura/venv/lib/python3.9/site-packages/airflow/example_dags/example_xcomargs.py for tasks to queue
[2024-12-18 22:32:21,851] {logging_mixin.py:115} INFO - [2024-12-18 22:32:21,850] {dagbag.py:507} INFO - Filling up the DagBag from /home/patriciacorreia/Documents/airflowalura/venv/lib/python3.9/site-packages/airflow/example_dags/example_xcomargs.py
[2024-12-18 22:32:21,895] {processor.py:651} INFO - DAG(s) dict_keys(['example_xcom_args', 'example_xcom_args_with_operators']) retrieved from /home/patriciacorreia/Documents/airflowalura/venv/lib/python3.9/site-packages/airflow/example_dags/example_xcomargs.py
[2024-12-18 22:32:21,936] {logging_mixin.py:115} INFO - [2024-12-18 22:32:21,936] {dag.py:2379} INFO - Sync 2 DAGs
[2024-12-18 22:32:21,964] {logging_mixin.py:115} INFO - [2024-12-18 22:32:21,964] {dag.py:2927} INFO - Setting next_dagrun for example_xcom_args to None, run_after=None
[2024-12-18 22:32:21,964] {logging_mixin.py:115} INFO - [2024-12-18 22:32:21,964] {dag.py:2927} INFO - Setting next_dagrun for example_xcom_args_with_operators to None, run_after=None
[2024-12-18 22:32:21,980] {processor.py:161} INFO - Processing /home/patriciacorreia/Documents/airflowalura/venv/lib/python3.9/site-packages/airflow/example_dags/example_xcomargs.py took 0.140 seconds
[2024-12-18 22:32:56,438] {processor.py:153} INFO - Started process (PID=21744) to work on /home/patriciacorreia/Documents/airflowalura/venv/lib/python3.9/site-packages/airflow/example_dags/example_xcomargs.py
[2024-12-18 22:32:56,441] {processor.py:641} INFO - Processing file /home/patriciacorreia/Documents/airflowalura/venv/lib/python3.9/site-packages/airflow/example_dags/example_xcomargs.py for tasks to queue
[2024-12-18 22:32:56,443] {logging_mixin.py:115} INFO - [2024-12-18 22:32:56,442] {dagbag.py:507} INFO - Filling up the DagBag from /home/patriciacorreia/Documents/airflowalura/venv/lib/python3.9/site-packages/airflow/example_dags/example_xcomargs.py
[2024-12-18 22:32:56,551] {processor.py:651} INFO - DAG(s) dict_keys(['example_xcom_args', 'example_xcom_args_with_operators']) retrieved from /home/patriciacorreia/Documents/airflowalura/venv/lib/python3.9/site-packages/airflow/example_dags/example_xcomargs.py
[2024-12-18 22:32:56,661] {logging_mixin.py:115} INFO - [2024-12-18 22:32:56,660] {dag.py:2379} INFO - Sync 2 DAGs
[2024-12-18 22:32:56,705] {logging_mixin.py:115} INFO - [2024-12-18 22:32:56,705] {dag.py:2927} INFO - Setting next_dagrun for example_xcom_args to None, run_after=None
[2024-12-18 22:32:56,706] {logging_mixin.py:115} INFO - [2024-12-18 22:32:56,706] {dag.py:2927} INFO - Setting next_dagrun for example_xcom_args_with_operators to None, run_after=None
[2024-12-18 22:32:56,733] {processor.py:161} INFO - Processing /home/patriciacorreia/Documents/airflowalura/venv/lib/python3.9/site-packages/airflow/example_dags/example_xcomargs.py took 0.310 seconds
[2024-12-18 22:33:37,604] {processor.py:153} INFO - Started process (PID=21932) to work on /home/patriciacorreia/Documents/airflowalura/venv/lib/python3.9/site-packages/airflow/example_dags/example_xcomargs.py
[2024-12-18 22:33:37,607] {processor.py:641} INFO - Processing file /home/patriciacorreia/Documents/airflowalura/venv/lib/python3.9/site-packages/airflow/example_dags/example_xcomargs.py for tasks to queue
[2024-12-18 22:33:37,610] {logging_mixin.py:115} INFO - [2024-12-18 22:33:37,609] {dagbag.py:507} INFO - Filling up the DagBag from /home/patriciacorreia/Documents/airflowalura/venv/lib/python3.9/site-packages/airflow/example_dags/example_xcomargs.py
[2024-12-18 22:33:37,730] {processor.py:651} INFO - DAG(s) dict_keys(['example_xcom_args', 'example_xcom_args_with_operators']) retrieved from /home/patriciacorreia/Documents/airflowalura/venv/lib/python3.9/site-packages/airflow/example_dags/example_xcomargs.py
[2024-12-18 22:33:37,830] {logging_mixin.py:115} INFO - [2024-12-18 22:33:37,830] {dag.py:2379} INFO - Sync 2 DAGs
[2024-12-18 22:33:37,909] {logging_mixin.py:115} INFO - [2024-12-18 22:33:37,909] {dag.py:2927} INFO - Setting next_dagrun for example_xcom_args to None, run_after=None
[2024-12-18 22:33:37,910] {logging_mixin.py:115} INFO - [2024-12-18 22:33:37,910] {dag.py:2927} INFO - Setting next_dagrun for example_xcom_args_with_operators to None, run_after=None
[2024-12-18 22:33:37,938] {processor.py:161} INFO - Processing /home/patriciacorreia/Documents/airflowalura/venv/lib/python3.9/site-packages/airflow/example_dags/example_xcomargs.py took 0.348 seconds
[2024-12-18 22:34:14,307] {processor.py:153} INFO - Started process (PID=22093) to work on /home/patriciacorreia/Documents/airflowalura/venv/lib/python3.9/site-packages/airflow/example_dags/example_xcomargs.py
[2024-12-18 22:34:14,309] {processor.py:641} INFO - Processing file /home/patriciacorreia/Documents/airflowalura/venv/lib/python3.9/site-packages/airflow/example_dags/example_xcomargs.py for tasks to queue
[2024-12-18 22:34:14,311] {logging_mixin.py:115} INFO - [2024-12-18 22:34:14,311] {dagbag.py:507} INFO - Filling up the DagBag from /home/patriciacorreia/Documents/airflowalura/venv/lib/python3.9/site-packages/airflow/example_dags/example_xcomargs.py
[2024-12-18 22:34:14,408] {processor.py:651} INFO - DAG(s) dict_keys(['example_xcom_args', 'example_xcom_args_with_operators']) retrieved from /home/patriciacorreia/Documents/airflowalura/venv/lib/python3.9/site-packages/airflow/example_dags/example_xcomargs.py
[2024-12-18 22:34:14,502] {logging_mixin.py:115} INFO - [2024-12-18 22:34:14,502] {dag.py:2379} INFO - Sync 2 DAGs
[2024-12-18 22:34:14,576] {logging_mixin.py:115} INFO - [2024-12-18 22:34:14,576] {dag.py:2927} INFO - Setting next_dagrun for example_xcom_args to None, run_after=None
[2024-12-18 22:34:14,578] {logging_mixin.py:115} INFO - [2024-12-18 22:34:14,578] {dag.py:2927} INFO - Setting next_dagrun for example_xcom_args_with_operators to None, run_after=None
[2024-12-18 22:34:14,622] {processor.py:161} INFO - Processing /home/patriciacorreia/Documents/airflowalura/venv/lib/python3.9/site-packages/airflow/example_dags/example_xcomargs.py took 0.330 seconds
[2024-12-18 22:34:48,536] {processor.py:153} INFO - Started process (PID=22247) to work on /home/patriciacorreia/Documents/airflowalura/venv/lib/python3.9/site-packages/airflow/example_dags/example_xcomargs.py
[2024-12-18 22:34:48,538] {processor.py:641} INFO - Processing file /home/patriciacorreia/Documents/airflowalura/venv/lib/python3.9/site-packages/airflow/example_dags/example_xcomargs.py for tasks to queue
[2024-12-18 22:34:48,539] {logging_mixin.py:115} INFO - [2024-12-18 22:34:48,539] {dagbag.py:507} INFO - Filling up the DagBag from /home/patriciacorreia/Documents/airflowalura/venv/lib/python3.9/site-packages/airflow/example_dags/example_xcomargs.py
[2024-12-18 22:34:48,583] {processor.py:651} INFO - DAG(s) dict_keys(['example_xcom_args', 'example_xcom_args_with_operators']) retrieved from /home/patriciacorreia/Documents/airflowalura/venv/lib/python3.9/site-packages/airflow/example_dags/example_xcomargs.py
[2024-12-18 22:34:48,703] {logging_mixin.py:115} INFO - [2024-12-18 22:34:48,703] {dag.py:2379} INFO - Sync 2 DAGs
[2024-12-18 22:34:48,736] {logging_mixin.py:115} INFO - [2024-12-18 22:34:48,736] {dag.py:2927} INFO - Setting next_dagrun for example_xcom_args to None, run_after=None
[2024-12-18 22:34:48,736] {logging_mixin.py:115} INFO - [2024-12-18 22:34:48,736] {dag.py:2927} INFO - Setting next_dagrun for example_xcom_args_with_operators to None, run_after=None
[2024-12-18 22:34:48,765] {processor.py:161} INFO - Processing /home/patriciacorreia/Documents/airflowalura/venv/lib/python3.9/site-packages/airflow/example_dags/example_xcomargs.py took 0.238 seconds
[2024-12-18 22:35:30,032] {processor.py:153} INFO - Started process (PID=22432) to work on /home/patriciacorreia/Documents/airflowalura/venv/lib/python3.9/site-packages/airflow/example_dags/example_xcomargs.py
[2024-12-18 22:35:30,037] {processor.py:641} INFO - Processing file /home/patriciacorreia/Documents/airflowalura/venv/lib/python3.9/site-packages/airflow/example_dags/example_xcomargs.py for tasks to queue
[2024-12-18 22:35:30,040] {logging_mixin.py:115} INFO - [2024-12-18 22:35:30,040] {dagbag.py:507} INFO - Filling up the DagBag from /home/patriciacorreia/Documents/airflowalura/venv/lib/python3.9/site-packages/airflow/example_dags/example_xcomargs.py
[2024-12-18 22:35:30,150] {processor.py:651} INFO - DAG(s) dict_keys(['example_xcom_args', 'example_xcom_args_with_operators']) retrieved from /home/patriciacorreia/Documents/airflowalura/venv/lib/python3.9/site-packages/airflow/example_dags/example_xcomargs.py
[2024-12-18 22:35:30,245] {logging_mixin.py:115} INFO - [2024-12-18 22:35:30,245] {dag.py:2379} INFO - Sync 2 DAGs
[2024-12-18 22:35:30,278] {logging_mixin.py:115} INFO - [2024-12-18 22:35:30,278] {dag.py:2927} INFO - Setting next_dagrun for example_xcom_args to None, run_after=None
[2024-12-18 22:35:30,279] {logging_mixin.py:115} INFO - [2024-12-18 22:35:30,279] {dag.py:2927} INFO - Setting next_dagrun for example_xcom_args_with_operators to None, run_after=None
[2024-12-18 22:35:30,305] {processor.py:161} INFO - Processing /home/patriciacorreia/Documents/airflowalura/venv/lib/python3.9/site-packages/airflow/example_dags/example_xcomargs.py took 0.288 seconds
[2024-12-18 22:36:07,427] {processor.py:153} INFO - Started process (PID=22604) to work on /home/patriciacorreia/Documents/airflowalura/venv/lib/python3.9/site-packages/airflow/example_dags/example_xcomargs.py
[2024-12-18 22:36:07,431] {processor.py:641} INFO - Processing file /home/patriciacorreia/Documents/airflowalura/venv/lib/python3.9/site-packages/airflow/example_dags/example_xcomargs.py for tasks to queue
[2024-12-18 22:36:07,433] {logging_mixin.py:115} INFO - [2024-12-18 22:36:07,433] {dagbag.py:507} INFO - Filling up the DagBag from /home/patriciacorreia/Documents/airflowalura/venv/lib/python3.9/site-packages/airflow/example_dags/example_xcomargs.py
[2024-12-18 22:36:07,503] {processor.py:651} INFO - DAG(s) dict_keys(['example_xcom_args', 'example_xcom_args_with_operators']) retrieved from /home/patriciacorreia/Documents/airflowalura/venv/lib/python3.9/site-packages/airflow/example_dags/example_xcomargs.py
[2024-12-18 22:36:07,542] {logging_mixin.py:115} INFO - [2024-12-18 22:36:07,542] {dag.py:2379} INFO - Sync 2 DAGs
[2024-12-18 22:36:07,571] {logging_mixin.py:115} INFO - [2024-12-18 22:36:07,571] {dag.py:2927} INFO - Setting next_dagrun for example_xcom_args to None, run_after=None
[2024-12-18 22:36:07,571] {logging_mixin.py:115} INFO - [2024-12-18 22:36:07,571] {dag.py:2927} INFO - Setting next_dagrun for example_xcom_args_with_operators to None, run_after=None
[2024-12-18 22:36:07,596] {processor.py:161} INFO - Processing /home/patriciacorreia/Documents/airflowalura/venv/lib/python3.9/site-packages/airflow/example_dags/example_xcomargs.py took 0.187 seconds
[2024-12-18 22:36:43,927] {processor.py:153} INFO - Started process (PID=22768) to work on /home/patriciacorreia/Documents/airflowalura/venv/lib/python3.9/site-packages/airflow/example_dags/example_xcomargs.py
[2024-12-18 22:36:43,932] {processor.py:641} INFO - Processing file /home/patriciacorreia/Documents/airflowalura/venv/lib/python3.9/site-packages/airflow/example_dags/example_xcomargs.py for tasks to queue
[2024-12-18 22:36:43,934] {logging_mixin.py:115} INFO - [2024-12-18 22:36:43,934] {dagbag.py:507} INFO - Filling up the DagBag from /home/patriciacorreia/Documents/airflowalura/venv/lib/python3.9/site-packages/airflow/example_dags/example_xcomargs.py
[2024-12-18 22:36:43,977] {processor.py:651} INFO - DAG(s) dict_keys(['example_xcom_args', 'example_xcom_args_with_operators']) retrieved from /home/patriciacorreia/Documents/airflowalura/venv/lib/python3.9/site-packages/airflow/example_dags/example_xcomargs.py
[2024-12-18 22:36:44,011] {logging_mixin.py:115} INFO - [2024-12-18 22:36:44,011] {dag.py:2379} INFO - Sync 2 DAGs
[2024-12-18 22:36:44,036] {logging_mixin.py:115} INFO - [2024-12-18 22:36:44,036] {dag.py:2927} INFO - Setting next_dagrun for example_xcom_args to None, run_after=None
[2024-12-18 22:36:44,037] {logging_mixin.py:115} INFO - [2024-12-18 22:36:44,037] {dag.py:2927} INFO - Setting next_dagrun for example_xcom_args_with_operators to None, run_after=None
[2024-12-18 22:36:44,054] {processor.py:161} INFO - Processing /home/patriciacorreia/Documents/airflowalura/venv/lib/python3.9/site-packages/airflow/example_dags/example_xcomargs.py took 0.142 seconds
[2024-12-18 22:37:27,905] {processor.py:153} INFO - Started process (PID=22961) to work on /home/patriciacorreia/Documents/airflowalura/venv/lib/python3.9/site-packages/airflow/example_dags/example_xcomargs.py
[2024-12-18 22:37:27,909] {processor.py:641} INFO - Processing file /home/patriciacorreia/Documents/airflowalura/venv/lib/python3.9/site-packages/airflow/example_dags/example_xcomargs.py for tasks to queue
[2024-12-18 22:37:27,911] {logging_mixin.py:115} INFO - [2024-12-18 22:37:27,911] {dagbag.py:507} INFO - Filling up the DagBag from /home/patriciacorreia/Documents/airflowalura/venv/lib/python3.9/site-packages/airflow/example_dags/example_xcomargs.py
[2024-12-18 22:37:28,005] {processor.py:651} INFO - DAG(s) dict_keys(['example_xcom_args', 'example_xcom_args_with_operators']) retrieved from /home/patriciacorreia/Documents/airflowalura/venv/lib/python3.9/site-packages/airflow/example_dags/example_xcomargs.py
[2024-12-18 22:37:28,120] {logging_mixin.py:115} INFO - [2024-12-18 22:37:28,120] {dag.py:2379} INFO - Sync 2 DAGs
[2024-12-18 22:37:28,196] {logging_mixin.py:115} INFO - [2024-12-18 22:37:28,196] {dag.py:2927} INFO - Setting next_dagrun for example_xcom_args to None, run_after=None
[2024-12-18 22:37:28,198] {logging_mixin.py:115} INFO - [2024-12-18 22:37:28,198] {dag.py:2927} INFO - Setting next_dagrun for example_xcom_args_with_operators to None, run_after=None
[2024-12-18 22:37:28,301] {processor.py:161} INFO - Processing /home/patriciacorreia/Documents/airflowalura/venv/lib/python3.9/site-packages/airflow/example_dags/example_xcomargs.py took 0.412 seconds
[2024-12-18 22:38:10,853] {processor.py:153} INFO - Started process (PID=23152) to work on /home/patriciacorreia/Documents/airflowalura/venv/lib/python3.9/site-packages/airflow/example_dags/example_xcomargs.py
[2024-12-18 22:38:10,856] {processor.py:641} INFO - Processing file /home/patriciacorreia/Documents/airflowalura/venv/lib/python3.9/site-packages/airflow/example_dags/example_xcomargs.py for tasks to queue
[2024-12-18 22:38:10,858] {logging_mixin.py:115} INFO - [2024-12-18 22:38:10,858] {dagbag.py:507} INFO - Filling up the DagBag from /home/patriciacorreia/Documents/airflowalura/venv/lib/python3.9/site-packages/airflow/example_dags/example_xcomargs.py
[2024-12-18 22:38:10,944] {processor.py:651} INFO - DAG(s) dict_keys(['example_xcom_args', 'example_xcom_args_with_operators']) retrieved from /home/patriciacorreia/Documents/airflowalura/venv/lib/python3.9/site-packages/airflow/example_dags/example_xcomargs.py
[2024-12-18 22:38:10,977] {logging_mixin.py:115} INFO - [2024-12-18 22:38:10,977] {dag.py:2379} INFO - Sync 2 DAGs
[2024-12-18 22:38:11,007] {logging_mixin.py:115} INFO - [2024-12-18 22:38:11,007] {dag.py:2927} INFO - Setting next_dagrun for example_xcom_args to None, run_after=None
[2024-12-18 22:38:11,008] {logging_mixin.py:115} INFO - [2024-12-18 22:38:11,008] {dag.py:2927} INFO - Setting next_dagrun for example_xcom_args_with_operators to None, run_after=None
[2024-12-18 22:38:11,032] {processor.py:161} INFO - Processing /home/patriciacorreia/Documents/airflowalura/venv/lib/python3.9/site-packages/airflow/example_dags/example_xcomargs.py took 0.194 seconds
[2024-12-18 22:38:50,577] {processor.py:153} INFO - Started process (PID=23334) to work on /home/patriciacorreia/Documents/airflowalura/venv/lib/python3.9/site-packages/airflow/example_dags/example_xcomargs.py
[2024-12-18 22:38:50,578] {processor.py:641} INFO - Processing file /home/patriciacorreia/Documents/airflowalura/venv/lib/python3.9/site-packages/airflow/example_dags/example_xcomargs.py for tasks to queue
[2024-12-18 22:38:50,580] {logging_mixin.py:115} INFO - [2024-12-18 22:38:50,580] {dagbag.py:507} INFO - Filling up the DagBag from /home/patriciacorreia/Documents/airflowalura/venv/lib/python3.9/site-packages/airflow/example_dags/example_xcomargs.py
[2024-12-18 22:38:50,623] {processor.py:651} INFO - DAG(s) dict_keys(['example_xcom_args', 'example_xcom_args_with_operators']) retrieved from /home/patriciacorreia/Documents/airflowalura/venv/lib/python3.9/site-packages/airflow/example_dags/example_xcomargs.py
[2024-12-18 22:38:50,658] {logging_mixin.py:115} INFO - [2024-12-18 22:38:50,658] {dag.py:2379} INFO - Sync 2 DAGs
[2024-12-18 22:38:50,684] {logging_mixin.py:115} INFO - [2024-12-18 22:38:50,684] {dag.py:2927} INFO - Setting next_dagrun for example_xcom_args to None, run_after=None
[2024-12-18 22:38:50,684] {logging_mixin.py:115} INFO - [2024-12-18 22:38:50,684] {dag.py:2927} INFO - Setting next_dagrun for example_xcom_args_with_operators to None, run_after=None
[2024-12-18 22:38:50,702] {processor.py:161} INFO - Processing /home/patriciacorreia/Documents/airflowalura/venv/lib/python3.9/site-packages/airflow/example_dags/example_xcomargs.py took 0.134 seconds
[2024-12-18 22:39:26,786] {processor.py:153} INFO - Started process (PID=23506) to work on /home/patriciacorreia/Documents/airflowalura/venv/lib/python3.9/site-packages/airflow/example_dags/example_xcomargs.py
[2024-12-18 22:39:26,790] {processor.py:641} INFO - Processing file /home/patriciacorreia/Documents/airflowalura/venv/lib/python3.9/site-packages/airflow/example_dags/example_xcomargs.py for tasks to queue
[2024-12-18 22:39:26,795] {logging_mixin.py:115} INFO - [2024-12-18 22:39:26,795] {dagbag.py:507} INFO - Filling up the DagBag from /home/patriciacorreia/Documents/airflowalura/venv/lib/python3.9/site-packages/airflow/example_dags/example_xcomargs.py
[2024-12-18 22:39:26,878] {processor.py:651} INFO - DAG(s) dict_keys(['example_xcom_args', 'example_xcom_args_with_operators']) retrieved from /home/patriciacorreia/Documents/airflowalura/venv/lib/python3.9/site-packages/airflow/example_dags/example_xcomargs.py
[2024-12-18 22:39:26,965] {logging_mixin.py:115} INFO - [2024-12-18 22:39:26,965] {dag.py:2379} INFO - Sync 2 DAGs
[2024-12-18 22:39:26,987] {logging_mixin.py:115} INFO - [2024-12-18 22:39:26,987] {dag.py:2927} INFO - Setting next_dagrun for example_xcom_args to None, run_after=None
[2024-12-18 22:39:26,988] {logging_mixin.py:115} INFO - [2024-12-18 22:39:26,987] {dag.py:2927} INFO - Setting next_dagrun for example_xcom_args_with_operators to None, run_after=None
[2024-12-18 22:39:27,012] {processor.py:161} INFO - Processing /home/patriciacorreia/Documents/airflowalura/venv/lib/python3.9/site-packages/airflow/example_dags/example_xcomargs.py took 0.243 seconds
[2024-12-18 22:40:02,023] {processor.py:153} INFO - Started process (PID=23675) to work on /home/patriciacorreia/Documents/airflowalura/venv/lib/python3.9/site-packages/airflow/example_dags/example_xcomargs.py
[2024-12-18 22:40:02,027] {processor.py:641} INFO - Processing file /home/patriciacorreia/Documents/airflowalura/venv/lib/python3.9/site-packages/airflow/example_dags/example_xcomargs.py for tasks to queue
[2024-12-18 22:40:02,029] {logging_mixin.py:115} INFO - [2024-12-18 22:40:02,029] {dagbag.py:507} INFO - Filling up the DagBag from /home/patriciacorreia/Documents/airflowalura/venv/lib/python3.9/site-packages/airflow/example_dags/example_xcomargs.py
[2024-12-18 22:40:02,104] {processor.py:651} INFO - DAG(s) dict_keys(['example_xcom_args', 'example_xcom_args_with_operators']) retrieved from /home/patriciacorreia/Documents/airflowalura/venv/lib/python3.9/site-packages/airflow/example_dags/example_xcomargs.py
[2024-12-18 22:40:02,222] {logging_mixin.py:115} INFO - [2024-12-18 22:40:02,222] {dag.py:2379} INFO - Sync 2 DAGs
[2024-12-18 22:40:02,250] {logging_mixin.py:115} INFO - [2024-12-18 22:40:02,250] {dag.py:2927} INFO - Setting next_dagrun for example_xcom_args to None, run_after=None
[2024-12-18 22:40:02,251] {logging_mixin.py:115} INFO - [2024-12-18 22:40:02,251] {dag.py:2927} INFO - Setting next_dagrun for example_xcom_args_with_operators to None, run_after=None
[2024-12-18 22:40:02,271] {processor.py:161} INFO - Processing /home/patriciacorreia/Documents/airflowalura/venv/lib/python3.9/site-packages/airflow/example_dags/example_xcomargs.py took 0.263 seconds
[2024-12-18 22:40:41,285] {processor.py:153} INFO - Started process (PID=23919) to work on /home/patriciacorreia/Documents/airflowalura/venv/lib/python3.9/site-packages/airflow/example_dags/example_xcomargs.py
[2024-12-18 22:40:41,289] {processor.py:641} INFO - Processing file /home/patriciacorreia/Documents/airflowalura/venv/lib/python3.9/site-packages/airflow/example_dags/example_xcomargs.py for tasks to queue
[2024-12-18 22:40:41,291] {logging_mixin.py:115} INFO - [2024-12-18 22:40:41,291] {dagbag.py:507} INFO - Filling up the DagBag from /home/patriciacorreia/Documents/airflowalura/venv/lib/python3.9/site-packages/airflow/example_dags/example_xcomargs.py
[2024-12-18 22:40:41,379] {processor.py:651} INFO - DAG(s) dict_keys(['example_xcom_args', 'example_xcom_args_with_operators']) retrieved from /home/patriciacorreia/Documents/airflowalura/venv/lib/python3.9/site-packages/airflow/example_dags/example_xcomargs.py
[2024-12-18 22:40:41,486] {logging_mixin.py:115} INFO - [2024-12-18 22:40:41,486] {dag.py:2379} INFO - Sync 2 DAGs
[2024-12-18 22:40:41,564] {logging_mixin.py:115} INFO - [2024-12-18 22:40:41,564] {dag.py:2927} INFO - Setting next_dagrun for example_xcom_args to None, run_after=None
[2024-12-18 22:40:41,565] {logging_mixin.py:115} INFO - [2024-12-18 22:40:41,565] {dag.py:2927} INFO - Setting next_dagrun for example_xcom_args_with_operators to None, run_after=None
[2024-12-18 22:40:41,614] {processor.py:161} INFO - Processing /home/patriciacorreia/Documents/airflowalura/venv/lib/python3.9/site-packages/airflow/example_dags/example_xcomargs.py took 0.342 seconds
