[2024-12-18 22:05:48,459] {processor.py:153} INFO - Started process (PID=13882) to work on /home/patriciacorreia/Documents/airflowalura/venv/lib/python3.9/site-packages/airflow/example_dags/example_branch_operator.py
[2024-12-18 22:05:48,460] {processor.py:641} INFO - Processing file /home/patriciacorreia/Documents/airflowalura/venv/lib/python3.9/site-packages/airflow/example_dags/example_branch_operator.py for tasks to queue
[2024-12-18 22:05:48,461] {logging_mixin.py:115} INFO - [2024-12-18 22:05:48,461] {dagbag.py:507} INFO - Filling up the DagBag from /home/patriciacorreia/Documents/airflowalura/venv/lib/python3.9/site-packages/airflow/example_dags/example_branch_operator.py
[2024-12-18 22:05:48,488] {processor.py:651} INFO - DAG(s) dict_keys(['example_branch_operator']) retrieved from /home/patriciacorreia/Documents/airflowalura/venv/lib/python3.9/site-packages/airflow/example_dags/example_branch_operator.py
[2024-12-18 22:05:48,582] {logging_mixin.py:115} INFO - [2024-12-18 22:05:48,582] {manager.py:508} INFO - Created Permission View: can read on DAG:example_branch_operator
[2024-12-18 22:05:48,595] {logging_mixin.py:115} INFO - [2024-12-18 22:05:48,594] {manager.py:508} INFO - Created Permission View: can delete on DAG:example_branch_operator
[2024-12-18 22:05:48,604] {logging_mixin.py:115} INFO - [2024-12-18 22:05:48,604] {manager.py:508} INFO - Created Permission View: can edit on DAG:example_branch_operator
[2024-12-18 22:05:48,604] {logging_mixin.py:115} INFO - [2024-12-18 22:05:48,604] {dag.py:2379} INFO - Sync 1 DAGs
[2024-12-18 22:05:48,614] {logging_mixin.py:115} INFO - [2024-12-18 22:05:48,614] {dag.py:2398} INFO - Creating ORM DAG for example_branch_operator
[2024-12-18 22:05:48,628] {logging_mixin.py:115} INFO - [2024-12-18 22:05:48,628] {dag.py:2927} INFO - Setting next_dagrun for example_branch_operator to 2024-12-18T00:00:00+00:00, run_after=2024-12-19T00:00:00+00:00
[2024-12-18 22:05:48,647] {processor.py:161} INFO - Processing /home/patriciacorreia/Documents/airflowalura/venv/lib/python3.9/site-packages/airflow/example_dags/example_branch_operator.py took 0.194 seconds
[2024-12-18 22:06:24,153] {processor.py:153} INFO - Started process (PID=13997) to work on /home/patriciacorreia/Documents/airflowalura/venv/lib/python3.9/site-packages/airflow/example_dags/example_branch_operator.py
[2024-12-18 22:06:24,155] {processor.py:641} INFO - Processing file /home/patriciacorreia/Documents/airflowalura/venv/lib/python3.9/site-packages/airflow/example_dags/example_branch_operator.py for tasks to queue
[2024-12-18 22:06:24,155] {logging_mixin.py:115} INFO - [2024-12-18 22:06:24,155] {dagbag.py:507} INFO - Filling up the DagBag from /home/patriciacorreia/Documents/airflowalura/venv/lib/python3.9/site-packages/airflow/example_dags/example_branch_operator.py
[2024-12-18 22:06:24,168] {processor.py:651} INFO - DAG(s) dict_keys(['example_branch_operator']) retrieved from /home/patriciacorreia/Documents/airflowalura/venv/lib/python3.9/site-packages/airflow/example_dags/example_branch_operator.py
[2024-12-18 22:06:24,191] {logging_mixin.py:115} INFO - [2024-12-18 22:06:24,191] {dag.py:2379} INFO - Sync 1 DAGs
[2024-12-18 22:06:24,218] {logging_mixin.py:115} INFO - [2024-12-18 22:06:24,217] {dag.py:2927} INFO - Setting next_dagrun for example_branch_operator to 2024-12-18T00:00:00+00:00, run_after=2024-12-19T00:00:00+00:00
[2024-12-18 22:06:24,232] {processor.py:161} INFO - Processing /home/patriciacorreia/Documents/airflowalura/venv/lib/python3.9/site-packages/airflow/example_dags/example_branch_operator.py took 0.083 seconds
[2024-12-18 22:07:02,205] {processor.py:153} INFO - Started process (PID=14137) to work on /home/patriciacorreia/Documents/airflowalura/venv/lib/python3.9/site-packages/airflow/example_dags/example_branch_operator.py
[2024-12-18 22:07:02,207] {processor.py:641} INFO - Processing file /home/patriciacorreia/Documents/airflowalura/venv/lib/python3.9/site-packages/airflow/example_dags/example_branch_operator.py for tasks to queue
[2024-12-18 22:07:02,208] {logging_mixin.py:115} INFO - [2024-12-18 22:07:02,207] {dagbag.py:507} INFO - Filling up the DagBag from /home/patriciacorreia/Documents/airflowalura/venv/lib/python3.9/site-packages/airflow/example_dags/example_branch_operator.py
[2024-12-18 22:07:02,233] {processor.py:651} INFO - DAG(s) dict_keys(['example_branch_operator']) retrieved from /home/patriciacorreia/Documents/airflowalura/venv/lib/python3.9/site-packages/airflow/example_dags/example_branch_operator.py
[2024-12-18 22:07:02,283] {logging_mixin.py:115} INFO - [2024-12-18 22:07:02,283] {dag.py:2379} INFO - Sync 1 DAGs
[2024-12-18 22:07:02,331] {logging_mixin.py:115} INFO - [2024-12-18 22:07:02,331] {dag.py:2927} INFO - Setting next_dagrun for example_branch_operator to 2024-12-18T00:00:00+00:00, run_after=2024-12-19T00:00:00+00:00
[2024-12-18 22:07:02,365] {processor.py:161} INFO - Processing /home/patriciacorreia/Documents/airflowalura/venv/lib/python3.9/site-packages/airflow/example_dags/example_branch_operator.py took 0.170 seconds
[2024-12-18 22:07:46,676] {processor.py:153} INFO - Started process (PID=14222) to work on /home/patriciacorreia/Documents/airflowalura/venv/lib/python3.9/site-packages/airflow/example_dags/example_branch_operator.py
[2024-12-18 22:07:46,678] {processor.py:641} INFO - Processing file /home/patriciacorreia/Documents/airflowalura/venv/lib/python3.9/site-packages/airflow/example_dags/example_branch_operator.py for tasks to queue
[2024-12-18 22:07:46,680] {logging_mixin.py:115} INFO - [2024-12-18 22:07:46,679] {dagbag.py:507} INFO - Filling up the DagBag from /home/patriciacorreia/Documents/airflowalura/venv/lib/python3.9/site-packages/airflow/example_dags/example_branch_operator.py
[2024-12-18 22:07:46,702] {processor.py:651} INFO - DAG(s) dict_keys(['example_branch_operator']) retrieved from /home/patriciacorreia/Documents/airflowalura/venv/lib/python3.9/site-packages/airflow/example_dags/example_branch_operator.py
[2024-12-18 22:07:46,746] {logging_mixin.py:115} INFO - [2024-12-18 22:07:46,746] {dag.py:2379} INFO - Sync 1 DAGs
[2024-12-18 22:07:46,810] {logging_mixin.py:115} INFO - [2024-12-18 22:07:46,809] {dag.py:2927} INFO - Setting next_dagrun for example_branch_operator to 2024-12-18T00:00:00+00:00, run_after=2024-12-19T00:00:00+00:00
[2024-12-18 22:07:46,834] {processor.py:161} INFO - Processing /home/patriciacorreia/Documents/airflowalura/venv/lib/python3.9/site-packages/airflow/example_dags/example_branch_operator.py took 0.165 seconds
[2024-12-18 22:08:28,162] {processor.py:153} INFO - Started process (PID=14348) to work on /home/patriciacorreia/Documents/airflowalura/venv/lib/python3.9/site-packages/airflow/example_dags/example_branch_operator.py
[2024-12-18 22:08:28,164] {processor.py:641} INFO - Processing file /home/patriciacorreia/Documents/airflowalura/venv/lib/python3.9/site-packages/airflow/example_dags/example_branch_operator.py for tasks to queue
[2024-12-18 22:08:28,167] {logging_mixin.py:115} INFO - [2024-12-18 22:08:28,166] {dagbag.py:507} INFO - Filling up the DagBag from /home/patriciacorreia/Documents/airflowalura/venv/lib/python3.9/site-packages/airflow/example_dags/example_branch_operator.py
[2024-12-18 22:08:28,193] {processor.py:651} INFO - DAG(s) dict_keys(['example_branch_operator']) retrieved from /home/patriciacorreia/Documents/airflowalura/venv/lib/python3.9/site-packages/airflow/example_dags/example_branch_operator.py
[2024-12-18 22:08:28,229] {logging_mixin.py:115} INFO - [2024-12-18 22:08:28,229] {dag.py:2379} INFO - Sync 1 DAGs
[2024-12-18 22:08:28,275] {logging_mixin.py:115} INFO - [2024-12-18 22:08:28,274] {dag.py:2927} INFO - Setting next_dagrun for example_branch_operator to 2024-12-18T00:00:00+00:00, run_after=2024-12-19T00:00:00+00:00
[2024-12-18 22:08:28,298] {processor.py:161} INFO - Processing /home/patriciacorreia/Documents/airflowalura/venv/lib/python3.9/site-packages/airflow/example_dags/example_branch_operator.py took 0.141 seconds
[2024-12-18 22:09:05,009] {processor.py:153} INFO - Started process (PID=14494) to work on /home/patriciacorreia/Documents/airflowalura/venv/lib/python3.9/site-packages/airflow/example_dags/example_branch_operator.py
[2024-12-18 22:09:05,011] {processor.py:641} INFO - Processing file /home/patriciacorreia/Documents/airflowalura/venv/lib/python3.9/site-packages/airflow/example_dags/example_branch_operator.py for tasks to queue
[2024-12-18 22:09:05,011] {logging_mixin.py:115} INFO - [2024-12-18 22:09:05,011] {dagbag.py:507} INFO - Filling up the DagBag from /home/patriciacorreia/Documents/airflowalura/venv/lib/python3.9/site-packages/airflow/example_dags/example_branch_operator.py
[2024-12-18 22:09:05,026] {processor.py:651} INFO - DAG(s) dict_keys(['example_branch_operator']) retrieved from /home/patriciacorreia/Documents/airflowalura/venv/lib/python3.9/site-packages/airflow/example_dags/example_branch_operator.py
[2024-12-18 22:09:05,051] {logging_mixin.py:115} INFO - [2024-12-18 22:09:05,051] {dag.py:2379} INFO - Sync 1 DAGs
[2024-12-18 22:09:05,081] {logging_mixin.py:115} INFO - [2024-12-18 22:09:05,081] {dag.py:2927} INFO - Setting next_dagrun for example_branch_operator to 2024-12-18T00:00:00+00:00, run_after=2024-12-19T00:00:00+00:00
[2024-12-18 22:09:05,098] {processor.py:161} INFO - Processing /home/patriciacorreia/Documents/airflowalura/venv/lib/python3.9/site-packages/airflow/example_dags/example_branch_operator.py took 0.095 seconds
[2024-12-18 22:09:45,776] {processor.py:153} INFO - Started process (PID=14698) to work on /home/patriciacorreia/Documents/airflowalura/venv/lib/python3.9/site-packages/airflow/example_dags/example_branch_operator.py
[2024-12-18 22:09:45,777] {processor.py:641} INFO - Processing file /home/patriciacorreia/Documents/airflowalura/venv/lib/python3.9/site-packages/airflow/example_dags/example_branch_operator.py for tasks to queue
[2024-12-18 22:09:45,778] {logging_mixin.py:115} INFO - [2024-12-18 22:09:45,778] {dagbag.py:507} INFO - Filling up the DagBag from /home/patriciacorreia/Documents/airflowalura/venv/lib/python3.9/site-packages/airflow/example_dags/example_branch_operator.py
[2024-12-18 22:09:45,791] {processor.py:651} INFO - DAG(s) dict_keys(['example_branch_operator']) retrieved from /home/patriciacorreia/Documents/airflowalura/venv/lib/python3.9/site-packages/airflow/example_dags/example_branch_operator.py
[2024-12-18 22:09:45,816] {logging_mixin.py:115} INFO - [2024-12-18 22:09:45,815] {dag.py:2379} INFO - Sync 1 DAGs
[2024-12-18 22:09:45,845] {logging_mixin.py:115} INFO - [2024-12-18 22:09:45,845] {dag.py:2927} INFO - Setting next_dagrun for example_branch_operator to 2024-12-18T00:00:00+00:00, run_after=2024-12-19T00:00:00+00:00
[2024-12-18 22:09:45,861] {processor.py:161} INFO - Processing /home/patriciacorreia/Documents/airflowalura/venv/lib/python3.9/site-packages/airflow/example_dags/example_branch_operator.py took 0.089 seconds
[2024-12-18 22:10:22,334] {processor.py:153} INFO - Started process (PID=14959) to work on /home/patriciacorreia/Documents/airflowalura/venv/lib/python3.9/site-packages/airflow/example_dags/example_branch_operator.py
[2024-12-18 22:10:22,337] {processor.py:641} INFO - Processing file /home/patriciacorreia/Documents/airflowalura/venv/lib/python3.9/site-packages/airflow/example_dags/example_branch_operator.py for tasks to queue
[2024-12-18 22:10:22,338] {logging_mixin.py:115} INFO - [2024-12-18 22:10:22,338] {dagbag.py:507} INFO - Filling up the DagBag from /home/patriciacorreia/Documents/airflowalura/venv/lib/python3.9/site-packages/airflow/example_dags/example_branch_operator.py
[2024-12-18 22:10:22,368] {processor.py:651} INFO - DAG(s) dict_keys(['example_branch_operator']) retrieved from /home/patriciacorreia/Documents/airflowalura/venv/lib/python3.9/site-packages/airflow/example_dags/example_branch_operator.py
[2024-12-18 22:10:22,413] {logging_mixin.py:115} INFO - [2024-12-18 22:10:22,412] {dag.py:2379} INFO - Sync 1 DAGs
[2024-12-18 22:10:22,473] {logging_mixin.py:115} INFO - [2024-12-18 22:10:22,472] {dag.py:2927} INFO - Setting next_dagrun for example_branch_operator to 2024-12-18T00:00:00+00:00, run_after=2024-12-19T00:00:00+00:00
[2024-12-18 22:10:22,491] {processor.py:161} INFO - Processing /home/patriciacorreia/Documents/airflowalura/venv/lib/python3.9/site-packages/airflow/example_dags/example_branch_operator.py took 0.168 seconds
[2024-12-18 22:11:08,301] {processor.py:153} INFO - Started process (PID=15418) to work on /home/patriciacorreia/Documents/airflowalura/venv/lib/python3.9/site-packages/airflow/example_dags/example_branch_operator.py
[2024-12-18 22:11:08,303] {processor.py:641} INFO - Processing file /home/patriciacorreia/Documents/airflowalura/venv/lib/python3.9/site-packages/airflow/example_dags/example_branch_operator.py for tasks to queue
[2024-12-18 22:11:08,305] {logging_mixin.py:115} INFO - [2024-12-18 22:11:08,304] {dagbag.py:507} INFO - Filling up the DagBag from /home/patriciacorreia/Documents/airflowalura/venv/lib/python3.9/site-packages/airflow/example_dags/example_branch_operator.py
[2024-12-18 22:11:08,339] {processor.py:651} INFO - DAG(s) dict_keys(['example_branch_operator']) retrieved from /home/patriciacorreia/Documents/airflowalura/venv/lib/python3.9/site-packages/airflow/example_dags/example_branch_operator.py
[2024-12-18 22:11:08,387] {logging_mixin.py:115} INFO - [2024-12-18 22:11:08,387] {dag.py:2379} INFO - Sync 1 DAGs
[2024-12-18 22:11:08,461] {logging_mixin.py:115} INFO - [2024-12-18 22:11:08,461] {dag.py:2927} INFO - Setting next_dagrun for example_branch_operator to 2024-12-18T00:00:00+00:00, run_after=2024-12-19T00:00:00+00:00
[2024-12-18 22:11:08,500] {processor.py:161} INFO - Processing /home/patriciacorreia/Documents/airflowalura/venv/lib/python3.9/site-packages/airflow/example_dags/example_branch_operator.py took 0.211 seconds
[2024-12-18 22:11:56,228] {processor.py:153} INFO - Started process (PID=15623) to work on /home/patriciacorreia/Documents/airflowalura/venv/lib/python3.9/site-packages/airflow/example_dags/example_branch_operator.py
[2024-12-18 22:11:56,231] {processor.py:641} INFO - Processing file /home/patriciacorreia/Documents/airflowalura/venv/lib/python3.9/site-packages/airflow/example_dags/example_branch_operator.py for tasks to queue
[2024-12-18 22:11:56,233] {logging_mixin.py:115} INFO - [2024-12-18 22:11:56,233] {dagbag.py:507} INFO - Filling up the DagBag from /home/patriciacorreia/Documents/airflowalura/venv/lib/python3.9/site-packages/airflow/example_dags/example_branch_operator.py
[2024-12-18 22:11:56,278] {processor.py:651} INFO - DAG(s) dict_keys(['example_branch_operator']) retrieved from /home/patriciacorreia/Documents/airflowalura/venv/lib/python3.9/site-packages/airflow/example_dags/example_branch_operator.py
[2024-12-18 22:11:56,338] {logging_mixin.py:115} INFO - [2024-12-18 22:11:56,337] {dag.py:2379} INFO - Sync 1 DAGs
[2024-12-18 22:11:56,431] {logging_mixin.py:115} INFO - [2024-12-18 22:11:56,430] {dag.py:2927} INFO - Setting next_dagrun for example_branch_operator to 2024-12-18T00:00:00+00:00, run_after=2024-12-19T00:00:00+00:00
[2024-12-18 22:11:56,479] {processor.py:161} INFO - Processing /home/patriciacorreia/Documents/airflowalura/venv/lib/python3.9/site-packages/airflow/example_dags/example_branch_operator.py took 0.262 seconds
[2024-12-18 22:12:35,768] {processor.py:153} INFO - Started process (PID=15805) to work on /home/patriciacorreia/Documents/airflowalura/venv/lib/python3.9/site-packages/airflow/example_dags/example_branch_operator.py
[2024-12-18 22:12:35,769] {processor.py:641} INFO - Processing file /home/patriciacorreia/Documents/airflowalura/venv/lib/python3.9/site-packages/airflow/example_dags/example_branch_operator.py for tasks to queue
[2024-12-18 22:12:35,770] {logging_mixin.py:115} INFO - [2024-12-18 22:12:35,770] {dagbag.py:507} INFO - Filling up the DagBag from /home/patriciacorreia/Documents/airflowalura/venv/lib/python3.9/site-packages/airflow/example_dags/example_branch_operator.py
[2024-12-18 22:12:35,790] {processor.py:651} INFO - DAG(s) dict_keys(['example_branch_operator']) retrieved from /home/patriciacorreia/Documents/airflowalura/venv/lib/python3.9/site-packages/airflow/example_dags/example_branch_operator.py
[2024-12-18 22:12:35,817] {logging_mixin.py:115} INFO - [2024-12-18 22:12:35,817] {dag.py:2379} INFO - Sync 1 DAGs
[2024-12-18 22:12:35,848] {logging_mixin.py:115} INFO - [2024-12-18 22:12:35,848] {dag.py:2927} INFO - Setting next_dagrun for example_branch_operator to 2024-12-18T00:00:00+00:00, run_after=2024-12-19T00:00:00+00:00
[2024-12-18 22:12:35,865] {processor.py:161} INFO - Processing /home/patriciacorreia/Documents/airflowalura/venv/lib/python3.9/site-packages/airflow/example_dags/example_branch_operator.py took 0.104 seconds
[2024-12-18 22:13:20,891] {processor.py:153} INFO - Started process (PID=16004) to work on /home/patriciacorreia/Documents/airflowalura/venv/lib/python3.9/site-packages/airflow/example_dags/example_branch_operator.py
[2024-12-18 22:13:20,894] {processor.py:641} INFO - Processing file /home/patriciacorreia/Documents/airflowalura/venv/lib/python3.9/site-packages/airflow/example_dags/example_branch_operator.py for tasks to queue
[2024-12-18 22:13:20,895] {logging_mixin.py:115} INFO - [2024-12-18 22:13:20,894] {dagbag.py:507} INFO - Filling up the DagBag from /home/patriciacorreia/Documents/airflowalura/venv/lib/python3.9/site-packages/airflow/example_dags/example_branch_operator.py
[2024-12-18 22:13:20,918] {processor.py:651} INFO - DAG(s) dict_keys(['example_branch_operator']) retrieved from /home/patriciacorreia/Documents/airflowalura/venv/lib/python3.9/site-packages/airflow/example_dags/example_branch_operator.py
[2024-12-18 22:13:20,955] {logging_mixin.py:115} INFO - [2024-12-18 22:13:20,955] {dag.py:2379} INFO - Sync 1 DAGs
[2024-12-18 22:13:20,984] {logging_mixin.py:115} INFO - [2024-12-18 22:13:20,984] {dag.py:2927} INFO - Setting next_dagrun for example_branch_operator to 2024-12-18T00:00:00+00:00, run_after=2024-12-19T00:00:00+00:00
[2024-12-18 22:13:21,000] {processor.py:161} INFO - Processing /home/patriciacorreia/Documents/airflowalura/venv/lib/python3.9/site-packages/airflow/example_dags/example_branch_operator.py took 0.115 seconds
[2024-12-18 22:14:04,217] {processor.py:153} INFO - Started process (PID=16220) to work on /home/patriciacorreia/Documents/airflowalura/venv/lib/python3.9/site-packages/airflow/example_dags/example_branch_operator.py
[2024-12-18 22:14:04,219] {processor.py:641} INFO - Processing file /home/patriciacorreia/Documents/airflowalura/venv/lib/python3.9/site-packages/airflow/example_dags/example_branch_operator.py for tasks to queue
[2024-12-18 22:14:04,220] {logging_mixin.py:115} INFO - [2024-12-18 22:14:04,220] {dagbag.py:507} INFO - Filling up the DagBag from /home/patriciacorreia/Documents/airflowalura/venv/lib/python3.9/site-packages/airflow/example_dags/example_branch_operator.py
[2024-12-18 22:14:04,239] {processor.py:651} INFO - DAG(s) dict_keys(['example_branch_operator']) retrieved from /home/patriciacorreia/Documents/airflowalura/venv/lib/python3.9/site-packages/airflow/example_dags/example_branch_operator.py
[2024-12-18 22:14:04,274] {logging_mixin.py:115} INFO - [2024-12-18 22:14:04,274] {dag.py:2379} INFO - Sync 1 DAGs
[2024-12-18 22:14:04,312] {logging_mixin.py:115} INFO - [2024-12-18 22:14:04,311] {dag.py:2927} INFO - Setting next_dagrun for example_branch_operator to 2024-12-18T00:00:00+00:00, run_after=2024-12-19T00:00:00+00:00
[2024-12-18 22:14:04,335] {processor.py:161} INFO - Processing /home/patriciacorreia/Documents/airflowalura/venv/lib/python3.9/site-packages/airflow/example_dags/example_branch_operator.py took 0.123 seconds
[2024-12-18 22:14:49,995] {processor.py:153} INFO - Started process (PID=16440) to work on /home/patriciacorreia/Documents/airflowalura/venv/lib/python3.9/site-packages/airflow/example_dags/example_branch_operator.py
[2024-12-18 22:14:49,997] {processor.py:641} INFO - Processing file /home/patriciacorreia/Documents/airflowalura/venv/lib/python3.9/site-packages/airflow/example_dags/example_branch_operator.py for tasks to queue
[2024-12-18 22:14:49,998] {logging_mixin.py:115} INFO - [2024-12-18 22:14:49,998] {dagbag.py:507} INFO - Filling up the DagBag from /home/patriciacorreia/Documents/airflowalura/venv/lib/python3.9/site-packages/airflow/example_dags/example_branch_operator.py
[2024-12-18 22:14:50,022] {processor.py:651} INFO - DAG(s) dict_keys(['example_branch_operator']) retrieved from /home/patriciacorreia/Documents/airflowalura/venv/lib/python3.9/site-packages/airflow/example_dags/example_branch_operator.py
[2024-12-18 22:14:50,054] {logging_mixin.py:115} INFO - [2024-12-18 22:14:50,054] {dag.py:2379} INFO - Sync 1 DAGs
[2024-12-18 22:14:50,093] {logging_mixin.py:115} INFO - [2024-12-18 22:14:50,093] {dag.py:2927} INFO - Setting next_dagrun for example_branch_operator to 2024-12-18T00:00:00+00:00, run_after=2024-12-19T00:00:00+00:00
[2024-12-18 22:14:50,120] {processor.py:161} INFO - Processing /home/patriciacorreia/Documents/airflowalura/venv/lib/python3.9/site-packages/airflow/example_dags/example_branch_operator.py took 0.131 seconds
[2024-12-18 22:15:28,731] {processor.py:153} INFO - Started process (PID=16628) to work on /home/patriciacorreia/Documents/airflowalura/venv/lib/python3.9/site-packages/airflow/example_dags/example_branch_operator.py
[2024-12-18 22:15:28,732] {processor.py:641} INFO - Processing file /home/patriciacorreia/Documents/airflowalura/venv/lib/python3.9/site-packages/airflow/example_dags/example_branch_operator.py for tasks to queue
[2024-12-18 22:15:28,734] {logging_mixin.py:115} INFO - [2024-12-18 22:15:28,733] {dagbag.py:507} INFO - Filling up the DagBag from /home/patriciacorreia/Documents/airflowalura/venv/lib/python3.9/site-packages/airflow/example_dags/example_branch_operator.py
[2024-12-18 22:15:28,762] {processor.py:651} INFO - DAG(s) dict_keys(['example_branch_operator']) retrieved from /home/patriciacorreia/Documents/airflowalura/venv/lib/python3.9/site-packages/airflow/example_dags/example_branch_operator.py
[2024-12-18 22:15:28,805] {logging_mixin.py:115} INFO - [2024-12-18 22:15:28,805] {dag.py:2379} INFO - Sync 1 DAGs
[2024-12-18 22:15:28,858] {logging_mixin.py:115} INFO - [2024-12-18 22:15:28,858] {dag.py:2927} INFO - Setting next_dagrun for example_branch_operator to 2024-12-18T00:00:00+00:00, run_after=2024-12-19T00:00:00+00:00
[2024-12-18 22:15:28,884] {processor.py:161} INFO - Processing /home/patriciacorreia/Documents/airflowalura/venv/lib/python3.9/site-packages/airflow/example_dags/example_branch_operator.py took 0.161 seconds
[2024-12-18 22:16:12,837] {processor.py:153} INFO - Started process (PID=16850) to work on /home/patriciacorreia/Documents/airflowalura/venv/lib/python3.9/site-packages/airflow/example_dags/example_branch_operator.py
[2024-12-18 22:16:12,842] {processor.py:641} INFO - Processing file /home/patriciacorreia/Documents/airflowalura/venv/lib/python3.9/site-packages/airflow/example_dags/example_branch_operator.py for tasks to queue
[2024-12-18 22:16:12,844] {logging_mixin.py:115} INFO - [2024-12-18 22:16:12,844] {dagbag.py:507} INFO - Filling up the DagBag from /home/patriciacorreia/Documents/airflowalura/venv/lib/python3.9/site-packages/airflow/example_dags/example_branch_operator.py
[2024-12-18 22:16:12,914] {processor.py:651} INFO - DAG(s) dict_keys(['example_branch_operator']) retrieved from /home/patriciacorreia/Documents/airflowalura/venv/lib/python3.9/site-packages/airflow/example_dags/example_branch_operator.py
[2024-12-18 22:16:12,977] {logging_mixin.py:115} INFO - [2024-12-18 22:16:12,977] {dag.py:2379} INFO - Sync 1 DAGs
[2024-12-18 22:16:13,012] {logging_mixin.py:115} INFO - [2024-12-18 22:16:13,012] {dag.py:2927} INFO - Setting next_dagrun for example_branch_operator to 2024-12-18T00:00:00+00:00, run_after=2024-12-19T00:00:00+00:00
[2024-12-18 22:16:13,034] {processor.py:161} INFO - Processing /home/patriciacorreia/Documents/airflowalura/venv/lib/python3.9/site-packages/airflow/example_dags/example_branch_operator.py took 0.213 seconds
[2024-12-18 22:16:57,587] {processor.py:153} INFO - Started process (PID=17128) to work on /home/patriciacorreia/Documents/airflowalura/venv/lib/python3.9/site-packages/airflow/example_dags/example_branch_operator.py
[2024-12-18 22:16:57,590] {processor.py:641} INFO - Processing file /home/patriciacorreia/Documents/airflowalura/venv/lib/python3.9/site-packages/airflow/example_dags/example_branch_operator.py for tasks to queue
[2024-12-18 22:16:57,591] {logging_mixin.py:115} INFO - [2024-12-18 22:16:57,591] {dagbag.py:507} INFO - Filling up the DagBag from /home/patriciacorreia/Documents/airflowalura/venv/lib/python3.9/site-packages/airflow/example_dags/example_branch_operator.py
[2024-12-18 22:16:57,633] {processor.py:651} INFO - DAG(s) dict_keys(['example_branch_operator']) retrieved from /home/patriciacorreia/Documents/airflowalura/venv/lib/python3.9/site-packages/airflow/example_dags/example_branch_operator.py
[2024-12-18 22:16:57,705] {logging_mixin.py:115} INFO - [2024-12-18 22:16:57,705] {dag.py:2379} INFO - Sync 1 DAGs
[2024-12-18 22:16:57,792] {logging_mixin.py:115} INFO - [2024-12-18 22:16:57,792] {dag.py:2927} INFO - Setting next_dagrun for example_branch_operator to 2024-12-18T00:00:00+00:00, run_after=2024-12-19T00:00:00+00:00
[2024-12-18 22:16:57,830] {processor.py:161} INFO - Processing /home/patriciacorreia/Documents/airflowalura/venv/lib/python3.9/site-packages/airflow/example_dags/example_branch_operator.py took 0.256 seconds
[2024-12-18 22:17:47,614] {processor.py:153} INFO - Started process (PID=17379) to work on /home/patriciacorreia/Documents/airflowalura/venv/lib/python3.9/site-packages/airflow/example_dags/example_branch_operator.py
[2024-12-18 22:17:47,616] {processor.py:641} INFO - Processing file /home/patriciacorreia/Documents/airflowalura/venv/lib/python3.9/site-packages/airflow/example_dags/example_branch_operator.py for tasks to queue
[2024-12-18 22:17:47,617] {logging_mixin.py:115} INFO - [2024-12-18 22:17:47,617] {dagbag.py:507} INFO - Filling up the DagBag from /home/patriciacorreia/Documents/airflowalura/venv/lib/python3.9/site-packages/airflow/example_dags/example_branch_operator.py
[2024-12-18 22:17:47,637] {processor.py:651} INFO - DAG(s) dict_keys(['example_branch_operator']) retrieved from /home/patriciacorreia/Documents/airflowalura/venv/lib/python3.9/site-packages/airflow/example_dags/example_branch_operator.py
[2024-12-18 22:17:47,669] {logging_mixin.py:115} INFO - [2024-12-18 22:17:47,669] {dag.py:2379} INFO - Sync 1 DAGs
[2024-12-18 22:17:47,715] {logging_mixin.py:115} INFO - [2024-12-18 22:17:47,715] {dag.py:2927} INFO - Setting next_dagrun for example_branch_operator to 2024-12-18T00:00:00+00:00, run_after=2024-12-19T00:00:00+00:00
[2024-12-18 22:17:47,743] {processor.py:161} INFO - Processing /home/patriciacorreia/Documents/airflowalura/venv/lib/python3.9/site-packages/airflow/example_dags/example_branch_operator.py took 0.135 seconds
[2024-12-18 22:18:37,410] {processor.py:153} INFO - Started process (PID=17606) to work on /home/patriciacorreia/Documents/airflowalura/venv/lib/python3.9/site-packages/airflow/example_dags/example_branch_operator.py
[2024-12-18 22:18:37,413] {processor.py:641} INFO - Processing file /home/patriciacorreia/Documents/airflowalura/venv/lib/python3.9/site-packages/airflow/example_dags/example_branch_operator.py for tasks to queue
[2024-12-18 22:18:37,416] {logging_mixin.py:115} INFO - [2024-12-18 22:18:37,416] {dagbag.py:507} INFO - Filling up the DagBag from /home/patriciacorreia/Documents/airflowalura/venv/lib/python3.9/site-packages/airflow/example_dags/example_branch_operator.py
[2024-12-18 22:18:37,464] {processor.py:651} INFO - DAG(s) dict_keys(['example_branch_operator']) retrieved from /home/patriciacorreia/Documents/airflowalura/venv/lib/python3.9/site-packages/airflow/example_dags/example_branch_operator.py
[2024-12-18 22:18:37,500] {logging_mixin.py:115} INFO - [2024-12-18 22:18:37,500] {dag.py:2379} INFO - Sync 1 DAGs
[2024-12-18 22:18:37,531] {logging_mixin.py:115} INFO - [2024-12-18 22:18:37,531] {dag.py:2927} INFO - Setting next_dagrun for example_branch_operator to 2024-12-18T00:00:00+00:00, run_after=2024-12-19T00:00:00+00:00
[2024-12-18 22:18:37,549] {processor.py:161} INFO - Processing /home/patriciacorreia/Documents/airflowalura/venv/lib/python3.9/site-packages/airflow/example_dags/example_branch_operator.py took 0.152 seconds
[2024-12-18 22:19:59,394] {processor.py:153} INFO - Started process (PID=17973) to work on /home/patriciacorreia/Documents/airflowalura/venv/lib/python3.9/site-packages/airflow/example_dags/example_branch_operator.py
[2024-12-18 22:19:59,398] {processor.py:641} INFO - Processing file /home/patriciacorreia/Documents/airflowalura/venv/lib/python3.9/site-packages/airflow/example_dags/example_branch_operator.py for tasks to queue
[2024-12-18 22:19:59,400] {logging_mixin.py:115} INFO - [2024-12-18 22:19:59,400] {dagbag.py:507} INFO - Filling up the DagBag from /home/patriciacorreia/Documents/airflowalura/venv/lib/python3.9/site-packages/airflow/example_dags/example_branch_operator.py
[2024-12-18 22:19:59,422] {processor.py:651} INFO - DAG(s) dict_keys(['example_branch_operator']) retrieved from /home/patriciacorreia/Documents/airflowalura/venv/lib/python3.9/site-packages/airflow/example_dags/example_branch_operator.py
[2024-12-18 22:19:59,459] {logging_mixin.py:115} INFO - [2024-12-18 22:19:59,459] {dag.py:2379} INFO - Sync 1 DAGs
[2024-12-18 22:19:59,507] {logging_mixin.py:115} INFO - [2024-12-18 22:19:59,507] {dag.py:2927} INFO - Setting next_dagrun for example_branch_operator to 2024-12-18T00:00:00+00:00, run_after=2024-12-19T00:00:00+00:00
[2024-12-18 22:19:59,538] {processor.py:161} INFO - Processing /home/patriciacorreia/Documents/airflowalura/venv/lib/python3.9/site-packages/airflow/example_dags/example_branch_operator.py took 0.153 seconds
[2024-12-18 22:20:44,275] {processor.py:153} INFO - Started process (PID=18194) to work on /home/patriciacorreia/Documents/airflowalura/venv/lib/python3.9/site-packages/airflow/example_dags/example_branch_operator.py
[2024-12-18 22:20:44,277] {processor.py:641} INFO - Processing file /home/patriciacorreia/Documents/airflowalura/venv/lib/python3.9/site-packages/airflow/example_dags/example_branch_operator.py for tasks to queue
[2024-12-18 22:20:44,278] {logging_mixin.py:115} INFO - [2024-12-18 22:20:44,278] {dagbag.py:507} INFO - Filling up the DagBag from /home/patriciacorreia/Documents/airflowalura/venv/lib/python3.9/site-packages/airflow/example_dags/example_branch_operator.py
[2024-12-18 22:20:44,307] {processor.py:651} INFO - DAG(s) dict_keys(['example_branch_operator']) retrieved from /home/patriciacorreia/Documents/airflowalura/venv/lib/python3.9/site-packages/airflow/example_dags/example_branch_operator.py
[2024-12-18 22:20:44,368] {logging_mixin.py:115} INFO - [2024-12-18 22:20:44,368] {dag.py:2379} INFO - Sync 1 DAGs
[2024-12-18 22:20:44,411] {logging_mixin.py:115} INFO - [2024-12-18 22:20:44,411] {dag.py:2927} INFO - Setting next_dagrun for example_branch_operator to 2024-12-18T00:00:00+00:00, run_after=2024-12-19T00:00:00+00:00
[2024-12-18 22:20:44,441] {processor.py:161} INFO - Processing /home/patriciacorreia/Documents/airflowalura/venv/lib/python3.9/site-packages/airflow/example_dags/example_branch_operator.py took 0.172 seconds
[2024-12-18 22:21:34,045] {processor.py:153} INFO - Started process (PID=18429) to work on /home/patriciacorreia/Documents/airflowalura/venv/lib/python3.9/site-packages/airflow/example_dags/example_branch_operator.py
[2024-12-18 22:21:34,050] {processor.py:641} INFO - Processing file /home/patriciacorreia/Documents/airflowalura/venv/lib/python3.9/site-packages/airflow/example_dags/example_branch_operator.py for tasks to queue
[2024-12-18 22:21:34,054] {logging_mixin.py:115} INFO - [2024-12-18 22:21:34,053] {dagbag.py:507} INFO - Filling up the DagBag from /home/patriciacorreia/Documents/airflowalura/venv/lib/python3.9/site-packages/airflow/example_dags/example_branch_operator.py
[2024-12-18 22:21:34,119] {processor.py:651} INFO - DAG(s) dict_keys(['example_branch_operator']) retrieved from /home/patriciacorreia/Documents/airflowalura/venv/lib/python3.9/site-packages/airflow/example_dags/example_branch_operator.py
[2024-12-18 22:21:34,222] {logging_mixin.py:115} INFO - [2024-12-18 22:21:34,222] {dag.py:2379} INFO - Sync 1 DAGs
[2024-12-18 22:21:34,306] {logging_mixin.py:115} INFO - [2024-12-18 22:21:34,306] {dag.py:2927} INFO - Setting next_dagrun for example_branch_operator to 2024-12-18T00:00:00+00:00, run_after=2024-12-19T00:00:00+00:00
[2024-12-18 22:21:34,327] {processor.py:161} INFO - Processing /home/patriciacorreia/Documents/airflowalura/venv/lib/python3.9/site-packages/airflow/example_dags/example_branch_operator.py took 0.305 seconds
[2024-12-18 22:22:21,482] {processor.py:153} INFO - Started process (PID=18643) to work on /home/patriciacorreia/Documents/airflowalura/venv/lib/python3.9/site-packages/airflow/example_dags/example_branch_operator.py
[2024-12-18 22:22:21,489] {processor.py:641} INFO - Processing file /home/patriciacorreia/Documents/airflowalura/venv/lib/python3.9/site-packages/airflow/example_dags/example_branch_operator.py for tasks to queue
[2024-12-18 22:22:21,493] {logging_mixin.py:115} INFO - [2024-12-18 22:22:21,492] {dagbag.py:507} INFO - Filling up the DagBag from /home/patriciacorreia/Documents/airflowalura/venv/lib/python3.9/site-packages/airflow/example_dags/example_branch_operator.py
[2024-12-18 22:22:21,563] {processor.py:651} INFO - DAG(s) dict_keys(['example_branch_operator']) retrieved from /home/patriciacorreia/Documents/airflowalura/venv/lib/python3.9/site-packages/airflow/example_dags/example_branch_operator.py
[2024-12-18 22:22:21,652] {logging_mixin.py:115} INFO - [2024-12-18 22:22:21,652] {dag.py:2379} INFO - Sync 1 DAGs
[2024-12-18 22:22:21,687] {logging_mixin.py:115} INFO - [2024-12-18 22:22:21,686] {dag.py:2927} INFO - Setting next_dagrun for example_branch_operator to 2024-12-18T00:00:00+00:00, run_after=2024-12-19T00:00:00+00:00
[2024-12-18 22:22:21,705] {processor.py:161} INFO - Processing /home/patriciacorreia/Documents/airflowalura/venv/lib/python3.9/site-packages/airflow/example_dags/example_branch_operator.py took 0.239 seconds
[2024-12-18 22:23:03,127] {processor.py:153} INFO - Started process (PID=18845) to work on /home/patriciacorreia/Documents/airflowalura/venv/lib/python3.9/site-packages/airflow/example_dags/example_branch_operator.py
[2024-12-18 22:23:03,129] {processor.py:641} INFO - Processing file /home/patriciacorreia/Documents/airflowalura/venv/lib/python3.9/site-packages/airflow/example_dags/example_branch_operator.py for tasks to queue
[2024-12-18 22:23:03,130] {logging_mixin.py:115} INFO - [2024-12-18 22:23:03,130] {dagbag.py:507} INFO - Filling up the DagBag from /home/patriciacorreia/Documents/airflowalura/venv/lib/python3.9/site-packages/airflow/example_dags/example_branch_operator.py
[2024-12-18 22:23:03,158] {processor.py:651} INFO - DAG(s) dict_keys(['example_branch_operator']) retrieved from /home/patriciacorreia/Documents/airflowalura/venv/lib/python3.9/site-packages/airflow/example_dags/example_branch_operator.py
[2024-12-18 22:23:03,208] {logging_mixin.py:115} INFO - [2024-12-18 22:23:03,208] {dag.py:2379} INFO - Sync 1 DAGs
[2024-12-18 22:23:03,263] {logging_mixin.py:115} INFO - [2024-12-18 22:23:03,263] {dag.py:2927} INFO - Setting next_dagrun for example_branch_operator to 2024-12-18T00:00:00+00:00, run_after=2024-12-19T00:00:00+00:00
[2024-12-18 22:23:03,286] {processor.py:161} INFO - Processing /home/patriciacorreia/Documents/airflowalura/venv/lib/python3.9/site-packages/airflow/example_dags/example_branch_operator.py took 0.168 seconds
[2024-12-18 22:23:47,215] {processor.py:153} INFO - Started process (PID=19042) to work on /home/patriciacorreia/Documents/airflowalura/venv/lib/python3.9/site-packages/airflow/example_dags/example_branch_operator.py
[2024-12-18 22:23:47,221] {processor.py:641} INFO - Processing file /home/patriciacorreia/Documents/airflowalura/venv/lib/python3.9/site-packages/airflow/example_dags/example_branch_operator.py for tasks to queue
[2024-12-18 22:23:47,227] {logging_mixin.py:115} INFO - [2024-12-18 22:23:47,225] {dagbag.py:507} INFO - Filling up the DagBag from /home/patriciacorreia/Documents/airflowalura/venv/lib/python3.9/site-packages/airflow/example_dags/example_branch_operator.py
[2024-12-18 22:23:47,286] {processor.py:651} INFO - DAG(s) dict_keys(['example_branch_operator']) retrieved from /home/patriciacorreia/Documents/airflowalura/venv/lib/python3.9/site-packages/airflow/example_dags/example_branch_operator.py
[2024-12-18 22:23:47,399] {logging_mixin.py:115} INFO - [2024-12-18 22:23:47,399] {dag.py:2379} INFO - Sync 1 DAGs
[2024-12-18 22:23:47,476] {logging_mixin.py:115} INFO - [2024-12-18 22:23:47,476] {dag.py:2927} INFO - Setting next_dagrun for example_branch_operator to 2024-12-18T00:00:00+00:00, run_after=2024-12-19T00:00:00+00:00
[2024-12-18 22:23:47,496] {processor.py:161} INFO - Processing /home/patriciacorreia/Documents/airflowalura/venv/lib/python3.9/site-packages/airflow/example_dags/example_branch_operator.py took 0.301 seconds
[2024-12-18 22:24:35,527] {processor.py:153} INFO - Started process (PID=19271) to work on /home/patriciacorreia/Documents/airflowalura/venv/lib/python3.9/site-packages/airflow/example_dags/example_branch_operator.py
[2024-12-18 22:24:35,532] {processor.py:641} INFO - Processing file /home/patriciacorreia/Documents/airflowalura/venv/lib/python3.9/site-packages/airflow/example_dags/example_branch_operator.py for tasks to queue
[2024-12-18 22:24:35,536] {logging_mixin.py:115} INFO - [2024-12-18 22:24:35,535] {dagbag.py:507} INFO - Filling up the DagBag from /home/patriciacorreia/Documents/airflowalura/venv/lib/python3.9/site-packages/airflow/example_dags/example_branch_operator.py
[2024-12-18 22:24:35,624] {processor.py:651} INFO - DAG(s) dict_keys(['example_branch_operator']) retrieved from /home/patriciacorreia/Documents/airflowalura/venv/lib/python3.9/site-packages/airflow/example_dags/example_branch_operator.py
[2024-12-18 22:24:35,663] {logging_mixin.py:115} INFO - [2024-12-18 22:24:35,663] {dag.py:2379} INFO - Sync 1 DAGs
[2024-12-18 22:24:35,697] {logging_mixin.py:115} INFO - [2024-12-18 22:24:35,697] {dag.py:2927} INFO - Setting next_dagrun for example_branch_operator to 2024-12-18T00:00:00+00:00, run_after=2024-12-19T00:00:00+00:00
[2024-12-18 22:24:35,715] {processor.py:161} INFO - Processing /home/patriciacorreia/Documents/airflowalura/venv/lib/python3.9/site-packages/airflow/example_dags/example_branch_operator.py took 0.210 seconds
[2024-12-18 22:25:19,741] {processor.py:153} INFO - Started process (PID=19506) to work on /home/patriciacorreia/Documents/airflowalura/venv/lib/python3.9/site-packages/airflow/example_dags/example_branch_operator.py
[2024-12-18 22:25:19,747] {processor.py:641} INFO - Processing file /home/patriciacorreia/Documents/airflowalura/venv/lib/python3.9/site-packages/airflow/example_dags/example_branch_operator.py for tasks to queue
[2024-12-18 22:25:19,751] {logging_mixin.py:115} INFO - [2024-12-18 22:25:19,750] {dagbag.py:507} INFO - Filling up the DagBag from /home/patriciacorreia/Documents/airflowalura/venv/lib/python3.9/site-packages/airflow/example_dags/example_branch_operator.py
[2024-12-18 22:25:19,807] {processor.py:651} INFO - DAG(s) dict_keys(['example_branch_operator']) retrieved from /home/patriciacorreia/Documents/airflowalura/venv/lib/python3.9/site-packages/airflow/example_dags/example_branch_operator.py
[2024-12-18 22:25:19,837] {logging_mixin.py:115} INFO - [2024-12-18 22:25:19,836] {dag.py:2379} INFO - Sync 1 DAGs
[2024-12-18 22:25:19,871] {logging_mixin.py:115} INFO - [2024-12-18 22:25:19,871] {dag.py:2927} INFO - Setting next_dagrun for example_branch_operator to 2024-12-18T00:00:00+00:00, run_after=2024-12-19T00:00:00+00:00
[2024-12-18 22:25:19,895] {processor.py:161} INFO - Processing /home/patriciacorreia/Documents/airflowalura/venv/lib/python3.9/site-packages/airflow/example_dags/example_branch_operator.py took 0.177 seconds
[2024-12-18 22:26:04,417] {processor.py:153} INFO - Started process (PID=19708) to work on /home/patriciacorreia/Documents/airflowalura/venv/lib/python3.9/site-packages/airflow/example_dags/example_branch_operator.py
[2024-12-18 22:26:04,422] {processor.py:641} INFO - Processing file /home/patriciacorreia/Documents/airflowalura/venv/lib/python3.9/site-packages/airflow/example_dags/example_branch_operator.py for tasks to queue
[2024-12-18 22:26:04,426] {logging_mixin.py:115} INFO - [2024-12-18 22:26:04,426] {dagbag.py:507} INFO - Filling up the DagBag from /home/patriciacorreia/Documents/airflowalura/venv/lib/python3.9/site-packages/airflow/example_dags/example_branch_operator.py
[2024-12-18 22:26:04,505] {processor.py:651} INFO - DAG(s) dict_keys(['example_branch_operator']) retrieved from /home/patriciacorreia/Documents/airflowalura/venv/lib/python3.9/site-packages/airflow/example_dags/example_branch_operator.py
[2024-12-18 22:26:04,613] {logging_mixin.py:115} INFO - [2024-12-18 22:26:04,611] {dag.py:2379} INFO - Sync 1 DAGs
[2024-12-18 22:26:04,756] {logging_mixin.py:115} INFO - [2024-12-18 22:26:04,755] {dag.py:2927} INFO - Setting next_dagrun for example_branch_operator to 2024-12-18T00:00:00+00:00, run_after=2024-12-19T00:00:00+00:00
[2024-12-18 22:26:04,833] {processor.py:161} INFO - Processing /home/patriciacorreia/Documents/airflowalura/venv/lib/python3.9/site-packages/airflow/example_dags/example_branch_operator.py took 0.434 seconds
[2024-12-18 22:26:50,202] {processor.py:153} INFO - Started process (PID=19907) to work on /home/patriciacorreia/Documents/airflowalura/venv/lib/python3.9/site-packages/airflow/example_dags/example_branch_operator.py
[2024-12-18 22:26:50,205] {processor.py:641} INFO - Processing file /home/patriciacorreia/Documents/airflowalura/venv/lib/python3.9/site-packages/airflow/example_dags/example_branch_operator.py for tasks to queue
[2024-12-18 22:26:50,210] {logging_mixin.py:115} INFO - [2024-12-18 22:26:50,210] {dagbag.py:507} INFO - Filling up the DagBag from /home/patriciacorreia/Documents/airflowalura/venv/lib/python3.9/site-packages/airflow/example_dags/example_branch_operator.py
[2024-12-18 22:26:50,256] {processor.py:651} INFO - DAG(s) dict_keys(['example_branch_operator']) retrieved from /home/patriciacorreia/Documents/airflowalura/venv/lib/python3.9/site-packages/airflow/example_dags/example_branch_operator.py
[2024-12-18 22:26:50,333] {logging_mixin.py:115} INFO - [2024-12-18 22:26:50,333] {dag.py:2379} INFO - Sync 1 DAGs
[2024-12-18 22:26:50,441] {logging_mixin.py:115} INFO - [2024-12-18 22:26:50,440] {dag.py:2927} INFO - Setting next_dagrun for example_branch_operator to 2024-12-18T00:00:00+00:00, run_after=2024-12-19T00:00:00+00:00
[2024-12-18 22:26:50,471] {processor.py:161} INFO - Processing /home/patriciacorreia/Documents/airflowalura/venv/lib/python3.9/site-packages/airflow/example_dags/example_branch_operator.py took 0.283 seconds
[2024-12-18 22:27:33,965] {processor.py:153} INFO - Started process (PID=20112) to work on /home/patriciacorreia/Documents/airflowalura/venv/lib/python3.9/site-packages/airflow/example_dags/example_branch_operator.py
[2024-12-18 22:27:33,969] {processor.py:641} INFO - Processing file /home/patriciacorreia/Documents/airflowalura/venv/lib/python3.9/site-packages/airflow/example_dags/example_branch_operator.py for tasks to queue
[2024-12-18 22:27:33,971] {logging_mixin.py:115} INFO - [2024-12-18 22:27:33,970] {dagbag.py:507} INFO - Filling up the DagBag from /home/patriciacorreia/Documents/airflowalura/venv/lib/python3.9/site-packages/airflow/example_dags/example_branch_operator.py
[2024-12-18 22:27:34,016] {processor.py:651} INFO - DAG(s) dict_keys(['example_branch_operator']) retrieved from /home/patriciacorreia/Documents/airflowalura/venv/lib/python3.9/site-packages/airflow/example_dags/example_branch_operator.py
[2024-12-18 22:27:34,090] {logging_mixin.py:115} INFO - [2024-12-18 22:27:34,089] {dag.py:2379} INFO - Sync 1 DAGs
[2024-12-18 22:27:34,145] {logging_mixin.py:115} INFO - [2024-12-18 22:27:34,145] {dag.py:2927} INFO - Setting next_dagrun for example_branch_operator to 2024-12-18T00:00:00+00:00, run_after=2024-12-19T00:00:00+00:00
[2024-12-18 22:27:34,171] {processor.py:161} INFO - Processing /home/patriciacorreia/Documents/airflowalura/venv/lib/python3.9/site-packages/airflow/example_dags/example_branch_operator.py took 0.218 seconds
[2024-12-18 22:28:12,101] {processor.py:153} INFO - Started process (PID=20305) to work on /home/patriciacorreia/Documents/airflowalura/venv/lib/python3.9/site-packages/airflow/example_dags/example_branch_operator.py
[2024-12-18 22:28:12,104] {processor.py:641} INFO - Processing file /home/patriciacorreia/Documents/airflowalura/venv/lib/python3.9/site-packages/airflow/example_dags/example_branch_operator.py for tasks to queue
[2024-12-18 22:28:12,106] {logging_mixin.py:115} INFO - [2024-12-18 22:28:12,106] {dagbag.py:507} INFO - Filling up the DagBag from /home/patriciacorreia/Documents/airflowalura/venv/lib/python3.9/site-packages/airflow/example_dags/example_branch_operator.py
[2024-12-18 22:28:12,145] {processor.py:651} INFO - DAG(s) dict_keys(['example_branch_operator']) retrieved from /home/patriciacorreia/Documents/airflowalura/venv/lib/python3.9/site-packages/airflow/example_dags/example_branch_operator.py
[2024-12-18 22:28:12,199] {logging_mixin.py:115} INFO - [2024-12-18 22:28:12,199] {dag.py:2379} INFO - Sync 1 DAGs
[2024-12-18 22:28:12,230] {logging_mixin.py:115} INFO - [2024-12-18 22:28:12,230] {dag.py:2927} INFO - Setting next_dagrun for example_branch_operator to 2024-12-18T00:00:00+00:00, run_after=2024-12-19T00:00:00+00:00
[2024-12-18 22:28:12,248] {processor.py:161} INFO - Processing /home/patriciacorreia/Documents/airflowalura/venv/lib/python3.9/site-packages/airflow/example_dags/example_branch_operator.py took 0.159 seconds
[2024-12-18 22:28:58,430] {processor.py:153} INFO - Started process (PID=20531) to work on /home/patriciacorreia/Documents/airflowalura/venv/lib/python3.9/site-packages/airflow/example_dags/example_branch_operator.py
[2024-12-18 22:28:58,432] {processor.py:641} INFO - Processing file /home/patriciacorreia/Documents/airflowalura/venv/lib/python3.9/site-packages/airflow/example_dags/example_branch_operator.py for tasks to queue
[2024-12-18 22:28:58,434] {logging_mixin.py:115} INFO - [2024-12-18 22:28:58,434] {dagbag.py:507} INFO - Filling up the DagBag from /home/patriciacorreia/Documents/airflowalura/venv/lib/python3.9/site-packages/airflow/example_dags/example_branch_operator.py
[2024-12-18 22:28:58,469] {processor.py:651} INFO - DAG(s) dict_keys(['example_branch_operator']) retrieved from /home/patriciacorreia/Documents/airflowalura/venv/lib/python3.9/site-packages/airflow/example_dags/example_branch_operator.py
[2024-12-18 22:28:58,507] {logging_mixin.py:115} INFO - [2024-12-18 22:28:58,507] {dag.py:2379} INFO - Sync 1 DAGs
[2024-12-18 22:28:58,532] {logging_mixin.py:115} INFO - [2024-12-18 22:28:58,532] {dag.py:2927} INFO - Setting next_dagrun for example_branch_operator to 2024-12-18T00:00:00+00:00, run_after=2024-12-19T00:00:00+00:00
[2024-12-18 22:28:58,550] {processor.py:161} INFO - Processing /home/patriciacorreia/Documents/airflowalura/venv/lib/python3.9/site-packages/airflow/example_dags/example_branch_operator.py took 0.131 seconds
[2024-12-18 22:29:36,546] {processor.py:153} INFO - Started process (PID=20730) to work on /home/patriciacorreia/Documents/airflowalura/venv/lib/python3.9/site-packages/airflow/example_dags/example_branch_operator.py
[2024-12-18 22:29:36,548] {processor.py:641} INFO - Processing file /home/patriciacorreia/Documents/airflowalura/venv/lib/python3.9/site-packages/airflow/example_dags/example_branch_operator.py for tasks to queue
[2024-12-18 22:29:36,548] {logging_mixin.py:115} INFO - [2024-12-18 22:29:36,548] {dagbag.py:507} INFO - Filling up the DagBag from /home/patriciacorreia/Documents/airflowalura/venv/lib/python3.9/site-packages/airflow/example_dags/example_branch_operator.py
[2024-12-18 22:29:36,570] {processor.py:651} INFO - DAG(s) dict_keys(['example_branch_operator']) retrieved from /home/patriciacorreia/Documents/airflowalura/venv/lib/python3.9/site-packages/airflow/example_dags/example_branch_operator.py
[2024-12-18 22:29:36,611] {logging_mixin.py:115} INFO - [2024-12-18 22:29:36,611] {dag.py:2379} INFO - Sync 1 DAGs
[2024-12-18 22:29:36,655] {logging_mixin.py:115} INFO - [2024-12-18 22:29:36,655] {dag.py:2927} INFO - Setting next_dagrun for example_branch_operator to 2024-12-18T00:00:00+00:00, run_after=2024-12-19T00:00:00+00:00
[2024-12-18 22:29:36,683] {processor.py:161} INFO - Processing /home/patriciacorreia/Documents/airflowalura/venv/lib/python3.9/site-packages/airflow/example_dags/example_branch_operator.py took 0.141 seconds
[2024-12-18 22:30:20,110] {processor.py:153} INFO - Started process (PID=20950) to work on /home/patriciacorreia/Documents/airflowalura/venv/lib/python3.9/site-packages/airflow/example_dags/example_branch_operator.py
[2024-12-18 22:30:20,112] {processor.py:641} INFO - Processing file /home/patriciacorreia/Documents/airflowalura/venv/lib/python3.9/site-packages/airflow/example_dags/example_branch_operator.py for tasks to queue
[2024-12-18 22:30:20,113] {logging_mixin.py:115} INFO - [2024-12-18 22:30:20,112] {dagbag.py:507} INFO - Filling up the DagBag from /home/patriciacorreia/Documents/airflowalura/venv/lib/python3.9/site-packages/airflow/example_dags/example_branch_operator.py
[2024-12-18 22:30:20,127] {processor.py:651} INFO - DAG(s) dict_keys(['example_branch_operator']) retrieved from /home/patriciacorreia/Documents/airflowalura/venv/lib/python3.9/site-packages/airflow/example_dags/example_branch_operator.py
[2024-12-18 22:30:20,155] {logging_mixin.py:115} INFO - [2024-12-18 22:30:20,155] {dag.py:2379} INFO - Sync 1 DAGs
[2024-12-18 22:30:20,195] {logging_mixin.py:115} INFO - [2024-12-18 22:30:20,195] {dag.py:2927} INFO - Setting next_dagrun for example_branch_operator to 2024-12-18T00:00:00+00:00, run_after=2024-12-19T00:00:00+00:00
[2024-12-18 22:30:20,217] {processor.py:161} INFO - Processing /home/patriciacorreia/Documents/airflowalura/venv/lib/python3.9/site-packages/airflow/example_dags/example_branch_operator.py took 0.110 seconds
[2024-12-18 22:31:03,510] {processor.py:153} INFO - Started process (PID=21182) to work on /home/patriciacorreia/Documents/airflowalura/venv/lib/python3.9/site-packages/airflow/example_dags/example_branch_operator.py
[2024-12-18 22:31:03,514] {processor.py:641} INFO - Processing file /home/patriciacorreia/Documents/airflowalura/venv/lib/python3.9/site-packages/airflow/example_dags/example_branch_operator.py for tasks to queue
[2024-12-18 22:31:03,517] {logging_mixin.py:115} INFO - [2024-12-18 22:31:03,517] {dagbag.py:507} INFO - Filling up the DagBag from /home/patriciacorreia/Documents/airflowalura/venv/lib/python3.9/site-packages/airflow/example_dags/example_branch_operator.py
[2024-12-18 22:31:03,592] {processor.py:651} INFO - DAG(s) dict_keys(['example_branch_operator']) retrieved from /home/patriciacorreia/Documents/airflowalura/venv/lib/python3.9/site-packages/airflow/example_dags/example_branch_operator.py
[2024-12-18 22:31:03,712] {logging_mixin.py:115} INFO - [2024-12-18 22:31:03,712] {dag.py:2379} INFO - Sync 1 DAGs
[2024-12-18 22:31:03,800] {logging_mixin.py:115} INFO - [2024-12-18 22:31:03,799] {dag.py:2927} INFO - Setting next_dagrun for example_branch_operator to 2024-12-18T00:00:00+00:00, run_after=2024-12-19T00:00:00+00:00
[2024-12-18 22:31:03,836] {processor.py:161} INFO - Processing /home/patriciacorreia/Documents/airflowalura/venv/lib/python3.9/site-packages/airflow/example_dags/example_branch_operator.py took 0.354 seconds
[2024-12-18 22:31:38,569] {processor.py:153} INFO - Started process (PID=21363) to work on /home/patriciacorreia/Documents/airflowalura/venv/lib/python3.9/site-packages/airflow/example_dags/example_branch_operator.py
[2024-12-18 22:31:38,570] {processor.py:641} INFO - Processing file /home/patriciacorreia/Documents/airflowalura/venv/lib/python3.9/site-packages/airflow/example_dags/example_branch_operator.py for tasks to queue
[2024-12-18 22:31:38,571] {logging_mixin.py:115} INFO - [2024-12-18 22:31:38,571] {dagbag.py:507} INFO - Filling up the DagBag from /home/patriciacorreia/Documents/airflowalura/venv/lib/python3.9/site-packages/airflow/example_dags/example_branch_operator.py
[2024-12-18 22:31:38,583] {processor.py:651} INFO - DAG(s) dict_keys(['example_branch_operator']) retrieved from /home/patriciacorreia/Documents/airflowalura/venv/lib/python3.9/site-packages/airflow/example_dags/example_branch_operator.py
[2024-12-18 22:31:38,605] {logging_mixin.py:115} INFO - [2024-12-18 22:31:38,604] {dag.py:2379} INFO - Sync 1 DAGs
[2024-12-18 22:31:38,639] {logging_mixin.py:115} INFO - [2024-12-18 22:31:38,639] {dag.py:2927} INFO - Setting next_dagrun for example_branch_operator to 2024-12-18T00:00:00+00:00, run_after=2024-12-19T00:00:00+00:00
[2024-12-18 22:31:38,654] {processor.py:161} INFO - Processing /home/patriciacorreia/Documents/airflowalura/venv/lib/python3.9/site-packages/airflow/example_dags/example_branch_operator.py took 0.089 seconds
[2024-12-18 22:32:19,484] {processor.py:153} INFO - Started process (PID=21562) to work on /home/patriciacorreia/Documents/airflowalura/venv/lib/python3.9/site-packages/airflow/example_dags/example_branch_operator.py
[2024-12-18 22:32:19,485] {processor.py:641} INFO - Processing file /home/patriciacorreia/Documents/airflowalura/venv/lib/python3.9/site-packages/airflow/example_dags/example_branch_operator.py for tasks to queue
[2024-12-18 22:32:19,486] {logging_mixin.py:115} INFO - [2024-12-18 22:32:19,486] {dagbag.py:507} INFO - Filling up the DagBag from /home/patriciacorreia/Documents/airflowalura/venv/lib/python3.9/site-packages/airflow/example_dags/example_branch_operator.py
[2024-12-18 22:32:19,499] {processor.py:651} INFO - DAG(s) dict_keys(['example_branch_operator']) retrieved from /home/patriciacorreia/Documents/airflowalura/venv/lib/python3.9/site-packages/airflow/example_dags/example_branch_operator.py
[2024-12-18 22:32:19,521] {logging_mixin.py:115} INFO - [2024-12-18 22:32:19,521] {dag.py:2379} INFO - Sync 1 DAGs
[2024-12-18 22:32:19,546] {logging_mixin.py:115} INFO - [2024-12-18 22:32:19,545] {dag.py:2927} INFO - Setting next_dagrun for example_branch_operator to 2024-12-18T00:00:00+00:00, run_after=2024-12-19T00:00:00+00:00
[2024-12-18 22:32:19,561] {processor.py:161} INFO - Processing /home/patriciacorreia/Documents/airflowalura/venv/lib/python3.9/site-packages/airflow/example_dags/example_branch_operator.py took 0.080 seconds
[2024-12-18 22:33:01,864] {processor.py:153} INFO - Started process (PID=21767) to work on /home/patriciacorreia/Documents/airflowalura/venv/lib/python3.9/site-packages/airflow/example_dags/example_branch_operator.py
[2024-12-18 22:33:01,869] {processor.py:641} INFO - Processing file /home/patriciacorreia/Documents/airflowalura/venv/lib/python3.9/site-packages/airflow/example_dags/example_branch_operator.py for tasks to queue
[2024-12-18 22:33:01,871] {logging_mixin.py:115} INFO - [2024-12-18 22:33:01,871] {dagbag.py:507} INFO - Filling up the DagBag from /home/patriciacorreia/Documents/airflowalura/venv/lib/python3.9/site-packages/airflow/example_dags/example_branch_operator.py
[2024-12-18 22:33:01,927] {processor.py:651} INFO - DAG(s) dict_keys(['example_branch_operator']) retrieved from /home/patriciacorreia/Documents/airflowalura/venv/lib/python3.9/site-packages/airflow/example_dags/example_branch_operator.py
[2024-12-18 22:33:02,007] {logging_mixin.py:115} INFO - [2024-12-18 22:33:02,007] {dag.py:2379} INFO - Sync 1 DAGs
[2024-12-18 22:33:02,110] {logging_mixin.py:115} INFO - [2024-12-18 22:33:02,110] {dag.py:2927} INFO - Setting next_dagrun for example_branch_operator to 2024-12-18T00:00:00+00:00, run_after=2024-12-19T00:00:00+00:00
[2024-12-18 22:33:02,149] {processor.py:161} INFO - Processing /home/patriciacorreia/Documents/airflowalura/venv/lib/python3.9/site-packages/airflow/example_dags/example_branch_operator.py took 0.300 seconds
[2024-12-18 22:33:48,068] {processor.py:153} INFO - Started process (PID=21974) to work on /home/patriciacorreia/Documents/airflowalura/venv/lib/python3.9/site-packages/airflow/example_dags/example_branch_operator.py
[2024-12-18 22:33:48,073] {processor.py:641} INFO - Processing file /home/patriciacorreia/Documents/airflowalura/venv/lib/python3.9/site-packages/airflow/example_dags/example_branch_operator.py for tasks to queue
[2024-12-18 22:33:48,075] {logging_mixin.py:115} INFO - [2024-12-18 22:33:48,075] {dagbag.py:507} INFO - Filling up the DagBag from /home/patriciacorreia/Documents/airflowalura/venv/lib/python3.9/site-packages/airflow/example_dags/example_branch_operator.py
[2024-12-18 22:33:48,129] {processor.py:651} INFO - DAG(s) dict_keys(['example_branch_operator']) retrieved from /home/patriciacorreia/Documents/airflowalura/venv/lib/python3.9/site-packages/airflow/example_dags/example_branch_operator.py
[2024-12-18 22:33:48,202] {logging_mixin.py:115} INFO - [2024-12-18 22:33:48,202] {dag.py:2379} INFO - Sync 1 DAGs
[2024-12-18 22:33:48,236] {logging_mixin.py:115} INFO - [2024-12-18 22:33:48,236] {dag.py:2927} INFO - Setting next_dagrun for example_branch_operator to 2024-12-18T00:00:00+00:00, run_after=2024-12-19T00:00:00+00:00
[2024-12-18 22:33:48,258] {processor.py:161} INFO - Processing /home/patriciacorreia/Documents/airflowalura/venv/lib/python3.9/site-packages/airflow/example_dags/example_branch_operator.py took 0.208 seconds
[2024-12-18 22:34:35,904] {processor.py:153} INFO - Started process (PID=22187) to work on /home/patriciacorreia/Documents/airflowalura/venv/lib/python3.9/site-packages/airflow/example_dags/example_branch_operator.py
[2024-12-18 22:34:35,907] {processor.py:641} INFO - Processing file /home/patriciacorreia/Documents/airflowalura/venv/lib/python3.9/site-packages/airflow/example_dags/example_branch_operator.py for tasks to queue
[2024-12-18 22:34:35,910] {logging_mixin.py:115} INFO - [2024-12-18 22:34:35,909] {dagbag.py:507} INFO - Filling up the DagBag from /home/patriciacorreia/Documents/airflowalura/venv/lib/python3.9/site-packages/airflow/example_dags/example_branch_operator.py
[2024-12-18 22:34:35,961] {processor.py:651} INFO - DAG(s) dict_keys(['example_branch_operator']) retrieved from /home/patriciacorreia/Documents/airflowalura/venv/lib/python3.9/site-packages/airflow/example_dags/example_branch_operator.py
[2024-12-18 22:34:36,011] {logging_mixin.py:115} INFO - [2024-12-18 22:34:36,010] {dag.py:2379} INFO - Sync 1 DAGs
[2024-12-18 22:34:36,043] {logging_mixin.py:115} INFO - [2024-12-18 22:34:36,042] {dag.py:2927} INFO - Setting next_dagrun for example_branch_operator to 2024-12-18T00:00:00+00:00, run_after=2024-12-19T00:00:00+00:00
[2024-12-18 22:34:36,061] {processor.py:161} INFO - Processing /home/patriciacorreia/Documents/airflowalura/venv/lib/python3.9/site-packages/airflow/example_dags/example_branch_operator.py took 0.173 seconds
[2024-12-18 22:35:28,571] {processor.py:153} INFO - Started process (PID=22427) to work on /home/patriciacorreia/Documents/airflowalura/venv/lib/python3.9/site-packages/airflow/example_dags/example_branch_operator.py
[2024-12-18 22:35:28,574] {processor.py:641} INFO - Processing file /home/patriciacorreia/Documents/airflowalura/venv/lib/python3.9/site-packages/airflow/example_dags/example_branch_operator.py for tasks to queue
[2024-12-18 22:35:28,577] {logging_mixin.py:115} INFO - [2024-12-18 22:35:28,576] {dagbag.py:507} INFO - Filling up the DagBag from /home/patriciacorreia/Documents/airflowalura/venv/lib/python3.9/site-packages/airflow/example_dags/example_branch_operator.py
[2024-12-18 22:35:28,628] {processor.py:651} INFO - DAG(s) dict_keys(['example_branch_operator']) retrieved from /home/patriciacorreia/Documents/airflowalura/venv/lib/python3.9/site-packages/airflow/example_dags/example_branch_operator.py
[2024-12-18 22:35:28,699] {logging_mixin.py:115} INFO - [2024-12-18 22:35:28,699] {dag.py:2379} INFO - Sync 1 DAGs
[2024-12-18 22:35:28,793] {logging_mixin.py:115} INFO - [2024-12-18 22:35:28,792] {dag.py:2927} INFO - Setting next_dagrun for example_branch_operator to 2024-12-18T00:00:00+00:00, run_after=2024-12-19T00:00:00+00:00
[2024-12-18 22:35:28,848] {processor.py:161} INFO - Processing /home/patriciacorreia/Documents/airflowalura/venv/lib/python3.9/site-packages/airflow/example_dags/example_branch_operator.py took 0.291 seconds
[2024-12-18 22:36:17,937] {processor.py:153} INFO - Started process (PID=22652) to work on /home/patriciacorreia/Documents/airflowalura/venv/lib/python3.9/site-packages/airflow/example_dags/example_branch_operator.py
[2024-12-18 22:36:17,939] {processor.py:641} INFO - Processing file /home/patriciacorreia/Documents/airflowalura/venv/lib/python3.9/site-packages/airflow/example_dags/example_branch_operator.py for tasks to queue
[2024-12-18 22:36:17,941] {logging_mixin.py:115} INFO - [2024-12-18 22:36:17,940] {dagbag.py:507} INFO - Filling up the DagBag from /home/patriciacorreia/Documents/airflowalura/venv/lib/python3.9/site-packages/airflow/example_dags/example_branch_operator.py
[2024-12-18 22:36:17,958] {processor.py:651} INFO - DAG(s) dict_keys(['example_branch_operator']) retrieved from /home/patriciacorreia/Documents/airflowalura/venv/lib/python3.9/site-packages/airflow/example_dags/example_branch_operator.py
[2024-12-18 22:36:17,983] {logging_mixin.py:115} INFO - [2024-12-18 22:36:17,983] {dag.py:2379} INFO - Sync 1 DAGs
[2024-12-18 22:36:18,027] {logging_mixin.py:115} INFO - [2024-12-18 22:36:18,026] {dag.py:2927} INFO - Setting next_dagrun for example_branch_operator to 2024-12-18T00:00:00+00:00, run_after=2024-12-19T00:00:00+00:00
[2024-12-18 22:36:18,054] {processor.py:161} INFO - Processing /home/patriciacorreia/Documents/airflowalura/venv/lib/python3.9/site-packages/airflow/example_dags/example_branch_operator.py took 0.121 seconds
[2024-12-18 22:37:11,591] {processor.py:153} INFO - Started process (PID=22888) to work on /home/patriciacorreia/Documents/airflowalura/venv/lib/python3.9/site-packages/airflow/example_dags/example_branch_operator.py
[2024-12-18 22:37:11,594] {processor.py:641} INFO - Processing file /home/patriciacorreia/Documents/airflowalura/venv/lib/python3.9/site-packages/airflow/example_dags/example_branch_operator.py for tasks to queue
[2024-12-18 22:37:11,596] {logging_mixin.py:115} INFO - [2024-12-18 22:37:11,596] {dagbag.py:507} INFO - Filling up the DagBag from /home/patriciacorreia/Documents/airflowalura/venv/lib/python3.9/site-packages/airflow/example_dags/example_branch_operator.py
[2024-12-18 22:37:11,651] {processor.py:651} INFO - DAG(s) dict_keys(['example_branch_operator']) retrieved from /home/patriciacorreia/Documents/airflowalura/venv/lib/python3.9/site-packages/airflow/example_dags/example_branch_operator.py
[2024-12-18 22:37:11,715] {logging_mixin.py:115} INFO - [2024-12-18 22:37:11,714] {dag.py:2379} INFO - Sync 1 DAGs
[2024-12-18 22:37:11,757] {logging_mixin.py:115} INFO - [2024-12-18 22:37:11,757] {dag.py:2927} INFO - Setting next_dagrun for example_branch_operator to 2024-12-18T00:00:00+00:00, run_after=2024-12-19T00:00:00+00:00
[2024-12-18 22:37:11,780] {processor.py:161} INFO - Processing /home/patriciacorreia/Documents/airflowalura/venv/lib/python3.9/site-packages/airflow/example_dags/example_branch_operator.py took 0.210 seconds
[2024-12-18 22:37:54,847] {processor.py:153} INFO - Started process (PID=23083) to work on /home/patriciacorreia/Documents/airflowalura/venv/lib/python3.9/site-packages/airflow/example_dags/example_branch_operator.py
[2024-12-18 22:37:54,851] {processor.py:641} INFO - Processing file /home/patriciacorreia/Documents/airflowalura/venv/lib/python3.9/site-packages/airflow/example_dags/example_branch_operator.py for tasks to queue
[2024-12-18 22:37:54,853] {logging_mixin.py:115} INFO - [2024-12-18 22:37:54,853] {dagbag.py:507} INFO - Filling up the DagBag from /home/patriciacorreia/Documents/airflowalura/venv/lib/python3.9/site-packages/airflow/example_dags/example_branch_operator.py
[2024-12-18 22:37:54,907] {processor.py:651} INFO - DAG(s) dict_keys(['example_branch_operator']) retrieved from /home/patriciacorreia/Documents/airflowalura/venv/lib/python3.9/site-packages/airflow/example_dags/example_branch_operator.py
[2024-12-18 22:37:54,979] {logging_mixin.py:115} INFO - [2024-12-18 22:37:54,979] {dag.py:2379} INFO - Sync 1 DAGs
[2024-12-18 22:37:55,070] {logging_mixin.py:115} INFO - [2024-12-18 22:37:55,069] {dag.py:2927} INFO - Setting next_dagrun for example_branch_operator to 2024-12-18T00:00:00+00:00, run_after=2024-12-19T00:00:00+00:00
[2024-12-18 22:37:55,120] {processor.py:161} INFO - Processing /home/patriciacorreia/Documents/airflowalura/venv/lib/python3.9/site-packages/airflow/example_dags/example_branch_operator.py took 0.290 seconds
[2024-12-18 22:38:49,208] {processor.py:153} INFO - Started process (PID=23329) to work on /home/patriciacorreia/Documents/airflowalura/venv/lib/python3.9/site-packages/airflow/example_dags/example_branch_operator.py
[2024-12-18 22:38:49,214] {processor.py:641} INFO - Processing file /home/patriciacorreia/Documents/airflowalura/venv/lib/python3.9/site-packages/airflow/example_dags/example_branch_operator.py for tasks to queue
[2024-12-18 22:38:49,216] {logging_mixin.py:115} INFO - [2024-12-18 22:38:49,216] {dagbag.py:507} INFO - Filling up the DagBag from /home/patriciacorreia/Documents/airflowalura/venv/lib/python3.9/site-packages/airflow/example_dags/example_branch_operator.py
[2024-12-18 22:38:49,271] {processor.py:651} INFO - DAG(s) dict_keys(['example_branch_operator']) retrieved from /home/patriciacorreia/Documents/airflowalura/venv/lib/python3.9/site-packages/airflow/example_dags/example_branch_operator.py
[2024-12-18 22:38:49,342] {logging_mixin.py:115} INFO - [2024-12-18 22:38:49,342] {dag.py:2379} INFO - Sync 1 DAGs
[2024-12-18 22:38:49,388] {logging_mixin.py:115} INFO - [2024-12-18 22:38:49,388] {dag.py:2927} INFO - Setting next_dagrun for example_branch_operator to 2024-12-18T00:00:00+00:00, run_after=2024-12-19T00:00:00+00:00
[2024-12-18 22:38:49,415] {processor.py:161} INFO - Processing /home/patriciacorreia/Documents/airflowalura/venv/lib/python3.9/site-packages/airflow/example_dags/example_branch_operator.py took 0.225 seconds
[2024-12-18 22:39:37,142] {processor.py:153} INFO - Started process (PID=23551) to work on /home/patriciacorreia/Documents/airflowalura/venv/lib/python3.9/site-packages/airflow/example_dags/example_branch_operator.py
[2024-12-18 22:39:37,148] {processor.py:641} INFO - Processing file /home/patriciacorreia/Documents/airflowalura/venv/lib/python3.9/site-packages/airflow/example_dags/example_branch_operator.py for tasks to queue
[2024-12-18 22:39:37,150] {logging_mixin.py:115} INFO - [2024-12-18 22:39:37,150] {dagbag.py:507} INFO - Filling up the DagBag from /home/patriciacorreia/Documents/airflowalura/venv/lib/python3.9/site-packages/airflow/example_dags/example_branch_operator.py
[2024-12-18 22:39:37,204] {processor.py:651} INFO - DAG(s) dict_keys(['example_branch_operator']) retrieved from /home/patriciacorreia/Documents/airflowalura/venv/lib/python3.9/site-packages/airflow/example_dags/example_branch_operator.py
[2024-12-18 22:39:37,270] {logging_mixin.py:115} INFO - [2024-12-18 22:39:37,270] {dag.py:2379} INFO - Sync 1 DAGs
[2024-12-18 22:39:37,360] {logging_mixin.py:115} INFO - [2024-12-18 22:39:37,359] {dag.py:2927} INFO - Setting next_dagrun for example_branch_operator to 2024-12-18T00:00:00+00:00, run_after=2024-12-19T00:00:00+00:00
[2024-12-18 22:39:37,419] {processor.py:161} INFO - Processing /home/patriciacorreia/Documents/airflowalura/venv/lib/python3.9/site-packages/airflow/example_dags/example_branch_operator.py took 0.290 seconds
[2024-12-18 22:40:20,656] {processor.py:153} INFO - Started process (PID=23759) to work on /home/patriciacorreia/Documents/airflowalura/venv/lib/python3.9/site-packages/airflow/example_dags/example_branch_operator.py
[2024-12-18 22:40:20,657] {processor.py:641} INFO - Processing file /home/patriciacorreia/Documents/airflowalura/venv/lib/python3.9/site-packages/airflow/example_dags/example_branch_operator.py for tasks to queue
[2024-12-18 22:40:20,659] {logging_mixin.py:115} INFO - [2024-12-18 22:40:20,658] {dagbag.py:507} INFO - Filling up the DagBag from /home/patriciacorreia/Documents/airflowalura/venv/lib/python3.9/site-packages/airflow/example_dags/example_branch_operator.py
[2024-12-18 22:40:20,691] {processor.py:651} INFO - DAG(s) dict_keys(['example_branch_operator']) retrieved from /home/patriciacorreia/Documents/airflowalura/venv/lib/python3.9/site-packages/airflow/example_dags/example_branch_operator.py
[2024-12-18 22:40:20,752] {logging_mixin.py:115} INFO - [2024-12-18 22:40:20,752] {dag.py:2379} INFO - Sync 1 DAGs
[2024-12-18 22:40:20,799] {logging_mixin.py:115} INFO - [2024-12-18 22:40:20,799] {dag.py:2927} INFO - Setting next_dagrun for example_branch_operator to 2024-12-18T00:00:00+00:00, run_after=2024-12-19T00:00:00+00:00
[2024-12-18 22:40:20,903] {processor.py:161} INFO - Processing /home/patriciacorreia/Documents/airflowalura/venv/lib/python3.9/site-packages/airflow/example_dags/example_branch_operator.py took 0.262 seconds
