[2024-12-18 22:05:38,570] {processor.py:153} INFO - Started process (PID=13845) to work on /home/patriciacorreia/Documents/airflowalura/venv/lib/python3.9/site-packages/airflow/example_dags/example_python_operator.py
[2024-12-18 22:05:38,571] {processor.py:641} INFO - Processing file /home/patriciacorreia/Documents/airflowalura/venv/lib/python3.9/site-packages/airflow/example_dags/example_python_operator.py for tasks to queue
[2024-12-18 22:05:38,572] {logging_mixin.py:115} INFO - [2024-12-18 22:05:38,572] {dagbag.py:507} INFO - Filling up the DagBag from /home/patriciacorreia/Documents/airflowalura/venv/lib/python3.9/site-packages/airflow/example_dags/example_python_operator.py
[2024-12-18 22:05:38,595] {logging_mixin.py:115} INFO - [2024-12-18 22:05:38,595] {example_python_operator.py:68} WARNING - The virtalenv_python example task requires virtualenv, please install it.
[2024-12-18 22:05:38,595] {processor.py:651} INFO - DAG(s) dict_keys(['example_python_operator']) retrieved from /home/patriciacorreia/Documents/airflowalura/venv/lib/python3.9/site-packages/airflow/example_dags/example_python_operator.py
[2024-12-18 22:05:38,679] {logging_mixin.py:115} INFO - [2024-12-18 22:05:38,678] {manager.py:508} INFO - Created Permission View: can read on DAG:example_python_operator
[2024-12-18 22:05:38,693] {logging_mixin.py:115} INFO - [2024-12-18 22:05:38,693] {manager.py:508} INFO - Created Permission View: can delete on DAG:example_python_operator
[2024-12-18 22:05:38,702] {logging_mixin.py:115} INFO - [2024-12-18 22:05:38,702] {manager.py:508} INFO - Created Permission View: can edit on DAG:example_python_operator
[2024-12-18 22:05:38,703] {logging_mixin.py:115} INFO - [2024-12-18 22:05:38,703] {dag.py:2379} INFO - Sync 1 DAGs
[2024-12-18 22:05:38,712] {logging_mixin.py:115} INFO - [2024-12-18 22:05:38,712] {dag.py:2398} INFO - Creating ORM DAG for example_python_operator
[2024-12-18 22:05:38,723] {logging_mixin.py:115} INFO - [2024-12-18 22:05:38,723] {dag.py:2927} INFO - Setting next_dagrun for example_python_operator to None, run_after=None
[2024-12-18 22:05:38,741] {processor.py:161} INFO - Processing /home/patriciacorreia/Documents/airflowalura/venv/lib/python3.9/site-packages/airflow/example_dags/example_python_operator.py took 0.175 seconds
[2024-12-18 22:06:15,299] {processor.py:153} INFO - Started process (PID=13972) to work on /home/patriciacorreia/Documents/airflowalura/venv/lib/python3.9/site-packages/airflow/example_dags/example_python_operator.py
[2024-12-18 22:06:15,300] {processor.py:641} INFO - Processing file /home/patriciacorreia/Documents/airflowalura/venv/lib/python3.9/site-packages/airflow/example_dags/example_python_operator.py for tasks to queue
[2024-12-18 22:06:15,301] {logging_mixin.py:115} INFO - [2024-12-18 22:06:15,301] {dagbag.py:507} INFO - Filling up the DagBag from /home/patriciacorreia/Documents/airflowalura/venv/lib/python3.9/site-packages/airflow/example_dags/example_python_operator.py
[2024-12-18 22:06:15,324] {logging_mixin.py:115} INFO - [2024-12-18 22:06:15,324] {example_python_operator.py:68} WARNING - The virtalenv_python example task requires virtualenv, please install it.
[2024-12-18 22:06:15,325] {processor.py:651} INFO - DAG(s) dict_keys(['example_python_operator']) retrieved from /home/patriciacorreia/Documents/airflowalura/venv/lib/python3.9/site-packages/airflow/example_dags/example_python_operator.py
[2024-12-18 22:06:15,346] {logging_mixin.py:115} INFO - [2024-12-18 22:06:15,346] {dag.py:2379} INFO - Sync 1 DAGs
[2024-12-18 22:06:15,377] {logging_mixin.py:115} INFO - [2024-12-18 22:06:15,377] {dag.py:2927} INFO - Setting next_dagrun for example_python_operator to None, run_after=None
[2024-12-18 22:06:15,395] {processor.py:161} INFO - Processing /home/patriciacorreia/Documents/airflowalura/venv/lib/python3.9/site-packages/airflow/example_dags/example_python_operator.py took 0.100 seconds
[2024-12-18 22:06:50,503] {processor.py:153} INFO - Started process (PID=14101) to work on /home/patriciacorreia/Documents/airflowalura/venv/lib/python3.9/site-packages/airflow/example_dags/example_python_operator.py
[2024-12-18 22:06:50,504] {processor.py:641} INFO - Processing file /home/patriciacorreia/Documents/airflowalura/venv/lib/python3.9/site-packages/airflow/example_dags/example_python_operator.py for tasks to queue
[2024-12-18 22:06:50,506] {logging_mixin.py:115} INFO - [2024-12-18 22:06:50,506] {dagbag.py:507} INFO - Filling up the DagBag from /home/patriciacorreia/Documents/airflowalura/venv/lib/python3.9/site-packages/airflow/example_dags/example_python_operator.py
[2024-12-18 22:06:50,530] {logging_mixin.py:115} INFO - [2024-12-18 22:06:50,530] {example_python_operator.py:68} WARNING - The virtalenv_python example task requires virtualenv, please install it.
[2024-12-18 22:06:50,531] {processor.py:651} INFO - DAG(s) dict_keys(['example_python_operator']) retrieved from /home/patriciacorreia/Documents/airflowalura/venv/lib/python3.9/site-packages/airflow/example_dags/example_python_operator.py
[2024-12-18 22:06:50,553] {logging_mixin.py:115} INFO - [2024-12-18 22:06:50,552] {dag.py:2379} INFO - Sync 1 DAGs
[2024-12-18 22:06:50,582] {logging_mixin.py:115} INFO - [2024-12-18 22:06:50,581] {dag.py:2927} INFO - Setting next_dagrun for example_python_operator to None, run_after=None
[2024-12-18 22:06:50,607] {processor.py:161} INFO - Processing /home/patriciacorreia/Documents/airflowalura/venv/lib/python3.9/site-packages/airflow/example_dags/example_python_operator.py took 0.110 seconds
[2024-12-18 22:07:29,572] {processor.py:153} INFO - Started process (PID=14194) to work on /home/patriciacorreia/Documents/airflowalura/venv/lib/python3.9/site-packages/airflow/example_dags/example_python_operator.py
[2024-12-18 22:07:29,574] {processor.py:641} INFO - Processing file /home/patriciacorreia/Documents/airflowalura/venv/lib/python3.9/site-packages/airflow/example_dags/example_python_operator.py for tasks to queue
[2024-12-18 22:07:29,576] {logging_mixin.py:115} INFO - [2024-12-18 22:07:29,575] {dagbag.py:507} INFO - Filling up the DagBag from /home/patriciacorreia/Documents/airflowalura/venv/lib/python3.9/site-packages/airflow/example_dags/example_python_operator.py
[2024-12-18 22:07:29,618] {logging_mixin.py:115} INFO - [2024-12-18 22:07:29,617] {example_python_operator.py:68} WARNING - The virtalenv_python example task requires virtualenv, please install it.
[2024-12-18 22:07:29,618] {processor.py:651} INFO - DAG(s) dict_keys(['example_python_operator']) retrieved from /home/patriciacorreia/Documents/airflowalura/venv/lib/python3.9/site-packages/airflow/example_dags/example_python_operator.py
[2024-12-18 22:07:29,647] {logging_mixin.py:115} INFO - [2024-12-18 22:07:29,647] {dag.py:2379} INFO - Sync 1 DAGs
[2024-12-18 22:07:29,710] {logging_mixin.py:115} INFO - [2024-12-18 22:07:29,710] {dag.py:2927} INFO - Setting next_dagrun for example_python_operator to None, run_after=None
[2024-12-18 22:07:29,758] {processor.py:161} INFO - Processing /home/patriciacorreia/Documents/airflowalura/venv/lib/python3.9/site-packages/airflow/example_dags/example_python_operator.py took 0.192 seconds
[2024-12-18 22:08:09,767] {processor.py:153} INFO - Started process (PID=14286) to work on /home/patriciacorreia/Documents/airflowalura/venv/lib/python3.9/site-packages/airflow/example_dags/example_python_operator.py
[2024-12-18 22:08:09,769] {processor.py:641} INFO - Processing file /home/patriciacorreia/Documents/airflowalura/venv/lib/python3.9/site-packages/airflow/example_dags/example_python_operator.py for tasks to queue
[2024-12-18 22:08:09,771] {logging_mixin.py:115} INFO - [2024-12-18 22:08:09,771] {dagbag.py:507} INFO - Filling up the DagBag from /home/patriciacorreia/Documents/airflowalura/venv/lib/python3.9/site-packages/airflow/example_dags/example_python_operator.py
[2024-12-18 22:08:09,817] {logging_mixin.py:115} INFO - [2024-12-18 22:08:09,817] {example_python_operator.py:68} WARNING - The virtalenv_python example task requires virtualenv, please install it.
[2024-12-18 22:08:09,818] {processor.py:651} INFO - DAG(s) dict_keys(['example_python_operator']) retrieved from /home/patriciacorreia/Documents/airflowalura/venv/lib/python3.9/site-packages/airflow/example_dags/example_python_operator.py
[2024-12-18 22:08:09,851] {logging_mixin.py:115} INFO - [2024-12-18 22:08:09,851] {dag.py:2379} INFO - Sync 1 DAGs
[2024-12-18 22:08:09,904] {logging_mixin.py:115} INFO - [2024-12-18 22:08:09,904] {dag.py:2927} INFO - Setting next_dagrun for example_python_operator to None, run_after=None
[2024-12-18 22:08:09,936] {processor.py:161} INFO - Processing /home/patriciacorreia/Documents/airflowalura/venv/lib/python3.9/site-packages/airflow/example_dags/example_python_operator.py took 0.178 seconds
[2024-12-18 22:08:48,909] {processor.py:153} INFO - Started process (PID=14431) to work on /home/patriciacorreia/Documents/airflowalura/venv/lib/python3.9/site-packages/airflow/example_dags/example_python_operator.py
[2024-12-18 22:08:48,911] {processor.py:641} INFO - Processing file /home/patriciacorreia/Documents/airflowalura/venv/lib/python3.9/site-packages/airflow/example_dags/example_python_operator.py for tasks to queue
[2024-12-18 22:08:48,912] {logging_mixin.py:115} INFO - [2024-12-18 22:08:48,912] {dagbag.py:507} INFO - Filling up the DagBag from /home/patriciacorreia/Documents/airflowalura/venv/lib/python3.9/site-packages/airflow/example_dags/example_python_operator.py
[2024-12-18 22:08:48,957] {logging_mixin.py:115} INFO - [2024-12-18 22:08:48,957] {example_python_operator.py:68} WARNING - The virtalenv_python example task requires virtualenv, please install it.
[2024-12-18 22:08:48,958] {processor.py:651} INFO - DAG(s) dict_keys(['example_python_operator']) retrieved from /home/patriciacorreia/Documents/airflowalura/venv/lib/python3.9/site-packages/airflow/example_dags/example_python_operator.py
[2024-12-18 22:08:48,998] {logging_mixin.py:115} INFO - [2024-12-18 22:08:48,998] {dag.py:2379} INFO - Sync 1 DAGs
[2024-12-18 22:08:49,049] {logging_mixin.py:115} INFO - [2024-12-18 22:08:49,049] {dag.py:2927} INFO - Setting next_dagrun for example_python_operator to None, run_after=None
[2024-12-18 22:08:49,078] {processor.py:161} INFO - Processing /home/patriciacorreia/Documents/airflowalura/venv/lib/python3.9/site-packages/airflow/example_dags/example_python_operator.py took 0.176 seconds
[2024-12-18 22:09:26,868] {processor.py:153} INFO - Started process (PID=14582) to work on /home/patriciacorreia/Documents/airflowalura/venv/lib/python3.9/site-packages/airflow/example_dags/example_python_operator.py
[2024-12-18 22:09:26,869] {processor.py:641} INFO - Processing file /home/patriciacorreia/Documents/airflowalura/venv/lib/python3.9/site-packages/airflow/example_dags/example_python_operator.py for tasks to queue
[2024-12-18 22:09:26,870] {logging_mixin.py:115} INFO - [2024-12-18 22:09:26,870] {dagbag.py:507} INFO - Filling up the DagBag from /home/patriciacorreia/Documents/airflowalura/venv/lib/python3.9/site-packages/airflow/example_dags/example_python_operator.py
[2024-12-18 22:09:26,893] {logging_mixin.py:115} INFO - [2024-12-18 22:09:26,893] {example_python_operator.py:68} WARNING - The virtalenv_python example task requires virtualenv, please install it.
[2024-12-18 22:09:26,894] {processor.py:651} INFO - DAG(s) dict_keys(['example_python_operator']) retrieved from /home/patriciacorreia/Documents/airflowalura/venv/lib/python3.9/site-packages/airflow/example_dags/example_python_operator.py
[2024-12-18 22:09:26,916] {logging_mixin.py:115} INFO - [2024-12-18 22:09:26,916] {dag.py:2379} INFO - Sync 1 DAGs
[2024-12-18 22:09:26,943] {logging_mixin.py:115} INFO - [2024-12-18 22:09:26,943] {dag.py:2927} INFO - Setting next_dagrun for example_python_operator to None, run_after=None
[2024-12-18 22:09:26,959] {processor.py:161} INFO - Processing /home/patriciacorreia/Documents/airflowalura/venv/lib/python3.9/site-packages/airflow/example_dags/example_python_operator.py took 0.096 seconds
[2024-12-18 22:10:04,946] {processor.py:153} INFO - Started process (PID=14823) to work on /home/patriciacorreia/Documents/airflowalura/venv/lib/python3.9/site-packages/airflow/example_dags/example_python_operator.py
[2024-12-18 22:10:04,949] {processor.py:641} INFO - Processing file /home/patriciacorreia/Documents/airflowalura/venv/lib/python3.9/site-packages/airflow/example_dags/example_python_operator.py for tasks to queue
[2024-12-18 22:10:04,951] {logging_mixin.py:115} INFO - [2024-12-18 22:10:04,951] {dagbag.py:507} INFO - Filling up the DagBag from /home/patriciacorreia/Documents/airflowalura/venv/lib/python3.9/site-packages/airflow/example_dags/example_python_operator.py
[2024-12-18 22:10:05,022] {logging_mixin.py:115} INFO - [2024-12-18 22:10:05,022] {example_python_operator.py:68} WARNING - The virtalenv_python example task requires virtualenv, please install it.
[2024-12-18 22:10:05,025] {processor.py:651} INFO - DAG(s) dict_keys(['example_python_operator']) retrieved from /home/patriciacorreia/Documents/airflowalura/venv/lib/python3.9/site-packages/airflow/example_dags/example_python_operator.py
[2024-12-18 22:10:05,096] {logging_mixin.py:115} INFO - [2024-12-18 22:10:05,096] {dag.py:2379} INFO - Sync 1 DAGs
[2024-12-18 22:10:05,190] {logging_mixin.py:115} INFO - [2024-12-18 22:10:05,190] {dag.py:2927} INFO - Setting next_dagrun for example_python_operator to None, run_after=None
[2024-12-18 22:10:05,243] {processor.py:161} INFO - Processing /home/patriciacorreia/Documents/airflowalura/venv/lib/python3.9/site-packages/airflow/example_dags/example_python_operator.py took 0.309 seconds
[2024-12-18 22:10:40,944] {processor.py:153} INFO - Started process (PID=15164) to work on /home/patriciacorreia/Documents/airflowalura/venv/lib/python3.9/site-packages/airflow/example_dags/example_python_operator.py
[2024-12-18 22:10:40,945] {processor.py:641} INFO - Processing file /home/patriciacorreia/Documents/airflowalura/venv/lib/python3.9/site-packages/airflow/example_dags/example_python_operator.py for tasks to queue
[2024-12-18 22:10:40,946] {logging_mixin.py:115} INFO - [2024-12-18 22:10:40,946] {dagbag.py:507} INFO - Filling up the DagBag from /home/patriciacorreia/Documents/airflowalura/venv/lib/python3.9/site-packages/airflow/example_dags/example_python_operator.py
[2024-12-18 22:10:40,992] {logging_mixin.py:115} INFO - [2024-12-18 22:10:40,992] {example_python_operator.py:68} WARNING - The virtalenv_python example task requires virtualenv, please install it.
[2024-12-18 22:10:40,993] {processor.py:651} INFO - DAG(s) dict_keys(['example_python_operator']) retrieved from /home/patriciacorreia/Documents/airflowalura/venv/lib/python3.9/site-packages/airflow/example_dags/example_python_operator.py
[2024-12-18 22:10:41,031] {logging_mixin.py:115} INFO - [2024-12-18 22:10:41,031] {dag.py:2379} INFO - Sync 1 DAGs
[2024-12-18 22:10:41,064] {logging_mixin.py:115} INFO - [2024-12-18 22:10:41,064] {dag.py:2927} INFO - Setting next_dagrun for example_python_operator to None, run_after=None
[2024-12-18 22:10:41,090] {processor.py:161} INFO - Processing /home/patriciacorreia/Documents/airflowalura/venv/lib/python3.9/site-packages/airflow/example_dags/example_python_operator.py took 0.154 seconds
[2024-12-18 22:11:22,642] {processor.py:153} INFO - Started process (PID=15479) to work on /home/patriciacorreia/Documents/airflowalura/venv/lib/python3.9/site-packages/airflow/example_dags/example_python_operator.py
[2024-12-18 22:11:22,646] {processor.py:641} INFO - Processing file /home/patriciacorreia/Documents/airflowalura/venv/lib/python3.9/site-packages/airflow/example_dags/example_python_operator.py for tasks to queue
[2024-12-18 22:11:22,651] {logging_mixin.py:115} INFO - [2024-12-18 22:11:22,650] {dagbag.py:507} INFO - Filling up the DagBag from /home/patriciacorreia/Documents/airflowalura/venv/lib/python3.9/site-packages/airflow/example_dags/example_python_operator.py
[2024-12-18 22:11:22,733] {logging_mixin.py:115} INFO - [2024-12-18 22:11:22,733] {example_python_operator.py:68} WARNING - The virtalenv_python example task requires virtualenv, please install it.
[2024-12-18 22:11:22,735] {processor.py:651} INFO - DAG(s) dict_keys(['example_python_operator']) retrieved from /home/patriciacorreia/Documents/airflowalura/venv/lib/python3.9/site-packages/airflow/example_dags/example_python_operator.py
[2024-12-18 22:11:22,808] {logging_mixin.py:115} INFO - [2024-12-18 22:11:22,808] {dag.py:2379} INFO - Sync 1 DAGs
[2024-12-18 22:11:23,049] {logging_mixin.py:115} INFO - [2024-12-18 22:11:23,049] {dag.py:2927} INFO - Setting next_dagrun for example_python_operator to None, run_after=None
[2024-12-18 22:11:23,136] {processor.py:161} INFO - Processing /home/patriciacorreia/Documents/airflowalura/venv/lib/python3.9/site-packages/airflow/example_dags/example_python_operator.py took 0.509 seconds
[2024-12-18 22:12:08,143] {processor.py:153} INFO - Started process (PID=15675) to work on /home/patriciacorreia/Documents/airflowalura/venv/lib/python3.9/site-packages/airflow/example_dags/example_python_operator.py
[2024-12-18 22:12:08,147] {processor.py:641} INFO - Processing file /home/patriciacorreia/Documents/airflowalura/venv/lib/python3.9/site-packages/airflow/example_dags/example_python_operator.py for tasks to queue
[2024-12-18 22:12:08,149] {logging_mixin.py:115} INFO - [2024-12-18 22:12:08,149] {dagbag.py:507} INFO - Filling up the DagBag from /home/patriciacorreia/Documents/airflowalura/venv/lib/python3.9/site-packages/airflow/example_dags/example_python_operator.py
[2024-12-18 22:12:08,226] {logging_mixin.py:115} INFO - [2024-12-18 22:12:08,226] {example_python_operator.py:68} WARNING - The virtalenv_python example task requires virtualenv, please install it.
[2024-12-18 22:12:08,227] {processor.py:651} INFO - DAG(s) dict_keys(['example_python_operator']) retrieved from /home/patriciacorreia/Documents/airflowalura/venv/lib/python3.9/site-packages/airflow/example_dags/example_python_operator.py
[2024-12-18 22:12:08,259] {logging_mixin.py:115} INFO - [2024-12-18 22:12:08,259] {dag.py:2379} INFO - Sync 1 DAGs
[2024-12-18 22:12:08,289] {logging_mixin.py:115} INFO - [2024-12-18 22:12:08,289] {dag.py:2927} INFO - Setting next_dagrun for example_python_operator to None, run_after=None
[2024-12-18 22:12:08,310] {processor.py:161} INFO - Processing /home/patriciacorreia/Documents/airflowalura/venv/lib/python3.9/site-packages/airflow/example_dags/example_python_operator.py took 0.177 seconds
[2024-12-18 22:12:48,581] {processor.py:153} INFO - Started process (PID=15864) to work on /home/patriciacorreia/Documents/airflowalura/venv/lib/python3.9/site-packages/airflow/example_dags/example_python_operator.py
[2024-12-18 22:12:48,583] {processor.py:641} INFO - Processing file /home/patriciacorreia/Documents/airflowalura/venv/lib/python3.9/site-packages/airflow/example_dags/example_python_operator.py for tasks to queue
[2024-12-18 22:12:48,583] {logging_mixin.py:115} INFO - [2024-12-18 22:12:48,583] {dagbag.py:507} INFO - Filling up the DagBag from /home/patriciacorreia/Documents/airflowalura/venv/lib/python3.9/site-packages/airflow/example_dags/example_python_operator.py
[2024-12-18 22:12:48,604] {logging_mixin.py:115} INFO - [2024-12-18 22:12:48,604] {example_python_operator.py:68} WARNING - The virtalenv_python example task requires virtualenv, please install it.
[2024-12-18 22:12:48,605] {processor.py:651} INFO - DAG(s) dict_keys(['example_python_operator']) retrieved from /home/patriciacorreia/Documents/airflowalura/venv/lib/python3.9/site-packages/airflow/example_dags/example_python_operator.py
[2024-12-18 22:12:48,624] {logging_mixin.py:115} INFO - [2024-12-18 22:12:48,624] {dag.py:2379} INFO - Sync 1 DAGs
[2024-12-18 22:12:48,648] {logging_mixin.py:115} INFO - [2024-12-18 22:12:48,648] {dag.py:2927} INFO - Setting next_dagrun for example_python_operator to None, run_after=None
[2024-12-18 22:12:48,664] {processor.py:161} INFO - Processing /home/patriciacorreia/Documents/airflowalura/venv/lib/python3.9/site-packages/airflow/example_dags/example_python_operator.py took 0.087 seconds
[2024-12-18 22:13:31,151] {processor.py:153} INFO - Started process (PID=16053) to work on /home/patriciacorreia/Documents/airflowalura/venv/lib/python3.9/site-packages/airflow/example_dags/example_python_operator.py
[2024-12-18 22:13:31,152] {processor.py:641} INFO - Processing file /home/patriciacorreia/Documents/airflowalura/venv/lib/python3.9/site-packages/airflow/example_dags/example_python_operator.py for tasks to queue
[2024-12-18 22:13:31,154] {logging_mixin.py:115} INFO - [2024-12-18 22:13:31,153] {dagbag.py:507} INFO - Filling up the DagBag from /home/patriciacorreia/Documents/airflowalura/venv/lib/python3.9/site-packages/airflow/example_dags/example_python_operator.py
[2024-12-18 22:13:31,189] {logging_mixin.py:115} INFO - [2024-12-18 22:13:31,188] {example_python_operator.py:68} WARNING - The virtalenv_python example task requires virtualenv, please install it.
[2024-12-18 22:13:31,189] {processor.py:651} INFO - DAG(s) dict_keys(['example_python_operator']) retrieved from /home/patriciacorreia/Documents/airflowalura/venv/lib/python3.9/site-packages/airflow/example_dags/example_python_operator.py
[2024-12-18 22:13:31,223] {logging_mixin.py:115} INFO - [2024-12-18 22:13:31,222] {dag.py:2379} INFO - Sync 1 DAGs
[2024-12-18 22:13:31,270] {logging_mixin.py:115} INFO - [2024-12-18 22:13:31,269] {dag.py:2927} INFO - Setting next_dagrun for example_python_operator to None, run_after=None
[2024-12-18 22:13:31,293] {processor.py:161} INFO - Processing /home/patriciacorreia/Documents/airflowalura/venv/lib/python3.9/site-packages/airflow/example_dags/example_python_operator.py took 0.149 seconds
[2024-12-18 22:14:15,404] {processor.py:153} INFO - Started process (PID=16272) to work on /home/patriciacorreia/Documents/airflowalura/venv/lib/python3.9/site-packages/airflow/example_dags/example_python_operator.py
[2024-12-18 22:14:15,406] {processor.py:641} INFO - Processing file /home/patriciacorreia/Documents/airflowalura/venv/lib/python3.9/site-packages/airflow/example_dags/example_python_operator.py for tasks to queue
[2024-12-18 22:14:15,407] {logging_mixin.py:115} INFO - [2024-12-18 22:14:15,407] {dagbag.py:507} INFO - Filling up the DagBag from /home/patriciacorreia/Documents/airflowalura/venv/lib/python3.9/site-packages/airflow/example_dags/example_python_operator.py
[2024-12-18 22:14:15,443] {logging_mixin.py:115} INFO - [2024-12-18 22:14:15,443] {example_python_operator.py:68} WARNING - The virtalenv_python example task requires virtualenv, please install it.
[2024-12-18 22:14:15,444] {processor.py:651} INFO - DAG(s) dict_keys(['example_python_operator']) retrieved from /home/patriciacorreia/Documents/airflowalura/venv/lib/python3.9/site-packages/airflow/example_dags/example_python_operator.py
[2024-12-18 22:14:15,474] {logging_mixin.py:115} INFO - [2024-12-18 22:14:15,474] {dag.py:2379} INFO - Sync 1 DAGs
[2024-12-18 22:14:15,514] {logging_mixin.py:115} INFO - [2024-12-18 22:14:15,513] {dag.py:2927} INFO - Setting next_dagrun for example_python_operator to None, run_after=None
[2024-12-18 22:14:15,544] {processor.py:161} INFO - Processing /home/patriciacorreia/Documents/airflowalura/venv/lib/python3.9/site-packages/airflow/example_dags/example_python_operator.py took 0.147 seconds
[2024-12-18 22:15:00,801] {processor.py:153} INFO - Started process (PID=16489) to work on /home/patriciacorreia/Documents/airflowalura/venv/lib/python3.9/site-packages/airflow/example_dags/example_python_operator.py
[2024-12-18 22:15:00,804] {processor.py:641} INFO - Processing file /home/patriciacorreia/Documents/airflowalura/venv/lib/python3.9/site-packages/airflow/example_dags/example_python_operator.py for tasks to queue
[2024-12-18 22:15:00,807] {logging_mixin.py:115} INFO - [2024-12-18 22:15:00,806] {dagbag.py:507} INFO - Filling up the DagBag from /home/patriciacorreia/Documents/airflowalura/venv/lib/python3.9/site-packages/airflow/example_dags/example_python_operator.py
[2024-12-18 22:15:00,887] {logging_mixin.py:115} INFO - [2024-12-18 22:15:00,887] {example_python_operator.py:68} WARNING - The virtalenv_python example task requires virtualenv, please install it.
[2024-12-18 22:15:00,888] {processor.py:651} INFO - DAG(s) dict_keys(['example_python_operator']) retrieved from /home/patriciacorreia/Documents/airflowalura/venv/lib/python3.9/site-packages/airflow/example_dags/example_python_operator.py
[2024-12-18 22:15:00,939] {logging_mixin.py:115} INFO - [2024-12-18 22:15:00,939] {dag.py:2379} INFO - Sync 1 DAGs
[2024-12-18 22:15:00,974] {logging_mixin.py:115} INFO - [2024-12-18 22:15:00,974] {dag.py:2927} INFO - Setting next_dagrun for example_python_operator to None, run_after=None
[2024-12-18 22:15:00,996] {processor.py:161} INFO - Processing /home/patriciacorreia/Documents/airflowalura/venv/lib/python3.9/site-packages/airflow/example_dags/example_python_operator.py took 0.207 seconds
[2024-12-18 22:15:39,491] {processor.py:153} INFO - Started process (PID=16683) to work on /home/patriciacorreia/Documents/airflowalura/venv/lib/python3.9/site-packages/airflow/example_dags/example_python_operator.py
[2024-12-18 22:15:39,493] {processor.py:641} INFO - Processing file /home/patriciacorreia/Documents/airflowalura/venv/lib/python3.9/site-packages/airflow/example_dags/example_python_operator.py for tasks to queue
[2024-12-18 22:15:39,495] {logging_mixin.py:115} INFO - [2024-12-18 22:15:39,495] {dagbag.py:507} INFO - Filling up the DagBag from /home/patriciacorreia/Documents/airflowalura/venv/lib/python3.9/site-packages/airflow/example_dags/example_python_operator.py
[2024-12-18 22:15:39,523] {logging_mixin.py:115} INFO - [2024-12-18 22:15:39,523] {example_python_operator.py:68} WARNING - The virtalenv_python example task requires virtualenv, please install it.
[2024-12-18 22:15:39,524] {processor.py:651} INFO - DAG(s) dict_keys(['example_python_operator']) retrieved from /home/patriciacorreia/Documents/airflowalura/venv/lib/python3.9/site-packages/airflow/example_dags/example_python_operator.py
[2024-12-18 22:15:39,547] {logging_mixin.py:115} INFO - [2024-12-18 22:15:39,547] {dag.py:2379} INFO - Sync 1 DAGs
[2024-12-18 22:15:39,572] {logging_mixin.py:115} INFO - [2024-12-18 22:15:39,572] {dag.py:2927} INFO - Setting next_dagrun for example_python_operator to None, run_after=None
[2024-12-18 22:15:39,588] {processor.py:161} INFO - Processing /home/patriciacorreia/Documents/airflowalura/venv/lib/python3.9/site-packages/airflow/example_dags/example_python_operator.py took 0.101 seconds
[2024-12-18 22:16:26,805] {processor.py:153} INFO - Started process (PID=16985) to work on /home/patriciacorreia/Documents/airflowalura/venv/lib/python3.9/site-packages/airflow/example_dags/example_python_operator.py
[2024-12-18 22:16:26,808] {processor.py:641} INFO - Processing file /home/patriciacorreia/Documents/airflowalura/venv/lib/python3.9/site-packages/airflow/example_dags/example_python_operator.py for tasks to queue
[2024-12-18 22:16:26,809] {logging_mixin.py:115} INFO - [2024-12-18 22:16:26,809] {dagbag.py:507} INFO - Filling up the DagBag from /home/patriciacorreia/Documents/airflowalura/venv/lib/python3.9/site-packages/airflow/example_dags/example_python_operator.py
[2024-12-18 22:16:26,856] {logging_mixin.py:115} INFO - [2024-12-18 22:16:26,856] {example_python_operator.py:68} WARNING - The virtalenv_python example task requires virtualenv, please install it.
[2024-12-18 22:16:26,857] {processor.py:651} INFO - DAG(s) dict_keys(['example_python_operator']) retrieved from /home/patriciacorreia/Documents/airflowalura/venv/lib/python3.9/site-packages/airflow/example_dags/example_python_operator.py
[2024-12-18 22:16:26,962] {logging_mixin.py:115} INFO - [2024-12-18 22:16:26,962] {dag.py:2379} INFO - Sync 1 DAGs
[2024-12-18 22:16:27,065] {logging_mixin.py:115} INFO - [2024-12-18 22:16:27,064] {dag.py:2927} INFO - Setting next_dagrun for example_python_operator to None, run_after=None
[2024-12-18 22:16:27,110] {processor.py:161} INFO - Processing /home/patriciacorreia/Documents/airflowalura/venv/lib/python3.9/site-packages/airflow/example_dags/example_python_operator.py took 0.312 seconds
[2024-12-18 22:17:09,288] {processor.py:153} INFO - Started process (PID=17200) to work on /home/patriciacorreia/Documents/airflowalura/venv/lib/python3.9/site-packages/airflow/example_dags/example_python_operator.py
[2024-12-18 22:17:09,291] {processor.py:641} INFO - Processing file /home/patriciacorreia/Documents/airflowalura/venv/lib/python3.9/site-packages/airflow/example_dags/example_python_operator.py for tasks to queue
[2024-12-18 22:17:09,296] {logging_mixin.py:115} INFO - [2024-12-18 22:17:09,294] {dagbag.py:507} INFO - Filling up the DagBag from /home/patriciacorreia/Documents/airflowalura/venv/lib/python3.9/site-packages/airflow/example_dags/example_python_operator.py
[2024-12-18 22:17:09,383] {logging_mixin.py:115} INFO - [2024-12-18 22:17:09,382] {example_python_operator.py:68} WARNING - The virtalenv_python example task requires virtualenv, please install it.
[2024-12-18 22:17:09,385] {processor.py:651} INFO - DAG(s) dict_keys(['example_python_operator']) retrieved from /home/patriciacorreia/Documents/airflowalura/venv/lib/python3.9/site-packages/airflow/example_dags/example_python_operator.py
[2024-12-18 22:17:09,453] {logging_mixin.py:115} INFO - [2024-12-18 22:17:09,453] {dag.py:2379} INFO - Sync 1 DAGs
[2024-12-18 22:17:09,532] {logging_mixin.py:115} INFO - [2024-12-18 22:17:09,531] {dag.py:2927} INFO - Setting next_dagrun for example_python_operator to None, run_after=None
[2024-12-18 22:17:09,577] {processor.py:161} INFO - Processing /home/patriciacorreia/Documents/airflowalura/venv/lib/python3.9/site-packages/airflow/example_dags/example_python_operator.py took 0.304 seconds
[2024-12-18 22:17:55,648] {processor.py:153} INFO - Started process (PID=17420) to work on /home/patriciacorreia/Documents/airflowalura/venv/lib/python3.9/site-packages/airflow/example_dags/example_python_operator.py
[2024-12-18 22:17:55,650] {processor.py:641} INFO - Processing file /home/patriciacorreia/Documents/airflowalura/venv/lib/python3.9/site-packages/airflow/example_dags/example_python_operator.py for tasks to queue
[2024-12-18 22:17:55,652] {logging_mixin.py:115} INFO - [2024-12-18 22:17:55,652] {dagbag.py:507} INFO - Filling up the DagBag from /home/patriciacorreia/Documents/airflowalura/venv/lib/python3.9/site-packages/airflow/example_dags/example_python_operator.py
[2024-12-18 22:17:55,733] {logging_mixin.py:115} INFO - [2024-12-18 22:17:55,733] {example_python_operator.py:68} WARNING - The virtalenv_python example task requires virtualenv, please install it.
[2024-12-18 22:17:55,735] {processor.py:651} INFO - DAG(s) dict_keys(['example_python_operator']) retrieved from /home/patriciacorreia/Documents/airflowalura/venv/lib/python3.9/site-packages/airflow/example_dags/example_python_operator.py
[2024-12-18 22:17:55,801] {logging_mixin.py:115} INFO - [2024-12-18 22:17:55,801] {dag.py:2379} INFO - Sync 1 DAGs
[2024-12-18 22:17:55,865] {logging_mixin.py:115} INFO - [2024-12-18 22:17:55,865] {dag.py:2927} INFO - Setting next_dagrun for example_python_operator to None, run_after=None
[2024-12-18 22:17:55,884] {processor.py:161} INFO - Processing /home/patriciacorreia/Documents/airflowalura/venv/lib/python3.9/site-packages/airflow/example_dags/example_python_operator.py took 0.248 seconds
[2024-12-18 22:18:36,313] {processor.py:153} INFO - Started process (PID=17601) to work on /home/patriciacorreia/Documents/airflowalura/venv/lib/python3.9/site-packages/airflow/example_dags/example_python_operator.py
[2024-12-18 22:18:36,314] {processor.py:641} INFO - Processing file /home/patriciacorreia/Documents/airflowalura/venv/lib/python3.9/site-packages/airflow/example_dags/example_python_operator.py for tasks to queue
[2024-12-18 22:18:36,315] {logging_mixin.py:115} INFO - [2024-12-18 22:18:36,315] {dagbag.py:507} INFO - Filling up the DagBag from /home/patriciacorreia/Documents/airflowalura/venv/lib/python3.9/site-packages/airflow/example_dags/example_python_operator.py
[2024-12-18 22:18:36,340] {logging_mixin.py:115} INFO - [2024-12-18 22:18:36,340] {example_python_operator.py:68} WARNING - The virtalenv_python example task requires virtualenv, please install it.
[2024-12-18 22:18:36,341] {processor.py:651} INFO - DAG(s) dict_keys(['example_python_operator']) retrieved from /home/patriciacorreia/Documents/airflowalura/venv/lib/python3.9/site-packages/airflow/example_dags/example_python_operator.py
[2024-12-18 22:18:36,362] {logging_mixin.py:115} INFO - [2024-12-18 22:18:36,361] {dag.py:2379} INFO - Sync 1 DAGs
[2024-12-18 22:18:36,388] {logging_mixin.py:115} INFO - [2024-12-18 22:18:36,388] {dag.py:2927} INFO - Setting next_dagrun for example_python_operator to None, run_after=None
[2024-12-18 22:18:36,405] {processor.py:161} INFO - Processing /home/patriciacorreia/Documents/airflowalura/venv/lib/python3.9/site-packages/airflow/example_dags/example_python_operator.py took 0.099 seconds
[2024-12-18 22:19:47,529] {processor.py:153} INFO - Started process (PID=17915) to work on /home/patriciacorreia/Documents/airflowalura/venv/lib/python3.9/site-packages/airflow/example_dags/example_python_operator.py
[2024-12-18 22:19:47,531] {processor.py:641} INFO - Processing file /home/patriciacorreia/Documents/airflowalura/venv/lib/python3.9/site-packages/airflow/example_dags/example_python_operator.py for tasks to queue
[2024-12-18 22:19:47,533] {logging_mixin.py:115} INFO - [2024-12-18 22:19:47,533] {dagbag.py:507} INFO - Filling up the DagBag from /home/patriciacorreia/Documents/airflowalura/venv/lib/python3.9/site-packages/airflow/example_dags/example_python_operator.py
[2024-12-18 22:19:47,584] {logging_mixin.py:115} INFO - [2024-12-18 22:19:47,584] {example_python_operator.py:68} WARNING - The virtalenv_python example task requires virtualenv, please install it.
[2024-12-18 22:19:47,585] {processor.py:651} INFO - DAG(s) dict_keys(['example_python_operator']) retrieved from /home/patriciacorreia/Documents/airflowalura/venv/lib/python3.9/site-packages/airflow/example_dags/example_python_operator.py
[2024-12-18 22:19:47,623] {logging_mixin.py:115} INFO - [2024-12-18 22:19:47,622] {dag.py:2379} INFO - Sync 1 DAGs
[2024-12-18 22:19:47,664] {logging_mixin.py:115} INFO - [2024-12-18 22:19:47,664] {dag.py:2927} INFO - Setting next_dagrun for example_python_operator to None, run_after=None
[2024-12-18 22:19:47,689] {processor.py:161} INFO - Processing /home/patriciacorreia/Documents/airflowalura/venv/lib/python3.9/site-packages/airflow/example_dags/example_python_operator.py took 0.168 seconds
[2024-12-18 22:20:30,168] {processor.py:153} INFO - Started process (PID=18119) to work on /home/patriciacorreia/Documents/airflowalura/venv/lib/python3.9/site-packages/airflow/example_dags/example_python_operator.py
[2024-12-18 22:20:30,171] {processor.py:641} INFO - Processing file /home/patriciacorreia/Documents/airflowalura/venv/lib/python3.9/site-packages/airflow/example_dags/example_python_operator.py for tasks to queue
[2024-12-18 22:20:30,173] {logging_mixin.py:115} INFO - [2024-12-18 22:20:30,173] {dagbag.py:507} INFO - Filling up the DagBag from /home/patriciacorreia/Documents/airflowalura/venv/lib/python3.9/site-packages/airflow/example_dags/example_python_operator.py
[2024-12-18 22:20:30,243] {logging_mixin.py:115} INFO - [2024-12-18 22:20:30,243] {example_python_operator.py:68} WARNING - The virtalenv_python example task requires virtualenv, please install it.
[2024-12-18 22:20:30,244] {processor.py:651} INFO - DAG(s) dict_keys(['example_python_operator']) retrieved from /home/patriciacorreia/Documents/airflowalura/venv/lib/python3.9/site-packages/airflow/example_dags/example_python_operator.py
[2024-12-18 22:20:30,272] {logging_mixin.py:115} INFO - [2024-12-18 22:20:30,272] {dag.py:2379} INFO - Sync 1 DAGs
[2024-12-18 22:20:30,312] {logging_mixin.py:115} INFO - [2024-12-18 22:20:30,312] {dag.py:2927} INFO - Setting next_dagrun for example_python_operator to None, run_after=None
[2024-12-18 22:20:30,351] {processor.py:161} INFO - Processing /home/patriciacorreia/Documents/airflowalura/venv/lib/python3.9/site-packages/airflow/example_dags/example_python_operator.py took 0.200 seconds
[2024-12-18 22:21:07,687] {processor.py:153} INFO - Started process (PID=18309) to work on /home/patriciacorreia/Documents/airflowalura/venv/lib/python3.9/site-packages/airflow/example_dags/example_python_operator.py
[2024-12-18 22:21:07,688] {processor.py:641} INFO - Processing file /home/patriciacorreia/Documents/airflowalura/venv/lib/python3.9/site-packages/airflow/example_dags/example_python_operator.py for tasks to queue
[2024-12-18 22:21:07,689] {logging_mixin.py:115} INFO - [2024-12-18 22:21:07,689] {dagbag.py:507} INFO - Filling up the DagBag from /home/patriciacorreia/Documents/airflowalura/venv/lib/python3.9/site-packages/airflow/example_dags/example_python_operator.py
[2024-12-18 22:21:07,724] {logging_mixin.py:115} INFO - [2024-12-18 22:21:07,723] {example_python_operator.py:68} WARNING - The virtalenv_python example task requires virtualenv, please install it.
[2024-12-18 22:21:07,724] {processor.py:651} INFO - DAG(s) dict_keys(['example_python_operator']) retrieved from /home/patriciacorreia/Documents/airflowalura/venv/lib/python3.9/site-packages/airflow/example_dags/example_python_operator.py
[2024-12-18 22:21:07,756] {logging_mixin.py:115} INFO - [2024-12-18 22:21:07,756] {dag.py:2379} INFO - Sync 1 DAGs
[2024-12-18 22:21:07,790] {logging_mixin.py:115} INFO - [2024-12-18 22:21:07,790] {dag.py:2927} INFO - Setting next_dagrun for example_python_operator to None, run_after=None
[2024-12-18 22:21:07,812] {processor.py:161} INFO - Processing /home/patriciacorreia/Documents/airflowalura/venv/lib/python3.9/site-packages/airflow/example_dags/example_python_operator.py took 0.132 seconds
[2024-12-18 22:21:54,892] {processor.py:153} INFO - Started process (PID=18525) to work on /home/patriciacorreia/Documents/airflowalura/venv/lib/python3.9/site-packages/airflow/example_dags/example_python_operator.py
[2024-12-18 22:21:54,894] {processor.py:641} INFO - Processing file /home/patriciacorreia/Documents/airflowalura/venv/lib/python3.9/site-packages/airflow/example_dags/example_python_operator.py for tasks to queue
[2024-12-18 22:21:54,895] {logging_mixin.py:115} INFO - [2024-12-18 22:21:54,895] {dagbag.py:507} INFO - Filling up the DagBag from /home/patriciacorreia/Documents/airflowalura/venv/lib/python3.9/site-packages/airflow/example_dags/example_python_operator.py
[2024-12-18 22:21:54,937] {logging_mixin.py:115} INFO - [2024-12-18 22:21:54,937] {example_python_operator.py:68} WARNING - The virtalenv_python example task requires virtualenv, please install it.
[2024-12-18 22:21:54,937] {processor.py:651} INFO - DAG(s) dict_keys(['example_python_operator']) retrieved from /home/patriciacorreia/Documents/airflowalura/venv/lib/python3.9/site-packages/airflow/example_dags/example_python_operator.py
[2024-12-18 22:21:54,973] {logging_mixin.py:115} INFO - [2024-12-18 22:21:54,973] {dag.py:2379} INFO - Sync 1 DAGs
[2024-12-18 22:21:55,011] {logging_mixin.py:115} INFO - [2024-12-18 22:21:55,011] {dag.py:2927} INFO - Setting next_dagrun for example_python_operator to None, run_after=None
[2024-12-18 22:21:55,038] {processor.py:161} INFO - Processing /home/patriciacorreia/Documents/airflowalura/venv/lib/python3.9/site-packages/airflow/example_dags/example_python_operator.py took 0.151 seconds
[2024-12-18 22:22:40,147] {processor.py:153} INFO - Started process (PID=18731) to work on /home/patriciacorreia/Documents/airflowalura/venv/lib/python3.9/site-packages/airflow/example_dags/example_python_operator.py
[2024-12-18 22:22:40,155] {processor.py:641} INFO - Processing file /home/patriciacorreia/Documents/airflowalura/venv/lib/python3.9/site-packages/airflow/example_dags/example_python_operator.py for tasks to queue
[2024-12-18 22:22:40,160] {logging_mixin.py:115} INFO - [2024-12-18 22:22:40,160] {dagbag.py:507} INFO - Filling up the DagBag from /home/patriciacorreia/Documents/airflowalura/venv/lib/python3.9/site-packages/airflow/example_dags/example_python_operator.py
[2024-12-18 22:22:40,225] {logging_mixin.py:115} INFO - [2024-12-18 22:22:40,225] {example_python_operator.py:68} WARNING - The virtalenv_python example task requires virtualenv, please install it.
[2024-12-18 22:22:40,226] {processor.py:651} INFO - DAG(s) dict_keys(['example_python_operator']) retrieved from /home/patriciacorreia/Documents/airflowalura/venv/lib/python3.9/site-packages/airflow/example_dags/example_python_operator.py
[2024-12-18 22:22:40,255] {logging_mixin.py:115} INFO - [2024-12-18 22:22:40,254] {dag.py:2379} INFO - Sync 1 DAGs
[2024-12-18 22:22:40,302] {logging_mixin.py:115} INFO - [2024-12-18 22:22:40,302] {dag.py:2927} INFO - Setting next_dagrun for example_python_operator to None, run_after=None
[2024-12-18 22:22:40,326] {processor.py:161} INFO - Processing /home/patriciacorreia/Documents/airflowalura/venv/lib/python3.9/site-packages/airflow/example_dags/example_python_operator.py took 0.197 seconds
[2024-12-18 22:23:21,713] {processor.py:153} INFO - Started process (PID=18929) to work on /home/patriciacorreia/Documents/airflowalura/venv/lib/python3.9/site-packages/airflow/example_dags/example_python_operator.py
[2024-12-18 22:23:21,715] {processor.py:641} INFO - Processing file /home/patriciacorreia/Documents/airflowalura/venv/lib/python3.9/site-packages/airflow/example_dags/example_python_operator.py for tasks to queue
[2024-12-18 22:23:21,720] {logging_mixin.py:115} INFO - [2024-12-18 22:23:21,720] {dagbag.py:507} INFO - Filling up the DagBag from /home/patriciacorreia/Documents/airflowalura/venv/lib/python3.9/site-packages/airflow/example_dags/example_python_operator.py
[2024-12-18 22:23:21,755] {logging_mixin.py:115} INFO - [2024-12-18 22:23:21,755] {example_python_operator.py:68} WARNING - The virtalenv_python example task requires virtualenv, please install it.
[2024-12-18 22:23:21,756] {processor.py:651} INFO - DAG(s) dict_keys(['example_python_operator']) retrieved from /home/patriciacorreia/Documents/airflowalura/venv/lib/python3.9/site-packages/airflow/example_dags/example_python_operator.py
[2024-12-18 22:23:21,784] {logging_mixin.py:115} INFO - [2024-12-18 22:23:21,783] {dag.py:2379} INFO - Sync 1 DAGs
[2024-12-18 22:23:21,817] {logging_mixin.py:115} INFO - [2024-12-18 22:23:21,817] {dag.py:2927} INFO - Setting next_dagrun for example_python_operator to None, run_after=None
[2024-12-18 22:23:21,841] {processor.py:161} INFO - Processing /home/patriciacorreia/Documents/airflowalura/venv/lib/python3.9/site-packages/airflow/example_dags/example_python_operator.py took 0.134 seconds
[2024-12-18 22:24:08,451] {processor.py:153} INFO - Started process (PID=19148) to work on /home/patriciacorreia/Documents/airflowalura/venv/lib/python3.9/site-packages/airflow/example_dags/example_python_operator.py
[2024-12-18 22:24:08,455] {processor.py:641} INFO - Processing file /home/patriciacorreia/Documents/airflowalura/venv/lib/python3.9/site-packages/airflow/example_dags/example_python_operator.py for tasks to queue
[2024-12-18 22:24:08,457] {logging_mixin.py:115} INFO - [2024-12-18 22:24:08,457] {dagbag.py:507} INFO - Filling up the DagBag from /home/patriciacorreia/Documents/airflowalura/venv/lib/python3.9/site-packages/airflow/example_dags/example_python_operator.py
[2024-12-18 22:24:08,513] {logging_mixin.py:115} INFO - [2024-12-18 22:24:08,512] {example_python_operator.py:68} WARNING - The virtalenv_python example task requires virtualenv, please install it.
[2024-12-18 22:24:08,514] {processor.py:651} INFO - DAG(s) dict_keys(['example_python_operator']) retrieved from /home/patriciacorreia/Documents/airflowalura/venv/lib/python3.9/site-packages/airflow/example_dags/example_python_operator.py
[2024-12-18 22:24:08,577] {logging_mixin.py:115} INFO - [2024-12-18 22:24:08,577] {dag.py:2379} INFO - Sync 1 DAGs
[2024-12-18 22:24:08,646] {logging_mixin.py:115} INFO - [2024-12-18 22:24:08,645] {dag.py:2927} INFO - Setting next_dagrun for example_python_operator to None, run_after=None
[2024-12-18 22:24:08,690] {processor.py:161} INFO - Processing /home/patriciacorreia/Documents/airflowalura/venv/lib/python3.9/site-packages/airflow/example_dags/example_python_operator.py took 0.247 seconds
[2024-12-18 22:24:57,182] {processor.py:153} INFO - Started process (PID=19383) to work on /home/patriciacorreia/Documents/airflowalura/venv/lib/python3.9/site-packages/airflow/example_dags/example_python_operator.py
[2024-12-18 22:24:57,187] {processor.py:641} INFO - Processing file /home/patriciacorreia/Documents/airflowalura/venv/lib/python3.9/site-packages/airflow/example_dags/example_python_operator.py for tasks to queue
[2024-12-18 22:24:57,193] {logging_mixin.py:115} INFO - [2024-12-18 22:24:57,193] {dagbag.py:507} INFO - Filling up the DagBag from /home/patriciacorreia/Documents/airflowalura/venv/lib/python3.9/site-packages/airflow/example_dags/example_python_operator.py
[2024-12-18 22:24:57,251] {logging_mixin.py:115} INFO - [2024-12-18 22:24:57,251] {example_python_operator.py:68} WARNING - The virtalenv_python example task requires virtualenv, please install it.
[2024-12-18 22:24:57,252] {processor.py:651} INFO - DAG(s) dict_keys(['example_python_operator']) retrieved from /home/patriciacorreia/Documents/airflowalura/venv/lib/python3.9/site-packages/airflow/example_dags/example_python_operator.py
[2024-12-18 22:24:57,289] {logging_mixin.py:115} INFO - [2024-12-18 22:24:57,289] {dag.py:2379} INFO - Sync 1 DAGs
[2024-12-18 22:24:57,330] {logging_mixin.py:115} INFO - [2024-12-18 22:24:57,330] {dag.py:2927} INFO - Setting next_dagrun for example_python_operator to None, run_after=None
[2024-12-18 22:24:57,354] {processor.py:161} INFO - Processing /home/patriciacorreia/Documents/airflowalura/venv/lib/python3.9/site-packages/airflow/example_dags/example_python_operator.py took 0.191 seconds
[2024-12-18 22:25:45,876] {processor.py:153} INFO - Started process (PID=19626) to work on /home/patriciacorreia/Documents/airflowalura/venv/lib/python3.9/site-packages/airflow/example_dags/example_python_operator.py
[2024-12-18 22:25:45,881] {processor.py:641} INFO - Processing file /home/patriciacorreia/Documents/airflowalura/venv/lib/python3.9/site-packages/airflow/example_dags/example_python_operator.py for tasks to queue
[2024-12-18 22:25:45,884] {logging_mixin.py:115} INFO - [2024-12-18 22:25:45,883] {dagbag.py:507} INFO - Filling up the DagBag from /home/patriciacorreia/Documents/airflowalura/venv/lib/python3.9/site-packages/airflow/example_dags/example_python_operator.py
[2024-12-18 22:25:46,003] {logging_mixin.py:115} INFO - [2024-12-18 22:25:46,002] {example_python_operator.py:68} WARNING - The virtalenv_python example task requires virtualenv, please install it.
[2024-12-18 22:25:46,005] {processor.py:651} INFO - DAG(s) dict_keys(['example_python_operator']) retrieved from /home/patriciacorreia/Documents/airflowalura/venv/lib/python3.9/site-packages/airflow/example_dags/example_python_operator.py
[2024-12-18 22:25:46,122] {logging_mixin.py:115} INFO - [2024-12-18 22:25:46,121] {dag.py:2379} INFO - Sync 1 DAGs
[2024-12-18 22:25:46,255] {logging_mixin.py:115} INFO - [2024-12-18 22:25:46,254] {dag.py:2927} INFO - Setting next_dagrun for example_python_operator to None, run_after=None
[2024-12-18 22:25:46,337] {processor.py:161} INFO - Processing /home/patriciacorreia/Documents/airflowalura/venv/lib/python3.9/site-packages/airflow/example_dags/example_python_operator.py took 0.478 seconds
[2024-12-18 22:26:28,205] {processor.py:153} INFO - Started process (PID=19805) to work on /home/patriciacorreia/Documents/airflowalura/venv/lib/python3.9/site-packages/airflow/example_dags/example_python_operator.py
[2024-12-18 22:26:28,209] {processor.py:641} INFO - Processing file /home/patriciacorreia/Documents/airflowalura/venv/lib/python3.9/site-packages/airflow/example_dags/example_python_operator.py for tasks to queue
[2024-12-18 22:26:28,211] {logging_mixin.py:115} INFO - [2024-12-18 22:26:28,211] {dagbag.py:507} INFO - Filling up the DagBag from /home/patriciacorreia/Documents/airflowalura/venv/lib/python3.9/site-packages/airflow/example_dags/example_python_operator.py
[2024-12-18 22:26:28,293] {logging_mixin.py:115} INFO - [2024-12-18 22:26:28,292] {example_python_operator.py:68} WARNING - The virtalenv_python example task requires virtualenv, please install it.
[2024-12-18 22:26:28,294] {processor.py:651} INFO - DAG(s) dict_keys(['example_python_operator']) retrieved from /home/patriciacorreia/Documents/airflowalura/venv/lib/python3.9/site-packages/airflow/example_dags/example_python_operator.py
[2024-12-18 22:26:28,323] {logging_mixin.py:115} INFO - [2024-12-18 22:26:28,323] {dag.py:2379} INFO - Sync 1 DAGs
[2024-12-18 22:26:28,373] {logging_mixin.py:115} INFO - [2024-12-18 22:26:28,372] {dag.py:2927} INFO - Setting next_dagrun for example_python_operator to None, run_after=None
[2024-12-18 22:26:28,411] {processor.py:161} INFO - Processing /home/patriciacorreia/Documents/airflowalura/venv/lib/python3.9/site-packages/airflow/example_dags/example_python_operator.py took 0.221 seconds
[2024-12-18 22:27:10,633] {processor.py:153} INFO - Started process (PID=20004) to work on /home/patriciacorreia/Documents/airflowalura/venv/lib/python3.9/site-packages/airflow/example_dags/example_python_operator.py
[2024-12-18 22:27:10,638] {processor.py:641} INFO - Processing file /home/patriciacorreia/Documents/airflowalura/venv/lib/python3.9/site-packages/airflow/example_dags/example_python_operator.py for tasks to queue
[2024-12-18 22:27:10,640] {logging_mixin.py:115} INFO - [2024-12-18 22:27:10,639] {dagbag.py:507} INFO - Filling up the DagBag from /home/patriciacorreia/Documents/airflowalura/venv/lib/python3.9/site-packages/airflow/example_dags/example_python_operator.py
[2024-12-18 22:27:10,734] {logging_mixin.py:115} INFO - [2024-12-18 22:27:10,734] {example_python_operator.py:68} WARNING - The virtalenv_python example task requires virtualenv, please install it.
[2024-12-18 22:27:10,736] {processor.py:651} INFO - DAG(s) dict_keys(['example_python_operator']) retrieved from /home/patriciacorreia/Documents/airflowalura/venv/lib/python3.9/site-packages/airflow/example_dags/example_python_operator.py
[2024-12-18 22:27:10,810] {logging_mixin.py:115} INFO - [2024-12-18 22:27:10,810] {dag.py:2379} INFO - Sync 1 DAGs
[2024-12-18 22:27:10,866] {logging_mixin.py:115} INFO - [2024-12-18 22:27:10,866] {dag.py:2927} INFO - Setting next_dagrun for example_python_operator to None, run_after=None
[2024-12-18 22:27:10,883] {processor.py:161} INFO - Processing /home/patriciacorreia/Documents/airflowalura/venv/lib/python3.9/site-packages/airflow/example_dags/example_python_operator.py took 0.265 seconds
[2024-12-18 22:27:52,546] {processor.py:153} INFO - Started process (PID=20206) to work on /home/patriciacorreia/Documents/airflowalura/venv/lib/python3.9/site-packages/airflow/example_dags/example_python_operator.py
[2024-12-18 22:27:52,547] {processor.py:641} INFO - Processing file /home/patriciacorreia/Documents/airflowalura/venv/lib/python3.9/site-packages/airflow/example_dags/example_python_operator.py for tasks to queue
[2024-12-18 22:27:52,548] {logging_mixin.py:115} INFO - [2024-12-18 22:27:52,548] {dagbag.py:507} INFO - Filling up the DagBag from /home/patriciacorreia/Documents/airflowalura/venv/lib/python3.9/site-packages/airflow/example_dags/example_python_operator.py
[2024-12-18 22:27:52,577] {logging_mixin.py:115} INFO - [2024-12-18 22:27:52,577] {example_python_operator.py:68} WARNING - The virtalenv_python example task requires virtualenv, please install it.
[2024-12-18 22:27:52,577] {processor.py:651} INFO - DAG(s) dict_keys(['example_python_operator']) retrieved from /home/patriciacorreia/Documents/airflowalura/venv/lib/python3.9/site-packages/airflow/example_dags/example_python_operator.py
[2024-12-18 22:27:52,608] {logging_mixin.py:115} INFO - [2024-12-18 22:27:52,608] {dag.py:2379} INFO - Sync 1 DAGs
[2024-12-18 22:27:52,639] {logging_mixin.py:115} INFO - [2024-12-18 22:27:52,639] {dag.py:2927} INFO - Setting next_dagrun for example_python_operator to None, run_after=None
[2024-12-18 22:27:52,660] {processor.py:161} INFO - Processing /home/patriciacorreia/Documents/airflowalura/venv/lib/python3.9/site-packages/airflow/example_dags/example_python_operator.py took 0.120 seconds
[2024-12-18 22:28:34,223] {processor.py:153} INFO - Started process (PID=20411) to work on /home/patriciacorreia/Documents/airflowalura/venv/lib/python3.9/site-packages/airflow/example_dags/example_python_operator.py
[2024-12-18 22:28:34,227] {processor.py:641} INFO - Processing file /home/patriciacorreia/Documents/airflowalura/venv/lib/python3.9/site-packages/airflow/example_dags/example_python_operator.py for tasks to queue
[2024-12-18 22:28:34,229] {logging_mixin.py:115} INFO - [2024-12-18 22:28:34,228] {dagbag.py:507} INFO - Filling up the DagBag from /home/patriciacorreia/Documents/airflowalura/venv/lib/python3.9/site-packages/airflow/example_dags/example_python_operator.py
[2024-12-18 22:28:34,293] {logging_mixin.py:115} INFO - [2024-12-18 22:28:34,293] {example_python_operator.py:68} WARNING - The virtalenv_python example task requires virtualenv, please install it.
[2024-12-18 22:28:34,295] {processor.py:651} INFO - DAG(s) dict_keys(['example_python_operator']) retrieved from /home/patriciacorreia/Documents/airflowalura/venv/lib/python3.9/site-packages/airflow/example_dags/example_python_operator.py
[2024-12-18 22:28:34,344] {logging_mixin.py:115} INFO - [2024-12-18 22:28:34,344] {dag.py:2379} INFO - Sync 1 DAGs
[2024-12-18 22:28:34,372] {logging_mixin.py:115} INFO - [2024-12-18 22:28:34,372] {dag.py:2927} INFO - Setting next_dagrun for example_python_operator to None, run_after=None
[2024-12-18 22:28:34,388] {processor.py:161} INFO - Processing /home/patriciacorreia/Documents/airflowalura/venv/lib/python3.9/site-packages/airflow/example_dags/example_python_operator.py took 0.177 seconds
[2024-12-18 22:29:11,735] {processor.py:153} INFO - Started process (PID=20601) to work on /home/patriciacorreia/Documents/airflowalura/venv/lib/python3.9/site-packages/airflow/example_dags/example_python_operator.py
[2024-12-18 22:29:11,738] {processor.py:641} INFO - Processing file /home/patriciacorreia/Documents/airflowalura/venv/lib/python3.9/site-packages/airflow/example_dags/example_python_operator.py for tasks to queue
[2024-12-18 22:29:11,740] {logging_mixin.py:115} INFO - [2024-12-18 22:29:11,740] {dagbag.py:507} INFO - Filling up the DagBag from /home/patriciacorreia/Documents/airflowalura/venv/lib/python3.9/site-packages/airflow/example_dags/example_python_operator.py
[2024-12-18 22:29:11,798] {logging_mixin.py:115} INFO - [2024-12-18 22:29:11,798] {example_python_operator.py:68} WARNING - The virtalenv_python example task requires virtualenv, please install it.
[2024-12-18 22:29:11,799] {processor.py:651} INFO - DAG(s) dict_keys(['example_python_operator']) retrieved from /home/patriciacorreia/Documents/airflowalura/venv/lib/python3.9/site-packages/airflow/example_dags/example_python_operator.py
[2024-12-18 22:29:11,832] {logging_mixin.py:115} INFO - [2024-12-18 22:29:11,832] {dag.py:2379} INFO - Sync 1 DAGs
[2024-12-18 22:29:11,873] {logging_mixin.py:115} INFO - [2024-12-18 22:29:11,872] {dag.py:2927} INFO - Setting next_dagrun for example_python_operator to None, run_after=None
[2024-12-18 22:29:11,896] {processor.py:161} INFO - Processing /home/patriciacorreia/Documents/airflowalura/venv/lib/python3.9/site-packages/airflow/example_dags/example_python_operator.py took 0.173 seconds
[2024-12-18 22:29:48,472] {processor.py:153} INFO - Started process (PID=20788) to work on /home/patriciacorreia/Documents/airflowalura/venv/lib/python3.9/site-packages/airflow/example_dags/example_python_operator.py
[2024-12-18 22:29:48,475] {processor.py:641} INFO - Processing file /home/patriciacorreia/Documents/airflowalura/venv/lib/python3.9/site-packages/airflow/example_dags/example_python_operator.py for tasks to queue
[2024-12-18 22:29:48,476] {logging_mixin.py:115} INFO - [2024-12-18 22:29:48,476] {dagbag.py:507} INFO - Filling up the DagBag from /home/patriciacorreia/Documents/airflowalura/venv/lib/python3.9/site-packages/airflow/example_dags/example_python_operator.py
[2024-12-18 22:29:48,504] {logging_mixin.py:115} INFO - [2024-12-18 22:29:48,504] {example_python_operator.py:68} WARNING - The virtalenv_python example task requires virtualenv, please install it.
[2024-12-18 22:29:48,504] {processor.py:651} INFO - DAG(s) dict_keys(['example_python_operator']) retrieved from /home/patriciacorreia/Documents/airflowalura/venv/lib/python3.9/site-packages/airflow/example_dags/example_python_operator.py
[2024-12-18 22:29:48,525] {logging_mixin.py:115} INFO - [2024-12-18 22:29:48,525] {dag.py:2379} INFO - Sync 1 DAGs
[2024-12-18 22:29:48,549] {logging_mixin.py:115} INFO - [2024-12-18 22:29:48,549] {dag.py:2927} INFO - Setting next_dagrun for example_python_operator to None, run_after=None
[2024-12-18 22:29:48,565] {processor.py:161} INFO - Processing /home/patriciacorreia/Documents/airflowalura/venv/lib/python3.9/site-packages/airflow/example_dags/example_python_operator.py took 0.103 seconds
[2024-12-18 22:30:26,551] {processor.py:153} INFO - Started process (PID=20987) to work on /home/patriciacorreia/Documents/airflowalura/venv/lib/python3.9/site-packages/airflow/example_dags/example_python_operator.py
[2024-12-18 22:30:26,554] {processor.py:641} INFO - Processing file /home/patriciacorreia/Documents/airflowalura/venv/lib/python3.9/site-packages/airflow/example_dags/example_python_operator.py for tasks to queue
[2024-12-18 22:30:26,556] {logging_mixin.py:115} INFO - [2024-12-18 22:30:26,556] {dagbag.py:507} INFO - Filling up the DagBag from /home/patriciacorreia/Documents/airflowalura/venv/lib/python3.9/site-packages/airflow/example_dags/example_python_operator.py
[2024-12-18 22:30:26,611] {logging_mixin.py:115} INFO - [2024-12-18 22:30:26,611] {example_python_operator.py:68} WARNING - The virtalenv_python example task requires virtualenv, please install it.
[2024-12-18 22:30:26,612] {processor.py:651} INFO - DAG(s) dict_keys(['example_python_operator']) retrieved from /home/patriciacorreia/Documents/airflowalura/venv/lib/python3.9/site-packages/airflow/example_dags/example_python_operator.py
[2024-12-18 22:30:26,642] {logging_mixin.py:115} INFO - [2024-12-18 22:30:26,642] {dag.py:2379} INFO - Sync 1 DAGs
[2024-12-18 22:30:26,666] {logging_mixin.py:115} INFO - [2024-12-18 22:30:26,666] {dag.py:2927} INFO - Setting next_dagrun for example_python_operator to None, run_after=None
[2024-12-18 22:30:26,682] {processor.py:161} INFO - Processing /home/patriciacorreia/Documents/airflowalura/venv/lib/python3.9/site-packages/airflow/example_dags/example_python_operator.py took 0.143 seconds
[2024-12-18 22:31:11,212] {processor.py:153} INFO - Started process (PID=21216) to work on /home/patriciacorreia/Documents/airflowalura/venv/lib/python3.9/site-packages/airflow/example_dags/example_python_operator.py
[2024-12-18 22:31:11,215] {processor.py:641} INFO - Processing file /home/patriciacorreia/Documents/airflowalura/venv/lib/python3.9/site-packages/airflow/example_dags/example_python_operator.py for tasks to queue
[2024-12-18 22:31:11,217] {logging_mixin.py:115} INFO - [2024-12-18 22:31:11,216] {dagbag.py:507} INFO - Filling up the DagBag from /home/patriciacorreia/Documents/airflowalura/venv/lib/python3.9/site-packages/airflow/example_dags/example_python_operator.py
[2024-12-18 22:31:11,290] {logging_mixin.py:115} INFO - [2024-12-18 22:31:11,289] {example_python_operator.py:68} WARNING - The virtalenv_python example task requires virtualenv, please install it.
[2024-12-18 22:31:11,291] {processor.py:651} INFO - DAG(s) dict_keys(['example_python_operator']) retrieved from /home/patriciacorreia/Documents/airflowalura/venv/lib/python3.9/site-packages/airflow/example_dags/example_python_operator.py
[2024-12-18 22:31:11,341] {logging_mixin.py:115} INFO - [2024-12-18 22:31:11,340] {dag.py:2379} INFO - Sync 1 DAGs
[2024-12-18 22:31:11,405] {logging_mixin.py:115} INFO - [2024-12-18 22:31:11,405] {dag.py:2927} INFO - Setting next_dagrun for example_python_operator to None, run_after=None
[2024-12-18 22:31:11,449] {processor.py:161} INFO - Processing /home/patriciacorreia/Documents/airflowalura/venv/lib/python3.9/site-packages/airflow/example_dags/example_python_operator.py took 0.249 seconds
[2024-12-18 22:31:46,839] {processor.py:153} INFO - Started process (PID=21405) to work on /home/patriciacorreia/Documents/airflowalura/venv/lib/python3.9/site-packages/airflow/example_dags/example_python_operator.py
[2024-12-18 22:31:46,842] {processor.py:641} INFO - Processing file /home/patriciacorreia/Documents/airflowalura/venv/lib/python3.9/site-packages/airflow/example_dags/example_python_operator.py for tasks to queue
[2024-12-18 22:31:46,844] {logging_mixin.py:115} INFO - [2024-12-18 22:31:46,843] {dagbag.py:507} INFO - Filling up the DagBag from /home/patriciacorreia/Documents/airflowalura/venv/lib/python3.9/site-packages/airflow/example_dags/example_python_operator.py
[2024-12-18 22:31:46,894] {logging_mixin.py:115} INFO - [2024-12-18 22:31:46,894] {example_python_operator.py:68} WARNING - The virtalenv_python example task requires virtualenv, please install it.
[2024-12-18 22:31:46,896] {processor.py:651} INFO - DAG(s) dict_keys(['example_python_operator']) retrieved from /home/patriciacorreia/Documents/airflowalura/venv/lib/python3.9/site-packages/airflow/example_dags/example_python_operator.py
[2024-12-18 22:31:46,941] {logging_mixin.py:115} INFO - [2024-12-18 22:31:46,941] {dag.py:2379} INFO - Sync 1 DAGs
[2024-12-18 22:31:46,996] {logging_mixin.py:115} INFO - [2024-12-18 22:31:46,996] {dag.py:2927} INFO - Setting next_dagrun for example_python_operator to None, run_after=None
[2024-12-18 22:31:47,030] {processor.py:161} INFO - Processing /home/patriciacorreia/Documents/airflowalura/venv/lib/python3.9/site-packages/airflow/example_dags/example_python_operator.py took 0.200 seconds
[2024-12-18 22:32:25,671] {processor.py:153} INFO - Started process (PID=21595) to work on /home/patriciacorreia/Documents/airflowalura/venv/lib/python3.9/site-packages/airflow/example_dags/example_python_operator.py
[2024-12-18 22:32:25,672] {processor.py:641} INFO - Processing file /home/patriciacorreia/Documents/airflowalura/venv/lib/python3.9/site-packages/airflow/example_dags/example_python_operator.py for tasks to queue
[2024-12-18 22:32:25,674] {logging_mixin.py:115} INFO - [2024-12-18 22:32:25,673] {dagbag.py:507} INFO - Filling up the DagBag from /home/patriciacorreia/Documents/airflowalura/venv/lib/python3.9/site-packages/airflow/example_dags/example_python_operator.py
[2024-12-18 22:32:25,720] {logging_mixin.py:115} INFO - [2024-12-18 22:32:25,720] {example_python_operator.py:68} WARNING - The virtalenv_python example task requires virtualenv, please install it.
[2024-12-18 22:32:25,721] {processor.py:651} INFO - DAG(s) dict_keys(['example_python_operator']) retrieved from /home/patriciacorreia/Documents/airflowalura/venv/lib/python3.9/site-packages/airflow/example_dags/example_python_operator.py
[2024-12-18 22:32:25,756] {logging_mixin.py:115} INFO - [2024-12-18 22:32:25,756] {dag.py:2379} INFO - Sync 1 DAGs
[2024-12-18 22:32:25,796] {logging_mixin.py:115} INFO - [2024-12-18 22:32:25,796] {dag.py:2927} INFO - Setting next_dagrun for example_python_operator to None, run_after=None
[2024-12-18 22:32:25,821] {processor.py:161} INFO - Processing /home/patriciacorreia/Documents/airflowalura/venv/lib/python3.9/site-packages/airflow/example_dags/example_python_operator.py took 0.159 seconds
[2024-12-18 22:33:08,367] {processor.py:153} INFO - Started process (PID=21799) to work on /home/patriciacorreia/Documents/airflowalura/venv/lib/python3.9/site-packages/airflow/example_dags/example_python_operator.py
[2024-12-18 22:33:08,369] {processor.py:641} INFO - Processing file /home/patriciacorreia/Documents/airflowalura/venv/lib/python3.9/site-packages/airflow/example_dags/example_python_operator.py for tasks to queue
[2024-12-18 22:33:08,370] {logging_mixin.py:115} INFO - [2024-12-18 22:33:08,370] {dagbag.py:507} INFO - Filling up the DagBag from /home/patriciacorreia/Documents/airflowalura/venv/lib/python3.9/site-packages/airflow/example_dags/example_python_operator.py
[2024-12-18 22:33:08,411] {logging_mixin.py:115} INFO - [2024-12-18 22:33:08,411] {example_python_operator.py:68} WARNING - The virtalenv_python example task requires virtualenv, please install it.
[2024-12-18 22:33:08,412] {processor.py:651} INFO - DAG(s) dict_keys(['example_python_operator']) retrieved from /home/patriciacorreia/Documents/airflowalura/venv/lib/python3.9/site-packages/airflow/example_dags/example_python_operator.py
[2024-12-18 22:33:08,443] {logging_mixin.py:115} INFO - [2024-12-18 22:33:08,443] {dag.py:2379} INFO - Sync 1 DAGs
[2024-12-18 22:33:08,479] {logging_mixin.py:115} INFO - [2024-12-18 22:33:08,479] {dag.py:2927} INFO - Setting next_dagrun for example_python_operator to None, run_after=None
[2024-12-18 22:33:08,503] {processor.py:161} INFO - Processing /home/patriciacorreia/Documents/airflowalura/venv/lib/python3.9/site-packages/airflow/example_dags/example_python_operator.py took 0.142 seconds
[2024-12-18 22:33:57,071] {processor.py:153} INFO - Started process (PID=22019) to work on /home/patriciacorreia/Documents/airflowalura/venv/lib/python3.9/site-packages/airflow/example_dags/example_python_operator.py
[2024-12-18 22:33:57,074] {processor.py:641} INFO - Processing file /home/patriciacorreia/Documents/airflowalura/venv/lib/python3.9/site-packages/airflow/example_dags/example_python_operator.py for tasks to queue
[2024-12-18 22:33:57,079] {logging_mixin.py:115} INFO - [2024-12-18 22:33:57,079] {dagbag.py:507} INFO - Filling up the DagBag from /home/patriciacorreia/Documents/airflowalura/venv/lib/python3.9/site-packages/airflow/example_dags/example_python_operator.py
[2024-12-18 22:33:57,139] {logging_mixin.py:115} INFO - [2024-12-18 22:33:57,139] {example_python_operator.py:68} WARNING - The virtalenv_python example task requires virtualenv, please install it.
[2024-12-18 22:33:57,140] {processor.py:651} INFO - DAG(s) dict_keys(['example_python_operator']) retrieved from /home/patriciacorreia/Documents/airflowalura/venv/lib/python3.9/site-packages/airflow/example_dags/example_python_operator.py
[2024-12-18 22:33:57,165] {logging_mixin.py:115} INFO - [2024-12-18 22:33:57,164] {dag.py:2379} INFO - Sync 1 DAGs
[2024-12-18 22:33:57,197] {logging_mixin.py:115} INFO - [2024-12-18 22:33:57,197] {dag.py:2927} INFO - Setting next_dagrun for example_python_operator to None, run_after=None
[2024-12-18 22:33:57,215] {processor.py:161} INFO - Processing /home/patriciacorreia/Documents/airflowalura/venv/lib/python3.9/site-packages/airflow/example_dags/example_python_operator.py took 0.161 seconds
[2024-12-18 22:34:43,545] {processor.py:153} INFO - Started process (PID=22222) to work on /home/patriciacorreia/Documents/airflowalura/venv/lib/python3.9/site-packages/airflow/example_dags/example_python_operator.py
[2024-12-18 22:34:43,547] {processor.py:641} INFO - Processing file /home/patriciacorreia/Documents/airflowalura/venv/lib/python3.9/site-packages/airflow/example_dags/example_python_operator.py for tasks to queue
[2024-12-18 22:34:43,549] {logging_mixin.py:115} INFO - [2024-12-18 22:34:43,549] {dagbag.py:507} INFO - Filling up the DagBag from /home/patriciacorreia/Documents/airflowalura/venv/lib/python3.9/site-packages/airflow/example_dags/example_python_operator.py
[2024-12-18 22:34:43,591] {logging_mixin.py:115} INFO - [2024-12-18 22:34:43,591] {example_python_operator.py:68} WARNING - The virtalenv_python example task requires virtualenv, please install it.
[2024-12-18 22:34:43,593] {processor.py:651} INFO - DAG(s) dict_keys(['example_python_operator']) retrieved from /home/patriciacorreia/Documents/airflowalura/venv/lib/python3.9/site-packages/airflow/example_dags/example_python_operator.py
[2024-12-18 22:34:43,644] {logging_mixin.py:115} INFO - [2024-12-18 22:34:43,643] {dag.py:2379} INFO - Sync 1 DAGs
[2024-12-18 22:34:43,681] {logging_mixin.py:115} INFO - [2024-12-18 22:34:43,681] {dag.py:2927} INFO - Setting next_dagrun for example_python_operator to None, run_after=None
[2024-12-18 22:34:43,711] {processor.py:161} INFO - Processing /home/patriciacorreia/Documents/airflowalura/venv/lib/python3.9/site-packages/airflow/example_dags/example_python_operator.py took 0.174 seconds
[2024-12-18 22:35:24,001] {processor.py:153} INFO - Started process (PID=22406) to work on /home/patriciacorreia/Documents/airflowalura/venv/lib/python3.9/site-packages/airflow/example_dags/example_python_operator.py
[2024-12-18 22:35:24,005] {processor.py:641} INFO - Processing file /home/patriciacorreia/Documents/airflowalura/venv/lib/python3.9/site-packages/airflow/example_dags/example_python_operator.py for tasks to queue
[2024-12-18 22:35:24,009] {logging_mixin.py:115} INFO - [2024-12-18 22:35:24,008] {dagbag.py:507} INFO - Filling up the DagBag from /home/patriciacorreia/Documents/airflowalura/venv/lib/python3.9/site-packages/airflow/example_dags/example_python_operator.py
[2024-12-18 22:35:24,096] {logging_mixin.py:115} INFO - [2024-12-18 22:35:24,095] {example_python_operator.py:68} WARNING - The virtalenv_python example task requires virtualenv, please install it.
[2024-12-18 22:35:24,098] {processor.py:651} INFO - DAG(s) dict_keys(['example_python_operator']) retrieved from /home/patriciacorreia/Documents/airflowalura/venv/lib/python3.9/site-packages/airflow/example_dags/example_python_operator.py
[2024-12-18 22:35:24,179] {logging_mixin.py:115} INFO - [2024-12-18 22:35:24,179] {dag.py:2379} INFO - Sync 1 DAGs
[2024-12-18 22:35:24,261] {logging_mixin.py:115} INFO - [2024-12-18 22:35:24,260] {dag.py:2927} INFO - Setting next_dagrun for example_python_operator to None, run_after=None
[2024-12-18 22:35:24,344] {processor.py:161} INFO - Processing /home/patriciacorreia/Documents/airflowalura/venv/lib/python3.9/site-packages/airflow/example_dags/example_python_operator.py took 0.361 seconds
[2024-12-18 22:36:02,127] {processor.py:153} INFO - Started process (PID=22581) to work on /home/patriciacorreia/Documents/airflowalura/venv/lib/python3.9/site-packages/airflow/example_dags/example_python_operator.py
[2024-12-18 22:36:02,129] {processor.py:641} INFO - Processing file /home/patriciacorreia/Documents/airflowalura/venv/lib/python3.9/site-packages/airflow/example_dags/example_python_operator.py for tasks to queue
[2024-12-18 22:36:02,131] {logging_mixin.py:115} INFO - [2024-12-18 22:36:02,130] {dagbag.py:507} INFO - Filling up the DagBag from /home/patriciacorreia/Documents/airflowalura/venv/lib/python3.9/site-packages/airflow/example_dags/example_python_operator.py
[2024-12-18 22:36:02,173] {logging_mixin.py:115} INFO - [2024-12-18 22:36:02,173] {example_python_operator.py:68} WARNING - The virtalenv_python example task requires virtualenv, please install it.
[2024-12-18 22:36:02,174] {processor.py:651} INFO - DAG(s) dict_keys(['example_python_operator']) retrieved from /home/patriciacorreia/Documents/airflowalura/venv/lib/python3.9/site-packages/airflow/example_dags/example_python_operator.py
[2024-12-18 22:36:02,227] {logging_mixin.py:115} INFO - [2024-12-18 22:36:02,226] {dag.py:2379} INFO - Sync 1 DAGs
[2024-12-18 22:36:02,265] {logging_mixin.py:115} INFO - [2024-12-18 22:36:02,265] {dag.py:2927} INFO - Setting next_dagrun for example_python_operator to None, run_after=None
[2024-12-18 22:36:02,285] {processor.py:161} INFO - Processing /home/patriciacorreia/Documents/airflowalura/venv/lib/python3.9/site-packages/airflow/example_dags/example_python_operator.py took 0.166 seconds
[2024-12-18 22:36:52,919] {processor.py:153} INFO - Started process (PID=22806) to work on /home/patriciacorreia/Documents/airflowalura/venv/lib/python3.9/site-packages/airflow/example_dags/example_python_operator.py
[2024-12-18 22:36:52,924] {processor.py:641} INFO - Processing file /home/patriciacorreia/Documents/airflowalura/venv/lib/python3.9/site-packages/airflow/example_dags/example_python_operator.py for tasks to queue
[2024-12-18 22:36:52,927] {logging_mixin.py:115} INFO - [2024-12-18 22:36:52,927] {dagbag.py:507} INFO - Filling up the DagBag from /home/patriciacorreia/Documents/airflowalura/venv/lib/python3.9/site-packages/airflow/example_dags/example_python_operator.py
[2024-12-18 22:36:53,009] {logging_mixin.py:115} INFO - [2024-12-18 22:36:53,009] {example_python_operator.py:68} WARNING - The virtalenv_python example task requires virtualenv, please install it.
[2024-12-18 22:36:53,011] {processor.py:651} INFO - DAG(s) dict_keys(['example_python_operator']) retrieved from /home/patriciacorreia/Documents/airflowalura/venv/lib/python3.9/site-packages/airflow/example_dags/example_python_operator.py
[2024-12-18 22:36:53,098] {logging_mixin.py:115} INFO - [2024-12-18 22:36:53,097] {dag.py:2379} INFO - Sync 1 DAGs
[2024-12-18 22:36:53,186] {logging_mixin.py:115} INFO - [2024-12-18 22:36:53,185] {dag.py:2927} INFO - Setting next_dagrun for example_python_operator to None, run_after=None
[2024-12-18 22:36:53,268] {processor.py:161} INFO - Processing /home/patriciacorreia/Documents/airflowalura/venv/lib/python3.9/site-packages/airflow/example_dags/example_python_operator.py took 0.363 seconds
[2024-12-18 22:37:37,310] {processor.py:153} INFO - Started process (PID=22998) to work on /home/patriciacorreia/Documents/airflowalura/venv/lib/python3.9/site-packages/airflow/example_dags/example_python_operator.py
[2024-12-18 22:37:37,314] {processor.py:641} INFO - Processing file /home/patriciacorreia/Documents/airflowalura/venv/lib/python3.9/site-packages/airflow/example_dags/example_python_operator.py for tasks to queue
[2024-12-18 22:37:37,317] {logging_mixin.py:115} INFO - [2024-12-18 22:37:37,317] {dagbag.py:507} INFO - Filling up the DagBag from /home/patriciacorreia/Documents/airflowalura/venv/lib/python3.9/site-packages/airflow/example_dags/example_python_operator.py
[2024-12-18 22:37:37,401] {logging_mixin.py:115} INFO - [2024-12-18 22:37:37,401] {example_python_operator.py:68} WARNING - The virtalenv_python example task requires virtualenv, please install it.
[2024-12-18 22:37:37,402] {processor.py:651} INFO - DAG(s) dict_keys(['example_python_operator']) retrieved from /home/patriciacorreia/Documents/airflowalura/venv/lib/python3.9/site-packages/airflow/example_dags/example_python_operator.py
[2024-12-18 22:37:37,490] {logging_mixin.py:115} INFO - [2024-12-18 22:37:37,489] {dag.py:2379} INFO - Sync 1 DAGs
[2024-12-18 22:37:37,572] {logging_mixin.py:115} INFO - [2024-12-18 22:37:37,572] {dag.py:2927} INFO - Setting next_dagrun for example_python_operator to None, run_after=None
[2024-12-18 22:37:37,609] {processor.py:161} INFO - Processing /home/patriciacorreia/Documents/airflowalura/venv/lib/python3.9/site-packages/airflow/example_dags/example_python_operator.py took 0.315 seconds
[2024-12-18 22:38:18,468] {processor.py:153} INFO - Started process (PID=23188) to work on /home/patriciacorreia/Documents/airflowalura/venv/lib/python3.9/site-packages/airflow/example_dags/example_python_operator.py
[2024-12-18 22:38:18,472] {processor.py:641} INFO - Processing file /home/patriciacorreia/Documents/airflowalura/venv/lib/python3.9/site-packages/airflow/example_dags/example_python_operator.py for tasks to queue
[2024-12-18 22:38:18,474] {logging_mixin.py:115} INFO - [2024-12-18 22:38:18,474] {dagbag.py:507} INFO - Filling up the DagBag from /home/patriciacorreia/Documents/airflowalura/venv/lib/python3.9/site-packages/airflow/example_dags/example_python_operator.py
[2024-12-18 22:38:18,569] {logging_mixin.py:115} INFO - [2024-12-18 22:38:18,569] {example_python_operator.py:68} WARNING - The virtalenv_python example task requires virtualenv, please install it.
[2024-12-18 22:38:18,572] {processor.py:651} INFO - DAG(s) dict_keys(['example_python_operator']) retrieved from /home/patriciacorreia/Documents/airflowalura/venv/lib/python3.9/site-packages/airflow/example_dags/example_python_operator.py
[2024-12-18 22:38:18,685] {logging_mixin.py:115} INFO - [2024-12-18 22:38:18,685] {dag.py:2379} INFO - Sync 1 DAGs
[2024-12-18 22:38:18,756] {logging_mixin.py:115} INFO - [2024-12-18 22:38:18,756] {dag.py:2927} INFO - Setting next_dagrun for example_python_operator to None, run_after=None
[2024-12-18 22:38:18,774] {processor.py:161} INFO - Processing /home/patriciacorreia/Documents/airflowalura/venv/lib/python3.9/site-packages/airflow/example_dags/example_python_operator.py took 0.324 seconds
[2024-12-18 22:38:58,640] {processor.py:153} INFO - Started process (PID=23374) to work on /home/patriciacorreia/Documents/airflowalura/venv/lib/python3.9/site-packages/airflow/example_dags/example_python_operator.py
[2024-12-18 22:38:58,645] {processor.py:641} INFO - Processing file /home/patriciacorreia/Documents/airflowalura/venv/lib/python3.9/site-packages/airflow/example_dags/example_python_operator.py for tasks to queue
[2024-12-18 22:38:58,649] {logging_mixin.py:115} INFO - [2024-12-18 22:38:58,648] {dagbag.py:507} INFO - Filling up the DagBag from /home/patriciacorreia/Documents/airflowalura/venv/lib/python3.9/site-packages/airflow/example_dags/example_python_operator.py
[2024-12-18 22:38:58,749] {logging_mixin.py:115} INFO - [2024-12-18 22:38:58,749] {example_python_operator.py:68} WARNING - The virtalenv_python example task requires virtualenv, please install it.
[2024-12-18 22:38:58,754] {processor.py:651} INFO - DAG(s) dict_keys(['example_python_operator']) retrieved from /home/patriciacorreia/Documents/airflowalura/venv/lib/python3.9/site-packages/airflow/example_dags/example_python_operator.py
[2024-12-18 22:38:58,850] {logging_mixin.py:115} INFO - [2024-12-18 22:38:58,850] {dag.py:2379} INFO - Sync 1 DAGs
[2024-12-18 22:38:58,936] {logging_mixin.py:115} INFO - [2024-12-18 22:38:58,936] {dag.py:2927} INFO - Setting next_dagrun for example_python_operator to None, run_after=None
[2024-12-18 22:38:59,001] {processor.py:161} INFO - Processing /home/patriciacorreia/Documents/airflowalura/venv/lib/python3.9/site-packages/airflow/example_dags/example_python_operator.py took 0.377 seconds
[2024-12-18 22:39:47,999] {processor.py:153} INFO - Started process (PID=23603) to work on /home/patriciacorreia/Documents/airflowalura/venv/lib/python3.9/site-packages/airflow/example_dags/example_python_operator.py
[2024-12-18 22:39:48,003] {processor.py:641} INFO - Processing file /home/patriciacorreia/Documents/airflowalura/venv/lib/python3.9/site-packages/airflow/example_dags/example_python_operator.py for tasks to queue
[2024-12-18 22:39:48,005] {logging_mixin.py:115} INFO - [2024-12-18 22:39:48,005] {dagbag.py:507} INFO - Filling up the DagBag from /home/patriciacorreia/Documents/airflowalura/venv/lib/python3.9/site-packages/airflow/example_dags/example_python_operator.py
[2024-12-18 22:39:48,080] {logging_mixin.py:115} INFO - [2024-12-18 22:39:48,079] {example_python_operator.py:68} WARNING - The virtalenv_python example task requires virtualenv, please install it.
[2024-12-18 22:39:48,083] {processor.py:651} INFO - DAG(s) dict_keys(['example_python_operator']) retrieved from /home/patriciacorreia/Documents/airflowalura/venv/lib/python3.9/site-packages/airflow/example_dags/example_python_operator.py
[2024-12-18 22:39:48,147] {logging_mixin.py:115} INFO - [2024-12-18 22:39:48,146] {dag.py:2379} INFO - Sync 1 DAGs
[2024-12-18 22:39:48,226] {logging_mixin.py:115} INFO - [2024-12-18 22:39:48,226] {dag.py:2927} INFO - Setting next_dagrun for example_python_operator to None, run_after=None
[2024-12-18 22:39:48,287] {processor.py:161} INFO - Processing /home/patriciacorreia/Documents/airflowalura/venv/lib/python3.9/site-packages/airflow/example_dags/example_python_operator.py took 0.297 seconds
[2024-12-18 22:40:27,874] {processor.py:153} INFO - Started process (PID=23792) to work on /home/patriciacorreia/Documents/airflowalura/venv/lib/python3.9/site-packages/airflow/example_dags/example_python_operator.py
[2024-12-18 22:40:27,878] {processor.py:641} INFO - Processing file /home/patriciacorreia/Documents/airflowalura/venv/lib/python3.9/site-packages/airflow/example_dags/example_python_operator.py for tasks to queue
[2024-12-18 22:40:27,881] {logging_mixin.py:115} INFO - [2024-12-18 22:40:27,880] {dagbag.py:507} INFO - Filling up the DagBag from /home/patriciacorreia/Documents/airflowalura/venv/lib/python3.9/site-packages/airflow/example_dags/example_python_operator.py
[2024-12-18 22:40:27,954] {logging_mixin.py:115} INFO - [2024-12-18 22:40:27,954] {example_python_operator.py:68} WARNING - The virtalenv_python example task requires virtualenv, please install it.
[2024-12-18 22:40:27,956] {processor.py:651} INFO - DAG(s) dict_keys(['example_python_operator']) retrieved from /home/patriciacorreia/Documents/airflowalura/venv/lib/python3.9/site-packages/airflow/example_dags/example_python_operator.py
[2024-12-18 22:40:28,049] {logging_mixin.py:115} INFO - [2024-12-18 22:40:28,048] {dag.py:2379} INFO - Sync 1 DAGs
[2024-12-18 22:40:28,092] {logging_mixin.py:115} INFO - [2024-12-18 22:40:28,091] {dag.py:2927} INFO - Setting next_dagrun for example_python_operator to None, run_after=None
[2024-12-18 22:40:28,122] {processor.py:161} INFO - Processing /home/patriciacorreia/Documents/airflowalura/venv/lib/python3.9/site-packages/airflow/example_dags/example_python_operator.py took 0.264 seconds
