[2024-12-18 22:05:42,151] {processor.py:153} INFO - Started process (PID=13860) to work on /home/patriciacorreia/Documents/airflowalura/venv/lib/python3.9/site-packages/airflow/example_dags/example_external_task_marker_dag.py
[2024-12-18 22:05:42,152] {processor.py:641} INFO - Processing file /home/patriciacorreia/Documents/airflowalura/venv/lib/python3.9/site-packages/airflow/example_dags/example_external_task_marker_dag.py for tasks to queue
[2024-12-18 22:05:42,153] {logging_mixin.py:115} INFO - [2024-12-18 22:05:42,153] {dagbag.py:507} INFO - Filling up the DagBag from /home/patriciacorreia/Documents/airflowalura/venv/lib/python3.9/site-packages/airflow/example_dags/example_external_task_marker_dag.py
[2024-12-18 22:05:42,159] {processor.py:651} INFO - DAG(s) dict_keys(['example_external_task_marker_parent', 'example_external_task_marker_child']) retrieved from /home/patriciacorreia/Documents/airflowalura/venv/lib/python3.9/site-packages/airflow/example_dags/example_external_task_marker_dag.py
[2024-12-18 22:05:42,249] {logging_mixin.py:115} INFO - [2024-12-18 22:05:42,249] {manager.py:508} INFO - Created Permission View: can read on DAG:example_external_task_marker_parent
[2024-12-18 22:05:42,265] {logging_mixin.py:115} INFO - [2024-12-18 22:05:42,265] {manager.py:508} INFO - Created Permission View: can delete on DAG:example_external_task_marker_parent
[2024-12-18 22:05:42,278] {logging_mixin.py:115} INFO - [2024-12-18 22:05:42,278] {manager.py:508} INFO - Created Permission View: can edit on DAG:example_external_task_marker_parent
[2024-12-18 22:05:42,313] {logging_mixin.py:115} INFO - [2024-12-18 22:05:42,313] {manager.py:508} INFO - Created Permission View: can read on DAG:example_external_task_marker_child
[2024-12-18 22:05:42,322] {logging_mixin.py:115} INFO - [2024-12-18 22:05:42,322] {manager.py:508} INFO - Created Permission View: can delete on DAG:example_external_task_marker_child
[2024-12-18 22:05:42,332] {logging_mixin.py:115} INFO - [2024-12-18 22:05:42,332] {manager.py:508} INFO - Created Permission View: can edit on DAG:example_external_task_marker_child
[2024-12-18 22:05:42,332] {logging_mixin.py:115} INFO - [2024-12-18 22:05:42,332] {dag.py:2379} INFO - Sync 2 DAGs
[2024-12-18 22:05:42,343] {logging_mixin.py:115} INFO - [2024-12-18 22:05:42,343] {dag.py:2398} INFO - Creating ORM DAG for example_external_task_marker_child
[2024-12-18 22:05:42,343] {logging_mixin.py:115} INFO - [2024-12-18 22:05:42,343] {dag.py:2398} INFO - Creating ORM DAG for example_external_task_marker_parent
[2024-12-18 22:05:42,355] {logging_mixin.py:115} INFO - [2024-12-18 22:05:42,355] {dag.py:2927} INFO - Setting next_dagrun for example_external_task_marker_child to None, run_after=None
[2024-12-18 22:05:42,355] {logging_mixin.py:115} INFO - [2024-12-18 22:05:42,355] {dag.py:2927} INFO - Setting next_dagrun for example_external_task_marker_parent to None, run_after=None
[2024-12-18 22:05:42,387] {processor.py:161} INFO - Processing /home/patriciacorreia/Documents/airflowalura/venv/lib/python3.9/site-packages/airflow/example_dags/example_external_task_marker_dag.py took 0.240 seconds
[2024-12-18 22:06:19,304] {processor.py:153} INFO - Started process (PID=13976) to work on /home/patriciacorreia/Documents/airflowalura/venv/lib/python3.9/site-packages/airflow/example_dags/example_external_task_marker_dag.py
[2024-12-18 22:06:19,306] {processor.py:641} INFO - Processing file /home/patriciacorreia/Documents/airflowalura/venv/lib/python3.9/site-packages/airflow/example_dags/example_external_task_marker_dag.py for tasks to queue
[2024-12-18 22:06:19,306] {logging_mixin.py:115} INFO - [2024-12-18 22:06:19,306] {dagbag.py:507} INFO - Filling up the DagBag from /home/patriciacorreia/Documents/airflowalura/venv/lib/python3.9/site-packages/airflow/example_dags/example_external_task_marker_dag.py
[2024-12-18 22:06:19,313] {processor.py:651} INFO - DAG(s) dict_keys(['example_external_task_marker_parent', 'example_external_task_marker_child']) retrieved from /home/patriciacorreia/Documents/airflowalura/venv/lib/python3.9/site-packages/airflow/example_dags/example_external_task_marker_dag.py
[2024-12-18 22:06:19,343] {logging_mixin.py:115} INFO - [2024-12-18 22:06:19,343] {dag.py:2379} INFO - Sync 2 DAGs
[2024-12-18 22:06:19,366] {logging_mixin.py:115} INFO - [2024-12-18 22:06:19,366] {dag.py:2927} INFO - Setting next_dagrun for example_external_task_marker_child to None, run_after=None
[2024-12-18 22:06:19,366] {logging_mixin.py:115} INFO - [2024-12-18 22:06:19,366] {dag.py:2927} INFO - Setting next_dagrun for example_external_task_marker_parent to None, run_after=None
[2024-12-18 22:06:19,387] {processor.py:161} INFO - Processing /home/patriciacorreia/Documents/airflowalura/venv/lib/python3.9/site-packages/airflow/example_dags/example_external_task_marker_dag.py took 0.086 seconds
[2024-12-18 22:06:54,459] {processor.py:153} INFO - Started process (PID=14106) to work on /home/patriciacorreia/Documents/airflowalura/venv/lib/python3.9/site-packages/airflow/example_dags/example_external_task_marker_dag.py
[2024-12-18 22:06:54,460] {processor.py:641} INFO - Processing file /home/patriciacorreia/Documents/airflowalura/venv/lib/python3.9/site-packages/airflow/example_dags/example_external_task_marker_dag.py for tasks to queue
[2024-12-18 22:06:54,461] {logging_mixin.py:115} INFO - [2024-12-18 22:06:54,461] {dagbag.py:507} INFO - Filling up the DagBag from /home/patriciacorreia/Documents/airflowalura/venv/lib/python3.9/site-packages/airflow/example_dags/example_external_task_marker_dag.py
[2024-12-18 22:06:54,467] {processor.py:651} INFO - DAG(s) dict_keys(['example_external_task_marker_parent', 'example_external_task_marker_child']) retrieved from /home/patriciacorreia/Documents/airflowalura/venv/lib/python3.9/site-packages/airflow/example_dags/example_external_task_marker_dag.py
[2024-12-18 22:06:54,499] {logging_mixin.py:115} INFO - [2024-12-18 22:06:54,498] {dag.py:2379} INFO - Sync 2 DAGs
[2024-12-18 22:06:54,521] {logging_mixin.py:115} INFO - [2024-12-18 22:06:54,521] {dag.py:2927} INFO - Setting next_dagrun for example_external_task_marker_child to None, run_after=None
[2024-12-18 22:06:54,521] {logging_mixin.py:115} INFO - [2024-12-18 22:06:54,521] {dag.py:2927} INFO - Setting next_dagrun for example_external_task_marker_parent to None, run_after=None
[2024-12-18 22:06:54,543] {processor.py:161} INFO - Processing /home/patriciacorreia/Documents/airflowalura/venv/lib/python3.9/site-packages/airflow/example_dags/example_external_task_marker_dag.py took 0.088 seconds
[2024-12-18 22:07:35,998] {processor.py:153} INFO - Started process (PID=14201) to work on /home/patriciacorreia/Documents/airflowalura/venv/lib/python3.9/site-packages/airflow/example_dags/example_external_task_marker_dag.py
[2024-12-18 22:07:36,000] {processor.py:641} INFO - Processing file /home/patriciacorreia/Documents/airflowalura/venv/lib/python3.9/site-packages/airflow/example_dags/example_external_task_marker_dag.py for tasks to queue
[2024-12-18 22:07:36,001] {logging_mixin.py:115} INFO - [2024-12-18 22:07:36,001] {dagbag.py:507} INFO - Filling up the DagBag from /home/patriciacorreia/Documents/airflowalura/venv/lib/python3.9/site-packages/airflow/example_dags/example_external_task_marker_dag.py
[2024-12-18 22:07:36,011] {processor.py:651} INFO - DAG(s) dict_keys(['example_external_task_marker_parent', 'example_external_task_marker_child']) retrieved from /home/patriciacorreia/Documents/airflowalura/venv/lib/python3.9/site-packages/airflow/example_dags/example_external_task_marker_dag.py
[2024-12-18 22:07:36,051] {logging_mixin.py:115} INFO - [2024-12-18 22:07:36,051] {dag.py:2379} INFO - Sync 2 DAGs
[2024-12-18 22:07:36,078] {logging_mixin.py:115} INFO - [2024-12-18 22:07:36,078] {dag.py:2927} INFO - Setting next_dagrun for example_external_task_marker_child to None, run_after=None
[2024-12-18 22:07:36,079] {logging_mixin.py:115} INFO - [2024-12-18 22:07:36,079] {dag.py:2927} INFO - Setting next_dagrun for example_external_task_marker_parent to None, run_after=None
[2024-12-18 22:07:36,111] {processor.py:161} INFO - Processing /home/patriciacorreia/Documents/airflowalura/venv/lib/python3.9/site-packages/airflow/example_dags/example_external_task_marker_dag.py took 0.118 seconds
[2024-12-18 22:08:12,853] {processor.py:153} INFO - Started process (PID=14297) to work on /home/patriciacorreia/Documents/airflowalura/venv/lib/python3.9/site-packages/airflow/example_dags/example_external_task_marker_dag.py
[2024-12-18 22:08:12,855] {processor.py:641} INFO - Processing file /home/patriciacorreia/Documents/airflowalura/venv/lib/python3.9/site-packages/airflow/example_dags/example_external_task_marker_dag.py for tasks to queue
[2024-12-18 22:08:12,856] {logging_mixin.py:115} INFO - [2024-12-18 22:08:12,856] {dagbag.py:507} INFO - Filling up the DagBag from /home/patriciacorreia/Documents/airflowalura/venv/lib/python3.9/site-packages/airflow/example_dags/example_external_task_marker_dag.py
[2024-12-18 22:08:12,866] {processor.py:651} INFO - DAG(s) dict_keys(['example_external_task_marker_parent', 'example_external_task_marker_child']) retrieved from /home/patriciacorreia/Documents/airflowalura/venv/lib/python3.9/site-packages/airflow/example_dags/example_external_task_marker_dag.py
[2024-12-18 22:08:12,911] {logging_mixin.py:115} INFO - [2024-12-18 22:08:12,911] {dag.py:2379} INFO - Sync 2 DAGs
[2024-12-18 22:08:12,944] {logging_mixin.py:115} INFO - [2024-12-18 22:08:12,944] {dag.py:2927} INFO - Setting next_dagrun for example_external_task_marker_child to None, run_after=None
[2024-12-18 22:08:12,945] {logging_mixin.py:115} INFO - [2024-12-18 22:08:12,944] {dag.py:2927} INFO - Setting next_dagrun for example_external_task_marker_parent to None, run_after=None
[2024-12-18 22:08:12,985] {processor.py:161} INFO - Processing /home/patriciacorreia/Documents/airflowalura/venv/lib/python3.9/site-packages/airflow/example_dags/example_external_task_marker_dag.py took 0.139 seconds
[2024-12-18 22:08:53,605] {processor.py:153} INFO - Started process (PID=14446) to work on /home/patriciacorreia/Documents/airflowalura/venv/lib/python3.9/site-packages/airflow/example_dags/example_external_task_marker_dag.py
[2024-12-18 22:08:53,607] {processor.py:641} INFO - Processing file /home/patriciacorreia/Documents/airflowalura/venv/lib/python3.9/site-packages/airflow/example_dags/example_external_task_marker_dag.py for tasks to queue
[2024-12-18 22:08:53,609] {logging_mixin.py:115} INFO - [2024-12-18 22:08:53,609] {dagbag.py:507} INFO - Filling up the DagBag from /home/patriciacorreia/Documents/airflowalura/venv/lib/python3.9/site-packages/airflow/example_dags/example_external_task_marker_dag.py
[2024-12-18 22:08:53,622] {processor.py:651} INFO - DAG(s) dict_keys(['example_external_task_marker_parent', 'example_external_task_marker_child']) retrieved from /home/patriciacorreia/Documents/airflowalura/venv/lib/python3.9/site-packages/airflow/example_dags/example_external_task_marker_dag.py
[2024-12-18 22:08:53,679] {logging_mixin.py:115} INFO - [2024-12-18 22:08:53,679] {dag.py:2379} INFO - Sync 2 DAGs
[2024-12-18 22:08:53,711] {logging_mixin.py:115} INFO - [2024-12-18 22:08:53,711] {dag.py:2927} INFO - Setting next_dagrun for example_external_task_marker_child to None, run_after=None
[2024-12-18 22:08:53,712] {logging_mixin.py:115} INFO - [2024-12-18 22:08:53,712] {dag.py:2927} INFO - Setting next_dagrun for example_external_task_marker_parent to None, run_after=None
[2024-12-18 22:08:53,742] {processor.py:161} INFO - Processing /home/patriciacorreia/Documents/airflowalura/venv/lib/python3.9/site-packages/airflow/example_dags/example_external_task_marker_dag.py took 0.144 seconds
[2024-12-18 22:09:31,512] {processor.py:153} INFO - Started process (PID=14607) to work on /home/patriciacorreia/Documents/airflowalura/venv/lib/python3.9/site-packages/airflow/example_dags/example_external_task_marker_dag.py
[2024-12-18 22:09:31,514] {processor.py:641} INFO - Processing file /home/patriciacorreia/Documents/airflowalura/venv/lib/python3.9/site-packages/airflow/example_dags/example_external_task_marker_dag.py for tasks to queue
[2024-12-18 22:09:31,516] {logging_mixin.py:115} INFO - [2024-12-18 22:09:31,515] {dagbag.py:507} INFO - Filling up the DagBag from /home/patriciacorreia/Documents/airflowalura/venv/lib/python3.9/site-packages/airflow/example_dags/example_external_task_marker_dag.py
[2024-12-18 22:09:31,529] {processor.py:651} INFO - DAG(s) dict_keys(['example_external_task_marker_parent', 'example_external_task_marker_child']) retrieved from /home/patriciacorreia/Documents/airflowalura/venv/lib/python3.9/site-packages/airflow/example_dags/example_external_task_marker_dag.py
[2024-12-18 22:09:31,597] {logging_mixin.py:115} INFO - [2024-12-18 22:09:31,597] {dag.py:2379} INFO - Sync 2 DAGs
[2024-12-18 22:09:31,638] {logging_mixin.py:115} INFO - [2024-12-18 22:09:31,638] {dag.py:2927} INFO - Setting next_dagrun for example_external_task_marker_child to None, run_after=None
[2024-12-18 22:09:31,639] {logging_mixin.py:115} INFO - [2024-12-18 22:09:31,639] {dag.py:2927} INFO - Setting next_dagrun for example_external_task_marker_parent to None, run_after=None
[2024-12-18 22:09:31,673] {processor.py:161} INFO - Processing /home/patriciacorreia/Documents/airflowalura/venv/lib/python3.9/site-packages/airflow/example_dags/example_external_task_marker_dag.py took 0.169 seconds
[2024-12-18 22:10:09,693] {processor.py:153} INFO - Started process (PID=14838) to work on /home/patriciacorreia/Documents/airflowalura/venv/lib/python3.9/site-packages/airflow/example_dags/example_external_task_marker_dag.py
[2024-12-18 22:10:09,695] {processor.py:641} INFO - Processing file /home/patriciacorreia/Documents/airflowalura/venv/lib/python3.9/site-packages/airflow/example_dags/example_external_task_marker_dag.py for tasks to queue
[2024-12-18 22:10:09,697] {logging_mixin.py:115} INFO - [2024-12-18 22:10:09,696] {dagbag.py:507} INFO - Filling up the DagBag from /home/patriciacorreia/Documents/airflowalura/venv/lib/python3.9/site-packages/airflow/example_dags/example_external_task_marker_dag.py
[2024-12-18 22:10:09,706] {processor.py:651} INFO - DAG(s) dict_keys(['example_external_task_marker_parent', 'example_external_task_marker_child']) retrieved from /home/patriciacorreia/Documents/airflowalura/venv/lib/python3.9/site-packages/airflow/example_dags/example_external_task_marker_dag.py
[2024-12-18 22:10:09,767] {logging_mixin.py:115} INFO - [2024-12-18 22:10:09,767] {dag.py:2379} INFO - Sync 2 DAGs
[2024-12-18 22:10:09,811] {logging_mixin.py:115} INFO - [2024-12-18 22:10:09,811] {dag.py:2927} INFO - Setting next_dagrun for example_external_task_marker_child to None, run_after=None
[2024-12-18 22:10:09,812] {logging_mixin.py:115} INFO - [2024-12-18 22:10:09,812] {dag.py:2927} INFO - Setting next_dagrun for example_external_task_marker_parent to None, run_after=None
[2024-12-18 22:10:09,839] {processor.py:161} INFO - Processing /home/patriciacorreia/Documents/airflowalura/venv/lib/python3.9/site-packages/airflow/example_dags/example_external_task_marker_dag.py took 0.153 seconds
[2024-12-18 22:10:49,033] {processor.py:153} INFO - Started process (PID=15301) to work on /home/patriciacorreia/Documents/airflowalura/venv/lib/python3.9/site-packages/airflow/example_dags/example_external_task_marker_dag.py
[2024-12-18 22:10:49,036] {processor.py:641} INFO - Processing file /home/patriciacorreia/Documents/airflowalura/venv/lib/python3.9/site-packages/airflow/example_dags/example_external_task_marker_dag.py for tasks to queue
[2024-12-18 22:10:49,037] {logging_mixin.py:115} INFO - [2024-12-18 22:10:49,037] {dagbag.py:507} INFO - Filling up the DagBag from /home/patriciacorreia/Documents/airflowalura/venv/lib/python3.9/site-packages/airflow/example_dags/example_external_task_marker_dag.py
[2024-12-18 22:10:49,047] {processor.py:651} INFO - DAG(s) dict_keys(['example_external_task_marker_parent', 'example_external_task_marker_child']) retrieved from /home/patriciacorreia/Documents/airflowalura/venv/lib/python3.9/site-packages/airflow/example_dags/example_external_task_marker_dag.py
[2024-12-18 22:10:49,109] {logging_mixin.py:115} INFO - [2024-12-18 22:10:49,109] {dag.py:2379} INFO - Sync 2 DAGs
[2024-12-18 22:10:49,164] {logging_mixin.py:115} INFO - [2024-12-18 22:10:49,164] {dag.py:2927} INFO - Setting next_dagrun for example_external_task_marker_child to None, run_after=None
[2024-12-18 22:10:49,165] {logging_mixin.py:115} INFO - [2024-12-18 22:10:49,165] {dag.py:2927} INFO - Setting next_dagrun for example_external_task_marker_parent to None, run_after=None
[2024-12-18 22:10:49,197] {processor.py:161} INFO - Processing /home/patriciacorreia/Documents/airflowalura/venv/lib/python3.9/site-packages/airflow/example_dags/example_external_task_marker_dag.py took 0.171 seconds
[2024-12-18 22:11:35,028] {processor.py:153} INFO - Started process (PID=15532) to work on /home/patriciacorreia/Documents/airflowalura/venv/lib/python3.9/site-packages/airflow/example_dags/example_external_task_marker_dag.py
[2024-12-18 22:11:35,032] {processor.py:641} INFO - Processing file /home/patriciacorreia/Documents/airflowalura/venv/lib/python3.9/site-packages/airflow/example_dags/example_external_task_marker_dag.py for tasks to queue
[2024-12-18 22:11:35,034] {logging_mixin.py:115} INFO - [2024-12-18 22:11:35,034] {dagbag.py:507} INFO - Filling up the DagBag from /home/patriciacorreia/Documents/airflowalura/venv/lib/python3.9/site-packages/airflow/example_dags/example_external_task_marker_dag.py
[2024-12-18 22:11:35,056] {processor.py:651} INFO - DAG(s) dict_keys(['example_external_task_marker_parent', 'example_external_task_marker_child']) retrieved from /home/patriciacorreia/Documents/airflowalura/venv/lib/python3.9/site-packages/airflow/example_dags/example_external_task_marker_dag.py
[2024-12-18 22:11:35,163] {logging_mixin.py:115} INFO - [2024-12-18 22:11:35,163] {dag.py:2379} INFO - Sync 2 DAGs
[2024-12-18 22:11:35,246] {logging_mixin.py:115} INFO - [2024-12-18 22:11:35,246] {dag.py:2927} INFO - Setting next_dagrun for example_external_task_marker_child to None, run_after=None
[2024-12-18 22:11:35,247] {logging_mixin.py:115} INFO - [2024-12-18 22:11:35,247] {dag.py:2927} INFO - Setting next_dagrun for example_external_task_marker_parent to None, run_after=None
[2024-12-18 22:11:35,296] {processor.py:161} INFO - Processing /home/patriciacorreia/Documents/airflowalura/venv/lib/python3.9/site-packages/airflow/example_dags/example_external_task_marker_dag.py took 0.281 seconds
[2024-12-18 22:12:18,526] {processor.py:153} INFO - Started process (PID=15722) to work on /home/patriciacorreia/Documents/airflowalura/venv/lib/python3.9/site-packages/airflow/example_dags/example_external_task_marker_dag.py
[2024-12-18 22:12:18,529] {processor.py:641} INFO - Processing file /home/patriciacorreia/Documents/airflowalura/venv/lib/python3.9/site-packages/airflow/example_dags/example_external_task_marker_dag.py for tasks to queue
[2024-12-18 22:12:18,530] {logging_mixin.py:115} INFO - [2024-12-18 22:12:18,530] {dagbag.py:507} INFO - Filling up the DagBag from /home/patriciacorreia/Documents/airflowalura/venv/lib/python3.9/site-packages/airflow/example_dags/example_external_task_marker_dag.py
[2024-12-18 22:12:18,546] {processor.py:651} INFO - DAG(s) dict_keys(['example_external_task_marker_parent', 'example_external_task_marker_child']) retrieved from /home/patriciacorreia/Documents/airflowalura/venv/lib/python3.9/site-packages/airflow/example_dags/example_external_task_marker_dag.py
[2024-12-18 22:12:18,651] {logging_mixin.py:115} INFO - [2024-12-18 22:12:18,651] {dag.py:2379} INFO - Sync 2 DAGs
[2024-12-18 22:12:18,706] {logging_mixin.py:115} INFO - [2024-12-18 22:12:18,706] {dag.py:2927} INFO - Setting next_dagrun for example_external_task_marker_child to None, run_after=None
[2024-12-18 22:12:18,706] {logging_mixin.py:115} INFO - [2024-12-18 22:12:18,706] {dag.py:2927} INFO - Setting next_dagrun for example_external_task_marker_parent to None, run_after=None
[2024-12-18 22:12:18,726] {processor.py:161} INFO - Processing /home/patriciacorreia/Documents/airflowalura/venv/lib/python3.9/site-packages/airflow/example_dags/example_external_task_marker_dag.py took 0.212 seconds
[2024-12-18 22:13:00,104] {processor.py:153} INFO - Started process (PID=15913) to work on /home/patriciacorreia/Documents/airflowalura/venv/lib/python3.9/site-packages/airflow/example_dags/example_external_task_marker_dag.py
[2024-12-18 22:13:00,107] {processor.py:641} INFO - Processing file /home/patriciacorreia/Documents/airflowalura/venv/lib/python3.9/site-packages/airflow/example_dags/example_external_task_marker_dag.py for tasks to queue
[2024-12-18 22:13:00,109] {logging_mixin.py:115} INFO - [2024-12-18 22:13:00,109] {dagbag.py:507} INFO - Filling up the DagBag from /home/patriciacorreia/Documents/airflowalura/venv/lib/python3.9/site-packages/airflow/example_dags/example_external_task_marker_dag.py
[2024-12-18 22:13:00,125] {processor.py:651} INFO - DAG(s) dict_keys(['example_external_task_marker_parent', 'example_external_task_marker_child']) retrieved from /home/patriciacorreia/Documents/airflowalura/venv/lib/python3.9/site-packages/airflow/example_dags/example_external_task_marker_dag.py
[2024-12-18 22:13:00,206] {logging_mixin.py:115} INFO - [2024-12-18 22:13:00,205] {dag.py:2379} INFO - Sync 2 DAGs
[2024-12-18 22:13:00,283] {logging_mixin.py:115} INFO - [2024-12-18 22:13:00,283] {dag.py:2927} INFO - Setting next_dagrun for example_external_task_marker_child to None, run_after=None
[2024-12-18 22:13:00,284] {logging_mixin.py:115} INFO - [2024-12-18 22:13:00,284] {dag.py:2927} INFO - Setting next_dagrun for example_external_task_marker_parent to None, run_after=None
[2024-12-18 22:13:00,325] {processor.py:161} INFO - Processing /home/patriciacorreia/Documents/airflowalura/venv/lib/python3.9/site-packages/airflow/example_dags/example_external_task_marker_dag.py took 0.232 seconds
[2024-12-18 22:13:39,720] {processor.py:153} INFO - Started process (PID=16093) to work on /home/patriciacorreia/Documents/airflowalura/venv/lib/python3.9/site-packages/airflow/example_dags/example_external_task_marker_dag.py
[2024-12-18 22:13:39,724] {processor.py:641} INFO - Processing file /home/patriciacorreia/Documents/airflowalura/venv/lib/python3.9/site-packages/airflow/example_dags/example_external_task_marker_dag.py for tasks to queue
[2024-12-18 22:13:39,727] {logging_mixin.py:115} INFO - [2024-12-18 22:13:39,727] {dagbag.py:507} INFO - Filling up the DagBag from /home/patriciacorreia/Documents/airflowalura/venv/lib/python3.9/site-packages/airflow/example_dags/example_external_task_marker_dag.py
[2024-12-18 22:13:39,745] {processor.py:651} INFO - DAG(s) dict_keys(['example_external_task_marker_parent', 'example_external_task_marker_child']) retrieved from /home/patriciacorreia/Documents/airflowalura/venv/lib/python3.9/site-packages/airflow/example_dags/example_external_task_marker_dag.py
[2024-12-18 22:13:39,841] {logging_mixin.py:115} INFO - [2024-12-18 22:13:39,841] {dag.py:2379} INFO - Sync 2 DAGs
[2024-12-18 22:13:39,921] {logging_mixin.py:115} INFO - [2024-12-18 22:13:39,921] {dag.py:2927} INFO - Setting next_dagrun for example_external_task_marker_child to None, run_after=None
[2024-12-18 22:13:39,922] {logging_mixin.py:115} INFO - [2024-12-18 22:13:39,922] {dag.py:2927} INFO - Setting next_dagrun for example_external_task_marker_parent to None, run_after=None
[2024-12-18 22:13:39,976] {processor.py:161} INFO - Processing /home/patriciacorreia/Documents/airflowalura/venv/lib/python3.9/site-packages/airflow/example_dags/example_external_task_marker_dag.py took 0.269 seconds
[2024-12-18 22:14:26,106] {processor.py:153} INFO - Started process (PID=16324) to work on /home/patriciacorreia/Documents/airflowalura/venv/lib/python3.9/site-packages/airflow/example_dags/example_external_task_marker_dag.py
[2024-12-18 22:14:26,108] {processor.py:641} INFO - Processing file /home/patriciacorreia/Documents/airflowalura/venv/lib/python3.9/site-packages/airflow/example_dags/example_external_task_marker_dag.py for tasks to queue
[2024-12-18 22:14:26,109] {logging_mixin.py:115} INFO - [2024-12-18 22:14:26,109] {dagbag.py:507} INFO - Filling up the DagBag from /home/patriciacorreia/Documents/airflowalura/venv/lib/python3.9/site-packages/airflow/example_dags/example_external_task_marker_dag.py
[2024-12-18 22:14:26,115] {processor.py:651} INFO - DAG(s) dict_keys(['example_external_task_marker_parent', 'example_external_task_marker_child']) retrieved from /home/patriciacorreia/Documents/airflowalura/venv/lib/python3.9/site-packages/airflow/example_dags/example_external_task_marker_dag.py
[2024-12-18 22:14:26,161] {logging_mixin.py:115} INFO - [2024-12-18 22:14:26,161] {dag.py:2379} INFO - Sync 2 DAGs
[2024-12-18 22:14:26,199] {logging_mixin.py:115} INFO - [2024-12-18 22:14:26,199] {dag.py:2927} INFO - Setting next_dagrun for example_external_task_marker_child to None, run_after=None
[2024-12-18 22:14:26,200] {logging_mixin.py:115} INFO - [2024-12-18 22:14:26,200] {dag.py:2927} INFO - Setting next_dagrun for example_external_task_marker_parent to None, run_after=None
[2024-12-18 22:14:26,219] {processor.py:161} INFO - Processing /home/patriciacorreia/Documents/airflowalura/venv/lib/python3.9/site-packages/airflow/example_dags/example_external_task_marker_dag.py took 0.118 seconds
[2024-12-18 22:15:08,770] {processor.py:153} INFO - Started process (PID=16527) to work on /home/patriciacorreia/Documents/airflowalura/venv/lib/python3.9/site-packages/airflow/example_dags/example_external_task_marker_dag.py
[2024-12-18 22:15:08,774] {processor.py:641} INFO - Processing file /home/patriciacorreia/Documents/airflowalura/venv/lib/python3.9/site-packages/airflow/example_dags/example_external_task_marker_dag.py for tasks to queue
[2024-12-18 22:15:08,777] {logging_mixin.py:115} INFO - [2024-12-18 22:15:08,776] {dagbag.py:507} INFO - Filling up the DagBag from /home/patriciacorreia/Documents/airflowalura/venv/lib/python3.9/site-packages/airflow/example_dags/example_external_task_marker_dag.py
[2024-12-18 22:15:08,798] {processor.py:651} INFO - DAG(s) dict_keys(['example_external_task_marker_parent', 'example_external_task_marker_child']) retrieved from /home/patriciacorreia/Documents/airflowalura/venv/lib/python3.9/site-packages/airflow/example_dags/example_external_task_marker_dag.py
[2024-12-18 22:15:08,922] {logging_mixin.py:115} INFO - [2024-12-18 22:15:08,921] {dag.py:2379} INFO - Sync 2 DAGs
[2024-12-18 22:15:09,002] {logging_mixin.py:115} INFO - [2024-12-18 22:15:09,002] {dag.py:2927} INFO - Setting next_dagrun for example_external_task_marker_child to None, run_after=None
[2024-12-18 22:15:09,003] {logging_mixin.py:115} INFO - [2024-12-18 22:15:09,003] {dag.py:2927} INFO - Setting next_dagrun for example_external_task_marker_parent to None, run_after=None
[2024-12-18 22:15:09,065] {processor.py:161} INFO - Processing /home/patriciacorreia/Documents/airflowalura/venv/lib/python3.9/site-packages/airflow/example_dags/example_external_task_marker_dag.py took 0.306 seconds
[2024-12-18 22:15:48,987] {processor.py:153} INFO - Started process (PID=16732) to work on /home/patriciacorreia/Documents/airflowalura/venv/lib/python3.9/site-packages/airflow/example_dags/example_external_task_marker_dag.py
[2024-12-18 22:15:48,991] {processor.py:641} INFO - Processing file /home/patriciacorreia/Documents/airflowalura/venv/lib/python3.9/site-packages/airflow/example_dags/example_external_task_marker_dag.py for tasks to queue
[2024-12-18 22:15:48,994] {logging_mixin.py:115} INFO - [2024-12-18 22:15:48,993] {dagbag.py:507} INFO - Filling up the DagBag from /home/patriciacorreia/Documents/airflowalura/venv/lib/python3.9/site-packages/airflow/example_dags/example_external_task_marker_dag.py
[2024-12-18 22:15:49,017] {processor.py:651} INFO - DAG(s) dict_keys(['example_external_task_marker_parent', 'example_external_task_marker_child']) retrieved from /home/patriciacorreia/Documents/airflowalura/venv/lib/python3.9/site-packages/airflow/example_dags/example_external_task_marker_dag.py
[2024-12-18 22:15:49,123] {logging_mixin.py:115} INFO - [2024-12-18 22:15:49,123] {dag.py:2379} INFO - Sync 2 DAGs
[2024-12-18 22:15:49,164] {logging_mixin.py:115} INFO - [2024-12-18 22:15:49,164] {dag.py:2927} INFO - Setting next_dagrun for example_external_task_marker_child to None, run_after=None
[2024-12-18 22:15:49,165] {logging_mixin.py:115} INFO - [2024-12-18 22:15:49,165] {dag.py:2927} INFO - Setting next_dagrun for example_external_task_marker_parent to None, run_after=None
[2024-12-18 22:15:49,187] {processor.py:161} INFO - Processing /home/patriciacorreia/Documents/airflowalura/venv/lib/python3.9/site-packages/airflow/example_dags/example_external_task_marker_dag.py took 0.213 seconds
[2024-12-18 22:16:41,647] {processor.py:153} INFO - Started process (PID=17059) to work on /home/patriciacorreia/Documents/airflowalura/venv/lib/python3.9/site-packages/airflow/example_dags/example_external_task_marker_dag.py
[2024-12-18 22:16:41,650] {processor.py:641} INFO - Processing file /home/patriciacorreia/Documents/airflowalura/venv/lib/python3.9/site-packages/airflow/example_dags/example_external_task_marker_dag.py for tasks to queue
[2024-12-18 22:16:41,653] {logging_mixin.py:115} INFO - [2024-12-18 22:16:41,653] {dagbag.py:507} INFO - Filling up the DagBag from /home/patriciacorreia/Documents/airflowalura/venv/lib/python3.9/site-packages/airflow/example_dags/example_external_task_marker_dag.py
[2024-12-18 22:16:41,666] {processor.py:651} INFO - DAG(s) dict_keys(['example_external_task_marker_parent', 'example_external_task_marker_child']) retrieved from /home/patriciacorreia/Documents/airflowalura/venv/lib/python3.9/site-packages/airflow/example_dags/example_external_task_marker_dag.py
[2024-12-18 22:16:41,756] {logging_mixin.py:115} INFO - [2024-12-18 22:16:41,756] {dag.py:2379} INFO - Sync 2 DAGs
[2024-12-18 22:16:41,793] {logging_mixin.py:115} INFO - [2024-12-18 22:16:41,793] {dag.py:2927} INFO - Setting next_dagrun for example_external_task_marker_child to None, run_after=None
[2024-12-18 22:16:41,794] {logging_mixin.py:115} INFO - [2024-12-18 22:16:41,794] {dag.py:2927} INFO - Setting next_dagrun for example_external_task_marker_parent to None, run_after=None
[2024-12-18 22:16:41,813] {processor.py:161} INFO - Processing /home/patriciacorreia/Documents/airflowalura/venv/lib/python3.9/site-packages/airflow/example_dags/example_external_task_marker_dag.py took 0.175 seconds
[2024-12-18 22:17:23,880] {processor.py:153} INFO - Started process (PID=17264) to work on /home/patriciacorreia/Documents/airflowalura/venv/lib/python3.9/site-packages/airflow/example_dags/example_external_task_marker_dag.py
[2024-12-18 22:17:23,883] {processor.py:641} INFO - Processing file /home/patriciacorreia/Documents/airflowalura/venv/lib/python3.9/site-packages/airflow/example_dags/example_external_task_marker_dag.py for tasks to queue
[2024-12-18 22:17:23,888] {logging_mixin.py:115} INFO - [2024-12-18 22:17:23,886] {dagbag.py:507} INFO - Filling up the DagBag from /home/patriciacorreia/Documents/airflowalura/venv/lib/python3.9/site-packages/airflow/example_dags/example_external_task_marker_dag.py
[2024-12-18 22:17:23,908] {processor.py:651} INFO - DAG(s) dict_keys(['example_external_task_marker_parent', 'example_external_task_marker_child']) retrieved from /home/patriciacorreia/Documents/airflowalura/venv/lib/python3.9/site-packages/airflow/example_dags/example_external_task_marker_dag.py
[2024-12-18 22:17:23,977] {logging_mixin.py:115} INFO - [2024-12-18 22:17:23,977] {dag.py:2379} INFO - Sync 2 DAGs
[2024-12-18 22:17:24,024] {logging_mixin.py:115} INFO - [2024-12-18 22:17:24,024] {dag.py:2927} INFO - Setting next_dagrun for example_external_task_marker_child to None, run_after=None
[2024-12-18 22:17:24,025] {logging_mixin.py:115} INFO - [2024-12-18 22:17:24,025] {dag.py:2927} INFO - Setting next_dagrun for example_external_task_marker_parent to None, run_after=None
[2024-12-18 22:17:24,052] {processor.py:161} INFO - Processing /home/patriciacorreia/Documents/airflowalura/venv/lib/python3.9/site-packages/airflow/example_dags/example_external_task_marker_dag.py took 0.188 seconds
[2024-12-18 22:18:09,608] {processor.py:153} INFO - Started process (PID=17482) to work on /home/patriciacorreia/Documents/airflowalura/venv/lib/python3.9/site-packages/airflow/example_dags/example_external_task_marker_dag.py
[2024-12-18 22:18:09,614] {processor.py:641} INFO - Processing file /home/patriciacorreia/Documents/airflowalura/venv/lib/python3.9/site-packages/airflow/example_dags/example_external_task_marker_dag.py for tasks to queue
[2024-12-18 22:18:09,618] {logging_mixin.py:115} INFO - [2024-12-18 22:18:09,618] {dagbag.py:507} INFO - Filling up the DagBag from /home/patriciacorreia/Documents/airflowalura/venv/lib/python3.9/site-packages/airflow/example_dags/example_external_task_marker_dag.py
[2024-12-18 22:18:09,643] {processor.py:651} INFO - DAG(s) dict_keys(['example_external_task_marker_parent', 'example_external_task_marker_child']) retrieved from /home/patriciacorreia/Documents/airflowalura/venv/lib/python3.9/site-packages/airflow/example_dags/example_external_task_marker_dag.py
[2024-12-18 22:18:09,779] {logging_mixin.py:115} INFO - [2024-12-18 22:18:09,778] {dag.py:2379} INFO - Sync 2 DAGs
[2024-12-18 22:18:09,858] {logging_mixin.py:115} INFO - [2024-12-18 22:18:09,858] {dag.py:2927} INFO - Setting next_dagrun for example_external_task_marker_child to None, run_after=None
[2024-12-18 22:18:09,859] {logging_mixin.py:115} INFO - [2024-12-18 22:18:09,859] {dag.py:2927} INFO - Setting next_dagrun for example_external_task_marker_parent to None, run_after=None
[2024-12-18 22:18:09,889] {processor.py:161} INFO - Processing /home/patriciacorreia/Documents/airflowalura/venv/lib/python3.9/site-packages/airflow/example_dags/example_external_task_marker_dag.py took 0.296 seconds
[2024-12-18 22:19:52,859] {processor.py:153} INFO - Started process (PID=17936) to work on /home/patriciacorreia/Documents/airflowalura/venv/lib/python3.9/site-packages/airflow/example_dags/example_external_task_marker_dag.py
[2024-12-18 22:19:52,864] {processor.py:641} INFO - Processing file /home/patriciacorreia/Documents/airflowalura/venv/lib/python3.9/site-packages/airflow/example_dags/example_external_task_marker_dag.py for tasks to queue
[2024-12-18 22:19:52,867] {logging_mixin.py:115} INFO - [2024-12-18 22:19:52,867] {dagbag.py:507} INFO - Filling up the DagBag from /home/patriciacorreia/Documents/airflowalura/venv/lib/python3.9/site-packages/airflow/example_dags/example_external_task_marker_dag.py
[2024-12-18 22:19:52,888] {processor.py:651} INFO - DAG(s) dict_keys(['example_external_task_marker_parent', 'example_external_task_marker_child']) retrieved from /home/patriciacorreia/Documents/airflowalura/venv/lib/python3.9/site-packages/airflow/example_dags/example_external_task_marker_dag.py
[2024-12-18 22:19:53,007] {logging_mixin.py:115} INFO - [2024-12-18 22:19:53,006] {dag.py:2379} INFO - Sync 2 DAGs
[2024-12-18 22:19:53,065] {logging_mixin.py:115} INFO - [2024-12-18 22:19:53,065] {dag.py:2927} INFO - Setting next_dagrun for example_external_task_marker_child to None, run_after=None
[2024-12-18 22:19:53,065] {logging_mixin.py:115} INFO - [2024-12-18 22:19:53,065] {dag.py:2927} INFO - Setting next_dagrun for example_external_task_marker_parent to None, run_after=None
[2024-12-18 22:19:53,084] {processor.py:161} INFO - Processing /home/patriciacorreia/Documents/airflowalura/venv/lib/python3.9/site-packages/airflow/example_dags/example_external_task_marker_dag.py took 0.237 seconds
[2024-12-18 22:20:33,995] {processor.py:153} INFO - Started process (PID=18141) to work on /home/patriciacorreia/Documents/airflowalura/venv/lib/python3.9/site-packages/airflow/example_dags/example_external_task_marker_dag.py
[2024-12-18 22:20:33,997] {processor.py:641} INFO - Processing file /home/patriciacorreia/Documents/airflowalura/venv/lib/python3.9/site-packages/airflow/example_dags/example_external_task_marker_dag.py for tasks to queue
[2024-12-18 22:20:33,999] {logging_mixin.py:115} INFO - [2024-12-18 22:20:33,998] {dagbag.py:507} INFO - Filling up the DagBag from /home/patriciacorreia/Documents/airflowalura/venv/lib/python3.9/site-packages/airflow/example_dags/example_external_task_marker_dag.py
[2024-12-18 22:20:34,008] {processor.py:651} INFO - DAG(s) dict_keys(['example_external_task_marker_parent', 'example_external_task_marker_child']) retrieved from /home/patriciacorreia/Documents/airflowalura/venv/lib/python3.9/site-packages/airflow/example_dags/example_external_task_marker_dag.py
[2024-12-18 22:20:34,054] {logging_mixin.py:115} INFO - [2024-12-18 22:20:34,054] {dag.py:2379} INFO - Sync 2 DAGs
[2024-12-18 22:20:34,088] {logging_mixin.py:115} INFO - [2024-12-18 22:20:34,087] {dag.py:2927} INFO - Setting next_dagrun for example_external_task_marker_child to None, run_after=None
[2024-12-18 22:20:34,088] {logging_mixin.py:115} INFO - [2024-12-18 22:20:34,088] {dag.py:2927} INFO - Setting next_dagrun for example_external_task_marker_parent to None, run_after=None
[2024-12-18 22:20:34,139] {processor.py:161} INFO - Processing /home/patriciacorreia/Documents/airflowalura/venv/lib/python3.9/site-packages/airflow/example_dags/example_external_task_marker_dag.py took 0.149 seconds
[2024-12-18 22:21:13,042] {processor.py:153} INFO - Started process (PID=18332) to work on /home/patriciacorreia/Documents/airflowalura/venv/lib/python3.9/site-packages/airflow/example_dags/example_external_task_marker_dag.py
[2024-12-18 22:21:13,047] {processor.py:641} INFO - Processing file /home/patriciacorreia/Documents/airflowalura/venv/lib/python3.9/site-packages/airflow/example_dags/example_external_task_marker_dag.py for tasks to queue
[2024-12-18 22:21:13,053] {logging_mixin.py:115} INFO - [2024-12-18 22:21:13,052] {dagbag.py:507} INFO - Filling up the DagBag from /home/patriciacorreia/Documents/airflowalura/venv/lib/python3.9/site-packages/airflow/example_dags/example_external_task_marker_dag.py
[2024-12-18 22:21:13,087] {processor.py:651} INFO - DAG(s) dict_keys(['example_external_task_marker_parent', 'example_external_task_marker_child']) retrieved from /home/patriciacorreia/Documents/airflowalura/venv/lib/python3.9/site-packages/airflow/example_dags/example_external_task_marker_dag.py
[2024-12-18 22:21:13,191] {logging_mixin.py:115} INFO - [2024-12-18 22:21:13,190] {dag.py:2379} INFO - Sync 2 DAGs
[2024-12-18 22:21:13,221] {logging_mixin.py:115} INFO - [2024-12-18 22:21:13,221] {dag.py:2927} INFO - Setting next_dagrun for example_external_task_marker_child to None, run_after=None
[2024-12-18 22:21:13,221] {logging_mixin.py:115} INFO - [2024-12-18 22:21:13,221] {dag.py:2927} INFO - Setting next_dagrun for example_external_task_marker_parent to None, run_after=None
[2024-12-18 22:21:13,240] {processor.py:161} INFO - Processing /home/patriciacorreia/Documents/airflowalura/venv/lib/python3.9/site-packages/airflow/example_dags/example_external_task_marker_dag.py took 0.221 seconds
[2024-12-18 22:21:59,517] {processor.py:153} INFO - Started process (PID=18548) to work on /home/patriciacorreia/Documents/airflowalura/venv/lib/python3.9/site-packages/airflow/example_dags/example_external_task_marker_dag.py
[2024-12-18 22:21:59,518] {processor.py:641} INFO - Processing file /home/patriciacorreia/Documents/airflowalura/venv/lib/python3.9/site-packages/airflow/example_dags/example_external_task_marker_dag.py for tasks to queue
[2024-12-18 22:21:59,519] {logging_mixin.py:115} INFO - [2024-12-18 22:21:59,519] {dagbag.py:507} INFO - Filling up the DagBag from /home/patriciacorreia/Documents/airflowalura/venv/lib/python3.9/site-packages/airflow/example_dags/example_external_task_marker_dag.py
[2024-12-18 22:21:59,526] {processor.py:651} INFO - DAG(s) dict_keys(['example_external_task_marker_parent', 'example_external_task_marker_child']) retrieved from /home/patriciacorreia/Documents/airflowalura/venv/lib/python3.9/site-packages/airflow/example_dags/example_external_task_marker_dag.py
[2024-12-18 22:21:59,568] {logging_mixin.py:115} INFO - [2024-12-18 22:21:59,567] {dag.py:2379} INFO - Sync 2 DAGs
[2024-12-18 22:21:59,600] {logging_mixin.py:115} INFO - [2024-12-18 22:21:59,599] {dag.py:2927} INFO - Setting next_dagrun for example_external_task_marker_child to None, run_after=None
[2024-12-18 22:21:59,600] {logging_mixin.py:115} INFO - [2024-12-18 22:21:59,600] {dag.py:2927} INFO - Setting next_dagrun for example_external_task_marker_parent to None, run_after=None
[2024-12-18 22:21:59,621] {processor.py:161} INFO - Processing /home/patriciacorreia/Documents/airflowalura/venv/lib/python3.9/site-packages/airflow/example_dags/example_external_task_marker_dag.py took 0.111 seconds
[2024-12-18 22:22:44,396] {processor.py:153} INFO - Started process (PID=18753) to work on /home/patriciacorreia/Documents/airflowalura/venv/lib/python3.9/site-packages/airflow/example_dags/example_external_task_marker_dag.py
[2024-12-18 22:22:44,403] {processor.py:641} INFO - Processing file /home/patriciacorreia/Documents/airflowalura/venv/lib/python3.9/site-packages/airflow/example_dags/example_external_task_marker_dag.py for tasks to queue
[2024-12-18 22:22:44,407] {logging_mixin.py:115} INFO - [2024-12-18 22:22:44,407] {dagbag.py:507} INFO - Filling up the DagBag from /home/patriciacorreia/Documents/airflowalura/venv/lib/python3.9/site-packages/airflow/example_dags/example_external_task_marker_dag.py
[2024-12-18 22:22:44,443] {processor.py:651} INFO - DAG(s) dict_keys(['example_external_task_marker_parent', 'example_external_task_marker_child']) retrieved from /home/patriciacorreia/Documents/airflowalura/venv/lib/python3.9/site-packages/airflow/example_dags/example_external_task_marker_dag.py
[2024-12-18 22:22:44,572] {logging_mixin.py:115} INFO - [2024-12-18 22:22:44,572] {dag.py:2379} INFO - Sync 2 DAGs
[2024-12-18 22:22:44,610] {logging_mixin.py:115} INFO - [2024-12-18 22:22:44,610] {dag.py:2927} INFO - Setting next_dagrun for example_external_task_marker_child to None, run_after=None
[2024-12-18 22:22:44,610] {logging_mixin.py:115} INFO - [2024-12-18 22:22:44,610] {dag.py:2927} INFO - Setting next_dagrun for example_external_task_marker_parent to None, run_after=None
[2024-12-18 22:22:44,633] {processor.py:161} INFO - Processing /home/patriciacorreia/Documents/airflowalura/venv/lib/python3.9/site-packages/airflow/example_dags/example_external_task_marker_dag.py took 0.254 seconds
[2024-12-18 22:23:26,625] {processor.py:153} INFO - Started process (PID=18953) to work on /home/patriciacorreia/Documents/airflowalura/venv/lib/python3.9/site-packages/airflow/example_dags/example_external_task_marker_dag.py
[2024-12-18 22:23:26,627] {processor.py:641} INFO - Processing file /home/patriciacorreia/Documents/airflowalura/venv/lib/python3.9/site-packages/airflow/example_dags/example_external_task_marker_dag.py for tasks to queue
[2024-12-18 22:23:26,629] {logging_mixin.py:115} INFO - [2024-12-18 22:23:26,629] {dagbag.py:507} INFO - Filling up the DagBag from /home/patriciacorreia/Documents/airflowalura/venv/lib/python3.9/site-packages/airflow/example_dags/example_external_task_marker_dag.py
[2024-12-18 22:23:26,645] {processor.py:651} INFO - DAG(s) dict_keys(['example_external_task_marker_parent', 'example_external_task_marker_child']) retrieved from /home/patriciacorreia/Documents/airflowalura/venv/lib/python3.9/site-packages/airflow/example_dags/example_external_task_marker_dag.py
[2024-12-18 22:23:26,714] {logging_mixin.py:115} INFO - [2024-12-18 22:23:26,714] {dag.py:2379} INFO - Sync 2 DAGs
[2024-12-18 22:23:26,768] {logging_mixin.py:115} INFO - [2024-12-18 22:23:26,768] {dag.py:2927} INFO - Setting next_dagrun for example_external_task_marker_child to None, run_after=None
[2024-12-18 22:23:26,769] {logging_mixin.py:115} INFO - [2024-12-18 22:23:26,769] {dag.py:2927} INFO - Setting next_dagrun for example_external_task_marker_parent to None, run_after=None
[2024-12-18 22:23:26,794] {processor.py:161} INFO - Processing /home/patriciacorreia/Documents/airflowalura/venv/lib/python3.9/site-packages/airflow/example_dags/example_external_task_marker_dag.py took 0.177 seconds
[2024-12-18 22:24:12,706] {processor.py:153} INFO - Started process (PID=19171) to work on /home/patriciacorreia/Documents/airflowalura/venv/lib/python3.9/site-packages/airflow/example_dags/example_external_task_marker_dag.py
[2024-12-18 22:24:12,712] {processor.py:641} INFO - Processing file /home/patriciacorreia/Documents/airflowalura/venv/lib/python3.9/site-packages/airflow/example_dags/example_external_task_marker_dag.py for tasks to queue
[2024-12-18 22:24:12,715] {logging_mixin.py:115} INFO - [2024-12-18 22:24:12,714] {dagbag.py:507} INFO - Filling up the DagBag from /home/patriciacorreia/Documents/airflowalura/venv/lib/python3.9/site-packages/airflow/example_dags/example_external_task_marker_dag.py
[2024-12-18 22:24:12,747] {processor.py:651} INFO - DAG(s) dict_keys(['example_external_task_marker_parent', 'example_external_task_marker_child']) retrieved from /home/patriciacorreia/Documents/airflowalura/venv/lib/python3.9/site-packages/airflow/example_dags/example_external_task_marker_dag.py
[2024-12-18 22:24:12,903] {logging_mixin.py:115} INFO - [2024-12-18 22:24:12,903] {dag.py:2379} INFO - Sync 2 DAGs
[2024-12-18 22:24:13,013] {logging_mixin.py:115} INFO - [2024-12-18 22:24:13,013] {dag.py:2927} INFO - Setting next_dagrun for example_external_task_marker_child to None, run_after=None
[2024-12-18 22:24:13,014] {logging_mixin.py:115} INFO - [2024-12-18 22:24:13,014] {dag.py:2927} INFO - Setting next_dagrun for example_external_task_marker_parent to None, run_after=None
[2024-12-18 22:24:13,094] {processor.py:161} INFO - Processing /home/patriciacorreia/Documents/airflowalura/venv/lib/python3.9/site-packages/airflow/example_dags/example_external_task_marker_dag.py took 0.409 seconds
[2024-12-18 22:25:01,534] {processor.py:153} INFO - Started process (PID=19414) to work on /home/patriciacorreia/Documents/airflowalura/venv/lib/python3.9/site-packages/airflow/example_dags/example_external_task_marker_dag.py
[2024-12-18 22:25:01,537] {processor.py:641} INFO - Processing file /home/patriciacorreia/Documents/airflowalura/venv/lib/python3.9/site-packages/airflow/example_dags/example_external_task_marker_dag.py for tasks to queue
[2024-12-18 22:25:01,539] {logging_mixin.py:115} INFO - [2024-12-18 22:25:01,539] {dagbag.py:507} INFO - Filling up the DagBag from /home/patriciacorreia/Documents/airflowalura/venv/lib/python3.9/site-packages/airflow/example_dags/example_external_task_marker_dag.py
[2024-12-18 22:25:01,552] {processor.py:651} INFO - DAG(s) dict_keys(['example_external_task_marker_parent', 'example_external_task_marker_child']) retrieved from /home/patriciacorreia/Documents/airflowalura/venv/lib/python3.9/site-packages/airflow/example_dags/example_external_task_marker_dag.py
[2024-12-18 22:25:01,617] {logging_mixin.py:115} INFO - [2024-12-18 22:25:01,616] {dag.py:2379} INFO - Sync 2 DAGs
[2024-12-18 22:25:01,667] {logging_mixin.py:115} INFO - [2024-12-18 22:25:01,667] {dag.py:2927} INFO - Setting next_dagrun for example_external_task_marker_child to None, run_after=None
[2024-12-18 22:25:01,667] {logging_mixin.py:115} INFO - [2024-12-18 22:25:01,667] {dag.py:2927} INFO - Setting next_dagrun for example_external_task_marker_parent to None, run_after=None
[2024-12-18 22:25:01,700] {processor.py:161} INFO - Processing /home/patriciacorreia/Documents/airflowalura/venv/lib/python3.9/site-packages/airflow/example_dags/example_external_task_marker_dag.py took 0.176 seconds
[2024-12-18 22:25:51,470] {processor.py:153} INFO - Started process (PID=19649) to work on /home/patriciacorreia/Documents/airflowalura/venv/lib/python3.9/site-packages/airflow/example_dags/example_external_task_marker_dag.py
[2024-12-18 22:25:51,474] {processor.py:641} INFO - Processing file /home/patriciacorreia/Documents/airflowalura/venv/lib/python3.9/site-packages/airflow/example_dags/example_external_task_marker_dag.py for tasks to queue
[2024-12-18 22:25:51,477] {logging_mixin.py:115} INFO - [2024-12-18 22:25:51,477] {dagbag.py:507} INFO - Filling up the DagBag from /home/patriciacorreia/Documents/airflowalura/venv/lib/python3.9/site-packages/airflow/example_dags/example_external_task_marker_dag.py
[2024-12-18 22:25:51,511] {processor.py:651} INFO - DAG(s) dict_keys(['example_external_task_marker_parent', 'example_external_task_marker_child']) retrieved from /home/patriciacorreia/Documents/airflowalura/venv/lib/python3.9/site-packages/airflow/example_dags/example_external_task_marker_dag.py
[2024-12-18 22:25:51,688] {logging_mixin.py:115} INFO - [2024-12-18 22:25:51,686] {dag.py:2379} INFO - Sync 2 DAGs
[2024-12-18 22:25:51,734] {logging_mixin.py:115} INFO - [2024-12-18 22:25:51,733] {dag.py:2927} INFO - Setting next_dagrun for example_external_task_marker_child to None, run_after=None
[2024-12-18 22:25:51,734] {logging_mixin.py:115} INFO - [2024-12-18 22:25:51,734] {dag.py:2927} INFO - Setting next_dagrun for example_external_task_marker_parent to None, run_after=None
[2024-12-18 22:25:51,752] {processor.py:161} INFO - Processing /home/patriciacorreia/Documents/airflowalura/venv/lib/python3.9/site-packages/airflow/example_dags/example_external_task_marker_dag.py took 0.299 seconds
[2024-12-18 22:26:32,323] {processor.py:153} INFO - Started process (PID=19830) to work on /home/patriciacorreia/Documents/airflowalura/venv/lib/python3.9/site-packages/airflow/example_dags/example_external_task_marker_dag.py
[2024-12-18 22:26:32,328] {processor.py:641} INFO - Processing file /home/patriciacorreia/Documents/airflowalura/venv/lib/python3.9/site-packages/airflow/example_dags/example_external_task_marker_dag.py for tasks to queue
[2024-12-18 22:26:32,331] {logging_mixin.py:115} INFO - [2024-12-18 22:26:32,331] {dagbag.py:507} INFO - Filling up the DagBag from /home/patriciacorreia/Documents/airflowalura/venv/lib/python3.9/site-packages/airflow/example_dags/example_external_task_marker_dag.py
[2024-12-18 22:26:32,362] {processor.py:651} INFO - DAG(s) dict_keys(['example_external_task_marker_parent', 'example_external_task_marker_child']) retrieved from /home/patriciacorreia/Documents/airflowalura/venv/lib/python3.9/site-packages/airflow/example_dags/example_external_task_marker_dag.py
[2024-12-18 22:26:32,454] {logging_mixin.py:115} INFO - [2024-12-18 22:26:32,454] {dag.py:2379} INFO - Sync 2 DAGs
[2024-12-18 22:26:32,489] {logging_mixin.py:115} INFO - [2024-12-18 22:26:32,488] {dag.py:2927} INFO - Setting next_dagrun for example_external_task_marker_child to None, run_after=None
[2024-12-18 22:26:32,489] {logging_mixin.py:115} INFO - [2024-12-18 22:26:32,489] {dag.py:2927} INFO - Setting next_dagrun for example_external_task_marker_parent to None, run_after=None
[2024-12-18 22:26:32,509] {processor.py:161} INFO - Processing /home/patriciacorreia/Documents/airflowalura/venv/lib/python3.9/site-packages/airflow/example_dags/example_external_task_marker_dag.py took 0.211 seconds
[2024-12-18 22:27:15,162] {processor.py:153} INFO - Started process (PID=20024) to work on /home/patriciacorreia/Documents/airflowalura/venv/lib/python3.9/site-packages/airflow/example_dags/example_external_task_marker_dag.py
[2024-12-18 22:27:15,165] {processor.py:641} INFO - Processing file /home/patriciacorreia/Documents/airflowalura/venv/lib/python3.9/site-packages/airflow/example_dags/example_external_task_marker_dag.py for tasks to queue
[2024-12-18 22:27:15,167] {logging_mixin.py:115} INFO - [2024-12-18 22:27:15,167] {dagbag.py:507} INFO - Filling up the DagBag from /home/patriciacorreia/Documents/airflowalura/venv/lib/python3.9/site-packages/airflow/example_dags/example_external_task_marker_dag.py
[2024-12-18 22:27:15,181] {processor.py:651} INFO - DAG(s) dict_keys(['example_external_task_marker_parent', 'example_external_task_marker_child']) retrieved from /home/patriciacorreia/Documents/airflowalura/venv/lib/python3.9/site-packages/airflow/example_dags/example_external_task_marker_dag.py
[2024-12-18 22:27:15,268] {logging_mixin.py:115} INFO - [2024-12-18 22:27:15,268] {dag.py:2379} INFO - Sync 2 DAGs
[2024-12-18 22:27:15,326] {logging_mixin.py:115} INFO - [2024-12-18 22:27:15,326] {dag.py:2927} INFO - Setting next_dagrun for example_external_task_marker_child to None, run_after=None
[2024-12-18 22:27:15,327] {logging_mixin.py:115} INFO - [2024-12-18 22:27:15,327] {dag.py:2927} INFO - Setting next_dagrun for example_external_task_marker_parent to None, run_after=None
[2024-12-18 22:27:15,362] {processor.py:161} INFO - Processing /home/patriciacorreia/Documents/airflowalura/venv/lib/python3.9/site-packages/airflow/example_dags/example_external_task_marker_dag.py took 0.212 seconds
[2024-12-18 22:27:57,510] {processor.py:153} INFO - Started process (PID=20229) to work on /home/patriciacorreia/Documents/airflowalura/venv/lib/python3.9/site-packages/airflow/example_dags/example_external_task_marker_dag.py
[2024-12-18 22:27:57,512] {processor.py:641} INFO - Processing file /home/patriciacorreia/Documents/airflowalura/venv/lib/python3.9/site-packages/airflow/example_dags/example_external_task_marker_dag.py for tasks to queue
[2024-12-18 22:27:57,514] {logging_mixin.py:115} INFO - [2024-12-18 22:27:57,513] {dagbag.py:507} INFO - Filling up the DagBag from /home/patriciacorreia/Documents/airflowalura/venv/lib/python3.9/site-packages/airflow/example_dags/example_external_task_marker_dag.py
[2024-12-18 22:27:57,523] {processor.py:651} INFO - DAG(s) dict_keys(['example_external_task_marker_parent', 'example_external_task_marker_child']) retrieved from /home/patriciacorreia/Documents/airflowalura/venv/lib/python3.9/site-packages/airflow/example_dags/example_external_task_marker_dag.py
[2024-12-18 22:27:57,573] {logging_mixin.py:115} INFO - [2024-12-18 22:27:57,573] {dag.py:2379} INFO - Sync 2 DAGs
[2024-12-18 22:27:57,604] {logging_mixin.py:115} INFO - [2024-12-18 22:27:57,604] {dag.py:2927} INFO - Setting next_dagrun for example_external_task_marker_child to None, run_after=None
[2024-12-18 22:27:57,605] {logging_mixin.py:115} INFO - [2024-12-18 22:27:57,605] {dag.py:2927} INFO - Setting next_dagrun for example_external_task_marker_parent to None, run_after=None
[2024-12-18 22:27:57,625] {processor.py:161} INFO - Processing /home/patriciacorreia/Documents/airflowalura/venv/lib/python3.9/site-packages/airflow/example_dags/example_external_task_marker_dag.py took 0.122 seconds
[2024-12-18 22:28:39,052] {processor.py:153} INFO - Started process (PID=20432) to work on /home/patriciacorreia/Documents/airflowalura/venv/lib/python3.9/site-packages/airflow/example_dags/example_external_task_marker_dag.py
[2024-12-18 22:28:39,058] {processor.py:641} INFO - Processing file /home/patriciacorreia/Documents/airflowalura/venv/lib/python3.9/site-packages/airflow/example_dags/example_external_task_marker_dag.py for tasks to queue
[2024-12-18 22:28:39,062] {logging_mixin.py:115} INFO - [2024-12-18 22:28:39,062] {dagbag.py:507} INFO - Filling up the DagBag from /home/patriciacorreia/Documents/airflowalura/venv/lib/python3.9/site-packages/airflow/example_dags/example_external_task_marker_dag.py
[2024-12-18 22:28:39,098] {processor.py:651} INFO - DAG(s) dict_keys(['example_external_task_marker_parent', 'example_external_task_marker_child']) retrieved from /home/patriciacorreia/Documents/airflowalura/venv/lib/python3.9/site-packages/airflow/example_dags/example_external_task_marker_dag.py
[2024-12-18 22:28:39,160] {logging_mixin.py:115} INFO - [2024-12-18 22:28:39,160] {dag.py:2379} INFO - Sync 2 DAGs
[2024-12-18 22:28:39,193] {logging_mixin.py:115} INFO - [2024-12-18 22:28:39,193] {dag.py:2927} INFO - Setting next_dagrun for example_external_task_marker_child to None, run_after=None
[2024-12-18 22:28:39,194] {logging_mixin.py:115} INFO - [2024-12-18 22:28:39,194] {dag.py:2927} INFO - Setting next_dagrun for example_external_task_marker_parent to None, run_after=None
[2024-12-18 22:28:39,212] {processor.py:161} INFO - Processing /home/patriciacorreia/Documents/airflowalura/venv/lib/python3.9/site-packages/airflow/example_dags/example_external_task_marker_dag.py took 0.180 seconds
[2024-12-18 22:29:22,160] {processor.py:153} INFO - Started process (PID=20649) to work on /home/patriciacorreia/Documents/airflowalura/venv/lib/python3.9/site-packages/airflow/example_dags/example_external_task_marker_dag.py
[2024-12-18 22:29:22,164] {processor.py:641} INFO - Processing file /home/patriciacorreia/Documents/airflowalura/venv/lib/python3.9/site-packages/airflow/example_dags/example_external_task_marker_dag.py for tasks to queue
[2024-12-18 22:29:22,167] {logging_mixin.py:115} INFO - [2024-12-18 22:29:22,167] {dagbag.py:507} INFO - Filling up the DagBag from /home/patriciacorreia/Documents/airflowalura/venv/lib/python3.9/site-packages/airflow/example_dags/example_external_task_marker_dag.py
[2024-12-18 22:29:22,185] {processor.py:651} INFO - DAG(s) dict_keys(['example_external_task_marker_parent', 'example_external_task_marker_child']) retrieved from /home/patriciacorreia/Documents/airflowalura/venv/lib/python3.9/site-packages/airflow/example_dags/example_external_task_marker_dag.py
[2024-12-18 22:29:22,329] {logging_mixin.py:115} INFO - [2024-12-18 22:29:22,328] {dag.py:2379} INFO - Sync 2 DAGs
[2024-12-18 22:29:22,423] {logging_mixin.py:115} INFO - [2024-12-18 22:29:22,423] {dag.py:2927} INFO - Setting next_dagrun for example_external_task_marker_child to None, run_after=None
[2024-12-18 22:29:22,424] {logging_mixin.py:115} INFO - [2024-12-18 22:29:22,424] {dag.py:2927} INFO - Setting next_dagrun for example_external_task_marker_parent to None, run_after=None
[2024-12-18 22:29:22,474] {processor.py:161} INFO - Processing /home/patriciacorreia/Documents/airflowalura/venv/lib/python3.9/site-packages/airflow/example_dags/example_external_task_marker_dag.py took 0.329 seconds
[2024-12-18 22:30:03,111] {processor.py:153} INFO - Started process (PID=20868) to work on /home/patriciacorreia/Documents/airflowalura/venv/lib/python3.9/site-packages/airflow/example_dags/example_external_task_marker_dag.py
[2024-12-18 22:30:03,113] {processor.py:641} INFO - Processing file /home/patriciacorreia/Documents/airflowalura/venv/lib/python3.9/site-packages/airflow/example_dags/example_external_task_marker_dag.py for tasks to queue
[2024-12-18 22:30:03,114] {logging_mixin.py:115} INFO - [2024-12-18 22:30:03,114] {dagbag.py:507} INFO - Filling up the DagBag from /home/patriciacorreia/Documents/airflowalura/venv/lib/python3.9/site-packages/airflow/example_dags/example_external_task_marker_dag.py
[2024-12-18 22:30:03,125] {processor.py:651} INFO - DAG(s) dict_keys(['example_external_task_marker_parent', 'example_external_task_marker_child']) retrieved from /home/patriciacorreia/Documents/airflowalura/venv/lib/python3.9/site-packages/airflow/example_dags/example_external_task_marker_dag.py
[2024-12-18 22:30:03,192] {logging_mixin.py:115} INFO - [2024-12-18 22:30:03,192] {dag.py:2379} INFO - Sync 2 DAGs
[2024-12-18 22:30:03,233] {logging_mixin.py:115} INFO - [2024-12-18 22:30:03,233] {dag.py:2927} INFO - Setting next_dagrun for example_external_task_marker_child to None, run_after=None
[2024-12-18 22:30:03,233] {logging_mixin.py:115} INFO - [2024-12-18 22:30:03,233] {dag.py:2927} INFO - Setting next_dagrun for example_external_task_marker_parent to None, run_after=None
[2024-12-18 22:30:03,257] {processor.py:161} INFO - Processing /home/patriciacorreia/Documents/airflowalura/venv/lib/python3.9/site-packages/airflow/example_dags/example_external_task_marker_dag.py took 0.154 seconds
[2024-12-18 22:30:46,137] {processor.py:153} INFO - Started process (PID=21091) to work on /home/patriciacorreia/Documents/airflowalura/venv/lib/python3.9/site-packages/airflow/example_dags/example_external_task_marker_dag.py
[2024-12-18 22:30:46,139] {processor.py:641} INFO - Processing file /home/patriciacorreia/Documents/airflowalura/venv/lib/python3.9/site-packages/airflow/example_dags/example_external_task_marker_dag.py for tasks to queue
[2024-12-18 22:30:46,140] {logging_mixin.py:115} INFO - [2024-12-18 22:30:46,140] {dagbag.py:507} INFO - Filling up the DagBag from /home/patriciacorreia/Documents/airflowalura/venv/lib/python3.9/site-packages/airflow/example_dags/example_external_task_marker_dag.py
[2024-12-18 22:30:46,150] {processor.py:651} INFO - DAG(s) dict_keys(['example_external_task_marker_parent', 'example_external_task_marker_child']) retrieved from /home/patriciacorreia/Documents/airflowalura/venv/lib/python3.9/site-packages/airflow/example_dags/example_external_task_marker_dag.py
[2024-12-18 22:30:46,203] {logging_mixin.py:115} INFO - [2024-12-18 22:30:46,203] {dag.py:2379} INFO - Sync 2 DAGs
[2024-12-18 22:30:46,244] {logging_mixin.py:115} INFO - [2024-12-18 22:30:46,244] {dag.py:2927} INFO - Setting next_dagrun for example_external_task_marker_child to None, run_after=None
[2024-12-18 22:30:46,245] {logging_mixin.py:115} INFO - [2024-12-18 22:30:46,245] {dag.py:2927} INFO - Setting next_dagrun for example_external_task_marker_parent to None, run_after=None
[2024-12-18 22:30:46,270] {processor.py:161} INFO - Processing /home/patriciacorreia/Documents/airflowalura/venv/lib/python3.9/site-packages/airflow/example_dags/example_external_task_marker_dag.py took 0.140 seconds
[2024-12-18 22:31:28,134] {processor.py:153} INFO - Started process (PID=21310) to work on /home/patriciacorreia/Documents/airflowalura/venv/lib/python3.9/site-packages/airflow/example_dags/example_external_task_marker_dag.py
[2024-12-18 22:31:28,135] {processor.py:641} INFO - Processing file /home/patriciacorreia/Documents/airflowalura/venv/lib/python3.9/site-packages/airflow/example_dags/example_external_task_marker_dag.py for tasks to queue
[2024-12-18 22:31:28,136] {logging_mixin.py:115} INFO - [2024-12-18 22:31:28,136] {dagbag.py:507} INFO - Filling up the DagBag from /home/patriciacorreia/Documents/airflowalura/venv/lib/python3.9/site-packages/airflow/example_dags/example_external_task_marker_dag.py
[2024-12-18 22:31:28,143] {processor.py:651} INFO - DAG(s) dict_keys(['example_external_task_marker_parent', 'example_external_task_marker_child']) retrieved from /home/patriciacorreia/Documents/airflowalura/venv/lib/python3.9/site-packages/airflow/example_dags/example_external_task_marker_dag.py
[2024-12-18 22:31:28,183] {logging_mixin.py:115} INFO - [2024-12-18 22:31:28,183] {dag.py:2379} INFO - Sync 2 DAGs
[2024-12-18 22:31:28,209] {logging_mixin.py:115} INFO - [2024-12-18 22:31:28,209] {dag.py:2927} INFO - Setting next_dagrun for example_external_task_marker_child to None, run_after=None
[2024-12-18 22:31:28,210] {logging_mixin.py:115} INFO - [2024-12-18 22:31:28,210] {dag.py:2927} INFO - Setting next_dagrun for example_external_task_marker_parent to None, run_after=None
[2024-12-18 22:31:28,227] {processor.py:161} INFO - Processing /home/patriciacorreia/Documents/airflowalura/venv/lib/python3.9/site-packages/airflow/example_dags/example_external_task_marker_dag.py took 0.099 seconds
[2024-12-18 22:32:06,429] {processor.py:153} INFO - Started process (PID=21505) to work on /home/patriciacorreia/Documents/airflowalura/venv/lib/python3.9/site-packages/airflow/example_dags/example_external_task_marker_dag.py
[2024-12-18 22:32:06,433] {processor.py:641} INFO - Processing file /home/patriciacorreia/Documents/airflowalura/venv/lib/python3.9/site-packages/airflow/example_dags/example_external_task_marker_dag.py for tasks to queue
[2024-12-18 22:32:06,434] {logging_mixin.py:115} INFO - [2024-12-18 22:32:06,434] {dagbag.py:507} INFO - Filling up the DagBag from /home/patriciacorreia/Documents/airflowalura/venv/lib/python3.9/site-packages/airflow/example_dags/example_external_task_marker_dag.py
[2024-12-18 22:32:06,454] {processor.py:651} INFO - DAG(s) dict_keys(['example_external_task_marker_parent', 'example_external_task_marker_child']) retrieved from /home/patriciacorreia/Documents/airflowalura/venv/lib/python3.9/site-packages/airflow/example_dags/example_external_task_marker_dag.py
[2024-12-18 22:32:06,564] {logging_mixin.py:115} INFO - [2024-12-18 22:32:06,564] {dag.py:2379} INFO - Sync 2 DAGs
[2024-12-18 22:32:06,649] {logging_mixin.py:115} INFO - [2024-12-18 22:32:06,649] {dag.py:2927} INFO - Setting next_dagrun for example_external_task_marker_child to None, run_after=None
[2024-12-18 22:32:06,650] {logging_mixin.py:115} INFO - [2024-12-18 22:32:06,650] {dag.py:2927} INFO - Setting next_dagrun for example_external_task_marker_parent to None, run_after=None
[2024-12-18 22:32:06,701] {processor.py:161} INFO - Processing /home/patriciacorreia/Documents/airflowalura/venv/lib/python3.9/site-packages/airflow/example_dags/example_external_task_marker_dag.py took 0.284 seconds
[2024-12-18 22:32:44,506] {processor.py:153} INFO - Started process (PID=21690) to work on /home/patriciacorreia/Documents/airflowalura/venv/lib/python3.9/site-packages/airflow/example_dags/example_external_task_marker_dag.py
[2024-12-18 22:32:44,507] {processor.py:641} INFO - Processing file /home/patriciacorreia/Documents/airflowalura/venv/lib/python3.9/site-packages/airflow/example_dags/example_external_task_marker_dag.py for tasks to queue
[2024-12-18 22:32:44,508] {logging_mixin.py:115} INFO - [2024-12-18 22:32:44,508] {dagbag.py:507} INFO - Filling up the DagBag from /home/patriciacorreia/Documents/airflowalura/venv/lib/python3.9/site-packages/airflow/example_dags/example_external_task_marker_dag.py
[2024-12-18 22:32:44,516] {processor.py:651} INFO - DAG(s) dict_keys(['example_external_task_marker_parent', 'example_external_task_marker_child']) retrieved from /home/patriciacorreia/Documents/airflowalura/venv/lib/python3.9/site-packages/airflow/example_dags/example_external_task_marker_dag.py
[2024-12-18 22:32:44,549] {logging_mixin.py:115} INFO - [2024-12-18 22:32:44,549] {dag.py:2379} INFO - Sync 2 DAGs
[2024-12-18 22:32:44,574] {logging_mixin.py:115} INFO - [2024-12-18 22:32:44,574] {dag.py:2927} INFO - Setting next_dagrun for example_external_task_marker_child to None, run_after=None
[2024-12-18 22:32:44,575] {logging_mixin.py:115} INFO - [2024-12-18 22:32:44,575] {dag.py:2927} INFO - Setting next_dagrun for example_external_task_marker_parent to None, run_after=None
[2024-12-18 22:32:44,589] {processor.py:161} INFO - Processing /home/patriciacorreia/Documents/airflowalura/venv/lib/python3.9/site-packages/airflow/example_dags/example_external_task_marker_dag.py took 0.089 seconds
[2024-12-18 22:33:33,575] {processor.py:153} INFO - Started process (PID=21913) to work on /home/patriciacorreia/Documents/airflowalura/venv/lib/python3.9/site-packages/airflow/example_dags/example_external_task_marker_dag.py
[2024-12-18 22:33:33,579] {processor.py:641} INFO - Processing file /home/patriciacorreia/Documents/airflowalura/venv/lib/python3.9/site-packages/airflow/example_dags/example_external_task_marker_dag.py for tasks to queue
[2024-12-18 22:33:33,583] {logging_mixin.py:115} INFO - [2024-12-18 22:33:33,583] {dagbag.py:507} INFO - Filling up the DagBag from /home/patriciacorreia/Documents/airflowalura/venv/lib/python3.9/site-packages/airflow/example_dags/example_external_task_marker_dag.py
[2024-12-18 22:33:33,605] {processor.py:651} INFO - DAG(s) dict_keys(['example_external_task_marker_parent', 'example_external_task_marker_child']) retrieved from /home/patriciacorreia/Documents/airflowalura/venv/lib/python3.9/site-packages/airflow/example_dags/example_external_task_marker_dag.py
[2024-12-18 22:33:33,736] {logging_mixin.py:115} INFO - [2024-12-18 22:33:33,735] {dag.py:2379} INFO - Sync 2 DAGs
[2024-12-18 22:33:33,842] {logging_mixin.py:115} INFO - [2024-12-18 22:33:33,842] {dag.py:2927} INFO - Setting next_dagrun for example_external_task_marker_child to None, run_after=None
[2024-12-18 22:33:33,843] {logging_mixin.py:115} INFO - [2024-12-18 22:33:33,843] {dag.py:2927} INFO - Setting next_dagrun for example_external_task_marker_parent to None, run_after=None
[2024-12-18 22:33:33,904] {processor.py:161} INFO - Processing /home/patriciacorreia/Documents/airflowalura/venv/lib/python3.9/site-packages/airflow/example_dags/example_external_task_marker_dag.py took 0.343 seconds
[2024-12-18 22:34:22,347] {processor.py:153} INFO - Started process (PID=22124) to work on /home/patriciacorreia/Documents/airflowalura/venv/lib/python3.9/site-packages/airflow/example_dags/example_external_task_marker_dag.py
[2024-12-18 22:34:22,351] {processor.py:641} INFO - Processing file /home/patriciacorreia/Documents/airflowalura/venv/lib/python3.9/site-packages/airflow/example_dags/example_external_task_marker_dag.py for tasks to queue
[2024-12-18 22:34:22,356] {logging_mixin.py:115} INFO - [2024-12-18 22:34:22,355] {dagbag.py:507} INFO - Filling up the DagBag from /home/patriciacorreia/Documents/airflowalura/venv/lib/python3.9/site-packages/airflow/example_dags/example_external_task_marker_dag.py
[2024-12-18 22:34:22,378] {processor.py:651} INFO - DAG(s) dict_keys(['example_external_task_marker_parent', 'example_external_task_marker_child']) retrieved from /home/patriciacorreia/Documents/airflowalura/venv/lib/python3.9/site-packages/airflow/example_dags/example_external_task_marker_dag.py
[2024-12-18 22:34:22,467] {logging_mixin.py:115} INFO - [2024-12-18 22:34:22,467] {dag.py:2379} INFO - Sync 2 DAGs
[2024-12-18 22:34:22,496] {logging_mixin.py:115} INFO - [2024-12-18 22:34:22,496] {dag.py:2927} INFO - Setting next_dagrun for example_external_task_marker_child to None, run_after=None
[2024-12-18 22:34:22,497] {logging_mixin.py:115} INFO - [2024-12-18 22:34:22,497] {dag.py:2927} INFO - Setting next_dagrun for example_external_task_marker_parent to None, run_after=None
[2024-12-18 22:34:22,519] {processor.py:161} INFO - Processing /home/patriciacorreia/Documents/airflowalura/venv/lib/python3.9/site-packages/airflow/example_dags/example_external_task_marker_dag.py took 0.189 seconds
[2024-12-18 22:35:11,882] {processor.py:153} INFO - Started process (PID=22353) to work on /home/patriciacorreia/Documents/airflowalura/venv/lib/python3.9/site-packages/airflow/example_dags/example_external_task_marker_dag.py
[2024-12-18 22:35:11,883] {processor.py:641} INFO - Processing file /home/patriciacorreia/Documents/airflowalura/venv/lib/python3.9/site-packages/airflow/example_dags/example_external_task_marker_dag.py for tasks to queue
[2024-12-18 22:35:11,884] {logging_mixin.py:115} INFO - [2024-12-18 22:35:11,884] {dagbag.py:507} INFO - Filling up the DagBag from /home/patriciacorreia/Documents/airflowalura/venv/lib/python3.9/site-packages/airflow/example_dags/example_external_task_marker_dag.py
[2024-12-18 22:35:11,892] {processor.py:651} INFO - DAG(s) dict_keys(['example_external_task_marker_parent', 'example_external_task_marker_child']) retrieved from /home/patriciacorreia/Documents/airflowalura/venv/lib/python3.9/site-packages/airflow/example_dags/example_external_task_marker_dag.py
[2024-12-18 22:35:11,942] {logging_mixin.py:115} INFO - [2024-12-18 22:35:11,942] {dag.py:2379} INFO - Sync 2 DAGs
[2024-12-18 22:35:11,972] {logging_mixin.py:115} INFO - [2024-12-18 22:35:11,972] {dag.py:2927} INFO - Setting next_dagrun for example_external_task_marker_child to None, run_after=None
[2024-12-18 22:35:11,973] {logging_mixin.py:115} INFO - [2024-12-18 22:35:11,973] {dag.py:2927} INFO - Setting next_dagrun for example_external_task_marker_parent to None, run_after=None
[2024-12-18 22:35:11,994] {processor.py:161} INFO - Processing /home/patriciacorreia/Documents/airflowalura/venv/lib/python3.9/site-packages/airflow/example_dags/example_external_task_marker_dag.py took 0.118 seconds
[2024-12-18 22:35:52,881] {processor.py:153} INFO - Started process (PID=22538) to work on /home/patriciacorreia/Documents/airflowalura/venv/lib/python3.9/site-packages/airflow/example_dags/example_external_task_marker_dag.py
[2024-12-18 22:35:52,884] {processor.py:641} INFO - Processing file /home/patriciacorreia/Documents/airflowalura/venv/lib/python3.9/site-packages/airflow/example_dags/example_external_task_marker_dag.py for tasks to queue
[2024-12-18 22:35:52,888] {logging_mixin.py:115} INFO - [2024-12-18 22:35:52,887] {dagbag.py:507} INFO - Filling up the DagBag from /home/patriciacorreia/Documents/airflowalura/venv/lib/python3.9/site-packages/airflow/example_dags/example_external_task_marker_dag.py
[2024-12-18 22:35:52,906] {processor.py:651} INFO - DAG(s) dict_keys(['example_external_task_marker_parent', 'example_external_task_marker_child']) retrieved from /home/patriciacorreia/Documents/airflowalura/venv/lib/python3.9/site-packages/airflow/example_dags/example_external_task_marker_dag.py
[2024-12-18 22:35:53,015] {logging_mixin.py:115} INFO - [2024-12-18 22:35:53,015] {dag.py:2379} INFO - Sync 2 DAGs
[2024-12-18 22:35:53,105] {logging_mixin.py:115} INFO - [2024-12-18 22:35:53,102] {dag.py:2927} INFO - Setting next_dagrun for example_external_task_marker_child to None, run_after=None
[2024-12-18 22:35:53,108] {logging_mixin.py:115} INFO - [2024-12-18 22:35:53,107] {dag.py:2927} INFO - Setting next_dagrun for example_external_task_marker_parent to None, run_after=None
[2024-12-18 22:35:53,164] {processor.py:161} INFO - Processing /home/patriciacorreia/Documents/airflowalura/venv/lib/python3.9/site-packages/airflow/example_dags/example_external_task_marker_dag.py took 0.299 seconds
[2024-12-18 22:36:41,290] {processor.py:153} INFO - Started process (PID=22755) to work on /home/patriciacorreia/Documents/airflowalura/venv/lib/python3.9/site-packages/airflow/example_dags/example_external_task_marker_dag.py
[2024-12-18 22:36:41,294] {processor.py:641} INFO - Processing file /home/patriciacorreia/Documents/airflowalura/venv/lib/python3.9/site-packages/airflow/example_dags/example_external_task_marker_dag.py for tasks to queue
[2024-12-18 22:36:41,296] {logging_mixin.py:115} INFO - [2024-12-18 22:36:41,295] {dagbag.py:507} INFO - Filling up the DagBag from /home/patriciacorreia/Documents/airflowalura/venv/lib/python3.9/site-packages/airflow/example_dags/example_external_task_marker_dag.py
[2024-12-18 22:36:41,322] {processor.py:651} INFO - DAG(s) dict_keys(['example_external_task_marker_parent', 'example_external_task_marker_child']) retrieved from /home/patriciacorreia/Documents/airflowalura/venv/lib/python3.9/site-packages/airflow/example_dags/example_external_task_marker_dag.py
[2024-12-18 22:36:41,447] {logging_mixin.py:115} INFO - [2024-12-18 22:36:41,446] {dag.py:2379} INFO - Sync 2 DAGs
[2024-12-18 22:36:41,525] {logging_mixin.py:115} INFO - [2024-12-18 22:36:41,525] {dag.py:2927} INFO - Setting next_dagrun for example_external_task_marker_child to None, run_after=None
[2024-12-18 22:36:41,525] {logging_mixin.py:115} INFO - [2024-12-18 22:36:41,525] {dag.py:2927} INFO - Setting next_dagrun for example_external_task_marker_parent to None, run_after=None
[2024-12-18 22:36:41,561] {processor.py:161} INFO - Processing /home/patriciacorreia/Documents/airflowalura/venv/lib/python3.9/site-packages/airflow/example_dags/example_external_task_marker_dag.py took 0.289 seconds
[2024-12-18 22:37:24,185] {processor.py:153} INFO - Started process (PID=22943) to work on /home/patriciacorreia/Documents/airflowalura/venv/lib/python3.9/site-packages/airflow/example_dags/example_external_task_marker_dag.py
[2024-12-18 22:37:24,186] {processor.py:641} INFO - Processing file /home/patriciacorreia/Documents/airflowalura/venv/lib/python3.9/site-packages/airflow/example_dags/example_external_task_marker_dag.py for tasks to queue
[2024-12-18 22:37:24,187] {logging_mixin.py:115} INFO - [2024-12-18 22:37:24,187] {dagbag.py:507} INFO - Filling up the DagBag from /home/patriciacorreia/Documents/airflowalura/venv/lib/python3.9/site-packages/airflow/example_dags/example_external_task_marker_dag.py
[2024-12-18 22:37:24,196] {processor.py:651} INFO - DAG(s) dict_keys(['example_external_task_marker_parent', 'example_external_task_marker_child']) retrieved from /home/patriciacorreia/Documents/airflowalura/venv/lib/python3.9/site-packages/airflow/example_dags/example_external_task_marker_dag.py
[2024-12-18 22:37:24,241] {logging_mixin.py:115} INFO - [2024-12-18 22:37:24,241] {dag.py:2379} INFO - Sync 2 DAGs
[2024-12-18 22:37:24,271] {logging_mixin.py:115} INFO - [2024-12-18 22:37:24,271] {dag.py:2927} INFO - Setting next_dagrun for example_external_task_marker_child to None, run_after=None
[2024-12-18 22:37:24,272] {logging_mixin.py:115} INFO - [2024-12-18 22:37:24,272] {dag.py:2927} INFO - Setting next_dagrun for example_external_task_marker_parent to None, run_after=None
[2024-12-18 22:37:24,288] {processor.py:161} INFO - Processing /home/patriciacorreia/Documents/airflowalura/venv/lib/python3.9/site-packages/airflow/example_dags/example_external_task_marker_dag.py took 0.109 seconds
[2024-12-18 22:38:08,119] {processor.py:153} INFO - Started process (PID=23140) to work on /home/patriciacorreia/Documents/airflowalura/venv/lib/python3.9/site-packages/airflow/example_dags/example_external_task_marker_dag.py
[2024-12-18 22:38:08,123] {processor.py:641} INFO - Processing file /home/patriciacorreia/Documents/airflowalura/venv/lib/python3.9/site-packages/airflow/example_dags/example_external_task_marker_dag.py for tasks to queue
[2024-12-18 22:38:08,127] {logging_mixin.py:115} INFO - [2024-12-18 22:38:08,126] {dagbag.py:507} INFO - Filling up the DagBag from /home/patriciacorreia/Documents/airflowalura/venv/lib/python3.9/site-packages/airflow/example_dags/example_external_task_marker_dag.py
[2024-12-18 22:38:08,152] {processor.py:651} INFO - DAG(s) dict_keys(['example_external_task_marker_parent', 'example_external_task_marker_child']) retrieved from /home/patriciacorreia/Documents/airflowalura/venv/lib/python3.9/site-packages/airflow/example_dags/example_external_task_marker_dag.py
[2024-12-18 22:38:08,286] {logging_mixin.py:115} INFO - [2024-12-18 22:38:08,285] {dag.py:2379} INFO - Sync 2 DAGs
[2024-12-18 22:38:08,347] {logging_mixin.py:115} INFO - [2024-12-18 22:38:08,347] {dag.py:2927} INFO - Setting next_dagrun for example_external_task_marker_child to None, run_after=None
[2024-12-18 22:38:08,349] {logging_mixin.py:115} INFO - [2024-12-18 22:38:08,348] {dag.py:2927} INFO - Setting next_dagrun for example_external_task_marker_parent to None, run_after=None
[2024-12-18 22:38:08,392] {processor.py:161} INFO - Processing /home/patriciacorreia/Documents/airflowalura/venv/lib/python3.9/site-packages/airflow/example_dags/example_external_task_marker_dag.py took 0.291 seconds
[2024-12-18 22:39:00,460] {processor.py:153} INFO - Started process (PID=23383) to work on /home/patriciacorreia/Documents/airflowalura/venv/lib/python3.9/site-packages/airflow/example_dags/example_external_task_marker_dag.py
[2024-12-18 22:39:00,463] {processor.py:641} INFO - Processing file /home/patriciacorreia/Documents/airflowalura/venv/lib/python3.9/site-packages/airflow/example_dags/example_external_task_marker_dag.py for tasks to queue
[2024-12-18 22:39:00,463] {logging_mixin.py:115} INFO - [2024-12-18 22:39:00,463] {dagbag.py:507} INFO - Filling up the DagBag from /home/patriciacorreia/Documents/airflowalura/venv/lib/python3.9/site-packages/airflow/example_dags/example_external_task_marker_dag.py
[2024-12-18 22:39:00,472] {processor.py:651} INFO - DAG(s) dict_keys(['example_external_task_marker_parent', 'example_external_task_marker_child']) retrieved from /home/patriciacorreia/Documents/airflowalura/venv/lib/python3.9/site-packages/airflow/example_dags/example_external_task_marker_dag.py
[2024-12-18 22:39:00,519] {logging_mixin.py:115} INFO - [2024-12-18 22:39:00,519] {dag.py:2379} INFO - Sync 2 DAGs
[2024-12-18 22:39:00,552] {logging_mixin.py:115} INFO - [2024-12-18 22:39:00,552] {dag.py:2927} INFO - Setting next_dagrun for example_external_task_marker_child to None, run_after=None
[2024-12-18 22:39:00,552] {logging_mixin.py:115} INFO - [2024-12-18 22:39:00,552] {dag.py:2927} INFO - Setting next_dagrun for example_external_task_marker_parent to None, run_after=None
[2024-12-18 22:39:00,574] {processor.py:161} INFO - Processing /home/patriciacorreia/Documents/airflowalura/venv/lib/python3.9/site-packages/airflow/example_dags/example_external_task_marker_dag.py took 0.119 seconds
[2024-12-18 22:39:49,819] {processor.py:153} INFO - Started process (PID=23612) to work on /home/patriciacorreia/Documents/airflowalura/venv/lib/python3.9/site-packages/airflow/example_dags/example_external_task_marker_dag.py
[2024-12-18 22:39:49,822] {processor.py:641} INFO - Processing file /home/patriciacorreia/Documents/airflowalura/venv/lib/python3.9/site-packages/airflow/example_dags/example_external_task_marker_dag.py for tasks to queue
[2024-12-18 22:39:49,826] {logging_mixin.py:115} INFO - [2024-12-18 22:39:49,825] {dagbag.py:507} INFO - Filling up the DagBag from /home/patriciacorreia/Documents/airflowalura/venv/lib/python3.9/site-packages/airflow/example_dags/example_external_task_marker_dag.py
[2024-12-18 22:39:49,849] {processor.py:651} INFO - DAG(s) dict_keys(['example_external_task_marker_parent', 'example_external_task_marker_child']) retrieved from /home/patriciacorreia/Documents/airflowalura/venv/lib/python3.9/site-packages/airflow/example_dags/example_external_task_marker_dag.py
[2024-12-18 22:39:50,015] {logging_mixin.py:115} INFO - [2024-12-18 22:39:50,014] {dag.py:2379} INFO - Sync 2 DAGs
[2024-12-18 22:39:50,062] {logging_mixin.py:115} INFO - [2024-12-18 22:39:50,061] {dag.py:2927} INFO - Setting next_dagrun for example_external_task_marker_child to None, run_after=None
[2024-12-18 22:39:50,063] {logging_mixin.py:115} INFO - [2024-12-18 22:39:50,063] {dag.py:2927} INFO - Setting next_dagrun for example_external_task_marker_parent to None, run_after=None
[2024-12-18 22:39:50,087] {processor.py:161} INFO - Processing /home/patriciacorreia/Documents/airflowalura/venv/lib/python3.9/site-packages/airflow/example_dags/example_external_task_marker_dag.py took 0.282 seconds
[2024-12-18 22:40:29,658] {processor.py:153} INFO - Started process (PID=23804) to work on /home/patriciacorreia/Documents/airflowalura/venv/lib/python3.9/site-packages/airflow/example_dags/example_external_task_marker_dag.py
[2024-12-18 22:40:29,662] {processor.py:641} INFO - Processing file /home/patriciacorreia/Documents/airflowalura/venv/lib/python3.9/site-packages/airflow/example_dags/example_external_task_marker_dag.py for tasks to queue
[2024-12-18 22:40:29,666] {logging_mixin.py:115} INFO - [2024-12-18 22:40:29,666] {dagbag.py:507} INFO - Filling up the DagBag from /home/patriciacorreia/Documents/airflowalura/venv/lib/python3.9/site-packages/airflow/example_dags/example_external_task_marker_dag.py
[2024-12-18 22:40:29,683] {processor.py:651} INFO - DAG(s) dict_keys(['example_external_task_marker_parent', 'example_external_task_marker_child']) retrieved from /home/patriciacorreia/Documents/airflowalura/venv/lib/python3.9/site-packages/airflow/example_dags/example_external_task_marker_dag.py
[2024-12-18 22:40:29,789] {logging_mixin.py:115} INFO - [2024-12-18 22:40:29,789] {dag.py:2379} INFO - Sync 2 DAGs
[2024-12-18 22:40:29,906] {logging_mixin.py:115} INFO - [2024-12-18 22:40:29,906] {dag.py:2927} INFO - Setting next_dagrun for example_external_task_marker_child to None, run_after=None
[2024-12-18 22:40:29,907] {logging_mixin.py:115} INFO - [2024-12-18 22:40:29,907] {dag.py:2927} INFO - Setting next_dagrun for example_external_task_marker_parent to None, run_after=None
[2024-12-18 22:40:29,927] {processor.py:161} INFO - Processing /home/patriciacorreia/Documents/airflowalura/venv/lib/python3.9/site-packages/airflow/example_dags/example_external_task_marker_dag.py took 0.280 seconds
