[2024-12-18 22:05:40,799] {processor.py:153} INFO - Started process (PID=13859) to work on /home/patriciacorreia/Documents/airflowalura/venv/lib/python3.9/site-packages/airflow/example_dags/example_bash_operator.py
[2024-12-18 22:05:40,800] {processor.py:641} INFO - Processing file /home/patriciacorreia/Documents/airflowalura/venv/lib/python3.9/site-packages/airflow/example_dags/example_bash_operator.py for tasks to queue
[2024-12-18 22:05:40,801] {logging_mixin.py:115} INFO - [2024-12-18 22:05:40,801] {dagbag.py:507} INFO - Filling up the DagBag from /home/patriciacorreia/Documents/airflowalura/venv/lib/python3.9/site-packages/airflow/example_dags/example_bash_operator.py
[2024-12-18 22:05:40,819] {processor.py:651} INFO - DAG(s) dict_keys(['example_bash_operator']) retrieved from /home/patriciacorreia/Documents/airflowalura/venv/lib/python3.9/site-packages/airflow/example_dags/example_bash_operator.py
[2024-12-18 22:05:40,930] {logging_mixin.py:115} INFO - [2024-12-18 22:05:40,930] {manager.py:508} INFO - Created Permission View: can read on DAG:example_bash_operator
[2024-12-18 22:05:40,947] {logging_mixin.py:115} INFO - [2024-12-18 22:05:40,946] {manager.py:508} INFO - Created Permission View: can delete on DAG:example_bash_operator
[2024-12-18 22:05:40,960] {logging_mixin.py:115} INFO - [2024-12-18 22:05:40,960] {manager.py:508} INFO - Created Permission View: can edit on DAG:example_bash_operator
[2024-12-18 22:05:40,961] {logging_mixin.py:115} INFO - [2024-12-18 22:05:40,960] {dag.py:2379} INFO - Sync 1 DAGs
[2024-12-18 22:05:40,972] {logging_mixin.py:115} INFO - [2024-12-18 22:05:40,971] {dag.py:2398} INFO - Creating ORM DAG for example_bash_operator
[2024-12-18 22:05:40,988] {logging_mixin.py:115} INFO - [2024-12-18 22:05:40,988] {dag.py:2927} INFO - Setting next_dagrun for example_bash_operator to 2024-12-18T00:00:00+00:00, run_after=2024-12-19T00:00:00+00:00
[2024-12-18 22:05:41,009] {processor.py:161} INFO - Processing /home/patriciacorreia/Documents/airflowalura/venv/lib/python3.9/site-packages/airflow/example_dags/example_bash_operator.py took 0.214 seconds
[2024-12-18 22:06:18,071] {processor.py:153} INFO - Started process (PID=13975) to work on /home/patriciacorreia/Documents/airflowalura/venv/lib/python3.9/site-packages/airflow/example_dags/example_bash_operator.py
[2024-12-18 22:06:18,073] {processor.py:641} INFO - Processing file /home/patriciacorreia/Documents/airflowalura/venv/lib/python3.9/site-packages/airflow/example_dags/example_bash_operator.py for tasks to queue
[2024-12-18 22:06:18,074] {logging_mixin.py:115} INFO - [2024-12-18 22:06:18,074] {dagbag.py:507} INFO - Filling up the DagBag from /home/patriciacorreia/Documents/airflowalura/venv/lib/python3.9/site-packages/airflow/example_dags/example_bash_operator.py
[2024-12-18 22:06:18,097] {processor.py:651} INFO - DAG(s) dict_keys(['example_bash_operator']) retrieved from /home/patriciacorreia/Documents/airflowalura/venv/lib/python3.9/site-packages/airflow/example_dags/example_bash_operator.py
[2024-12-18 22:06:18,127] {logging_mixin.py:115} INFO - [2024-12-18 22:06:18,127] {dag.py:2379} INFO - Sync 1 DAGs
[2024-12-18 22:06:18,161] {logging_mixin.py:115} INFO - [2024-12-18 22:06:18,161] {dag.py:2927} INFO - Setting next_dagrun for example_bash_operator to 2024-12-18T00:00:00+00:00, run_after=2024-12-19T00:00:00+00:00
[2024-12-18 22:06:18,178] {processor.py:161} INFO - Processing /home/patriciacorreia/Documents/airflowalura/venv/lib/python3.9/site-packages/airflow/example_dags/example_bash_operator.py took 0.113 seconds
[2024-12-18 22:06:53,360] {processor.py:153} INFO - Started process (PID=14105) to work on /home/patriciacorreia/Documents/airflowalura/venv/lib/python3.9/site-packages/airflow/example_dags/example_bash_operator.py
[2024-12-18 22:06:53,362] {processor.py:641} INFO - Processing file /home/patriciacorreia/Documents/airflowalura/venv/lib/python3.9/site-packages/airflow/example_dags/example_bash_operator.py for tasks to queue
[2024-12-18 22:06:53,363] {logging_mixin.py:115} INFO - [2024-12-18 22:06:53,363] {dagbag.py:507} INFO - Filling up the DagBag from /home/patriciacorreia/Documents/airflowalura/venv/lib/python3.9/site-packages/airflow/example_dags/example_bash_operator.py
[2024-12-18 22:06:53,387] {processor.py:651} INFO - DAG(s) dict_keys(['example_bash_operator']) retrieved from /home/patriciacorreia/Documents/airflowalura/venv/lib/python3.9/site-packages/airflow/example_dags/example_bash_operator.py
[2024-12-18 22:06:53,416] {logging_mixin.py:115} INFO - [2024-12-18 22:06:53,416] {dag.py:2379} INFO - Sync 1 DAGs
[2024-12-18 22:06:53,451] {logging_mixin.py:115} INFO - [2024-12-18 22:06:53,450] {dag.py:2927} INFO - Setting next_dagrun for example_bash_operator to 2024-12-18T00:00:00+00:00, run_after=2024-12-19T00:00:00+00:00
[2024-12-18 22:06:53,467] {processor.py:161} INFO - Processing /home/patriciacorreia/Documents/airflowalura/venv/lib/python3.9/site-packages/airflow/example_dags/example_bash_operator.py took 0.112 seconds
[2024-12-18 22:07:35,693] {processor.py:153} INFO - Started process (PID=14200) to work on /home/patriciacorreia/Documents/airflowalura/venv/lib/python3.9/site-packages/airflow/example_dags/example_bash_operator.py
[2024-12-18 22:07:35,694] {processor.py:641} INFO - Processing file /home/patriciacorreia/Documents/airflowalura/venv/lib/python3.9/site-packages/airflow/example_dags/example_bash_operator.py for tasks to queue
[2024-12-18 22:07:35,695] {logging_mixin.py:115} INFO - [2024-12-18 22:07:35,695] {dagbag.py:507} INFO - Filling up the DagBag from /home/patriciacorreia/Documents/airflowalura/venv/lib/python3.9/site-packages/airflow/example_dags/example_bash_operator.py
[2024-12-18 22:07:35,709] {processor.py:651} INFO - DAG(s) dict_keys(['example_bash_operator']) retrieved from /home/patriciacorreia/Documents/airflowalura/venv/lib/python3.9/site-packages/airflow/example_dags/example_bash_operator.py
[2024-12-18 22:07:35,729] {logging_mixin.py:115} INFO - [2024-12-18 22:07:35,729] {dag.py:2379} INFO - Sync 1 DAGs
[2024-12-18 22:07:35,764] {logging_mixin.py:115} INFO - [2024-12-18 22:07:35,763] {dag.py:2927} INFO - Setting next_dagrun for example_bash_operator to 2024-12-18T00:00:00+00:00, run_after=2024-12-19T00:00:00+00:00
[2024-12-18 22:07:35,787] {processor.py:161} INFO - Processing /home/patriciacorreia/Documents/airflowalura/venv/lib/python3.9/site-packages/airflow/example_dags/example_bash_operator.py took 0.098 seconds
[2024-12-18 22:08:12,484] {processor.py:153} INFO - Started process (PID=14296) to work on /home/patriciacorreia/Documents/airflowalura/venv/lib/python3.9/site-packages/airflow/example_dags/example_bash_operator.py
[2024-12-18 22:08:12,485] {processor.py:641} INFO - Processing file /home/patriciacorreia/Documents/airflowalura/venv/lib/python3.9/site-packages/airflow/example_dags/example_bash_operator.py for tasks to queue
[2024-12-18 22:08:12,486] {logging_mixin.py:115} INFO - [2024-12-18 22:08:12,486] {dagbag.py:507} INFO - Filling up the DagBag from /home/patriciacorreia/Documents/airflowalura/venv/lib/python3.9/site-packages/airflow/example_dags/example_bash_operator.py
[2024-12-18 22:08:12,507] {processor.py:651} INFO - DAG(s) dict_keys(['example_bash_operator']) retrieved from /home/patriciacorreia/Documents/airflowalura/venv/lib/python3.9/site-packages/airflow/example_dags/example_bash_operator.py
[2024-12-18 22:08:12,540] {logging_mixin.py:115} INFO - [2024-12-18 22:08:12,540] {dag.py:2379} INFO - Sync 1 DAGs
[2024-12-18 22:08:12,608] {logging_mixin.py:115} INFO - [2024-12-18 22:08:12,607] {dag.py:2927} INFO - Setting next_dagrun for example_bash_operator to 2024-12-18T00:00:00+00:00, run_after=2024-12-19T00:00:00+00:00
[2024-12-18 22:08:12,644] {processor.py:161} INFO - Processing /home/patriciacorreia/Documents/airflowalura/venv/lib/python3.9/site-packages/airflow/example_dags/example_bash_operator.py took 0.166 seconds
[2024-12-18 22:08:52,572] {processor.py:153} INFO - Started process (PID=14445) to work on /home/patriciacorreia/Documents/airflowalura/venv/lib/python3.9/site-packages/airflow/example_dags/example_bash_operator.py
[2024-12-18 22:08:52,574] {processor.py:641} INFO - Processing file /home/patriciacorreia/Documents/airflowalura/venv/lib/python3.9/site-packages/airflow/example_dags/example_bash_operator.py for tasks to queue
[2024-12-18 22:08:52,576] {logging_mixin.py:115} INFO - [2024-12-18 22:08:52,575] {dagbag.py:507} INFO - Filling up the DagBag from /home/patriciacorreia/Documents/airflowalura/venv/lib/python3.9/site-packages/airflow/example_dags/example_bash_operator.py
[2024-12-18 22:08:52,604] {processor.py:651} INFO - DAG(s) dict_keys(['example_bash_operator']) retrieved from /home/patriciacorreia/Documents/airflowalura/venv/lib/python3.9/site-packages/airflow/example_dags/example_bash_operator.py
[2024-12-18 22:08:52,643] {logging_mixin.py:115} INFO - [2024-12-18 22:08:52,643] {dag.py:2379} INFO - Sync 1 DAGs
[2024-12-18 22:08:52,692] {logging_mixin.py:115} INFO - [2024-12-18 22:08:52,692] {dag.py:2927} INFO - Setting next_dagrun for example_bash_operator to 2024-12-18T00:00:00+00:00, run_after=2024-12-19T00:00:00+00:00
[2024-12-18 22:08:52,716] {processor.py:161} INFO - Processing /home/patriciacorreia/Documents/airflowalura/venv/lib/python3.9/site-packages/airflow/example_dags/example_bash_operator.py took 0.153 seconds
[2024-12-18 22:09:30,411] {processor.py:153} INFO - Started process (PID=14606) to work on /home/patriciacorreia/Documents/airflowalura/venv/lib/python3.9/site-packages/airflow/example_dags/example_bash_operator.py
[2024-12-18 22:09:30,412] {processor.py:641} INFO - Processing file /home/patriciacorreia/Documents/airflowalura/venv/lib/python3.9/site-packages/airflow/example_dags/example_bash_operator.py for tasks to queue
[2024-12-18 22:09:30,413] {logging_mixin.py:115} INFO - [2024-12-18 22:09:30,413] {dagbag.py:507} INFO - Filling up the DagBag from /home/patriciacorreia/Documents/airflowalura/venv/lib/python3.9/site-packages/airflow/example_dags/example_bash_operator.py
[2024-12-18 22:09:30,433] {processor.py:651} INFO - DAG(s) dict_keys(['example_bash_operator']) retrieved from /home/patriciacorreia/Documents/airflowalura/venv/lib/python3.9/site-packages/airflow/example_dags/example_bash_operator.py
[2024-12-18 22:09:30,485] {logging_mixin.py:115} INFO - [2024-12-18 22:09:30,485] {dag.py:2379} INFO - Sync 1 DAGs
[2024-12-18 22:09:30,521] {logging_mixin.py:115} INFO - [2024-12-18 22:09:30,521] {dag.py:2927} INFO - Setting next_dagrun for example_bash_operator to 2024-12-18T00:00:00+00:00, run_after=2024-12-19T00:00:00+00:00
[2024-12-18 22:09:30,541] {processor.py:161} INFO - Processing /home/patriciacorreia/Documents/airflowalura/venv/lib/python3.9/site-packages/airflow/example_dags/example_bash_operator.py took 0.135 seconds
[2024-12-18 22:10:08,529] {processor.py:153} INFO - Started process (PID=14826) to work on /home/patriciacorreia/Documents/airflowalura/venv/lib/python3.9/site-packages/airflow/example_dags/example_bash_operator.py
[2024-12-18 22:10:08,530] {processor.py:641} INFO - Processing file /home/patriciacorreia/Documents/airflowalura/venv/lib/python3.9/site-packages/airflow/example_dags/example_bash_operator.py for tasks to queue
[2024-12-18 22:10:08,531] {logging_mixin.py:115} INFO - [2024-12-18 22:10:08,531] {dagbag.py:507} INFO - Filling up the DagBag from /home/patriciacorreia/Documents/airflowalura/venv/lib/python3.9/site-packages/airflow/example_dags/example_bash_operator.py
[2024-12-18 22:10:08,547] {processor.py:651} INFO - DAG(s) dict_keys(['example_bash_operator']) retrieved from /home/patriciacorreia/Documents/airflowalura/venv/lib/python3.9/site-packages/airflow/example_dags/example_bash_operator.py
[2024-12-18 22:10:08,566] {logging_mixin.py:115} INFO - [2024-12-18 22:10:08,566] {dag.py:2379} INFO - Sync 1 DAGs
[2024-12-18 22:10:08,592] {logging_mixin.py:115} INFO - [2024-12-18 22:10:08,592] {dag.py:2927} INFO - Setting next_dagrun for example_bash_operator to 2024-12-18T00:00:00+00:00, run_after=2024-12-19T00:00:00+00:00
[2024-12-18 22:10:08,609] {processor.py:161} INFO - Processing /home/patriciacorreia/Documents/airflowalura/venv/lib/python3.9/site-packages/airflow/example_dags/example_bash_operator.py took 0.084 seconds
[2024-12-18 22:10:47,672] {processor.py:153} INFO - Started process (PID=15265) to work on /home/patriciacorreia/Documents/airflowalura/venv/lib/python3.9/site-packages/airflow/example_dags/example_bash_operator.py
[2024-12-18 22:10:47,675] {processor.py:641} INFO - Processing file /home/patriciacorreia/Documents/airflowalura/venv/lib/python3.9/site-packages/airflow/example_dags/example_bash_operator.py for tasks to queue
[2024-12-18 22:10:47,677] {logging_mixin.py:115} INFO - [2024-12-18 22:10:47,677] {dagbag.py:507} INFO - Filling up the DagBag from /home/patriciacorreia/Documents/airflowalura/venv/lib/python3.9/site-packages/airflow/example_dags/example_bash_operator.py
[2024-12-18 22:10:47,714] {processor.py:651} INFO - DAG(s) dict_keys(['example_bash_operator']) retrieved from /home/patriciacorreia/Documents/airflowalura/venv/lib/python3.9/site-packages/airflow/example_dags/example_bash_operator.py
[2024-12-18 22:10:47,767] {logging_mixin.py:115} INFO - [2024-12-18 22:10:47,766] {dag.py:2379} INFO - Sync 1 DAGs
[2024-12-18 22:10:47,876] {logging_mixin.py:115} INFO - [2024-12-18 22:10:47,876] {dag.py:2927} INFO - Setting next_dagrun for example_bash_operator to 2024-12-18T00:00:00+00:00, run_after=2024-12-19T00:00:00+00:00
[2024-12-18 22:10:47,917] {processor.py:161} INFO - Processing /home/patriciacorreia/Documents/airflowalura/venv/lib/python3.9/site-packages/airflow/example_dags/example_bash_operator.py took 0.254 seconds
[2024-12-18 22:11:33,541] {processor.py:153} INFO - Started process (PID=15526) to work on /home/patriciacorreia/Documents/airflowalura/venv/lib/python3.9/site-packages/airflow/example_dags/example_bash_operator.py
[2024-12-18 22:11:33,545] {processor.py:641} INFO - Processing file /home/patriciacorreia/Documents/airflowalura/venv/lib/python3.9/site-packages/airflow/example_dags/example_bash_operator.py for tasks to queue
[2024-12-18 22:11:33,547] {logging_mixin.py:115} INFO - [2024-12-18 22:11:33,547] {dagbag.py:507} INFO - Filling up the DagBag from /home/patriciacorreia/Documents/airflowalura/venv/lib/python3.9/site-packages/airflow/example_dags/example_bash_operator.py
[2024-12-18 22:11:33,599] {processor.py:651} INFO - DAG(s) dict_keys(['example_bash_operator']) retrieved from /home/patriciacorreia/Documents/airflowalura/venv/lib/python3.9/site-packages/airflow/example_dags/example_bash_operator.py
[2024-12-18 22:11:33,668] {logging_mixin.py:115} INFO - [2024-12-18 22:11:33,667] {dag.py:2379} INFO - Sync 1 DAGs
[2024-12-18 22:11:33,775] {logging_mixin.py:115} INFO - [2024-12-18 22:11:33,775] {dag.py:2927} INFO - Setting next_dagrun for example_bash_operator to 2024-12-18T00:00:00+00:00, run_after=2024-12-19T00:00:00+00:00
[2024-12-18 22:11:33,824] {processor.py:161} INFO - Processing /home/patriciacorreia/Documents/airflowalura/venv/lib/python3.9/site-packages/airflow/example_dags/example_bash_operator.py took 0.294 seconds
[2024-12-18 22:12:17,153] {processor.py:153} INFO - Started process (PID=15716) to work on /home/patriciacorreia/Documents/airflowalura/venv/lib/python3.9/site-packages/airflow/example_dags/example_bash_operator.py
[2024-12-18 22:12:17,157] {processor.py:641} INFO - Processing file /home/patriciacorreia/Documents/airflowalura/venv/lib/python3.9/site-packages/airflow/example_dags/example_bash_operator.py for tasks to queue
[2024-12-18 22:12:17,161] {logging_mixin.py:115} INFO - [2024-12-18 22:12:17,161] {dagbag.py:507} INFO - Filling up the DagBag from /home/patriciacorreia/Documents/airflowalura/venv/lib/python3.9/site-packages/airflow/example_dags/example_bash_operator.py
[2024-12-18 22:12:17,215] {processor.py:651} INFO - DAG(s) dict_keys(['example_bash_operator']) retrieved from /home/patriciacorreia/Documents/airflowalura/venv/lib/python3.9/site-packages/airflow/example_dags/example_bash_operator.py
[2024-12-18 22:12:17,263] {logging_mixin.py:115} INFO - [2024-12-18 22:12:17,263] {dag.py:2379} INFO - Sync 1 DAGs
[2024-12-18 22:12:17,329] {logging_mixin.py:115} INFO - [2024-12-18 22:12:17,329] {dag.py:2927} INFO - Setting next_dagrun for example_bash_operator to 2024-12-18T00:00:00+00:00, run_after=2024-12-19T00:00:00+00:00
[2024-12-18 22:12:17,364] {processor.py:161} INFO - Processing /home/patriciacorreia/Documents/airflowalura/venv/lib/python3.9/site-packages/airflow/example_dags/example_bash_operator.py took 0.228 seconds
[2024-12-18 22:12:59,006] {processor.py:153} INFO - Started process (PID=15908) to work on /home/patriciacorreia/Documents/airflowalura/venv/lib/python3.9/site-packages/airflow/example_dags/example_bash_operator.py
[2024-12-18 22:12:59,010] {processor.py:641} INFO - Processing file /home/patriciacorreia/Documents/airflowalura/venv/lib/python3.9/site-packages/airflow/example_dags/example_bash_operator.py for tasks to queue
[2024-12-18 22:12:59,013] {logging_mixin.py:115} INFO - [2024-12-18 22:12:59,012] {dagbag.py:507} INFO - Filling up the DagBag from /home/patriciacorreia/Documents/airflowalura/venv/lib/python3.9/site-packages/airflow/example_dags/example_bash_operator.py
[2024-12-18 22:12:59,063] {processor.py:651} INFO - DAG(s) dict_keys(['example_bash_operator']) retrieved from /home/patriciacorreia/Documents/airflowalura/venv/lib/python3.9/site-packages/airflow/example_dags/example_bash_operator.py
[2024-12-18 22:12:59,136] {logging_mixin.py:115} INFO - [2024-12-18 22:12:59,136] {dag.py:2379} INFO - Sync 1 DAGs
[2024-12-18 22:12:59,225] {logging_mixin.py:115} INFO - [2024-12-18 22:12:59,225] {dag.py:2927} INFO - Setting next_dagrun for example_bash_operator to 2024-12-18T00:00:00+00:00, run_after=2024-12-19T00:00:00+00:00
[2024-12-18 22:12:59,280] {processor.py:161} INFO - Processing /home/patriciacorreia/Documents/airflowalura/venv/lib/python3.9/site-packages/airflow/example_dags/example_bash_operator.py took 0.288 seconds
[2024-12-18 22:13:38,431] {processor.py:153} INFO - Started process (PID=16088) to work on /home/patriciacorreia/Documents/airflowalura/venv/lib/python3.9/site-packages/airflow/example_dags/example_bash_operator.py
[2024-12-18 22:13:38,432] {processor.py:641} INFO - Processing file /home/patriciacorreia/Documents/airflowalura/venv/lib/python3.9/site-packages/airflow/example_dags/example_bash_operator.py for tasks to queue
[2024-12-18 22:13:38,433] {logging_mixin.py:115} INFO - [2024-12-18 22:13:38,433] {dagbag.py:507} INFO - Filling up the DagBag from /home/patriciacorreia/Documents/airflowalura/venv/lib/python3.9/site-packages/airflow/example_dags/example_bash_operator.py
[2024-12-18 22:13:38,448] {processor.py:651} INFO - DAG(s) dict_keys(['example_bash_operator']) retrieved from /home/patriciacorreia/Documents/airflowalura/venv/lib/python3.9/site-packages/airflow/example_dags/example_bash_operator.py
[2024-12-18 22:13:38,471] {logging_mixin.py:115} INFO - [2024-12-18 22:13:38,471] {dag.py:2379} INFO - Sync 1 DAGs
[2024-12-18 22:13:38,542] {logging_mixin.py:115} INFO - [2024-12-18 22:13:38,542] {dag.py:2927} INFO - Setting next_dagrun for example_bash_operator to 2024-12-18T00:00:00+00:00, run_after=2024-12-19T00:00:00+00:00
[2024-12-18 22:13:38,587] {processor.py:161} INFO - Processing /home/patriciacorreia/Documents/airflowalura/venv/lib/python3.9/site-packages/airflow/example_dags/example_bash_operator.py took 0.160 seconds
[2024-12-18 22:14:24,887] {processor.py:153} INFO - Started process (PID=16316) to work on /home/patriciacorreia/Documents/airflowalura/venv/lib/python3.9/site-packages/airflow/example_dags/example_bash_operator.py
[2024-12-18 22:14:24,893] {processor.py:641} INFO - Processing file /home/patriciacorreia/Documents/airflowalura/venv/lib/python3.9/site-packages/airflow/example_dags/example_bash_operator.py for tasks to queue
[2024-12-18 22:14:24,896] {logging_mixin.py:115} INFO - [2024-12-18 22:14:24,895] {dagbag.py:507} INFO - Filling up the DagBag from /home/patriciacorreia/Documents/airflowalura/venv/lib/python3.9/site-packages/airflow/example_dags/example_bash_operator.py
[2024-12-18 22:14:24,950] {processor.py:651} INFO - DAG(s) dict_keys(['example_bash_operator']) retrieved from /home/patriciacorreia/Documents/airflowalura/venv/lib/python3.9/site-packages/airflow/example_dags/example_bash_operator.py
[2024-12-18 22:14:25,016] {logging_mixin.py:115} INFO - [2024-12-18 22:14:25,016] {dag.py:2379} INFO - Sync 1 DAGs
[2024-12-18 22:14:25,053] {logging_mixin.py:115} INFO - [2024-12-18 22:14:25,053] {dag.py:2927} INFO - Setting next_dagrun for example_bash_operator to 2024-12-18T00:00:00+00:00, run_after=2024-12-19T00:00:00+00:00
[2024-12-18 22:14:25,076] {processor.py:161} INFO - Processing /home/patriciacorreia/Documents/airflowalura/venv/lib/python3.9/site-packages/airflow/example_dags/example_bash_operator.py took 0.218 seconds
[2024-12-18 22:15:07,272] {processor.py:153} INFO - Started process (PID=16521) to work on /home/patriciacorreia/Documents/airflowalura/venv/lib/python3.9/site-packages/airflow/example_dags/example_bash_operator.py
[2024-12-18 22:15:07,275] {processor.py:641} INFO - Processing file /home/patriciacorreia/Documents/airflowalura/venv/lib/python3.9/site-packages/airflow/example_dags/example_bash_operator.py for tasks to queue
[2024-12-18 22:15:07,278] {logging_mixin.py:115} INFO - [2024-12-18 22:15:07,277] {dagbag.py:507} INFO - Filling up the DagBag from /home/patriciacorreia/Documents/airflowalura/venv/lib/python3.9/site-packages/airflow/example_dags/example_bash_operator.py
[2024-12-18 22:15:07,327] {processor.py:651} INFO - DAG(s) dict_keys(['example_bash_operator']) retrieved from /home/patriciacorreia/Documents/airflowalura/venv/lib/python3.9/site-packages/airflow/example_dags/example_bash_operator.py
[2024-12-18 22:15:07,426] {logging_mixin.py:115} INFO - [2024-12-18 22:15:07,425] {dag.py:2379} INFO - Sync 1 DAGs
[2024-12-18 22:15:07,504] {logging_mixin.py:115} INFO - [2024-12-18 22:15:07,503] {dag.py:2927} INFO - Setting next_dagrun for example_bash_operator to 2024-12-18T00:00:00+00:00, run_after=2024-12-19T00:00:00+00:00
[2024-12-18 22:15:07,521] {processor.py:161} INFO - Processing /home/patriciacorreia/Documents/airflowalura/venv/lib/python3.9/site-packages/airflow/example_dags/example_bash_operator.py took 0.262 seconds
[2024-12-18 22:15:47,589] {processor.py:153} INFO - Started process (PID=16727) to work on /home/patriciacorreia/Documents/airflowalura/venv/lib/python3.9/site-packages/airflow/example_dags/example_bash_operator.py
[2024-12-18 22:15:47,593] {processor.py:641} INFO - Processing file /home/patriciacorreia/Documents/airflowalura/venv/lib/python3.9/site-packages/airflow/example_dags/example_bash_operator.py for tasks to queue
[2024-12-18 22:15:47,597] {logging_mixin.py:115} INFO - [2024-12-18 22:15:47,595] {dagbag.py:507} INFO - Filling up the DagBag from /home/patriciacorreia/Documents/airflowalura/venv/lib/python3.9/site-packages/airflow/example_dags/example_bash_operator.py
[2024-12-18 22:15:47,652] {processor.py:651} INFO - DAG(s) dict_keys(['example_bash_operator']) retrieved from /home/patriciacorreia/Documents/airflowalura/venv/lib/python3.9/site-packages/airflow/example_dags/example_bash_operator.py
[2024-12-18 22:15:47,712] {logging_mixin.py:115} INFO - [2024-12-18 22:15:47,711] {dag.py:2379} INFO - Sync 1 DAGs
[2024-12-18 22:15:47,825] {logging_mixin.py:115} INFO - [2024-12-18 22:15:47,824] {dag.py:2927} INFO - Setting next_dagrun for example_bash_operator to 2024-12-18T00:00:00+00:00, run_after=2024-12-19T00:00:00+00:00
[2024-12-18 22:15:47,881] {processor.py:161} INFO - Processing /home/patriciacorreia/Documents/airflowalura/venv/lib/python3.9/site-packages/airflow/example_dags/example_bash_operator.py took 0.307 seconds
[2024-12-18 22:16:40,119] {processor.py:153} INFO - Started process (PID=17050) to work on /home/patriciacorreia/Documents/airflowalura/venv/lib/python3.9/site-packages/airflow/example_dags/example_bash_operator.py
[2024-12-18 22:16:40,125] {processor.py:641} INFO - Processing file /home/patriciacorreia/Documents/airflowalura/venv/lib/python3.9/site-packages/airflow/example_dags/example_bash_operator.py for tasks to queue
[2024-12-18 22:16:40,126] {logging_mixin.py:115} INFO - [2024-12-18 22:16:40,126] {dagbag.py:507} INFO - Filling up the DagBag from /home/patriciacorreia/Documents/airflowalura/venv/lib/python3.9/site-packages/airflow/example_dags/example_bash_operator.py
[2024-12-18 22:16:40,185] {processor.py:651} INFO - DAG(s) dict_keys(['example_bash_operator']) retrieved from /home/patriciacorreia/Documents/airflowalura/venv/lib/python3.9/site-packages/airflow/example_dags/example_bash_operator.py
[2024-12-18 22:16:40,261] {logging_mixin.py:115} INFO - [2024-12-18 22:16:40,261] {dag.py:2379} INFO - Sync 1 DAGs
[2024-12-18 22:16:40,380] {logging_mixin.py:115} INFO - [2024-12-18 22:16:40,380] {dag.py:2927} INFO - Setting next_dagrun for example_bash_operator to 2024-12-18T00:00:00+00:00, run_after=2024-12-19T00:00:00+00:00
[2024-12-18 22:16:40,455] {processor.py:161} INFO - Processing /home/patriciacorreia/Documents/airflowalura/venv/lib/python3.9/site-packages/airflow/example_dags/example_bash_operator.py took 0.355 seconds
[2024-12-18 22:17:22,342] {processor.py:153} INFO - Started process (PID=17257) to work on /home/patriciacorreia/Documents/airflowalura/venv/lib/python3.9/site-packages/airflow/example_dags/example_bash_operator.py
[2024-12-18 22:17:22,346] {processor.py:641} INFO - Processing file /home/patriciacorreia/Documents/airflowalura/venv/lib/python3.9/site-packages/airflow/example_dags/example_bash_operator.py for tasks to queue
[2024-12-18 22:17:22,348] {logging_mixin.py:115} INFO - [2024-12-18 22:17:22,348] {dagbag.py:507} INFO - Filling up the DagBag from /home/patriciacorreia/Documents/airflowalura/venv/lib/python3.9/site-packages/airflow/example_dags/example_bash_operator.py
[2024-12-18 22:17:22,405] {processor.py:651} INFO - DAG(s) dict_keys(['example_bash_operator']) retrieved from /home/patriciacorreia/Documents/airflowalura/venv/lib/python3.9/site-packages/airflow/example_dags/example_bash_operator.py
[2024-12-18 22:17:22,485] {logging_mixin.py:115} INFO - [2024-12-18 22:17:22,485] {dag.py:2379} INFO - Sync 1 DAGs
[2024-12-18 22:17:22,569] {logging_mixin.py:115} INFO - [2024-12-18 22:17:22,569] {dag.py:2927} INFO - Setting next_dagrun for example_bash_operator to 2024-12-18T00:00:00+00:00, run_after=2024-12-19T00:00:00+00:00
[2024-12-18 22:17:22,611] {processor.py:161} INFO - Processing /home/patriciacorreia/Documents/airflowalura/venv/lib/python3.9/site-packages/airflow/example_dags/example_bash_operator.py took 0.286 seconds
[2024-12-18 22:18:08,257] {processor.py:153} INFO - Started process (PID=17477) to work on /home/patriciacorreia/Documents/airflowalura/venv/lib/python3.9/site-packages/airflow/example_dags/example_bash_operator.py
[2024-12-18 22:18:08,260] {processor.py:641} INFO - Processing file /home/patriciacorreia/Documents/airflowalura/venv/lib/python3.9/site-packages/airflow/example_dags/example_bash_operator.py for tasks to queue
[2024-12-18 22:18:08,261] {logging_mixin.py:115} INFO - [2024-12-18 22:18:08,261] {dagbag.py:507} INFO - Filling up the DagBag from /home/patriciacorreia/Documents/airflowalura/venv/lib/python3.9/site-packages/airflow/example_dags/example_bash_operator.py
[2024-12-18 22:18:08,304] {processor.py:651} INFO - DAG(s) dict_keys(['example_bash_operator']) retrieved from /home/patriciacorreia/Documents/airflowalura/venv/lib/python3.9/site-packages/airflow/example_dags/example_bash_operator.py
[2024-12-18 22:18:08,350] {logging_mixin.py:115} INFO - [2024-12-18 22:18:08,350] {dag.py:2379} INFO - Sync 1 DAGs
[2024-12-18 22:18:08,393] {logging_mixin.py:115} INFO - [2024-12-18 22:18:08,393] {dag.py:2927} INFO - Setting next_dagrun for example_bash_operator to 2024-12-18T00:00:00+00:00, run_after=2024-12-19T00:00:00+00:00
[2024-12-18 22:18:08,418] {processor.py:161} INFO - Processing /home/patriciacorreia/Documents/airflowalura/venv/lib/python3.9/site-packages/airflow/example_dags/example_bash_operator.py took 0.172 seconds
[2024-12-18 22:19:51,615] {processor.py:153} INFO - Started process (PID=17930) to work on /home/patriciacorreia/Documents/airflowalura/venv/lib/python3.9/site-packages/airflow/example_dags/example_bash_operator.py
[2024-12-18 22:19:51,620] {processor.py:641} INFO - Processing file /home/patriciacorreia/Documents/airflowalura/venv/lib/python3.9/site-packages/airflow/example_dags/example_bash_operator.py for tasks to queue
[2024-12-18 22:19:51,625] {logging_mixin.py:115} INFO - [2024-12-18 22:19:51,624] {dagbag.py:507} INFO - Filling up the DagBag from /home/patriciacorreia/Documents/airflowalura/venv/lib/python3.9/site-packages/airflow/example_dags/example_bash_operator.py
[2024-12-18 22:19:51,684] {processor.py:651} INFO - DAG(s) dict_keys(['example_bash_operator']) retrieved from /home/patriciacorreia/Documents/airflowalura/venv/lib/python3.9/site-packages/airflow/example_dags/example_bash_operator.py
[2024-12-18 22:19:51,714] {logging_mixin.py:115} INFO - [2024-12-18 22:19:51,714] {dag.py:2379} INFO - Sync 1 DAGs
[2024-12-18 22:19:51,744] {logging_mixin.py:115} INFO - [2024-12-18 22:19:51,744] {dag.py:2927} INFO - Setting next_dagrun for example_bash_operator to 2024-12-18T00:00:00+00:00, run_after=2024-12-19T00:00:00+00:00
[2024-12-18 22:19:51,771] {processor.py:161} INFO - Processing /home/patriciacorreia/Documents/airflowalura/venv/lib/python3.9/site-packages/airflow/example_dags/example_bash_operator.py took 0.172 seconds
[2024-12-18 22:20:33,471] {processor.py:153} INFO - Started process (PID=18134) to work on /home/patriciacorreia/Documents/airflowalura/venv/lib/python3.9/site-packages/airflow/example_dags/example_bash_operator.py
[2024-12-18 22:20:33,474] {processor.py:641} INFO - Processing file /home/patriciacorreia/Documents/airflowalura/venv/lib/python3.9/site-packages/airflow/example_dags/example_bash_operator.py for tasks to queue
[2024-12-18 22:20:33,475] {logging_mixin.py:115} INFO - [2024-12-18 22:20:33,475] {dagbag.py:507} INFO - Filling up the DagBag from /home/patriciacorreia/Documents/airflowalura/venv/lib/python3.9/site-packages/airflow/example_dags/example_bash_operator.py
[2024-12-18 22:20:33,511] {processor.py:651} INFO - DAG(s) dict_keys(['example_bash_operator']) retrieved from /home/patriciacorreia/Documents/airflowalura/venv/lib/python3.9/site-packages/airflow/example_dags/example_bash_operator.py
[2024-12-18 22:20:33,543] {logging_mixin.py:115} INFO - [2024-12-18 22:20:33,543] {dag.py:2379} INFO - Sync 1 DAGs
[2024-12-18 22:20:33,587] {logging_mixin.py:115} INFO - [2024-12-18 22:20:33,587] {dag.py:2927} INFO - Setting next_dagrun for example_bash_operator to 2024-12-18T00:00:00+00:00, run_after=2024-12-19T00:00:00+00:00
[2024-12-18 22:20:33,610] {processor.py:161} INFO - Processing /home/patriciacorreia/Documents/airflowalura/venv/lib/python3.9/site-packages/airflow/example_dags/example_bash_operator.py took 0.149 seconds
[2024-12-18 22:21:11,762] {processor.py:153} INFO - Started process (PID=18324) to work on /home/patriciacorreia/Documents/airflowalura/venv/lib/python3.9/site-packages/airflow/example_dags/example_bash_operator.py
[2024-12-18 22:21:11,769] {processor.py:641} INFO - Processing file /home/patriciacorreia/Documents/airflowalura/venv/lib/python3.9/site-packages/airflow/example_dags/example_bash_operator.py for tasks to queue
[2024-12-18 22:21:11,773] {logging_mixin.py:115} INFO - [2024-12-18 22:21:11,772] {dagbag.py:507} INFO - Filling up the DagBag from /home/patriciacorreia/Documents/airflowalura/venv/lib/python3.9/site-packages/airflow/example_dags/example_bash_operator.py
[2024-12-18 22:21:11,850] {processor.py:651} INFO - DAG(s) dict_keys(['example_bash_operator']) retrieved from /home/patriciacorreia/Documents/airflowalura/venv/lib/python3.9/site-packages/airflow/example_dags/example_bash_operator.py
[2024-12-18 22:21:11,899] {logging_mixin.py:115} INFO - [2024-12-18 22:21:11,898] {dag.py:2379} INFO - Sync 1 DAGs
[2024-12-18 22:21:11,955] {logging_mixin.py:115} INFO - [2024-12-18 22:21:11,955] {dag.py:2927} INFO - Setting next_dagrun for example_bash_operator to 2024-12-18T00:00:00+00:00, run_after=2024-12-19T00:00:00+00:00
[2024-12-18 22:21:11,977] {processor.py:161} INFO - Processing /home/patriciacorreia/Documents/airflowalura/venv/lib/python3.9/site-packages/airflow/example_dags/example_bash_operator.py took 0.235 seconds
[2024-12-18 22:21:58,010] {processor.py:153} INFO - Started process (PID=18542) to work on /home/patriciacorreia/Documents/airflowalura/venv/lib/python3.9/site-packages/airflow/example_dags/example_bash_operator.py
[2024-12-18 22:21:58,013] {processor.py:641} INFO - Processing file /home/patriciacorreia/Documents/airflowalura/venv/lib/python3.9/site-packages/airflow/example_dags/example_bash_operator.py for tasks to queue
[2024-12-18 22:21:58,019] {logging_mixin.py:115} INFO - [2024-12-18 22:21:58,018] {dagbag.py:507} INFO - Filling up the DagBag from /home/patriciacorreia/Documents/airflowalura/venv/lib/python3.9/site-packages/airflow/example_dags/example_bash_operator.py
[2024-12-18 22:21:58,075] {processor.py:651} INFO - DAG(s) dict_keys(['example_bash_operator']) retrieved from /home/patriciacorreia/Documents/airflowalura/venv/lib/python3.9/site-packages/airflow/example_dags/example_bash_operator.py
[2024-12-18 22:21:58,175] {logging_mixin.py:115} INFO - [2024-12-18 22:21:58,175] {dag.py:2379} INFO - Sync 1 DAGs
[2024-12-18 22:21:58,272] {logging_mixin.py:115} INFO - [2024-12-18 22:21:58,272] {dag.py:2927} INFO - Setting next_dagrun for example_bash_operator to 2024-12-18T00:00:00+00:00, run_after=2024-12-19T00:00:00+00:00
[2024-12-18 22:21:58,294] {processor.py:161} INFO - Processing /home/patriciacorreia/Documents/airflowalura/venv/lib/python3.9/site-packages/airflow/example_dags/example_bash_operator.py took 0.299 seconds
[2024-12-18 22:22:42,894] {processor.py:153} INFO - Started process (PID=18746) to work on /home/patriciacorreia/Documents/airflowalura/venv/lib/python3.9/site-packages/airflow/example_dags/example_bash_operator.py
[2024-12-18 22:22:42,898] {processor.py:641} INFO - Processing file /home/patriciacorreia/Documents/airflowalura/venv/lib/python3.9/site-packages/airflow/example_dags/example_bash_operator.py for tasks to queue
[2024-12-18 22:22:42,903] {logging_mixin.py:115} INFO - [2024-12-18 22:22:42,902] {dagbag.py:507} INFO - Filling up the DagBag from /home/patriciacorreia/Documents/airflowalura/venv/lib/python3.9/site-packages/airflow/example_dags/example_bash_operator.py
[2024-12-18 22:22:42,978] {processor.py:651} INFO - DAG(s) dict_keys(['example_bash_operator']) retrieved from /home/patriciacorreia/Documents/airflowalura/venv/lib/python3.9/site-packages/airflow/example_dags/example_bash_operator.py
[2024-12-18 22:22:43,059] {logging_mixin.py:115} INFO - [2024-12-18 22:22:43,059] {dag.py:2379} INFO - Sync 1 DAGs
[2024-12-18 22:22:43,094] {logging_mixin.py:115} INFO - [2024-12-18 22:22:43,094] {dag.py:2927} INFO - Setting next_dagrun for example_bash_operator to 2024-12-18T00:00:00+00:00, run_after=2024-12-19T00:00:00+00:00
[2024-12-18 22:22:43,119] {processor.py:161} INFO - Processing /home/patriciacorreia/Documents/airflowalura/venv/lib/python3.9/site-packages/airflow/example_dags/example_bash_operator.py took 0.240 seconds
[2024-12-18 22:23:25,745] {processor.py:153} INFO - Started process (PID=18944) to work on /home/patriciacorreia/Documents/airflowalura/venv/lib/python3.9/site-packages/airflow/example_dags/example_bash_operator.py
[2024-12-18 22:23:25,754] {processor.py:641} INFO - Processing file /home/patriciacorreia/Documents/airflowalura/venv/lib/python3.9/site-packages/airflow/example_dags/example_bash_operator.py for tasks to queue
[2024-12-18 22:23:25,757] {logging_mixin.py:115} INFO - [2024-12-18 22:23:25,757] {dagbag.py:507} INFO - Filling up the DagBag from /home/patriciacorreia/Documents/airflowalura/venv/lib/python3.9/site-packages/airflow/example_dags/example_bash_operator.py
[2024-12-18 22:23:25,836] {processor.py:651} INFO - DAG(s) dict_keys(['example_bash_operator']) retrieved from /home/patriciacorreia/Documents/airflowalura/venv/lib/python3.9/site-packages/airflow/example_dags/example_bash_operator.py
[2024-12-18 22:23:25,864] {logging_mixin.py:115} INFO - [2024-12-18 22:23:25,864] {dag.py:2379} INFO - Sync 1 DAGs
[2024-12-18 22:23:25,902] {logging_mixin.py:115} INFO - [2024-12-18 22:23:25,902] {dag.py:2927} INFO - Setting next_dagrun for example_bash_operator to 2024-12-18T00:00:00+00:00, run_after=2024-12-19T00:00:00+00:00
[2024-12-18 22:23:25,923] {processor.py:161} INFO - Processing /home/patriciacorreia/Documents/airflowalura/venv/lib/python3.9/site-packages/airflow/example_dags/example_bash_operator.py took 0.202 seconds
[2024-12-18 22:24:11,960] {processor.py:153} INFO - Started process (PID=19165) to work on /home/patriciacorreia/Documents/airflowalura/venv/lib/python3.9/site-packages/airflow/example_dags/example_bash_operator.py
[2024-12-18 22:24:11,961] {processor.py:641} INFO - Processing file /home/patriciacorreia/Documents/airflowalura/venv/lib/python3.9/site-packages/airflow/example_dags/example_bash_operator.py for tasks to queue
[2024-12-18 22:24:11,962] {logging_mixin.py:115} INFO - [2024-12-18 22:24:11,962] {dagbag.py:507} INFO - Filling up the DagBag from /home/patriciacorreia/Documents/airflowalura/venv/lib/python3.9/site-packages/airflow/example_dags/example_bash_operator.py
[2024-12-18 22:24:11,982] {processor.py:651} INFO - DAG(s) dict_keys(['example_bash_operator']) retrieved from /home/patriciacorreia/Documents/airflowalura/venv/lib/python3.9/site-packages/airflow/example_dags/example_bash_operator.py
[2024-12-18 22:24:12,011] {logging_mixin.py:115} INFO - [2024-12-18 22:24:12,010] {dag.py:2379} INFO - Sync 1 DAGs
[2024-12-18 22:24:12,042] {logging_mixin.py:115} INFO - [2024-12-18 22:24:12,042] {dag.py:2927} INFO - Setting next_dagrun for example_bash_operator to 2024-12-18T00:00:00+00:00, run_after=2024-12-19T00:00:00+00:00
[2024-12-18 22:24:12,060] {processor.py:161} INFO - Processing /home/patriciacorreia/Documents/airflowalura/venv/lib/python3.9/site-packages/airflow/example_dags/example_bash_operator.py took 0.105 seconds
[2024-12-18 22:25:00,197] {processor.py:153} INFO - Started process (PID=19408) to work on /home/patriciacorreia/Documents/airflowalura/venv/lib/python3.9/site-packages/airflow/example_dags/example_bash_operator.py
[2024-12-18 22:25:00,199] {processor.py:641} INFO - Processing file /home/patriciacorreia/Documents/airflowalura/venv/lib/python3.9/site-packages/airflow/example_dags/example_bash_operator.py for tasks to queue
[2024-12-18 22:25:00,203] {logging_mixin.py:115} INFO - [2024-12-18 22:25:00,202] {dagbag.py:507} INFO - Filling up the DagBag from /home/patriciacorreia/Documents/airflowalura/venv/lib/python3.9/site-packages/airflow/example_dags/example_bash_operator.py
[2024-12-18 22:25:00,266] {processor.py:651} INFO - DAG(s) dict_keys(['example_bash_operator']) retrieved from /home/patriciacorreia/Documents/airflowalura/venv/lib/python3.9/site-packages/airflow/example_dags/example_bash_operator.py
[2024-12-18 22:25:00,338] {logging_mixin.py:115} INFO - [2024-12-18 22:25:00,338] {dag.py:2379} INFO - Sync 1 DAGs
[2024-12-18 22:25:00,441] {logging_mixin.py:115} INFO - [2024-12-18 22:25:00,441] {dag.py:2927} INFO - Setting next_dagrun for example_bash_operator to 2024-12-18T00:00:00+00:00, run_after=2024-12-19T00:00:00+00:00
[2024-12-18 22:25:00,461] {processor.py:161} INFO - Processing /home/patriciacorreia/Documents/airflowalura/venv/lib/python3.9/site-packages/airflow/example_dags/example_bash_operator.py took 0.280 seconds
[2024-12-18 22:25:50,402] {processor.py:153} INFO - Started process (PID=19642) to work on /home/patriciacorreia/Documents/airflowalura/venv/lib/python3.9/site-packages/airflow/example_dags/example_bash_operator.py
[2024-12-18 22:25:50,407] {processor.py:641} INFO - Processing file /home/patriciacorreia/Documents/airflowalura/venv/lib/python3.9/site-packages/airflow/example_dags/example_bash_operator.py for tasks to queue
[2024-12-18 22:25:50,409] {logging_mixin.py:115} INFO - [2024-12-18 22:25:50,409] {dagbag.py:507} INFO - Filling up the DagBag from /home/patriciacorreia/Documents/airflowalura/venv/lib/python3.9/site-packages/airflow/example_dags/example_bash_operator.py
[2024-12-18 22:25:50,460] {processor.py:651} INFO - DAG(s) dict_keys(['example_bash_operator']) retrieved from /home/patriciacorreia/Documents/airflowalura/venv/lib/python3.9/site-packages/airflow/example_dags/example_bash_operator.py
[2024-12-18 22:25:50,490] {logging_mixin.py:115} INFO - [2024-12-18 22:25:50,490] {dag.py:2379} INFO - Sync 1 DAGs
[2024-12-18 22:25:50,531] {logging_mixin.py:115} INFO - [2024-12-18 22:25:50,531] {dag.py:2927} INFO - Setting next_dagrun for example_bash_operator to 2024-12-18T00:00:00+00:00, run_after=2024-12-19T00:00:00+00:00
[2024-12-18 22:25:50,553] {processor.py:161} INFO - Processing /home/patriciacorreia/Documents/airflowalura/venv/lib/python3.9/site-packages/airflow/example_dags/example_bash_operator.py took 0.174 seconds
[2024-12-18 22:26:30,919] {processor.py:153} INFO - Started process (PID=19821) to work on /home/patriciacorreia/Documents/airflowalura/venv/lib/python3.9/site-packages/airflow/example_dags/example_bash_operator.py
[2024-12-18 22:26:30,921] {processor.py:641} INFO - Processing file /home/patriciacorreia/Documents/airflowalura/venv/lib/python3.9/site-packages/airflow/example_dags/example_bash_operator.py for tasks to queue
[2024-12-18 22:26:30,922] {logging_mixin.py:115} INFO - [2024-12-18 22:26:30,922] {dagbag.py:507} INFO - Filling up the DagBag from /home/patriciacorreia/Documents/airflowalura/venv/lib/python3.9/site-packages/airflow/example_dags/example_bash_operator.py
[2024-12-18 22:26:30,963] {processor.py:651} INFO - DAG(s) dict_keys(['example_bash_operator']) retrieved from /home/patriciacorreia/Documents/airflowalura/venv/lib/python3.9/site-packages/airflow/example_dags/example_bash_operator.py
[2024-12-18 22:26:31,019] {logging_mixin.py:115} INFO - [2024-12-18 22:26:31,019] {dag.py:2379} INFO - Sync 1 DAGs
[2024-12-18 22:26:31,089] {logging_mixin.py:115} INFO - [2024-12-18 22:26:31,089] {dag.py:2927} INFO - Setting next_dagrun for example_bash_operator to 2024-12-18T00:00:00+00:00, run_after=2024-12-19T00:00:00+00:00
[2024-12-18 22:26:31,108] {processor.py:161} INFO - Processing /home/patriciacorreia/Documents/airflowalura/venv/lib/python3.9/site-packages/airflow/example_dags/example_bash_operator.py took 0.200 seconds
[2024-12-18 22:27:13,782] {processor.py:153} INFO - Started process (PID=20017) to work on /home/patriciacorreia/Documents/airflowalura/venv/lib/python3.9/site-packages/airflow/example_dags/example_bash_operator.py
[2024-12-18 22:27:13,786] {processor.py:641} INFO - Processing file /home/patriciacorreia/Documents/airflowalura/venv/lib/python3.9/site-packages/airflow/example_dags/example_bash_operator.py for tasks to queue
[2024-12-18 22:27:13,789] {logging_mixin.py:115} INFO - [2024-12-18 22:27:13,789] {dagbag.py:507} INFO - Filling up the DagBag from /home/patriciacorreia/Documents/airflowalura/venv/lib/python3.9/site-packages/airflow/example_dags/example_bash_operator.py
[2024-12-18 22:27:13,847] {processor.py:651} INFO - DAG(s) dict_keys(['example_bash_operator']) retrieved from /home/patriciacorreia/Documents/airflowalura/venv/lib/python3.9/site-packages/airflow/example_dags/example_bash_operator.py
[2024-12-18 22:27:13,911] {logging_mixin.py:115} INFO - [2024-12-18 22:27:13,911] {dag.py:2379} INFO - Sync 1 DAGs
[2024-12-18 22:27:13,961] {logging_mixin.py:115} INFO - [2024-12-18 22:27:13,961] {dag.py:2927} INFO - Setting next_dagrun for example_bash_operator to 2024-12-18T00:00:00+00:00, run_after=2024-12-19T00:00:00+00:00
[2024-12-18 22:27:13,990] {processor.py:161} INFO - Processing /home/patriciacorreia/Documents/airflowalura/venv/lib/python3.9/site-packages/airflow/example_dags/example_bash_operator.py took 0.221 seconds
[2024-12-18 22:27:56,262] {processor.py:153} INFO - Started process (PID=20224) to work on /home/patriciacorreia/Documents/airflowalura/venv/lib/python3.9/site-packages/airflow/example_dags/example_bash_operator.py
[2024-12-18 22:27:56,263] {processor.py:641} INFO - Processing file /home/patriciacorreia/Documents/airflowalura/venv/lib/python3.9/site-packages/airflow/example_dags/example_bash_operator.py for tasks to queue
[2024-12-18 22:27:56,264] {logging_mixin.py:115} INFO - [2024-12-18 22:27:56,264] {dagbag.py:507} INFO - Filling up the DagBag from /home/patriciacorreia/Documents/airflowalura/venv/lib/python3.9/site-packages/airflow/example_dags/example_bash_operator.py
[2024-12-18 22:27:56,294] {processor.py:651} INFO - DAG(s) dict_keys(['example_bash_operator']) retrieved from /home/patriciacorreia/Documents/airflowalura/venv/lib/python3.9/site-packages/airflow/example_dags/example_bash_operator.py
[2024-12-18 22:27:56,326] {logging_mixin.py:115} INFO - [2024-12-18 22:27:56,326] {dag.py:2379} INFO - Sync 1 DAGs
[2024-12-18 22:27:56,352] {logging_mixin.py:115} INFO - [2024-12-18 22:27:56,352] {dag.py:2927} INFO - Setting next_dagrun for example_bash_operator to 2024-12-18T00:00:00+00:00, run_after=2024-12-19T00:00:00+00:00
[2024-12-18 22:27:56,373] {processor.py:161} INFO - Processing /home/patriciacorreia/Documents/airflowalura/venv/lib/python3.9/site-packages/airflow/example_dags/example_bash_operator.py took 0.118 seconds
[2024-12-18 22:28:37,791] {processor.py:153} INFO - Started process (PID=20427) to work on /home/patriciacorreia/Documents/airflowalura/venv/lib/python3.9/site-packages/airflow/example_dags/example_bash_operator.py
[2024-12-18 22:28:37,793] {processor.py:641} INFO - Processing file /home/patriciacorreia/Documents/airflowalura/venv/lib/python3.9/site-packages/airflow/example_dags/example_bash_operator.py for tasks to queue
[2024-12-18 22:28:37,794] {logging_mixin.py:115} INFO - [2024-12-18 22:28:37,794] {dagbag.py:507} INFO - Filling up the DagBag from /home/patriciacorreia/Documents/airflowalura/venv/lib/python3.9/site-packages/airflow/example_dags/example_bash_operator.py
[2024-12-18 22:28:37,817] {processor.py:651} INFO - DAG(s) dict_keys(['example_bash_operator']) retrieved from /home/patriciacorreia/Documents/airflowalura/venv/lib/python3.9/site-packages/airflow/example_dags/example_bash_operator.py
[2024-12-18 22:28:37,849] {logging_mixin.py:115} INFO - [2024-12-18 22:28:37,849] {dag.py:2379} INFO - Sync 1 DAGs
[2024-12-18 22:28:37,878] {logging_mixin.py:115} INFO - [2024-12-18 22:28:37,878] {dag.py:2927} INFO - Setting next_dagrun for example_bash_operator to 2024-12-18T00:00:00+00:00, run_after=2024-12-19T00:00:00+00:00
[2024-12-18 22:28:37,895] {processor.py:161} INFO - Processing /home/patriciacorreia/Documents/airflowalura/venv/lib/python3.9/site-packages/airflow/example_dags/example_bash_operator.py took 0.119 seconds
[2024-12-18 22:29:15,509] {processor.py:153} INFO - Started process (PID=20616) to work on /home/patriciacorreia/Documents/airflowalura/venv/lib/python3.9/site-packages/airflow/example_dags/example_bash_operator.py
[2024-12-18 22:29:15,512] {processor.py:641} INFO - Processing file /home/patriciacorreia/Documents/airflowalura/venv/lib/python3.9/site-packages/airflow/example_dags/example_bash_operator.py for tasks to queue
[2024-12-18 22:29:15,514] {logging_mixin.py:115} INFO - [2024-12-18 22:29:15,514] {dagbag.py:507} INFO - Filling up the DagBag from /home/patriciacorreia/Documents/airflowalura/venv/lib/python3.9/site-packages/airflow/example_dags/example_bash_operator.py
[2024-12-18 22:29:15,558] {processor.py:651} INFO - DAG(s) dict_keys(['example_bash_operator']) retrieved from /home/patriciacorreia/Documents/airflowalura/venv/lib/python3.9/site-packages/airflow/example_dags/example_bash_operator.py
[2024-12-18 22:29:15,591] {logging_mixin.py:115} INFO - [2024-12-18 22:29:15,591] {dag.py:2379} INFO - Sync 1 DAGs
[2024-12-18 22:29:15,618] {logging_mixin.py:115} INFO - [2024-12-18 22:29:15,618] {dag.py:2927} INFO - Setting next_dagrun for example_bash_operator to 2024-12-18T00:00:00+00:00, run_after=2024-12-19T00:00:00+00:00
[2024-12-18 22:29:15,635] {processor.py:161} INFO - Processing /home/patriciacorreia/Documents/airflowalura/venv/lib/python3.9/site-packages/airflow/example_dags/example_bash_operator.py took 0.138 seconds
[2024-12-18 22:29:58,764] {processor.py:153} INFO - Started process (PID=20842) to work on /home/patriciacorreia/Documents/airflowalura/venv/lib/python3.9/site-packages/airflow/example_dags/example_bash_operator.py
[2024-12-18 22:29:58,765] {processor.py:641} INFO - Processing file /home/patriciacorreia/Documents/airflowalura/venv/lib/python3.9/site-packages/airflow/example_dags/example_bash_operator.py for tasks to queue
[2024-12-18 22:29:58,766] {logging_mixin.py:115} INFO - [2024-12-18 22:29:58,765] {dagbag.py:507} INFO - Filling up the DagBag from /home/patriciacorreia/Documents/airflowalura/venv/lib/python3.9/site-packages/airflow/example_dags/example_bash_operator.py
[2024-12-18 22:29:58,780] {processor.py:651} INFO - DAG(s) dict_keys(['example_bash_operator']) retrieved from /home/patriciacorreia/Documents/airflowalura/venv/lib/python3.9/site-packages/airflow/example_dags/example_bash_operator.py
[2024-12-18 22:29:58,800] {logging_mixin.py:115} INFO - [2024-12-18 22:29:58,800] {dag.py:2379} INFO - Sync 1 DAGs
[2024-12-18 22:29:58,824] {logging_mixin.py:115} INFO - [2024-12-18 22:29:58,824] {dag.py:2927} INFO - Setting next_dagrun for example_bash_operator to 2024-12-18T00:00:00+00:00, run_after=2024-12-19T00:00:00+00:00
[2024-12-18 22:29:58,840] {processor.py:161} INFO - Processing /home/patriciacorreia/Documents/airflowalura/venv/lib/python3.9/site-packages/airflow/example_dags/example_bash_operator.py took 0.081 seconds
[2024-12-18 22:30:38,325] {processor.py:153} INFO - Started process (PID=21050) to work on /home/patriciacorreia/Documents/airflowalura/venv/lib/python3.9/site-packages/airflow/example_dags/example_bash_operator.py
[2024-12-18 22:30:38,329] {processor.py:641} INFO - Processing file /home/patriciacorreia/Documents/airflowalura/venv/lib/python3.9/site-packages/airflow/example_dags/example_bash_operator.py for tasks to queue
[2024-12-18 22:30:38,331] {logging_mixin.py:115} INFO - [2024-12-18 22:30:38,330] {dagbag.py:507} INFO - Filling up the DagBag from /home/patriciacorreia/Documents/airflowalura/venv/lib/python3.9/site-packages/airflow/example_dags/example_bash_operator.py
[2024-12-18 22:30:38,369] {processor.py:651} INFO - DAG(s) dict_keys(['example_bash_operator']) retrieved from /home/patriciacorreia/Documents/airflowalura/venv/lib/python3.9/site-packages/airflow/example_dags/example_bash_operator.py
[2024-12-18 22:30:38,412] {logging_mixin.py:115} INFO - [2024-12-18 22:30:38,412] {dag.py:2379} INFO - Sync 1 DAGs
[2024-12-18 22:30:38,438] {logging_mixin.py:115} INFO - [2024-12-18 22:30:38,438] {dag.py:2927} INFO - Setting next_dagrun for example_bash_operator to 2024-12-18T00:00:00+00:00, run_after=2024-12-19T00:00:00+00:00
[2024-12-18 22:30:38,456] {processor.py:161} INFO - Processing /home/patriciacorreia/Documents/airflowalura/venv/lib/python3.9/site-packages/airflow/example_dags/example_bash_operator.py took 0.143 seconds
[2024-12-18 22:31:22,086] {processor.py:153} INFO - Started process (PID=21278) to work on /home/patriciacorreia/Documents/airflowalura/venv/lib/python3.9/site-packages/airflow/example_dags/example_bash_operator.py
[2024-12-18 22:31:22,089] {processor.py:641} INFO - Processing file /home/patriciacorreia/Documents/airflowalura/venv/lib/python3.9/site-packages/airflow/example_dags/example_bash_operator.py for tasks to queue
[2024-12-18 22:31:22,091] {logging_mixin.py:115} INFO - [2024-12-18 22:31:22,091] {dagbag.py:507} INFO - Filling up the DagBag from /home/patriciacorreia/Documents/airflowalura/venv/lib/python3.9/site-packages/airflow/example_dags/example_bash_operator.py
[2024-12-18 22:31:22,134] {processor.py:651} INFO - DAG(s) dict_keys(['example_bash_operator']) retrieved from /home/patriciacorreia/Documents/airflowalura/venv/lib/python3.9/site-packages/airflow/example_dags/example_bash_operator.py
[2024-12-18 22:31:22,181] {logging_mixin.py:115} INFO - [2024-12-18 22:31:22,181] {dag.py:2379} INFO - Sync 1 DAGs
[2024-12-18 22:31:22,210] {logging_mixin.py:115} INFO - [2024-12-18 22:31:22,210] {dag.py:2927} INFO - Setting next_dagrun for example_bash_operator to 2024-12-18T00:00:00+00:00, run_after=2024-12-19T00:00:00+00:00
[2024-12-18 22:31:22,229] {processor.py:161} INFO - Processing /home/patriciacorreia/Documents/airflowalura/venv/lib/python3.9/site-packages/airflow/example_dags/example_bash_operator.py took 0.156 seconds
[2024-12-18 22:32:05,175] {processor.py:153} INFO - Started process (PID=21497) to work on /home/patriciacorreia/Documents/airflowalura/venv/lib/python3.9/site-packages/airflow/example_dags/example_bash_operator.py
[2024-12-18 22:32:05,178] {processor.py:641} INFO - Processing file /home/patriciacorreia/Documents/airflowalura/venv/lib/python3.9/site-packages/airflow/example_dags/example_bash_operator.py for tasks to queue
[2024-12-18 22:32:05,180] {logging_mixin.py:115} INFO - [2024-12-18 22:32:05,179] {dagbag.py:507} INFO - Filling up the DagBag from /home/patriciacorreia/Documents/airflowalura/venv/lib/python3.9/site-packages/airflow/example_dags/example_bash_operator.py
[2024-12-18 22:32:05,214] {processor.py:651} INFO - DAG(s) dict_keys(['example_bash_operator']) retrieved from /home/patriciacorreia/Documents/airflowalura/venv/lib/python3.9/site-packages/airflow/example_dags/example_bash_operator.py
[2024-12-18 22:32:05,260] {logging_mixin.py:115} INFO - [2024-12-18 22:32:05,259] {dag.py:2379} INFO - Sync 1 DAGs
[2024-12-18 22:32:05,291] {logging_mixin.py:115} INFO - [2024-12-18 22:32:05,291] {dag.py:2927} INFO - Setting next_dagrun for example_bash_operator to 2024-12-18T00:00:00+00:00, run_after=2024-12-19T00:00:00+00:00
[2024-12-18 22:32:05,307] {processor.py:161} INFO - Processing /home/patriciacorreia/Documents/airflowalura/venv/lib/python3.9/site-packages/airflow/example_dags/example_bash_operator.py took 0.143 seconds
[2024-12-18 22:32:43,253] {processor.py:153} INFO - Started process (PID=21686) to work on /home/patriciacorreia/Documents/airflowalura/venv/lib/python3.9/site-packages/airflow/example_dags/example_bash_operator.py
[2024-12-18 22:32:43,255] {processor.py:641} INFO - Processing file /home/patriciacorreia/Documents/airflowalura/venv/lib/python3.9/site-packages/airflow/example_dags/example_bash_operator.py for tasks to queue
[2024-12-18 22:32:43,256] {logging_mixin.py:115} INFO - [2024-12-18 22:32:43,256] {dagbag.py:507} INFO - Filling up the DagBag from /home/patriciacorreia/Documents/airflowalura/venv/lib/python3.9/site-packages/airflow/example_dags/example_bash_operator.py
[2024-12-18 22:32:43,275] {processor.py:651} INFO - DAG(s) dict_keys(['example_bash_operator']) retrieved from /home/patriciacorreia/Documents/airflowalura/venv/lib/python3.9/site-packages/airflow/example_dags/example_bash_operator.py
[2024-12-18 22:32:43,302] {logging_mixin.py:115} INFO - [2024-12-18 22:32:43,302] {dag.py:2379} INFO - Sync 1 DAGs
[2024-12-18 22:32:43,332] {logging_mixin.py:115} INFO - [2024-12-18 22:32:43,332] {dag.py:2927} INFO - Setting next_dagrun for example_bash_operator to 2024-12-18T00:00:00+00:00, run_after=2024-12-19T00:00:00+00:00
[2024-12-18 22:32:43,349] {processor.py:161} INFO - Processing /home/patriciacorreia/Documents/airflowalura/venv/lib/python3.9/site-packages/airflow/example_dags/example_bash_operator.py took 0.100 seconds
[2024-12-18 22:33:23,273] {processor.py:153} INFO - Started process (PID=21864) to work on /home/patriciacorreia/Documents/airflowalura/venv/lib/python3.9/site-packages/airflow/example_dags/example_bash_operator.py
[2024-12-18 22:33:23,277] {processor.py:641} INFO - Processing file /home/patriciacorreia/Documents/airflowalura/venv/lib/python3.9/site-packages/airflow/example_dags/example_bash_operator.py for tasks to queue
[2024-12-18 22:33:23,284] {logging_mixin.py:115} INFO - [2024-12-18 22:33:23,283] {dagbag.py:507} INFO - Filling up the DagBag from /home/patriciacorreia/Documents/airflowalura/venv/lib/python3.9/site-packages/airflow/example_dags/example_bash_operator.py
[2024-12-18 22:33:23,327] {processor.py:651} INFO - DAG(s) dict_keys(['example_bash_operator']) retrieved from /home/patriciacorreia/Documents/airflowalura/venv/lib/python3.9/site-packages/airflow/example_dags/example_bash_operator.py
[2024-12-18 22:33:23,359] {logging_mixin.py:115} INFO - [2024-12-18 22:33:23,359] {dag.py:2379} INFO - Sync 1 DAGs
[2024-12-18 22:33:23,402] {logging_mixin.py:115} INFO - [2024-12-18 22:33:23,402] {dag.py:2927} INFO - Setting next_dagrun for example_bash_operator to 2024-12-18T00:00:00+00:00, run_after=2024-12-19T00:00:00+00:00
[2024-12-18 22:33:23,424] {processor.py:161} INFO - Processing /home/patriciacorreia/Documents/airflowalura/venv/lib/python3.9/site-packages/airflow/example_dags/example_bash_operator.py took 0.169 seconds
[2024-12-18 22:34:11,651] {processor.py:153} INFO - Started process (PID=22081) to work on /home/patriciacorreia/Documents/airflowalura/venv/lib/python3.9/site-packages/airflow/example_dags/example_bash_operator.py
[2024-12-18 22:34:11,653] {processor.py:641} INFO - Processing file /home/patriciacorreia/Documents/airflowalura/venv/lib/python3.9/site-packages/airflow/example_dags/example_bash_operator.py for tasks to queue
[2024-12-18 22:34:11,654] {logging_mixin.py:115} INFO - [2024-12-18 22:34:11,654] {dagbag.py:507} INFO - Filling up the DagBag from /home/patriciacorreia/Documents/airflowalura/venv/lib/python3.9/site-packages/airflow/example_dags/example_bash_operator.py
[2024-12-18 22:34:11,673] {processor.py:651} INFO - DAG(s) dict_keys(['example_bash_operator']) retrieved from /home/patriciacorreia/Documents/airflowalura/venv/lib/python3.9/site-packages/airflow/example_dags/example_bash_operator.py
[2024-12-18 22:34:11,699] {logging_mixin.py:115} INFO - [2024-12-18 22:34:11,699] {dag.py:2379} INFO - Sync 1 DAGs
[2024-12-18 22:34:11,738] {logging_mixin.py:115} INFO - [2024-12-18 22:34:11,738] {dag.py:2927} INFO - Setting next_dagrun for example_bash_operator to 2024-12-18T00:00:00+00:00, run_after=2024-12-19T00:00:00+00:00
[2024-12-18 22:34:11,755] {processor.py:161} INFO - Processing /home/patriciacorreia/Documents/airflowalura/venv/lib/python3.9/site-packages/airflow/example_dags/example_bash_operator.py took 0.109 seconds
[2024-12-18 22:34:59,015] {processor.py:153} INFO - Started process (PID=22292) to work on /home/patriciacorreia/Documents/airflowalura/venv/lib/python3.9/site-packages/airflow/example_dags/example_bash_operator.py
[2024-12-18 22:34:59,019] {processor.py:641} INFO - Processing file /home/patriciacorreia/Documents/airflowalura/venv/lib/python3.9/site-packages/airflow/example_dags/example_bash_operator.py for tasks to queue
[2024-12-18 22:34:59,023] {logging_mixin.py:115} INFO - [2024-12-18 22:34:59,023] {dagbag.py:507} INFO - Filling up the DagBag from /home/patriciacorreia/Documents/airflowalura/venv/lib/python3.9/site-packages/airflow/example_dags/example_bash_operator.py
[2024-12-18 22:34:59,080] {processor.py:651} INFO - DAG(s) dict_keys(['example_bash_operator']) retrieved from /home/patriciacorreia/Documents/airflowalura/venv/lib/python3.9/site-packages/airflow/example_dags/example_bash_operator.py
[2024-12-18 22:34:59,157] {logging_mixin.py:115} INFO - [2024-12-18 22:34:59,156] {dag.py:2379} INFO - Sync 1 DAGs
[2024-12-18 22:34:59,231] {logging_mixin.py:115} INFO - [2024-12-18 22:34:59,231] {dag.py:2927} INFO - Setting next_dagrun for example_bash_operator to 2024-12-18T00:00:00+00:00, run_after=2024-12-19T00:00:00+00:00
[2024-12-18 22:34:59,257] {processor.py:161} INFO - Processing /home/patriciacorreia/Documents/airflowalura/venv/lib/python3.9/site-packages/airflow/example_dags/example_bash_operator.py took 0.257 seconds
[2024-12-18 22:35:40,386] {processor.py:153} INFO - Started process (PID=22480) to work on /home/patriciacorreia/Documents/airflowalura/venv/lib/python3.9/site-packages/airflow/example_dags/example_bash_operator.py
[2024-12-18 22:35:40,389] {processor.py:641} INFO - Processing file /home/patriciacorreia/Documents/airflowalura/venv/lib/python3.9/site-packages/airflow/example_dags/example_bash_operator.py for tasks to queue
[2024-12-18 22:35:40,390] {logging_mixin.py:115} INFO - [2024-12-18 22:35:40,390] {dagbag.py:507} INFO - Filling up the DagBag from /home/patriciacorreia/Documents/airflowalura/venv/lib/python3.9/site-packages/airflow/example_dags/example_bash_operator.py
[2024-12-18 22:35:40,419] {processor.py:651} INFO - DAG(s) dict_keys(['example_bash_operator']) retrieved from /home/patriciacorreia/Documents/airflowalura/venv/lib/python3.9/site-packages/airflow/example_dags/example_bash_operator.py
[2024-12-18 22:35:40,456] {logging_mixin.py:115} INFO - [2024-12-18 22:35:40,456] {dag.py:2379} INFO - Sync 1 DAGs
[2024-12-18 22:35:40,504] {logging_mixin.py:115} INFO - [2024-12-18 22:35:40,504] {dag.py:2927} INFO - Setting next_dagrun for example_bash_operator to 2024-12-18T00:00:00+00:00, run_after=2024-12-19T00:00:00+00:00
[2024-12-18 22:35:40,533] {processor.py:161} INFO - Processing /home/patriciacorreia/Documents/airflowalura/venv/lib/python3.9/site-packages/airflow/example_dags/example_bash_operator.py took 0.155 seconds
[2024-12-18 22:36:28,286] {processor.py:153} INFO - Started process (PID=22696) to work on /home/patriciacorreia/Documents/airflowalura/venv/lib/python3.9/site-packages/airflow/example_dags/example_bash_operator.py
[2024-12-18 22:36:28,290] {processor.py:641} INFO - Processing file /home/patriciacorreia/Documents/airflowalura/venv/lib/python3.9/site-packages/airflow/example_dags/example_bash_operator.py for tasks to queue
[2024-12-18 22:36:28,291] {logging_mixin.py:115} INFO - [2024-12-18 22:36:28,291] {dagbag.py:507} INFO - Filling up the DagBag from /home/patriciacorreia/Documents/airflowalura/venv/lib/python3.9/site-packages/airflow/example_dags/example_bash_operator.py
[2024-12-18 22:36:28,338] {processor.py:651} INFO - DAG(s) dict_keys(['example_bash_operator']) retrieved from /home/patriciacorreia/Documents/airflowalura/venv/lib/python3.9/site-packages/airflow/example_dags/example_bash_operator.py
[2024-12-18 22:36:28,411] {logging_mixin.py:115} INFO - [2024-12-18 22:36:28,411] {dag.py:2379} INFO - Sync 1 DAGs
[2024-12-18 22:36:28,489] {logging_mixin.py:115} INFO - [2024-12-18 22:36:28,488] {dag.py:2927} INFO - Setting next_dagrun for example_bash_operator to 2024-12-18T00:00:00+00:00, run_after=2024-12-19T00:00:00+00:00
[2024-12-18 22:36:28,531] {processor.py:161} INFO - Processing /home/patriciacorreia/Documents/airflowalura/venv/lib/python3.9/site-packages/airflow/example_dags/example_bash_operator.py took 0.257 seconds
[2024-12-18 22:37:23,785] {processor.py:153} INFO - Started process (PID=22941) to work on /home/patriciacorreia/Documents/airflowalura/venv/lib/python3.9/site-packages/airflow/example_dags/example_bash_operator.py
[2024-12-18 22:37:23,789] {processor.py:641} INFO - Processing file /home/patriciacorreia/Documents/airflowalura/venv/lib/python3.9/site-packages/airflow/example_dags/example_bash_operator.py for tasks to queue
[2024-12-18 22:37:23,793] {logging_mixin.py:115} INFO - [2024-12-18 22:37:23,792] {dagbag.py:507} INFO - Filling up the DagBag from /home/patriciacorreia/Documents/airflowalura/venv/lib/python3.9/site-packages/airflow/example_dags/example_bash_operator.py
[2024-12-18 22:37:23,850] {processor.py:651} INFO - DAG(s) dict_keys(['example_bash_operator']) retrieved from /home/patriciacorreia/Documents/airflowalura/venv/lib/python3.9/site-packages/airflow/example_dags/example_bash_operator.py
[2024-12-18 22:37:23,903] {logging_mixin.py:115} INFO - [2024-12-18 22:37:23,903] {dag.py:2379} INFO - Sync 1 DAGs
[2024-12-18 22:37:23,931] {logging_mixin.py:115} INFO - [2024-12-18 22:37:23,931] {dag.py:2927} INFO - Setting next_dagrun for example_bash_operator to 2024-12-18T00:00:00+00:00, run_after=2024-12-19T00:00:00+00:00
[2024-12-18 22:37:23,955] {processor.py:161} INFO - Processing /home/patriciacorreia/Documents/airflowalura/venv/lib/python3.9/site-packages/airflow/example_dags/example_bash_operator.py took 0.181 seconds
[2024-12-18 22:38:06,756] {processor.py:153} INFO - Started process (PID=23135) to work on /home/patriciacorreia/Documents/airflowalura/venv/lib/python3.9/site-packages/airflow/example_dags/example_bash_operator.py
[2024-12-18 22:38:06,761] {processor.py:641} INFO - Processing file /home/patriciacorreia/Documents/airflowalura/venv/lib/python3.9/site-packages/airflow/example_dags/example_bash_operator.py for tasks to queue
[2024-12-18 22:38:06,764] {logging_mixin.py:115} INFO - [2024-12-18 22:38:06,763] {dagbag.py:507} INFO - Filling up the DagBag from /home/patriciacorreia/Documents/airflowalura/venv/lib/python3.9/site-packages/airflow/example_dags/example_bash_operator.py
[2024-12-18 22:38:06,823] {processor.py:651} INFO - DAG(s) dict_keys(['example_bash_operator']) retrieved from /home/patriciacorreia/Documents/airflowalura/venv/lib/python3.9/site-packages/airflow/example_dags/example_bash_operator.py
[2024-12-18 22:38:06,860] {logging_mixin.py:115} INFO - [2024-12-18 22:38:06,860] {dag.py:2379} INFO - Sync 1 DAGs
[2024-12-18 22:38:06,902] {logging_mixin.py:115} INFO - [2024-12-18 22:38:06,902] {dag.py:2927} INFO - Setting next_dagrun for example_bash_operator to 2024-12-18T00:00:00+00:00, run_after=2024-12-19T00:00:00+00:00
[2024-12-18 22:38:06,923] {processor.py:161} INFO - Processing /home/patriciacorreia/Documents/airflowalura/venv/lib/python3.9/site-packages/airflow/example_dags/example_bash_operator.py took 0.187 seconds
[2024-12-18 22:38:47,763] {processor.py:153} INFO - Started process (PID=23324) to work on /home/patriciacorreia/Documents/airflowalura/venv/lib/python3.9/site-packages/airflow/example_dags/example_bash_operator.py
[2024-12-18 22:38:47,767] {processor.py:641} INFO - Processing file /home/patriciacorreia/Documents/airflowalura/venv/lib/python3.9/site-packages/airflow/example_dags/example_bash_operator.py for tasks to queue
[2024-12-18 22:38:47,772] {logging_mixin.py:115} INFO - [2024-12-18 22:38:47,772] {dagbag.py:507} INFO - Filling up the DagBag from /home/patriciacorreia/Documents/airflowalura/venv/lib/python3.9/site-packages/airflow/example_dags/example_bash_operator.py
[2024-12-18 22:38:47,828] {processor.py:651} INFO - DAG(s) dict_keys(['example_bash_operator']) retrieved from /home/patriciacorreia/Documents/airflowalura/venv/lib/python3.9/site-packages/airflow/example_dags/example_bash_operator.py
[2024-12-18 22:38:47,894] {logging_mixin.py:115} INFO - [2024-12-18 22:38:47,894] {dag.py:2379} INFO - Sync 1 DAGs
[2024-12-18 22:38:47,974] {logging_mixin.py:115} INFO - [2024-12-18 22:38:47,974] {dag.py:2927} INFO - Setting next_dagrun for example_bash_operator to 2024-12-18T00:00:00+00:00, run_after=2024-12-19T00:00:00+00:00
[2024-12-18 22:38:48,027] {processor.py:161} INFO - Processing /home/patriciacorreia/Documents/airflowalura/venv/lib/python3.9/site-packages/airflow/example_dags/example_bash_operator.py took 0.278 seconds
[2024-12-18 22:39:35,858] {processor.py:153} INFO - Started process (PID=23545) to work on /home/patriciacorreia/Documents/airflowalura/venv/lib/python3.9/site-packages/airflow/example_dags/example_bash_operator.py
[2024-12-18 22:39:35,859] {processor.py:641} INFO - Processing file /home/patriciacorreia/Documents/airflowalura/venv/lib/python3.9/site-packages/airflow/example_dags/example_bash_operator.py for tasks to queue
[2024-12-18 22:39:35,861] {logging_mixin.py:115} INFO - [2024-12-18 22:39:35,860] {dagbag.py:507} INFO - Filling up the DagBag from /home/patriciacorreia/Documents/airflowalura/venv/lib/python3.9/site-packages/airflow/example_dags/example_bash_operator.py
[2024-12-18 22:39:35,890] {processor.py:651} INFO - DAG(s) dict_keys(['example_bash_operator']) retrieved from /home/patriciacorreia/Documents/airflowalura/venv/lib/python3.9/site-packages/airflow/example_dags/example_bash_operator.py
[2024-12-18 22:39:35,935] {logging_mixin.py:115} INFO - [2024-12-18 22:39:35,935] {dag.py:2379} INFO - Sync 1 DAGs
[2024-12-18 22:39:35,986] {logging_mixin.py:115} INFO - [2024-12-18 22:39:35,986] {dag.py:2927} INFO - Setting next_dagrun for example_bash_operator to 2024-12-18T00:00:00+00:00, run_after=2024-12-19T00:00:00+00:00
[2024-12-18 22:39:36,018] {processor.py:161} INFO - Processing /home/patriciacorreia/Documents/airflowalura/venv/lib/python3.9/site-packages/airflow/example_dags/example_bash_operator.py took 0.165 seconds
[2024-12-18 22:40:19,335] {processor.py:153} INFO - Started process (PID=23754) to work on /home/patriciacorreia/Documents/airflowalura/venv/lib/python3.9/site-packages/airflow/example_dags/example_bash_operator.py
[2024-12-18 22:40:19,338] {processor.py:641} INFO - Processing file /home/patriciacorreia/Documents/airflowalura/venv/lib/python3.9/site-packages/airflow/example_dags/example_bash_operator.py for tasks to queue
[2024-12-18 22:40:19,341] {logging_mixin.py:115} INFO - [2024-12-18 22:40:19,341] {dagbag.py:507} INFO - Filling up the DagBag from /home/patriciacorreia/Documents/airflowalura/venv/lib/python3.9/site-packages/airflow/example_dags/example_bash_operator.py
[2024-12-18 22:40:19,407] {processor.py:651} INFO - DAG(s) dict_keys(['example_bash_operator']) retrieved from /home/patriciacorreia/Documents/airflowalura/venv/lib/python3.9/site-packages/airflow/example_dags/example_bash_operator.py
[2024-12-18 22:40:19,466] {logging_mixin.py:115} INFO - [2024-12-18 22:40:19,466] {dag.py:2379} INFO - Sync 1 DAGs
[2024-12-18 22:40:19,528] {logging_mixin.py:115} INFO - [2024-12-18 22:40:19,528] {dag.py:2927} INFO - Setting next_dagrun for example_bash_operator to 2024-12-18T00:00:00+00:00, run_after=2024-12-19T00:00:00+00:00
[2024-12-18 22:40:19,547] {processor.py:161} INFO - Processing /home/patriciacorreia/Documents/airflowalura/venv/lib/python3.9/site-packages/airflow/example_dags/example_bash_operator.py took 0.227 seconds
