[2024-12-18 22:05:28,623] {processor.py:153} INFO - Started process (PID=13811) to work on /home/patriciacorreia/Documents/airflowalura/venv/lib/python3.9/site-packages/airflow/example_dags/example_sla_dag.py
[2024-12-18 22:05:28,624] {processor.py:641} INFO - Processing file /home/patriciacorreia/Documents/airflowalura/venv/lib/python3.9/site-packages/airflow/example_dags/example_sla_dag.py for tasks to queue
[2024-12-18 22:05:28,625] {logging_mixin.py:115} INFO - [2024-12-18 22:05:28,625] {dagbag.py:507} INFO - Filling up the DagBag from /home/patriciacorreia/Documents/airflowalura/venv/lib/python3.9/site-packages/airflow/example_dags/example_sla_dag.py
[2024-12-18 22:05:28,661] {processor.py:651} INFO - DAG(s) dict_keys(['example_sla_dag']) retrieved from /home/patriciacorreia/Documents/airflowalura/venv/lib/python3.9/site-packages/airflow/example_dags/example_sla_dag.py
[2024-12-18 22:05:28,745] {logging_mixin.py:115} INFO - [2024-12-18 22:05:28,745] {manager.py:508} INFO - Created Permission View: can read on DAG:example_sla_dag
[2024-12-18 22:05:28,757] {logging_mixin.py:115} INFO - [2024-12-18 22:05:28,757] {manager.py:508} INFO - Created Permission View: can delete on DAG:example_sla_dag
[2024-12-18 22:05:28,766] {logging_mixin.py:115} INFO - [2024-12-18 22:05:28,766] {manager.py:508} INFO - Created Permission View: can edit on DAG:example_sla_dag
[2024-12-18 22:05:28,767] {logging_mixin.py:115} INFO - [2024-12-18 22:05:28,767] {dag.py:2379} INFO - Sync 1 DAGs
[2024-12-18 22:05:28,795] {logging_mixin.py:115} INFO - [2024-12-18 22:05:28,795] {dag.py:2398} INFO - Creating ORM DAG for example_sla_dag
[2024-12-18 22:05:28,830] {logging_mixin.py:115} INFO - [2024-12-18 22:05:28,830] {dag.py:2927} INFO - Setting next_dagrun for example_sla_dag to 2024-12-19T01:02:00+00:00, run_after=2024-12-19T01:04:00+00:00
[2024-12-18 22:05:28,856] {processor.py:161} INFO - Processing /home/patriciacorreia/Documents/airflowalura/venv/lib/python3.9/site-packages/airflow/example_dags/example_sla_dag.py took 0.237 seconds
[2024-12-18 22:06:06,127] {processor.py:153} INFO - Started process (PID=13931) to work on /home/patriciacorreia/Documents/airflowalura/venv/lib/python3.9/site-packages/airflow/example_dags/example_sla_dag.py
[2024-12-18 22:06:06,129] {processor.py:641} INFO - Processing file /home/patriciacorreia/Documents/airflowalura/venv/lib/python3.9/site-packages/airflow/example_dags/example_sla_dag.py for tasks to queue
[2024-12-18 22:06:06,130] {logging_mixin.py:115} INFO - [2024-12-18 22:06:06,129] {dagbag.py:507} INFO - Filling up the DagBag from /home/patriciacorreia/Documents/airflowalura/venv/lib/python3.9/site-packages/airflow/example_dags/example_sla_dag.py
[2024-12-18 22:06:06,153] {processor.py:651} INFO - DAG(s) dict_keys(['example_sla_dag']) retrieved from /home/patriciacorreia/Documents/airflowalura/venv/lib/python3.9/site-packages/airflow/example_dags/example_sla_dag.py
[2024-12-18 22:06:06,177] {logging_mixin.py:115} INFO - [2024-12-18 22:06:06,177] {dag.py:2379} INFO - Sync 1 DAGs
[2024-12-18 22:06:06,209] {logging_mixin.py:115} INFO - [2024-12-18 22:06:06,209] {dag.py:2927} INFO - Setting next_dagrun for example_sla_dag to 2024-12-19T01:04:00+00:00, run_after=2024-12-19T01:06:00+00:00
[2024-12-18 22:06:06,224] {processor.py:161} INFO - Processing /home/patriciacorreia/Documents/airflowalura/venv/lib/python3.9/site-packages/airflow/example_dags/example_sla_dag.py took 0.100 seconds
[2024-12-18 22:06:40,409] {processor.py:153} INFO - Started process (PID=14062) to work on /home/patriciacorreia/Documents/airflowalura/venv/lib/python3.9/site-packages/airflow/example_dags/example_sla_dag.py
[2024-12-18 22:06:40,411] {processor.py:641} INFO - Processing file /home/patriciacorreia/Documents/airflowalura/venv/lib/python3.9/site-packages/airflow/example_dags/example_sla_dag.py for tasks to queue
[2024-12-18 22:06:40,411] {logging_mixin.py:115} INFO - [2024-12-18 22:06:40,411] {dagbag.py:507} INFO - Filling up the DagBag from /home/patriciacorreia/Documents/airflowalura/venv/lib/python3.9/site-packages/airflow/example_dags/example_sla_dag.py
[2024-12-18 22:06:40,444] {processor.py:651} INFO - DAG(s) dict_keys(['example_sla_dag']) retrieved from /home/patriciacorreia/Documents/airflowalura/venv/lib/python3.9/site-packages/airflow/example_dags/example_sla_dag.py
[2024-12-18 22:06:40,465] {logging_mixin.py:115} INFO - [2024-12-18 22:06:40,465] {dag.py:2379} INFO - Sync 1 DAGs
[2024-12-18 22:06:40,495] {logging_mixin.py:115} INFO - [2024-12-18 22:06:40,495] {dag.py:2927} INFO - Setting next_dagrun for example_sla_dag to 2024-12-19T01:04:00+00:00, run_after=2024-12-19T01:06:00+00:00
[2024-12-18 22:06:40,510] {processor.py:161} INFO - Processing /home/patriciacorreia/Documents/airflowalura/venv/lib/python3.9/site-packages/airflow/example_dags/example_sla_dag.py took 0.104 seconds
[2024-12-18 22:07:18,450] {processor.py:153} INFO - Started process (PID=14181) to work on /home/patriciacorreia/Documents/airflowalura/venv/lib/python3.9/site-packages/airflow/example_dags/example_sla_dag.py
[2024-12-18 22:07:18,451] {processor.py:641} INFO - Processing file /home/patriciacorreia/Documents/airflowalura/venv/lib/python3.9/site-packages/airflow/example_dags/example_sla_dag.py for tasks to queue
[2024-12-18 22:07:18,452] {logging_mixin.py:115} INFO - [2024-12-18 22:07:18,452] {dagbag.py:507} INFO - Filling up the DagBag from /home/patriciacorreia/Documents/airflowalura/venv/lib/python3.9/site-packages/airflow/example_dags/example_sla_dag.py
[2024-12-18 22:07:18,482] {processor.py:651} INFO - DAG(s) dict_keys(['example_sla_dag']) retrieved from /home/patriciacorreia/Documents/airflowalura/venv/lib/python3.9/site-packages/airflow/example_dags/example_sla_dag.py
[2024-12-18 22:07:18,512] {logging_mixin.py:115} INFO - [2024-12-18 22:07:18,511] {dag.py:2379} INFO - Sync 1 DAGs
[2024-12-18 22:07:18,627] {logging_mixin.py:115} INFO - [2024-12-18 22:07:18,627] {dag.py:2927} INFO - Setting next_dagrun for example_sla_dag to 2024-12-19T01:04:00+00:00, run_after=2024-12-19T01:06:00+00:00
[2024-12-18 22:07:18,681] {processor.py:161} INFO - Processing /home/patriciacorreia/Documents/airflowalura/venv/lib/python3.9/site-packages/airflow/example_dags/example_sla_dag.py took 0.236 seconds
[2024-12-18 22:07:56,951] {processor.py:153} INFO - Started process (PID=14251) to work on /home/patriciacorreia/Documents/airflowalura/venv/lib/python3.9/site-packages/airflow/example_dags/example_sla_dag.py
[2024-12-18 22:07:56,956] {processor.py:641} INFO - Processing file /home/patriciacorreia/Documents/airflowalura/venv/lib/python3.9/site-packages/airflow/example_dags/example_sla_dag.py for tasks to queue
[2024-12-18 22:07:56,959] {logging_mixin.py:115} INFO - [2024-12-18 22:07:56,959] {dagbag.py:507} INFO - Filling up the DagBag from /home/patriciacorreia/Documents/airflowalura/venv/lib/python3.9/site-packages/airflow/example_dags/example_sla_dag.py
[2024-12-18 22:07:57,026] {processor.py:651} INFO - DAG(s) dict_keys(['example_sla_dag']) retrieved from /home/patriciacorreia/Documents/airflowalura/venv/lib/python3.9/site-packages/airflow/example_dags/example_sla_dag.py
[2024-12-18 22:07:57,052] {logging_mixin.py:115} INFO - [2024-12-18 22:07:57,052] {dag.py:2379} INFO - Sync 1 DAGs
[2024-12-18 22:07:57,090] {logging_mixin.py:115} INFO - [2024-12-18 22:07:57,090] {dag.py:2927} INFO - Setting next_dagrun for example_sla_dag to 2024-12-19T01:04:00+00:00, run_after=2024-12-19T01:06:00+00:00
[2024-12-18 22:07:57,107] {processor.py:161} INFO - Processing /home/patriciacorreia/Documents/airflowalura/venv/lib/python3.9/site-packages/airflow/example_dags/example_sla_dag.py took 0.178 seconds
[2024-12-18 22:08:34,693] {processor.py:153} INFO - Started process (PID=14373) to work on /home/patriciacorreia/Documents/airflowalura/venv/lib/python3.9/site-packages/airflow/example_dags/example_sla_dag.py
[2024-12-18 22:08:34,694] {processor.py:641} INFO - Processing file /home/patriciacorreia/Documents/airflowalura/venv/lib/python3.9/site-packages/airflow/example_dags/example_sla_dag.py for tasks to queue
[2024-12-18 22:08:34,695] {logging_mixin.py:115} INFO - [2024-12-18 22:08:34,695] {dagbag.py:507} INFO - Filling up the DagBag from /home/patriciacorreia/Documents/airflowalura/venv/lib/python3.9/site-packages/airflow/example_dags/example_sla_dag.py
[2024-12-18 22:08:34,718] {processor.py:651} INFO - DAG(s) dict_keys(['example_sla_dag']) retrieved from /home/patriciacorreia/Documents/airflowalura/venv/lib/python3.9/site-packages/airflow/example_dags/example_sla_dag.py
[2024-12-18 22:08:34,738] {logging_mixin.py:115} INFO - [2024-12-18 22:08:34,737] {dag.py:2379} INFO - Sync 1 DAGs
[2024-12-18 22:08:34,767] {logging_mixin.py:115} INFO - [2024-12-18 22:08:34,767] {dag.py:2927} INFO - Setting next_dagrun for example_sla_dag to 2024-12-19T01:06:00+00:00, run_after=2024-12-19T01:08:00+00:00
[2024-12-18 22:08:34,782] {processor.py:161} INFO - Processing /home/patriciacorreia/Documents/airflowalura/venv/lib/python3.9/site-packages/airflow/example_dags/example_sla_dag.py took 0.092 seconds
[2024-12-18 22:09:12,882] {processor.py:153} INFO - Started process (PID=14540) to work on /home/patriciacorreia/Documents/airflowalura/venv/lib/python3.9/site-packages/airflow/example_dags/example_sla_dag.py
[2024-12-18 22:09:12,885] {processor.py:641} INFO - Processing file /home/patriciacorreia/Documents/airflowalura/venv/lib/python3.9/site-packages/airflow/example_dags/example_sla_dag.py for tasks to queue
[2024-12-18 22:09:12,886] {logging_mixin.py:115} INFO - [2024-12-18 22:09:12,886] {dagbag.py:507} INFO - Filling up the DagBag from /home/patriciacorreia/Documents/airflowalura/venv/lib/python3.9/site-packages/airflow/example_dags/example_sla_dag.py
[2024-12-18 22:09:12,931] {processor.py:651} INFO - DAG(s) dict_keys(['example_sla_dag']) retrieved from /home/patriciacorreia/Documents/airflowalura/venv/lib/python3.9/site-packages/airflow/example_dags/example_sla_dag.py
[2024-12-18 22:09:12,970] {logging_mixin.py:115} INFO - [2024-12-18 22:09:12,970] {dag.py:2379} INFO - Sync 1 DAGs
[2024-12-18 22:09:13,026] {logging_mixin.py:115} INFO - [2024-12-18 22:09:13,026] {dag.py:2927} INFO - Setting next_dagrun for example_sla_dag to 2024-12-19T01:06:00+00:00, run_after=2024-12-19T01:08:00+00:00
[2024-12-18 22:09:13,052] {processor.py:161} INFO - Processing /home/patriciacorreia/Documents/airflowalura/venv/lib/python3.9/site-packages/airflow/example_dags/example_sla_dag.py took 0.180 seconds
[2024-12-18 22:09:52,487] {processor.py:153} INFO - Started process (PID=14751) to work on /home/patriciacorreia/Documents/airflowalura/venv/lib/python3.9/site-packages/airflow/example_dags/example_sla_dag.py
[2024-12-18 22:09:52,489] {processor.py:641} INFO - Processing file /home/patriciacorreia/Documents/airflowalura/venv/lib/python3.9/site-packages/airflow/example_dags/example_sla_dag.py for tasks to queue
[2024-12-18 22:09:52,490] {logging_mixin.py:115} INFO - [2024-12-18 22:09:52,490] {dagbag.py:507} INFO - Filling up the DagBag from /home/patriciacorreia/Documents/airflowalura/venv/lib/python3.9/site-packages/airflow/example_dags/example_sla_dag.py
[2024-12-18 22:09:52,530] {processor.py:651} INFO - DAG(s) dict_keys(['example_sla_dag']) retrieved from /home/patriciacorreia/Documents/airflowalura/venv/lib/python3.9/site-packages/airflow/example_dags/example_sla_dag.py
[2024-12-18 22:09:52,568] {logging_mixin.py:115} INFO - [2024-12-18 22:09:52,567] {dag.py:2379} INFO - Sync 1 DAGs
[2024-12-18 22:09:52,598] {logging_mixin.py:115} INFO - [2024-12-18 22:09:52,597] {dag.py:2927} INFO - Setting next_dagrun for example_sla_dag to 2024-12-19T01:06:00+00:00, run_after=2024-12-19T01:08:00+00:00
[2024-12-18 22:09:52,618] {processor.py:161} INFO - Processing /home/patriciacorreia/Documents/airflowalura/venv/lib/python3.9/site-packages/airflow/example_dags/example_sla_dag.py took 0.138 seconds
[2024-12-18 22:10:27,535] {processor.py:153} INFO - Started process (PID=15012) to work on /home/patriciacorreia/Documents/airflowalura/venv/lib/python3.9/site-packages/airflow/example_dags/example_sla_dag.py
[2024-12-18 22:10:27,536] {processor.py:641} INFO - Processing file /home/patriciacorreia/Documents/airflowalura/venv/lib/python3.9/site-packages/airflow/example_dags/example_sla_dag.py for tasks to queue
[2024-12-18 22:10:27,537] {logging_mixin.py:115} INFO - [2024-12-18 22:10:27,537] {dagbag.py:507} INFO - Filling up the DagBag from /home/patriciacorreia/Documents/airflowalura/venv/lib/python3.9/site-packages/airflow/example_dags/example_sla_dag.py
[2024-12-18 22:10:27,561] {processor.py:651} INFO - DAG(s) dict_keys(['example_sla_dag']) retrieved from /home/patriciacorreia/Documents/airflowalura/venv/lib/python3.9/site-packages/airflow/example_dags/example_sla_dag.py
[2024-12-18 22:10:27,584] {logging_mixin.py:115} INFO - [2024-12-18 22:10:27,584] {dag.py:2379} INFO - Sync 1 DAGs
[2024-12-18 22:10:27,631] {logging_mixin.py:115} INFO - [2024-12-18 22:10:27,631] {dag.py:2927} INFO - Setting next_dagrun for example_sla_dag to 2024-12-19T01:08:00+00:00, run_after=2024-12-19T01:10:00+00:00
[2024-12-18 22:10:27,670] {processor.py:161} INFO - Processing /home/patriciacorreia/Documents/airflowalura/venv/lib/python3.9/site-packages/airflow/example_dags/example_sla_dag.py took 0.139 seconds
[2024-12-18 22:11:04,509] {processor.py:153} INFO - Started process (PID=15402) to work on /home/patriciacorreia/Documents/airflowalura/venv/lib/python3.9/site-packages/airflow/example_dags/example_sla_dag.py
[2024-12-18 22:11:04,511] {processor.py:641} INFO - Processing file /home/patriciacorreia/Documents/airflowalura/venv/lib/python3.9/site-packages/airflow/example_dags/example_sla_dag.py for tasks to queue
[2024-12-18 22:11:04,513] {logging_mixin.py:115} INFO - [2024-12-18 22:11:04,513] {dagbag.py:507} INFO - Filling up the DagBag from /home/patriciacorreia/Documents/airflowalura/venv/lib/python3.9/site-packages/airflow/example_dags/example_sla_dag.py
[2024-12-18 22:11:04,543] {processor.py:651} INFO - DAG(s) dict_keys(['example_sla_dag']) retrieved from /home/patriciacorreia/Documents/airflowalura/venv/lib/python3.9/site-packages/airflow/example_dags/example_sla_dag.py
[2024-12-18 22:11:04,567] {logging_mixin.py:115} INFO - [2024-12-18 22:11:04,567] {dag.py:2379} INFO - Sync 1 DAGs
[2024-12-18 22:11:04,604] {logging_mixin.py:115} INFO - [2024-12-18 22:11:04,604] {dag.py:2927} INFO - Setting next_dagrun for example_sla_dag to 2024-12-19T01:08:00+00:00, run_after=2024-12-19T01:10:00+00:00
[2024-12-18 22:11:04,628] {processor.py:161} INFO - Processing /home/patriciacorreia/Documents/airflowalura/venv/lib/python3.9/site-packages/airflow/example_dags/example_sla_dag.py took 0.126 seconds
[2024-12-18 22:11:40,493] {processor.py:153} INFO - Started process (PID=15556) to work on /home/patriciacorreia/Documents/airflowalura/venv/lib/python3.9/site-packages/airflow/example_dags/example_sla_dag.py
[2024-12-18 22:11:40,497] {processor.py:641} INFO - Processing file /home/patriciacorreia/Documents/airflowalura/venv/lib/python3.9/site-packages/airflow/example_dags/example_sla_dag.py for tasks to queue
[2024-12-18 22:11:40,499] {logging_mixin.py:115} INFO - [2024-12-18 22:11:40,499] {dagbag.py:507} INFO - Filling up the DagBag from /home/patriciacorreia/Documents/airflowalura/venv/lib/python3.9/site-packages/airflow/example_dags/example_sla_dag.py
[2024-12-18 22:11:40,572] {processor.py:651} INFO - DAG(s) dict_keys(['example_sla_dag']) retrieved from /home/patriciacorreia/Documents/airflowalura/venv/lib/python3.9/site-packages/airflow/example_dags/example_sla_dag.py
[2024-12-18 22:11:40,629] {logging_mixin.py:115} INFO - [2024-12-18 22:11:40,629] {dag.py:2379} INFO - Sync 1 DAGs
[2024-12-18 22:11:40,810] {logging_mixin.py:115} INFO - [2024-12-18 22:11:40,810] {dag.py:2927} INFO - Setting next_dagrun for example_sla_dag to 2024-12-19T01:08:00+00:00, run_after=2024-12-19T01:10:00+00:00
[2024-12-18 22:11:40,880] {processor.py:161} INFO - Processing /home/patriciacorreia/Documents/airflowalura/venv/lib/python3.9/site-packages/airflow/example_dags/example_sla_dag.py took 0.399 seconds
[2024-12-18 22:12:21,103] {processor.py:153} INFO - Started process (PID=15739) to work on /home/patriciacorreia/Documents/airflowalura/venv/lib/python3.9/site-packages/airflow/example_dags/example_sla_dag.py
[2024-12-18 22:12:21,107] {processor.py:641} INFO - Processing file /home/patriciacorreia/Documents/airflowalura/venv/lib/python3.9/site-packages/airflow/example_dags/example_sla_dag.py for tasks to queue
[2024-12-18 22:12:21,109] {logging_mixin.py:115} INFO - [2024-12-18 22:12:21,109] {dagbag.py:507} INFO - Filling up the DagBag from /home/patriciacorreia/Documents/airflowalura/venv/lib/python3.9/site-packages/airflow/example_dags/example_sla_dag.py
[2024-12-18 22:12:21,177] {processor.py:651} INFO - DAG(s) dict_keys(['example_sla_dag']) retrieved from /home/patriciacorreia/Documents/airflowalura/venv/lib/python3.9/site-packages/airflow/example_dags/example_sla_dag.py
[2024-12-18 22:12:21,235] {logging_mixin.py:115} INFO - [2024-12-18 22:12:21,234] {dag.py:2379} INFO - Sync 1 DAGs
[2024-12-18 22:12:21,311] {logging_mixin.py:115} INFO - [2024-12-18 22:12:21,310] {dag.py:2927} INFO - Setting next_dagrun for example_sla_dag to 2024-12-19T01:10:00+00:00, run_after=2024-12-19T01:12:00+00:00
[2024-12-18 22:12:21,371] {processor.py:161} INFO - Processing /home/patriciacorreia/Documents/airflowalura/venv/lib/python3.9/site-packages/airflow/example_dags/example_sla_dag.py took 0.280 seconds
[2024-12-18 22:13:05,569] {processor.py:153} INFO - Started process (PID=15937) to work on /home/patriciacorreia/Documents/airflowalura/venv/lib/python3.9/site-packages/airflow/example_dags/example_sla_dag.py
[2024-12-18 22:13:05,572] {processor.py:641} INFO - Processing file /home/patriciacorreia/Documents/airflowalura/venv/lib/python3.9/site-packages/airflow/example_dags/example_sla_dag.py for tasks to queue
[2024-12-18 22:13:05,574] {logging_mixin.py:115} INFO - [2024-12-18 22:13:05,574] {dagbag.py:507} INFO - Filling up the DagBag from /home/patriciacorreia/Documents/airflowalura/venv/lib/python3.9/site-packages/airflow/example_dags/example_sla_dag.py
[2024-12-18 22:13:05,633] {processor.py:651} INFO - DAG(s) dict_keys(['example_sla_dag']) retrieved from /home/patriciacorreia/Documents/airflowalura/venv/lib/python3.9/site-packages/airflow/example_dags/example_sla_dag.py
[2024-12-18 22:13:05,675] {logging_mixin.py:115} INFO - [2024-12-18 22:13:05,674] {dag.py:2379} INFO - Sync 1 DAGs
[2024-12-18 22:13:05,705] {logging_mixin.py:115} INFO - [2024-12-18 22:13:05,705] {dag.py:2927} INFO - Setting next_dagrun for example_sla_dag to 2024-12-19T01:10:00+00:00, run_after=2024-12-19T01:12:00+00:00
[2024-12-18 22:13:05,724] {processor.py:161} INFO - Processing /home/patriciacorreia/Documents/airflowalura/venv/lib/python3.9/site-packages/airflow/example_dags/example_sla_dag.py took 0.166 seconds
[2024-12-18 22:13:42,557] {processor.py:153} INFO - Started process (PID=16106) to work on /home/patriciacorreia/Documents/airflowalura/venv/lib/python3.9/site-packages/airflow/example_dags/example_sla_dag.py
[2024-12-18 22:13:42,560] {processor.py:641} INFO - Processing file /home/patriciacorreia/Documents/airflowalura/venv/lib/python3.9/site-packages/airflow/example_dags/example_sla_dag.py for tasks to queue
[2024-12-18 22:13:42,562] {logging_mixin.py:115} INFO - [2024-12-18 22:13:42,561] {dagbag.py:507} INFO - Filling up the DagBag from /home/patriciacorreia/Documents/airflowalura/venv/lib/python3.9/site-packages/airflow/example_dags/example_sla_dag.py
[2024-12-18 22:13:42,613] {processor.py:651} INFO - DAG(s) dict_keys(['example_sla_dag']) retrieved from /home/patriciacorreia/Documents/airflowalura/venv/lib/python3.9/site-packages/airflow/example_dags/example_sla_dag.py
[2024-12-18 22:13:42,654] {logging_mixin.py:115} INFO - [2024-12-18 22:13:42,654] {dag.py:2379} INFO - Sync 1 DAGs
[2024-12-18 22:13:42,769] {logging_mixin.py:115} INFO - [2024-12-18 22:13:42,769] {dag.py:2927} INFO - Setting next_dagrun for example_sla_dag to 2024-12-19T01:10:00+00:00, run_after=2024-12-19T01:12:00+00:00
[2024-12-18 22:13:42,819] {processor.py:161} INFO - Processing /home/patriciacorreia/Documents/airflowalura/venv/lib/python3.9/site-packages/airflow/example_dags/example_sla_dag.py took 0.272 seconds
[2024-12-18 22:14:20,681] {processor.py:153} INFO - Started process (PID=16297) to work on /home/patriciacorreia/Documents/airflowalura/venv/lib/python3.9/site-packages/airflow/example_dags/example_sla_dag.py
[2024-12-18 22:14:20,683] {processor.py:641} INFO - Processing file /home/patriciacorreia/Documents/airflowalura/venv/lib/python3.9/site-packages/airflow/example_dags/example_sla_dag.py for tasks to queue
[2024-12-18 22:14:20,685] {logging_mixin.py:115} INFO - [2024-12-18 22:14:20,685] {dagbag.py:507} INFO - Filling up the DagBag from /home/patriciacorreia/Documents/airflowalura/venv/lib/python3.9/site-packages/airflow/example_dags/example_sla_dag.py
[2024-12-18 22:14:20,742] {processor.py:651} INFO - DAG(s) dict_keys(['example_sla_dag']) retrieved from /home/patriciacorreia/Documents/airflowalura/venv/lib/python3.9/site-packages/airflow/example_dags/example_sla_dag.py
[2024-12-18 22:14:20,780] {logging_mixin.py:115} INFO - [2024-12-18 22:14:20,780] {dag.py:2379} INFO - Sync 1 DAGs
[2024-12-18 22:14:20,832] {logging_mixin.py:115} INFO - [2024-12-18 22:14:20,832] {dag.py:2927} INFO - Setting next_dagrun for example_sla_dag to 2024-12-19T01:12:00+00:00, run_after=2024-12-19T01:14:00+00:00
[2024-12-18 22:14:20,860] {processor.py:161} INFO - Processing /home/patriciacorreia/Documents/airflowalura/venv/lib/python3.9/site-packages/airflow/example_dags/example_sla_dag.py took 0.186 seconds
[2024-12-18 22:14:55,839] {processor.py:153} INFO - Started process (PID=16469) to work on /home/patriciacorreia/Documents/airflowalura/venv/lib/python3.9/site-packages/airflow/example_dags/example_sla_dag.py
[2024-12-18 22:14:55,847] {processor.py:641} INFO - Processing file /home/patriciacorreia/Documents/airflowalura/venv/lib/python3.9/site-packages/airflow/example_dags/example_sla_dag.py for tasks to queue
[2024-12-18 22:14:55,852] {logging_mixin.py:115} INFO - [2024-12-18 22:14:55,851] {dagbag.py:507} INFO - Filling up the DagBag from /home/patriciacorreia/Documents/airflowalura/venv/lib/python3.9/site-packages/airflow/example_dags/example_sla_dag.py
[2024-12-18 22:14:55,914] {processor.py:651} INFO - DAG(s) dict_keys(['example_sla_dag']) retrieved from /home/patriciacorreia/Documents/airflowalura/venv/lib/python3.9/site-packages/airflow/example_dags/example_sla_dag.py
[2024-12-18 22:14:55,937] {logging_mixin.py:115} INFO - [2024-12-18 22:14:55,937] {dag.py:2379} INFO - Sync 1 DAGs
[2024-12-18 22:14:55,968] {logging_mixin.py:115} INFO - [2024-12-18 22:14:55,968] {dag.py:2927} INFO - Setting next_dagrun for example_sla_dag to 2024-12-19T01:12:00+00:00, run_after=2024-12-19T01:14:00+00:00
[2024-12-18 22:14:55,994] {processor.py:161} INFO - Processing /home/patriciacorreia/Documents/airflowalura/venv/lib/python3.9/site-packages/airflow/example_dags/example_sla_dag.py took 0.183 seconds
[2024-12-18 22:15:34,259] {processor.py:153} INFO - Started process (PID=16661) to work on /home/patriciacorreia/Documents/airflowalura/venv/lib/python3.9/site-packages/airflow/example_dags/example_sla_dag.py
[2024-12-18 22:15:34,262] {processor.py:641} INFO - Processing file /home/patriciacorreia/Documents/airflowalura/venv/lib/python3.9/site-packages/airflow/example_dags/example_sla_dag.py for tasks to queue
[2024-12-18 22:15:34,264] {logging_mixin.py:115} INFO - [2024-12-18 22:15:34,263] {dagbag.py:507} INFO - Filling up the DagBag from /home/patriciacorreia/Documents/airflowalura/venv/lib/python3.9/site-packages/airflow/example_dags/example_sla_dag.py
[2024-12-18 22:15:34,362] {processor.py:651} INFO - DAG(s) dict_keys(['example_sla_dag']) retrieved from /home/patriciacorreia/Documents/airflowalura/venv/lib/python3.9/site-packages/airflow/example_dags/example_sla_dag.py
[2024-12-18 22:15:34,439] {logging_mixin.py:115} INFO - [2024-12-18 22:15:34,438] {dag.py:2379} INFO - Sync 1 DAGs
[2024-12-18 22:15:34,489] {logging_mixin.py:115} INFO - [2024-12-18 22:15:34,489] {dag.py:2927} INFO - Setting next_dagrun for example_sla_dag to 2024-12-19T01:12:00+00:00, run_after=2024-12-19T01:14:00+00:00
[2024-12-18 22:15:34,533] {processor.py:161} INFO - Processing /home/patriciacorreia/Documents/airflowalura/venv/lib/python3.9/site-packages/airflow/example_dags/example_sla_dag.py took 0.288 seconds
[2024-12-18 22:16:20,918] {processor.py:153} INFO - Started process (PID=16911) to work on /home/patriciacorreia/Documents/airflowalura/venv/lib/python3.9/site-packages/airflow/example_dags/example_sla_dag.py
[2024-12-18 22:16:20,924] {processor.py:641} INFO - Processing file /home/patriciacorreia/Documents/airflowalura/venv/lib/python3.9/site-packages/airflow/example_dags/example_sla_dag.py for tasks to queue
[2024-12-18 22:16:20,928] {logging_mixin.py:115} INFO - [2024-12-18 22:16:20,927] {dagbag.py:507} INFO - Filling up the DagBag from /home/patriciacorreia/Documents/airflowalura/venv/lib/python3.9/site-packages/airflow/example_dags/example_sla_dag.py
[2024-12-18 22:16:21,024] {processor.py:651} INFO - DAG(s) dict_keys(['example_sla_dag']) retrieved from /home/patriciacorreia/Documents/airflowalura/venv/lib/python3.9/site-packages/airflow/example_dags/example_sla_dag.py
[2024-12-18 22:16:21,064] {logging_mixin.py:115} INFO - [2024-12-18 22:16:21,063] {dag.py:2379} INFO - Sync 1 DAGs
[2024-12-18 22:16:21,164] {logging_mixin.py:115} INFO - [2024-12-18 22:16:21,164] {dag.py:2927} INFO - Setting next_dagrun for example_sla_dag to 2024-12-19T01:14:00+00:00, run_after=2024-12-19T01:16:00+00:00
[2024-12-18 22:16:21,207] {processor.py:161} INFO - Processing /home/patriciacorreia/Documents/airflowalura/venv/lib/python3.9/site-packages/airflow/example_dags/example_sla_dag.py took 0.309 seconds
[2024-12-18 22:17:04,272] {processor.py:153} INFO - Started process (PID=17174) to work on /home/patriciacorreia/Documents/airflowalura/venv/lib/python3.9/site-packages/airflow/example_dags/example_sla_dag.py
[2024-12-18 22:17:04,276] {processor.py:641} INFO - Processing file /home/patriciacorreia/Documents/airflowalura/venv/lib/python3.9/site-packages/airflow/example_dags/example_sla_dag.py for tasks to queue
[2024-12-18 22:17:04,278] {logging_mixin.py:115} INFO - [2024-12-18 22:17:04,278] {dagbag.py:507} INFO - Filling up the DagBag from /home/patriciacorreia/Documents/airflowalura/venv/lib/python3.9/site-packages/airflow/example_dags/example_sla_dag.py
[2024-12-18 22:17:04,359] {processor.py:651} INFO - DAG(s) dict_keys(['example_sla_dag']) retrieved from /home/patriciacorreia/Documents/airflowalura/venv/lib/python3.9/site-packages/airflow/example_dags/example_sla_dag.py
[2024-12-18 22:17:04,385] {logging_mixin.py:115} INFO - [2024-12-18 22:17:04,385] {dag.py:2379} INFO - Sync 1 DAGs
[2024-12-18 22:17:04,419] {logging_mixin.py:115} INFO - [2024-12-18 22:17:04,419] {dag.py:2927} INFO - Setting next_dagrun for example_sla_dag to 2024-12-19T01:14:00+00:00, run_after=2024-12-19T01:16:00+00:00
[2024-12-18 22:17:04,435] {processor.py:161} INFO - Processing /home/patriciacorreia/Documents/airflowalura/venv/lib/python3.9/site-packages/airflow/example_dags/example_sla_dag.py took 0.185 seconds
[2024-12-18 22:17:42,566] {processor.py:153} INFO - Started process (PID=17357) to work on /home/patriciacorreia/Documents/airflowalura/venv/lib/python3.9/site-packages/airflow/example_dags/example_sla_dag.py
[2024-12-18 22:17:42,568] {processor.py:641} INFO - Processing file /home/patriciacorreia/Documents/airflowalura/venv/lib/python3.9/site-packages/airflow/example_dags/example_sla_dag.py for tasks to queue
[2024-12-18 22:17:42,569] {logging_mixin.py:115} INFO - [2024-12-18 22:17:42,569] {dagbag.py:507} INFO - Filling up the DagBag from /home/patriciacorreia/Documents/airflowalura/venv/lib/python3.9/site-packages/airflow/example_dags/example_sla_dag.py
[2024-12-18 22:17:42,610] {processor.py:651} INFO - DAG(s) dict_keys(['example_sla_dag']) retrieved from /home/patriciacorreia/Documents/airflowalura/venv/lib/python3.9/site-packages/airflow/example_dags/example_sla_dag.py
[2024-12-18 22:17:42,637] {logging_mixin.py:115} INFO - [2024-12-18 22:17:42,637] {dag.py:2379} INFO - Sync 1 DAGs
[2024-12-18 22:17:42,671] {logging_mixin.py:115} INFO - [2024-12-18 22:17:42,671] {dag.py:2927} INFO - Setting next_dagrun for example_sla_dag to 2024-12-19T01:14:00+00:00, run_after=2024-12-19T01:16:00+00:00
[2024-12-18 22:17:42,692] {processor.py:161} INFO - Processing /home/patriciacorreia/Documents/airflowalura/venv/lib/python3.9/site-packages/airflow/example_dags/example_sla_dag.py took 0.132 seconds
[2024-12-18 22:18:18,178] {processor.py:153} INFO - Started process (PID=17517) to work on /home/patriciacorreia/Documents/airflowalura/venv/lib/python3.9/site-packages/airflow/example_dags/example_sla_dag.py
[2024-12-18 22:18:18,181] {processor.py:641} INFO - Processing file /home/patriciacorreia/Documents/airflowalura/venv/lib/python3.9/site-packages/airflow/example_dags/example_sla_dag.py for tasks to queue
[2024-12-18 22:18:18,183] {logging_mixin.py:115} INFO - [2024-12-18 22:18:18,183] {dagbag.py:507} INFO - Filling up the DagBag from /home/patriciacorreia/Documents/airflowalura/venv/lib/python3.9/site-packages/airflow/example_dags/example_sla_dag.py
[2024-12-18 22:18:18,251] {processor.py:651} INFO - DAG(s) dict_keys(['example_sla_dag']) retrieved from /home/patriciacorreia/Documents/airflowalura/venv/lib/python3.9/site-packages/airflow/example_dags/example_sla_dag.py
[2024-12-18 22:18:18,305] {logging_mixin.py:115} INFO - [2024-12-18 22:18:18,305] {dag.py:2379} INFO - Sync 1 DAGs
[2024-12-18 22:18:18,393] {logging_mixin.py:115} INFO - [2024-12-18 22:18:18,393] {dag.py:2927} INFO - Setting next_dagrun for example_sla_dag to 2024-12-19T01:16:00+00:00, run_after=2024-12-19T01:18:00+00:00
[2024-12-18 22:18:18,443] {processor.py:161} INFO - Processing /home/patriciacorreia/Documents/airflowalura/venv/lib/python3.9/site-packages/airflow/example_dags/example_sla_dag.py took 0.277 seconds
[2024-12-18 22:19:37,575] {processor.py:153} INFO - Started process (PID=17861) to work on /home/patriciacorreia/Documents/airflowalura/venv/lib/python3.9/site-packages/airflow/example_dags/example_sla_dag.py
[2024-12-18 22:19:37,576] {processor.py:641} INFO - Processing file /home/patriciacorreia/Documents/airflowalura/venv/lib/python3.9/site-packages/airflow/example_dags/example_sla_dag.py for tasks to queue
[2024-12-18 22:19:37,577] {logging_mixin.py:115} INFO - [2024-12-18 22:19:37,577] {dagbag.py:507} INFO - Filling up the DagBag from /home/patriciacorreia/Documents/airflowalura/venv/lib/python3.9/site-packages/airflow/example_dags/example_sla_dag.py
[2024-12-18 22:19:37,609] {processor.py:651} INFO - DAG(s) dict_keys(['example_sla_dag']) retrieved from /home/patriciacorreia/Documents/airflowalura/venv/lib/python3.9/site-packages/airflow/example_dags/example_sla_dag.py
[2024-12-18 22:19:37,637] {logging_mixin.py:115} INFO - [2024-12-18 22:19:37,636] {dag.py:2379} INFO - Sync 1 DAGs
[2024-12-18 22:19:37,670] {logging_mixin.py:115} INFO - [2024-12-18 22:19:37,670] {dag.py:2927} INFO - Setting next_dagrun for example_sla_dag to 2024-12-19T01:16:00+00:00, run_after=2024-12-19T01:18:00+00:00
[2024-12-18 22:19:37,688] {processor.py:161} INFO - Processing /home/patriciacorreia/Documents/airflowalura/venv/lib/python3.9/site-packages/airflow/example_dags/example_sla_dag.py took 0.118 seconds
[2024-12-18 22:20:19,049] {processor.py:153} INFO - Started process (PID=18063) to work on /home/patriciacorreia/Documents/airflowalura/venv/lib/python3.9/site-packages/airflow/example_dags/example_sla_dag.py
[2024-12-18 22:20:19,050] {processor.py:641} INFO - Processing file /home/patriciacorreia/Documents/airflowalura/venv/lib/python3.9/site-packages/airflow/example_dags/example_sla_dag.py for tasks to queue
[2024-12-18 22:20:19,051] {logging_mixin.py:115} INFO - [2024-12-18 22:20:19,051] {dagbag.py:507} INFO - Filling up the DagBag from /home/patriciacorreia/Documents/airflowalura/venv/lib/python3.9/site-packages/airflow/example_dags/example_sla_dag.py
[2024-12-18 22:20:19,086] {processor.py:651} INFO - DAG(s) dict_keys(['example_sla_dag']) retrieved from /home/patriciacorreia/Documents/airflowalura/venv/lib/python3.9/site-packages/airflow/example_dags/example_sla_dag.py
[2024-12-18 22:20:19,120] {logging_mixin.py:115} INFO - [2024-12-18 22:20:19,120] {dag.py:2379} INFO - Sync 1 DAGs
[2024-12-18 22:20:19,158] {logging_mixin.py:115} INFO - [2024-12-18 22:20:19,158] {dag.py:2927} INFO - Setting next_dagrun for example_sla_dag to 2024-12-19T01:18:00+00:00, run_after=2024-12-19T01:20:00+00:00
[2024-12-18 22:20:19,177] {processor.py:161} INFO - Processing /home/patriciacorreia/Documents/airflowalura/venv/lib/python3.9/site-packages/airflow/example_dags/example_sla_dag.py took 0.134 seconds
[2024-12-18 22:20:57,072] {processor.py:153} INFO - Started process (PID=18259) to work on /home/patriciacorreia/Documents/airflowalura/venv/lib/python3.9/site-packages/airflow/example_dags/example_sla_dag.py
[2024-12-18 22:20:57,077] {processor.py:641} INFO - Processing file /home/patriciacorreia/Documents/airflowalura/venv/lib/python3.9/site-packages/airflow/example_dags/example_sla_dag.py for tasks to queue
[2024-12-18 22:20:57,080] {logging_mixin.py:115} INFO - [2024-12-18 22:20:57,080] {dagbag.py:507} INFO - Filling up the DagBag from /home/patriciacorreia/Documents/airflowalura/venv/lib/python3.9/site-packages/airflow/example_dags/example_sla_dag.py
[2024-12-18 22:20:57,207] {processor.py:651} INFO - DAG(s) dict_keys(['example_sla_dag']) retrieved from /home/patriciacorreia/Documents/airflowalura/venv/lib/python3.9/site-packages/airflow/example_dags/example_sla_dag.py
[2024-12-18 22:20:57,236] {logging_mixin.py:115} INFO - [2024-12-18 22:20:57,236] {dag.py:2379} INFO - Sync 1 DAGs
[2024-12-18 22:20:57,280] {logging_mixin.py:115} INFO - [2024-12-18 22:20:57,279] {dag.py:2927} INFO - Setting next_dagrun for example_sla_dag to 2024-12-19T01:18:00+00:00, run_after=2024-12-19T01:20:00+00:00
[2024-12-18 22:20:57,306] {processor.py:161} INFO - Processing /home/patriciacorreia/Documents/airflowalura/venv/lib/python3.9/site-packages/airflow/example_dags/example_sla_dag.py took 0.259 seconds
[2024-12-18 22:21:38,438] {processor.py:153} INFO - Started process (PID=18450) to work on /home/patriciacorreia/Documents/airflowalura/venv/lib/python3.9/site-packages/airflow/example_dags/example_sla_dag.py
[2024-12-18 22:21:38,440] {processor.py:641} INFO - Processing file /home/patriciacorreia/Documents/airflowalura/venv/lib/python3.9/site-packages/airflow/example_dags/example_sla_dag.py for tasks to queue
[2024-12-18 22:21:38,441] {logging_mixin.py:115} INFO - [2024-12-18 22:21:38,441] {dagbag.py:507} INFO - Filling up the DagBag from /home/patriciacorreia/Documents/airflowalura/venv/lib/python3.9/site-packages/airflow/example_dags/example_sla_dag.py
[2024-12-18 22:21:38,477] {processor.py:651} INFO - DAG(s) dict_keys(['example_sla_dag']) retrieved from /home/patriciacorreia/Documents/airflowalura/venv/lib/python3.9/site-packages/airflow/example_dags/example_sla_dag.py
[2024-12-18 22:21:38,510] {logging_mixin.py:115} INFO - [2024-12-18 22:21:38,510] {dag.py:2379} INFO - Sync 1 DAGs
[2024-12-18 22:21:38,555] {logging_mixin.py:115} INFO - [2024-12-18 22:21:38,555] {dag.py:2927} INFO - Setting next_dagrun for example_sla_dag to 2024-12-19T01:18:00+00:00, run_after=2024-12-19T01:20:00+00:00
[2024-12-18 22:21:38,578] {processor.py:161} INFO - Processing /home/patriciacorreia/Documents/airflowalura/venv/lib/python3.9/site-packages/airflow/example_dags/example_sla_dag.py took 0.148 seconds
[2024-12-18 22:22:16,656] {processor.py:153} INFO - Started process (PID=18622) to work on /home/patriciacorreia/Documents/airflowalura/venv/lib/python3.9/site-packages/airflow/example_dags/example_sla_dag.py
[2024-12-18 22:22:16,660] {processor.py:641} INFO - Processing file /home/patriciacorreia/Documents/airflowalura/venv/lib/python3.9/site-packages/airflow/example_dags/example_sla_dag.py for tasks to queue
[2024-12-18 22:22:16,663] {logging_mixin.py:115} INFO - [2024-12-18 22:22:16,662] {dagbag.py:507} INFO - Filling up the DagBag from /home/patriciacorreia/Documents/airflowalura/venv/lib/python3.9/site-packages/airflow/example_dags/example_sla_dag.py
[2024-12-18 22:22:16,797] {processor.py:651} INFO - DAG(s) dict_keys(['example_sla_dag']) retrieved from /home/patriciacorreia/Documents/airflowalura/venv/lib/python3.9/site-packages/airflow/example_dags/example_sla_dag.py
[2024-12-18 22:22:16,826] {logging_mixin.py:115} INFO - [2024-12-18 22:22:16,826] {dag.py:2379} INFO - Sync 1 DAGs
[2024-12-18 22:22:16,858] {logging_mixin.py:115} INFO - [2024-12-18 22:22:16,858] {dag.py:2927} INFO - Setting next_dagrun for example_sla_dag to 2024-12-19T01:20:00+00:00, run_after=2024-12-19T01:22:00+00:00
[2024-12-18 22:22:16,876] {processor.py:161} INFO - Processing /home/patriciacorreia/Documents/airflowalura/venv/lib/python3.9/site-packages/airflow/example_dags/example_sla_dag.py took 0.241 seconds
[2024-12-18 22:22:58,062] {processor.py:153} INFO - Started process (PID=18824) to work on /home/patriciacorreia/Documents/airflowalura/venv/lib/python3.9/site-packages/airflow/example_dags/example_sla_dag.py
[2024-12-18 22:22:58,071] {processor.py:641} INFO - Processing file /home/patriciacorreia/Documents/airflowalura/venv/lib/python3.9/site-packages/airflow/example_dags/example_sla_dag.py for tasks to queue
[2024-12-18 22:22:58,073] {logging_mixin.py:115} INFO - [2024-12-18 22:22:58,073] {dagbag.py:507} INFO - Filling up the DagBag from /home/patriciacorreia/Documents/airflowalura/venv/lib/python3.9/site-packages/airflow/example_dags/example_sla_dag.py
[2024-12-18 22:22:58,140] {processor.py:651} INFO - DAG(s) dict_keys(['example_sla_dag']) retrieved from /home/patriciacorreia/Documents/airflowalura/venv/lib/python3.9/site-packages/airflow/example_dags/example_sla_dag.py
[2024-12-18 22:22:58,190] {logging_mixin.py:115} INFO - [2024-12-18 22:22:58,190] {dag.py:2379} INFO - Sync 1 DAGs
[2024-12-18 22:22:58,268] {logging_mixin.py:115} INFO - [2024-12-18 22:22:58,268] {dag.py:2927} INFO - Setting next_dagrun for example_sla_dag to 2024-12-19T01:20:00+00:00, run_after=2024-12-19T01:22:00+00:00
[2024-12-18 22:22:58,307] {processor.py:161} INFO - Processing /home/patriciacorreia/Documents/airflowalura/venv/lib/python3.9/site-packages/airflow/example_dags/example_sla_dag.py took 0.266 seconds
[2024-12-18 22:23:41,640] {processor.py:153} INFO - Started process (PID=19020) to work on /home/patriciacorreia/Documents/airflowalura/venv/lib/python3.9/site-packages/airflow/example_dags/example_sla_dag.py
[2024-12-18 22:23:41,642] {processor.py:641} INFO - Processing file /home/patriciacorreia/Documents/airflowalura/venv/lib/python3.9/site-packages/airflow/example_dags/example_sla_dag.py for tasks to queue
[2024-12-18 22:23:41,643] {logging_mixin.py:115} INFO - [2024-12-18 22:23:41,643] {dagbag.py:507} INFO - Filling up the DagBag from /home/patriciacorreia/Documents/airflowalura/venv/lib/python3.9/site-packages/airflow/example_dags/example_sla_dag.py
[2024-12-18 22:23:41,717] {processor.py:651} INFO - DAG(s) dict_keys(['example_sla_dag']) retrieved from /home/patriciacorreia/Documents/airflowalura/venv/lib/python3.9/site-packages/airflow/example_dags/example_sla_dag.py
[2024-12-18 22:23:41,811] {logging_mixin.py:115} INFO - [2024-12-18 22:23:41,810] {dag.py:2379} INFO - Sync 1 DAGs
[2024-12-18 22:23:41,932] {logging_mixin.py:115} INFO - [2024-12-18 22:23:41,932] {dag.py:2927} INFO - Setting next_dagrun for example_sla_dag to 2024-12-19T01:20:00+00:00, run_after=2024-12-19T01:22:00+00:00
[2024-12-18 22:23:42,006] {processor.py:161} INFO - Processing /home/patriciacorreia/Documents/airflowalura/venv/lib/python3.9/site-packages/airflow/example_dags/example_sla_dag.py took 0.373 seconds
[2024-12-18 22:24:18,397] {processor.py:153} INFO - Started process (PID=19194) to work on /home/patriciacorreia/Documents/airflowalura/venv/lib/python3.9/site-packages/airflow/example_dags/example_sla_dag.py
[2024-12-18 22:24:18,399] {processor.py:641} INFO - Processing file /home/patriciacorreia/Documents/airflowalura/venv/lib/python3.9/site-packages/airflow/example_dags/example_sla_dag.py for tasks to queue
[2024-12-18 22:24:18,400] {logging_mixin.py:115} INFO - [2024-12-18 22:24:18,400] {dagbag.py:507} INFO - Filling up the DagBag from /home/patriciacorreia/Documents/airflowalura/venv/lib/python3.9/site-packages/airflow/example_dags/example_sla_dag.py
[2024-12-18 22:24:18,446] {processor.py:651} INFO - DAG(s) dict_keys(['example_sla_dag']) retrieved from /home/patriciacorreia/Documents/airflowalura/venv/lib/python3.9/site-packages/airflow/example_dags/example_sla_dag.py
[2024-12-18 22:24:18,482] {logging_mixin.py:115} INFO - [2024-12-18 22:24:18,481] {dag.py:2379} INFO - Sync 1 DAGs
[2024-12-18 22:24:18,535] {logging_mixin.py:115} INFO - [2024-12-18 22:24:18,534] {dag.py:2927} INFO - Setting next_dagrun for example_sla_dag to 2024-12-19T01:22:00+00:00, run_after=2024-12-19T01:24:00+00:00
[2024-12-18 22:24:18,562] {processor.py:161} INFO - Processing /home/patriciacorreia/Documents/airflowalura/venv/lib/python3.9/site-packages/airflow/example_dags/example_sla_dag.py took 0.172 seconds
[2024-12-18 22:24:54,604] {processor.py:153} INFO - Started process (PID=19363) to work on /home/patriciacorreia/Documents/airflowalura/venv/lib/python3.9/site-packages/airflow/example_dags/example_sla_dag.py
[2024-12-18 22:24:54,610] {processor.py:641} INFO - Processing file /home/patriciacorreia/Documents/airflowalura/venv/lib/python3.9/site-packages/airflow/example_dags/example_sla_dag.py for tasks to queue
[2024-12-18 22:24:54,614] {logging_mixin.py:115} INFO - [2024-12-18 22:24:54,613] {dagbag.py:507} INFO - Filling up the DagBag from /home/patriciacorreia/Documents/airflowalura/venv/lib/python3.9/site-packages/airflow/example_dags/example_sla_dag.py
[2024-12-18 22:24:54,699] {processor.py:651} INFO - DAG(s) dict_keys(['example_sla_dag']) retrieved from /home/patriciacorreia/Documents/airflowalura/venv/lib/python3.9/site-packages/airflow/example_dags/example_sla_dag.py
[2024-12-18 22:24:54,735] {logging_mixin.py:115} INFO - [2024-12-18 22:24:54,734] {dag.py:2379} INFO - Sync 1 DAGs
[2024-12-18 22:24:54,788] {logging_mixin.py:115} INFO - [2024-12-18 22:24:54,788] {dag.py:2927} INFO - Setting next_dagrun for example_sla_dag to 2024-12-19T01:22:00+00:00, run_after=2024-12-19T01:24:00+00:00
[2024-12-18 22:24:54,808] {processor.py:161} INFO - Processing /home/patriciacorreia/Documents/airflowalura/venv/lib/python3.9/site-packages/airflow/example_dags/example_sla_dag.py took 0.212 seconds
[2024-12-18 22:25:43,125] {processor.py:153} INFO - Started process (PID=19616) to work on /home/patriciacorreia/Documents/airflowalura/venv/lib/python3.9/site-packages/airflow/example_dags/example_sla_dag.py
[2024-12-18 22:25:43,130] {processor.py:641} INFO - Processing file /home/patriciacorreia/Documents/airflowalura/venv/lib/python3.9/site-packages/airflow/example_dags/example_sla_dag.py for tasks to queue
[2024-12-18 22:25:43,134] {logging_mixin.py:115} INFO - [2024-12-18 22:25:43,133] {dagbag.py:507} INFO - Filling up the DagBag from /home/patriciacorreia/Documents/airflowalura/venv/lib/python3.9/site-packages/airflow/example_dags/example_sla_dag.py
[2024-12-18 22:25:43,239] {processor.py:651} INFO - DAG(s) dict_keys(['example_sla_dag']) retrieved from /home/patriciacorreia/Documents/airflowalura/venv/lib/python3.9/site-packages/airflow/example_dags/example_sla_dag.py
[2024-12-18 22:25:43,330] {logging_mixin.py:115} INFO - [2024-12-18 22:25:43,328] {dag.py:2379} INFO - Sync 1 DAGs
[2024-12-18 22:25:43,468] {logging_mixin.py:115} INFO - [2024-12-18 22:25:43,467] {dag.py:2927} INFO - Setting next_dagrun for example_sla_dag to 2024-12-19T01:22:00+00:00, run_after=2024-12-19T01:24:00+00:00
[2024-12-18 22:25:43,532] {processor.py:161} INFO - Processing /home/patriciacorreia/Documents/airflowalura/venv/lib/python3.9/site-packages/airflow/example_dags/example_sla_dag.py took 0.428 seconds
[2024-12-18 22:26:25,460] {processor.py:153} INFO - Started process (PID=19794) to work on /home/patriciacorreia/Documents/airflowalura/venv/lib/python3.9/site-packages/airflow/example_dags/example_sla_dag.py
[2024-12-18 22:26:25,462] {processor.py:641} INFO - Processing file /home/patriciacorreia/Documents/airflowalura/venv/lib/python3.9/site-packages/airflow/example_dags/example_sla_dag.py for tasks to queue
[2024-12-18 22:26:25,466] {logging_mixin.py:115} INFO - [2024-12-18 22:26:25,466] {dagbag.py:507} INFO - Filling up the DagBag from /home/patriciacorreia/Documents/airflowalura/venv/lib/python3.9/site-packages/airflow/example_dags/example_sla_dag.py
[2024-12-18 22:26:25,528] {processor.py:651} INFO - DAG(s) dict_keys(['example_sla_dag']) retrieved from /home/patriciacorreia/Documents/airflowalura/venv/lib/python3.9/site-packages/airflow/example_dags/example_sla_dag.py
[2024-12-18 22:26:25,584] {logging_mixin.py:115} INFO - [2024-12-18 22:26:25,584] {dag.py:2379} INFO - Sync 1 DAGs
[2024-12-18 22:26:25,668] {logging_mixin.py:115} INFO - [2024-12-18 22:26:25,668] {dag.py:2927} INFO - Setting next_dagrun for example_sla_dag to 2024-12-19T01:24:00+00:00, run_after=2024-12-19T01:26:00+00:00
[2024-12-18 22:26:25,703] {processor.py:161} INFO - Processing /home/patriciacorreia/Documents/airflowalura/venv/lib/python3.9/site-packages/airflow/example_dags/example_sla_dag.py took 0.253 seconds
[2024-12-18 22:27:07,941] {processor.py:153} INFO - Started process (PID=19994) to work on /home/patriciacorreia/Documents/airflowalura/venv/lib/python3.9/site-packages/airflow/example_dags/example_sla_dag.py
[2024-12-18 22:27:07,944] {processor.py:641} INFO - Processing file /home/patriciacorreia/Documents/airflowalura/venv/lib/python3.9/site-packages/airflow/example_dags/example_sla_dag.py for tasks to queue
[2024-12-18 22:27:07,946] {logging_mixin.py:115} INFO - [2024-12-18 22:27:07,946] {dagbag.py:507} INFO - Filling up the DagBag from /home/patriciacorreia/Documents/airflowalura/venv/lib/python3.9/site-packages/airflow/example_dags/example_sla_dag.py
[2024-12-18 22:27:08,013] {processor.py:651} INFO - DAG(s) dict_keys(['example_sla_dag']) retrieved from /home/patriciacorreia/Documents/airflowalura/venv/lib/python3.9/site-packages/airflow/example_dags/example_sla_dag.py
[2024-12-18 22:27:08,041] {logging_mixin.py:115} INFO - [2024-12-18 22:27:08,041] {dag.py:2379} INFO - Sync 1 DAGs
[2024-12-18 22:27:08,073] {logging_mixin.py:115} INFO - [2024-12-18 22:27:08,073] {dag.py:2927} INFO - Setting next_dagrun for example_sla_dag to 2024-12-19T01:24:00+00:00, run_after=2024-12-19T01:26:00+00:00
[2024-12-18 22:27:08,091] {processor.py:161} INFO - Processing /home/patriciacorreia/Documents/airflowalura/venv/lib/python3.9/site-packages/airflow/example_dags/example_sla_dag.py took 0.165 seconds
[2024-12-18 22:27:49,855] {processor.py:153} INFO - Started process (PID=20195) to work on /home/patriciacorreia/Documents/airflowalura/venv/lib/python3.9/site-packages/airflow/example_dags/example_sla_dag.py
[2024-12-18 22:27:49,859] {processor.py:641} INFO - Processing file /home/patriciacorreia/Documents/airflowalura/venv/lib/python3.9/site-packages/airflow/example_dags/example_sla_dag.py for tasks to queue
[2024-12-18 22:27:49,861] {logging_mixin.py:115} INFO - [2024-12-18 22:27:49,861] {dagbag.py:507} INFO - Filling up the DagBag from /home/patriciacorreia/Documents/airflowalura/venv/lib/python3.9/site-packages/airflow/example_dags/example_sla_dag.py
[2024-12-18 22:27:49,935] {processor.py:651} INFO - DAG(s) dict_keys(['example_sla_dag']) retrieved from /home/patriciacorreia/Documents/airflowalura/venv/lib/python3.9/site-packages/airflow/example_dags/example_sla_dag.py
[2024-12-18 22:27:50,006] {logging_mixin.py:115} INFO - [2024-12-18 22:27:50,006] {dag.py:2379} INFO - Sync 1 DAGs
[2024-12-18 22:27:50,067] {logging_mixin.py:115} INFO - [2024-12-18 22:27:50,067] {dag.py:2927} INFO - Setting next_dagrun for example_sla_dag to 2024-12-19T01:24:00+00:00, run_after=2024-12-19T01:26:00+00:00
[2024-12-18 22:27:50,085] {processor.py:161} INFO - Processing /home/patriciacorreia/Documents/airflowalura/venv/lib/python3.9/site-packages/airflow/example_dags/example_sla_dag.py took 0.243 seconds
[2024-12-18 22:28:24,968] {processor.py:153} INFO - Started process (PID=20361) to work on /home/patriciacorreia/Documents/airflowalura/venv/lib/python3.9/site-packages/airflow/example_dags/example_sla_dag.py
[2024-12-18 22:28:24,971] {processor.py:641} INFO - Processing file /home/patriciacorreia/Documents/airflowalura/venv/lib/python3.9/site-packages/airflow/example_dags/example_sla_dag.py for tasks to queue
[2024-12-18 22:28:24,973] {logging_mixin.py:115} INFO - [2024-12-18 22:28:24,973] {dagbag.py:507} INFO - Filling up the DagBag from /home/patriciacorreia/Documents/airflowalura/venv/lib/python3.9/site-packages/airflow/example_dags/example_sla_dag.py
[2024-12-18 22:28:25,039] {processor.py:651} INFO - DAG(s) dict_keys(['example_sla_dag']) retrieved from /home/patriciacorreia/Documents/airflowalura/venv/lib/python3.9/site-packages/airflow/example_dags/example_sla_dag.py
[2024-12-18 22:28:25,076] {logging_mixin.py:115} INFO - [2024-12-18 22:28:25,076] {dag.py:2379} INFO - Sync 1 DAGs
[2024-12-18 22:28:25,104] {logging_mixin.py:115} INFO - [2024-12-18 22:28:25,103] {dag.py:2927} INFO - Setting next_dagrun for example_sla_dag to 2024-12-19T01:26:00+00:00, run_after=2024-12-19T01:28:00+00:00
[2024-12-18 22:28:25,120] {processor.py:161} INFO - Processing /home/patriciacorreia/Documents/airflowalura/venv/lib/python3.9/site-packages/airflow/example_dags/example_sla_dag.py took 0.163 seconds
[2024-12-18 22:29:02,341] {processor.py:153} INFO - Started process (PID=20550) to work on /home/patriciacorreia/Documents/airflowalura/venv/lib/python3.9/site-packages/airflow/example_dags/example_sla_dag.py
[2024-12-18 22:29:02,345] {processor.py:641} INFO - Processing file /home/patriciacorreia/Documents/airflowalura/venv/lib/python3.9/site-packages/airflow/example_dags/example_sla_dag.py for tasks to queue
[2024-12-18 22:29:02,347] {logging_mixin.py:115} INFO - [2024-12-18 22:29:02,347] {dagbag.py:507} INFO - Filling up the DagBag from /home/patriciacorreia/Documents/airflowalura/venv/lib/python3.9/site-packages/airflow/example_dags/example_sla_dag.py
[2024-12-18 22:29:02,411] {processor.py:651} INFO - DAG(s) dict_keys(['example_sla_dag']) retrieved from /home/patriciacorreia/Documents/airflowalura/venv/lib/python3.9/site-packages/airflow/example_dags/example_sla_dag.py
[2024-12-18 22:29:02,434] {logging_mixin.py:115} INFO - [2024-12-18 22:29:02,434] {dag.py:2379} INFO - Sync 1 DAGs
[2024-12-18 22:29:02,461] {logging_mixin.py:115} INFO - [2024-12-18 22:29:02,461] {dag.py:2927} INFO - Setting next_dagrun for example_sla_dag to 2024-12-19T01:26:00+00:00, run_after=2024-12-19T01:28:00+00:00
[2024-12-18 22:29:02,477] {processor.py:161} INFO - Processing /home/patriciacorreia/Documents/airflowalura/venv/lib/python3.9/site-packages/airflow/example_dags/example_sla_dag.py took 0.148 seconds
[2024-12-18 22:29:38,191] {processor.py:153} INFO - Started process (PID=20739) to work on /home/patriciacorreia/Documents/airflowalura/venv/lib/python3.9/site-packages/airflow/example_dags/example_sla_dag.py
[2024-12-18 22:29:38,194] {processor.py:641} INFO - Processing file /home/patriciacorreia/Documents/airflowalura/venv/lib/python3.9/site-packages/airflow/example_dags/example_sla_dag.py for tasks to queue
[2024-12-18 22:29:38,202] {logging_mixin.py:115} INFO - [2024-12-18 22:29:38,199] {dagbag.py:507} INFO - Filling up the DagBag from /home/patriciacorreia/Documents/airflowalura/venv/lib/python3.9/site-packages/airflow/example_dags/example_sla_dag.py
[2024-12-18 22:29:38,263] {processor.py:651} INFO - DAG(s) dict_keys(['example_sla_dag']) retrieved from /home/patriciacorreia/Documents/airflowalura/venv/lib/python3.9/site-packages/airflow/example_dags/example_sla_dag.py
[2024-12-18 22:29:38,291] {logging_mixin.py:115} INFO - [2024-12-18 22:29:38,291] {dag.py:2379} INFO - Sync 1 DAGs
[2024-12-18 22:29:38,318] {logging_mixin.py:115} INFO - [2024-12-18 22:29:38,318] {dag.py:2927} INFO - Setting next_dagrun for example_sla_dag to 2024-12-19T01:26:00+00:00, run_after=2024-12-19T01:28:00+00:00
[2024-12-18 22:29:38,335] {processor.py:161} INFO - Processing /home/patriciacorreia/Documents/airflowalura/venv/lib/python3.9/site-packages/airflow/example_dags/example_sla_dag.py took 0.163 seconds
[2024-12-18 22:30:13,487] {processor.py:153} INFO - Started process (PID=20919) to work on /home/patriciacorreia/Documents/airflowalura/venv/lib/python3.9/site-packages/airflow/example_dags/example_sla_dag.py
[2024-12-18 22:30:13,490] {processor.py:641} INFO - Processing file /home/patriciacorreia/Documents/airflowalura/venv/lib/python3.9/site-packages/airflow/example_dags/example_sla_dag.py for tasks to queue
[2024-12-18 22:30:13,495] {logging_mixin.py:115} INFO - [2024-12-18 22:30:13,494] {dagbag.py:507} INFO - Filling up the DagBag from /home/patriciacorreia/Documents/airflowalura/venv/lib/python3.9/site-packages/airflow/example_dags/example_sla_dag.py
[2024-12-18 22:30:13,591] {processor.py:651} INFO - DAG(s) dict_keys(['example_sla_dag']) retrieved from /home/patriciacorreia/Documents/airflowalura/venv/lib/python3.9/site-packages/airflow/example_dags/example_sla_dag.py
[2024-12-18 22:30:13,671] {logging_mixin.py:115} INFO - [2024-12-18 22:30:13,670] {dag.py:2379} INFO - Sync 1 DAGs
[2024-12-18 22:30:13,767] {logging_mixin.py:115} INFO - [2024-12-18 22:30:13,766] {dag.py:2927} INFO - Setting next_dagrun for example_sla_dag to 2024-12-19T01:28:00+00:00, run_after=2024-12-19T01:30:00+00:00
[2024-12-18 22:30:13,827] {processor.py:161} INFO - Processing /home/patriciacorreia/Documents/airflowalura/venv/lib/python3.9/site-packages/airflow/example_dags/example_sla_dag.py took 0.352 seconds
[2024-12-18 22:30:48,940] {processor.py:153} INFO - Started process (PID=21107) to work on /home/patriciacorreia/Documents/airflowalura/venv/lib/python3.9/site-packages/airflow/example_dags/example_sla_dag.py
[2024-12-18 22:30:48,941] {processor.py:641} INFO - Processing file /home/patriciacorreia/Documents/airflowalura/venv/lib/python3.9/site-packages/airflow/example_dags/example_sla_dag.py for tasks to queue
[2024-12-18 22:30:48,942] {logging_mixin.py:115} INFO - [2024-12-18 22:30:48,942] {dagbag.py:507} INFO - Filling up the DagBag from /home/patriciacorreia/Documents/airflowalura/venv/lib/python3.9/site-packages/airflow/example_dags/example_sla_dag.py
[2024-12-18 22:30:48,967] {processor.py:651} INFO - DAG(s) dict_keys(['example_sla_dag']) retrieved from /home/patriciacorreia/Documents/airflowalura/venv/lib/python3.9/site-packages/airflow/example_dags/example_sla_dag.py
[2024-12-18 22:30:49,032] {logging_mixin.py:115} INFO - [2024-12-18 22:30:49,032] {dag.py:2379} INFO - Sync 1 DAGs
[2024-12-18 22:30:49,117] {logging_mixin.py:115} INFO - [2024-12-18 22:30:49,116] {dag.py:2927} INFO - Setting next_dagrun for example_sla_dag to 2024-12-19T01:28:00+00:00, run_after=2024-12-19T01:30:00+00:00
[2024-12-18 22:30:49,184] {processor.py:161} INFO - Processing /home/patriciacorreia/Documents/airflowalura/venv/lib/python3.9/site-packages/airflow/example_dags/example_sla_dag.py took 0.272 seconds
[2024-12-18 22:31:22,639] {processor.py:153} INFO - Started process (PID=21283) to work on /home/patriciacorreia/Documents/airflowalura/venv/lib/python3.9/site-packages/airflow/example_dags/example_sla_dag.py
[2024-12-18 22:31:22,641] {processor.py:641} INFO - Processing file /home/patriciacorreia/Documents/airflowalura/venv/lib/python3.9/site-packages/airflow/example_dags/example_sla_dag.py for tasks to queue
[2024-12-18 22:31:22,642] {logging_mixin.py:115} INFO - [2024-12-18 22:31:22,642] {dagbag.py:507} INFO - Filling up the DagBag from /home/patriciacorreia/Documents/airflowalura/venv/lib/python3.9/site-packages/airflow/example_dags/example_sla_dag.py
[2024-12-18 22:31:22,680] {processor.py:651} INFO - DAG(s) dict_keys(['example_sla_dag']) retrieved from /home/patriciacorreia/Documents/airflowalura/venv/lib/python3.9/site-packages/airflow/example_dags/example_sla_dag.py
[2024-12-18 22:31:22,717] {logging_mixin.py:115} INFO - [2024-12-18 22:31:22,717] {dag.py:2379} INFO - Sync 1 DAGs
[2024-12-18 22:31:22,742] {logging_mixin.py:115} INFO - [2024-12-18 22:31:22,742] {dag.py:2927} INFO - Setting next_dagrun for example_sla_dag to 2024-12-19T01:28:00+00:00, run_after=2024-12-19T01:30:00+00:00
[2024-12-18 22:31:22,758] {processor.py:161} INFO - Processing /home/patriciacorreia/Documents/airflowalura/venv/lib/python3.9/site-packages/airflow/example_dags/example_sla_dag.py took 0.127 seconds
[2024-12-18 22:31:58,729] {processor.py:153} INFO - Started process (PID=21466) to work on /home/patriciacorreia/Documents/airflowalura/venv/lib/python3.9/site-packages/airflow/example_dags/example_sla_dag.py
[2024-12-18 22:31:58,732] {processor.py:641} INFO - Processing file /home/patriciacorreia/Documents/airflowalura/venv/lib/python3.9/site-packages/airflow/example_dags/example_sla_dag.py for tasks to queue
[2024-12-18 22:31:58,734] {logging_mixin.py:115} INFO - [2024-12-18 22:31:58,734] {dagbag.py:507} INFO - Filling up the DagBag from /home/patriciacorreia/Documents/airflowalura/venv/lib/python3.9/site-packages/airflow/example_dags/example_sla_dag.py
[2024-12-18 22:31:58,783] {processor.py:651} INFO - DAG(s) dict_keys(['example_sla_dag']) retrieved from /home/patriciacorreia/Documents/airflowalura/venv/lib/python3.9/site-packages/airflow/example_dags/example_sla_dag.py
[2024-12-18 22:31:58,820] {logging_mixin.py:115} INFO - [2024-12-18 22:31:58,820] {dag.py:2379} INFO - Sync 1 DAGs
[2024-12-18 22:31:58,863] {logging_mixin.py:115} INFO - [2024-12-18 22:31:58,862] {dag.py:2927} INFO - Setting next_dagrun for example_sla_dag to 2024-12-19T01:28:00+00:00, run_after=2024-12-19T01:30:00+00:00
[2024-12-18 22:31:58,887] {processor.py:161} INFO - Processing /home/patriciacorreia/Documents/airflowalura/venv/lib/python3.9/site-packages/airflow/example_dags/example_sla_dag.py took 0.169 seconds
[2024-12-18 22:32:33,703] {processor.py:153} INFO - Started process (PID=21635) to work on /home/patriciacorreia/Documents/airflowalura/venv/lib/python3.9/site-packages/airflow/example_dags/example_sla_dag.py
[2024-12-18 22:32:33,705] {processor.py:641} INFO - Processing file /home/patriciacorreia/Documents/airflowalura/venv/lib/python3.9/site-packages/airflow/example_dags/example_sla_dag.py for tasks to queue
[2024-12-18 22:32:33,706] {logging_mixin.py:115} INFO - [2024-12-18 22:32:33,705] {dagbag.py:507} INFO - Filling up the DagBag from /home/patriciacorreia/Documents/airflowalura/venv/lib/python3.9/site-packages/airflow/example_dags/example_sla_dag.py
[2024-12-18 22:32:33,749] {processor.py:651} INFO - DAG(s) dict_keys(['example_sla_dag']) retrieved from /home/patriciacorreia/Documents/airflowalura/venv/lib/python3.9/site-packages/airflow/example_dags/example_sla_dag.py
[2024-12-18 22:32:33,788] {logging_mixin.py:115} INFO - [2024-12-18 22:32:33,788] {dag.py:2379} INFO - Sync 1 DAGs
[2024-12-18 22:32:33,830] {logging_mixin.py:115} INFO - [2024-12-18 22:32:33,830] {dag.py:2927} INFO - Setting next_dagrun for example_sla_dag to 2024-12-19T01:30:00+00:00, run_after=2024-12-19T01:32:00+00:00
[2024-12-18 22:32:33,878] {processor.py:161} INFO - Processing /home/patriciacorreia/Documents/airflowalura/venv/lib/python3.9/site-packages/airflow/example_dags/example_sla_dag.py took 0.182 seconds
[2024-12-18 22:33:13,659] {processor.py:153} INFO - Started process (PID=21821) to work on /home/patriciacorreia/Documents/airflowalura/venv/lib/python3.9/site-packages/airflow/example_dags/example_sla_dag.py
[2024-12-18 22:33:13,662] {processor.py:641} INFO - Processing file /home/patriciacorreia/Documents/airflowalura/venv/lib/python3.9/site-packages/airflow/example_dags/example_sla_dag.py for tasks to queue
[2024-12-18 22:33:13,668] {logging_mixin.py:115} INFO - [2024-12-18 22:33:13,667] {dagbag.py:507} INFO - Filling up the DagBag from /home/patriciacorreia/Documents/airflowalura/venv/lib/python3.9/site-packages/airflow/example_dags/example_sla_dag.py
[2024-12-18 22:33:13,774] {processor.py:651} INFO - DAG(s) dict_keys(['example_sla_dag']) retrieved from /home/patriciacorreia/Documents/airflowalura/venv/lib/python3.9/site-packages/airflow/example_dags/example_sla_dag.py
[2024-12-18 22:33:13,809] {logging_mixin.py:115} INFO - [2024-12-18 22:33:13,809] {dag.py:2379} INFO - Sync 1 DAGs
[2024-12-18 22:33:13,846] {logging_mixin.py:115} INFO - [2024-12-18 22:33:13,846] {dag.py:2927} INFO - Setting next_dagrun for example_sla_dag to 2024-12-19T01:30:00+00:00, run_after=2024-12-19T01:32:00+00:00
[2024-12-18 22:33:13,871] {processor.py:161} INFO - Processing /home/patriciacorreia/Documents/airflowalura/venv/lib/python3.9/site-packages/airflow/example_dags/example_sla_dag.py took 0.227 seconds
[2024-12-18 22:33:50,549] {processor.py:153} INFO - Started process (PID=21984) to work on /home/patriciacorreia/Documents/airflowalura/venv/lib/python3.9/site-packages/airflow/example_dags/example_sla_dag.py
[2024-12-18 22:33:50,552] {processor.py:641} INFO - Processing file /home/patriciacorreia/Documents/airflowalura/venv/lib/python3.9/site-packages/airflow/example_dags/example_sla_dag.py for tasks to queue
[2024-12-18 22:33:50,556] {logging_mixin.py:115} INFO - [2024-12-18 22:33:50,555] {dagbag.py:507} INFO - Filling up the DagBag from /home/patriciacorreia/Documents/airflowalura/venv/lib/python3.9/site-packages/airflow/example_dags/example_sla_dag.py
[2024-12-18 22:33:50,646] {processor.py:651} INFO - DAG(s) dict_keys(['example_sla_dag']) retrieved from /home/patriciacorreia/Documents/airflowalura/venv/lib/python3.9/site-packages/airflow/example_dags/example_sla_dag.py
[2024-12-18 22:33:50,680] {logging_mixin.py:115} INFO - [2024-12-18 22:33:50,680] {dag.py:2379} INFO - Sync 1 DAGs
[2024-12-18 22:33:50,711] {logging_mixin.py:115} INFO - [2024-12-18 22:33:50,711] {dag.py:2927} INFO - Setting next_dagrun for example_sla_dag to 2024-12-19T01:30:00+00:00, run_after=2024-12-19T01:32:00+00:00
[2024-12-18 22:33:50,731] {processor.py:161} INFO - Processing /home/patriciacorreia/Documents/airflowalura/venv/lib/python3.9/site-packages/airflow/example_dags/example_sla_dag.py took 0.204 seconds
[2024-12-18 22:34:27,146] {processor.py:153} INFO - Started process (PID=22147) to work on /home/patriciacorreia/Documents/airflowalura/venv/lib/python3.9/site-packages/airflow/example_dags/example_sla_dag.py
[2024-12-18 22:34:27,148] {processor.py:641} INFO - Processing file /home/patriciacorreia/Documents/airflowalura/venv/lib/python3.9/site-packages/airflow/example_dags/example_sla_dag.py for tasks to queue
[2024-12-18 22:34:27,150] {logging_mixin.py:115} INFO - [2024-12-18 22:34:27,149] {dagbag.py:507} INFO - Filling up the DagBag from /home/patriciacorreia/Documents/airflowalura/venv/lib/python3.9/site-packages/airflow/example_dags/example_sla_dag.py
[2024-12-18 22:34:27,193] {processor.py:651} INFO - DAG(s) dict_keys(['example_sla_dag']) retrieved from /home/patriciacorreia/Documents/airflowalura/venv/lib/python3.9/site-packages/airflow/example_dags/example_sla_dag.py
[2024-12-18 22:34:27,254] {logging_mixin.py:115} INFO - [2024-12-18 22:34:27,254] {dag.py:2379} INFO - Sync 1 DAGs
[2024-12-18 22:34:27,298] {logging_mixin.py:115} INFO - [2024-12-18 22:34:27,298] {dag.py:2927} INFO - Setting next_dagrun for example_sla_dag to 2024-12-19T01:32:00+00:00, run_after=2024-12-19T01:34:00+00:00
[2024-12-18 22:34:27,324] {processor.py:161} INFO - Processing /home/patriciacorreia/Documents/airflowalura/venv/lib/python3.9/site-packages/airflow/example_dags/example_sla_dag.py took 0.186 seconds
[2024-12-18 22:35:05,513] {processor.py:153} INFO - Started process (PID=22325) to work on /home/patriciacorreia/Documents/airflowalura/venv/lib/python3.9/site-packages/airflow/example_dags/example_sla_dag.py
[2024-12-18 22:35:05,516] {processor.py:641} INFO - Processing file /home/patriciacorreia/Documents/airflowalura/venv/lib/python3.9/site-packages/airflow/example_dags/example_sla_dag.py for tasks to queue
[2024-12-18 22:35:05,518] {logging_mixin.py:115} INFO - [2024-12-18 22:35:05,518] {dagbag.py:507} INFO - Filling up the DagBag from /home/patriciacorreia/Documents/airflowalura/venv/lib/python3.9/site-packages/airflow/example_dags/example_sla_dag.py
[2024-12-18 22:35:05,598] {processor.py:651} INFO - DAG(s) dict_keys(['example_sla_dag']) retrieved from /home/patriciacorreia/Documents/airflowalura/venv/lib/python3.9/site-packages/airflow/example_dags/example_sla_dag.py
[2024-12-18 22:35:05,642] {logging_mixin.py:115} INFO - [2024-12-18 22:35:05,642] {dag.py:2379} INFO - Sync 1 DAGs
[2024-12-18 22:35:05,690] {logging_mixin.py:115} INFO - [2024-12-18 22:35:05,690] {dag.py:2927} INFO - Setting next_dagrun for example_sla_dag to 2024-12-19T01:32:00+00:00, run_after=2024-12-19T01:34:00+00:00
[2024-12-18 22:35:05,718] {processor.py:161} INFO - Processing /home/patriciacorreia/Documents/airflowalura/venv/lib/python3.9/site-packages/airflow/example_dags/example_sla_dag.py took 0.217 seconds
[2024-12-18 22:35:46,273] {processor.py:153} INFO - Started process (PID=22507) to work on /home/patriciacorreia/Documents/airflowalura/venv/lib/python3.9/site-packages/airflow/example_dags/example_sla_dag.py
[2024-12-18 22:35:46,275] {processor.py:641} INFO - Processing file /home/patriciacorreia/Documents/airflowalura/venv/lib/python3.9/site-packages/airflow/example_dags/example_sla_dag.py for tasks to queue
[2024-12-18 22:35:46,276] {logging_mixin.py:115} INFO - [2024-12-18 22:35:46,276] {dagbag.py:507} INFO - Filling up the DagBag from /home/patriciacorreia/Documents/airflowalura/venv/lib/python3.9/site-packages/airflow/example_dags/example_sla_dag.py
[2024-12-18 22:35:46,309] {processor.py:651} INFO - DAG(s) dict_keys(['example_sla_dag']) retrieved from /home/patriciacorreia/Documents/airflowalura/venv/lib/python3.9/site-packages/airflow/example_dags/example_sla_dag.py
[2024-12-18 22:35:46,343] {logging_mixin.py:115} INFO - [2024-12-18 22:35:46,343] {dag.py:2379} INFO - Sync 1 DAGs
[2024-12-18 22:35:46,388] {logging_mixin.py:115} INFO - [2024-12-18 22:35:46,387] {dag.py:2927} INFO - Setting next_dagrun for example_sla_dag to 2024-12-19T01:32:00+00:00, run_after=2024-12-19T01:34:00+00:00
[2024-12-18 22:35:46,407] {processor.py:161} INFO - Processing /home/patriciacorreia/Documents/airflowalura/venv/lib/python3.9/site-packages/airflow/example_dags/example_sla_dag.py took 0.139 seconds
[2024-12-18 22:36:23,041] {processor.py:153} INFO - Started process (PID=22672) to work on /home/patriciacorreia/Documents/airflowalura/venv/lib/python3.9/site-packages/airflow/example_dags/example_sla_dag.py
[2024-12-18 22:36:23,045] {processor.py:641} INFO - Processing file /home/patriciacorreia/Documents/airflowalura/venv/lib/python3.9/site-packages/airflow/example_dags/example_sla_dag.py for tasks to queue
[2024-12-18 22:36:23,047] {logging_mixin.py:115} INFO - [2024-12-18 22:36:23,047] {dagbag.py:507} INFO - Filling up the DagBag from /home/patriciacorreia/Documents/airflowalura/venv/lib/python3.9/site-packages/airflow/example_dags/example_sla_dag.py
[2024-12-18 22:36:23,092] {processor.py:651} INFO - DAG(s) dict_keys(['example_sla_dag']) retrieved from /home/patriciacorreia/Documents/airflowalura/venv/lib/python3.9/site-packages/airflow/example_dags/example_sla_dag.py
[2024-12-18 22:36:23,121] {logging_mixin.py:115} INFO - [2024-12-18 22:36:23,121] {dag.py:2379} INFO - Sync 1 DAGs
[2024-12-18 22:36:23,154] {logging_mixin.py:115} INFO - [2024-12-18 22:36:23,153] {dag.py:2927} INFO - Setting next_dagrun for example_sla_dag to 2024-12-19T01:34:00+00:00, run_after=2024-12-19T01:36:00+00:00
[2024-12-18 22:36:23,172] {processor.py:161} INFO - Processing /home/patriciacorreia/Documents/airflowalura/venv/lib/python3.9/site-packages/airflow/example_dags/example_sla_dag.py took 0.144 seconds
[2024-12-18 22:37:01,965] {processor.py:153} INFO - Started process (PID=22846) to work on /home/patriciacorreia/Documents/airflowalura/venv/lib/python3.9/site-packages/airflow/example_dags/example_sla_dag.py
[2024-12-18 22:37:01,968] {processor.py:641} INFO - Processing file /home/patriciacorreia/Documents/airflowalura/venv/lib/python3.9/site-packages/airflow/example_dags/example_sla_dag.py for tasks to queue
[2024-12-18 22:37:01,970] {logging_mixin.py:115} INFO - [2024-12-18 22:37:01,970] {dagbag.py:507} INFO - Filling up the DagBag from /home/patriciacorreia/Documents/airflowalura/venv/lib/python3.9/site-packages/airflow/example_dags/example_sla_dag.py
[2024-12-18 22:37:02,051] {processor.py:651} INFO - DAG(s) dict_keys(['example_sla_dag']) retrieved from /home/patriciacorreia/Documents/airflowalura/venv/lib/python3.9/site-packages/airflow/example_dags/example_sla_dag.py
[2024-12-18 22:37:02,136] {logging_mixin.py:115} INFO - [2024-12-18 22:37:02,136] {dag.py:2379} INFO - Sync 1 DAGs
[2024-12-18 22:37:02,198] {logging_mixin.py:115} INFO - [2024-12-18 22:37:02,198] {dag.py:2927} INFO - Setting next_dagrun for example_sla_dag to 2024-12-19T01:34:00+00:00, run_after=2024-12-19T01:36:00+00:00
[2024-12-18 22:37:02,232] {processor.py:161} INFO - Processing /home/patriciacorreia/Documents/airflowalura/venv/lib/python3.9/site-packages/airflow/example_dags/example_sla_dag.py took 0.280 seconds
[2024-12-18 22:37:46,153] {processor.py:153} INFO - Started process (PID=23040) to work on /home/patriciacorreia/Documents/airflowalura/venv/lib/python3.9/site-packages/airflow/example_dags/example_sla_dag.py
[2024-12-18 22:37:46,157] {processor.py:641} INFO - Processing file /home/patriciacorreia/Documents/airflowalura/venv/lib/python3.9/site-packages/airflow/example_dags/example_sla_dag.py for tasks to queue
[2024-12-18 22:37:46,160] {logging_mixin.py:115} INFO - [2024-12-18 22:37:46,160] {dagbag.py:507} INFO - Filling up the DagBag from /home/patriciacorreia/Documents/airflowalura/venv/lib/python3.9/site-packages/airflow/example_dags/example_sla_dag.py
[2024-12-18 22:37:46,260] {processor.py:651} INFO - DAG(s) dict_keys(['example_sla_dag']) retrieved from /home/patriciacorreia/Documents/airflowalura/venv/lib/python3.9/site-packages/airflow/example_dags/example_sla_dag.py
[2024-12-18 22:37:46,354] {logging_mixin.py:115} INFO - [2024-12-18 22:37:46,354] {dag.py:2379} INFO - Sync 1 DAGs
[2024-12-18 22:37:46,396] {logging_mixin.py:115} INFO - [2024-12-18 22:37:46,396] {dag.py:2927} INFO - Setting next_dagrun for example_sla_dag to 2024-12-19T01:34:00+00:00, run_after=2024-12-19T01:36:00+00:00
[2024-12-18 22:37:46,414] {processor.py:161} INFO - Processing /home/patriciacorreia/Documents/airflowalura/venv/lib/python3.9/site-packages/airflow/example_dags/example_sla_dag.py took 0.277 seconds
[2024-12-18 22:38:27,385] {processor.py:153} INFO - Started process (PID=23230) to work on /home/patriciacorreia/Documents/airflowalura/venv/lib/python3.9/site-packages/airflow/example_dags/example_sla_dag.py
[2024-12-18 22:38:27,388] {processor.py:641} INFO - Processing file /home/patriciacorreia/Documents/airflowalura/venv/lib/python3.9/site-packages/airflow/example_dags/example_sla_dag.py for tasks to queue
[2024-12-18 22:38:27,390] {logging_mixin.py:115} INFO - [2024-12-18 22:38:27,390] {dagbag.py:507} INFO - Filling up the DagBag from /home/patriciacorreia/Documents/airflowalura/venv/lib/python3.9/site-packages/airflow/example_dags/example_sla_dag.py
[2024-12-18 22:38:27,482] {processor.py:651} INFO - DAG(s) dict_keys(['example_sla_dag']) retrieved from /home/patriciacorreia/Documents/airflowalura/venv/lib/python3.9/site-packages/airflow/example_dags/example_sla_dag.py
[2024-12-18 22:38:27,571] {logging_mixin.py:115} INFO - [2024-12-18 22:38:27,570] {dag.py:2379} INFO - Sync 1 DAGs
[2024-12-18 22:38:27,653] {logging_mixin.py:115} INFO - [2024-12-18 22:38:27,652] {dag.py:2927} INFO - Setting next_dagrun for example_sla_dag to 2024-12-19T01:36:00+00:00, run_after=2024-12-19T01:38:00+00:00
[2024-12-18 22:38:27,713] {processor.py:161} INFO - Processing /home/patriciacorreia/Documents/airflowalura/venv/lib/python3.9/site-packages/airflow/example_dags/example_sla_dag.py took 0.343 seconds
[2024-12-18 22:39:06,633] {processor.py:153} INFO - Started process (PID=23411) to work on /home/patriciacorreia/Documents/airflowalura/venv/lib/python3.9/site-packages/airflow/example_dags/example_sla_dag.py
[2024-12-18 22:39:06,635] {processor.py:641} INFO - Processing file /home/patriciacorreia/Documents/airflowalura/venv/lib/python3.9/site-packages/airflow/example_dags/example_sla_dag.py for tasks to queue
[2024-12-18 22:39:06,637] {logging_mixin.py:115} INFO - [2024-12-18 22:39:06,636] {dagbag.py:507} INFO - Filling up the DagBag from /home/patriciacorreia/Documents/airflowalura/venv/lib/python3.9/site-packages/airflow/example_dags/example_sla_dag.py
[2024-12-18 22:39:06,677] {processor.py:651} INFO - DAG(s) dict_keys(['example_sla_dag']) retrieved from /home/patriciacorreia/Documents/airflowalura/venv/lib/python3.9/site-packages/airflow/example_dags/example_sla_dag.py
[2024-12-18 22:39:06,703] {logging_mixin.py:115} INFO - [2024-12-18 22:39:06,702] {dag.py:2379} INFO - Sync 1 DAGs
[2024-12-18 22:39:06,731] {logging_mixin.py:115} INFO - [2024-12-18 22:39:06,730] {dag.py:2927} INFO - Setting next_dagrun for example_sla_dag to 2024-12-19T01:36:00+00:00, run_after=2024-12-19T01:38:00+00:00
[2024-12-18 22:39:06,751] {processor.py:161} INFO - Processing /home/patriciacorreia/Documents/airflowalura/venv/lib/python3.9/site-packages/airflow/example_dags/example_sla_dag.py took 0.143 seconds
[2024-12-18 22:39:43,751] {processor.py:153} INFO - Started process (PID=23581) to work on /home/patriciacorreia/Documents/airflowalura/venv/lib/python3.9/site-packages/airflow/example_dags/example_sla_dag.py
[2024-12-18 22:39:43,754] {processor.py:641} INFO - Processing file /home/patriciacorreia/Documents/airflowalura/venv/lib/python3.9/site-packages/airflow/example_dags/example_sla_dag.py for tasks to queue
[2024-12-18 22:39:43,757] {logging_mixin.py:115} INFO - [2024-12-18 22:39:43,756] {dagbag.py:507} INFO - Filling up the DagBag from /home/patriciacorreia/Documents/airflowalura/venv/lib/python3.9/site-packages/airflow/example_dags/example_sla_dag.py
[2024-12-18 22:39:43,852] {processor.py:651} INFO - DAG(s) dict_keys(['example_sla_dag']) retrieved from /home/patriciacorreia/Documents/airflowalura/venv/lib/python3.9/site-packages/airflow/example_dags/example_sla_dag.py
[2024-12-18 22:39:43,947] {logging_mixin.py:115} INFO - [2024-12-18 22:39:43,947] {dag.py:2379} INFO - Sync 1 DAGs
[2024-12-18 22:39:44,067] {logging_mixin.py:115} INFO - [2024-12-18 22:39:44,066] {dag.py:2927} INFO - Setting next_dagrun for example_sla_dag to 2024-12-19T01:36:00+00:00, run_after=2024-12-19T01:38:00+00:00
[2024-12-18 22:39:44,129] {processor.py:161} INFO - Processing /home/patriciacorreia/Documents/airflowalura/venv/lib/python3.9/site-packages/airflow/example_dags/example_sla_dag.py took 0.395 seconds
[2024-12-18 22:40:22,435] {processor.py:153} INFO - Started process (PID=23768) to work on /home/patriciacorreia/Documents/airflowalura/venv/lib/python3.9/site-packages/airflow/example_dags/example_sla_dag.py
[2024-12-18 22:40:22,442] {processor.py:641} INFO - Processing file /home/patriciacorreia/Documents/airflowalura/venv/lib/python3.9/site-packages/airflow/example_dags/example_sla_dag.py for tasks to queue
[2024-12-18 22:40:22,449] {logging_mixin.py:115} INFO - [2024-12-18 22:40:22,448] {dagbag.py:507} INFO - Filling up the DagBag from /home/patriciacorreia/Documents/airflowalura/venv/lib/python3.9/site-packages/airflow/example_dags/example_sla_dag.py
[2024-12-18 22:40:22,560] {processor.py:651} INFO - DAG(s) dict_keys(['example_sla_dag']) retrieved from /home/patriciacorreia/Documents/airflowalura/venv/lib/python3.9/site-packages/airflow/example_dags/example_sla_dag.py
[2024-12-18 22:40:22,600] {logging_mixin.py:115} INFO - [2024-12-18 22:40:22,600] {dag.py:2379} INFO - Sync 1 DAGs
[2024-12-18 22:40:22,638] {logging_mixin.py:115} INFO - [2024-12-18 22:40:22,638] {dag.py:2927} INFO - Setting next_dagrun for example_sla_dag to 2024-12-19T01:38:00+00:00, run_after=2024-12-19T01:40:00+00:00
[2024-12-18 22:40:22,672] {processor.py:161} INFO - Processing /home/patriciacorreia/Documents/airflowalura/venv/lib/python3.9/site-packages/airflow/example_dags/example_sla_dag.py took 0.258 seconds
