[2024-12-18 22:05:43,487] {processor.py:153} INFO - Started process (PID=13861) to work on /home/patriciacorreia/Documents/airflowalura/venv/lib/python3.9/site-packages/airflow/example_dags/example_branch_python_dop_operator_3.py
[2024-12-18 22:05:43,488] {processor.py:641} INFO - Processing file /home/patriciacorreia/Documents/airflowalura/venv/lib/python3.9/site-packages/airflow/example_dags/example_branch_python_dop_operator_3.py for tasks to queue
[2024-12-18 22:05:43,488] {logging_mixin.py:115} INFO - [2024-12-18 22:05:43,488] {dagbag.py:507} INFO - Filling up the DagBag from /home/patriciacorreia/Documents/airflowalura/venv/lib/python3.9/site-packages/airflow/example_dags/example_branch_python_dop_operator_3.py
[2024-12-18 22:05:43,501] {processor.py:651} INFO - DAG(s) dict_keys(['example_branch_dop_operator_v3']) retrieved from /home/patriciacorreia/Documents/airflowalura/venv/lib/python3.9/site-packages/airflow/example_dags/example_branch_python_dop_operator_3.py
[2024-12-18 22:05:43,583] {logging_mixin.py:115} INFO - [2024-12-18 22:05:43,583] {manager.py:508} INFO - Created Permission View: can read on DAG:example_branch_dop_operator_v3
[2024-12-18 22:05:43,595] {logging_mixin.py:115} INFO - [2024-12-18 22:05:43,595] {manager.py:508} INFO - Created Permission View: can delete on DAG:example_branch_dop_operator_v3
[2024-12-18 22:05:43,605] {logging_mixin.py:115} INFO - [2024-12-18 22:05:43,605] {manager.py:508} INFO - Created Permission View: can edit on DAG:example_branch_dop_operator_v3
[2024-12-18 22:05:43,605] {logging_mixin.py:115} INFO - [2024-12-18 22:05:43,605] {dag.py:2379} INFO - Sync 1 DAGs
[2024-12-18 22:05:43,614] {logging_mixin.py:115} INFO - [2024-12-18 22:05:43,614] {dag.py:2398} INFO - Creating ORM DAG for example_branch_dop_operator_v3
[2024-12-18 22:05:43,636] {logging_mixin.py:115} INFO - [2024-12-18 22:05:43,635] {dag.py:2927} INFO - Setting next_dagrun for example_branch_dop_operator_v3 to 2024-12-19T01:04:00+00:00, run_after=2024-12-19T01:05:00+00:00
[2024-12-18 22:05:43,655] {processor.py:161} INFO - Processing /home/patriciacorreia/Documents/airflowalura/venv/lib/python3.9/site-packages/airflow/example_dags/example_branch_python_dop_operator_3.py took 0.172 seconds
[2024-12-18 22:06:20,131] {processor.py:153} INFO - Started process (PID=13977) to work on /home/patriciacorreia/Documents/airflowalura/venv/lib/python3.9/site-packages/airflow/example_dags/example_branch_python_dop_operator_3.py
[2024-12-18 22:06:20,132] {processor.py:641} INFO - Processing file /home/patriciacorreia/Documents/airflowalura/venv/lib/python3.9/site-packages/airflow/example_dags/example_branch_python_dop_operator_3.py for tasks to queue
[2024-12-18 22:06:20,132] {logging_mixin.py:115} INFO - [2024-12-18 22:06:20,132] {dagbag.py:507} INFO - Filling up the DagBag from /home/patriciacorreia/Documents/airflowalura/venv/lib/python3.9/site-packages/airflow/example_dags/example_branch_python_dop_operator_3.py
[2024-12-18 22:06:20,146] {processor.py:651} INFO - DAG(s) dict_keys(['example_branch_dop_operator_v3']) retrieved from /home/patriciacorreia/Documents/airflowalura/venv/lib/python3.9/site-packages/airflow/example_dags/example_branch_python_dop_operator_3.py
[2024-12-18 22:06:20,166] {logging_mixin.py:115} INFO - [2024-12-18 22:06:20,166] {dag.py:2379} INFO - Sync 1 DAGs
[2024-12-18 22:06:20,196] {logging_mixin.py:115} INFO - [2024-12-18 22:06:20,196] {dag.py:2927} INFO - Setting next_dagrun for example_branch_dop_operator_v3 to 2024-12-19T01:05:00+00:00, run_after=2024-12-19T01:06:00+00:00
[2024-12-18 22:06:20,211] {processor.py:161} INFO - Processing /home/patriciacorreia/Documents/airflowalura/venv/lib/python3.9/site-packages/airflow/example_dags/example_branch_python_dop_operator_3.py took 0.085 seconds
[2024-12-18 22:06:55,608] {processor.py:153} INFO - Started process (PID=14118) to work on /home/patriciacorreia/Documents/airflowalura/venv/lib/python3.9/site-packages/airflow/example_dags/example_branch_python_dop_operator_3.py
[2024-12-18 22:06:55,610] {processor.py:641} INFO - Processing file /home/patriciacorreia/Documents/airflowalura/venv/lib/python3.9/site-packages/airflow/example_dags/example_branch_python_dop_operator_3.py for tasks to queue
[2024-12-18 22:06:55,611] {logging_mixin.py:115} INFO - [2024-12-18 22:06:55,611] {dagbag.py:507} INFO - Filling up the DagBag from /home/patriciacorreia/Documents/airflowalura/venv/lib/python3.9/site-packages/airflow/example_dags/example_branch_python_dop_operator_3.py
[2024-12-18 22:06:55,634] {processor.py:651} INFO - DAG(s) dict_keys(['example_branch_dop_operator_v3']) retrieved from /home/patriciacorreia/Documents/airflowalura/venv/lib/python3.9/site-packages/airflow/example_dags/example_branch_python_dop_operator_3.py
[2024-12-18 22:06:55,674] {logging_mixin.py:115} INFO - [2024-12-18 22:06:55,674] {dag.py:2379} INFO - Sync 1 DAGs
[2024-12-18 22:06:55,728] {logging_mixin.py:115} INFO - [2024-12-18 22:06:55,728] {dag.py:2927} INFO - Setting next_dagrun for example_branch_dop_operator_v3 to 2024-12-19T01:05:00+00:00, run_after=2024-12-19T01:06:00+00:00
[2024-12-18 22:06:55,752] {processor.py:161} INFO - Processing /home/patriciacorreia/Documents/airflowalura/venv/lib/python3.9/site-packages/airflow/example_dags/example_branch_python_dop_operator_3.py took 0.151 seconds
[2024-12-18 22:07:37,292] {processor.py:153} INFO - Started process (PID=14202) to work on /home/patriciacorreia/Documents/airflowalura/venv/lib/python3.9/site-packages/airflow/example_dags/example_branch_python_dop_operator_3.py
[2024-12-18 22:07:37,293] {processor.py:641} INFO - Processing file /home/patriciacorreia/Documents/airflowalura/venv/lib/python3.9/site-packages/airflow/example_dags/example_branch_python_dop_operator_3.py for tasks to queue
[2024-12-18 22:07:37,294] {logging_mixin.py:115} INFO - [2024-12-18 22:07:37,294] {dagbag.py:507} INFO - Filling up the DagBag from /home/patriciacorreia/Documents/airflowalura/venv/lib/python3.9/site-packages/airflow/example_dags/example_branch_python_dop_operator_3.py
[2024-12-18 22:07:37,315] {processor.py:651} INFO - DAG(s) dict_keys(['example_branch_dop_operator_v3']) retrieved from /home/patriciacorreia/Documents/airflowalura/venv/lib/python3.9/site-packages/airflow/example_dags/example_branch_python_dop_operator_3.py
[2024-12-18 22:07:37,348] {logging_mixin.py:115} INFO - [2024-12-18 22:07:37,348] {dag.py:2379} INFO - Sync 1 DAGs
[2024-12-18 22:07:37,411] {logging_mixin.py:115} INFO - [2024-12-18 22:07:37,411] {dag.py:2927} INFO - Setting next_dagrun for example_branch_dop_operator_v3 to 2024-12-19T01:06:00+00:00, run_after=2024-12-19T01:07:00+00:00
[2024-12-18 22:07:37,441] {processor.py:161} INFO - Processing /home/patriciacorreia/Documents/airflowalura/venv/lib/python3.9/site-packages/airflow/example_dags/example_branch_python_dop_operator_3.py took 0.154 seconds
[2024-12-18 22:08:17,785] {processor.py:153} INFO - Started process (PID=14311) to work on /home/patriciacorreia/Documents/airflowalura/venv/lib/python3.9/site-packages/airflow/example_dags/example_branch_python_dop_operator_3.py
[2024-12-18 22:08:17,788] {processor.py:641} INFO - Processing file /home/patriciacorreia/Documents/airflowalura/venv/lib/python3.9/site-packages/airflow/example_dags/example_branch_python_dop_operator_3.py for tasks to queue
[2024-12-18 22:08:17,790] {logging_mixin.py:115} INFO - [2024-12-18 22:08:17,790] {dagbag.py:507} INFO - Filling up the DagBag from /home/patriciacorreia/Documents/airflowalura/venv/lib/python3.9/site-packages/airflow/example_dags/example_branch_python_dop_operator_3.py
[2024-12-18 22:08:17,849] {processor.py:651} INFO - DAG(s) dict_keys(['example_branch_dop_operator_v3']) retrieved from /home/patriciacorreia/Documents/airflowalura/venv/lib/python3.9/site-packages/airflow/example_dags/example_branch_python_dop_operator_3.py
[2024-12-18 22:08:17,970] {logging_mixin.py:115} INFO - [2024-12-18 22:08:17,970] {dag.py:2379} INFO - Sync 1 DAGs
[2024-12-18 22:08:18,013] {logging_mixin.py:115} INFO - [2024-12-18 22:08:18,013] {dag.py:2927} INFO - Setting next_dagrun for example_branch_dop_operator_v3 to 2024-12-19T01:07:00+00:00, run_after=2024-12-19T01:08:00+00:00
[2024-12-18 22:08:18,034] {processor.py:161} INFO - Processing /home/patriciacorreia/Documents/airflowalura/venv/lib/python3.9/site-packages/airflow/example_dags/example_branch_python_dop_operator_3.py took 0.262 seconds
[2024-12-18 22:08:56,378] {processor.py:153} INFO - Started process (PID=14463) to work on /home/patriciacorreia/Documents/airflowalura/venv/lib/python3.9/site-packages/airflow/example_dags/example_branch_python_dop_operator_3.py
[2024-12-18 22:08:56,380] {processor.py:641} INFO - Processing file /home/patriciacorreia/Documents/airflowalura/venv/lib/python3.9/site-packages/airflow/example_dags/example_branch_python_dop_operator_3.py for tasks to queue
[2024-12-18 22:08:56,380] {logging_mixin.py:115} INFO - [2024-12-18 22:08:56,380] {dagbag.py:507} INFO - Filling up the DagBag from /home/patriciacorreia/Documents/airflowalura/venv/lib/python3.9/site-packages/airflow/example_dags/example_branch_python_dop_operator_3.py
[2024-12-18 22:08:56,396] {processor.py:651} INFO - DAG(s) dict_keys(['example_branch_dop_operator_v3']) retrieved from /home/patriciacorreia/Documents/airflowalura/venv/lib/python3.9/site-packages/airflow/example_dags/example_branch_python_dop_operator_3.py
[2024-12-18 22:08:56,420] {logging_mixin.py:115} INFO - [2024-12-18 22:08:56,419] {dag.py:2379} INFO - Sync 1 DAGs
[2024-12-18 22:08:56,453] {logging_mixin.py:115} INFO - [2024-12-18 22:08:56,453] {dag.py:2927} INFO - Setting next_dagrun for example_branch_dop_operator_v3 to 2024-12-19T01:07:00+00:00, run_after=2024-12-19T01:08:00+00:00
[2024-12-18 22:08:56,494] {processor.py:161} INFO - Processing /home/patriciacorreia/Documents/airflowalura/venv/lib/python3.9/site-packages/airflow/example_dags/example_branch_python_dop_operator_3.py took 0.121 seconds
[2024-12-18 22:09:35,731] {processor.py:153} INFO - Started process (PID=14620) to work on /home/patriciacorreia/Documents/airflowalura/venv/lib/python3.9/site-packages/airflow/example_dags/example_branch_python_dop_operator_3.py
[2024-12-18 22:09:35,732] {processor.py:641} INFO - Processing file /home/patriciacorreia/Documents/airflowalura/venv/lib/python3.9/site-packages/airflow/example_dags/example_branch_python_dop_operator_3.py for tasks to queue
[2024-12-18 22:09:35,733] {logging_mixin.py:115} INFO - [2024-12-18 22:09:35,733] {dagbag.py:507} INFO - Filling up the DagBag from /home/patriciacorreia/Documents/airflowalura/venv/lib/python3.9/site-packages/airflow/example_dags/example_branch_python_dop_operator_3.py
[2024-12-18 22:09:35,751] {processor.py:651} INFO - DAG(s) dict_keys(['example_branch_dop_operator_v3']) retrieved from /home/patriciacorreia/Documents/airflowalura/venv/lib/python3.9/site-packages/airflow/example_dags/example_branch_python_dop_operator_3.py
[2024-12-18 22:09:35,774] {logging_mixin.py:115} INFO - [2024-12-18 22:09:35,774] {dag.py:2379} INFO - Sync 1 DAGs
[2024-12-18 22:09:35,808] {logging_mixin.py:115} INFO - [2024-12-18 22:09:35,808] {dag.py:2927} INFO - Setting next_dagrun for example_branch_dop_operator_v3 to 2024-12-19T01:08:00+00:00, run_after=2024-12-19T01:09:00+00:00
[2024-12-18 22:09:35,827] {processor.py:161} INFO - Processing /home/patriciacorreia/Documents/airflowalura/venv/lib/python3.9/site-packages/airflow/example_dags/example_branch_python_dop_operator_3.py took 0.101 seconds
[2024-12-18 22:10:13,543] {processor.py:153} INFO - Started process (PID=14863) to work on /home/patriciacorreia/Documents/airflowalura/venv/lib/python3.9/site-packages/airflow/example_dags/example_branch_python_dop_operator_3.py
[2024-12-18 22:10:13,546] {processor.py:641} INFO - Processing file /home/patriciacorreia/Documents/airflowalura/venv/lib/python3.9/site-packages/airflow/example_dags/example_branch_python_dop_operator_3.py for tasks to queue
[2024-12-18 22:10:13,547] {logging_mixin.py:115} INFO - [2024-12-18 22:10:13,546] {dagbag.py:507} INFO - Filling up the DagBag from /home/patriciacorreia/Documents/airflowalura/venv/lib/python3.9/site-packages/airflow/example_dags/example_branch_python_dop_operator_3.py
[2024-12-18 22:10:13,568] {processor.py:651} INFO - DAG(s) dict_keys(['example_branch_dop_operator_v3']) retrieved from /home/patriciacorreia/Documents/airflowalura/venv/lib/python3.9/site-packages/airflow/example_dags/example_branch_python_dop_operator_3.py
[2024-12-18 22:10:13,604] {logging_mixin.py:115} INFO - [2024-12-18 22:10:13,604] {dag.py:2379} INFO - Sync 1 DAGs
[2024-12-18 22:10:13,651] {logging_mixin.py:115} INFO - [2024-12-18 22:10:13,651] {dag.py:2927} INFO - Setting next_dagrun for example_branch_dop_operator_v3 to 2024-12-19T01:09:00+00:00, run_after=2024-12-19T01:10:00+00:00
[2024-12-18 22:10:13,669] {processor.py:161} INFO - Processing /home/patriciacorreia/Documents/airflowalura/venv/lib/python3.9/site-packages/airflow/example_dags/example_branch_python_dop_operator_3.py took 0.132 seconds
[2024-12-18 22:10:54,441] {processor.py:153} INFO - Started process (PID=15352) to work on /home/patriciacorreia/Documents/airflowalura/venv/lib/python3.9/site-packages/airflow/example_dags/example_branch_python_dop_operator_3.py
[2024-12-18 22:10:54,444] {processor.py:641} INFO - Processing file /home/patriciacorreia/Documents/airflowalura/venv/lib/python3.9/site-packages/airflow/example_dags/example_branch_python_dop_operator_3.py for tasks to queue
[2024-12-18 22:10:54,446] {logging_mixin.py:115} INFO - [2024-12-18 22:10:54,446] {dagbag.py:507} INFO - Filling up the DagBag from /home/patriciacorreia/Documents/airflowalura/venv/lib/python3.9/site-packages/airflow/example_dags/example_branch_python_dop_operator_3.py
[2024-12-18 22:10:54,473] {processor.py:651} INFO - DAG(s) dict_keys(['example_branch_dop_operator_v3']) retrieved from /home/patriciacorreia/Documents/airflowalura/venv/lib/python3.9/site-packages/airflow/example_dags/example_branch_python_dop_operator_3.py
[2024-12-18 22:10:54,700] {logging_mixin.py:115} INFO - [2024-12-18 22:10:54,700] {dag.py:2379} INFO - Sync 1 DAGs
[2024-12-18 22:10:54,893] {logging_mixin.py:115} INFO - [2024-12-18 22:10:54,893] {dag.py:2927} INFO - Setting next_dagrun for example_branch_dop_operator_v3 to 2024-12-19T01:09:00+00:00, run_after=2024-12-19T01:10:00+00:00
[2024-12-18 22:10:54,950] {processor.py:161} INFO - Processing /home/patriciacorreia/Documents/airflowalura/venv/lib/python3.9/site-packages/airflow/example_dags/example_branch_python_dop_operator_3.py took 0.518 seconds
[2024-12-18 22:11:42,949] {processor.py:153} INFO - Started process (PID=15566) to work on /home/patriciacorreia/Documents/airflowalura/venv/lib/python3.9/site-packages/airflow/example_dags/example_branch_python_dop_operator_3.py
[2024-12-18 22:11:42,952] {processor.py:641} INFO - Processing file /home/patriciacorreia/Documents/airflowalura/venv/lib/python3.9/site-packages/airflow/example_dags/example_branch_python_dop_operator_3.py for tasks to queue
[2024-12-18 22:11:42,954] {logging_mixin.py:115} INFO - [2024-12-18 22:11:42,954] {dagbag.py:507} INFO - Filling up the DagBag from /home/patriciacorreia/Documents/airflowalura/venv/lib/python3.9/site-packages/airflow/example_dags/example_branch_python_dop_operator_3.py
[2024-12-18 22:11:43,004] {processor.py:651} INFO - DAG(s) dict_keys(['example_branch_dop_operator_v3']) retrieved from /home/patriciacorreia/Documents/airflowalura/venv/lib/python3.9/site-packages/airflow/example_dags/example_branch_python_dop_operator_3.py
[2024-12-18 22:11:43,052] {logging_mixin.py:115} INFO - [2024-12-18 22:11:43,051] {dag.py:2379} INFO - Sync 1 DAGs
[2024-12-18 22:11:43,110] {logging_mixin.py:115} INFO - [2024-12-18 22:11:43,110] {dag.py:2927} INFO - Setting next_dagrun for example_branch_dop_operator_v3 to 2024-12-19T01:10:00+00:00, run_after=2024-12-19T01:11:00+00:00
[2024-12-18 22:11:43,203] {processor.py:161} INFO - Processing /home/patriciacorreia/Documents/airflowalura/venv/lib/python3.9/site-packages/airflow/example_dags/example_branch_python_dop_operator_3.py took 0.272 seconds
[2024-12-18 22:12:23,895] {processor.py:153} INFO - Started process (PID=15749) to work on /home/patriciacorreia/Documents/airflowalura/venv/lib/python3.9/site-packages/airflow/example_dags/example_branch_python_dop_operator_3.py
[2024-12-18 22:12:23,899] {processor.py:641} INFO - Processing file /home/patriciacorreia/Documents/airflowalura/venv/lib/python3.9/site-packages/airflow/example_dags/example_branch_python_dop_operator_3.py for tasks to queue
[2024-12-18 22:12:23,901] {logging_mixin.py:115} INFO - [2024-12-18 22:12:23,900] {dagbag.py:507} INFO - Filling up the DagBag from /home/patriciacorreia/Documents/airflowalura/venv/lib/python3.9/site-packages/airflow/example_dags/example_branch_python_dop_operator_3.py
[2024-12-18 22:12:23,950] {processor.py:651} INFO - DAG(s) dict_keys(['example_branch_dop_operator_v3']) retrieved from /home/patriciacorreia/Documents/airflowalura/venv/lib/python3.9/site-packages/airflow/example_dags/example_branch_python_dop_operator_3.py
[2024-12-18 22:12:24,024] {logging_mixin.py:115} INFO - [2024-12-18 22:12:24,024] {dag.py:2379} INFO - Sync 1 DAGs
[2024-12-18 22:12:24,078] {logging_mixin.py:115} INFO - [2024-12-18 22:12:24,078] {dag.py:2927} INFO - Setting next_dagrun for example_branch_dop_operator_v3 to 2024-12-19T01:11:00+00:00, run_after=2024-12-19T01:12:00+00:00
[2024-12-18 22:12:24,097] {processor.py:161} INFO - Processing /home/patriciacorreia/Documents/airflowalura/venv/lib/python3.9/site-packages/airflow/example_dags/example_branch_python_dop_operator_3.py took 0.216 seconds
[2024-12-18 22:13:08,250] {processor.py:153} INFO - Started process (PID=15947) to work on /home/patriciacorreia/Documents/airflowalura/venv/lib/python3.9/site-packages/airflow/example_dags/example_branch_python_dop_operator_3.py
[2024-12-18 22:13:08,253] {processor.py:641} INFO - Processing file /home/patriciacorreia/Documents/airflowalura/venv/lib/python3.9/site-packages/airflow/example_dags/example_branch_python_dop_operator_3.py for tasks to queue
[2024-12-18 22:13:08,255] {logging_mixin.py:115} INFO - [2024-12-18 22:13:08,255] {dagbag.py:507} INFO - Filling up the DagBag from /home/patriciacorreia/Documents/airflowalura/venv/lib/python3.9/site-packages/airflow/example_dags/example_branch_python_dop_operator_3.py
[2024-12-18 22:13:08,295] {processor.py:651} INFO - DAG(s) dict_keys(['example_branch_dop_operator_v3']) retrieved from /home/patriciacorreia/Documents/airflowalura/venv/lib/python3.9/site-packages/airflow/example_dags/example_branch_python_dop_operator_3.py
[2024-12-18 22:13:08,354] {logging_mixin.py:115} INFO - [2024-12-18 22:13:08,354] {dag.py:2379} INFO - Sync 1 DAGs
[2024-12-18 22:13:08,444] {logging_mixin.py:115} INFO - [2024-12-18 22:13:08,443] {dag.py:2927} INFO - Setting next_dagrun for example_branch_dop_operator_v3 to 2024-12-19T01:12:00+00:00, run_after=2024-12-19T01:13:00+00:00
[2024-12-18 22:13:08,490] {processor.py:161} INFO - Processing /home/patriciacorreia/Documents/airflowalura/venv/lib/python3.9/site-packages/airflow/example_dags/example_branch_python_dop_operator_3.py took 0.252 seconds
[2024-12-18 22:13:45,013] {processor.py:153} INFO - Started process (PID=16117) to work on /home/patriciacorreia/Documents/airflowalura/venv/lib/python3.9/site-packages/airflow/example_dags/example_branch_python_dop_operator_3.py
[2024-12-18 22:13:45,016] {processor.py:641} INFO - Processing file /home/patriciacorreia/Documents/airflowalura/venv/lib/python3.9/site-packages/airflow/example_dags/example_branch_python_dop_operator_3.py for tasks to queue
[2024-12-18 22:13:45,017] {logging_mixin.py:115} INFO - [2024-12-18 22:13:45,017] {dagbag.py:507} INFO - Filling up the DagBag from /home/patriciacorreia/Documents/airflowalura/venv/lib/python3.9/site-packages/airflow/example_dags/example_branch_python_dop_operator_3.py
[2024-12-18 22:13:45,048] {processor.py:651} INFO - DAG(s) dict_keys(['example_branch_dop_operator_v3']) retrieved from /home/patriciacorreia/Documents/airflowalura/venv/lib/python3.9/site-packages/airflow/example_dags/example_branch_python_dop_operator_3.py
[2024-12-18 22:13:45,106] {logging_mixin.py:115} INFO - [2024-12-18 22:13:45,106] {dag.py:2379} INFO - Sync 1 DAGs
[2024-12-18 22:13:45,176] {logging_mixin.py:115} INFO - [2024-12-18 22:13:45,175] {dag.py:2927} INFO - Setting next_dagrun for example_branch_dop_operator_v3 to 2024-12-19T01:12:00+00:00, run_after=2024-12-19T01:13:00+00:00
[2024-12-18 22:13:45,211] {processor.py:161} INFO - Processing /home/patriciacorreia/Documents/airflowalura/venv/lib/python3.9/site-packages/airflow/example_dags/example_branch_python_dop_operator_3.py took 0.208 seconds
[2024-12-18 22:14:27,415] {processor.py:153} INFO - Started process (PID=16332) to work on /home/patriciacorreia/Documents/airflowalura/venv/lib/python3.9/site-packages/airflow/example_dags/example_branch_python_dop_operator_3.py
[2024-12-18 22:14:27,418] {processor.py:641} INFO - Processing file /home/patriciacorreia/Documents/airflowalura/venv/lib/python3.9/site-packages/airflow/example_dags/example_branch_python_dop_operator_3.py for tasks to queue
[2024-12-18 22:14:27,421] {logging_mixin.py:115} INFO - [2024-12-18 22:14:27,420] {dagbag.py:507} INFO - Filling up the DagBag from /home/patriciacorreia/Documents/airflowalura/venv/lib/python3.9/site-packages/airflow/example_dags/example_branch_python_dop_operator_3.py
[2024-12-18 22:14:27,450] {processor.py:651} INFO - DAG(s) dict_keys(['example_branch_dop_operator_v3']) retrieved from /home/patriciacorreia/Documents/airflowalura/venv/lib/python3.9/site-packages/airflow/example_dags/example_branch_python_dop_operator_3.py
[2024-12-18 22:14:27,474] {logging_mixin.py:115} INFO - [2024-12-18 22:14:27,474] {dag.py:2379} INFO - Sync 1 DAGs
[2024-12-18 22:14:27,503] {logging_mixin.py:115} INFO - [2024-12-18 22:14:27,503] {dag.py:2927} INFO - Setting next_dagrun for example_branch_dop_operator_v3 to 2024-12-19T01:13:00+00:00, run_after=2024-12-19T01:14:00+00:00
[2024-12-18 22:14:27,522] {processor.py:161} INFO - Processing /home/patriciacorreia/Documents/airflowalura/venv/lib/python3.9/site-packages/airflow/example_dags/example_branch_python_dop_operator_3.py took 0.118 seconds
[2024-12-18 22:15:10,271] {processor.py:153} INFO - Started process (PID=16534) to work on /home/patriciacorreia/Documents/airflowalura/venv/lib/python3.9/site-packages/airflow/example_dags/example_branch_python_dop_operator_3.py
[2024-12-18 22:15:10,273] {processor.py:641} INFO - Processing file /home/patriciacorreia/Documents/airflowalura/venv/lib/python3.9/site-packages/airflow/example_dags/example_branch_python_dop_operator_3.py for tasks to queue
[2024-12-18 22:15:10,274] {logging_mixin.py:115} INFO - [2024-12-18 22:15:10,274] {dagbag.py:507} INFO - Filling up the DagBag from /home/patriciacorreia/Documents/airflowalura/venv/lib/python3.9/site-packages/airflow/example_dags/example_branch_python_dop_operator_3.py
[2024-12-18 22:15:10,297] {processor.py:651} INFO - DAG(s) dict_keys(['example_branch_dop_operator_v3']) retrieved from /home/patriciacorreia/Documents/airflowalura/venv/lib/python3.9/site-packages/airflow/example_dags/example_branch_python_dop_operator_3.py
[2024-12-18 22:15:10,332] {logging_mixin.py:115} INFO - [2024-12-18 22:15:10,332] {dag.py:2379} INFO - Sync 1 DAGs
[2024-12-18 22:15:10,378] {logging_mixin.py:115} INFO - [2024-12-18 22:15:10,378] {dag.py:2927} INFO - Setting next_dagrun for example_branch_dop_operator_v3 to 2024-12-19T01:14:00+00:00, run_after=2024-12-19T01:15:00+00:00
[2024-12-18 22:15:10,404] {processor.py:161} INFO - Processing /home/patriciacorreia/Documents/airflowalura/venv/lib/python3.9/site-packages/airflow/example_dags/example_branch_python_dop_operator_3.py took 0.141 seconds
[2024-12-18 22:15:50,354] {processor.py:153} INFO - Started process (PID=16739) to work on /home/patriciacorreia/Documents/airflowalura/venv/lib/python3.9/site-packages/airflow/example_dags/example_branch_python_dop_operator_3.py
[2024-12-18 22:15:50,357] {processor.py:641} INFO - Processing file /home/patriciacorreia/Documents/airflowalura/venv/lib/python3.9/site-packages/airflow/example_dags/example_branch_python_dop_operator_3.py for tasks to queue
[2024-12-18 22:15:50,359] {logging_mixin.py:115} INFO - [2024-12-18 22:15:50,359] {dagbag.py:507} INFO - Filling up the DagBag from /home/patriciacorreia/Documents/airflowalura/venv/lib/python3.9/site-packages/airflow/example_dags/example_branch_python_dop_operator_3.py
[2024-12-18 22:15:50,402] {processor.py:651} INFO - DAG(s) dict_keys(['example_branch_dop_operator_v3']) retrieved from /home/patriciacorreia/Documents/airflowalura/venv/lib/python3.9/site-packages/airflow/example_dags/example_branch_python_dop_operator_3.py
[2024-12-18 22:15:50,478] {logging_mixin.py:115} INFO - [2024-12-18 22:15:50,477] {dag.py:2379} INFO - Sync 1 DAGs
[2024-12-18 22:15:50,666] {logging_mixin.py:115} INFO - [2024-12-18 22:15:50,665] {dag.py:2927} INFO - Setting next_dagrun for example_branch_dop_operator_v3 to 2024-12-19T01:14:00+00:00, run_after=2024-12-19T01:15:00+00:00
[2024-12-18 22:15:50,715] {processor.py:161} INFO - Processing /home/patriciacorreia/Documents/airflowalura/venv/lib/python3.9/site-packages/airflow/example_dags/example_branch_python_dop_operator_3.py took 0.373 seconds
[2024-12-18 22:16:42,915] {processor.py:153} INFO - Started process (PID=17062) to work on /home/patriciacorreia/Documents/airflowalura/venv/lib/python3.9/site-packages/airflow/example_dags/example_branch_python_dop_operator_3.py
[2024-12-18 22:16:42,919] {processor.py:641} INFO - Processing file /home/patriciacorreia/Documents/airflowalura/venv/lib/python3.9/site-packages/airflow/example_dags/example_branch_python_dop_operator_3.py for tasks to queue
[2024-12-18 22:16:42,922] {logging_mixin.py:115} INFO - [2024-12-18 22:16:42,922] {dagbag.py:507} INFO - Filling up the DagBag from /home/patriciacorreia/Documents/airflowalura/venv/lib/python3.9/site-packages/airflow/example_dags/example_branch_python_dop_operator_3.py
[2024-12-18 22:16:42,956] {processor.py:651} INFO - DAG(s) dict_keys(['example_branch_dop_operator_v3']) retrieved from /home/patriciacorreia/Documents/airflowalura/venv/lib/python3.9/site-packages/airflow/example_dags/example_branch_python_dop_operator_3.py
[2024-12-18 22:16:43,004] {logging_mixin.py:115} INFO - [2024-12-18 22:16:43,004] {dag.py:2379} INFO - Sync 1 DAGs
[2024-12-18 22:16:43,079] {logging_mixin.py:115} INFO - [2024-12-18 22:16:43,079] {dag.py:2927} INFO - Setting next_dagrun for example_branch_dop_operator_v3 to 2024-12-19T01:15:00+00:00, run_after=2024-12-19T01:16:00+00:00
[2024-12-18 22:16:43,109] {processor.py:161} INFO - Processing /home/patriciacorreia/Documents/airflowalura/venv/lib/python3.9/site-packages/airflow/example_dags/example_branch_python_dop_operator_3.py took 0.208 seconds
[2024-12-18 22:17:25,268] {processor.py:153} INFO - Started process (PID=17270) to work on /home/patriciacorreia/Documents/airflowalura/venv/lib/python3.9/site-packages/airflow/example_dags/example_branch_python_dop_operator_3.py
[2024-12-18 22:17:25,271] {processor.py:641} INFO - Processing file /home/patriciacorreia/Documents/airflowalura/venv/lib/python3.9/site-packages/airflow/example_dags/example_branch_python_dop_operator_3.py for tasks to queue
[2024-12-18 22:17:25,274] {logging_mixin.py:115} INFO - [2024-12-18 22:17:25,274] {dagbag.py:507} INFO - Filling up the DagBag from /home/patriciacorreia/Documents/airflowalura/venv/lib/python3.9/site-packages/airflow/example_dags/example_branch_python_dop_operator_3.py
[2024-12-18 22:17:25,305] {processor.py:651} INFO - DAG(s) dict_keys(['example_branch_dop_operator_v3']) retrieved from /home/patriciacorreia/Documents/airflowalura/venv/lib/python3.9/site-packages/airflow/example_dags/example_branch_python_dop_operator_3.py
[2024-12-18 22:17:25,341] {logging_mixin.py:115} INFO - [2024-12-18 22:17:25,341] {dag.py:2379} INFO - Sync 1 DAGs
[2024-12-18 22:17:25,408] {logging_mixin.py:115} INFO - [2024-12-18 22:17:25,408] {dag.py:2927} INFO - Setting next_dagrun for example_branch_dop_operator_v3 to 2024-12-19T01:16:00+00:00, run_after=2024-12-19T01:17:00+00:00
[2024-12-18 22:17:25,446] {processor.py:161} INFO - Processing /home/patriciacorreia/Documents/airflowalura/venv/lib/python3.9/site-packages/airflow/example_dags/example_branch_python_dop_operator_3.py took 0.186 seconds
[2024-12-18 22:18:11,084] {processor.py:153} INFO - Started process (PID=17490) to work on /home/patriciacorreia/Documents/airflowalura/venv/lib/python3.9/site-packages/airflow/example_dags/example_branch_python_dop_operator_3.py
[2024-12-18 22:18:11,086] {processor.py:641} INFO - Processing file /home/patriciacorreia/Documents/airflowalura/venv/lib/python3.9/site-packages/airflow/example_dags/example_branch_python_dop_operator_3.py for tasks to queue
[2024-12-18 22:18:11,088] {logging_mixin.py:115} INFO - [2024-12-18 22:18:11,088] {dagbag.py:507} INFO - Filling up the DagBag from /home/patriciacorreia/Documents/airflowalura/venv/lib/python3.9/site-packages/airflow/example_dags/example_branch_python_dop_operator_3.py
[2024-12-18 22:18:11,116] {processor.py:651} INFO - DAG(s) dict_keys(['example_branch_dop_operator_v3']) retrieved from /home/patriciacorreia/Documents/airflowalura/venv/lib/python3.9/site-packages/airflow/example_dags/example_branch_python_dop_operator_3.py
[2024-12-18 22:18:11,156] {logging_mixin.py:115} INFO - [2024-12-18 22:18:11,155] {dag.py:2379} INFO - Sync 1 DAGs
[2024-12-18 22:18:11,219] {logging_mixin.py:115} INFO - [2024-12-18 22:18:11,219] {dag.py:2927} INFO - Setting next_dagrun for example_branch_dop_operator_v3 to 2024-12-19T01:17:00+00:00, run_after=2024-12-19T01:18:00+00:00
[2024-12-18 22:18:11,251] {processor.py:161} INFO - Processing /home/patriciacorreia/Documents/airflowalura/venv/lib/python3.9/site-packages/airflow/example_dags/example_branch_python_dop_operator_3.py took 0.174 seconds
[2024-12-18 22:19:54,110] {processor.py:153} INFO - Started process (PID=17943) to work on /home/patriciacorreia/Documents/airflowalura/venv/lib/python3.9/site-packages/airflow/example_dags/example_branch_python_dop_operator_3.py
[2024-12-18 22:19:54,113] {processor.py:641} INFO - Processing file /home/patriciacorreia/Documents/airflowalura/venv/lib/python3.9/site-packages/airflow/example_dags/example_branch_python_dop_operator_3.py for tasks to queue
[2024-12-18 22:19:54,115] {logging_mixin.py:115} INFO - [2024-12-18 22:19:54,114] {dagbag.py:507} INFO - Filling up the DagBag from /home/patriciacorreia/Documents/airflowalura/venv/lib/python3.9/site-packages/airflow/example_dags/example_branch_python_dop_operator_3.py
[2024-12-18 22:19:54,151] {processor.py:651} INFO - DAG(s) dict_keys(['example_branch_dop_operator_v3']) retrieved from /home/patriciacorreia/Documents/airflowalura/venv/lib/python3.9/site-packages/airflow/example_dags/example_branch_python_dop_operator_3.py
[2024-12-18 22:19:54,210] {logging_mixin.py:115} INFO - [2024-12-18 22:19:54,210] {dag.py:2379} INFO - Sync 1 DAGs
[2024-12-18 22:19:54,337] {logging_mixin.py:115} INFO - [2024-12-18 22:19:54,337] {dag.py:2927} INFO - Setting next_dagrun for example_branch_dop_operator_v3 to 2024-12-19T01:18:00+00:00, run_after=2024-12-19T01:19:00+00:00
[2024-12-18 22:19:54,390] {processor.py:161} INFO - Processing /home/patriciacorreia/Documents/airflowalura/venv/lib/python3.9/site-packages/airflow/example_dags/example_branch_python_dop_operator_3.py took 0.291 seconds
[2024-12-18 22:20:35,269] {processor.py:153} INFO - Started process (PID=18146) to work on /home/patriciacorreia/Documents/airflowalura/venv/lib/python3.9/site-packages/airflow/example_dags/example_branch_python_dop_operator_3.py
[2024-12-18 22:20:35,271] {processor.py:641} INFO - Processing file /home/patriciacorreia/Documents/airflowalura/venv/lib/python3.9/site-packages/airflow/example_dags/example_branch_python_dop_operator_3.py for tasks to queue
[2024-12-18 22:20:35,272] {logging_mixin.py:115} INFO - [2024-12-18 22:20:35,272] {dagbag.py:507} INFO - Filling up the DagBag from /home/patriciacorreia/Documents/airflowalura/venv/lib/python3.9/site-packages/airflow/example_dags/example_branch_python_dop_operator_3.py
[2024-12-18 22:20:35,292] {processor.py:651} INFO - DAG(s) dict_keys(['example_branch_dop_operator_v3']) retrieved from /home/patriciacorreia/Documents/airflowalura/venv/lib/python3.9/site-packages/airflow/example_dags/example_branch_python_dop_operator_3.py
[2024-12-18 22:20:35,326] {logging_mixin.py:115} INFO - [2024-12-18 22:20:35,325] {dag.py:2379} INFO - Sync 1 DAGs
[2024-12-18 22:20:35,395] {logging_mixin.py:115} INFO - [2024-12-18 22:20:35,395] {dag.py:2927} INFO - Setting next_dagrun for example_branch_dop_operator_v3 to 2024-12-19T01:19:00+00:00, run_after=2024-12-19T01:20:00+00:00
[2024-12-18 22:20:35,433] {processor.py:161} INFO - Processing /home/patriciacorreia/Documents/airflowalura/venv/lib/python3.9/site-packages/airflow/example_dags/example_branch_python_dop_operator_3.py took 0.171 seconds
[2024-12-18 22:21:20,722] {processor.py:153} INFO - Started process (PID=18364) to work on /home/patriciacorreia/Documents/airflowalura/venv/lib/python3.9/site-packages/airflow/example_dags/example_branch_python_dop_operator_3.py
[2024-12-18 22:21:20,724] {processor.py:641} INFO - Processing file /home/patriciacorreia/Documents/airflowalura/venv/lib/python3.9/site-packages/airflow/example_dags/example_branch_python_dop_operator_3.py for tasks to queue
[2024-12-18 22:21:20,725] {logging_mixin.py:115} INFO - [2024-12-18 22:21:20,725] {dagbag.py:507} INFO - Filling up the DagBag from /home/patriciacorreia/Documents/airflowalura/venv/lib/python3.9/site-packages/airflow/example_dags/example_branch_python_dop_operator_3.py
[2024-12-18 22:21:20,753] {processor.py:651} INFO - DAG(s) dict_keys(['example_branch_dop_operator_v3']) retrieved from /home/patriciacorreia/Documents/airflowalura/venv/lib/python3.9/site-packages/airflow/example_dags/example_branch_python_dop_operator_3.py
[2024-12-18 22:21:20,786] {logging_mixin.py:115} INFO - [2024-12-18 22:21:20,786] {dag.py:2379} INFO - Sync 1 DAGs
[2024-12-18 22:21:20,828] {logging_mixin.py:115} INFO - [2024-12-18 22:21:20,828] {dag.py:2927} INFO - Setting next_dagrun for example_branch_dop_operator_v3 to 2024-12-19T01:20:00+00:00, run_after=2024-12-19T01:21:00+00:00
[2024-12-18 22:21:20,851] {processor.py:161} INFO - Processing /home/patriciacorreia/Documents/airflowalura/venv/lib/python3.9/site-packages/airflow/example_dags/example_branch_python_dop_operator_3.py took 0.135 seconds
[2024-12-18 22:22:08,236] {processor.py:153} INFO - Started process (PID=18584) to work on /home/patriciacorreia/Documents/airflowalura/venv/lib/python3.9/site-packages/airflow/example_dags/example_branch_python_dop_operator_3.py
[2024-12-18 22:22:08,237] {processor.py:641} INFO - Processing file /home/patriciacorreia/Documents/airflowalura/venv/lib/python3.9/site-packages/airflow/example_dags/example_branch_python_dop_operator_3.py for tasks to queue
[2024-12-18 22:22:08,238] {logging_mixin.py:115} INFO - [2024-12-18 22:22:08,238] {dagbag.py:507} INFO - Filling up the DagBag from /home/patriciacorreia/Documents/airflowalura/venv/lib/python3.9/site-packages/airflow/example_dags/example_branch_python_dop_operator_3.py
[2024-12-18 22:22:08,253] {processor.py:651} INFO - DAG(s) dict_keys(['example_branch_dop_operator_v3']) retrieved from /home/patriciacorreia/Documents/airflowalura/venv/lib/python3.9/site-packages/airflow/example_dags/example_branch_python_dop_operator_3.py
[2024-12-18 22:22:08,279] {logging_mixin.py:115} INFO - [2024-12-18 22:22:08,279] {dag.py:2379} INFO - Sync 1 DAGs
[2024-12-18 22:22:08,309] {logging_mixin.py:115} INFO - [2024-12-18 22:22:08,309] {dag.py:2927} INFO - Setting next_dagrun for example_branch_dop_operator_v3 to 2024-12-19T01:21:00+00:00, run_after=2024-12-19T01:22:00+00:00
[2024-12-18 22:22:08,326] {processor.py:161} INFO - Processing /home/patriciacorreia/Documents/airflowalura/venv/lib/python3.9/site-packages/airflow/example_dags/example_branch_python_dop_operator_3.py took 0.095 seconds
[2024-12-18 22:22:51,257] {processor.py:153} INFO - Started process (PID=18786) to work on /home/patriciacorreia/Documents/airflowalura/venv/lib/python3.9/site-packages/airflow/example_dags/example_branch_python_dop_operator_3.py
[2024-12-18 22:22:51,261] {processor.py:641} INFO - Processing file /home/patriciacorreia/Documents/airflowalura/venv/lib/python3.9/site-packages/airflow/example_dags/example_branch_python_dop_operator_3.py for tasks to queue
[2024-12-18 22:22:51,263] {logging_mixin.py:115} INFO - [2024-12-18 22:22:51,263] {dagbag.py:507} INFO - Filling up the DagBag from /home/patriciacorreia/Documents/airflowalura/venv/lib/python3.9/site-packages/airflow/example_dags/example_branch_python_dop_operator_3.py
[2024-12-18 22:22:51,322] {processor.py:651} INFO - DAG(s) dict_keys(['example_branch_dop_operator_v3']) retrieved from /home/patriciacorreia/Documents/airflowalura/venv/lib/python3.9/site-packages/airflow/example_dags/example_branch_python_dop_operator_3.py
[2024-12-18 22:22:51,425] {logging_mixin.py:115} INFO - [2024-12-18 22:22:51,425] {dag.py:2379} INFO - Sync 1 DAGs
[2024-12-18 22:22:51,607] {logging_mixin.py:115} INFO - [2024-12-18 22:22:51,607] {dag.py:2927} INFO - Setting next_dagrun for example_branch_dop_operator_v3 to 2024-12-19T01:21:00+00:00, run_after=2024-12-19T01:22:00+00:00
[2024-12-18 22:22:51,626] {processor.py:161} INFO - Processing /home/patriciacorreia/Documents/airflowalura/venv/lib/python3.9/site-packages/airflow/example_dags/example_branch_python_dop_operator_3.py took 0.386 seconds
[2024-12-18 22:23:33,682] {processor.py:153} INFO - Started process (PID=18984) to work on /home/patriciacorreia/Documents/airflowalura/venv/lib/python3.9/site-packages/airflow/example_dags/example_branch_python_dop_operator_3.py
[2024-12-18 22:23:33,688] {processor.py:641} INFO - Processing file /home/patriciacorreia/Documents/airflowalura/venv/lib/python3.9/site-packages/airflow/example_dags/example_branch_python_dop_operator_3.py for tasks to queue
[2024-12-18 22:23:33,691] {logging_mixin.py:115} INFO - [2024-12-18 22:23:33,690] {dagbag.py:507} INFO - Filling up the DagBag from /home/patriciacorreia/Documents/airflowalura/venv/lib/python3.9/site-packages/airflow/example_dags/example_branch_python_dop_operator_3.py
[2024-12-18 22:23:33,750] {processor.py:651} INFO - DAG(s) dict_keys(['example_branch_dop_operator_v3']) retrieved from /home/patriciacorreia/Documents/airflowalura/venv/lib/python3.9/site-packages/airflow/example_dags/example_branch_python_dop_operator_3.py
[2024-12-18 22:23:33,850] {logging_mixin.py:115} INFO - [2024-12-18 22:23:33,849] {dag.py:2379} INFO - Sync 1 DAGs
[2024-12-18 22:23:33,975] {logging_mixin.py:115} INFO - [2024-12-18 22:23:33,975] {dag.py:2927} INFO - Setting next_dagrun for example_branch_dop_operator_v3 to 2024-12-19T01:22:00+00:00, run_after=2024-12-19T01:23:00+00:00
[2024-12-18 22:23:33,994] {processor.py:161} INFO - Processing /home/patriciacorreia/Documents/airflowalura/venv/lib/python3.9/site-packages/airflow/example_dags/example_branch_python_dop_operator_3.py took 0.328 seconds
[2024-12-18 22:24:21,000] {processor.py:153} INFO - Started process (PID=19203) to work on /home/patriciacorreia/Documents/airflowalura/venv/lib/python3.9/site-packages/airflow/example_dags/example_branch_python_dop_operator_3.py
[2024-12-18 22:24:21,005] {processor.py:641} INFO - Processing file /home/patriciacorreia/Documents/airflowalura/venv/lib/python3.9/site-packages/airflow/example_dags/example_branch_python_dop_operator_3.py for tasks to queue
[2024-12-18 22:24:21,011] {logging_mixin.py:115} INFO - [2024-12-18 22:24:21,011] {dagbag.py:507} INFO - Filling up the DagBag from /home/patriciacorreia/Documents/airflowalura/venv/lib/python3.9/site-packages/airflow/example_dags/example_branch_python_dop_operator_3.py
[2024-12-18 22:24:21,077] {processor.py:651} INFO - DAG(s) dict_keys(['example_branch_dop_operator_v3']) retrieved from /home/patriciacorreia/Documents/airflowalura/venv/lib/python3.9/site-packages/airflow/example_dags/example_branch_python_dop_operator_3.py
[2024-12-18 22:24:21,109] {logging_mixin.py:115} INFO - [2024-12-18 22:24:21,108] {dag.py:2379} INFO - Sync 1 DAGs
[2024-12-18 22:24:21,145] {logging_mixin.py:115} INFO - [2024-12-18 22:24:21,145] {dag.py:2927} INFO - Setting next_dagrun for example_branch_dop_operator_v3 to 2024-12-19T01:23:00+00:00, run_after=2024-12-19T01:24:00+00:00
[2024-12-18 22:24:21,169] {processor.py:161} INFO - Processing /home/patriciacorreia/Documents/airflowalura/venv/lib/python3.9/site-packages/airflow/example_dags/example_branch_python_dop_operator_3.py took 0.187 seconds
[2024-12-18 22:25:07,571] {processor.py:153} INFO - Started process (PID=19450) to work on /home/patriciacorreia/Documents/airflowalura/venv/lib/python3.9/site-packages/airflow/example_dags/example_branch_python_dop_operator_3.py
[2024-12-18 22:25:07,572] {processor.py:641} INFO - Processing file /home/patriciacorreia/Documents/airflowalura/venv/lib/python3.9/site-packages/airflow/example_dags/example_branch_python_dop_operator_3.py for tasks to queue
[2024-12-18 22:25:07,575] {logging_mixin.py:115} INFO - [2024-12-18 22:25:07,574] {dagbag.py:507} INFO - Filling up the DagBag from /home/patriciacorreia/Documents/airflowalura/venv/lib/python3.9/site-packages/airflow/example_dags/example_branch_python_dop_operator_3.py
[2024-12-18 22:25:07,597] {processor.py:651} INFO - DAG(s) dict_keys(['example_branch_dop_operator_v3']) retrieved from /home/patriciacorreia/Documents/airflowalura/venv/lib/python3.9/site-packages/airflow/example_dags/example_branch_python_dop_operator_3.py
[2024-12-18 22:25:07,631] {logging_mixin.py:115} INFO - [2024-12-18 22:25:07,631] {dag.py:2379} INFO - Sync 1 DAGs
[2024-12-18 22:25:07,687] {logging_mixin.py:115} INFO - [2024-12-18 22:25:07,687] {dag.py:2927} INFO - Setting next_dagrun for example_branch_dop_operator_v3 to 2024-12-19T01:24:00+00:00, run_after=2024-12-19T01:25:00+00:00
[2024-12-18 22:25:07,711] {processor.py:161} INFO - Processing /home/patriciacorreia/Documents/airflowalura/venv/lib/python3.9/site-packages/airflow/example_dags/example_branch_python_dop_operator_3.py took 0.147 seconds
[2024-12-18 22:26:00,262] {processor.py:153} INFO - Started process (PID=19688) to work on /home/patriciacorreia/Documents/airflowalura/venv/lib/python3.9/site-packages/airflow/example_dags/example_branch_python_dop_operator_3.py
[2024-12-18 22:26:00,265] {processor.py:641} INFO - Processing file /home/patriciacorreia/Documents/airflowalura/venv/lib/python3.9/site-packages/airflow/example_dags/example_branch_python_dop_operator_3.py for tasks to queue
[2024-12-18 22:26:00,266] {logging_mixin.py:115} INFO - [2024-12-18 22:26:00,266] {dagbag.py:507} INFO - Filling up the DagBag from /home/patriciacorreia/Documents/airflowalura/venv/lib/python3.9/site-packages/airflow/example_dags/example_branch_python_dop_operator_3.py
[2024-12-18 22:26:00,293] {processor.py:651} INFO - DAG(s) dict_keys(['example_branch_dop_operator_v3']) retrieved from /home/patriciacorreia/Documents/airflowalura/venv/lib/python3.9/site-packages/airflow/example_dags/example_branch_python_dop_operator_3.py
[2024-12-18 22:26:00,338] {logging_mixin.py:115} INFO - [2024-12-18 22:26:00,338] {dag.py:2379} INFO - Sync 1 DAGs
[2024-12-18 22:26:00,388] {logging_mixin.py:115} INFO - [2024-12-18 22:26:00,387] {dag.py:2927} INFO - Setting next_dagrun for example_branch_dop_operator_v3 to 2024-12-19T01:25:00+00:00, run_after=2024-12-19T01:26:00+00:00
[2024-12-18 22:26:00,408] {processor.py:161} INFO - Processing /home/patriciacorreia/Documents/airflowalura/venv/lib/python3.9/site-packages/airflow/example_dags/example_branch_python_dop_operator_3.py took 0.156 seconds
[2024-12-18 22:26:39,481] {processor.py:153} INFO - Started process (PID=19865) to work on /home/patriciacorreia/Documents/airflowalura/venv/lib/python3.9/site-packages/airflow/example_dags/example_branch_python_dop_operator_3.py
[2024-12-18 22:26:39,483] {processor.py:641} INFO - Processing file /home/patriciacorreia/Documents/airflowalura/venv/lib/python3.9/site-packages/airflow/example_dags/example_branch_python_dop_operator_3.py for tasks to queue
[2024-12-18 22:26:39,485] {logging_mixin.py:115} INFO - [2024-12-18 22:26:39,485] {dagbag.py:507} INFO - Filling up the DagBag from /home/patriciacorreia/Documents/airflowalura/venv/lib/python3.9/site-packages/airflow/example_dags/example_branch_python_dop_operator_3.py
[2024-12-18 22:26:39,501] {processor.py:651} INFO - DAG(s) dict_keys(['example_branch_dop_operator_v3']) retrieved from /home/patriciacorreia/Documents/airflowalura/venv/lib/python3.9/site-packages/airflow/example_dags/example_branch_python_dop_operator_3.py
[2024-12-18 22:26:39,532] {logging_mixin.py:115} INFO - [2024-12-18 22:26:39,532] {dag.py:2379} INFO - Sync 1 DAGs
[2024-12-18 22:26:39,567] {logging_mixin.py:115} INFO - [2024-12-18 22:26:39,567] {dag.py:2927} INFO - Setting next_dagrun for example_branch_dop_operator_v3 to 2024-12-19T01:25:00+00:00, run_after=2024-12-19T01:26:00+00:00
[2024-12-18 22:26:39,586] {processor.py:161} INFO - Processing /home/patriciacorreia/Documents/airflowalura/venv/lib/python3.9/site-packages/airflow/example_dags/example_branch_python_dop_operator_3.py took 0.110 seconds
[2024-12-18 22:27:23,081] {processor.py:153} INFO - Started process (PID=20060) to work on /home/patriciacorreia/Documents/airflowalura/venv/lib/python3.9/site-packages/airflow/example_dags/example_branch_python_dop_operator_3.py
[2024-12-18 22:27:23,085] {processor.py:641} INFO - Processing file /home/patriciacorreia/Documents/airflowalura/venv/lib/python3.9/site-packages/airflow/example_dags/example_branch_python_dop_operator_3.py for tasks to queue
[2024-12-18 22:27:23,087] {logging_mixin.py:115} INFO - [2024-12-18 22:27:23,087] {dagbag.py:507} INFO - Filling up the DagBag from /home/patriciacorreia/Documents/airflowalura/venv/lib/python3.9/site-packages/airflow/example_dags/example_branch_python_dop_operator_3.py
[2024-12-18 22:27:23,142] {processor.py:651} INFO - DAG(s) dict_keys(['example_branch_dop_operator_v3']) retrieved from /home/patriciacorreia/Documents/airflowalura/venv/lib/python3.9/site-packages/airflow/example_dags/example_branch_python_dop_operator_3.py
[2024-12-18 22:27:23,207] {logging_mixin.py:115} INFO - [2024-12-18 22:27:23,207] {dag.py:2379} INFO - Sync 1 DAGs
[2024-12-18 22:27:23,294] {logging_mixin.py:115} INFO - [2024-12-18 22:27:23,294] {dag.py:2927} INFO - Setting next_dagrun for example_branch_dop_operator_v3 to 2024-12-19T01:26:00+00:00, run_after=2024-12-19T01:27:00+00:00
[2024-12-18 22:27:23,337] {processor.py:161} INFO - Processing /home/patriciacorreia/Documents/airflowalura/venv/lib/python3.9/site-packages/airflow/example_dags/example_branch_python_dop_operator_3.py took 0.279 seconds
[2024-12-18 22:28:03,691] {processor.py:153} INFO - Started process (PID=20264) to work on /home/patriciacorreia/Documents/airflowalura/venv/lib/python3.9/site-packages/airflow/example_dags/example_branch_python_dop_operator_3.py
[2024-12-18 22:28:03,694] {processor.py:641} INFO - Processing file /home/patriciacorreia/Documents/airflowalura/venv/lib/python3.9/site-packages/airflow/example_dags/example_branch_python_dop_operator_3.py for tasks to queue
[2024-12-18 22:28:03,696] {logging_mixin.py:115} INFO - [2024-12-18 22:28:03,696] {dagbag.py:507} INFO - Filling up the DagBag from /home/patriciacorreia/Documents/airflowalura/venv/lib/python3.9/site-packages/airflow/example_dags/example_branch_python_dop_operator_3.py
[2024-12-18 22:28:03,741] {processor.py:651} INFO - DAG(s) dict_keys(['example_branch_dop_operator_v3']) retrieved from /home/patriciacorreia/Documents/airflowalura/venv/lib/python3.9/site-packages/airflow/example_dags/example_branch_python_dop_operator_3.py
[2024-12-18 22:28:03,789] {logging_mixin.py:115} INFO - [2024-12-18 22:28:03,789] {dag.py:2379} INFO - Sync 1 DAGs
[2024-12-18 22:28:03,820] {logging_mixin.py:115} INFO - [2024-12-18 22:28:03,820] {dag.py:2927} INFO - Setting next_dagrun for example_branch_dop_operator_v3 to 2024-12-19T01:27:00+00:00, run_after=2024-12-19T01:28:00+00:00
[2024-12-18 22:28:03,836] {processor.py:161} INFO - Processing /home/patriciacorreia/Documents/airflowalura/venv/lib/python3.9/site-packages/airflow/example_dags/example_branch_python_dop_operator_3.py took 0.157 seconds
[2024-12-18 22:28:46,864] {processor.py:153} INFO - Started process (PID=20472) to work on /home/patriciacorreia/Documents/airflowalura/venv/lib/python3.9/site-packages/airflow/example_dags/example_branch_python_dop_operator_3.py
[2024-12-18 22:28:46,868] {processor.py:641} INFO - Processing file /home/patriciacorreia/Documents/airflowalura/venv/lib/python3.9/site-packages/airflow/example_dags/example_branch_python_dop_operator_3.py for tasks to queue
[2024-12-18 22:28:46,870] {logging_mixin.py:115} INFO - [2024-12-18 22:28:46,870] {dagbag.py:507} INFO - Filling up the DagBag from /home/patriciacorreia/Documents/airflowalura/venv/lib/python3.9/site-packages/airflow/example_dags/example_branch_python_dop_operator_3.py
[2024-12-18 22:28:46,909] {processor.py:651} INFO - DAG(s) dict_keys(['example_branch_dop_operator_v3']) retrieved from /home/patriciacorreia/Documents/airflowalura/venv/lib/python3.9/site-packages/airflow/example_dags/example_branch_python_dop_operator_3.py
[2024-12-18 22:28:46,955] {logging_mixin.py:115} INFO - [2024-12-18 22:28:46,955] {dag.py:2379} INFO - Sync 1 DAGs
[2024-12-18 22:28:46,988] {logging_mixin.py:115} INFO - [2024-12-18 22:28:46,987] {dag.py:2927} INFO - Setting next_dagrun for example_branch_dop_operator_v3 to 2024-12-19T01:27:00+00:00, run_after=2024-12-19T01:28:00+00:00
[2024-12-18 22:28:47,003] {processor.py:161} INFO - Processing /home/patriciacorreia/Documents/airflowalura/venv/lib/python3.9/site-packages/airflow/example_dags/example_branch_python_dop_operator_3.py took 0.150 seconds
[2024-12-18 22:29:27,741] {processor.py:153} INFO - Started process (PID=20678) to work on /home/patriciacorreia/Documents/airflowalura/venv/lib/python3.9/site-packages/airflow/example_dags/example_branch_python_dop_operator_3.py
[2024-12-18 22:29:27,742] {processor.py:641} INFO - Processing file /home/patriciacorreia/Documents/airflowalura/venv/lib/python3.9/site-packages/airflow/example_dags/example_branch_python_dop_operator_3.py for tasks to queue
[2024-12-18 22:29:27,743] {logging_mixin.py:115} INFO - [2024-12-18 22:29:27,743] {dagbag.py:507} INFO - Filling up the DagBag from /home/patriciacorreia/Documents/airflowalura/venv/lib/python3.9/site-packages/airflow/example_dags/example_branch_python_dop_operator_3.py
[2024-12-18 22:29:27,757] {processor.py:651} INFO - DAG(s) dict_keys(['example_branch_dop_operator_v3']) retrieved from /home/patriciacorreia/Documents/airflowalura/venv/lib/python3.9/site-packages/airflow/example_dags/example_branch_python_dop_operator_3.py
[2024-12-18 22:29:27,778] {logging_mixin.py:115} INFO - [2024-12-18 22:29:27,778] {dag.py:2379} INFO - Sync 1 DAGs
[2024-12-18 22:29:27,810] {logging_mixin.py:115} INFO - [2024-12-18 22:29:27,810] {dag.py:2927} INFO - Setting next_dagrun for example_branch_dop_operator_v3 to 2024-12-19T01:28:00+00:00, run_after=2024-12-19T01:29:00+00:00
[2024-12-18 22:29:27,826] {processor.py:161} INFO - Processing /home/patriciacorreia/Documents/airflowalura/venv/lib/python3.9/site-packages/airflow/example_dags/example_branch_python_dop_operator_3.py took 0.089 seconds
[2024-12-18 22:30:04,200] {processor.py:153} INFO - Started process (PID=20873) to work on /home/patriciacorreia/Documents/airflowalura/venv/lib/python3.9/site-packages/airflow/example_dags/example_branch_python_dop_operator_3.py
[2024-12-18 22:30:04,202] {processor.py:641} INFO - Processing file /home/patriciacorreia/Documents/airflowalura/venv/lib/python3.9/site-packages/airflow/example_dags/example_branch_python_dop_operator_3.py for tasks to queue
[2024-12-18 22:30:04,204] {logging_mixin.py:115} INFO - [2024-12-18 22:30:04,203] {dagbag.py:507} INFO - Filling up the DagBag from /home/patriciacorreia/Documents/airflowalura/venv/lib/python3.9/site-packages/airflow/example_dags/example_branch_python_dop_operator_3.py
[2024-12-18 22:30:04,230] {processor.py:651} INFO - DAG(s) dict_keys(['example_branch_dop_operator_v3']) retrieved from /home/patriciacorreia/Documents/airflowalura/venv/lib/python3.9/site-packages/airflow/example_dags/example_branch_python_dop_operator_3.py
[2024-12-18 22:30:04,252] {logging_mixin.py:115} INFO - [2024-12-18 22:30:04,252] {dag.py:2379} INFO - Sync 1 DAGs
[2024-12-18 22:30:04,291] {logging_mixin.py:115} INFO - [2024-12-18 22:30:04,290] {dag.py:2927} INFO - Setting next_dagrun for example_branch_dop_operator_v3 to 2024-12-19T01:29:00+00:00, run_after=2024-12-19T01:30:00+00:00
[2024-12-18 22:30:04,323] {processor.py:161} INFO - Processing /home/patriciacorreia/Documents/airflowalura/venv/lib/python3.9/site-packages/airflow/example_dags/example_branch_python_dop_operator_3.py took 0.144 seconds
[2024-12-18 22:30:47,502] {processor.py:153} INFO - Started process (PID=21099) to work on /home/patriciacorreia/Documents/airflowalura/venv/lib/python3.9/site-packages/airflow/example_dags/example_branch_python_dop_operator_3.py
[2024-12-18 22:30:47,505] {processor.py:641} INFO - Processing file /home/patriciacorreia/Documents/airflowalura/venv/lib/python3.9/site-packages/airflow/example_dags/example_branch_python_dop_operator_3.py for tasks to queue
[2024-12-18 22:30:47,506] {logging_mixin.py:115} INFO - [2024-12-18 22:30:47,506] {dagbag.py:507} INFO - Filling up the DagBag from /home/patriciacorreia/Documents/airflowalura/venv/lib/python3.9/site-packages/airflow/example_dags/example_branch_python_dop_operator_3.py
[2024-12-18 22:30:47,543] {processor.py:651} INFO - DAG(s) dict_keys(['example_branch_dop_operator_v3']) retrieved from /home/patriciacorreia/Documents/airflowalura/venv/lib/python3.9/site-packages/airflow/example_dags/example_branch_python_dop_operator_3.py
[2024-12-18 22:30:47,592] {logging_mixin.py:115} INFO - [2024-12-18 22:30:47,592] {dag.py:2379} INFO - Sync 1 DAGs
[2024-12-18 22:30:47,678] {logging_mixin.py:115} INFO - [2024-12-18 22:30:47,678] {dag.py:2927} INFO - Setting next_dagrun for example_branch_dop_operator_v3 to 2024-12-19T01:29:00+00:00, run_after=2024-12-19T01:30:00+00:00
[2024-12-18 22:30:47,719] {processor.py:161} INFO - Processing /home/patriciacorreia/Documents/airflowalura/venv/lib/python3.9/site-packages/airflow/example_dags/example_branch_python_dop_operator_3.py took 0.227 seconds
[2024-12-18 22:31:28,479] {processor.py:153} INFO - Started process (PID=21314) to work on /home/patriciacorreia/Documents/airflowalura/venv/lib/python3.9/site-packages/airflow/example_dags/example_branch_python_dop_operator_3.py
[2024-12-18 22:31:28,481] {processor.py:641} INFO - Processing file /home/patriciacorreia/Documents/airflowalura/venv/lib/python3.9/site-packages/airflow/example_dags/example_branch_python_dop_operator_3.py for tasks to queue
[2024-12-18 22:31:28,482] {logging_mixin.py:115} INFO - [2024-12-18 22:31:28,482] {dagbag.py:507} INFO - Filling up the DagBag from /home/patriciacorreia/Documents/airflowalura/venv/lib/python3.9/site-packages/airflow/example_dags/example_branch_python_dop_operator_3.py
[2024-12-18 22:31:28,504] {processor.py:651} INFO - DAG(s) dict_keys(['example_branch_dop_operator_v3']) retrieved from /home/patriciacorreia/Documents/airflowalura/venv/lib/python3.9/site-packages/airflow/example_dags/example_branch_python_dop_operator_3.py
[2024-12-18 22:31:28,540] {logging_mixin.py:115} INFO - [2024-12-18 22:31:28,540] {dag.py:2379} INFO - Sync 1 DAGs
[2024-12-18 22:31:28,590] {logging_mixin.py:115} INFO - [2024-12-18 22:31:28,590] {dag.py:2927} INFO - Setting next_dagrun for example_branch_dop_operator_v3 to 2024-12-19T01:30:00+00:00, run_after=2024-12-19T01:31:00+00:00
[2024-12-18 22:31:28,618] {processor.py:161} INFO - Processing /home/patriciacorreia/Documents/airflowalura/venv/lib/python3.9/site-packages/airflow/example_dags/example_branch_python_dop_operator_3.py took 0.148 seconds
[2024-12-18 22:32:07,856] {processor.py:153} INFO - Started process (PID=21510) to work on /home/patriciacorreia/Documents/airflowalura/venv/lib/python3.9/site-packages/airflow/example_dags/example_branch_python_dop_operator_3.py
[2024-12-18 22:32:07,857] {processor.py:641} INFO - Processing file /home/patriciacorreia/Documents/airflowalura/venv/lib/python3.9/site-packages/airflow/example_dags/example_branch_python_dop_operator_3.py for tasks to queue
[2024-12-18 22:32:07,858] {logging_mixin.py:115} INFO - [2024-12-18 22:32:07,858] {dagbag.py:507} INFO - Filling up the DagBag from /home/patriciacorreia/Documents/airflowalura/venv/lib/python3.9/site-packages/airflow/example_dags/example_branch_python_dop_operator_3.py
[2024-12-18 22:32:07,882] {processor.py:651} INFO - DAG(s) dict_keys(['example_branch_dop_operator_v3']) retrieved from /home/patriciacorreia/Documents/airflowalura/venv/lib/python3.9/site-packages/airflow/example_dags/example_branch_python_dop_operator_3.py
[2024-12-18 22:32:07,917] {logging_mixin.py:115} INFO - [2024-12-18 22:32:07,917] {dag.py:2379} INFO - Sync 1 DAGs
[2024-12-18 22:32:07,973] {logging_mixin.py:115} INFO - [2024-12-18 22:32:07,973] {dag.py:2927} INFO - Setting next_dagrun for example_branch_dop_operator_v3 to 2024-12-19T01:31:00+00:00, run_after=2024-12-19T01:32:00+00:00
[2024-12-18 22:32:08,016] {processor.py:161} INFO - Processing /home/patriciacorreia/Documents/airflowalura/venv/lib/python3.9/site-packages/airflow/example_dags/example_branch_python_dop_operator_3.py took 0.168 seconds
[2024-12-18 22:32:44,911] {processor.py:153} INFO - Started process (PID=21696) to work on /home/patriciacorreia/Documents/airflowalura/venv/lib/python3.9/site-packages/airflow/example_dags/example_branch_python_dop_operator_3.py
[2024-12-18 22:32:44,913] {processor.py:641} INFO - Processing file /home/patriciacorreia/Documents/airflowalura/venv/lib/python3.9/site-packages/airflow/example_dags/example_branch_python_dop_operator_3.py for tasks to queue
[2024-12-18 22:32:44,917] {logging_mixin.py:115} INFO - [2024-12-18 22:32:44,915] {dagbag.py:507} INFO - Filling up the DagBag from /home/patriciacorreia/Documents/airflowalura/venv/lib/python3.9/site-packages/airflow/example_dags/example_branch_python_dop_operator_3.py
[2024-12-18 22:32:44,938] {processor.py:651} INFO - DAG(s) dict_keys(['example_branch_dop_operator_v3']) retrieved from /home/patriciacorreia/Documents/airflowalura/venv/lib/python3.9/site-packages/airflow/example_dags/example_branch_python_dop_operator_3.py
[2024-12-18 22:32:44,968] {logging_mixin.py:115} INFO - [2024-12-18 22:32:44,967] {dag.py:2379} INFO - Sync 1 DAGs
[2024-12-18 22:32:45,015] {logging_mixin.py:115} INFO - [2024-12-18 22:32:45,015] {dag.py:2927} INFO - Setting next_dagrun for example_branch_dop_operator_v3 to 2024-12-19T01:31:00+00:00, run_after=2024-12-19T01:32:00+00:00
[2024-12-18 22:32:45,036] {processor.py:161} INFO - Processing /home/patriciacorreia/Documents/airflowalura/venv/lib/python3.9/site-packages/airflow/example_dags/example_branch_python_dop_operator_3.py took 0.130 seconds
[2024-12-18 22:33:34,817] {processor.py:153} INFO - Started process (PID=21919) to work on /home/patriciacorreia/Documents/airflowalura/venv/lib/python3.9/site-packages/airflow/example_dags/example_branch_python_dop_operator_3.py
[2024-12-18 22:33:34,819] {processor.py:641} INFO - Processing file /home/patriciacorreia/Documents/airflowalura/venv/lib/python3.9/site-packages/airflow/example_dags/example_branch_python_dop_operator_3.py for tasks to queue
[2024-12-18 22:33:34,821] {logging_mixin.py:115} INFO - [2024-12-18 22:33:34,821] {dagbag.py:507} INFO - Filling up the DagBag from /home/patriciacorreia/Documents/airflowalura/venv/lib/python3.9/site-packages/airflow/example_dags/example_branch_python_dop_operator_3.py
[2024-12-18 22:33:34,846] {processor.py:651} INFO - DAG(s) dict_keys(['example_branch_dop_operator_v3']) retrieved from /home/patriciacorreia/Documents/airflowalura/venv/lib/python3.9/site-packages/airflow/example_dags/example_branch_python_dop_operator_3.py
[2024-12-18 22:33:34,891] {logging_mixin.py:115} INFO - [2024-12-18 22:33:34,891] {dag.py:2379} INFO - Sync 1 DAGs
[2024-12-18 22:33:34,936] {logging_mixin.py:115} INFO - [2024-12-18 22:33:34,936] {dag.py:2927} INFO - Setting next_dagrun for example_branch_dop_operator_v3 to 2024-12-19T01:32:00+00:00, run_after=2024-12-19T01:33:00+00:00
[2024-12-18 22:33:34,954] {processor.py:161} INFO - Processing /home/patriciacorreia/Documents/airflowalura/venv/lib/python3.9/site-packages/airflow/example_dags/example_branch_python_dop_operator_3.py took 0.145 seconds
[2024-12-18 22:34:24,011] {processor.py:153} INFO - Started process (PID=22131) to work on /home/patriciacorreia/Documents/airflowalura/venv/lib/python3.9/site-packages/airflow/example_dags/example_branch_python_dop_operator_3.py
[2024-12-18 22:34:24,013] {processor.py:641} INFO - Processing file /home/patriciacorreia/Documents/airflowalura/venv/lib/python3.9/site-packages/airflow/example_dags/example_branch_python_dop_operator_3.py for tasks to queue
[2024-12-18 22:34:24,014] {logging_mixin.py:115} INFO - [2024-12-18 22:34:24,014] {dagbag.py:507} INFO - Filling up the DagBag from /home/patriciacorreia/Documents/airflowalura/venv/lib/python3.9/site-packages/airflow/example_dags/example_branch_python_dop_operator_3.py
[2024-12-18 22:34:24,039] {processor.py:651} INFO - DAG(s) dict_keys(['example_branch_dop_operator_v3']) retrieved from /home/patriciacorreia/Documents/airflowalura/venv/lib/python3.9/site-packages/airflow/example_dags/example_branch_python_dop_operator_3.py
[2024-12-18 22:34:24,077] {logging_mixin.py:115} INFO - [2024-12-18 22:34:24,076] {dag.py:2379} INFO - Sync 1 DAGs
[2024-12-18 22:34:24,125] {logging_mixin.py:115} INFO - [2024-12-18 22:34:24,125] {dag.py:2927} INFO - Setting next_dagrun for example_branch_dop_operator_v3 to 2024-12-19T01:33:00+00:00, run_after=2024-12-19T01:34:00+00:00
[2024-12-18 22:34:24,153] {processor.py:161} INFO - Processing /home/patriciacorreia/Documents/airflowalura/venv/lib/python3.9/site-packages/airflow/example_dags/example_branch_python_dop_operator_3.py took 0.150 seconds
[2024-12-18 22:35:13,133] {processor.py:153} INFO - Started process (PID=22361) to work on /home/patriciacorreia/Documents/airflowalura/venv/lib/python3.9/site-packages/airflow/example_dags/example_branch_python_dop_operator_3.py
[2024-12-18 22:35:13,135] {processor.py:641} INFO - Processing file /home/patriciacorreia/Documents/airflowalura/venv/lib/python3.9/site-packages/airflow/example_dags/example_branch_python_dop_operator_3.py for tasks to queue
[2024-12-18 22:35:13,136] {logging_mixin.py:115} INFO - [2024-12-18 22:35:13,136] {dagbag.py:507} INFO - Filling up the DagBag from /home/patriciacorreia/Documents/airflowalura/venv/lib/python3.9/site-packages/airflow/example_dags/example_branch_python_dop_operator_3.py
[2024-12-18 22:35:13,152] {processor.py:651} INFO - DAG(s) dict_keys(['example_branch_dop_operator_v3']) retrieved from /home/patriciacorreia/Documents/airflowalura/venv/lib/python3.9/site-packages/airflow/example_dags/example_branch_python_dop_operator_3.py
[2024-12-18 22:35:13,178] {logging_mixin.py:115} INFO - [2024-12-18 22:35:13,178] {dag.py:2379} INFO - Sync 1 DAGs
[2024-12-18 22:35:13,215] {logging_mixin.py:115} INFO - [2024-12-18 22:35:13,214] {dag.py:2927} INFO - Setting next_dagrun for example_branch_dop_operator_v3 to 2024-12-19T01:34:00+00:00, run_after=2024-12-19T01:35:00+00:00
[2024-12-18 22:35:13,235] {processor.py:161} INFO - Processing /home/patriciacorreia/Documents/airflowalura/venv/lib/python3.9/site-packages/airflow/example_dags/example_branch_python_dop_operator_3.py took 0.106 seconds
[2024-12-18 22:36:04,680] {processor.py:153} INFO - Started process (PID=22594) to work on /home/patriciacorreia/Documents/airflowalura/venv/lib/python3.9/site-packages/airflow/example_dags/example_branch_python_dop_operator_3.py
[2024-12-18 22:36:04,685] {processor.py:641} INFO - Processing file /home/patriciacorreia/Documents/airflowalura/venv/lib/python3.9/site-packages/airflow/example_dags/example_branch_python_dop_operator_3.py for tasks to queue
[2024-12-18 22:36:04,688] {logging_mixin.py:115} INFO - [2024-12-18 22:36:04,688] {dagbag.py:507} INFO - Filling up the DagBag from /home/patriciacorreia/Documents/airflowalura/venv/lib/python3.9/site-packages/airflow/example_dags/example_branch_python_dop_operator_3.py
[2024-12-18 22:36:04,736] {processor.py:651} INFO - DAG(s) dict_keys(['example_branch_dop_operator_v3']) retrieved from /home/patriciacorreia/Documents/airflowalura/venv/lib/python3.9/site-packages/airflow/example_dags/example_branch_python_dop_operator_3.py
[2024-12-18 22:36:04,814] {logging_mixin.py:115} INFO - [2024-12-18 22:36:04,814] {dag.py:2379} INFO - Sync 1 DAGs
[2024-12-18 22:36:04,915] {logging_mixin.py:115} INFO - [2024-12-18 22:36:04,915] {dag.py:2927} INFO - Setting next_dagrun for example_branch_dop_operator_v3 to 2024-12-19T01:35:00+00:00, run_after=2024-12-19T01:36:00+00:00
[2024-12-18 22:36:04,935] {processor.py:161} INFO - Processing /home/patriciacorreia/Documents/airflowalura/venv/lib/python3.9/site-packages/airflow/example_dags/example_branch_python_dop_operator_3.py took 0.274 seconds
[2024-12-18 22:36:55,582] {processor.py:153} INFO - Started process (PID=22818) to work on /home/patriciacorreia/Documents/airflowalura/venv/lib/python3.9/site-packages/airflow/example_dags/example_branch_python_dop_operator_3.py
[2024-12-18 22:36:55,586] {processor.py:641} INFO - Processing file /home/patriciacorreia/Documents/airflowalura/venv/lib/python3.9/site-packages/airflow/example_dags/example_branch_python_dop_operator_3.py for tasks to queue
[2024-12-18 22:36:55,589] {logging_mixin.py:115} INFO - [2024-12-18 22:36:55,588] {dagbag.py:507} INFO - Filling up the DagBag from /home/patriciacorreia/Documents/airflowalura/venv/lib/python3.9/site-packages/airflow/example_dags/example_branch_python_dop_operator_3.py
[2024-12-18 22:36:55,636] {processor.py:651} INFO - DAG(s) dict_keys(['example_branch_dop_operator_v3']) retrieved from /home/patriciacorreia/Documents/airflowalura/venv/lib/python3.9/site-packages/airflow/example_dags/example_branch_python_dop_operator_3.py
[2024-12-18 22:36:55,713] {logging_mixin.py:115} INFO - [2024-12-18 22:36:55,713] {dag.py:2379} INFO - Sync 1 DAGs
[2024-12-18 22:36:55,793] {logging_mixin.py:115} INFO - [2024-12-18 22:36:55,793] {dag.py:2927} INFO - Setting next_dagrun for example_branch_dop_operator_v3 to 2024-12-19T01:35:00+00:00, run_after=2024-12-19T01:36:00+00:00
[2024-12-18 22:36:55,830] {processor.py:161} INFO - Processing /home/patriciacorreia/Documents/airflowalura/venv/lib/python3.9/site-packages/airflow/example_dags/example_branch_python_dop_operator_3.py took 0.265 seconds
[2024-12-18 22:37:39,952] {processor.py:153} INFO - Started process (PID=23009) to work on /home/patriciacorreia/Documents/airflowalura/venv/lib/python3.9/site-packages/airflow/example_dags/example_branch_python_dop_operator_3.py
[2024-12-18 22:37:39,955] {processor.py:641} INFO - Processing file /home/patriciacorreia/Documents/airflowalura/venv/lib/python3.9/site-packages/airflow/example_dags/example_branch_python_dop_operator_3.py for tasks to queue
[2024-12-18 22:37:39,958] {logging_mixin.py:115} INFO - [2024-12-18 22:37:39,958] {dagbag.py:507} INFO - Filling up the DagBag from /home/patriciacorreia/Documents/airflowalura/venv/lib/python3.9/site-packages/airflow/example_dags/example_branch_python_dop_operator_3.py
[2024-12-18 22:37:40,011] {processor.py:651} INFO - DAG(s) dict_keys(['example_branch_dop_operator_v3']) retrieved from /home/patriciacorreia/Documents/airflowalura/venv/lib/python3.9/site-packages/airflow/example_dags/example_branch_python_dop_operator_3.py
[2024-12-18 22:37:40,088] {logging_mixin.py:115} INFO - [2024-12-18 22:37:40,088] {dag.py:2379} INFO - Sync 1 DAGs
[2024-12-18 22:37:40,146] {logging_mixin.py:115} INFO - [2024-12-18 22:37:40,145] {dag.py:2927} INFO - Setting next_dagrun for example_branch_dop_operator_v3 to 2024-12-19T01:36:00+00:00, run_after=2024-12-19T01:37:00+00:00
[2024-12-18 22:37:40,175] {processor.py:161} INFO - Processing /home/patriciacorreia/Documents/airflowalura/venv/lib/python3.9/site-packages/airflow/example_dags/example_branch_python_dop_operator_3.py took 0.239 seconds
[2024-12-18 22:38:21,227] {processor.py:153} INFO - Started process (PID=23200) to work on /home/patriciacorreia/Documents/airflowalura/venv/lib/python3.9/site-packages/airflow/example_dags/example_branch_python_dop_operator_3.py
[2024-12-18 22:38:21,231] {processor.py:641} INFO - Processing file /home/patriciacorreia/Documents/airflowalura/venv/lib/python3.9/site-packages/airflow/example_dags/example_branch_python_dop_operator_3.py for tasks to queue
[2024-12-18 22:38:21,233] {logging_mixin.py:115} INFO - [2024-12-18 22:38:21,233] {dagbag.py:507} INFO - Filling up the DagBag from /home/patriciacorreia/Documents/airflowalura/venv/lib/python3.9/site-packages/airflow/example_dags/example_branch_python_dop_operator_3.py
[2024-12-18 22:38:21,277] {processor.py:651} INFO - DAG(s) dict_keys(['example_branch_dop_operator_v3']) retrieved from /home/patriciacorreia/Documents/airflowalura/venv/lib/python3.9/site-packages/airflow/example_dags/example_branch_python_dop_operator_3.py
[2024-12-18 22:38:21,344] {logging_mixin.py:115} INFO - [2024-12-18 22:38:21,343] {dag.py:2379} INFO - Sync 1 DAGs
[2024-12-18 22:38:21,447] {logging_mixin.py:115} INFO - [2024-12-18 22:38:21,447] {dag.py:2927} INFO - Setting next_dagrun for example_branch_dop_operator_v3 to 2024-12-19T01:37:00+00:00, run_after=2024-12-19T01:38:00+00:00
[2024-12-18 22:38:21,495] {processor.py:161} INFO - Processing /home/patriciacorreia/Documents/airflowalura/venv/lib/python3.9/site-packages/airflow/example_dags/example_branch_python_dop_operator_3.py took 0.280 seconds
[2024-12-18 22:39:12,019] {processor.py:153} INFO - Started process (PID=23437) to work on /home/patriciacorreia/Documents/airflowalura/venv/lib/python3.9/site-packages/airflow/example_dags/example_branch_python_dop_operator_3.py
[2024-12-18 22:39:12,021] {processor.py:641} INFO - Processing file /home/patriciacorreia/Documents/airflowalura/venv/lib/python3.9/site-packages/airflow/example_dags/example_branch_python_dop_operator_3.py for tasks to queue
[2024-12-18 22:39:12,022] {logging_mixin.py:115} INFO - [2024-12-18 22:39:12,022] {dagbag.py:507} INFO - Filling up the DagBag from /home/patriciacorreia/Documents/airflowalura/venv/lib/python3.9/site-packages/airflow/example_dags/example_branch_python_dop_operator_3.py
[2024-12-18 22:39:12,052] {processor.py:651} INFO - DAG(s) dict_keys(['example_branch_dop_operator_v3']) retrieved from /home/patriciacorreia/Documents/airflowalura/venv/lib/python3.9/site-packages/airflow/example_dags/example_branch_python_dop_operator_3.py
[2024-12-18 22:39:12,100] {logging_mixin.py:115} INFO - [2024-12-18 22:39:12,100] {dag.py:2379} INFO - Sync 1 DAGs
[2024-12-18 22:39:12,173] {logging_mixin.py:115} INFO - [2024-12-18 22:39:12,173] {dag.py:2927} INFO - Setting next_dagrun for example_branch_dop_operator_v3 to 2024-12-19T01:38:00+00:00, run_after=2024-12-19T01:39:00+00:00
[2024-12-18 22:39:12,211] {processor.py:161} INFO - Processing /home/patriciacorreia/Documents/airflowalura/venv/lib/python3.9/site-packages/airflow/example_dags/example_branch_python_dop_operator_3.py took 0.205 seconds
[2024-12-18 22:40:00,061] {processor.py:153} INFO - Started process (PID=23663) to work on /home/patriciacorreia/Documents/airflowalura/venv/lib/python3.9/site-packages/airflow/example_dags/example_branch_python_dop_operator_3.py
[2024-12-18 22:40:00,065] {processor.py:641} INFO - Processing file /home/patriciacorreia/Documents/airflowalura/venv/lib/python3.9/site-packages/airflow/example_dags/example_branch_python_dop_operator_3.py for tasks to queue
[2024-12-18 22:40:00,067] {logging_mixin.py:115} INFO - [2024-12-18 22:40:00,067] {dagbag.py:507} INFO - Filling up the DagBag from /home/patriciacorreia/Documents/airflowalura/venv/lib/python3.9/site-packages/airflow/example_dags/example_branch_python_dop_operator_3.py
[2024-12-18 22:40:00,105] {processor.py:651} INFO - DAG(s) dict_keys(['example_branch_dop_operator_v3']) retrieved from /home/patriciacorreia/Documents/airflowalura/venv/lib/python3.9/site-packages/airflow/example_dags/example_branch_python_dop_operator_3.py
[2024-12-18 22:40:00,137] {logging_mixin.py:115} INFO - [2024-12-18 22:40:00,137] {dag.py:2379} INFO - Sync 1 DAGs
[2024-12-18 22:40:00,168] {logging_mixin.py:115} INFO - [2024-12-18 22:40:00,167] {dag.py:2927} INFO - Setting next_dagrun for example_branch_dop_operator_v3 to 2024-12-19T01:39:00+00:00, run_after=2024-12-19T01:40:00+00:00
[2024-12-18 22:40:00,185] {processor.py:161} INFO - Processing /home/patriciacorreia/Documents/airflowalura/venv/lib/python3.9/site-packages/airflow/example_dags/example_branch_python_dop_operator_3.py took 0.136 seconds
[2024-12-18 22:40:39,756] {processor.py:153} INFO - Started process (PID=23890) to work on /home/patriciacorreia/Documents/airflowalura/venv/lib/python3.9/site-packages/airflow/example_dags/example_branch_python_dop_operator_3.py
[2024-12-18 22:40:39,759] {processor.py:641} INFO - Processing file /home/patriciacorreia/Documents/airflowalura/venv/lib/python3.9/site-packages/airflow/example_dags/example_branch_python_dop_operator_3.py for tasks to queue
[2024-12-18 22:40:39,760] {logging_mixin.py:115} INFO - [2024-12-18 22:40:39,760] {dagbag.py:507} INFO - Filling up the DagBag from /home/patriciacorreia/Documents/airflowalura/venv/lib/python3.9/site-packages/airflow/example_dags/example_branch_python_dop_operator_3.py
[2024-12-18 22:40:39,799] {processor.py:651} INFO - DAG(s) dict_keys(['example_branch_dop_operator_v3']) retrieved from /home/patriciacorreia/Documents/airflowalura/venv/lib/python3.9/site-packages/airflow/example_dags/example_branch_python_dop_operator_3.py
[2024-12-18 22:40:39,860] {logging_mixin.py:115} INFO - [2024-12-18 22:40:39,860] {dag.py:2379} INFO - Sync 1 DAGs
[2024-12-18 22:40:39,906] {logging_mixin.py:115} INFO - [2024-12-18 22:40:39,906] {dag.py:2927} INFO - Setting next_dagrun for example_branch_dop_operator_v3 to 2024-12-19T01:39:00+00:00, run_after=2024-12-19T01:40:00+00:00
[2024-12-18 22:40:39,925] {processor.py:161} INFO - Processing /home/patriciacorreia/Documents/airflowalura/venv/lib/python3.9/site-packages/airflow/example_dags/example_branch_python_dop_operator_3.py took 0.180 seconds
