[2024-12-18 22:05:29,123] {processor.py:153} INFO - Started process (PID=13812) to work on /home/patriciacorreia/Documents/airflowalura/venv/lib/python3.9/site-packages/airflow/example_dags/example_short_circuit_operator.py
[2024-12-18 22:05:29,124] {processor.py:641} INFO - Processing file /home/patriciacorreia/Documents/airflowalura/venv/lib/python3.9/site-packages/airflow/example_dags/example_short_circuit_operator.py for tasks to queue
[2024-12-18 22:05:29,125] {logging_mixin.py:115} INFO - [2024-12-18 22:05:29,125] {dagbag.py:507} INFO - Filling up the DagBag from /home/patriciacorreia/Documents/airflowalura/venv/lib/python3.9/site-packages/airflow/example_dags/example_short_circuit_operator.py
[2024-12-18 22:05:29,139] {processor.py:651} INFO - DAG(s) dict_keys(['example_short_circuit_operator']) retrieved from /home/patriciacorreia/Documents/airflowalura/venv/lib/python3.9/site-packages/airflow/example_dags/example_short_circuit_operator.py
[2024-12-18 22:05:29,220] {logging_mixin.py:115} INFO - [2024-12-18 22:05:29,220] {manager.py:508} INFO - Created Permission View: can read on DAG:example_short_circuit_operator
[2024-12-18 22:05:29,231] {logging_mixin.py:115} INFO - [2024-12-18 22:05:29,231] {manager.py:508} INFO - Created Permission View: can delete on DAG:example_short_circuit_operator
[2024-12-18 22:05:29,240] {logging_mixin.py:115} INFO - [2024-12-18 22:05:29,240] {manager.py:508} INFO - Created Permission View: can edit on DAG:example_short_circuit_operator
[2024-12-18 22:05:29,241] {logging_mixin.py:115} INFO - [2024-12-18 22:05:29,241] {dag.py:2379} INFO - Sync 1 DAGs
[2024-12-18 22:05:29,250] {logging_mixin.py:115} INFO - [2024-12-18 22:05:29,250] {dag.py:2398} INFO - Creating ORM DAG for example_short_circuit_operator
[2024-12-18 22:05:29,262] {logging_mixin.py:115} INFO - [2024-12-18 22:05:29,262] {dag.py:2927} INFO - Setting next_dagrun for example_short_circuit_operator to 2024-12-18T01:05:29.262261+00:00, run_after=2024-12-19T01:05:29.262261+00:00
[2024-12-18 22:05:29,281] {processor.py:161} INFO - Processing /home/patriciacorreia/Documents/airflowalura/venv/lib/python3.9/site-packages/airflow/example_dags/example_short_circuit_operator.py took 0.163 seconds
[2024-12-18 22:06:06,617] {processor.py:153} INFO - Started process (PID=13932) to work on /home/patriciacorreia/Documents/airflowalura/venv/lib/python3.9/site-packages/airflow/example_dags/example_short_circuit_operator.py
[2024-12-18 22:06:06,619] {processor.py:641} INFO - Processing file /home/patriciacorreia/Documents/airflowalura/venv/lib/python3.9/site-packages/airflow/example_dags/example_short_circuit_operator.py for tasks to queue
[2024-12-18 22:06:06,619] {logging_mixin.py:115} INFO - [2024-12-18 22:06:06,619] {dagbag.py:507} INFO - Filling up the DagBag from /home/patriciacorreia/Documents/airflowalura/venv/lib/python3.9/site-packages/airflow/example_dags/example_short_circuit_operator.py
[2024-12-18 22:06:06,631] {processor.py:651} INFO - DAG(s) dict_keys(['example_short_circuit_operator']) retrieved from /home/patriciacorreia/Documents/airflowalura/venv/lib/python3.9/site-packages/airflow/example_dags/example_short_circuit_operator.py
[2024-12-18 22:06:06,653] {logging_mixin.py:115} INFO - [2024-12-18 22:06:06,653] {dag.py:2379} INFO - Sync 1 DAGs
[2024-12-18 22:06:06,678] {logging_mixin.py:115} INFO - [2024-12-18 22:06:06,678] {dag.py:2927} INFO - Setting next_dagrun for example_short_circuit_operator to 2024-12-18T01:06:06.677924+00:00, run_after=2024-12-19T01:06:06.677924+00:00
[2024-12-18 22:06:06,693] {processor.py:161} INFO - Processing /home/patriciacorreia/Documents/airflowalura/venv/lib/python3.9/site-packages/airflow/example_dags/example_short_circuit_operator.py took 0.080 seconds
[2024-12-18 22:06:41,658] {processor.py:153} INFO - Started process (PID=14091) to work on /home/patriciacorreia/Documents/airflowalura/venv/lib/python3.9/site-packages/airflow/example_dags/example_short_circuit_operator.py
[2024-12-18 22:06:41,659] {processor.py:641} INFO - Processing file /home/patriciacorreia/Documents/airflowalura/venv/lib/python3.9/site-packages/airflow/example_dags/example_short_circuit_operator.py for tasks to queue
[2024-12-18 22:06:41,659] {logging_mixin.py:115} INFO - [2024-12-18 22:06:41,659] {dagbag.py:507} INFO - Filling up the DagBag from /home/patriciacorreia/Documents/airflowalura/venv/lib/python3.9/site-packages/airflow/example_dags/example_short_circuit_operator.py
[2024-12-18 22:06:41,673] {processor.py:651} INFO - DAG(s) dict_keys(['example_short_circuit_operator']) retrieved from /home/patriciacorreia/Documents/airflowalura/venv/lib/python3.9/site-packages/airflow/example_dags/example_short_circuit_operator.py
[2024-12-18 22:06:41,704] {logging_mixin.py:115} INFO - [2024-12-18 22:06:41,704] {dag.py:2379} INFO - Sync 1 DAGs
[2024-12-18 22:06:41,739] {logging_mixin.py:115} INFO - [2024-12-18 22:06:41,738] {dag.py:2927} INFO - Setting next_dagrun for example_short_circuit_operator to 2024-12-18T01:06:41.738245+00:00, run_after=2024-12-19T01:06:41.738245+00:00
[2024-12-18 22:06:41,763] {processor.py:161} INFO - Processing /home/patriciacorreia/Documents/airflowalura/venv/lib/python3.9/site-packages/airflow/example_dags/example_short_circuit_operator.py took 0.109 seconds
[2024-12-18 22:07:19,814] {processor.py:153} INFO - Started process (PID=14182) to work on /home/patriciacorreia/Documents/airflowalura/venv/lib/python3.9/site-packages/airflow/example_dags/example_short_circuit_operator.py
[2024-12-18 22:07:19,816] {processor.py:641} INFO - Processing file /home/patriciacorreia/Documents/airflowalura/venv/lib/python3.9/site-packages/airflow/example_dags/example_short_circuit_operator.py for tasks to queue
[2024-12-18 22:07:19,818] {logging_mixin.py:115} INFO - [2024-12-18 22:07:19,817] {dagbag.py:507} INFO - Filling up the DagBag from /home/patriciacorreia/Documents/airflowalura/venv/lib/python3.9/site-packages/airflow/example_dags/example_short_circuit_operator.py
[2024-12-18 22:07:19,869] {processor.py:651} INFO - DAG(s) dict_keys(['example_short_circuit_operator']) retrieved from /home/patriciacorreia/Documents/airflowalura/venv/lib/python3.9/site-packages/airflow/example_dags/example_short_circuit_operator.py
[2024-12-18 22:07:19,946] {logging_mixin.py:115} INFO - [2024-12-18 22:07:19,946] {dag.py:2379} INFO - Sync 1 DAGs
[2024-12-18 22:07:20,269] {logging_mixin.py:115} INFO - [2024-12-18 22:07:20,269] {dag.py:2927} INFO - Setting next_dagrun for example_short_circuit_operator to 2024-12-18T01:07:20.264212+00:00, run_after=2024-12-19T01:07:20.264212+00:00
[2024-12-18 22:07:20,383] {processor.py:161} INFO - Processing /home/patriciacorreia/Documents/airflowalura/venv/lib/python3.9/site-packages/airflow/example_dags/example_short_circuit_operator.py took 0.577 seconds
[2024-12-18 22:07:58,207] {processor.py:153} INFO - Started process (PID=14261) to work on /home/patriciacorreia/Documents/airflowalura/venv/lib/python3.9/site-packages/airflow/example_dags/example_short_circuit_operator.py
[2024-12-18 22:07:58,211] {processor.py:641} INFO - Processing file /home/patriciacorreia/Documents/airflowalura/venv/lib/python3.9/site-packages/airflow/example_dags/example_short_circuit_operator.py for tasks to queue
[2024-12-18 22:07:58,214] {logging_mixin.py:115} INFO - [2024-12-18 22:07:58,213] {dagbag.py:507} INFO - Filling up the DagBag from /home/patriciacorreia/Documents/airflowalura/venv/lib/python3.9/site-packages/airflow/example_dags/example_short_circuit_operator.py
[2024-12-18 22:07:58,271] {processor.py:651} INFO - DAG(s) dict_keys(['example_short_circuit_operator']) retrieved from /home/patriciacorreia/Documents/airflowalura/venv/lib/python3.9/site-packages/airflow/example_dags/example_short_circuit_operator.py
[2024-12-18 22:07:58,333] {logging_mixin.py:115} INFO - [2024-12-18 22:07:58,333] {dag.py:2379} INFO - Sync 1 DAGs
[2024-12-18 22:07:58,381] {logging_mixin.py:115} INFO - [2024-12-18 22:07:58,380] {dag.py:2927} INFO - Setting next_dagrun for example_short_circuit_operator to 2024-12-18T01:07:58.380386+00:00, run_after=2024-12-19T01:07:58.380386+00:00
[2024-12-18 22:07:58,399] {processor.py:161} INFO - Processing /home/patriciacorreia/Documents/airflowalura/venv/lib/python3.9/site-packages/airflow/example_dags/example_short_circuit_operator.py took 0.208 seconds
[2024-12-18 22:08:35,830] {processor.py:153} INFO - Started process (PID=14381) to work on /home/patriciacorreia/Documents/airflowalura/venv/lib/python3.9/site-packages/airflow/example_dags/example_short_circuit_operator.py
[2024-12-18 22:08:35,832] {processor.py:641} INFO - Processing file /home/patriciacorreia/Documents/airflowalura/venv/lib/python3.9/site-packages/airflow/example_dags/example_short_circuit_operator.py for tasks to queue
[2024-12-18 22:08:35,833] {logging_mixin.py:115} INFO - [2024-12-18 22:08:35,832] {dagbag.py:507} INFO - Filling up the DagBag from /home/patriciacorreia/Documents/airflowalura/venv/lib/python3.9/site-packages/airflow/example_dags/example_short_circuit_operator.py
[2024-12-18 22:08:35,844] {processor.py:651} INFO - DAG(s) dict_keys(['example_short_circuit_operator']) retrieved from /home/patriciacorreia/Documents/airflowalura/venv/lib/python3.9/site-packages/airflow/example_dags/example_short_circuit_operator.py
[2024-12-18 22:08:35,869] {logging_mixin.py:115} INFO - [2024-12-18 22:08:35,869] {dag.py:2379} INFO - Sync 1 DAGs
[2024-12-18 22:08:35,894] {logging_mixin.py:115} INFO - [2024-12-18 22:08:35,894] {dag.py:2927} INFO - Setting next_dagrun for example_short_circuit_operator to 2024-12-18T01:08:35.893866+00:00, run_after=2024-12-19T01:08:35.893866+00:00
[2024-12-18 22:08:35,910] {processor.py:161} INFO - Processing /home/patriciacorreia/Documents/airflowalura/venv/lib/python3.9/site-packages/airflow/example_dags/example_short_circuit_operator.py took 0.084 seconds
[2024-12-18 22:09:14,093] {processor.py:153} INFO - Started process (PID=14546) to work on /home/patriciacorreia/Documents/airflowalura/venv/lib/python3.9/site-packages/airflow/example_dags/example_short_circuit_operator.py
[2024-12-18 22:09:14,095] {processor.py:641} INFO - Processing file /home/patriciacorreia/Documents/airflowalura/venv/lib/python3.9/site-packages/airflow/example_dags/example_short_circuit_operator.py for tasks to queue
[2024-12-18 22:09:14,096] {logging_mixin.py:115} INFO - [2024-12-18 22:09:14,096] {dagbag.py:507} INFO - Filling up the DagBag from /home/patriciacorreia/Documents/airflowalura/venv/lib/python3.9/site-packages/airflow/example_dags/example_short_circuit_operator.py
[2024-12-18 22:09:14,117] {processor.py:651} INFO - DAG(s) dict_keys(['example_short_circuit_operator']) retrieved from /home/patriciacorreia/Documents/airflowalura/venv/lib/python3.9/site-packages/airflow/example_dags/example_short_circuit_operator.py
[2024-12-18 22:09:14,158] {logging_mixin.py:115} INFO - [2024-12-18 22:09:14,157] {dag.py:2379} INFO - Sync 1 DAGs
[2024-12-18 22:09:14,206] {logging_mixin.py:115} INFO - [2024-12-18 22:09:14,205] {dag.py:2927} INFO - Setting next_dagrun for example_short_circuit_operator to 2024-12-18T01:09:14.205298+00:00, run_after=2024-12-19T01:09:14.205298+00:00
[2024-12-18 22:09:14,233] {processor.py:161} INFO - Processing /home/patriciacorreia/Documents/airflowalura/venv/lib/python3.9/site-packages/airflow/example_dags/example_short_circuit_operator.py took 0.148 seconds
[2024-12-18 22:09:52,746] {processor.py:153} INFO - Started process (PID=14752) to work on /home/patriciacorreia/Documents/airflowalura/venv/lib/python3.9/site-packages/airflow/example_dags/example_short_circuit_operator.py
[2024-12-18 22:09:52,747] {processor.py:641} INFO - Processing file /home/patriciacorreia/Documents/airflowalura/venv/lib/python3.9/site-packages/airflow/example_dags/example_short_circuit_operator.py for tasks to queue
[2024-12-18 22:09:52,748] {logging_mixin.py:115} INFO - [2024-12-18 22:09:52,748] {dagbag.py:507} INFO - Filling up the DagBag from /home/patriciacorreia/Documents/airflowalura/venv/lib/python3.9/site-packages/airflow/example_dags/example_short_circuit_operator.py
[2024-12-18 22:09:52,762] {processor.py:651} INFO - DAG(s) dict_keys(['example_short_circuit_operator']) retrieved from /home/patriciacorreia/Documents/airflowalura/venv/lib/python3.9/site-packages/airflow/example_dags/example_short_circuit_operator.py
[2024-12-18 22:09:52,798] {logging_mixin.py:115} INFO - [2024-12-18 22:09:52,798] {dag.py:2379} INFO - Sync 1 DAGs
[2024-12-18 22:09:52,849] {logging_mixin.py:115} INFO - [2024-12-18 22:09:52,849] {dag.py:2927} INFO - Setting next_dagrun for example_short_circuit_operator to 2024-12-18T01:09:52.848615+00:00, run_after=2024-12-19T01:09:52.848615+00:00
[2024-12-18 22:09:52,878] {processor.py:161} INFO - Processing /home/patriciacorreia/Documents/airflowalura/venv/lib/python3.9/site-packages/airflow/example_dags/example_short_circuit_operator.py took 0.137 seconds
[2024-12-18 22:10:28,772] {processor.py:153} INFO - Started process (PID=15026) to work on /home/patriciacorreia/Documents/airflowalura/venv/lib/python3.9/site-packages/airflow/example_dags/example_short_circuit_operator.py
[2024-12-18 22:10:28,774] {processor.py:641} INFO - Processing file /home/patriciacorreia/Documents/airflowalura/venv/lib/python3.9/site-packages/airflow/example_dags/example_short_circuit_operator.py for tasks to queue
[2024-12-18 22:10:28,776] {logging_mixin.py:115} INFO - [2024-12-18 22:10:28,776] {dagbag.py:507} INFO - Filling up the DagBag from /home/patriciacorreia/Documents/airflowalura/venv/lib/python3.9/site-packages/airflow/example_dags/example_short_circuit_operator.py
[2024-12-18 22:10:28,790] {processor.py:651} INFO - DAG(s) dict_keys(['example_short_circuit_operator']) retrieved from /home/patriciacorreia/Documents/airflowalura/venv/lib/python3.9/site-packages/airflow/example_dags/example_short_circuit_operator.py
[2024-12-18 22:10:28,816] {logging_mixin.py:115} INFO - [2024-12-18 22:10:28,816] {dag.py:2379} INFO - Sync 1 DAGs
[2024-12-18 22:10:28,844] {logging_mixin.py:115} INFO - [2024-12-18 22:10:28,844] {dag.py:2927} INFO - Setting next_dagrun for example_short_circuit_operator to 2024-12-18T01:10:28.843684+00:00, run_after=2024-12-19T01:10:28.843684+00:00
[2024-12-18 22:10:28,859] {processor.py:161} INFO - Processing /home/patriciacorreia/Documents/airflowalura/venv/lib/python3.9/site-packages/airflow/example_dags/example_short_circuit_operator.py took 0.091 seconds
[2024-12-18 22:11:05,787] {processor.py:153} INFO - Started process (PID=15407) to work on /home/patriciacorreia/Documents/airflowalura/venv/lib/python3.9/site-packages/airflow/example_dags/example_short_circuit_operator.py
[2024-12-18 22:11:05,791] {processor.py:641} INFO - Processing file /home/patriciacorreia/Documents/airflowalura/venv/lib/python3.9/site-packages/airflow/example_dags/example_short_circuit_operator.py for tasks to queue
[2024-12-18 22:11:05,794] {logging_mixin.py:115} INFO - [2024-12-18 22:11:05,794] {dagbag.py:507} INFO - Filling up the DagBag from /home/patriciacorreia/Documents/airflowalura/venv/lib/python3.9/site-packages/airflow/example_dags/example_short_circuit_operator.py
[2024-12-18 22:11:05,854] {processor.py:651} INFO - DAG(s) dict_keys(['example_short_circuit_operator']) retrieved from /home/patriciacorreia/Documents/airflowalura/venv/lib/python3.9/site-packages/airflow/example_dags/example_short_circuit_operator.py
[2024-12-18 22:11:05,945] {logging_mixin.py:115} INFO - [2024-12-18 22:11:05,944] {dag.py:2379} INFO - Sync 1 DAGs
[2024-12-18 22:11:06,005] {logging_mixin.py:115} INFO - [2024-12-18 22:11:06,004] {dag.py:2927} INFO - Setting next_dagrun for example_short_circuit_operator to 2024-12-18T01:11:06.003617+00:00, run_after=2024-12-19T01:11:06.003617+00:00
[2024-12-18 22:11:06,030] {processor.py:161} INFO - Processing /home/patriciacorreia/Documents/airflowalura/venv/lib/python3.9/site-packages/airflow/example_dags/example_short_circuit_operator.py took 0.264 seconds
[2024-12-18 22:11:42,085] {processor.py:153} INFO - Started process (PID=15560) to work on /home/patriciacorreia/Documents/airflowalura/venv/lib/python3.9/site-packages/airflow/example_dags/example_short_circuit_operator.py
[2024-12-18 22:11:42,091] {processor.py:641} INFO - Processing file /home/patriciacorreia/Documents/airflowalura/venv/lib/python3.9/site-packages/airflow/example_dags/example_short_circuit_operator.py for tasks to queue
[2024-12-18 22:11:42,095] {logging_mixin.py:115} INFO - [2024-12-18 22:11:42,095] {dagbag.py:507} INFO - Filling up the DagBag from /home/patriciacorreia/Documents/airflowalura/venv/lib/python3.9/site-packages/airflow/example_dags/example_short_circuit_operator.py
[2024-12-18 22:11:42,149] {processor.py:651} INFO - DAG(s) dict_keys(['example_short_circuit_operator']) retrieved from /home/patriciacorreia/Documents/airflowalura/venv/lib/python3.9/site-packages/airflow/example_dags/example_short_circuit_operator.py
[2024-12-18 22:11:42,212] {logging_mixin.py:115} INFO - [2024-12-18 22:11:42,211] {dag.py:2379} INFO - Sync 1 DAGs
[2024-12-18 22:11:42,254] {logging_mixin.py:115} INFO - [2024-12-18 22:11:42,254] {dag.py:2927} INFO - Setting next_dagrun for example_short_circuit_operator to 2024-12-18T01:11:42.253456+00:00, run_after=2024-12-19T01:11:42.253456+00:00
[2024-12-18 22:11:42,276] {processor.py:161} INFO - Processing /home/patriciacorreia/Documents/airflowalura/venv/lib/python3.9/site-packages/airflow/example_dags/example_short_circuit_operator.py took 0.208 seconds
[2024-12-18 22:12:22,494] {processor.py:153} INFO - Started process (PID=15743) to work on /home/patriciacorreia/Documents/airflowalura/venv/lib/python3.9/site-packages/airflow/example_dags/example_short_circuit_operator.py
[2024-12-18 22:12:22,498] {processor.py:641} INFO - Processing file /home/patriciacorreia/Documents/airflowalura/venv/lib/python3.9/site-packages/airflow/example_dags/example_short_circuit_operator.py for tasks to queue
[2024-12-18 22:12:22,501] {logging_mixin.py:115} INFO - [2024-12-18 22:12:22,500] {dagbag.py:507} INFO - Filling up the DagBag from /home/patriciacorreia/Documents/airflowalura/venv/lib/python3.9/site-packages/airflow/example_dags/example_short_circuit_operator.py
[2024-12-18 22:12:22,537] {processor.py:651} INFO - DAG(s) dict_keys(['example_short_circuit_operator']) retrieved from /home/patriciacorreia/Documents/airflowalura/venv/lib/python3.9/site-packages/airflow/example_dags/example_short_circuit_operator.py
[2024-12-18 22:12:22,606] {logging_mixin.py:115} INFO - [2024-12-18 22:12:22,605] {dag.py:2379} INFO - Sync 1 DAGs
[2024-12-18 22:12:22,680] {logging_mixin.py:115} INFO - [2024-12-18 22:12:22,680] {dag.py:2927} INFO - Setting next_dagrun for example_short_circuit_operator to 2024-12-18T01:12:22.679079+00:00, run_after=2024-12-19T01:12:22.679079+00:00
[2024-12-18 22:12:22,724] {processor.py:161} INFO - Processing /home/patriciacorreia/Documents/airflowalura/venv/lib/python3.9/site-packages/airflow/example_dags/example_short_circuit_operator.py took 0.241 seconds
[2024-12-18 22:13:06,825] {processor.py:153} INFO - Started process (PID=15942) to work on /home/patriciacorreia/Documents/airflowalura/venv/lib/python3.9/site-packages/airflow/example_dags/example_short_circuit_operator.py
[2024-12-18 22:13:06,830] {processor.py:641} INFO - Processing file /home/patriciacorreia/Documents/airflowalura/venv/lib/python3.9/site-packages/airflow/example_dags/example_short_circuit_operator.py for tasks to queue
[2024-12-18 22:13:06,832] {logging_mixin.py:115} INFO - [2024-12-18 22:13:06,831] {dagbag.py:507} INFO - Filling up the DagBag from /home/patriciacorreia/Documents/airflowalura/venv/lib/python3.9/site-packages/airflow/example_dags/example_short_circuit_operator.py
[2024-12-18 22:13:06,877] {processor.py:651} INFO - DAG(s) dict_keys(['example_short_circuit_operator']) retrieved from /home/patriciacorreia/Documents/airflowalura/venv/lib/python3.9/site-packages/airflow/example_dags/example_short_circuit_operator.py
[2024-12-18 22:13:06,952] {logging_mixin.py:115} INFO - [2024-12-18 22:13:06,951] {dag.py:2379} INFO - Sync 1 DAGs
[2024-12-18 22:13:07,023] {logging_mixin.py:115} INFO - [2024-12-18 22:13:07,023] {dag.py:2927} INFO - Setting next_dagrun for example_short_circuit_operator to 2024-12-18T01:13:07.022172+00:00, run_after=2024-12-19T01:13:07.022172+00:00
[2024-12-18 22:13:07,067] {processor.py:161} INFO - Processing /home/patriciacorreia/Documents/airflowalura/venv/lib/python3.9/site-packages/airflow/example_dags/example_short_circuit_operator.py took 0.254 seconds
[2024-12-18 22:13:43,700] {processor.py:153} INFO - Started process (PID=16111) to work on /home/patriciacorreia/Documents/airflowalura/venv/lib/python3.9/site-packages/airflow/example_dags/example_short_circuit_operator.py
[2024-12-18 22:13:43,703] {processor.py:641} INFO - Processing file /home/patriciacorreia/Documents/airflowalura/venv/lib/python3.9/site-packages/airflow/example_dags/example_short_circuit_operator.py for tasks to queue
[2024-12-18 22:13:43,704] {logging_mixin.py:115} INFO - [2024-12-18 22:13:43,704] {dagbag.py:507} INFO - Filling up the DagBag from /home/patriciacorreia/Documents/airflowalura/venv/lib/python3.9/site-packages/airflow/example_dags/example_short_circuit_operator.py
[2024-12-18 22:13:43,724] {processor.py:651} INFO - DAG(s) dict_keys(['example_short_circuit_operator']) retrieved from /home/patriciacorreia/Documents/airflowalura/venv/lib/python3.9/site-packages/airflow/example_dags/example_short_circuit_operator.py
[2024-12-18 22:13:43,761] {logging_mixin.py:115} INFO - [2024-12-18 22:13:43,761] {dag.py:2379} INFO - Sync 1 DAGs
[2024-12-18 22:13:43,796] {logging_mixin.py:115} INFO - [2024-12-18 22:13:43,796] {dag.py:2927} INFO - Setting next_dagrun for example_short_circuit_operator to 2024-12-18T01:13:43.796204+00:00, run_after=2024-12-19T01:13:43.796204+00:00
[2024-12-18 22:13:43,812] {processor.py:161} INFO - Processing /home/patriciacorreia/Documents/airflowalura/venv/lib/python3.9/site-packages/airflow/example_dags/example_short_circuit_operator.py took 0.119 seconds
[2024-12-18 22:14:22,052] {processor.py:153} INFO - Started process (PID=16303) to work on /home/patriciacorreia/Documents/airflowalura/venv/lib/python3.9/site-packages/airflow/example_dags/example_short_circuit_operator.py
[2024-12-18 22:14:22,055] {processor.py:641} INFO - Processing file /home/patriciacorreia/Documents/airflowalura/venv/lib/python3.9/site-packages/airflow/example_dags/example_short_circuit_operator.py for tasks to queue
[2024-12-18 22:14:22,058] {logging_mixin.py:115} INFO - [2024-12-18 22:14:22,057] {dagbag.py:507} INFO - Filling up the DagBag from /home/patriciacorreia/Documents/airflowalura/venv/lib/python3.9/site-packages/airflow/example_dags/example_short_circuit_operator.py
[2024-12-18 22:14:22,105] {processor.py:651} INFO - DAG(s) dict_keys(['example_short_circuit_operator']) retrieved from /home/patriciacorreia/Documents/airflowalura/venv/lib/python3.9/site-packages/airflow/example_dags/example_short_circuit_operator.py
[2024-12-18 22:14:22,187] {logging_mixin.py:115} INFO - [2024-12-18 22:14:22,186] {dag.py:2379} INFO - Sync 1 DAGs
[2024-12-18 22:14:22,277] {logging_mixin.py:115} INFO - [2024-12-18 22:14:22,277] {dag.py:2927} INFO - Setting next_dagrun for example_short_circuit_operator to 2024-12-18T01:14:22.275136+00:00, run_after=2024-12-19T01:14:22.275136+00:00
[2024-12-18 22:14:22,331] {processor.py:161} INFO - Processing /home/patriciacorreia/Documents/airflowalura/venv/lib/python3.9/site-packages/airflow/example_dags/example_short_circuit_operator.py took 0.298 seconds
[2024-12-18 22:14:57,186] {processor.py:153} INFO - Started process (PID=16476) to work on /home/patriciacorreia/Documents/airflowalura/venv/lib/python3.9/site-packages/airflow/example_dags/example_short_circuit_operator.py
[2024-12-18 22:14:57,189] {processor.py:641} INFO - Processing file /home/patriciacorreia/Documents/airflowalura/venv/lib/python3.9/site-packages/airflow/example_dags/example_short_circuit_operator.py for tasks to queue
[2024-12-18 22:14:57,193] {logging_mixin.py:115} INFO - [2024-12-18 22:14:57,193] {dagbag.py:507} INFO - Filling up the DagBag from /home/patriciacorreia/Documents/airflowalura/venv/lib/python3.9/site-packages/airflow/example_dags/example_short_circuit_operator.py
[2024-12-18 22:14:57,243] {processor.py:651} INFO - DAG(s) dict_keys(['example_short_circuit_operator']) retrieved from /home/patriciacorreia/Documents/airflowalura/venv/lib/python3.9/site-packages/airflow/example_dags/example_short_circuit_operator.py
[2024-12-18 22:14:57,332] {logging_mixin.py:115} INFO - [2024-12-18 22:14:57,331] {dag.py:2379} INFO - Sync 1 DAGs
[2024-12-18 22:14:57,435] {logging_mixin.py:115} INFO - [2024-12-18 22:14:57,433] {dag.py:2927} INFO - Setting next_dagrun for example_short_circuit_operator to 2024-12-18T01:14:57.430032+00:00, run_after=2024-12-19T01:14:57.430032+00:00
[2024-12-18 22:14:57,485] {processor.py:161} INFO - Processing /home/patriciacorreia/Documents/airflowalura/venv/lib/python3.9/site-packages/airflow/example_dags/example_short_circuit_operator.py took 0.319 seconds
[2024-12-18 22:15:35,382] {processor.py:153} INFO - Started process (PID=16666) to work on /home/patriciacorreia/Documents/airflowalura/venv/lib/python3.9/site-packages/airflow/example_dags/example_short_circuit_operator.py
[2024-12-18 22:15:35,386] {processor.py:641} INFO - Processing file /home/patriciacorreia/Documents/airflowalura/venv/lib/python3.9/site-packages/airflow/example_dags/example_short_circuit_operator.py for tasks to queue
[2024-12-18 22:15:35,390] {logging_mixin.py:115} INFO - [2024-12-18 22:15:35,389] {dagbag.py:507} INFO - Filling up the DagBag from /home/patriciacorreia/Documents/airflowalura/venv/lib/python3.9/site-packages/airflow/example_dags/example_short_circuit_operator.py
[2024-12-18 22:15:35,431] {processor.py:651} INFO - DAG(s) dict_keys(['example_short_circuit_operator']) retrieved from /home/patriciacorreia/Documents/airflowalura/venv/lib/python3.9/site-packages/airflow/example_dags/example_short_circuit_operator.py
[2024-12-18 22:15:35,515] {logging_mixin.py:115} INFO - [2024-12-18 22:15:35,515] {dag.py:2379} INFO - Sync 1 DAGs
[2024-12-18 22:15:35,621] {logging_mixin.py:115} INFO - [2024-12-18 22:15:35,621] {dag.py:2927} INFO - Setting next_dagrun for example_short_circuit_operator to 2024-12-18T01:15:35.618988+00:00, run_after=2024-12-19T01:15:35.618988+00:00
[2024-12-18 22:15:35,677] {processor.py:161} INFO - Processing /home/patriciacorreia/Documents/airflowalura/venv/lib/python3.9/site-packages/airflow/example_dags/example_short_circuit_operator.py took 0.306 seconds
[2024-12-18 22:16:22,367] {processor.py:153} INFO - Started process (PID=16927) to work on /home/patriciacorreia/Documents/airflowalura/venv/lib/python3.9/site-packages/airflow/example_dags/example_short_circuit_operator.py
[2024-12-18 22:16:22,370] {processor.py:641} INFO - Processing file /home/patriciacorreia/Documents/airflowalura/venv/lib/python3.9/site-packages/airflow/example_dags/example_short_circuit_operator.py for tasks to queue
[2024-12-18 22:16:22,372] {logging_mixin.py:115} INFO - [2024-12-18 22:16:22,372] {dagbag.py:507} INFO - Filling up the DagBag from /home/patriciacorreia/Documents/airflowalura/venv/lib/python3.9/site-packages/airflow/example_dags/example_short_circuit_operator.py
[2024-12-18 22:16:22,418] {processor.py:651} INFO - DAG(s) dict_keys(['example_short_circuit_operator']) retrieved from /home/patriciacorreia/Documents/airflowalura/venv/lib/python3.9/site-packages/airflow/example_dags/example_short_circuit_operator.py
[2024-12-18 22:16:22,458] {logging_mixin.py:115} INFO - [2024-12-18 22:16:22,457] {dag.py:2379} INFO - Sync 1 DAGs
[2024-12-18 22:16:22,511] {logging_mixin.py:115} INFO - [2024-12-18 22:16:22,511] {dag.py:2927} INFO - Setting next_dagrun for example_short_circuit_operator to 2024-12-18T01:16:22.510520+00:00, run_after=2024-12-19T01:16:22.510520+00:00
[2024-12-18 22:16:22,538] {processor.py:161} INFO - Processing /home/patriciacorreia/Documents/airflowalura/venv/lib/python3.9/site-packages/airflow/example_dags/example_short_circuit_operator.py took 0.189 seconds
[2024-12-18 22:17:05,334] {processor.py:153} INFO - Started process (PID=17179) to work on /home/patriciacorreia/Documents/airflowalura/venv/lib/python3.9/site-packages/airflow/example_dags/example_short_circuit_operator.py
[2024-12-18 22:17:05,337] {processor.py:641} INFO - Processing file /home/patriciacorreia/Documents/airflowalura/venv/lib/python3.9/site-packages/airflow/example_dags/example_short_circuit_operator.py for tasks to queue
[2024-12-18 22:17:05,342] {logging_mixin.py:115} INFO - [2024-12-18 22:17:05,340] {dagbag.py:507} INFO - Filling up the DagBag from /home/patriciacorreia/Documents/airflowalura/venv/lib/python3.9/site-packages/airflow/example_dags/example_short_circuit_operator.py
[2024-12-18 22:17:05,392] {processor.py:651} INFO - DAG(s) dict_keys(['example_short_circuit_operator']) retrieved from /home/patriciacorreia/Documents/airflowalura/venv/lib/python3.9/site-packages/airflow/example_dags/example_short_circuit_operator.py
[2024-12-18 22:17:05,469] {logging_mixin.py:115} INFO - [2024-12-18 22:17:05,469] {dag.py:2379} INFO - Sync 1 DAGs
[2024-12-18 22:17:05,577] {logging_mixin.py:115} INFO - [2024-12-18 22:17:05,577] {dag.py:2927} INFO - Setting next_dagrun for example_short_circuit_operator to 2024-12-18T01:17:05.575454+00:00, run_after=2024-12-19T01:17:05.575454+00:00
[2024-12-18 22:17:05,619] {processor.py:161} INFO - Processing /home/patriciacorreia/Documents/airflowalura/venv/lib/python3.9/site-packages/airflow/example_dags/example_short_circuit_operator.py took 0.303 seconds
[2024-12-18 22:17:43,698] {processor.py:153} INFO - Started process (PID=17361) to work on /home/patriciacorreia/Documents/airflowalura/venv/lib/python3.9/site-packages/airflow/example_dags/example_short_circuit_operator.py
[2024-12-18 22:17:43,701] {processor.py:641} INFO - Processing file /home/patriciacorreia/Documents/airflowalura/venv/lib/python3.9/site-packages/airflow/example_dags/example_short_circuit_operator.py for tasks to queue
[2024-12-18 22:17:43,705] {logging_mixin.py:115} INFO - [2024-12-18 22:17:43,705] {dagbag.py:507} INFO - Filling up the DagBag from /home/patriciacorreia/Documents/airflowalura/venv/lib/python3.9/site-packages/airflow/example_dags/example_short_circuit_operator.py
[2024-12-18 22:17:43,738] {processor.py:651} INFO - DAG(s) dict_keys(['example_short_circuit_operator']) retrieved from /home/patriciacorreia/Documents/airflowalura/venv/lib/python3.9/site-packages/airflow/example_dags/example_short_circuit_operator.py
[2024-12-18 22:17:43,786] {logging_mixin.py:115} INFO - [2024-12-18 22:17:43,785] {dag.py:2379} INFO - Sync 1 DAGs
[2024-12-18 22:17:43,842] {logging_mixin.py:115} INFO - [2024-12-18 22:17:43,842] {dag.py:2927} INFO - Setting next_dagrun for example_short_circuit_operator to 2024-12-18T01:17:43.841453+00:00, run_after=2024-12-19T01:17:43.841453+00:00
[2024-12-18 22:17:43,878] {processor.py:161} INFO - Processing /home/patriciacorreia/Documents/airflowalura/venv/lib/python3.9/site-packages/airflow/example_dags/example_short_circuit_operator.py took 0.188 seconds
[2024-12-18 22:18:32,456] {processor.py:153} INFO - Started process (PID=17582) to work on /home/patriciacorreia/Documents/airflowalura/venv/lib/python3.9/site-packages/airflow/example_dags/example_short_circuit_operator.py
[2024-12-18 22:18:32,457] {processor.py:641} INFO - Processing file /home/patriciacorreia/Documents/airflowalura/venv/lib/python3.9/site-packages/airflow/example_dags/example_short_circuit_operator.py for tasks to queue
[2024-12-18 22:18:32,458] {logging_mixin.py:115} INFO - [2024-12-18 22:18:32,458] {dagbag.py:507} INFO - Filling up the DagBag from /home/patriciacorreia/Documents/airflowalura/venv/lib/python3.9/site-packages/airflow/example_dags/example_short_circuit_operator.py
[2024-12-18 22:18:32,473] {processor.py:651} INFO - DAG(s) dict_keys(['example_short_circuit_operator']) retrieved from /home/patriciacorreia/Documents/airflowalura/venv/lib/python3.9/site-packages/airflow/example_dags/example_short_circuit_operator.py
[2024-12-18 22:18:32,499] {logging_mixin.py:115} INFO - [2024-12-18 22:18:32,499] {dag.py:2379} INFO - Sync 1 DAGs
[2024-12-18 22:18:32,528] {logging_mixin.py:115} INFO - [2024-12-18 22:18:32,528] {dag.py:2927} INFO - Setting next_dagrun for example_short_circuit_operator to 2024-12-18T01:18:32.527914+00:00, run_after=2024-12-19T01:18:32.527914+00:00
[2024-12-18 22:18:32,546] {processor.py:161} INFO - Processing /home/patriciacorreia/Documents/airflowalura/venv/lib/python3.9/site-packages/airflow/example_dags/example_short_circuit_operator.py took 0.099 seconds
[2024-12-18 22:19:38,311] {processor.py:153} INFO - Started process (PID=17866) to work on /home/patriciacorreia/Documents/airflowalura/venv/lib/python3.9/site-packages/airflow/example_dags/example_short_circuit_operator.py
[2024-12-18 22:19:38,312] {processor.py:641} INFO - Processing file /home/patriciacorreia/Documents/airflowalura/venv/lib/python3.9/site-packages/airflow/example_dags/example_short_circuit_operator.py for tasks to queue
[2024-12-18 22:19:38,313] {logging_mixin.py:115} INFO - [2024-12-18 22:19:38,313] {dagbag.py:507} INFO - Filling up the DagBag from /home/patriciacorreia/Documents/airflowalura/venv/lib/python3.9/site-packages/airflow/example_dags/example_short_circuit_operator.py
[2024-12-18 22:19:38,325] {processor.py:651} INFO - DAG(s) dict_keys(['example_short_circuit_operator']) retrieved from /home/patriciacorreia/Documents/airflowalura/venv/lib/python3.9/site-packages/airflow/example_dags/example_short_circuit_operator.py
[2024-12-18 22:19:38,354] {logging_mixin.py:115} INFO - [2024-12-18 22:19:38,354] {dag.py:2379} INFO - Sync 1 DAGs
[2024-12-18 22:19:38,393] {logging_mixin.py:115} INFO - [2024-12-18 22:19:38,392] {dag.py:2927} INFO - Setting next_dagrun for example_short_circuit_operator to 2024-12-18T01:19:38.392534+00:00, run_after=2024-12-19T01:19:38.392534+00:00
[2024-12-18 22:19:38,418] {processor.py:161} INFO - Processing /home/patriciacorreia/Documents/airflowalura/venv/lib/python3.9/site-packages/airflow/example_dags/example_short_circuit_operator.py took 0.112 seconds
[2024-12-18 22:20:20,336] {processor.py:153} INFO - Started process (PID=18070) to work on /home/patriciacorreia/Documents/airflowalura/venv/lib/python3.9/site-packages/airflow/example_dags/example_short_circuit_operator.py
[2024-12-18 22:20:20,338] {processor.py:641} INFO - Processing file /home/patriciacorreia/Documents/airflowalura/venv/lib/python3.9/site-packages/airflow/example_dags/example_short_circuit_operator.py for tasks to queue
[2024-12-18 22:20:20,339] {logging_mixin.py:115} INFO - [2024-12-18 22:20:20,339] {dagbag.py:507} INFO - Filling up the DagBag from /home/patriciacorreia/Documents/airflowalura/venv/lib/python3.9/site-packages/airflow/example_dags/example_short_circuit_operator.py
[2024-12-18 22:20:20,359] {processor.py:651} INFO - DAG(s) dict_keys(['example_short_circuit_operator']) retrieved from /home/patriciacorreia/Documents/airflowalura/venv/lib/python3.9/site-packages/airflow/example_dags/example_short_circuit_operator.py
[2024-12-18 22:20:20,421] {logging_mixin.py:115} INFO - [2024-12-18 22:20:20,420] {dag.py:2379} INFO - Sync 1 DAGs
[2024-12-18 22:20:20,510] {logging_mixin.py:115} INFO - [2024-12-18 22:20:20,509] {dag.py:2927} INFO - Setting next_dagrun for example_short_circuit_operator to 2024-12-18T01:20:20.509127+00:00, run_after=2024-12-19T01:20:20.509127+00:00
[2024-12-18 22:20:20,540] {processor.py:161} INFO - Processing /home/patriciacorreia/Documents/airflowalura/venv/lib/python3.9/site-packages/airflow/example_dags/example_short_circuit_operator.py took 0.211 seconds
[2024-12-18 22:20:58,509] {processor.py:153} INFO - Started process (PID=18266) to work on /home/patriciacorreia/Documents/airflowalura/venv/lib/python3.9/site-packages/airflow/example_dags/example_short_circuit_operator.py
[2024-12-18 22:20:58,517] {processor.py:641} INFO - Processing file /home/patriciacorreia/Documents/airflowalura/venv/lib/python3.9/site-packages/airflow/example_dags/example_short_circuit_operator.py for tasks to queue
[2024-12-18 22:20:58,521] {logging_mixin.py:115} INFO - [2024-12-18 22:20:58,520] {dagbag.py:507} INFO - Filling up the DagBag from /home/patriciacorreia/Documents/airflowalura/venv/lib/python3.9/site-packages/airflow/example_dags/example_short_circuit_operator.py
[2024-12-18 22:20:58,547] {processor.py:651} INFO - DAG(s) dict_keys(['example_short_circuit_operator']) retrieved from /home/patriciacorreia/Documents/airflowalura/venv/lib/python3.9/site-packages/airflow/example_dags/example_short_circuit_operator.py
[2024-12-18 22:20:58,576] {logging_mixin.py:115} INFO - [2024-12-18 22:20:58,576] {dag.py:2379} INFO - Sync 1 DAGs
[2024-12-18 22:20:58,611] {logging_mixin.py:115} INFO - [2024-12-18 22:20:58,610] {dag.py:2927} INFO - Setting next_dagrun for example_short_circuit_operator to 2024-12-18T01:20:58.610251+00:00, run_after=2024-12-19T01:20:58.610251+00:00
[2024-12-18 22:20:58,638] {processor.py:161} INFO - Processing /home/patriciacorreia/Documents/airflowalura/venv/lib/python3.9/site-packages/airflow/example_dags/example_short_circuit_operator.py took 0.157 seconds
[2024-12-18 22:21:39,529] {processor.py:153} INFO - Started process (PID=18455) to work on /home/patriciacorreia/Documents/airflowalura/venv/lib/python3.9/site-packages/airflow/example_dags/example_short_circuit_operator.py
[2024-12-18 22:21:39,535] {processor.py:641} INFO - Processing file /home/patriciacorreia/Documents/airflowalura/venv/lib/python3.9/site-packages/airflow/example_dags/example_short_circuit_operator.py for tasks to queue
[2024-12-18 22:21:39,539] {logging_mixin.py:115} INFO - [2024-12-18 22:21:39,538] {dagbag.py:507} INFO - Filling up the DagBag from /home/patriciacorreia/Documents/airflowalura/venv/lib/python3.9/site-packages/airflow/example_dags/example_short_circuit_operator.py
[2024-12-18 22:21:39,595] {processor.py:651} INFO - DAG(s) dict_keys(['example_short_circuit_operator']) retrieved from /home/patriciacorreia/Documents/airflowalura/venv/lib/python3.9/site-packages/airflow/example_dags/example_short_circuit_operator.py
[2024-12-18 22:21:39,672] {logging_mixin.py:115} INFO - [2024-12-18 22:21:39,672] {dag.py:2379} INFO - Sync 1 DAGs
[2024-12-18 22:21:39,724] {logging_mixin.py:115} INFO - [2024-12-18 22:21:39,724] {dag.py:2927} INFO - Setting next_dagrun for example_short_circuit_operator to 2024-12-18T01:21:39.723586+00:00, run_after=2024-12-19T01:21:39.723586+00:00
[2024-12-18 22:21:39,752] {processor.py:161} INFO - Processing /home/patriciacorreia/Documents/airflowalura/venv/lib/python3.9/site-packages/airflow/example_dags/example_short_circuit_operator.py took 0.243 seconds
[2024-12-18 22:22:17,245] {processor.py:153} INFO - Started process (PID=18627) to work on /home/patriciacorreia/Documents/airflowalura/venv/lib/python3.9/site-packages/airflow/example_dags/example_short_circuit_operator.py
[2024-12-18 22:22:17,247] {processor.py:641} INFO - Processing file /home/patriciacorreia/Documents/airflowalura/venv/lib/python3.9/site-packages/airflow/example_dags/example_short_circuit_operator.py for tasks to queue
[2024-12-18 22:22:17,250] {logging_mixin.py:115} INFO - [2024-12-18 22:22:17,250] {dagbag.py:507} INFO - Filling up the DagBag from /home/patriciacorreia/Documents/airflowalura/venv/lib/python3.9/site-packages/airflow/example_dags/example_short_circuit_operator.py
[2024-12-18 22:22:17,276] {processor.py:651} INFO - DAG(s) dict_keys(['example_short_circuit_operator']) retrieved from /home/patriciacorreia/Documents/airflowalura/venv/lib/python3.9/site-packages/airflow/example_dags/example_short_circuit_operator.py
[2024-12-18 22:22:17,325] {logging_mixin.py:115} INFO - [2024-12-18 22:22:17,325] {dag.py:2379} INFO - Sync 1 DAGs
[2024-12-18 22:22:17,378] {logging_mixin.py:115} INFO - [2024-12-18 22:22:17,378] {dag.py:2927} INFO - Setting next_dagrun for example_short_circuit_operator to 2024-12-18T01:22:17.377462+00:00, run_after=2024-12-19T01:22:17.377462+00:00
[2024-12-18 22:22:17,408] {processor.py:161} INFO - Processing /home/patriciacorreia/Documents/airflowalura/venv/lib/python3.9/site-packages/airflow/example_dags/example_short_circuit_operator.py took 0.171 seconds
[2024-12-18 22:22:59,037] {processor.py:153} INFO - Started process (PID=18829) to work on /home/patriciacorreia/Documents/airflowalura/venv/lib/python3.9/site-packages/airflow/example_dags/example_short_circuit_operator.py
[2024-12-18 22:22:59,038] {processor.py:641} INFO - Processing file /home/patriciacorreia/Documents/airflowalura/venv/lib/python3.9/site-packages/airflow/example_dags/example_short_circuit_operator.py for tasks to queue
[2024-12-18 22:22:59,039] {logging_mixin.py:115} INFO - [2024-12-18 22:22:59,039] {dagbag.py:507} INFO - Filling up the DagBag from /home/patriciacorreia/Documents/airflowalura/venv/lib/python3.9/site-packages/airflow/example_dags/example_short_circuit_operator.py
[2024-12-18 22:22:59,056] {processor.py:651} INFO - DAG(s) dict_keys(['example_short_circuit_operator']) retrieved from /home/patriciacorreia/Documents/airflowalura/venv/lib/python3.9/site-packages/airflow/example_dags/example_short_circuit_operator.py
[2024-12-18 22:22:59,136] {logging_mixin.py:115} INFO - [2024-12-18 22:22:59,136] {dag.py:2379} INFO - Sync 1 DAGs
[2024-12-18 22:22:59,260] {logging_mixin.py:115} INFO - [2024-12-18 22:22:59,260] {dag.py:2927} INFO - Setting next_dagrun for example_short_circuit_operator to 2024-12-18T01:22:59.258964+00:00, run_after=2024-12-19T01:22:59.258964+00:00
[2024-12-18 22:22:59,296] {processor.py:161} INFO - Processing /home/patriciacorreia/Documents/airflowalura/venv/lib/python3.9/site-packages/airflow/example_dags/example_short_circuit_operator.py took 0.265 seconds
[2024-12-18 22:23:43,230] {processor.py:153} INFO - Started process (PID=19028) to work on /home/patriciacorreia/Documents/airflowalura/venv/lib/python3.9/site-packages/airflow/example_dags/example_short_circuit_operator.py
[2024-12-18 22:23:43,234] {processor.py:641} INFO - Processing file /home/patriciacorreia/Documents/airflowalura/venv/lib/python3.9/site-packages/airflow/example_dags/example_short_circuit_operator.py for tasks to queue
[2024-12-18 22:23:43,239] {logging_mixin.py:115} INFO - [2024-12-18 22:23:43,239] {dagbag.py:507} INFO - Filling up the DagBag from /home/patriciacorreia/Documents/airflowalura/venv/lib/python3.9/site-packages/airflow/example_dags/example_short_circuit_operator.py
[2024-12-18 22:23:43,279] {processor.py:651} INFO - DAG(s) dict_keys(['example_short_circuit_operator']) retrieved from /home/patriciacorreia/Documents/airflowalura/venv/lib/python3.9/site-packages/airflow/example_dags/example_short_circuit_operator.py
[2024-12-18 22:23:43,323] {logging_mixin.py:115} INFO - [2024-12-18 22:23:43,323] {dag.py:2379} INFO - Sync 1 DAGs
[2024-12-18 22:23:43,373] {logging_mixin.py:115} INFO - [2024-12-18 22:23:43,372] {dag.py:2927} INFO - Setting next_dagrun for example_short_circuit_operator to 2024-12-18T01:23:43.372312+00:00, run_after=2024-12-19T01:23:43.372312+00:00
[2024-12-18 22:23:43,408] {processor.py:161} INFO - Processing /home/patriciacorreia/Documents/airflowalura/venv/lib/python3.9/site-packages/airflow/example_dags/example_short_circuit_operator.py took 0.199 seconds
[2024-12-18 22:24:19,594] {processor.py:153} INFO - Started process (PID=19198) to work on /home/patriciacorreia/Documents/airflowalura/venv/lib/python3.9/site-packages/airflow/example_dags/example_short_circuit_operator.py
[2024-12-18 22:24:19,599] {processor.py:641} INFO - Processing file /home/patriciacorreia/Documents/airflowalura/venv/lib/python3.9/site-packages/airflow/example_dags/example_short_circuit_operator.py for tasks to queue
[2024-12-18 22:24:19,602] {logging_mixin.py:115} INFO - [2024-12-18 22:24:19,601] {dagbag.py:507} INFO - Filling up the DagBag from /home/patriciacorreia/Documents/airflowalura/venv/lib/python3.9/site-packages/airflow/example_dags/example_short_circuit_operator.py
[2024-12-18 22:24:19,653] {processor.py:651} INFO - DAG(s) dict_keys(['example_short_circuit_operator']) retrieved from /home/patriciacorreia/Documents/airflowalura/venv/lib/python3.9/site-packages/airflow/example_dags/example_short_circuit_operator.py
[2024-12-18 22:24:19,784] {logging_mixin.py:115} INFO - [2024-12-18 22:24:19,783] {dag.py:2379} INFO - Sync 1 DAGs
[2024-12-18 22:24:19,839] {logging_mixin.py:115} INFO - [2024-12-18 22:24:19,839] {dag.py:2927} INFO - Setting next_dagrun for example_short_circuit_operator to 2024-12-18T01:24:19.838968+00:00, run_after=2024-12-19T01:24:19.838968+00:00
[2024-12-18 22:24:19,858] {processor.py:161} INFO - Processing /home/patriciacorreia/Documents/airflowalura/venv/lib/python3.9/site-packages/airflow/example_dags/example_short_circuit_operator.py took 0.284 seconds
[2024-12-18 22:24:56,017] {processor.py:153} INFO - Started process (PID=19369) to work on /home/patriciacorreia/Documents/airflowalura/venv/lib/python3.9/site-packages/airflow/example_dags/example_short_circuit_operator.py
[2024-12-18 22:24:56,021] {processor.py:641} INFO - Processing file /home/patriciacorreia/Documents/airflowalura/venv/lib/python3.9/site-packages/airflow/example_dags/example_short_circuit_operator.py for tasks to queue
[2024-12-18 22:24:56,026] {logging_mixin.py:115} INFO - [2024-12-18 22:24:56,025] {dagbag.py:507} INFO - Filling up the DagBag from /home/patriciacorreia/Documents/airflowalura/venv/lib/python3.9/site-packages/airflow/example_dags/example_short_circuit_operator.py
[2024-12-18 22:24:56,066] {processor.py:651} INFO - DAG(s) dict_keys(['example_short_circuit_operator']) retrieved from /home/patriciacorreia/Documents/airflowalura/venv/lib/python3.9/site-packages/airflow/example_dags/example_short_circuit_operator.py
[2024-12-18 22:24:56,095] {logging_mixin.py:115} INFO - [2024-12-18 22:24:56,095] {dag.py:2379} INFO - Sync 1 DAGs
[2024-12-18 22:24:56,123] {logging_mixin.py:115} INFO - [2024-12-18 22:24:56,123] {dag.py:2927} INFO - Setting next_dagrun for example_short_circuit_operator to 2024-12-18T01:24:56.122865+00:00, run_after=2024-12-19T01:24:56.122865+00:00
[2024-12-18 22:24:56,144] {processor.py:161} INFO - Processing /home/patriciacorreia/Documents/airflowalura/venv/lib/python3.9/site-packages/airflow/example_dags/example_short_circuit_operator.py took 0.148 seconds
[2024-12-18 22:25:44,706] {processor.py:153} INFO - Started process (PID=19623) to work on /home/patriciacorreia/Documents/airflowalura/venv/lib/python3.9/site-packages/airflow/example_dags/example_short_circuit_operator.py
[2024-12-18 22:25:44,711] {processor.py:641} INFO - Processing file /home/patriciacorreia/Documents/airflowalura/venv/lib/python3.9/site-packages/airflow/example_dags/example_short_circuit_operator.py for tasks to queue
[2024-12-18 22:25:44,719] {logging_mixin.py:115} INFO - [2024-12-18 22:25:44,719] {dagbag.py:507} INFO - Filling up the DagBag from /home/patriciacorreia/Documents/airflowalura/venv/lib/python3.9/site-packages/airflow/example_dags/example_short_circuit_operator.py
[2024-12-18 22:25:44,787] {processor.py:651} INFO - DAG(s) dict_keys(['example_short_circuit_operator']) retrieved from /home/patriciacorreia/Documents/airflowalura/venv/lib/python3.9/site-packages/airflow/example_dags/example_short_circuit_operator.py
[2024-12-18 22:25:44,891] {logging_mixin.py:115} INFO - [2024-12-18 22:25:44,891] {dag.py:2379} INFO - Sync 1 DAGs
[2024-12-18 22:25:44,996] {logging_mixin.py:115} INFO - [2024-12-18 22:25:44,995] {dag.py:2927} INFO - Setting next_dagrun for example_short_circuit_operator to 2024-12-18T01:25:44.993515+00:00, run_after=2024-12-19T01:25:44.993515+00:00
[2024-12-18 22:25:45,067] {processor.py:161} INFO - Processing /home/patriciacorreia/Documents/airflowalura/venv/lib/python3.9/site-packages/airflow/example_dags/example_short_circuit_operator.py took 0.381 seconds
[2024-12-18 22:26:26,836] {processor.py:153} INFO - Started process (PID=19802) to work on /home/patriciacorreia/Documents/airflowalura/venv/lib/python3.9/site-packages/airflow/example_dags/example_short_circuit_operator.py
[2024-12-18 22:26:26,838] {processor.py:641} INFO - Processing file /home/patriciacorreia/Documents/airflowalura/venv/lib/python3.9/site-packages/airflow/example_dags/example_short_circuit_operator.py for tasks to queue
[2024-12-18 22:26:26,839] {logging_mixin.py:115} INFO - [2024-12-18 22:26:26,839] {dagbag.py:507} INFO - Filling up the DagBag from /home/patriciacorreia/Documents/airflowalura/venv/lib/python3.9/site-packages/airflow/example_dags/example_short_circuit_operator.py
[2024-12-18 22:26:26,860] {processor.py:651} INFO - DAG(s) dict_keys(['example_short_circuit_operator']) retrieved from /home/patriciacorreia/Documents/airflowalura/venv/lib/python3.9/site-packages/airflow/example_dags/example_short_circuit_operator.py
[2024-12-18 22:26:26,902] {logging_mixin.py:115} INFO - [2024-12-18 22:26:26,902] {dag.py:2379} INFO - Sync 1 DAGs
[2024-12-18 22:26:26,947] {logging_mixin.py:115} INFO - [2024-12-18 22:26:26,946] {dag.py:2927} INFO - Setting next_dagrun for example_short_circuit_operator to 2024-12-18T01:26:26.945866+00:00, run_after=2024-12-19T01:26:26.945866+00:00
[2024-12-18 22:26:26,977] {processor.py:161} INFO - Processing /home/patriciacorreia/Documents/airflowalura/venv/lib/python3.9/site-packages/airflow/example_dags/example_short_circuit_operator.py took 0.150 seconds
[2024-12-18 22:27:09,245] {processor.py:153} INFO - Started process (PID=19999) to work on /home/patriciacorreia/Documents/airflowalura/venv/lib/python3.9/site-packages/airflow/example_dags/example_short_circuit_operator.py
[2024-12-18 22:27:09,248] {processor.py:641} INFO - Processing file /home/patriciacorreia/Documents/airflowalura/venv/lib/python3.9/site-packages/airflow/example_dags/example_short_circuit_operator.py for tasks to queue
[2024-12-18 22:27:09,250] {logging_mixin.py:115} INFO - [2024-12-18 22:27:09,250] {dagbag.py:507} INFO - Filling up the DagBag from /home/patriciacorreia/Documents/airflowalura/venv/lib/python3.9/site-packages/airflow/example_dags/example_short_circuit_operator.py
[2024-12-18 22:27:09,286] {processor.py:651} INFO - DAG(s) dict_keys(['example_short_circuit_operator']) retrieved from /home/patriciacorreia/Documents/airflowalura/venv/lib/python3.9/site-packages/airflow/example_dags/example_short_circuit_operator.py
[2024-12-18 22:27:09,352] {logging_mixin.py:115} INFO - [2024-12-18 22:27:09,352] {dag.py:2379} INFO - Sync 1 DAGs
[2024-12-18 22:27:09,427] {logging_mixin.py:115} INFO - [2024-12-18 22:27:09,427] {dag.py:2927} INFO - Setting next_dagrun for example_short_circuit_operator to 2024-12-18T01:27:09.426442+00:00, run_after=2024-12-19T01:27:09.426442+00:00
[2024-12-18 22:27:09,471] {processor.py:161} INFO - Processing /home/patriciacorreia/Documents/airflowalura/venv/lib/python3.9/site-packages/airflow/example_dags/example_short_circuit_operator.py took 0.238 seconds
[2024-12-18 22:27:51,213] {processor.py:153} INFO - Started process (PID=20200) to work on /home/patriciacorreia/Documents/airflowalura/venv/lib/python3.9/site-packages/airflow/example_dags/example_short_circuit_operator.py
[2024-12-18 22:27:51,217] {processor.py:641} INFO - Processing file /home/patriciacorreia/Documents/airflowalura/venv/lib/python3.9/site-packages/airflow/example_dags/example_short_circuit_operator.py for tasks to queue
[2024-12-18 22:27:51,220] {logging_mixin.py:115} INFO - [2024-12-18 22:27:51,220] {dagbag.py:507} INFO - Filling up the DagBag from /home/patriciacorreia/Documents/airflowalura/venv/lib/python3.9/site-packages/airflow/example_dags/example_short_circuit_operator.py
[2024-12-18 22:27:51,263] {processor.py:651} INFO - DAG(s) dict_keys(['example_short_circuit_operator']) retrieved from /home/patriciacorreia/Documents/airflowalura/venv/lib/python3.9/site-packages/airflow/example_dags/example_short_circuit_operator.py
[2024-12-18 22:27:51,346] {logging_mixin.py:115} INFO - [2024-12-18 22:27:51,345] {dag.py:2379} INFO - Sync 1 DAGs
[2024-12-18 22:27:51,401] {logging_mixin.py:115} INFO - [2024-12-18 22:27:51,401] {dag.py:2927} INFO - Setting next_dagrun for example_short_circuit_operator to 2024-12-18T01:27:51.400511+00:00, run_after=2024-12-19T01:27:51.400511+00:00
[2024-12-18 22:27:51,436] {processor.py:161} INFO - Processing /home/patriciacorreia/Documents/airflowalura/venv/lib/python3.9/site-packages/airflow/example_dags/example_short_circuit_operator.py took 0.236 seconds
[2024-12-18 22:28:26,265] {processor.py:153} INFO - Started process (PID=20370) to work on /home/patriciacorreia/Documents/airflowalura/venv/lib/python3.9/site-packages/airflow/example_dags/example_short_circuit_operator.py
[2024-12-18 22:28:26,268] {processor.py:641} INFO - Processing file /home/patriciacorreia/Documents/airflowalura/venv/lib/python3.9/site-packages/airflow/example_dags/example_short_circuit_operator.py for tasks to queue
[2024-12-18 22:28:26,271] {logging_mixin.py:115} INFO - [2024-12-18 22:28:26,270] {dagbag.py:507} INFO - Filling up the DagBag from /home/patriciacorreia/Documents/airflowalura/venv/lib/python3.9/site-packages/airflow/example_dags/example_short_circuit_operator.py
[2024-12-18 22:28:26,303] {processor.py:651} INFO - DAG(s) dict_keys(['example_short_circuit_operator']) retrieved from /home/patriciacorreia/Documents/airflowalura/venv/lib/python3.9/site-packages/airflow/example_dags/example_short_circuit_operator.py
[2024-12-18 22:28:26,365] {logging_mixin.py:115} INFO - [2024-12-18 22:28:26,365] {dag.py:2379} INFO - Sync 1 DAGs
[2024-12-18 22:28:26,397] {logging_mixin.py:115} INFO - [2024-12-18 22:28:26,397] {dag.py:2927} INFO - Setting next_dagrun for example_short_circuit_operator to 2024-12-18T01:28:26.397418+00:00, run_after=2024-12-19T01:28:26.397418+00:00
[2024-12-18 22:28:26,413] {processor.py:161} INFO - Processing /home/patriciacorreia/Documents/airflowalura/venv/lib/python3.9/site-packages/airflow/example_dags/example_short_circuit_operator.py took 0.160 seconds
[2024-12-18 22:29:03,382] {processor.py:153} INFO - Started process (PID=20558) to work on /home/patriciacorreia/Documents/airflowalura/venv/lib/python3.9/site-packages/airflow/example_dags/example_short_circuit_operator.py
[2024-12-18 22:29:03,386] {processor.py:641} INFO - Processing file /home/patriciacorreia/Documents/airflowalura/venv/lib/python3.9/site-packages/airflow/example_dags/example_short_circuit_operator.py for tasks to queue
[2024-12-18 22:29:03,388] {logging_mixin.py:115} INFO - [2024-12-18 22:29:03,387] {dagbag.py:507} INFO - Filling up the DagBag from /home/patriciacorreia/Documents/airflowalura/venv/lib/python3.9/site-packages/airflow/example_dags/example_short_circuit_operator.py
[2024-12-18 22:29:03,421] {processor.py:651} INFO - DAG(s) dict_keys(['example_short_circuit_operator']) retrieved from /home/patriciacorreia/Documents/airflowalura/venv/lib/python3.9/site-packages/airflow/example_dags/example_short_circuit_operator.py
[2024-12-18 22:29:03,463] {logging_mixin.py:115} INFO - [2024-12-18 22:29:03,463] {dag.py:2379} INFO - Sync 1 DAGs
[2024-12-18 22:29:03,502] {logging_mixin.py:115} INFO - [2024-12-18 22:29:03,502] {dag.py:2927} INFO - Setting next_dagrun for example_short_circuit_operator to 2024-12-18T01:29:03.501570+00:00, run_after=2024-12-19T01:29:03.501570+00:00
[2024-12-18 22:29:03,527] {processor.py:161} INFO - Processing /home/patriciacorreia/Documents/airflowalura/venv/lib/python3.9/site-packages/airflow/example_dags/example_short_circuit_operator.py took 0.158 seconds
[2024-12-18 22:29:39,493] {processor.py:153} INFO - Started process (PID=20745) to work on /home/patriciacorreia/Documents/airflowalura/venv/lib/python3.9/site-packages/airflow/example_dags/example_short_circuit_operator.py
[2024-12-18 22:29:39,503] {processor.py:641} INFO - Processing file /home/patriciacorreia/Documents/airflowalura/venv/lib/python3.9/site-packages/airflow/example_dags/example_short_circuit_operator.py for tasks to queue
[2024-12-18 22:29:39,506] {logging_mixin.py:115} INFO - [2024-12-18 22:29:39,506] {dagbag.py:507} INFO - Filling up the DagBag from /home/patriciacorreia/Documents/airflowalura/venv/lib/python3.9/site-packages/airflow/example_dags/example_short_circuit_operator.py
[2024-12-18 22:29:39,555] {processor.py:651} INFO - DAG(s) dict_keys(['example_short_circuit_operator']) retrieved from /home/patriciacorreia/Documents/airflowalura/venv/lib/python3.9/site-packages/airflow/example_dags/example_short_circuit_operator.py
[2024-12-18 22:29:39,604] {logging_mixin.py:115} INFO - [2024-12-18 22:29:39,604] {dag.py:2379} INFO - Sync 1 DAGs
[2024-12-18 22:29:39,640] {logging_mixin.py:115} INFO - [2024-12-18 22:29:39,640] {dag.py:2927} INFO - Setting next_dagrun for example_short_circuit_operator to 2024-12-18T01:29:39.639987+00:00, run_after=2024-12-19T01:29:39.639987+00:00
[2024-12-18 22:29:39,655] {processor.py:161} INFO - Processing /home/patriciacorreia/Documents/airflowalura/venv/lib/python3.9/site-packages/airflow/example_dags/example_short_circuit_operator.py took 0.180 seconds
[2024-12-18 22:30:14,672] {processor.py:153} INFO - Started process (PID=20923) to work on /home/patriciacorreia/Documents/airflowalura/venv/lib/python3.9/site-packages/airflow/example_dags/example_short_circuit_operator.py
[2024-12-18 22:30:14,676] {processor.py:641} INFO - Processing file /home/patriciacorreia/Documents/airflowalura/venv/lib/python3.9/site-packages/airflow/example_dags/example_short_circuit_operator.py for tasks to queue
[2024-12-18 22:30:14,678] {logging_mixin.py:115} INFO - [2024-12-18 22:30:14,678] {dagbag.py:507} INFO - Filling up the DagBag from /home/patriciacorreia/Documents/airflowalura/venv/lib/python3.9/site-packages/airflow/example_dags/example_short_circuit_operator.py
[2024-12-18 22:30:14,720] {processor.py:651} INFO - DAG(s) dict_keys(['example_short_circuit_operator']) retrieved from /home/patriciacorreia/Documents/airflowalura/venv/lib/python3.9/site-packages/airflow/example_dags/example_short_circuit_operator.py
[2024-12-18 22:30:14,816] {logging_mixin.py:115} INFO - [2024-12-18 22:30:14,815] {dag.py:2379} INFO - Sync 1 DAGs
[2024-12-18 22:30:14,913] {logging_mixin.py:115} INFO - [2024-12-18 22:30:14,913] {dag.py:2927} INFO - Setting next_dagrun for example_short_circuit_operator to 2024-12-18T01:30:14.911887+00:00, run_after=2024-12-19T01:30:14.911887+00:00
[2024-12-18 22:30:14,988] {processor.py:161} INFO - Processing /home/patriciacorreia/Documents/airflowalura/venv/lib/python3.9/site-packages/airflow/example_dags/example_short_circuit_operator.py took 0.330 seconds
[2024-12-18 22:30:49,898] {processor.py:153} INFO - Started process (PID=21112) to work on /home/patriciacorreia/Documents/airflowalura/venv/lib/python3.9/site-packages/airflow/example_dags/example_short_circuit_operator.py
[2024-12-18 22:30:49,900] {processor.py:641} INFO - Processing file /home/patriciacorreia/Documents/airflowalura/venv/lib/python3.9/site-packages/airflow/example_dags/example_short_circuit_operator.py for tasks to queue
[2024-12-18 22:30:49,901] {logging_mixin.py:115} INFO - [2024-12-18 22:30:49,901] {dagbag.py:507} INFO - Filling up the DagBag from /home/patriciacorreia/Documents/airflowalura/venv/lib/python3.9/site-packages/airflow/example_dags/example_short_circuit_operator.py
[2024-12-18 22:30:50,027] {processor.py:651} INFO - DAG(s) dict_keys(['example_short_circuit_operator']) retrieved from /home/patriciacorreia/Documents/airflowalura/venv/lib/python3.9/site-packages/airflow/example_dags/example_short_circuit_operator.py
[2024-12-18 22:30:50,250] {logging_mixin.py:115} INFO - [2024-12-18 22:30:50,249] {dag.py:2379} INFO - Sync 1 DAGs
[2024-12-18 22:30:50,481] {logging_mixin.py:115} INFO - [2024-12-18 22:30:50,481] {dag.py:2927} INFO - Setting next_dagrun for example_short_circuit_operator to 2024-12-18T01:30:50.476914+00:00, run_after=2024-12-19T01:30:50.476914+00:00
[2024-12-18 22:30:50,587] {processor.py:161} INFO - Processing /home/patriciacorreia/Documents/airflowalura/venv/lib/python3.9/site-packages/airflow/example_dags/example_short_circuit_operator.py took 0.694 seconds
[2024-12-18 22:31:23,214] {processor.py:153} INFO - Started process (PID=21286) to work on /home/patriciacorreia/Documents/airflowalura/venv/lib/python3.9/site-packages/airflow/example_dags/example_short_circuit_operator.py
[2024-12-18 22:31:23,217] {processor.py:641} INFO - Processing file /home/patriciacorreia/Documents/airflowalura/venv/lib/python3.9/site-packages/airflow/example_dags/example_short_circuit_operator.py for tasks to queue
[2024-12-18 22:31:23,219] {logging_mixin.py:115} INFO - [2024-12-18 22:31:23,219] {dagbag.py:507} INFO - Filling up the DagBag from /home/patriciacorreia/Documents/airflowalura/venv/lib/python3.9/site-packages/airflow/example_dags/example_short_circuit_operator.py
[2024-12-18 22:31:23,251] {processor.py:651} INFO - DAG(s) dict_keys(['example_short_circuit_operator']) retrieved from /home/patriciacorreia/Documents/airflowalura/venv/lib/python3.9/site-packages/airflow/example_dags/example_short_circuit_operator.py
[2024-12-18 22:31:23,309] {logging_mixin.py:115} INFO - [2024-12-18 22:31:23,308] {dag.py:2379} INFO - Sync 1 DAGs
[2024-12-18 22:31:23,362] {logging_mixin.py:115} INFO - [2024-12-18 22:31:23,362] {dag.py:2927} INFO - Setting next_dagrun for example_short_circuit_operator to 2024-12-18T01:31:23.362354+00:00, run_after=2024-12-19T01:31:23.362354+00:00
[2024-12-18 22:31:23,382] {processor.py:161} INFO - Processing /home/patriciacorreia/Documents/airflowalura/venv/lib/python3.9/site-packages/airflow/example_dags/example_short_circuit_operator.py took 0.179 seconds
[2024-12-18 22:31:59,987] {processor.py:153} INFO - Started process (PID=21471) to work on /home/patriciacorreia/Documents/airflowalura/venv/lib/python3.9/site-packages/airflow/example_dags/example_short_circuit_operator.py
[2024-12-18 22:31:59,990] {processor.py:641} INFO - Processing file /home/patriciacorreia/Documents/airflowalura/venv/lib/python3.9/site-packages/airflow/example_dags/example_short_circuit_operator.py for tasks to queue
[2024-12-18 22:31:59,992] {logging_mixin.py:115} INFO - [2024-12-18 22:31:59,992] {dagbag.py:507} INFO - Filling up the DagBag from /home/patriciacorreia/Documents/airflowalura/venv/lib/python3.9/site-packages/airflow/example_dags/example_short_circuit_operator.py
[2024-12-18 22:32:00,031] {processor.py:651} INFO - DAG(s) dict_keys(['example_short_circuit_operator']) retrieved from /home/patriciacorreia/Documents/airflowalura/venv/lib/python3.9/site-packages/airflow/example_dags/example_short_circuit_operator.py
[2024-12-18 22:32:00,098] {logging_mixin.py:115} INFO - [2024-12-18 22:32:00,098] {dag.py:2379} INFO - Sync 1 DAGs
[2024-12-18 22:32:00,147] {logging_mixin.py:115} INFO - [2024-12-18 22:32:00,147] {dag.py:2927} INFO - Setting next_dagrun for example_short_circuit_operator to 2024-12-18T01:32:00.146732+00:00, run_after=2024-12-19T01:32:00.146732+00:00
[2024-12-18 22:32:00,163] {processor.py:161} INFO - Processing /home/patriciacorreia/Documents/airflowalura/venv/lib/python3.9/site-packages/airflow/example_dags/example_short_circuit_operator.py took 0.189 seconds
[2024-12-18 22:32:38,360] {processor.py:153} INFO - Started process (PID=21660) to work on /home/patriciacorreia/Documents/airflowalura/venv/lib/python3.9/site-packages/airflow/example_dags/example_short_circuit_operator.py
[2024-12-18 22:32:38,362] {processor.py:641} INFO - Processing file /home/patriciacorreia/Documents/airflowalura/venv/lib/python3.9/site-packages/airflow/example_dags/example_short_circuit_operator.py for tasks to queue
[2024-12-18 22:32:38,363] {logging_mixin.py:115} INFO - [2024-12-18 22:32:38,363] {dagbag.py:507} INFO - Filling up the DagBag from /home/patriciacorreia/Documents/airflowalura/venv/lib/python3.9/site-packages/airflow/example_dags/example_short_circuit_operator.py
[2024-12-18 22:32:38,383] {processor.py:651} INFO - DAG(s) dict_keys(['example_short_circuit_operator']) retrieved from /home/patriciacorreia/Documents/airflowalura/venv/lib/python3.9/site-packages/airflow/example_dags/example_short_circuit_operator.py
[2024-12-18 22:32:38,441] {logging_mixin.py:115} INFO - [2024-12-18 22:32:38,441] {dag.py:2379} INFO - Sync 1 DAGs
[2024-12-18 22:32:38,481] {logging_mixin.py:115} INFO - [2024-12-18 22:32:38,481] {dag.py:2927} INFO - Setting next_dagrun for example_short_circuit_operator to 2024-12-18T01:32:38.480747+00:00, run_after=2024-12-19T01:32:38.480747+00:00
[2024-12-18 22:32:38,504] {processor.py:161} INFO - Processing /home/patriciacorreia/Documents/airflowalura/venv/lib/python3.9/site-packages/airflow/example_dags/example_short_circuit_operator.py took 0.151 seconds
[2024-12-18 22:33:15,008] {processor.py:153} INFO - Started process (PID=21829) to work on /home/patriciacorreia/Documents/airflowalura/venv/lib/python3.9/site-packages/airflow/example_dags/example_short_circuit_operator.py
[2024-12-18 22:33:15,010] {processor.py:641} INFO - Processing file /home/patriciacorreia/Documents/airflowalura/venv/lib/python3.9/site-packages/airflow/example_dags/example_short_circuit_operator.py for tasks to queue
[2024-12-18 22:33:15,011] {logging_mixin.py:115} INFO - [2024-12-18 22:33:15,011] {dagbag.py:507} INFO - Filling up the DagBag from /home/patriciacorreia/Documents/airflowalura/venv/lib/python3.9/site-packages/airflow/example_dags/example_short_circuit_operator.py
[2024-12-18 22:33:15,027] {processor.py:651} INFO - DAG(s) dict_keys(['example_short_circuit_operator']) retrieved from /home/patriciacorreia/Documents/airflowalura/venv/lib/python3.9/site-packages/airflow/example_dags/example_short_circuit_operator.py
[2024-12-18 22:33:15,083] {logging_mixin.py:115} INFO - [2024-12-18 22:33:15,083] {dag.py:2379} INFO - Sync 1 DAGs
[2024-12-18 22:33:15,207] {logging_mixin.py:115} INFO - [2024-12-18 22:33:15,207] {dag.py:2927} INFO - Setting next_dagrun for example_short_circuit_operator to 2024-12-18T01:33:15.206772+00:00, run_after=2024-12-19T01:33:15.206772+00:00
[2024-12-18 22:33:15,232] {processor.py:161} INFO - Processing /home/patriciacorreia/Documents/airflowalura/venv/lib/python3.9/site-packages/airflow/example_dags/example_short_circuit_operator.py took 0.229 seconds
[2024-12-18 22:33:51,921] {processor.py:153} INFO - Started process (PID=21992) to work on /home/patriciacorreia/Documents/airflowalura/venv/lib/python3.9/site-packages/airflow/example_dags/example_short_circuit_operator.py
[2024-12-18 22:33:51,925] {processor.py:641} INFO - Processing file /home/patriciacorreia/Documents/airflowalura/venv/lib/python3.9/site-packages/airflow/example_dags/example_short_circuit_operator.py for tasks to queue
[2024-12-18 22:33:51,928] {logging_mixin.py:115} INFO - [2024-12-18 22:33:51,927] {dagbag.py:507} INFO - Filling up the DagBag from /home/patriciacorreia/Documents/airflowalura/venv/lib/python3.9/site-packages/airflow/example_dags/example_short_circuit_operator.py
[2024-12-18 22:33:51,971] {processor.py:651} INFO - DAG(s) dict_keys(['example_short_circuit_operator']) retrieved from /home/patriciacorreia/Documents/airflowalura/venv/lib/python3.9/site-packages/airflow/example_dags/example_short_circuit_operator.py
[2024-12-18 22:33:52,045] {logging_mixin.py:115} INFO - [2024-12-18 22:33:52,045] {dag.py:2379} INFO - Sync 1 DAGs
[2024-12-18 22:33:52,080] {logging_mixin.py:115} INFO - [2024-12-18 22:33:52,080] {dag.py:2927} INFO - Setting next_dagrun for example_short_circuit_operator to 2024-12-18T01:33:52.080402+00:00, run_after=2024-12-19T01:33:52.080402+00:00
[2024-12-18 22:33:52,100] {processor.py:161} INFO - Processing /home/patriciacorreia/Documents/airflowalura/venv/lib/python3.9/site-packages/airflow/example_dags/example_short_circuit_operator.py took 0.193 seconds
[2024-12-18 22:34:27,810] {processor.py:153} INFO - Started process (PID=22153) to work on /home/patriciacorreia/Documents/airflowalura/venv/lib/python3.9/site-packages/airflow/example_dags/example_short_circuit_operator.py
[2024-12-18 22:34:27,811] {processor.py:641} INFO - Processing file /home/patriciacorreia/Documents/airflowalura/venv/lib/python3.9/site-packages/airflow/example_dags/example_short_circuit_operator.py for tasks to queue
[2024-12-18 22:34:27,813] {logging_mixin.py:115} INFO - [2024-12-18 22:34:27,813] {dagbag.py:507} INFO - Filling up the DagBag from /home/patriciacorreia/Documents/airflowalura/venv/lib/python3.9/site-packages/airflow/example_dags/example_short_circuit_operator.py
[2024-12-18 22:34:27,828] {processor.py:651} INFO - DAG(s) dict_keys(['example_short_circuit_operator']) retrieved from /home/patriciacorreia/Documents/airflowalura/venv/lib/python3.9/site-packages/airflow/example_dags/example_short_circuit_operator.py
[2024-12-18 22:34:27,856] {logging_mixin.py:115} INFO - [2024-12-18 22:34:27,856] {dag.py:2379} INFO - Sync 1 DAGs
[2024-12-18 22:34:27,889] {logging_mixin.py:115} INFO - [2024-12-18 22:34:27,889] {dag.py:2927} INFO - Setting next_dagrun for example_short_circuit_operator to 2024-12-18T01:34:27.889061+00:00, run_after=2024-12-19T01:34:27.889061+00:00
[2024-12-18 22:34:27,913] {processor.py:161} INFO - Processing /home/patriciacorreia/Documents/airflowalura/venv/lib/python3.9/site-packages/airflow/example_dags/example_short_circuit_operator.py took 0.112 seconds
[2024-12-18 22:35:06,924] {processor.py:153} INFO - Started process (PID=22332) to work on /home/patriciacorreia/Documents/airflowalura/venv/lib/python3.9/site-packages/airflow/example_dags/example_short_circuit_operator.py
[2024-12-18 22:35:06,928] {processor.py:641} INFO - Processing file /home/patriciacorreia/Documents/airflowalura/venv/lib/python3.9/site-packages/airflow/example_dags/example_short_circuit_operator.py for tasks to queue
[2024-12-18 22:35:06,930] {logging_mixin.py:115} INFO - [2024-12-18 22:35:06,930] {dagbag.py:507} INFO - Filling up the DagBag from /home/patriciacorreia/Documents/airflowalura/venv/lib/python3.9/site-packages/airflow/example_dags/example_short_circuit_operator.py
[2024-12-18 22:35:06,976] {processor.py:651} INFO - DAG(s) dict_keys(['example_short_circuit_operator']) retrieved from /home/patriciacorreia/Documents/airflowalura/venv/lib/python3.9/site-packages/airflow/example_dags/example_short_circuit_operator.py
[2024-12-18 22:35:07,065] {logging_mixin.py:115} INFO - [2024-12-18 22:35:07,065] {dag.py:2379} INFO - Sync 1 DAGs
[2024-12-18 22:35:07,175] {logging_mixin.py:115} INFO - [2024-12-18 22:35:07,174] {dag.py:2927} INFO - Setting next_dagrun for example_short_circuit_operator to 2024-12-18T01:35:07.172855+00:00, run_after=2024-12-19T01:35:07.172855+00:00
[2024-12-18 22:35:07,227] {processor.py:161} INFO - Processing /home/patriciacorreia/Documents/airflowalura/venv/lib/python3.9/site-packages/airflow/example_dags/example_short_circuit_operator.py took 0.318 seconds
[2024-12-18 22:35:47,595] {processor.py:153} INFO - Started process (PID=22514) to work on /home/patriciacorreia/Documents/airflowalura/venv/lib/python3.9/site-packages/airflow/example_dags/example_short_circuit_operator.py
[2024-12-18 22:35:47,598] {processor.py:641} INFO - Processing file /home/patriciacorreia/Documents/airflowalura/venv/lib/python3.9/site-packages/airflow/example_dags/example_short_circuit_operator.py for tasks to queue
[2024-12-18 22:35:47,601] {logging_mixin.py:115} INFO - [2024-12-18 22:35:47,601] {dagbag.py:507} INFO - Filling up the DagBag from /home/patriciacorreia/Documents/airflowalura/venv/lib/python3.9/site-packages/airflow/example_dags/example_short_circuit_operator.py
[2024-12-18 22:35:47,642] {processor.py:651} INFO - DAG(s) dict_keys(['example_short_circuit_operator']) retrieved from /home/patriciacorreia/Documents/airflowalura/venv/lib/python3.9/site-packages/airflow/example_dags/example_short_circuit_operator.py
[2024-12-18 22:35:47,712] {logging_mixin.py:115} INFO - [2024-12-18 22:35:47,711] {dag.py:2379} INFO - Sync 1 DAGs
[2024-12-18 22:35:47,800] {logging_mixin.py:115} INFO - [2024-12-18 22:35:47,799] {dag.py:2927} INFO - Setting next_dagrun for example_short_circuit_operator to 2024-12-18T01:35:47.798850+00:00, run_after=2024-12-19T01:35:47.798850+00:00
[2024-12-18 22:35:47,850] {processor.py:161} INFO - Processing /home/patriciacorreia/Documents/airflowalura/venv/lib/python3.9/site-packages/airflow/example_dags/example_short_circuit_operator.py took 0.269 seconds
[2024-12-18 22:36:24,290] {processor.py:153} INFO - Started process (PID=22678) to work on /home/patriciacorreia/Documents/airflowalura/venv/lib/python3.9/site-packages/airflow/example_dags/example_short_circuit_operator.py
[2024-12-18 22:36:24,294] {processor.py:641} INFO - Processing file /home/patriciacorreia/Documents/airflowalura/venv/lib/python3.9/site-packages/airflow/example_dags/example_short_circuit_operator.py for tasks to queue
[2024-12-18 22:36:24,296] {logging_mixin.py:115} INFO - [2024-12-18 22:36:24,296] {dagbag.py:507} INFO - Filling up the DagBag from /home/patriciacorreia/Documents/airflowalura/venv/lib/python3.9/site-packages/airflow/example_dags/example_short_circuit_operator.py
[2024-12-18 22:36:24,333] {processor.py:651} INFO - DAG(s) dict_keys(['example_short_circuit_operator']) retrieved from /home/patriciacorreia/Documents/airflowalura/venv/lib/python3.9/site-packages/airflow/example_dags/example_short_circuit_operator.py
[2024-12-18 22:36:24,412] {logging_mixin.py:115} INFO - [2024-12-18 22:36:24,411] {dag.py:2379} INFO - Sync 1 DAGs
[2024-12-18 22:36:24,500] {logging_mixin.py:115} INFO - [2024-12-18 22:36:24,499] {dag.py:2927} INFO - Setting next_dagrun for example_short_circuit_operator to 2024-12-18T01:36:24.498848+00:00, run_after=2024-12-19T01:36:24.498848+00:00
[2024-12-18 22:36:24,549] {processor.py:161} INFO - Processing /home/patriciacorreia/Documents/airflowalura/venv/lib/python3.9/site-packages/airflow/example_dags/example_short_circuit_operator.py took 0.273 seconds
[2024-12-18 22:37:03,335] {processor.py:153} INFO - Started process (PID=22853) to work on /home/patriciacorreia/Documents/airflowalura/venv/lib/python3.9/site-packages/airflow/example_dags/example_short_circuit_operator.py
[2024-12-18 22:37:03,341] {processor.py:641} INFO - Processing file /home/patriciacorreia/Documents/airflowalura/venv/lib/python3.9/site-packages/airflow/example_dags/example_short_circuit_operator.py for tasks to queue
[2024-12-18 22:37:03,345] {logging_mixin.py:115} INFO - [2024-12-18 22:37:03,345] {dagbag.py:507} INFO - Filling up the DagBag from /home/patriciacorreia/Documents/airflowalura/venv/lib/python3.9/site-packages/airflow/example_dags/example_short_circuit_operator.py
[2024-12-18 22:37:03,388] {processor.py:651} INFO - DAG(s) dict_keys(['example_short_circuit_operator']) retrieved from /home/patriciacorreia/Documents/airflowalura/venv/lib/python3.9/site-packages/airflow/example_dags/example_short_circuit_operator.py
[2024-12-18 22:37:03,486] {logging_mixin.py:115} INFO - [2024-12-18 22:37:03,485] {dag.py:2379} INFO - Sync 1 DAGs
[2024-12-18 22:37:03,531] {logging_mixin.py:115} INFO - [2024-12-18 22:37:03,531] {dag.py:2927} INFO - Setting next_dagrun for example_short_circuit_operator to 2024-12-18T01:37:03.530742+00:00, run_after=2024-12-19T01:37:03.530742+00:00
[2024-12-18 22:37:03,553] {processor.py:161} INFO - Processing /home/patriciacorreia/Documents/airflowalura/venv/lib/python3.9/site-packages/airflow/example_dags/example_short_circuit_operator.py took 0.234 seconds
[2024-12-18 22:37:47,482] {processor.py:153} INFO - Started process (PID=23045) to work on /home/patriciacorreia/Documents/airflowalura/venv/lib/python3.9/site-packages/airflow/example_dags/example_short_circuit_operator.py
[2024-12-18 22:37:47,484] {processor.py:641} INFO - Processing file /home/patriciacorreia/Documents/airflowalura/venv/lib/python3.9/site-packages/airflow/example_dags/example_short_circuit_operator.py for tasks to queue
[2024-12-18 22:37:47,485] {logging_mixin.py:115} INFO - [2024-12-18 22:37:47,484] {dagbag.py:507} INFO - Filling up the DagBag from /home/patriciacorreia/Documents/airflowalura/venv/lib/python3.9/site-packages/airflow/example_dags/example_short_circuit_operator.py
[2024-12-18 22:37:47,503] {processor.py:651} INFO - DAG(s) dict_keys(['example_short_circuit_operator']) retrieved from /home/patriciacorreia/Documents/airflowalura/venv/lib/python3.9/site-packages/airflow/example_dags/example_short_circuit_operator.py
[2024-12-18 22:37:47,531] {logging_mixin.py:115} INFO - [2024-12-18 22:37:47,531] {dag.py:2379} INFO - Sync 1 DAGs
[2024-12-18 22:37:47,568] {logging_mixin.py:115} INFO - [2024-12-18 22:37:47,567] {dag.py:2927} INFO - Setting next_dagrun for example_short_circuit_operator to 2024-12-18T01:37:47.567360+00:00, run_after=2024-12-19T01:37:47.567360+00:00
[2024-12-18 22:37:47,588] {processor.py:161} INFO - Processing /home/patriciacorreia/Documents/airflowalura/venv/lib/python3.9/site-packages/airflow/example_dags/example_short_circuit_operator.py took 0.111 seconds
[2024-12-18 22:38:28,872] {processor.py:153} INFO - Started process (PID=23234) to work on /home/patriciacorreia/Documents/airflowalura/venv/lib/python3.9/site-packages/airflow/example_dags/example_short_circuit_operator.py
[2024-12-18 22:38:28,876] {processor.py:641} INFO - Processing file /home/patriciacorreia/Documents/airflowalura/venv/lib/python3.9/site-packages/airflow/example_dags/example_short_circuit_operator.py for tasks to queue
[2024-12-18 22:38:28,880] {logging_mixin.py:115} INFO - [2024-12-18 22:38:28,879] {dagbag.py:507} INFO - Filling up the DagBag from /home/patriciacorreia/Documents/airflowalura/venv/lib/python3.9/site-packages/airflow/example_dags/example_short_circuit_operator.py
[2024-12-18 22:38:28,923] {processor.py:651} INFO - DAG(s) dict_keys(['example_short_circuit_operator']) retrieved from /home/patriciacorreia/Documents/airflowalura/venv/lib/python3.9/site-packages/airflow/example_dags/example_short_circuit_operator.py
[2024-12-18 22:38:28,956] {logging_mixin.py:115} INFO - [2024-12-18 22:38:28,955] {dag.py:2379} INFO - Sync 1 DAGs
[2024-12-18 22:38:28,985] {logging_mixin.py:115} INFO - [2024-12-18 22:38:28,985] {dag.py:2927} INFO - Setting next_dagrun for example_short_circuit_operator to 2024-12-18T01:38:28.985150+00:00, run_after=2024-12-19T01:38:28.985150+00:00
[2024-12-18 22:38:29,008] {processor.py:161} INFO - Processing /home/patriciacorreia/Documents/airflowalura/venv/lib/python3.9/site-packages/airflow/example_dags/example_short_circuit_operator.py took 0.152 seconds
[2024-12-18 22:39:07,147] {processor.py:153} INFO - Started process (PID=23415) to work on /home/patriciacorreia/Documents/airflowalura/venv/lib/python3.9/site-packages/airflow/example_dags/example_short_circuit_operator.py
[2024-12-18 22:39:07,150] {processor.py:641} INFO - Processing file /home/patriciacorreia/Documents/airflowalura/venv/lib/python3.9/site-packages/airflow/example_dags/example_short_circuit_operator.py for tasks to queue
[2024-12-18 22:39:07,152] {logging_mixin.py:115} INFO - [2024-12-18 22:39:07,152] {dagbag.py:507} INFO - Filling up the DagBag from /home/patriciacorreia/Documents/airflowalura/venv/lib/python3.9/site-packages/airflow/example_dags/example_short_circuit_operator.py
[2024-12-18 22:39:07,194] {processor.py:651} INFO - DAG(s) dict_keys(['example_short_circuit_operator']) retrieved from /home/patriciacorreia/Documents/airflowalura/venv/lib/python3.9/site-packages/airflow/example_dags/example_short_circuit_operator.py
[2024-12-18 22:39:07,277] {logging_mixin.py:115} INFO - [2024-12-18 22:39:07,276] {dag.py:2379} INFO - Sync 1 DAGs
[2024-12-18 22:39:07,366] {logging_mixin.py:115} INFO - [2024-12-18 22:39:07,366] {dag.py:2927} INFO - Setting next_dagrun for example_short_circuit_operator to 2024-12-18T01:39:07.365091+00:00, run_after=2024-12-19T01:39:07.365091+00:00
[2024-12-18 22:39:07,418] {processor.py:161} INFO - Processing /home/patriciacorreia/Documents/airflowalura/venv/lib/python3.9/site-packages/airflow/example_dags/example_short_circuit_operator.py took 0.289 seconds
[2024-12-18 22:39:44,932] {processor.py:153} INFO - Started process (PID=23586) to work on /home/patriciacorreia/Documents/airflowalura/venv/lib/python3.9/site-packages/airflow/example_dags/example_short_circuit_operator.py
[2024-12-18 22:39:44,935] {processor.py:641} INFO - Processing file /home/patriciacorreia/Documents/airflowalura/venv/lib/python3.9/site-packages/airflow/example_dags/example_short_circuit_operator.py for tasks to queue
[2024-12-18 22:39:44,936] {logging_mixin.py:115} INFO - [2024-12-18 22:39:44,936] {dagbag.py:507} INFO - Filling up the DagBag from /home/patriciacorreia/Documents/airflowalura/venv/lib/python3.9/site-packages/airflow/example_dags/example_short_circuit_operator.py
[2024-12-18 22:39:44,957] {processor.py:651} INFO - DAG(s) dict_keys(['example_short_circuit_operator']) retrieved from /home/patriciacorreia/Documents/airflowalura/venv/lib/python3.9/site-packages/airflow/example_dags/example_short_circuit_operator.py
[2024-12-18 22:39:45,006] {logging_mixin.py:115} INFO - [2024-12-18 22:39:45,006] {dag.py:2379} INFO - Sync 1 DAGs
[2024-12-18 22:39:45,068] {logging_mixin.py:115} INFO - [2024-12-18 22:39:45,068] {dag.py:2927} INFO - Setting next_dagrun for example_short_circuit_operator to 2024-12-18T01:39:45.067899+00:00, run_after=2024-12-19T01:39:45.067899+00:00
[2024-12-18 22:39:45,106] {processor.py:161} INFO - Processing /home/patriciacorreia/Documents/airflowalura/venv/lib/python3.9/site-packages/airflow/example_dags/example_short_circuit_operator.py took 0.182 seconds
[2024-12-18 22:40:23,847] {processor.py:153} INFO - Started process (PID=23775) to work on /home/patriciacorreia/Documents/airflowalura/venv/lib/python3.9/site-packages/airflow/example_dags/example_short_circuit_operator.py
[2024-12-18 22:40:23,848] {processor.py:641} INFO - Processing file /home/patriciacorreia/Documents/airflowalura/venv/lib/python3.9/site-packages/airflow/example_dags/example_short_circuit_operator.py for tasks to queue
[2024-12-18 22:40:23,850] {logging_mixin.py:115} INFO - [2024-12-18 22:40:23,849] {dagbag.py:507} INFO - Filling up the DagBag from /home/patriciacorreia/Documents/airflowalura/venv/lib/python3.9/site-packages/airflow/example_dags/example_short_circuit_operator.py
[2024-12-18 22:40:23,867] {processor.py:651} INFO - DAG(s) dict_keys(['example_short_circuit_operator']) retrieved from /home/patriciacorreia/Documents/airflowalura/venv/lib/python3.9/site-packages/airflow/example_dags/example_short_circuit_operator.py
[2024-12-18 22:40:23,975] {logging_mixin.py:115} INFO - [2024-12-18 22:40:23,975] {dag.py:2379} INFO - Sync 1 DAGs
[2024-12-18 22:40:24,046] {logging_mixin.py:115} INFO - [2024-12-18 22:40:24,046] {dag.py:2927} INFO - Setting next_dagrun for example_short_circuit_operator to 2024-12-18T01:40:24.045042+00:00, run_after=2024-12-19T01:40:24.045042+00:00
[2024-12-18 22:40:24,085] {processor.py:161} INFO - Processing /home/patriciacorreia/Documents/airflowalura/venv/lib/python3.9/site-packages/airflow/example_dags/example_short_circuit_operator.py took 0.245 seconds
