[2024-12-18 22:05:32,736] {processor.py:153} INFO - Started process (PID=13823) to work on /home/patriciacorreia/Documents/airflowalura/venv/lib/python3.9/site-packages/airflow/example_dags/example_task_group_decorator.py
[2024-12-18 22:05:32,737] {processor.py:641} INFO - Processing file /home/patriciacorreia/Documents/airflowalura/venv/lib/python3.9/site-packages/airflow/example_dags/example_task_group_decorator.py for tasks to queue
[2024-12-18 22:05:32,738] {logging_mixin.py:115} INFO - [2024-12-18 22:05:32,738] {dagbag.py:507} INFO - Filling up the DagBag from /home/patriciacorreia/Documents/airflowalura/venv/lib/python3.9/site-packages/airflow/example_dags/example_task_group_decorator.py
[2024-12-18 22:05:32,777] {processor.py:651} INFO - DAG(s) dict_keys(['example_task_group_decorator']) retrieved from /home/patriciacorreia/Documents/airflowalura/venv/lib/python3.9/site-packages/airflow/example_dags/example_task_group_decorator.py
[2024-12-18 22:05:32,870] {logging_mixin.py:115} INFO - [2024-12-18 22:05:32,869] {manager.py:508} INFO - Created Permission View: can read on DAG:example_task_group_decorator
[2024-12-18 22:05:32,881] {logging_mixin.py:115} INFO - [2024-12-18 22:05:32,881] {manager.py:508} INFO - Created Permission View: can delete on DAG:example_task_group_decorator
[2024-12-18 22:05:32,891] {logging_mixin.py:115} INFO - [2024-12-18 22:05:32,891] {manager.py:508} INFO - Created Permission View: can edit on DAG:example_task_group_decorator
[2024-12-18 22:05:32,891] {logging_mixin.py:115} INFO - [2024-12-18 22:05:32,891] {dag.py:2379} INFO - Sync 1 DAGs
[2024-12-18 22:05:32,901] {logging_mixin.py:115} INFO - [2024-12-18 22:05:32,901] {dag.py:2398} INFO - Creating ORM DAG for example_task_group_decorator
[2024-12-18 22:05:32,924] {logging_mixin.py:115} INFO - [2024-12-18 22:05:32,923] {dag.py:2927} INFO - Setting next_dagrun for example_task_group_decorator to 2024-12-18T01:05:32.922655+00:00, run_after=2024-12-19T01:05:32.922655+00:00
[2024-12-18 22:05:32,952] {processor.py:161} INFO - Processing /home/patriciacorreia/Documents/airflowalura/venv/lib/python3.9/site-packages/airflow/example_dags/example_task_group_decorator.py took 0.220 seconds
[2024-12-18 22:06:09,892] {processor.py:153} INFO - Started process (PID=13947) to work on /home/patriciacorreia/Documents/airflowalura/venv/lib/python3.9/site-packages/airflow/example_dags/example_task_group_decorator.py
[2024-12-18 22:06:09,894] {processor.py:641} INFO - Processing file /home/patriciacorreia/Documents/airflowalura/venv/lib/python3.9/site-packages/airflow/example_dags/example_task_group_decorator.py for tasks to queue
[2024-12-18 22:06:09,895] {logging_mixin.py:115} INFO - [2024-12-18 22:06:09,895] {dagbag.py:507} INFO - Filling up the DagBag from /home/patriciacorreia/Documents/airflowalura/venv/lib/python3.9/site-packages/airflow/example_dags/example_task_group_decorator.py
[2024-12-18 22:06:09,936] {processor.py:651} INFO - DAG(s) dict_keys(['example_task_group_decorator']) retrieved from /home/patriciacorreia/Documents/airflowalura/venv/lib/python3.9/site-packages/airflow/example_dags/example_task_group_decorator.py
[2024-12-18 22:06:09,995] {logging_mixin.py:115} INFO - [2024-12-18 22:06:09,995] {dag.py:2379} INFO - Sync 1 DAGs
[2024-12-18 22:06:10,013] {logging_mixin.py:115} INFO - [2024-12-18 22:06:10,013] {dag.py:2927} INFO - Setting next_dagrun for example_task_group_decorator to 2024-12-18T01:06:10.013404+00:00, run_after=2024-12-19T01:06:10.013404+00:00
[2024-12-18 22:06:10,031] {processor.py:161} INFO - Processing /home/patriciacorreia/Documents/airflowalura/venv/lib/python3.9/site-packages/airflow/example_dags/example_task_group_decorator.py took 0.144 seconds
[2024-12-18 22:06:45,102] {processor.py:153} INFO - Started process (PID=14095) to work on /home/patriciacorreia/Documents/airflowalura/venv/lib/python3.9/site-packages/airflow/example_dags/example_task_group_decorator.py
[2024-12-18 22:06:45,104] {processor.py:641} INFO - Processing file /home/patriciacorreia/Documents/airflowalura/venv/lib/python3.9/site-packages/airflow/example_dags/example_task_group_decorator.py for tasks to queue
[2024-12-18 22:06:45,106] {logging_mixin.py:115} INFO - [2024-12-18 22:06:45,105] {dagbag.py:507} INFO - Filling up the DagBag from /home/patriciacorreia/Documents/airflowalura/venv/lib/python3.9/site-packages/airflow/example_dags/example_task_group_decorator.py
[2024-12-18 22:06:45,151] {processor.py:651} INFO - DAG(s) dict_keys(['example_task_group_decorator']) retrieved from /home/patriciacorreia/Documents/airflowalura/venv/lib/python3.9/site-packages/airflow/example_dags/example_task_group_decorator.py
[2024-12-18 22:06:45,179] {logging_mixin.py:115} INFO - [2024-12-18 22:06:45,179] {dag.py:2379} INFO - Sync 1 DAGs
[2024-12-18 22:06:45,209] {logging_mixin.py:115} INFO - [2024-12-18 22:06:45,209] {dag.py:2927} INFO - Setting next_dagrun for example_task_group_decorator to 2024-12-18T01:06:45.209106+00:00, run_after=2024-12-19T01:06:45.209106+00:00
[2024-12-18 22:06:45,226] {processor.py:161} INFO - Processing /home/patriciacorreia/Documents/airflowalura/venv/lib/python3.9/site-packages/airflow/example_dags/example_task_group_decorator.py took 0.130 seconds
[2024-12-18 22:07:24,186] {processor.py:153} INFO - Started process (PID=14185) to work on /home/patriciacorreia/Documents/airflowalura/venv/lib/python3.9/site-packages/airflow/example_dags/example_task_group_decorator.py
[2024-12-18 22:07:24,187] {processor.py:641} INFO - Processing file /home/patriciacorreia/Documents/airflowalura/venv/lib/python3.9/site-packages/airflow/example_dags/example_task_group_decorator.py for tasks to queue
[2024-12-18 22:07:24,189] {logging_mixin.py:115} INFO - [2024-12-18 22:07:24,189] {dagbag.py:507} INFO - Filling up the DagBag from /home/patriciacorreia/Documents/airflowalura/venv/lib/python3.9/site-packages/airflow/example_dags/example_task_group_decorator.py
[2024-12-18 22:07:24,253] {processor.py:651} INFO - DAG(s) dict_keys(['example_task_group_decorator']) retrieved from /home/patriciacorreia/Documents/airflowalura/venv/lib/python3.9/site-packages/airflow/example_dags/example_task_group_decorator.py
[2024-12-18 22:07:24,424] {logging_mixin.py:115} INFO - [2024-12-18 22:07:24,424] {dag.py:2379} INFO - Sync 1 DAGs
[2024-12-18 22:07:24,473] {logging_mixin.py:115} INFO - [2024-12-18 22:07:24,473] {dag.py:2927} INFO - Setting next_dagrun for example_task_group_decorator to 2024-12-18T01:07:24.472336+00:00, run_after=2024-12-19T01:07:24.472336+00:00
[2024-12-18 22:07:24,605] {processor.py:161} INFO - Processing /home/patriciacorreia/Documents/airflowalura/venv/lib/python3.9/site-packages/airflow/example_dags/example_task_group_decorator.py took 0.441 seconds
[2024-12-18 22:08:02,045] {processor.py:153} INFO - Started process (PID=14265) to work on /home/patriciacorreia/Documents/airflowalura/venv/lib/python3.9/site-packages/airflow/example_dags/example_task_group_decorator.py
[2024-12-18 22:08:02,047] {processor.py:641} INFO - Processing file /home/patriciacorreia/Documents/airflowalura/venv/lib/python3.9/site-packages/airflow/example_dags/example_task_group_decorator.py for tasks to queue
[2024-12-18 22:08:02,048] {logging_mixin.py:115} INFO - [2024-12-18 22:08:02,048] {dagbag.py:507} INFO - Filling up the DagBag from /home/patriciacorreia/Documents/airflowalura/venv/lib/python3.9/site-packages/airflow/example_dags/example_task_group_decorator.py
[2024-12-18 22:08:02,090] {processor.py:651} INFO - DAG(s) dict_keys(['example_task_group_decorator']) retrieved from /home/patriciacorreia/Documents/airflowalura/venv/lib/python3.9/site-packages/airflow/example_dags/example_task_group_decorator.py
[2024-12-18 22:08:02,118] {logging_mixin.py:115} INFO - [2024-12-18 22:08:02,118] {dag.py:2379} INFO - Sync 1 DAGs
[2024-12-18 22:08:02,147] {logging_mixin.py:115} INFO - [2024-12-18 22:08:02,147] {dag.py:2927} INFO - Setting next_dagrun for example_task_group_decorator to 2024-12-18T01:08:02.146742+00:00, run_after=2024-12-19T01:08:02.146742+00:00
[2024-12-18 22:08:02,166] {processor.py:161} INFO - Processing /home/patriciacorreia/Documents/airflowalura/venv/lib/python3.9/site-packages/airflow/example_dags/example_task_group_decorator.py took 0.126 seconds
[2024-12-18 22:08:41,136] {processor.py:153} INFO - Started process (PID=14406) to work on /home/patriciacorreia/Documents/airflowalura/venv/lib/python3.9/site-packages/airflow/example_dags/example_task_group_decorator.py
[2024-12-18 22:08:41,138] {processor.py:641} INFO - Processing file /home/patriciacorreia/Documents/airflowalura/venv/lib/python3.9/site-packages/airflow/example_dags/example_task_group_decorator.py for tasks to queue
[2024-12-18 22:08:41,139] {logging_mixin.py:115} INFO - [2024-12-18 22:08:41,138] {dagbag.py:507} INFO - Filling up the DagBag from /home/patriciacorreia/Documents/airflowalura/venv/lib/python3.9/site-packages/airflow/example_dags/example_task_group_decorator.py
[2024-12-18 22:08:41,192] {processor.py:651} INFO - DAG(s) dict_keys(['example_task_group_decorator']) retrieved from /home/patriciacorreia/Documents/airflowalura/venv/lib/python3.9/site-packages/airflow/example_dags/example_task_group_decorator.py
[2024-12-18 22:08:41,269] {logging_mixin.py:115} INFO - [2024-12-18 22:08:41,269] {dag.py:2379} INFO - Sync 1 DAGs
[2024-12-18 22:08:41,292] {logging_mixin.py:115} INFO - [2024-12-18 22:08:41,292] {dag.py:2927} INFO - Setting next_dagrun for example_task_group_decorator to 2024-12-18T01:08:41.291743+00:00, run_after=2024-12-19T01:08:41.291743+00:00
[2024-12-18 22:08:41,310] {processor.py:161} INFO - Processing /home/patriciacorreia/Documents/airflowalura/venv/lib/python3.9/site-packages/airflow/example_dags/example_task_group_decorator.py took 0.180 seconds
[2024-12-18 22:09:19,452] {processor.py:153} INFO - Started process (PID=14572) to work on /home/patriciacorreia/Documents/airflowalura/venv/lib/python3.9/site-packages/airflow/example_dags/example_task_group_decorator.py
[2024-12-18 22:09:19,454] {processor.py:641} INFO - Processing file /home/patriciacorreia/Documents/airflowalura/venv/lib/python3.9/site-packages/airflow/example_dags/example_task_group_decorator.py for tasks to queue
[2024-12-18 22:09:19,455] {logging_mixin.py:115} INFO - [2024-12-18 22:09:19,455] {dagbag.py:507} INFO - Filling up the DagBag from /home/patriciacorreia/Documents/airflowalura/venv/lib/python3.9/site-packages/airflow/example_dags/example_task_group_decorator.py
[2024-12-18 22:09:19,524] {processor.py:651} INFO - DAG(s) dict_keys(['example_task_group_decorator']) retrieved from /home/patriciacorreia/Documents/airflowalura/venv/lib/python3.9/site-packages/airflow/example_dags/example_task_group_decorator.py
[2024-12-18 22:09:19,634] {logging_mixin.py:115} INFO - [2024-12-18 22:09:19,634] {dag.py:2379} INFO - Sync 1 DAGs
[2024-12-18 22:09:19,656] {logging_mixin.py:115} INFO - [2024-12-18 22:09:19,656] {dag.py:2927} INFO - Setting next_dagrun for example_task_group_decorator to 2024-12-18T01:09:19.655766+00:00, run_after=2024-12-19T01:09:19.655766+00:00
[2024-12-18 22:09:19,679] {processor.py:161} INFO - Processing /home/patriciacorreia/Documents/airflowalura/venv/lib/python3.9/site-packages/airflow/example_dags/example_task_group_decorator.py took 0.232 seconds
[2024-12-18 22:09:57,054] {processor.py:153} INFO - Started process (PID=14787) to work on /home/patriciacorreia/Documents/airflowalura/venv/lib/python3.9/site-packages/airflow/example_dags/example_task_group_decorator.py
[2024-12-18 22:09:57,056] {processor.py:641} INFO - Processing file /home/patriciacorreia/Documents/airflowalura/venv/lib/python3.9/site-packages/airflow/example_dags/example_task_group_decorator.py for tasks to queue
[2024-12-18 22:09:57,057] {logging_mixin.py:115} INFO - [2024-12-18 22:09:57,056] {dagbag.py:507} INFO - Filling up the DagBag from /home/patriciacorreia/Documents/airflowalura/venv/lib/python3.9/site-packages/airflow/example_dags/example_task_group_decorator.py
[2024-12-18 22:09:57,092] {processor.py:651} INFO - DAG(s) dict_keys(['example_task_group_decorator']) retrieved from /home/patriciacorreia/Documents/airflowalura/venv/lib/python3.9/site-packages/airflow/example_dags/example_task_group_decorator.py
[2024-12-18 22:09:57,159] {logging_mixin.py:115} INFO - [2024-12-18 22:09:57,159] {dag.py:2379} INFO - Sync 1 DAGs
[2024-12-18 22:09:57,198] {logging_mixin.py:115} INFO - [2024-12-18 22:09:57,198] {dag.py:2927} INFO - Setting next_dagrun for example_task_group_decorator to 2024-12-18T01:09:57.196577+00:00, run_after=2024-12-19T01:09:57.196577+00:00
[2024-12-18 22:09:57,238] {processor.py:161} INFO - Processing /home/patriciacorreia/Documents/airflowalura/venv/lib/python3.9/site-packages/airflow/example_dags/example_task_group_decorator.py took 0.189 seconds
[2024-12-18 22:10:32,841] {processor.py:153} INFO - Started process (PID=15077) to work on /home/patriciacorreia/Documents/airflowalura/venv/lib/python3.9/site-packages/airflow/example_dags/example_task_group_decorator.py
[2024-12-18 22:10:32,842] {processor.py:641} INFO - Processing file /home/patriciacorreia/Documents/airflowalura/venv/lib/python3.9/site-packages/airflow/example_dags/example_task_group_decorator.py for tasks to queue
[2024-12-18 22:10:32,843] {logging_mixin.py:115} INFO - [2024-12-18 22:10:32,843] {dagbag.py:507} INFO - Filling up the DagBag from /home/patriciacorreia/Documents/airflowalura/venv/lib/python3.9/site-packages/airflow/example_dags/example_task_group_decorator.py
[2024-12-18 22:10:32,877] {processor.py:651} INFO - DAG(s) dict_keys(['example_task_group_decorator']) retrieved from /home/patriciacorreia/Documents/airflowalura/venv/lib/python3.9/site-packages/airflow/example_dags/example_task_group_decorator.py
[2024-12-18 22:10:32,946] {logging_mixin.py:115} INFO - [2024-12-18 22:10:32,945] {dag.py:2379} INFO - Sync 1 DAGs
[2024-12-18 22:10:32,997] {logging_mixin.py:115} INFO - [2024-12-18 22:10:32,997] {dag.py:2927} INFO - Setting next_dagrun for example_task_group_decorator to 2024-12-18T01:10:32.995924+00:00, run_after=2024-12-19T01:10:32.995924+00:00
[2024-12-18 22:10:33,032] {processor.py:161} INFO - Processing /home/patriciacorreia/Documents/airflowalura/venv/lib/python3.9/site-packages/airflow/example_dags/example_task_group_decorator.py took 0.195 seconds
[2024-12-18 22:11:17,287] {processor.py:153} INFO - Started process (PID=15455) to work on /home/patriciacorreia/Documents/airflowalura/venv/lib/python3.9/site-packages/airflow/example_dags/example_task_group_decorator.py
[2024-12-18 22:11:17,288] {processor.py:641} INFO - Processing file /home/patriciacorreia/Documents/airflowalura/venv/lib/python3.9/site-packages/airflow/example_dags/example_task_group_decorator.py for tasks to queue
[2024-12-18 22:11:17,289] {logging_mixin.py:115} INFO - [2024-12-18 22:11:17,289] {dagbag.py:507} INFO - Filling up the DagBag from /home/patriciacorreia/Documents/airflowalura/venv/lib/python3.9/site-packages/airflow/example_dags/example_task_group_decorator.py
[2024-12-18 22:11:17,333] {processor.py:651} INFO - DAG(s) dict_keys(['example_task_group_decorator']) retrieved from /home/patriciacorreia/Documents/airflowalura/venv/lib/python3.9/site-packages/airflow/example_dags/example_task_group_decorator.py
[2024-12-18 22:11:17,421] {logging_mixin.py:115} INFO - [2024-12-18 22:11:17,421] {dag.py:2379} INFO - Sync 1 DAGs
[2024-12-18 22:11:17,488] {logging_mixin.py:115} INFO - [2024-12-18 22:11:17,488] {dag.py:2927} INFO - Setting next_dagrun for example_task_group_decorator to 2024-12-18T01:11:17.486329+00:00, run_after=2024-12-19T01:11:17.486329+00:00
[2024-12-18 22:11:17,535] {processor.py:161} INFO - Processing /home/patriciacorreia/Documents/airflowalura/venv/lib/python3.9/site-packages/airflow/example_dags/example_task_group_decorator.py took 0.254 seconds
[2024-12-18 22:11:54,873] {processor.py:153} INFO - Started process (PID=15619) to work on /home/patriciacorreia/Documents/airflowalura/venv/lib/python3.9/site-packages/airflow/example_dags/example_task_group_decorator.py
[2024-12-18 22:11:54,876] {processor.py:641} INFO - Processing file /home/patriciacorreia/Documents/airflowalura/venv/lib/python3.9/site-packages/airflow/example_dags/example_task_group_decorator.py for tasks to queue
[2024-12-18 22:11:54,878] {logging_mixin.py:115} INFO - [2024-12-18 22:11:54,878] {dagbag.py:507} INFO - Filling up the DagBag from /home/patriciacorreia/Documents/airflowalura/venv/lib/python3.9/site-packages/airflow/example_dags/example_task_group_decorator.py
[2024-12-18 22:11:54,970] {processor.py:651} INFO - DAG(s) dict_keys(['example_task_group_decorator']) retrieved from /home/patriciacorreia/Documents/airflowalura/venv/lib/python3.9/site-packages/airflow/example_dags/example_task_group_decorator.py
[2024-12-18 22:11:55,026] {logging_mixin.py:115} INFO - [2024-12-18 22:11:55,026] {dag.py:2379} INFO - Sync 1 DAGs
[2024-12-18 22:11:55,092] {logging_mixin.py:115} INFO - [2024-12-18 22:11:55,091] {dag.py:2927} INFO - Setting next_dagrun for example_task_group_decorator to 2024-12-18T01:11:55.090944+00:00, run_after=2024-12-19T01:11:55.090944+00:00
[2024-12-18 22:11:55,124] {processor.py:161} INFO - Processing /home/patriciacorreia/Documents/airflowalura/venv/lib/python3.9/site-packages/airflow/example_dags/example_task_group_decorator.py took 0.262 seconds
[2024-12-18 22:12:34,398] {processor.py:153} INFO - Started process (PID=15799) to work on /home/patriciacorreia/Documents/airflowalura/venv/lib/python3.9/site-packages/airflow/example_dags/example_task_group_decorator.py
[2024-12-18 22:12:34,401] {processor.py:641} INFO - Processing file /home/patriciacorreia/Documents/airflowalura/venv/lib/python3.9/site-packages/airflow/example_dags/example_task_group_decorator.py for tasks to queue
[2024-12-18 22:12:34,403] {logging_mixin.py:115} INFO - [2024-12-18 22:12:34,402] {dagbag.py:507} INFO - Filling up the DagBag from /home/patriciacorreia/Documents/airflowalura/venv/lib/python3.9/site-packages/airflow/example_dags/example_task_group_decorator.py
[2024-12-18 22:12:34,519] {processor.py:651} INFO - DAG(s) dict_keys(['example_task_group_decorator']) retrieved from /home/patriciacorreia/Documents/airflowalura/venv/lib/python3.9/site-packages/airflow/example_dags/example_task_group_decorator.py
[2024-12-18 22:12:34,571] {logging_mixin.py:115} INFO - [2024-12-18 22:12:34,571] {dag.py:2379} INFO - Sync 1 DAGs
[2024-12-18 22:12:34,606] {logging_mixin.py:115} INFO - [2024-12-18 22:12:34,606] {dag.py:2927} INFO - Setting next_dagrun for example_task_group_decorator to 2024-12-18T01:12:34.605258+00:00, run_after=2024-12-19T01:12:34.605258+00:00
[2024-12-18 22:12:34,624] {processor.py:161} INFO - Processing /home/patriciacorreia/Documents/airflowalura/venv/lib/python3.9/site-packages/airflow/example_dags/example_task_group_decorator.py took 0.240 seconds
[2024-12-18 22:13:19,894] {processor.py:153} INFO - Started process (PID=15999) to work on /home/patriciacorreia/Documents/airflowalura/venv/lib/python3.9/site-packages/airflow/example_dags/example_task_group_decorator.py
[2024-12-18 22:13:19,898] {processor.py:641} INFO - Processing file /home/patriciacorreia/Documents/airflowalura/venv/lib/python3.9/site-packages/airflow/example_dags/example_task_group_decorator.py for tasks to queue
[2024-12-18 22:13:19,900] {logging_mixin.py:115} INFO - [2024-12-18 22:13:19,899] {dagbag.py:507} INFO - Filling up the DagBag from /home/patriciacorreia/Documents/airflowalura/venv/lib/python3.9/site-packages/airflow/example_dags/example_task_group_decorator.py
[2024-12-18 22:13:19,977] {processor.py:651} INFO - DAG(s) dict_keys(['example_task_group_decorator']) retrieved from /home/patriciacorreia/Documents/airflowalura/venv/lib/python3.9/site-packages/airflow/example_dags/example_task_group_decorator.py
[2024-12-18 22:13:20,071] {logging_mixin.py:115} INFO - [2024-12-18 22:13:20,071] {dag.py:2379} INFO - Sync 1 DAGs
[2024-12-18 22:13:20,090] {logging_mixin.py:115} INFO - [2024-12-18 22:13:20,090] {dag.py:2927} INFO - Setting next_dagrun for example_task_group_decorator to 2024-12-18T01:13:20.090158+00:00, run_after=2024-12-19T01:13:20.090158+00:00
[2024-12-18 22:13:20,112] {processor.py:161} INFO - Processing /home/patriciacorreia/Documents/airflowalura/venv/lib/python3.9/site-packages/airflow/example_dags/example_task_group_decorator.py took 0.230 seconds
[2024-12-18 22:14:01,492] {processor.py:153} INFO - Started process (PID=16206) to work on /home/patriciacorreia/Documents/airflowalura/venv/lib/python3.9/site-packages/airflow/example_dags/example_task_group_decorator.py
[2024-12-18 22:14:01,497] {processor.py:641} INFO - Processing file /home/patriciacorreia/Documents/airflowalura/venv/lib/python3.9/site-packages/airflow/example_dags/example_task_group_decorator.py for tasks to queue
[2024-12-18 22:14:01,500] {logging_mixin.py:115} INFO - [2024-12-18 22:14:01,500] {dagbag.py:507} INFO - Filling up the DagBag from /home/patriciacorreia/Documents/airflowalura/venv/lib/python3.9/site-packages/airflow/example_dags/example_task_group_decorator.py
[2024-12-18 22:14:01,570] {processor.py:651} INFO - DAG(s) dict_keys(['example_task_group_decorator']) retrieved from /home/patriciacorreia/Documents/airflowalura/venv/lib/python3.9/site-packages/airflow/example_dags/example_task_group_decorator.py
[2024-12-18 22:14:01,655] {logging_mixin.py:115} INFO - [2024-12-18 22:14:01,655] {dag.py:2379} INFO - Sync 1 DAGs
[2024-12-18 22:14:01,688] {logging_mixin.py:115} INFO - [2024-12-18 22:14:01,688] {dag.py:2927} INFO - Setting next_dagrun for example_task_group_decorator to 2024-12-18T01:14:01.687523+00:00, run_after=2024-12-19T01:14:01.687523+00:00
[2024-12-18 22:14:01,716] {processor.py:161} INFO - Processing /home/patriciacorreia/Documents/airflowalura/venv/lib/python3.9/site-packages/airflow/example_dags/example_task_group_decorator.py took 0.239 seconds
[2024-12-18 22:14:46,637] {processor.py:153} INFO - Started process (PID=16420) to work on /home/patriciacorreia/Documents/airflowalura/venv/lib/python3.9/site-packages/airflow/example_dags/example_task_group_decorator.py
[2024-12-18 22:14:46,642] {processor.py:641} INFO - Processing file /home/patriciacorreia/Documents/airflowalura/venv/lib/python3.9/site-packages/airflow/example_dags/example_task_group_decorator.py for tasks to queue
[2024-12-18 22:14:46,645] {logging_mixin.py:115} INFO - [2024-12-18 22:14:46,644] {dagbag.py:507} INFO - Filling up the DagBag from /home/patriciacorreia/Documents/airflowalura/venv/lib/python3.9/site-packages/airflow/example_dags/example_task_group_decorator.py
[2024-12-18 22:14:46,760] {processor.py:651} INFO - DAG(s) dict_keys(['example_task_group_decorator']) retrieved from /home/patriciacorreia/Documents/airflowalura/venv/lib/python3.9/site-packages/airflow/example_dags/example_task_group_decorator.py
[2024-12-18 22:14:46,789] {logging_mixin.py:115} INFO - [2024-12-18 22:14:46,789] {dag.py:2379} INFO - Sync 1 DAGs
[2024-12-18 22:14:46,821] {logging_mixin.py:115} INFO - [2024-12-18 22:14:46,821] {dag.py:2927} INFO - Setting next_dagrun for example_task_group_decorator to 2024-12-18T01:14:46.821306+00:00, run_after=2024-12-19T01:14:46.821306+00:00
[2024-12-18 22:14:46,838] {processor.py:161} INFO - Processing /home/patriciacorreia/Documents/airflowalura/venv/lib/python3.9/site-packages/airflow/example_dags/example_task_group_decorator.py took 0.219 seconds
[2024-12-18 22:15:24,849] {processor.py:153} INFO - Started process (PID=16605) to work on /home/patriciacorreia/Documents/airflowalura/venv/lib/python3.9/site-packages/airflow/example_dags/example_task_group_decorator.py
[2024-12-18 22:15:24,851] {processor.py:641} INFO - Processing file /home/patriciacorreia/Documents/airflowalura/venv/lib/python3.9/site-packages/airflow/example_dags/example_task_group_decorator.py for tasks to queue
[2024-12-18 22:15:24,853] {logging_mixin.py:115} INFO - [2024-12-18 22:15:24,853] {dagbag.py:507} INFO - Filling up the DagBag from /home/patriciacorreia/Documents/airflowalura/venv/lib/python3.9/site-packages/airflow/example_dags/example_task_group_decorator.py
[2024-12-18 22:15:24,929] {processor.py:651} INFO - DAG(s) dict_keys(['example_task_group_decorator']) retrieved from /home/patriciacorreia/Documents/airflowalura/venv/lib/python3.9/site-packages/airflow/example_dags/example_task_group_decorator.py
[2024-12-18 22:15:25,043] {logging_mixin.py:115} INFO - [2024-12-18 22:15:25,043] {dag.py:2379} INFO - Sync 1 DAGs
[2024-12-18 22:15:25,077] {logging_mixin.py:115} INFO - [2024-12-18 22:15:25,077] {dag.py:2927} INFO - Setting next_dagrun for example_task_group_decorator to 2024-12-18T01:15:25.076450+00:00, run_after=2024-12-19T01:15:25.076450+00:00
[2024-12-18 22:15:25,106] {processor.py:161} INFO - Processing /home/patriciacorreia/Documents/airflowalura/venv/lib/python3.9/site-packages/airflow/example_dags/example_task_group_decorator.py took 0.268 seconds
[2024-12-18 22:16:08,842] {processor.py:153} INFO - Started process (PID=16832) to work on /home/patriciacorreia/Documents/airflowalura/venv/lib/python3.9/site-packages/airflow/example_dags/example_task_group_decorator.py
[2024-12-18 22:16:08,847] {processor.py:641} INFO - Processing file /home/patriciacorreia/Documents/airflowalura/venv/lib/python3.9/site-packages/airflow/example_dags/example_task_group_decorator.py for tasks to queue
[2024-12-18 22:16:08,854] {logging_mixin.py:115} INFO - [2024-12-18 22:16:08,854] {dagbag.py:507} INFO - Filling up the DagBag from /home/patriciacorreia/Documents/airflowalura/venv/lib/python3.9/site-packages/airflow/example_dags/example_task_group_decorator.py
[2024-12-18 22:16:09,008] {processor.py:651} INFO - DAG(s) dict_keys(['example_task_group_decorator']) retrieved from /home/patriciacorreia/Documents/airflowalura/venv/lib/python3.9/site-packages/airflow/example_dags/example_task_group_decorator.py
[2024-12-18 22:16:09,046] {logging_mixin.py:115} INFO - [2024-12-18 22:16:09,046] {dag.py:2379} INFO - Sync 1 DAGs
[2024-12-18 22:16:09,087] {logging_mixin.py:115} INFO - [2024-12-18 22:16:09,087] {dag.py:2927} INFO - Setting next_dagrun for example_task_group_decorator to 2024-12-18T01:16:09.086472+00:00, run_after=2024-12-19T01:16:09.086472+00:00
[2024-12-18 22:16:09,119] {processor.py:161} INFO - Processing /home/patriciacorreia/Documents/airflowalura/venv/lib/python3.9/site-packages/airflow/example_dags/example_task_group_decorator.py took 0.296 seconds
[2024-12-18 22:16:50,789] {processor.py:153} INFO - Started process (PID=17097) to work on /home/patriciacorreia/Documents/airflowalura/venv/lib/python3.9/site-packages/airflow/example_dags/example_task_group_decorator.py
[2024-12-18 22:16:50,792] {processor.py:641} INFO - Processing file /home/patriciacorreia/Documents/airflowalura/venv/lib/python3.9/site-packages/airflow/example_dags/example_task_group_decorator.py for tasks to queue
[2024-12-18 22:16:50,793] {logging_mixin.py:115} INFO - [2024-12-18 22:16:50,793] {dagbag.py:507} INFO - Filling up the DagBag from /home/patriciacorreia/Documents/airflowalura/venv/lib/python3.9/site-packages/airflow/example_dags/example_task_group_decorator.py
[2024-12-18 22:16:50,873] {processor.py:651} INFO - DAG(s) dict_keys(['example_task_group_decorator']) retrieved from /home/patriciacorreia/Documents/airflowalura/venv/lib/python3.9/site-packages/airflow/example_dags/example_task_group_decorator.py
[2024-12-18 22:16:50,914] {logging_mixin.py:115} INFO - [2024-12-18 22:16:50,914] {dag.py:2379} INFO - Sync 1 DAGs
[2024-12-18 22:16:50,974] {logging_mixin.py:115} INFO - [2024-12-18 22:16:50,973] {dag.py:2927} INFO - Setting next_dagrun for example_task_group_decorator to 2024-12-18T01:16:50.973434+00:00, run_after=2024-12-19T01:16:50.973434+00:00
[2024-12-18 22:16:51,021] {processor.py:161} INFO - Processing /home/patriciacorreia/Documents/airflowalura/venv/lib/python3.9/site-packages/airflow/example_dags/example_task_group_decorator.py took 0.243 seconds
[2024-12-18 22:17:32,968] {processor.py:153} INFO - Started process (PID=17309) to work on /home/patriciacorreia/Documents/airflowalura/venv/lib/python3.9/site-packages/airflow/example_dags/example_task_group_decorator.py
[2024-12-18 22:17:32,972] {processor.py:641} INFO - Processing file /home/patriciacorreia/Documents/airflowalura/venv/lib/python3.9/site-packages/airflow/example_dags/example_task_group_decorator.py for tasks to queue
[2024-12-18 22:17:32,975] {logging_mixin.py:115} INFO - [2024-12-18 22:17:32,975] {dagbag.py:507} INFO - Filling up the DagBag from /home/patriciacorreia/Documents/airflowalura/venv/lib/python3.9/site-packages/airflow/example_dags/example_task_group_decorator.py
[2024-12-18 22:17:33,096] {processor.py:651} INFO - DAG(s) dict_keys(['example_task_group_decorator']) retrieved from /home/patriciacorreia/Documents/airflowalura/venv/lib/python3.9/site-packages/airflow/example_dags/example_task_group_decorator.py
[2024-12-18 22:17:33,121] {logging_mixin.py:115} INFO - [2024-12-18 22:17:33,121] {dag.py:2379} INFO - Sync 1 DAGs
[2024-12-18 22:17:33,147] {logging_mixin.py:115} INFO - [2024-12-18 22:17:33,147] {dag.py:2927} INFO - Setting next_dagrun for example_task_group_decorator to 2024-12-18T01:17:33.147156+00:00, run_after=2024-12-19T01:17:33.147156+00:00
[2024-12-18 22:17:33,163] {processor.py:161} INFO - Processing /home/patriciacorreia/Documents/airflowalura/venv/lib/python3.9/site-packages/airflow/example_dags/example_task_group_decorator.py took 0.213 seconds
[2024-12-18 22:18:19,881] {processor.py:153} INFO - Started process (PID=17524) to work on /home/patriciacorreia/Documents/airflowalura/venv/lib/python3.9/site-packages/airflow/example_dags/example_task_group_decorator.py
[2024-12-18 22:18:19,883] {processor.py:641} INFO - Processing file /home/patriciacorreia/Documents/airflowalura/venv/lib/python3.9/site-packages/airflow/example_dags/example_task_group_decorator.py for tasks to queue
[2024-12-18 22:18:19,886] {logging_mixin.py:115} INFO - [2024-12-18 22:18:19,885] {dagbag.py:507} INFO - Filling up the DagBag from /home/patriciacorreia/Documents/airflowalura/venv/lib/python3.9/site-packages/airflow/example_dags/example_task_group_decorator.py
[2024-12-18 22:18:19,967] {processor.py:651} INFO - DAG(s) dict_keys(['example_task_group_decorator']) retrieved from /home/patriciacorreia/Documents/airflowalura/venv/lib/python3.9/site-packages/airflow/example_dags/example_task_group_decorator.py
[2024-12-18 22:18:19,990] {logging_mixin.py:115} INFO - [2024-12-18 22:18:19,990] {dag.py:2379} INFO - Sync 1 DAGs
[2024-12-18 22:18:20,014] {logging_mixin.py:115} INFO - [2024-12-18 22:18:20,014] {dag.py:2927} INFO - Setting next_dagrun for example_task_group_decorator to 2024-12-18T01:18:20.014367+00:00, run_after=2024-12-19T01:18:20.014367+00:00
[2024-12-18 22:18:20,032] {processor.py:161} INFO - Processing /home/patriciacorreia/Documents/airflowalura/venv/lib/python3.9/site-packages/airflow/example_dags/example_task_group_decorator.py took 0.163 seconds
[2024-12-18 22:19:42,226] {processor.py:153} INFO - Started process (PID=17884) to work on /home/patriciacorreia/Documents/airflowalura/venv/lib/python3.9/site-packages/airflow/example_dags/example_task_group_decorator.py
[2024-12-18 22:19:42,227] {processor.py:641} INFO - Processing file /home/patriciacorreia/Documents/airflowalura/venv/lib/python3.9/site-packages/airflow/example_dags/example_task_group_decorator.py for tasks to queue
[2024-12-18 22:19:42,228] {logging_mixin.py:115} INFO - [2024-12-18 22:19:42,228] {dagbag.py:507} INFO - Filling up the DagBag from /home/patriciacorreia/Documents/airflowalura/venv/lib/python3.9/site-packages/airflow/example_dags/example_task_group_decorator.py
[2024-12-18 22:19:42,287] {processor.py:651} INFO - DAG(s) dict_keys(['example_task_group_decorator']) retrieved from /home/patriciacorreia/Documents/airflowalura/venv/lib/python3.9/site-packages/airflow/example_dags/example_task_group_decorator.py
[2024-12-18 22:19:42,376] {logging_mixin.py:115} INFO - [2024-12-18 22:19:42,376] {dag.py:2379} INFO - Sync 1 DAGs
[2024-12-18 22:19:42,407] {logging_mixin.py:115} INFO - [2024-12-18 22:19:42,407] {dag.py:2927} INFO - Setting next_dagrun for example_task_group_decorator to 2024-12-18T01:19:42.406615+00:00, run_after=2024-12-19T01:19:42.406615+00:00
[2024-12-18 22:19:42,431] {processor.py:161} INFO - Processing /home/patriciacorreia/Documents/airflowalura/venv/lib/python3.9/site-packages/airflow/example_dags/example_task_group_decorator.py took 0.212 seconds
[2024-12-18 22:20:23,729] {processor.py:153} INFO - Started process (PID=18086) to work on /home/patriciacorreia/Documents/airflowalura/venv/lib/python3.9/site-packages/airflow/example_dags/example_task_group_decorator.py
[2024-12-18 22:20:23,730] {processor.py:641} INFO - Processing file /home/patriciacorreia/Documents/airflowalura/venv/lib/python3.9/site-packages/airflow/example_dags/example_task_group_decorator.py for tasks to queue
[2024-12-18 22:20:23,731] {logging_mixin.py:115} INFO - [2024-12-18 22:20:23,731] {dagbag.py:507} INFO - Filling up the DagBag from /home/patriciacorreia/Documents/airflowalura/venv/lib/python3.9/site-packages/airflow/example_dags/example_task_group_decorator.py
[2024-12-18 22:20:23,771] {processor.py:651} INFO - DAG(s) dict_keys(['example_task_group_decorator']) retrieved from /home/patriciacorreia/Documents/airflowalura/venv/lib/python3.9/site-packages/airflow/example_dags/example_task_group_decorator.py
[2024-12-18 22:20:23,851] {logging_mixin.py:115} INFO - [2024-12-18 22:20:23,850] {dag.py:2379} INFO - Sync 1 DAGs
[2024-12-18 22:20:23,873] {logging_mixin.py:115} INFO - [2024-12-18 22:20:23,873] {dag.py:2927} INFO - Setting next_dagrun for example_task_group_decorator to 2024-12-18T01:20:23.873150+00:00, run_after=2024-12-19T01:20:23.873150+00:00
[2024-12-18 22:20:23,912] {processor.py:161} INFO - Processing /home/patriciacorreia/Documents/airflowalura/venv/lib/python3.9/site-packages/airflow/example_dags/example_task_group_decorator.py took 0.188 seconds
[2024-12-18 22:21:02,407] {processor.py:153} INFO - Started process (PID=18281) to work on /home/patriciacorreia/Documents/airflowalura/venv/lib/python3.9/site-packages/airflow/example_dags/example_task_group_decorator.py
[2024-12-18 22:21:02,408] {processor.py:641} INFO - Processing file /home/patriciacorreia/Documents/airflowalura/venv/lib/python3.9/site-packages/airflow/example_dags/example_task_group_decorator.py for tasks to queue
[2024-12-18 22:21:02,409] {logging_mixin.py:115} INFO - [2024-12-18 22:21:02,409] {dagbag.py:507} INFO - Filling up the DagBag from /home/patriciacorreia/Documents/airflowalura/venv/lib/python3.9/site-packages/airflow/example_dags/example_task_group_decorator.py
[2024-12-18 22:21:02,457] {processor.py:651} INFO - DAG(s) dict_keys(['example_task_group_decorator']) retrieved from /home/patriciacorreia/Documents/airflowalura/venv/lib/python3.9/site-packages/airflow/example_dags/example_task_group_decorator.py
[2024-12-18 22:21:02,485] {logging_mixin.py:115} INFO - [2024-12-18 22:21:02,485] {dag.py:2379} INFO - Sync 1 DAGs
[2024-12-18 22:21:02,522] {logging_mixin.py:115} INFO - [2024-12-18 22:21:02,522] {dag.py:2927} INFO - Setting next_dagrun for example_task_group_decorator to 2024-12-18T01:21:02.521695+00:00, run_after=2024-12-19T01:21:02.521695+00:00
[2024-12-18 22:21:02,547] {processor.py:161} INFO - Processing /home/patriciacorreia/Documents/airflowalura/venv/lib/python3.9/site-packages/airflow/example_dags/example_task_group_decorator.py took 0.148 seconds
[2024-12-18 22:21:43,785] {processor.py:153} INFO - Started process (PID=18476) to work on /home/patriciacorreia/Documents/airflowalura/venv/lib/python3.9/site-packages/airflow/example_dags/example_task_group_decorator.py
[2024-12-18 22:21:43,786] {processor.py:641} INFO - Processing file /home/patriciacorreia/Documents/airflowalura/venv/lib/python3.9/site-packages/airflow/example_dags/example_task_group_decorator.py for tasks to queue
[2024-12-18 22:21:43,787] {logging_mixin.py:115} INFO - [2024-12-18 22:21:43,787] {dagbag.py:507} INFO - Filling up the DagBag from /home/patriciacorreia/Documents/airflowalura/venv/lib/python3.9/site-packages/airflow/example_dags/example_task_group_decorator.py
[2024-12-18 22:21:43,839] {processor.py:651} INFO - DAG(s) dict_keys(['example_task_group_decorator']) retrieved from /home/patriciacorreia/Documents/airflowalura/venv/lib/python3.9/site-packages/airflow/example_dags/example_task_group_decorator.py
[2024-12-18 22:21:43,926] {logging_mixin.py:115} INFO - [2024-12-18 22:21:43,926] {dag.py:2379} INFO - Sync 1 DAGs
[2024-12-18 22:21:43,952] {logging_mixin.py:115} INFO - [2024-12-18 22:21:43,952] {dag.py:2927} INFO - Setting next_dagrun for example_task_group_decorator to 2024-12-18T01:21:43.951716+00:00, run_after=2024-12-19T01:21:43.951716+00:00
[2024-12-18 22:21:43,979] {processor.py:161} INFO - Processing /home/patriciacorreia/Documents/airflowalura/venv/lib/python3.9/site-packages/airflow/example_dags/example_task_group_decorator.py took 0.201 seconds
[2024-12-18 22:22:28,800] {processor.py:153} INFO - Started process (PID=18681) to work on /home/patriciacorreia/Documents/airflowalura/venv/lib/python3.9/site-packages/airflow/example_dags/example_task_group_decorator.py
[2024-12-18 22:22:28,809] {processor.py:641} INFO - Processing file /home/patriciacorreia/Documents/airflowalura/venv/lib/python3.9/site-packages/airflow/example_dags/example_task_group_decorator.py for tasks to queue
[2024-12-18 22:22:28,825] {logging_mixin.py:115} INFO - [2024-12-18 22:22:28,823] {dagbag.py:507} INFO - Filling up the DagBag from /home/patriciacorreia/Documents/airflowalura/venv/lib/python3.9/site-packages/airflow/example_dags/example_task_group_decorator.py
[2024-12-18 22:22:28,889] {processor.py:651} INFO - DAG(s) dict_keys(['example_task_group_decorator']) retrieved from /home/patriciacorreia/Documents/airflowalura/venv/lib/python3.9/site-packages/airflow/example_dags/example_task_group_decorator.py
[2024-12-18 22:22:28,961] {logging_mixin.py:115} INFO - [2024-12-18 22:22:28,961] {dag.py:2379} INFO - Sync 1 DAGs
[2024-12-18 22:22:28,985] {logging_mixin.py:115} INFO - [2024-12-18 22:22:28,985] {dag.py:2927} INFO - Setting next_dagrun for example_task_group_decorator to 2024-12-18T01:22:28.985290+00:00, run_after=2024-12-19T01:22:28.985290+00:00
[2024-12-18 22:22:29,008] {processor.py:161} INFO - Processing /home/patriciacorreia/Documents/airflowalura/venv/lib/python3.9/site-packages/airflow/example_dags/example_task_group_decorator.py took 0.229 seconds
[2024-12-18 22:23:10,953] {processor.py:153} INFO - Started process (PID=18883) to work on /home/patriciacorreia/Documents/airflowalura/venv/lib/python3.9/site-packages/airflow/example_dags/example_task_group_decorator.py
[2024-12-18 22:23:10,957] {processor.py:641} INFO - Processing file /home/patriciacorreia/Documents/airflowalura/venv/lib/python3.9/site-packages/airflow/example_dags/example_task_group_decorator.py for tasks to queue
[2024-12-18 22:23:10,959] {logging_mixin.py:115} INFO - [2024-12-18 22:23:10,959] {dagbag.py:507} INFO - Filling up the DagBag from /home/patriciacorreia/Documents/airflowalura/venv/lib/python3.9/site-packages/airflow/example_dags/example_task_group_decorator.py
[2024-12-18 22:23:11,105] {processor.py:651} INFO - DAG(s) dict_keys(['example_task_group_decorator']) retrieved from /home/patriciacorreia/Documents/airflowalura/venv/lib/python3.9/site-packages/airflow/example_dags/example_task_group_decorator.py
[2024-12-18 22:23:11,328] {logging_mixin.py:115} INFO - [2024-12-18 22:23:11,328] {dag.py:2379} INFO - Sync 1 DAGs
[2024-12-18 22:23:11,483] {logging_mixin.py:115} INFO - [2024-12-18 22:23:11,482] {dag.py:2927} INFO - Setting next_dagrun for example_task_group_decorator to 2024-12-18T01:23:11.481534+00:00, run_after=2024-12-19T01:23:11.481534+00:00
[2024-12-18 22:23:11,538] {processor.py:161} INFO - Processing /home/patriciacorreia/Documents/airflowalura/venv/lib/python3.9/site-packages/airflow/example_dags/example_task_group_decorator.py took 0.600 seconds
[2024-12-18 22:23:57,193] {processor.py:153} INFO - Started process (PID=19093) to work on /home/patriciacorreia/Documents/airflowalura/venv/lib/python3.9/site-packages/airflow/example_dags/example_task_group_decorator.py
[2024-12-18 22:23:57,196] {processor.py:641} INFO - Processing file /home/patriciacorreia/Documents/airflowalura/venv/lib/python3.9/site-packages/airflow/example_dags/example_task_group_decorator.py for tasks to queue
[2024-12-18 22:23:57,198] {logging_mixin.py:115} INFO - [2024-12-18 22:23:57,198] {dagbag.py:507} INFO - Filling up the DagBag from /home/patriciacorreia/Documents/airflowalura/venv/lib/python3.9/site-packages/airflow/example_dags/example_task_group_decorator.py
[2024-12-18 22:23:57,287] {processor.py:651} INFO - DAG(s) dict_keys(['example_task_group_decorator']) retrieved from /home/patriciacorreia/Documents/airflowalura/venv/lib/python3.9/site-packages/airflow/example_dags/example_task_group_decorator.py
[2024-12-18 22:23:57,452] {logging_mixin.py:115} INFO - [2024-12-18 22:23:57,452] {dag.py:2379} INFO - Sync 1 DAGs
[2024-12-18 22:23:57,500] {logging_mixin.py:115} INFO - [2024-12-18 22:23:57,500] {dag.py:2927} INFO - Setting next_dagrun for example_task_group_decorator to 2024-12-18T01:23:57.499569+00:00, run_after=2024-12-19T01:23:57.499569+00:00
[2024-12-18 22:23:57,554] {processor.py:161} INFO - Processing /home/patriciacorreia/Documents/airflowalura/venv/lib/python3.9/site-packages/airflow/example_dags/example_task_group_decorator.py took 0.374 seconds
[2024-12-18 22:24:43,440] {processor.py:153} INFO - Started process (PID=19310) to work on /home/patriciacorreia/Documents/airflowalura/venv/lib/python3.9/site-packages/airflow/example_dags/example_task_group_decorator.py
[2024-12-18 22:24:43,444] {processor.py:641} INFO - Processing file /home/patriciacorreia/Documents/airflowalura/venv/lib/python3.9/site-packages/airflow/example_dags/example_task_group_decorator.py for tasks to queue
[2024-12-18 22:24:43,446] {logging_mixin.py:115} INFO - [2024-12-18 22:24:43,445] {dagbag.py:507} INFO - Filling up the DagBag from /home/patriciacorreia/Documents/airflowalura/venv/lib/python3.9/site-packages/airflow/example_dags/example_task_group_decorator.py
[2024-12-18 22:24:43,554] {processor.py:651} INFO - DAG(s) dict_keys(['example_task_group_decorator']) retrieved from /home/patriciacorreia/Documents/airflowalura/venv/lib/python3.9/site-packages/airflow/example_dags/example_task_group_decorator.py
[2024-12-18 22:24:43,709] {logging_mixin.py:115} INFO - [2024-12-18 22:24:43,709] {dag.py:2379} INFO - Sync 1 DAGs
[2024-12-18 22:24:43,748] {logging_mixin.py:115} INFO - [2024-12-18 22:24:43,747] {dag.py:2927} INFO - Setting next_dagrun for example_task_group_decorator to 2024-12-18T01:24:43.747245+00:00, run_after=2024-12-19T01:24:43.747245+00:00
[2024-12-18 22:24:43,786] {processor.py:161} INFO - Processing /home/patriciacorreia/Documents/airflowalura/venv/lib/python3.9/site-packages/airflow/example_dags/example_task_group_decorator.py took 0.357 seconds
[2024-12-18 22:25:29,383] {processor.py:153} INFO - Started process (PID=19554) to work on /home/patriciacorreia/Documents/airflowalura/venv/lib/python3.9/site-packages/airflow/example_dags/example_task_group_decorator.py
[2024-12-18 22:25:29,388] {processor.py:641} INFO - Processing file /home/patriciacorreia/Documents/airflowalura/venv/lib/python3.9/site-packages/airflow/example_dags/example_task_group_decorator.py for tasks to queue
[2024-12-18 22:25:29,390] {logging_mixin.py:115} INFO - [2024-12-18 22:25:29,390] {dagbag.py:507} INFO - Filling up the DagBag from /home/patriciacorreia/Documents/airflowalura/venv/lib/python3.9/site-packages/airflow/example_dags/example_task_group_decorator.py
[2024-12-18 22:25:29,548] {processor.py:651} INFO - DAG(s) dict_keys(['example_task_group_decorator']) retrieved from /home/patriciacorreia/Documents/airflowalura/venv/lib/python3.9/site-packages/airflow/example_dags/example_task_group_decorator.py
[2024-12-18 22:25:29,873] {logging_mixin.py:115} INFO - [2024-12-18 22:25:29,873] {dag.py:2379} INFO - Sync 1 DAGs
[2024-12-18 22:25:29,908] {logging_mixin.py:115} INFO - [2024-12-18 22:25:29,908] {dag.py:2927} INFO - Setting next_dagrun for example_task_group_decorator to 2024-12-18T01:25:29.907803+00:00, run_after=2024-12-19T01:25:29.907803+00:00
[2024-12-18 22:25:29,940] {processor.py:161} INFO - Processing /home/patriciacorreia/Documents/airflowalura/venv/lib/python3.9/site-packages/airflow/example_dags/example_task_group_decorator.py took 0.579 seconds
[2024-12-18 22:26:15,528] {processor.py:153} INFO - Started process (PID=19756) to work on /home/patriciacorreia/Documents/airflowalura/venv/lib/python3.9/site-packages/airflow/example_dags/example_task_group_decorator.py
[2024-12-18 22:26:15,531] {processor.py:641} INFO - Processing file /home/patriciacorreia/Documents/airflowalura/venv/lib/python3.9/site-packages/airflow/example_dags/example_task_group_decorator.py for tasks to queue
[2024-12-18 22:26:15,533] {logging_mixin.py:115} INFO - [2024-12-18 22:26:15,532] {dagbag.py:507} INFO - Filling up the DagBag from /home/patriciacorreia/Documents/airflowalura/venv/lib/python3.9/site-packages/airflow/example_dags/example_task_group_decorator.py
[2024-12-18 22:26:15,604] {processor.py:651} INFO - DAG(s) dict_keys(['example_task_group_decorator']) retrieved from /home/patriciacorreia/Documents/airflowalura/venv/lib/python3.9/site-packages/airflow/example_dags/example_task_group_decorator.py
[2024-12-18 22:26:15,657] {logging_mixin.py:115} INFO - [2024-12-18 22:26:15,657] {dag.py:2379} INFO - Sync 1 DAGs
[2024-12-18 22:26:15,704] {logging_mixin.py:115} INFO - [2024-12-18 22:26:15,703] {dag.py:2927} INFO - Setting next_dagrun for example_task_group_decorator to 2024-12-18T01:26:15.703229+00:00, run_after=2024-12-19T01:26:15.703229+00:00
[2024-12-18 22:26:15,733] {processor.py:161} INFO - Processing /home/patriciacorreia/Documents/airflowalura/venv/lib/python3.9/site-packages/airflow/example_dags/example_task_group_decorator.py took 0.212 seconds
[2024-12-18 22:26:59,179] {processor.py:153} INFO - Started process (PID=19951) to work on /home/patriciacorreia/Documents/airflowalura/venv/lib/python3.9/site-packages/airflow/example_dags/example_task_group_decorator.py
[2024-12-18 22:26:59,183] {processor.py:641} INFO - Processing file /home/patriciacorreia/Documents/airflowalura/venv/lib/python3.9/site-packages/airflow/example_dags/example_task_group_decorator.py for tasks to queue
[2024-12-18 22:26:59,186] {logging_mixin.py:115} INFO - [2024-12-18 22:26:59,185] {dagbag.py:507} INFO - Filling up the DagBag from /home/patriciacorreia/Documents/airflowalura/venv/lib/python3.9/site-packages/airflow/example_dags/example_task_group_decorator.py
[2024-12-18 22:26:59,294] {processor.py:651} INFO - DAG(s) dict_keys(['example_task_group_decorator']) retrieved from /home/patriciacorreia/Documents/airflowalura/venv/lib/python3.9/site-packages/airflow/example_dags/example_task_group_decorator.py
[2024-12-18 22:26:59,337] {logging_mixin.py:115} INFO - [2024-12-18 22:26:59,337] {dag.py:2379} INFO - Sync 1 DAGs
[2024-12-18 22:26:59,371] {logging_mixin.py:115} INFO - [2024-12-18 22:26:59,371] {dag.py:2927} INFO - Setting next_dagrun for example_task_group_decorator to 2024-12-18T01:26:59.370803+00:00, run_after=2024-12-19T01:26:59.370803+00:00
[2024-12-18 22:26:59,395] {processor.py:161} INFO - Processing /home/patriciacorreia/Documents/airflowalura/venv/lib/python3.9/site-packages/airflow/example_dags/example_task_group_decorator.py took 0.231 seconds
[2024-12-18 22:27:41,884] {processor.py:153} INFO - Started process (PID=20152) to work on /home/patriciacorreia/Documents/airflowalura/venv/lib/python3.9/site-packages/airflow/example_dags/example_task_group_decorator.py
[2024-12-18 22:27:41,887] {processor.py:641} INFO - Processing file /home/patriciacorreia/Documents/airflowalura/venv/lib/python3.9/site-packages/airflow/example_dags/example_task_group_decorator.py for tasks to queue
[2024-12-18 22:27:41,889] {logging_mixin.py:115} INFO - [2024-12-18 22:27:41,889] {dagbag.py:507} INFO - Filling up the DagBag from /home/patriciacorreia/Documents/airflowalura/venv/lib/python3.9/site-packages/airflow/example_dags/example_task_group_decorator.py
[2024-12-18 22:27:41,960] {processor.py:651} INFO - DAG(s) dict_keys(['example_task_group_decorator']) retrieved from /home/patriciacorreia/Documents/airflowalura/venv/lib/python3.9/site-packages/airflow/example_dags/example_task_group_decorator.py
[2024-12-18 22:27:42,028] {logging_mixin.py:115} INFO - [2024-12-18 22:27:42,028] {dag.py:2379} INFO - Sync 1 DAGs
[2024-12-18 22:27:42,047] {logging_mixin.py:115} INFO - [2024-12-18 22:27:42,047] {dag.py:2927} INFO - Setting next_dagrun for example_task_group_decorator to 2024-12-18T01:27:42.047288+00:00, run_after=2024-12-19T01:27:42.047288+00:00
[2024-12-18 22:27:42,064] {processor.py:161} INFO - Processing /home/patriciacorreia/Documents/airflowalura/venv/lib/python3.9/site-packages/airflow/example_dags/example_task_group_decorator.py took 0.193 seconds
[2024-12-18 22:28:18,537] {processor.py:153} INFO - Started process (PID=20333) to work on /home/patriciacorreia/Documents/airflowalura/venv/lib/python3.9/site-packages/airflow/example_dags/example_task_group_decorator.py
[2024-12-18 22:28:18,538] {processor.py:641} INFO - Processing file /home/patriciacorreia/Documents/airflowalura/venv/lib/python3.9/site-packages/airflow/example_dags/example_task_group_decorator.py for tasks to queue
[2024-12-18 22:28:18,539] {logging_mixin.py:115} INFO - [2024-12-18 22:28:18,539] {dagbag.py:507} INFO - Filling up the DagBag from /home/patriciacorreia/Documents/airflowalura/venv/lib/python3.9/site-packages/airflow/example_dags/example_task_group_decorator.py
[2024-12-18 22:28:18,599] {processor.py:651} INFO - DAG(s) dict_keys(['example_task_group_decorator']) retrieved from /home/patriciacorreia/Documents/airflowalura/venv/lib/python3.9/site-packages/airflow/example_dags/example_task_group_decorator.py
[2024-12-18 22:28:18,643] {logging_mixin.py:115} INFO - [2024-12-18 22:28:18,643] {dag.py:2379} INFO - Sync 1 DAGs
[2024-12-18 22:28:18,673] {logging_mixin.py:115} INFO - [2024-12-18 22:28:18,673] {dag.py:2927} INFO - Setting next_dagrun for example_task_group_decorator to 2024-12-18T01:28:18.672984+00:00, run_after=2024-12-19T01:28:18.672984+00:00
[2024-12-18 22:28:18,694] {processor.py:161} INFO - Processing /home/patriciacorreia/Documents/airflowalura/venv/lib/python3.9/site-packages/airflow/example_dags/example_task_group_decorator.py took 0.165 seconds
[2024-12-18 22:28:54,601] {processor.py:153} INFO - Started process (PID=20513) to work on /home/patriciacorreia/Documents/airflowalura/venv/lib/python3.9/site-packages/airflow/example_dags/example_task_group_decorator.py
[2024-12-18 22:28:54,603] {processor.py:641} INFO - Processing file /home/patriciacorreia/Documents/airflowalura/venv/lib/python3.9/site-packages/airflow/example_dags/example_task_group_decorator.py for tasks to queue
[2024-12-18 22:28:54,605] {logging_mixin.py:115} INFO - [2024-12-18 22:28:54,605] {dagbag.py:507} INFO - Filling up the DagBag from /home/patriciacorreia/Documents/airflowalura/venv/lib/python3.9/site-packages/airflow/example_dags/example_task_group_decorator.py
[2024-12-18 22:28:54,665] {processor.py:651} INFO - DAG(s) dict_keys(['example_task_group_decorator']) retrieved from /home/patriciacorreia/Documents/airflowalura/venv/lib/python3.9/site-packages/airflow/example_dags/example_task_group_decorator.py
[2024-12-18 22:28:54,698] {logging_mixin.py:115} INFO - [2024-12-18 22:28:54,698] {dag.py:2379} INFO - Sync 1 DAGs
[2024-12-18 22:28:54,733] {logging_mixin.py:115} INFO - [2024-12-18 22:28:54,733] {dag.py:2927} INFO - Setting next_dagrun for example_task_group_decorator to 2024-12-18T01:28:54.732579+00:00, run_after=2024-12-19T01:28:54.732579+00:00
[2024-12-18 22:28:54,754] {processor.py:161} INFO - Processing /home/patriciacorreia/Documents/airflowalura/venv/lib/python3.9/site-packages/airflow/example_dags/example_task_group_decorator.py took 0.161 seconds
[2024-12-18 22:29:32,907] {processor.py:153} INFO - Started process (PID=20706) to work on /home/patriciacorreia/Documents/airflowalura/venv/lib/python3.9/site-packages/airflow/example_dags/example_task_group_decorator.py
[2024-12-18 22:29:32,908] {processor.py:641} INFO - Processing file /home/patriciacorreia/Documents/airflowalura/venv/lib/python3.9/site-packages/airflow/example_dags/example_task_group_decorator.py for tasks to queue
[2024-12-18 22:29:32,909] {logging_mixin.py:115} INFO - [2024-12-18 22:29:32,909] {dagbag.py:507} INFO - Filling up the DagBag from /home/patriciacorreia/Documents/airflowalura/venv/lib/python3.9/site-packages/airflow/example_dags/example_task_group_decorator.py
[2024-12-18 22:29:32,944] {processor.py:651} INFO - DAG(s) dict_keys(['example_task_group_decorator']) retrieved from /home/patriciacorreia/Documents/airflowalura/venv/lib/python3.9/site-packages/airflow/example_dags/example_task_group_decorator.py
[2024-12-18 22:29:33,003] {logging_mixin.py:115} INFO - [2024-12-18 22:29:33,003] {dag.py:2379} INFO - Sync 1 DAGs
[2024-12-18 22:29:33,022] {logging_mixin.py:115} INFO - [2024-12-18 22:29:33,022] {dag.py:2927} INFO - Setting next_dagrun for example_task_group_decorator to 2024-12-18T01:29:33.021726+00:00, run_after=2024-12-19T01:29:33.021726+00:00
[2024-12-18 22:29:33,038] {processor.py:161} INFO - Processing /home/patriciacorreia/Documents/airflowalura/venv/lib/python3.9/site-packages/airflow/example_dags/example_task_group_decorator.py took 0.139 seconds
[2024-12-18 22:30:07,968] {processor.py:153} INFO - Started process (PID=20893) to work on /home/patriciacorreia/Documents/airflowalura/venv/lib/python3.9/site-packages/airflow/example_dags/example_task_group_decorator.py
[2024-12-18 22:30:07,969] {processor.py:641} INFO - Processing file /home/patriciacorreia/Documents/airflowalura/venv/lib/python3.9/site-packages/airflow/example_dags/example_task_group_decorator.py for tasks to queue
[2024-12-18 22:30:07,970] {logging_mixin.py:115} INFO - [2024-12-18 22:30:07,970] {dagbag.py:507} INFO - Filling up the DagBag from /home/patriciacorreia/Documents/airflowalura/venv/lib/python3.9/site-packages/airflow/example_dags/example_task_group_decorator.py
[2024-12-18 22:30:08,010] {processor.py:651} INFO - DAG(s) dict_keys(['example_task_group_decorator']) retrieved from /home/patriciacorreia/Documents/airflowalura/venv/lib/python3.9/site-packages/airflow/example_dags/example_task_group_decorator.py
[2024-12-18 22:30:08,046] {logging_mixin.py:115} INFO - [2024-12-18 22:30:08,046] {dag.py:2379} INFO - Sync 1 DAGs
[2024-12-18 22:30:08,071] {logging_mixin.py:115} INFO - [2024-12-18 22:30:08,071] {dag.py:2927} INFO - Setting next_dagrun for example_task_group_decorator to 2024-12-18T01:30:08.071103+00:00, run_after=2024-12-19T01:30:08.071103+00:00
[2024-12-18 22:30:08,088] {processor.py:161} INFO - Processing /home/patriciacorreia/Documents/airflowalura/venv/lib/python3.9/site-packages/airflow/example_dags/example_task_group_decorator.py took 0.126 seconds
[2024-12-18 22:30:44,231] {processor.py:153} INFO - Started process (PID=21077) to work on /home/patriciacorreia/Documents/airflowalura/venv/lib/python3.9/site-packages/airflow/example_dags/example_task_group_decorator.py
[2024-12-18 22:30:44,234] {processor.py:641} INFO - Processing file /home/patriciacorreia/Documents/airflowalura/venv/lib/python3.9/site-packages/airflow/example_dags/example_task_group_decorator.py for tasks to queue
[2024-12-18 22:30:44,236] {logging_mixin.py:115} INFO - [2024-12-18 22:30:44,236] {dagbag.py:507} INFO - Filling up the DagBag from /home/patriciacorreia/Documents/airflowalura/venv/lib/python3.9/site-packages/airflow/example_dags/example_task_group_decorator.py
[2024-12-18 22:30:44,335] {processor.py:651} INFO - DAG(s) dict_keys(['example_task_group_decorator']) retrieved from /home/patriciacorreia/Documents/airflowalura/venv/lib/python3.9/site-packages/airflow/example_dags/example_task_group_decorator.py
[2024-12-18 22:30:44,394] {logging_mixin.py:115} INFO - [2024-12-18 22:30:44,393] {dag.py:2379} INFO - Sync 1 DAGs
[2024-12-18 22:30:44,415] {logging_mixin.py:115} INFO - [2024-12-18 22:30:44,415] {dag.py:2927} INFO - Setting next_dagrun for example_task_group_decorator to 2024-12-18T01:30:44.415388+00:00, run_after=2024-12-19T01:30:44.415388+00:00
[2024-12-18 22:30:44,430] {processor.py:161} INFO - Processing /home/patriciacorreia/Documents/airflowalura/venv/lib/python3.9/site-packages/airflow/example_dags/example_task_group_decorator.py took 0.212 seconds
[2024-12-18 22:31:20,821] {processor.py:153} INFO - Started process (PID=21272) to work on /home/patriciacorreia/Documents/airflowalura/venv/lib/python3.9/site-packages/airflow/example_dags/example_task_group_decorator.py
[2024-12-18 22:31:20,823] {processor.py:641} INFO - Processing file /home/patriciacorreia/Documents/airflowalura/venv/lib/python3.9/site-packages/airflow/example_dags/example_task_group_decorator.py for tasks to queue
[2024-12-18 22:31:20,824] {logging_mixin.py:115} INFO - [2024-12-18 22:31:20,824] {dagbag.py:507} INFO - Filling up the DagBag from /home/patriciacorreia/Documents/airflowalura/venv/lib/python3.9/site-packages/airflow/example_dags/example_task_group_decorator.py
[2024-12-18 22:31:20,857] {processor.py:651} INFO - DAG(s) dict_keys(['example_task_group_decorator']) retrieved from /home/patriciacorreia/Documents/airflowalura/venv/lib/python3.9/site-packages/airflow/example_dags/example_task_group_decorator.py
[2024-12-18 22:31:20,884] {logging_mixin.py:115} INFO - [2024-12-18 22:31:20,884] {dag.py:2379} INFO - Sync 1 DAGs
[2024-12-18 22:31:20,907] {logging_mixin.py:115} INFO - [2024-12-18 22:31:20,907] {dag.py:2927} INFO - Setting next_dagrun for example_task_group_decorator to 2024-12-18T01:31:20.906625+00:00, run_after=2024-12-19T01:31:20.906625+00:00
[2024-12-18 22:31:20,922] {processor.py:161} INFO - Processing /home/patriciacorreia/Documents/airflowalura/venv/lib/python3.9/site-packages/airflow/example_dags/example_task_group_decorator.py took 0.105 seconds
[2024-12-18 22:31:57,374] {processor.py:153} INFO - Started process (PID=21460) to work on /home/patriciacorreia/Documents/airflowalura/venv/lib/python3.9/site-packages/airflow/example_dags/example_task_group_decorator.py
[2024-12-18 22:31:57,377] {processor.py:641} INFO - Processing file /home/patriciacorreia/Documents/airflowalura/venv/lib/python3.9/site-packages/airflow/example_dags/example_task_group_decorator.py for tasks to queue
[2024-12-18 22:31:57,379] {logging_mixin.py:115} INFO - [2024-12-18 22:31:57,379] {dagbag.py:507} INFO - Filling up the DagBag from /home/patriciacorreia/Documents/airflowalura/venv/lib/python3.9/site-packages/airflow/example_dags/example_task_group_decorator.py
[2024-12-18 22:31:57,455] {processor.py:651} INFO - DAG(s) dict_keys(['example_task_group_decorator']) retrieved from /home/patriciacorreia/Documents/airflowalura/venv/lib/python3.9/site-packages/airflow/example_dags/example_task_group_decorator.py
[2024-12-18 22:31:57,500] {logging_mixin.py:115} INFO - [2024-12-18 22:31:57,500] {dag.py:2379} INFO - Sync 1 DAGs
[2024-12-18 22:31:57,534] {logging_mixin.py:115} INFO - [2024-12-18 22:31:57,533] {dag.py:2927} INFO - Setting next_dagrun for example_task_group_decorator to 2024-12-18T01:31:57.533334+00:00, run_after=2024-12-19T01:31:57.533334+00:00
[2024-12-18 22:31:57,558] {processor.py:161} INFO - Processing /home/patriciacorreia/Documents/airflowalura/venv/lib/python3.9/site-packages/airflow/example_dags/example_task_group_decorator.py took 0.195 seconds
[2024-12-18 22:32:36,580] {processor.py:153} INFO - Started process (PID=21651) to work on /home/patriciacorreia/Documents/airflowalura/venv/lib/python3.9/site-packages/airflow/example_dags/example_task_group_decorator.py
[2024-12-18 22:32:36,583] {processor.py:641} INFO - Processing file /home/patriciacorreia/Documents/airflowalura/venv/lib/python3.9/site-packages/airflow/example_dags/example_task_group_decorator.py for tasks to queue
[2024-12-18 22:32:36,586] {logging_mixin.py:115} INFO - [2024-12-18 22:32:36,585] {dagbag.py:507} INFO - Filling up the DagBag from /home/patriciacorreia/Documents/airflowalura/venv/lib/python3.9/site-packages/airflow/example_dags/example_task_group_decorator.py
[2024-12-18 22:32:36,680] {processor.py:651} INFO - DAG(s) dict_keys(['example_task_group_decorator']) retrieved from /home/patriciacorreia/Documents/airflowalura/venv/lib/python3.9/site-packages/airflow/example_dags/example_task_group_decorator.py
[2024-12-18 22:32:36,738] {logging_mixin.py:115} INFO - [2024-12-18 22:32:36,738] {dag.py:2379} INFO - Sync 1 DAGs
[2024-12-18 22:32:36,784] {logging_mixin.py:115} INFO - [2024-12-18 22:32:36,784] {dag.py:2927} INFO - Setting next_dagrun for example_task_group_decorator to 2024-12-18T01:32:36.783827+00:00, run_after=2024-12-19T01:32:36.783827+00:00
[2024-12-18 22:32:36,811] {processor.py:161} INFO - Processing /home/patriciacorreia/Documents/airflowalura/venv/lib/python3.9/site-packages/airflow/example_dags/example_task_group_decorator.py took 0.246 seconds
[2024-12-18 22:33:18,270] {processor.py:153} INFO - Started process (PID=21844) to work on /home/patriciacorreia/Documents/airflowalura/venv/lib/python3.9/site-packages/airflow/example_dags/example_task_group_decorator.py
[2024-12-18 22:33:18,274] {processor.py:641} INFO - Processing file /home/patriciacorreia/Documents/airflowalura/venv/lib/python3.9/site-packages/airflow/example_dags/example_task_group_decorator.py for tasks to queue
[2024-12-18 22:33:18,276] {logging_mixin.py:115} INFO - [2024-12-18 22:33:18,275] {dagbag.py:507} INFO - Filling up the DagBag from /home/patriciacorreia/Documents/airflowalura/venv/lib/python3.9/site-packages/airflow/example_dags/example_task_group_decorator.py
[2024-12-18 22:33:18,410] {processor.py:651} INFO - DAG(s) dict_keys(['example_task_group_decorator']) retrieved from /home/patriciacorreia/Documents/airflowalura/venv/lib/python3.9/site-packages/airflow/example_dags/example_task_group_decorator.py
[2024-12-18 22:33:18,513] {logging_mixin.py:115} INFO - [2024-12-18 22:33:18,513] {dag.py:2379} INFO - Sync 1 DAGs
[2024-12-18 22:33:18,596] {logging_mixin.py:115} INFO - [2024-12-18 22:33:18,596] {dag.py:2927} INFO - Setting next_dagrun for example_task_group_decorator to 2024-12-18T01:33:18.594706+00:00, run_after=2024-12-19T01:33:18.594706+00:00
[2024-12-18 22:33:18,674] {processor.py:161} INFO - Processing /home/patriciacorreia/Documents/airflowalura/venv/lib/python3.9/site-packages/airflow/example_dags/example_task_group_decorator.py took 0.420 seconds
[2024-12-18 22:33:55,252] {processor.py:153} INFO - Started process (PID=22009) to work on /home/patriciacorreia/Documents/airflowalura/venv/lib/python3.9/site-packages/airflow/example_dags/example_task_group_decorator.py
[2024-12-18 22:33:55,256] {processor.py:641} INFO - Processing file /home/patriciacorreia/Documents/airflowalura/venv/lib/python3.9/site-packages/airflow/example_dags/example_task_group_decorator.py for tasks to queue
[2024-12-18 22:33:55,259] {logging_mixin.py:115} INFO - [2024-12-18 22:33:55,259] {dagbag.py:507} INFO - Filling up the DagBag from /home/patriciacorreia/Documents/airflowalura/venv/lib/python3.9/site-packages/airflow/example_dags/example_task_group_decorator.py
[2024-12-18 22:33:55,390] {processor.py:651} INFO - DAG(s) dict_keys(['example_task_group_decorator']) retrieved from /home/patriciacorreia/Documents/airflowalura/venv/lib/python3.9/site-packages/airflow/example_dags/example_task_group_decorator.py
[2024-12-18 22:33:55,503] {logging_mixin.py:115} INFO - [2024-12-18 22:33:55,503] {dag.py:2379} INFO - Sync 1 DAGs
[2024-12-18 22:33:55,532] {logging_mixin.py:115} INFO - [2024-12-18 22:33:55,532] {dag.py:2927} INFO - Setting next_dagrun for example_task_group_decorator to 2024-12-18T01:33:55.532224+00:00, run_after=2024-12-19T01:33:55.532224+00:00
[2024-12-18 22:33:55,555] {processor.py:161} INFO - Processing /home/patriciacorreia/Documents/airflowalura/venv/lib/python3.9/site-packages/airflow/example_dags/example_task_group_decorator.py took 0.317 seconds
[2024-12-18 22:34:31,714] {processor.py:153} INFO - Started process (PID=22169) to work on /home/patriciacorreia/Documents/airflowalura/venv/lib/python3.9/site-packages/airflow/example_dags/example_task_group_decorator.py
[2024-12-18 22:34:31,719] {processor.py:641} INFO - Processing file /home/patriciacorreia/Documents/airflowalura/venv/lib/python3.9/site-packages/airflow/example_dags/example_task_group_decorator.py for tasks to queue
[2024-12-18 22:34:31,723] {logging_mixin.py:115} INFO - [2024-12-18 22:34:31,722] {dagbag.py:507} INFO - Filling up the DagBag from /home/patriciacorreia/Documents/airflowalura/venv/lib/python3.9/site-packages/airflow/example_dags/example_task_group_decorator.py
[2024-12-18 22:34:31,887] {processor.py:651} INFO - DAG(s) dict_keys(['example_task_group_decorator']) retrieved from /home/patriciacorreia/Documents/airflowalura/venv/lib/python3.9/site-packages/airflow/example_dags/example_task_group_decorator.py
[2024-12-18 22:34:31,997] {logging_mixin.py:115} INFO - [2024-12-18 22:34:31,996] {dag.py:2379} INFO - Sync 1 DAGs
[2024-12-18 22:34:32,031] {logging_mixin.py:115} INFO - [2024-12-18 22:34:32,031] {dag.py:2927} INFO - Setting next_dagrun for example_task_group_decorator to 2024-12-18T01:34:32.031039+00:00, run_after=2024-12-19T01:34:32.031039+00:00
[2024-12-18 22:34:32,063] {processor.py:161} INFO - Processing /home/patriciacorreia/Documents/airflowalura/venv/lib/python3.9/site-packages/airflow/example_dags/example_task_group_decorator.py took 0.364 seconds
[2024-12-18 22:35:21,171] {processor.py:153} INFO - Started process (PID=22395) to work on /home/patriciacorreia/Documents/airflowalura/venv/lib/python3.9/site-packages/airflow/example_dags/example_task_group_decorator.py
[2024-12-18 22:35:21,174] {processor.py:641} INFO - Processing file /home/patriciacorreia/Documents/airflowalura/venv/lib/python3.9/site-packages/airflow/example_dags/example_task_group_decorator.py for tasks to queue
[2024-12-18 22:35:21,177] {logging_mixin.py:115} INFO - [2024-12-18 22:35:21,177] {dagbag.py:507} INFO - Filling up the DagBag from /home/patriciacorreia/Documents/airflowalura/venv/lib/python3.9/site-packages/airflow/example_dags/example_task_group_decorator.py
[2024-12-18 22:35:21,301] {processor.py:651} INFO - DAG(s) dict_keys(['example_task_group_decorator']) retrieved from /home/patriciacorreia/Documents/airflowalura/venv/lib/python3.9/site-packages/airflow/example_dags/example_task_group_decorator.py
[2024-12-18 22:35:21,495] {logging_mixin.py:115} INFO - [2024-12-18 22:35:21,495] {dag.py:2379} INFO - Sync 1 DAGs
[2024-12-18 22:35:21,520] {logging_mixin.py:115} INFO - [2024-12-18 22:35:21,520] {dag.py:2927} INFO - Setting next_dagrun for example_task_group_decorator to 2024-12-18T01:35:21.519884+00:00, run_after=2024-12-19T01:35:21.519884+00:00
[2024-12-18 22:35:21,544] {processor.py:161} INFO - Processing /home/patriciacorreia/Documents/airflowalura/venv/lib/python3.9/site-packages/airflow/example_dags/example_task_group_decorator.py took 0.385 seconds
[2024-12-18 22:35:59,571] {processor.py:153} INFO - Started process (PID=22570) to work on /home/patriciacorreia/Documents/airflowalura/venv/lib/python3.9/site-packages/airflow/example_dags/example_task_group_decorator.py
[2024-12-18 22:35:59,575] {processor.py:641} INFO - Processing file /home/patriciacorreia/Documents/airflowalura/venv/lib/python3.9/site-packages/airflow/example_dags/example_task_group_decorator.py for tasks to queue
[2024-12-18 22:35:59,577] {logging_mixin.py:115} INFO - [2024-12-18 22:35:59,577] {dagbag.py:507} INFO - Filling up the DagBag from /home/patriciacorreia/Documents/airflowalura/venv/lib/python3.9/site-packages/airflow/example_dags/example_task_group_decorator.py
[2024-12-18 22:35:59,724] {processor.py:651} INFO - DAG(s) dict_keys(['example_task_group_decorator']) retrieved from /home/patriciacorreia/Documents/airflowalura/venv/lib/python3.9/site-packages/airflow/example_dags/example_task_group_decorator.py
[2024-12-18 22:35:59,783] {logging_mixin.py:115} INFO - [2024-12-18 22:35:59,783] {dag.py:2379} INFO - Sync 1 DAGs
[2024-12-18 22:35:59,812] {logging_mixin.py:115} INFO - [2024-12-18 22:35:59,812] {dag.py:2927} INFO - Setting next_dagrun for example_task_group_decorator to 2024-12-18T01:35:59.811579+00:00, run_after=2024-12-19T01:35:59.811579+00:00
[2024-12-18 22:35:59,833] {processor.py:161} INFO - Processing /home/patriciacorreia/Documents/airflowalura/venv/lib/python3.9/site-packages/airflow/example_dags/example_task_group_decorator.py took 0.275 seconds
[2024-12-18 22:36:38,734] {processor.py:153} INFO - Started process (PID=22742) to work on /home/patriciacorreia/Documents/airflowalura/venv/lib/python3.9/site-packages/airflow/example_dags/example_task_group_decorator.py
[2024-12-18 22:36:38,736] {processor.py:641} INFO - Processing file /home/patriciacorreia/Documents/airflowalura/venv/lib/python3.9/site-packages/airflow/example_dags/example_task_group_decorator.py for tasks to queue
[2024-12-18 22:36:38,737] {logging_mixin.py:115} INFO - [2024-12-18 22:36:38,737] {dagbag.py:507} INFO - Filling up the DagBag from /home/patriciacorreia/Documents/airflowalura/venv/lib/python3.9/site-packages/airflow/example_dags/example_task_group_decorator.py
[2024-12-18 22:36:38,806] {processor.py:651} INFO - DAG(s) dict_keys(['example_task_group_decorator']) retrieved from /home/patriciacorreia/Documents/airflowalura/venv/lib/python3.9/site-packages/airflow/example_dags/example_task_group_decorator.py
[2024-12-18 22:36:38,845] {logging_mixin.py:115} INFO - [2024-12-18 22:36:38,844] {dag.py:2379} INFO - Sync 1 DAGs
[2024-12-18 22:36:38,878] {logging_mixin.py:115} INFO - [2024-12-18 22:36:38,878] {dag.py:2927} INFO - Setting next_dagrun for example_task_group_decorator to 2024-12-18T01:36:38.877595+00:00, run_after=2024-12-19T01:36:38.877595+00:00
[2024-12-18 22:36:38,910] {processor.py:161} INFO - Processing /home/patriciacorreia/Documents/airflowalura/venv/lib/python3.9/site-packages/airflow/example_dags/example_task_group_decorator.py took 0.185 seconds
[2024-12-18 22:37:20,851] {processor.py:153} INFO - Started process (PID=22928) to work on /home/patriciacorreia/Documents/airflowalura/venv/lib/python3.9/site-packages/airflow/example_dags/example_task_group_decorator.py
[2024-12-18 22:37:20,855] {processor.py:641} INFO - Processing file /home/patriciacorreia/Documents/airflowalura/venv/lib/python3.9/site-packages/airflow/example_dags/example_task_group_decorator.py for tasks to queue
[2024-12-18 22:37:20,857] {logging_mixin.py:115} INFO - [2024-12-18 22:37:20,857] {dagbag.py:507} INFO - Filling up the DagBag from /home/patriciacorreia/Documents/airflowalura/venv/lib/python3.9/site-packages/airflow/example_dags/example_task_group_decorator.py
[2024-12-18 22:37:21,014] {processor.py:651} INFO - DAG(s) dict_keys(['example_task_group_decorator']) retrieved from /home/patriciacorreia/Documents/airflowalura/venv/lib/python3.9/site-packages/airflow/example_dags/example_task_group_decorator.py
[2024-12-18 22:37:21,059] {logging_mixin.py:115} INFO - [2024-12-18 22:37:21,058] {dag.py:2379} INFO - Sync 1 DAGs
[2024-12-18 22:37:21,109] {logging_mixin.py:115} INFO - [2024-12-18 22:37:21,109] {dag.py:2927} INFO - Setting next_dagrun for example_task_group_decorator to 2024-12-18T01:37:21.109100+00:00, run_after=2024-12-19T01:37:21.109100+00:00
[2024-12-18 22:37:21,131] {processor.py:161} INFO - Processing /home/patriciacorreia/Documents/airflowalura/venv/lib/python3.9/site-packages/airflow/example_dags/example_task_group_decorator.py took 0.294 seconds
[2024-12-18 22:38:04,281] {processor.py:153} INFO - Started process (PID=23121) to work on /home/patriciacorreia/Documents/airflowalura/venv/lib/python3.9/site-packages/airflow/example_dags/example_task_group_decorator.py
[2024-12-18 22:38:04,285] {processor.py:641} INFO - Processing file /home/patriciacorreia/Documents/airflowalura/venv/lib/python3.9/site-packages/airflow/example_dags/example_task_group_decorator.py for tasks to queue
[2024-12-18 22:38:04,287] {logging_mixin.py:115} INFO - [2024-12-18 22:38:04,287] {dagbag.py:507} INFO - Filling up the DagBag from /home/patriciacorreia/Documents/airflowalura/venv/lib/python3.9/site-packages/airflow/example_dags/example_task_group_decorator.py
[2024-12-18 22:38:04,416] {processor.py:651} INFO - DAG(s) dict_keys(['example_task_group_decorator']) retrieved from /home/patriciacorreia/Documents/airflowalura/venv/lib/python3.9/site-packages/airflow/example_dags/example_task_group_decorator.py
[2024-12-18 22:38:04,451] {logging_mixin.py:115} INFO - [2024-12-18 22:38:04,451] {dag.py:2379} INFO - Sync 1 DAGs
[2024-12-18 22:38:04,479] {logging_mixin.py:115} INFO - [2024-12-18 22:38:04,479] {dag.py:2927} INFO - Setting next_dagrun for example_task_group_decorator to 2024-12-18T01:38:04.478943+00:00, run_after=2024-12-19T01:38:04.478943+00:00
[2024-12-18 22:38:04,505] {processor.py:161} INFO - Processing /home/patriciacorreia/Documents/airflowalura/venv/lib/python3.9/site-packages/airflow/example_dags/example_task_group_decorator.py took 0.238 seconds
[2024-12-18 22:38:45,215] {processor.py:153} INFO - Started process (PID=23309) to work on /home/patriciacorreia/Documents/airflowalura/venv/lib/python3.9/site-packages/airflow/example_dags/example_task_group_decorator.py
[2024-12-18 22:38:45,223] {processor.py:641} INFO - Processing file /home/patriciacorreia/Documents/airflowalura/venv/lib/python3.9/site-packages/airflow/example_dags/example_task_group_decorator.py for tasks to queue
[2024-12-18 22:38:45,224] {logging_mixin.py:115} INFO - [2024-12-18 22:38:45,224] {dagbag.py:507} INFO - Filling up the DagBag from /home/patriciacorreia/Documents/airflowalura/venv/lib/python3.9/site-packages/airflow/example_dags/example_task_group_decorator.py
[2024-12-18 22:38:45,270] {processor.py:651} INFO - DAG(s) dict_keys(['example_task_group_decorator']) retrieved from /home/patriciacorreia/Documents/airflowalura/venv/lib/python3.9/site-packages/airflow/example_dags/example_task_group_decorator.py
[2024-12-18 22:38:45,302] {logging_mixin.py:115} INFO - [2024-12-18 22:38:45,302] {dag.py:2379} INFO - Sync 1 DAGs
[2024-12-18 22:38:45,336] {logging_mixin.py:115} INFO - [2024-12-18 22:38:45,336] {dag.py:2927} INFO - Setting next_dagrun for example_task_group_decorator to 2024-12-18T01:38:45.335710+00:00, run_after=2024-12-19T01:38:45.335710+00:00
[2024-12-18 22:38:45,357] {processor.py:161} INFO - Processing /home/patriciacorreia/Documents/airflowalura/venv/lib/python3.9/site-packages/airflow/example_dags/example_task_group_decorator.py took 0.156 seconds
[2024-12-18 22:39:32,751] {processor.py:153} INFO - Started process (PID=23536) to work on /home/patriciacorreia/Documents/airflowalura/venv/lib/python3.9/site-packages/airflow/example_dags/example_task_group_decorator.py
[2024-12-18 22:39:32,754] {processor.py:641} INFO - Processing file /home/patriciacorreia/Documents/airflowalura/venv/lib/python3.9/site-packages/airflow/example_dags/example_task_group_decorator.py for tasks to queue
[2024-12-18 22:39:32,757] {logging_mixin.py:115} INFO - [2024-12-18 22:39:32,756] {dagbag.py:507} INFO - Filling up the DagBag from /home/patriciacorreia/Documents/airflowalura/venv/lib/python3.9/site-packages/airflow/example_dags/example_task_group_decorator.py
[2024-12-18 22:39:32,894] {processor.py:651} INFO - DAG(s) dict_keys(['example_task_group_decorator']) retrieved from /home/patriciacorreia/Documents/airflowalura/venv/lib/python3.9/site-packages/airflow/example_dags/example_task_group_decorator.py
[2024-12-18 22:39:33,081] {logging_mixin.py:115} INFO - [2024-12-18 22:39:33,081] {dag.py:2379} INFO - Sync 1 DAGs
[2024-12-18 22:39:33,137] {logging_mixin.py:115} INFO - [2024-12-18 22:39:33,137] {dag.py:2927} INFO - Setting next_dagrun for example_task_group_decorator to 2024-12-18T01:39:33.136595+00:00, run_after=2024-12-19T01:39:33.136595+00:00
[2024-12-18 22:39:33,196] {processor.py:161} INFO - Processing /home/patriciacorreia/Documents/airflowalura/venv/lib/python3.9/site-packages/airflow/example_dags/example_task_group_decorator.py took 0.463 seconds
[2024-12-18 22:40:16,948] {processor.py:153} INFO - Started process (PID=23743) to work on /home/patriciacorreia/Documents/airflowalura/venv/lib/python3.9/site-packages/airflow/example_dags/example_task_group_decorator.py
[2024-12-18 22:40:16,953] {processor.py:641} INFO - Processing file /home/patriciacorreia/Documents/airflowalura/venv/lib/python3.9/site-packages/airflow/example_dags/example_task_group_decorator.py for tasks to queue
[2024-12-18 22:40:16,956] {logging_mixin.py:115} INFO - [2024-12-18 22:40:16,955] {dagbag.py:507} INFO - Filling up the DagBag from /home/patriciacorreia/Documents/airflowalura/venv/lib/python3.9/site-packages/airflow/example_dags/example_task_group_decorator.py
[2024-12-18 22:40:17,099] {processor.py:651} INFO - DAG(s) dict_keys(['example_task_group_decorator']) retrieved from /home/patriciacorreia/Documents/airflowalura/venv/lib/python3.9/site-packages/airflow/example_dags/example_task_group_decorator.py
[2024-12-18 22:40:17,257] {logging_mixin.py:115} INFO - [2024-12-18 22:40:17,257] {dag.py:2379} INFO - Sync 1 DAGs
[2024-12-18 22:40:17,276] {logging_mixin.py:115} INFO - [2024-12-18 22:40:17,276] {dag.py:2927} INFO - Setting next_dagrun for example_task_group_decorator to 2024-12-18T01:40:17.276441+00:00, run_after=2024-12-19T01:40:17.276441+00:00
[2024-12-18 22:40:17,308] {processor.py:161} INFO - Processing /home/patriciacorreia/Documents/airflowalura/venv/lib/python3.9/site-packages/airflow/example_dags/example_task_group_decorator.py took 0.376 seconds
