[2024-12-18 22:05:49,504] {processor.py:153} INFO - Started process (PID=13883) to work on /home/patriciacorreia/Documents/airflowalura/venv/lib/python3.9/site-packages/airflow/example_dags/example_branch_datetime_operator.py
[2024-12-18 22:05:49,505] {processor.py:641} INFO - Processing file /home/patriciacorreia/Documents/airflowalura/venv/lib/python3.9/site-packages/airflow/example_dags/example_branch_datetime_operator.py for tasks to queue
[2024-12-18 22:05:49,506] {logging_mixin.py:115} INFO - [2024-12-18 22:05:49,506] {dagbag.py:507} INFO - Filling up the DagBag from /home/patriciacorreia/Documents/airflowalura/venv/lib/python3.9/site-packages/airflow/example_dags/example_branch_datetime_operator.py
[2024-12-18 22:05:49,522] {processor.py:651} INFO - DAG(s) dict_keys(['example_branch_datetime_operator_2']) retrieved from /home/patriciacorreia/Documents/airflowalura/venv/lib/python3.9/site-packages/airflow/example_dags/example_branch_datetime_operator.py
[2024-12-18 22:05:49,637] {logging_mixin.py:115} INFO - [2024-12-18 22:05:49,636] {manager.py:508} INFO - Created Permission View: can read on DAG:example_branch_datetime_operator_2
[2024-12-18 22:05:49,655] {logging_mixin.py:115} INFO - [2024-12-18 22:05:49,655] {manager.py:508} INFO - Created Permission View: can delete on DAG:example_branch_datetime_operator_2
[2024-12-18 22:05:49,670] {logging_mixin.py:115} INFO - [2024-12-18 22:05:49,669] {manager.py:508} INFO - Created Permission View: can edit on DAG:example_branch_datetime_operator_2
[2024-12-18 22:05:49,670] {logging_mixin.py:115} INFO - [2024-12-18 22:05:49,670] {dag.py:2379} INFO - Sync 1 DAGs
[2024-12-18 22:05:49,687] {logging_mixin.py:115} INFO - [2024-12-18 22:05:49,687] {dag.py:2398} INFO - Creating ORM DAG for example_branch_datetime_operator_2
[2024-12-18 22:05:49,709] {logging_mixin.py:115} INFO - [2024-12-18 22:05:49,709] {dag.py:2927} INFO - Setting next_dagrun for example_branch_datetime_operator_2 to 2024-12-18T00:00:00+00:00, run_after=2024-12-19T00:00:00+00:00
[2024-12-18 22:05:49,738] {processor.py:161} INFO - Processing /home/patriciacorreia/Documents/airflowalura/venv/lib/python3.9/site-packages/airflow/example_dags/example_branch_datetime_operator.py took 0.238 seconds
[2024-12-18 22:06:25,293] {processor.py:153} INFO - Started process (PID=13998) to work on /home/patriciacorreia/Documents/airflowalura/venv/lib/python3.9/site-packages/airflow/example_dags/example_branch_datetime_operator.py
[2024-12-18 22:06:25,295] {processor.py:641} INFO - Processing file /home/patriciacorreia/Documents/airflowalura/venv/lib/python3.9/site-packages/airflow/example_dags/example_branch_datetime_operator.py for tasks to queue
[2024-12-18 22:06:25,295] {logging_mixin.py:115} INFO - [2024-12-18 22:06:25,295] {dagbag.py:507} INFO - Filling up the DagBag from /home/patriciacorreia/Documents/airflowalura/venv/lib/python3.9/site-packages/airflow/example_dags/example_branch_datetime_operator.py
[2024-12-18 22:06:25,307] {processor.py:651} INFO - DAG(s) dict_keys(['example_branch_datetime_operator_2']) retrieved from /home/patriciacorreia/Documents/airflowalura/venv/lib/python3.9/site-packages/airflow/example_dags/example_branch_datetime_operator.py
[2024-12-18 22:06:25,328] {logging_mixin.py:115} INFO - [2024-12-18 22:06:25,328] {dag.py:2379} INFO - Sync 1 DAGs
[2024-12-18 22:06:25,356] {logging_mixin.py:115} INFO - [2024-12-18 22:06:25,355] {dag.py:2927} INFO - Setting next_dagrun for example_branch_datetime_operator_2 to 2024-12-18T00:00:00+00:00, run_after=2024-12-19T00:00:00+00:00
[2024-12-18 22:06:25,371] {processor.py:161} INFO - Processing /home/patriciacorreia/Documents/airflowalura/venv/lib/python3.9/site-packages/airflow/example_dags/example_branch_datetime_operator.py took 0.082 seconds
[2024-12-18 22:07:03,491] {processor.py:153} INFO - Started process (PID=14138) to work on /home/patriciacorreia/Documents/airflowalura/venv/lib/python3.9/site-packages/airflow/example_dags/example_branch_datetime_operator.py
[2024-12-18 22:07:03,495] {processor.py:641} INFO - Processing file /home/patriciacorreia/Documents/airflowalura/venv/lib/python3.9/site-packages/airflow/example_dags/example_branch_datetime_operator.py for tasks to queue
[2024-12-18 22:07:03,497] {logging_mixin.py:115} INFO - [2024-12-18 22:07:03,497] {dagbag.py:507} INFO - Filling up the DagBag from /home/patriciacorreia/Documents/airflowalura/venv/lib/python3.9/site-packages/airflow/example_dags/example_branch_datetime_operator.py
[2024-12-18 22:07:03,531] {processor.py:651} INFO - DAG(s) dict_keys(['example_branch_datetime_operator_2']) retrieved from /home/patriciacorreia/Documents/airflowalura/venv/lib/python3.9/site-packages/airflow/example_dags/example_branch_datetime_operator.py
[2024-12-18 22:07:03,606] {logging_mixin.py:115} INFO - [2024-12-18 22:07:03,606] {dag.py:2379} INFO - Sync 1 DAGs
[2024-12-18 22:07:03,883] {logging_mixin.py:115} INFO - [2024-12-18 22:07:03,882] {dag.py:2927} INFO - Setting next_dagrun for example_branch_datetime_operator_2 to 2024-12-18T00:00:00+00:00, run_after=2024-12-19T00:00:00+00:00
[2024-12-18 22:07:03,961] {processor.py:161} INFO - Processing /home/patriciacorreia/Documents/airflowalura/venv/lib/python3.9/site-packages/airflow/example_dags/example_branch_datetime_operator.py took 0.482 seconds
[2024-12-18 22:07:47,958] {processor.py:153} INFO - Started process (PID=14223) to work on /home/patriciacorreia/Documents/airflowalura/venv/lib/python3.9/site-packages/airflow/example_dags/example_branch_datetime_operator.py
[2024-12-18 22:07:47,959] {processor.py:641} INFO - Processing file /home/patriciacorreia/Documents/airflowalura/venv/lib/python3.9/site-packages/airflow/example_dags/example_branch_datetime_operator.py for tasks to queue
[2024-12-18 22:07:47,961] {logging_mixin.py:115} INFO - [2024-12-18 22:07:47,961] {dagbag.py:507} INFO - Filling up the DagBag from /home/patriciacorreia/Documents/airflowalura/venv/lib/python3.9/site-packages/airflow/example_dags/example_branch_datetime_operator.py
[2024-12-18 22:07:47,987] {processor.py:651} INFO - DAG(s) dict_keys(['example_branch_datetime_operator_2']) retrieved from /home/patriciacorreia/Documents/airflowalura/venv/lib/python3.9/site-packages/airflow/example_dags/example_branch_datetime_operator.py
[2024-12-18 22:07:48,018] {logging_mixin.py:115} INFO - [2024-12-18 22:07:48,018] {dag.py:2379} INFO - Sync 1 DAGs
[2024-12-18 22:07:48,053] {logging_mixin.py:115} INFO - [2024-12-18 22:07:48,053] {dag.py:2927} INFO - Setting next_dagrun for example_branch_datetime_operator_2 to 2024-12-18T00:00:00+00:00, run_after=2024-12-19T00:00:00+00:00
[2024-12-18 22:07:48,073] {processor.py:161} INFO - Processing /home/patriciacorreia/Documents/airflowalura/venv/lib/python3.9/site-packages/airflow/example_dags/example_branch_datetime_operator.py took 0.126 seconds
[2024-12-18 22:08:29,438] {processor.py:153} INFO - Started process (PID=14349) to work on /home/patriciacorreia/Documents/airflowalura/venv/lib/python3.9/site-packages/airflow/example_dags/example_branch_datetime_operator.py
[2024-12-18 22:08:29,440] {processor.py:641} INFO - Processing file /home/patriciacorreia/Documents/airflowalura/venv/lib/python3.9/site-packages/airflow/example_dags/example_branch_datetime_operator.py for tasks to queue
[2024-12-18 22:08:29,441] {logging_mixin.py:115} INFO - [2024-12-18 22:08:29,441] {dagbag.py:507} INFO - Filling up the DagBag from /home/patriciacorreia/Documents/airflowalura/venv/lib/python3.9/site-packages/airflow/example_dags/example_branch_datetime_operator.py
[2024-12-18 22:08:29,461] {processor.py:651} INFO - DAG(s) dict_keys(['example_branch_datetime_operator_2']) retrieved from /home/patriciacorreia/Documents/airflowalura/venv/lib/python3.9/site-packages/airflow/example_dags/example_branch_datetime_operator.py
[2024-12-18 22:08:29,501] {logging_mixin.py:115} INFO - [2024-12-18 22:08:29,501] {dag.py:2379} INFO - Sync 1 DAGs
[2024-12-18 22:08:29,561] {logging_mixin.py:115} INFO - [2024-12-18 22:08:29,561] {dag.py:2927} INFO - Setting next_dagrun for example_branch_datetime_operator_2 to 2024-12-18T00:00:00+00:00, run_after=2024-12-19T00:00:00+00:00
[2024-12-18 22:08:29,597] {processor.py:161} INFO - Processing /home/patriciacorreia/Documents/airflowalura/venv/lib/python3.9/site-packages/airflow/example_dags/example_branch_datetime_operator.py took 0.166 seconds
[2024-12-18 22:09:06,313] {processor.py:153} INFO - Started process (PID=14505) to work on /home/patriciacorreia/Documents/airflowalura/venv/lib/python3.9/site-packages/airflow/example_dags/example_branch_datetime_operator.py
[2024-12-18 22:09:06,315] {processor.py:641} INFO - Processing file /home/patriciacorreia/Documents/airflowalura/venv/lib/python3.9/site-packages/airflow/example_dags/example_branch_datetime_operator.py for tasks to queue
[2024-12-18 22:09:06,318] {logging_mixin.py:115} INFO - [2024-12-18 22:09:06,318] {dagbag.py:507} INFO - Filling up the DagBag from /home/patriciacorreia/Documents/airflowalura/venv/lib/python3.9/site-packages/airflow/example_dags/example_branch_datetime_operator.py
[2024-12-18 22:09:06,340] {processor.py:651} INFO - DAG(s) dict_keys(['example_branch_datetime_operator_2']) retrieved from /home/patriciacorreia/Documents/airflowalura/venv/lib/python3.9/site-packages/airflow/example_dags/example_branch_datetime_operator.py
[2024-12-18 22:09:06,377] {logging_mixin.py:115} INFO - [2024-12-18 22:09:06,377] {dag.py:2379} INFO - Sync 1 DAGs
[2024-12-18 22:09:06,439] {logging_mixin.py:115} INFO - [2024-12-18 22:09:06,438] {dag.py:2927} INFO - Setting next_dagrun for example_branch_datetime_operator_2 to 2024-12-18T00:00:00+00:00, run_after=2024-12-19T00:00:00+00:00
[2024-12-18 22:09:06,474] {processor.py:161} INFO - Processing /home/patriciacorreia/Documents/airflowalura/venv/lib/python3.9/site-packages/airflow/example_dags/example_branch_datetime_operator.py took 0.167 seconds
[2024-12-18 22:09:46,924] {processor.py:153} INFO - Started process (PID=14699) to work on /home/patriciacorreia/Documents/airflowalura/venv/lib/python3.9/site-packages/airflow/example_dags/example_branch_datetime_operator.py
[2024-12-18 22:09:46,926] {processor.py:641} INFO - Processing file /home/patriciacorreia/Documents/airflowalura/venv/lib/python3.9/site-packages/airflow/example_dags/example_branch_datetime_operator.py for tasks to queue
[2024-12-18 22:09:46,927] {logging_mixin.py:115} INFO - [2024-12-18 22:09:46,927] {dagbag.py:507} INFO - Filling up the DagBag from /home/patriciacorreia/Documents/airflowalura/venv/lib/python3.9/site-packages/airflow/example_dags/example_branch_datetime_operator.py
[2024-12-18 22:09:46,946] {processor.py:651} INFO - DAG(s) dict_keys(['example_branch_datetime_operator_2']) retrieved from /home/patriciacorreia/Documents/airflowalura/venv/lib/python3.9/site-packages/airflow/example_dags/example_branch_datetime_operator.py
[2024-12-18 22:09:46,983] {logging_mixin.py:115} INFO - [2024-12-18 22:09:46,983] {dag.py:2379} INFO - Sync 1 DAGs
[2024-12-18 22:09:47,034] {logging_mixin.py:115} INFO - [2024-12-18 22:09:47,034] {dag.py:2927} INFO - Setting next_dagrun for example_branch_datetime_operator_2 to 2024-12-18T00:00:00+00:00, run_after=2024-12-19T00:00:00+00:00
[2024-12-18 22:09:47,058] {processor.py:161} INFO - Processing /home/patriciacorreia/Documents/airflowalura/venv/lib/python3.9/site-packages/airflow/example_dags/example_branch_datetime_operator.py took 0.141 seconds
[2024-12-18 22:10:23,582] {processor.py:153} INFO - Started process (PID=14969) to work on /home/patriciacorreia/Documents/airflowalura/venv/lib/python3.9/site-packages/airflow/example_dags/example_branch_datetime_operator.py
[2024-12-18 22:10:23,585] {processor.py:641} INFO - Processing file /home/patriciacorreia/Documents/airflowalura/venv/lib/python3.9/site-packages/airflow/example_dags/example_branch_datetime_operator.py for tasks to queue
[2024-12-18 22:10:23,587] {logging_mixin.py:115} INFO - [2024-12-18 22:10:23,587] {dagbag.py:507} INFO - Filling up the DagBag from /home/patriciacorreia/Documents/airflowalura/venv/lib/python3.9/site-packages/airflow/example_dags/example_branch_datetime_operator.py
[2024-12-18 22:10:23,615] {processor.py:651} INFO - DAG(s) dict_keys(['example_branch_datetime_operator_2']) retrieved from /home/patriciacorreia/Documents/airflowalura/venv/lib/python3.9/site-packages/airflow/example_dags/example_branch_datetime_operator.py
[2024-12-18 22:10:23,675] {logging_mixin.py:115} INFO - [2024-12-18 22:10:23,674] {dag.py:2379} INFO - Sync 1 DAGs
[2024-12-18 22:10:23,720] {logging_mixin.py:115} INFO - [2024-12-18 22:10:23,720] {dag.py:2927} INFO - Setting next_dagrun for example_branch_datetime_operator_2 to 2024-12-18T00:00:00+00:00, run_after=2024-12-19T00:00:00+00:00
[2024-12-18 22:10:23,739] {processor.py:161} INFO - Processing /home/patriciacorreia/Documents/airflowalura/venv/lib/python3.9/site-packages/airflow/example_dags/example_branch_datetime_operator.py took 0.169 seconds
[2024-12-18 22:11:09,667] {processor.py:153} INFO - Started process (PID=15424) to work on /home/patriciacorreia/Documents/airflowalura/venv/lib/python3.9/site-packages/airflow/example_dags/example_branch_datetime_operator.py
[2024-12-18 22:11:09,669] {processor.py:641} INFO - Processing file /home/patriciacorreia/Documents/airflowalura/venv/lib/python3.9/site-packages/airflow/example_dags/example_branch_datetime_operator.py for tasks to queue
[2024-12-18 22:11:09,676] {logging_mixin.py:115} INFO - [2024-12-18 22:11:09,676] {dagbag.py:507} INFO - Filling up the DagBag from /home/patriciacorreia/Documents/airflowalura/venv/lib/python3.9/site-packages/airflow/example_dags/example_branch_datetime_operator.py
[2024-12-18 22:11:09,701] {processor.py:651} INFO - DAG(s) dict_keys(['example_branch_datetime_operator_2']) retrieved from /home/patriciacorreia/Documents/airflowalura/venv/lib/python3.9/site-packages/airflow/example_dags/example_branch_datetime_operator.py
[2024-12-18 22:11:09,752] {logging_mixin.py:115} INFO - [2024-12-18 22:11:09,752] {dag.py:2379} INFO - Sync 1 DAGs
[2024-12-18 22:11:09,819] {logging_mixin.py:115} INFO - [2024-12-18 22:11:09,819] {dag.py:2927} INFO - Setting next_dagrun for example_branch_datetime_operator_2 to 2024-12-18T00:00:00+00:00, run_after=2024-12-19T00:00:00+00:00
[2024-12-18 22:11:09,847] {processor.py:161} INFO - Processing /home/patriciacorreia/Documents/airflowalura/venv/lib/python3.9/site-packages/airflow/example_dags/example_branch_datetime_operator.py took 0.190 seconds
[2024-12-18 22:11:57,618] {processor.py:153} INFO - Started process (PID=15629) to work on /home/patriciacorreia/Documents/airflowalura/venv/lib/python3.9/site-packages/airflow/example_dags/example_branch_datetime_operator.py
[2024-12-18 22:11:57,623] {processor.py:641} INFO - Processing file /home/patriciacorreia/Documents/airflowalura/venv/lib/python3.9/site-packages/airflow/example_dags/example_branch_datetime_operator.py for tasks to queue
[2024-12-18 22:11:57,626] {logging_mixin.py:115} INFO - [2024-12-18 22:11:57,625] {dagbag.py:507} INFO - Filling up the DagBag from /home/patriciacorreia/Documents/airflowalura/venv/lib/python3.9/site-packages/airflow/example_dags/example_branch_datetime_operator.py
[2024-12-18 22:11:57,667] {processor.py:651} INFO - DAG(s) dict_keys(['example_branch_datetime_operator_2']) retrieved from /home/patriciacorreia/Documents/airflowalura/venv/lib/python3.9/site-packages/airflow/example_dags/example_branch_datetime_operator.py
[2024-12-18 22:11:57,733] {logging_mixin.py:115} INFO - [2024-12-18 22:11:57,733] {dag.py:2379} INFO - Sync 1 DAGs
[2024-12-18 22:11:57,798] {logging_mixin.py:115} INFO - [2024-12-18 22:11:57,798] {dag.py:2927} INFO - Setting next_dagrun for example_branch_datetime_operator_2 to 2024-12-18T00:00:00+00:00, run_after=2024-12-19T00:00:00+00:00
[2024-12-18 22:11:57,827] {processor.py:161} INFO - Processing /home/patriciacorreia/Documents/airflowalura/venv/lib/python3.9/site-packages/airflow/example_dags/example_branch_datetime_operator.py took 0.223 seconds
[2024-12-18 22:12:37,038] {processor.py:153} INFO - Started process (PID=15812) to work on /home/patriciacorreia/Documents/airflowalura/venv/lib/python3.9/site-packages/airflow/example_dags/example_branch_datetime_operator.py
[2024-12-18 22:12:37,042] {processor.py:641} INFO - Processing file /home/patriciacorreia/Documents/airflowalura/venv/lib/python3.9/site-packages/airflow/example_dags/example_branch_datetime_operator.py for tasks to queue
[2024-12-18 22:12:37,045] {logging_mixin.py:115} INFO - [2024-12-18 22:12:37,044] {dagbag.py:507} INFO - Filling up the DagBag from /home/patriciacorreia/Documents/airflowalura/venv/lib/python3.9/site-packages/airflow/example_dags/example_branch_datetime_operator.py
[2024-12-18 22:12:37,078] {processor.py:651} INFO - DAG(s) dict_keys(['example_branch_datetime_operator_2']) retrieved from /home/patriciacorreia/Documents/airflowalura/venv/lib/python3.9/site-packages/airflow/example_dags/example_branch_datetime_operator.py
[2024-12-18 22:12:37,128] {logging_mixin.py:115} INFO - [2024-12-18 22:12:37,127] {dag.py:2379} INFO - Sync 1 DAGs
[2024-12-18 22:12:37,177] {logging_mixin.py:115} INFO - [2024-12-18 22:12:37,177] {dag.py:2927} INFO - Setting next_dagrun for example_branch_datetime_operator_2 to 2024-12-18T00:00:00+00:00, run_after=2024-12-19T00:00:00+00:00
[2024-12-18 22:12:37,203] {processor.py:161} INFO - Processing /home/patriciacorreia/Documents/airflowalura/venv/lib/python3.9/site-packages/airflow/example_dags/example_branch_datetime_operator.py took 0.177 seconds
[2024-12-18 22:13:22,155] {processor.py:153} INFO - Started process (PID=16009) to work on /home/patriciacorreia/Documents/airflowalura/venv/lib/python3.9/site-packages/airflow/example_dags/example_branch_datetime_operator.py
[2024-12-18 22:13:22,158] {processor.py:641} INFO - Processing file /home/patriciacorreia/Documents/airflowalura/venv/lib/python3.9/site-packages/airflow/example_dags/example_branch_datetime_operator.py for tasks to queue
[2024-12-18 22:13:22,160] {logging_mixin.py:115} INFO - [2024-12-18 22:13:22,160] {dagbag.py:507} INFO - Filling up the DagBag from /home/patriciacorreia/Documents/airflowalura/venv/lib/python3.9/site-packages/airflow/example_dags/example_branch_datetime_operator.py
[2024-12-18 22:13:22,191] {processor.py:651} INFO - DAG(s) dict_keys(['example_branch_datetime_operator_2']) retrieved from /home/patriciacorreia/Documents/airflowalura/venv/lib/python3.9/site-packages/airflow/example_dags/example_branch_datetime_operator.py
[2024-12-18 22:13:22,271] {logging_mixin.py:115} INFO - [2024-12-18 22:13:22,270] {dag.py:2379} INFO - Sync 1 DAGs
[2024-12-18 22:13:22,354] {logging_mixin.py:115} INFO - [2024-12-18 22:13:22,354] {dag.py:2927} INFO - Setting next_dagrun for example_branch_datetime_operator_2 to 2024-12-18T00:00:00+00:00, run_after=2024-12-19T00:00:00+00:00
[2024-12-18 22:13:22,399] {processor.py:161} INFO - Processing /home/patriciacorreia/Documents/airflowalura/venv/lib/python3.9/site-packages/airflow/example_dags/example_branch_datetime_operator.py took 0.252 seconds
[2024-12-18 22:14:04,689] {processor.py:153} INFO - Started process (PID=16223) to work on /home/patriciacorreia/Documents/airflowalura/venv/lib/python3.9/site-packages/airflow/example_dags/example_branch_datetime_operator.py
[2024-12-18 22:14:04,692] {processor.py:641} INFO - Processing file /home/patriciacorreia/Documents/airflowalura/venv/lib/python3.9/site-packages/airflow/example_dags/example_branch_datetime_operator.py for tasks to queue
[2024-12-18 22:14:04,695] {logging_mixin.py:115} INFO - [2024-12-18 22:14:04,695] {dagbag.py:507} INFO - Filling up the DagBag from /home/patriciacorreia/Documents/airflowalura/venv/lib/python3.9/site-packages/airflow/example_dags/example_branch_datetime_operator.py
[2024-12-18 22:14:04,735] {processor.py:651} INFO - DAG(s) dict_keys(['example_branch_datetime_operator_2']) retrieved from /home/patriciacorreia/Documents/airflowalura/venv/lib/python3.9/site-packages/airflow/example_dags/example_branch_datetime_operator.py
[2024-12-18 22:14:04,799] {logging_mixin.py:115} INFO - [2024-12-18 22:14:04,798] {dag.py:2379} INFO - Sync 1 DAGs
[2024-12-18 22:14:04,892] {logging_mixin.py:115} INFO - [2024-12-18 22:14:04,892] {dag.py:2927} INFO - Setting next_dagrun for example_branch_datetime_operator_2 to 2024-12-18T00:00:00+00:00, run_after=2024-12-19T00:00:00+00:00
[2024-12-18 22:14:04,937] {processor.py:161} INFO - Processing /home/patriciacorreia/Documents/airflowalura/venv/lib/python3.9/site-packages/airflow/example_dags/example_branch_datetime_operator.py took 0.261 seconds
[2024-12-18 22:14:51,291] {processor.py:153} INFO - Started process (PID=16447) to work on /home/patriciacorreia/Documents/airflowalura/venv/lib/python3.9/site-packages/airflow/example_dags/example_branch_datetime_operator.py
[2024-12-18 22:14:51,293] {processor.py:641} INFO - Processing file /home/patriciacorreia/Documents/airflowalura/venv/lib/python3.9/site-packages/airflow/example_dags/example_branch_datetime_operator.py for tasks to queue
[2024-12-18 22:14:51,294] {logging_mixin.py:115} INFO - [2024-12-18 22:14:51,293] {dagbag.py:507} INFO - Filling up the DagBag from /home/patriciacorreia/Documents/airflowalura/venv/lib/python3.9/site-packages/airflow/example_dags/example_branch_datetime_operator.py
[2024-12-18 22:14:51,307] {processor.py:651} INFO - DAG(s) dict_keys(['example_branch_datetime_operator_2']) retrieved from /home/patriciacorreia/Documents/airflowalura/venv/lib/python3.9/site-packages/airflow/example_dags/example_branch_datetime_operator.py
[2024-12-18 22:14:51,340] {logging_mixin.py:115} INFO - [2024-12-18 22:14:51,339] {dag.py:2379} INFO - Sync 1 DAGs
[2024-12-18 22:14:51,377] {logging_mixin.py:115} INFO - [2024-12-18 22:14:51,377] {dag.py:2927} INFO - Setting next_dagrun for example_branch_datetime_operator_2 to 2024-12-18T00:00:00+00:00, run_after=2024-12-19T00:00:00+00:00
[2024-12-18 22:14:51,397] {processor.py:161} INFO - Processing /home/patriciacorreia/Documents/airflowalura/venv/lib/python3.9/site-packages/airflow/example_dags/example_branch_datetime_operator.py took 0.112 seconds
[2024-12-18 22:15:29,998] {processor.py:153} INFO - Started process (PID=16632) to work on /home/patriciacorreia/Documents/airflowalura/venv/lib/python3.9/site-packages/airflow/example_dags/example_branch_datetime_operator.py
[2024-12-18 22:15:30,001] {processor.py:641} INFO - Processing file /home/patriciacorreia/Documents/airflowalura/venv/lib/python3.9/site-packages/airflow/example_dags/example_branch_datetime_operator.py for tasks to queue
[2024-12-18 22:15:30,007] {logging_mixin.py:115} INFO - [2024-12-18 22:15:30,007] {dagbag.py:507} INFO - Filling up the DagBag from /home/patriciacorreia/Documents/airflowalura/venv/lib/python3.9/site-packages/airflow/example_dags/example_branch_datetime_operator.py
[2024-12-18 22:15:30,055] {processor.py:651} INFO - DAG(s) dict_keys(['example_branch_datetime_operator_2']) retrieved from /home/patriciacorreia/Documents/airflowalura/venv/lib/python3.9/site-packages/airflow/example_dags/example_branch_datetime_operator.py
[2024-12-18 22:15:30,151] {logging_mixin.py:115} INFO - [2024-12-18 22:15:30,151] {dag.py:2379} INFO - Sync 1 DAGs
[2024-12-18 22:15:30,212] {logging_mixin.py:115} INFO - [2024-12-18 22:15:30,212] {dag.py:2927} INFO - Setting next_dagrun for example_branch_datetime_operator_2 to 2024-12-18T00:00:00+00:00, run_after=2024-12-19T00:00:00+00:00
[2024-12-18 22:15:30,240] {processor.py:161} INFO - Processing /home/patriciacorreia/Documents/airflowalura/venv/lib/python3.9/site-packages/airflow/example_dags/example_branch_datetime_operator.py took 0.256 seconds
[2024-12-18 22:16:14,236] {processor.py:153} INFO - Started process (PID=16857) to work on /home/patriciacorreia/Documents/airflowalura/venv/lib/python3.9/site-packages/airflow/example_dags/example_branch_datetime_operator.py
[2024-12-18 22:16:14,238] {processor.py:641} INFO - Processing file /home/patriciacorreia/Documents/airflowalura/venv/lib/python3.9/site-packages/airflow/example_dags/example_branch_datetime_operator.py for tasks to queue
[2024-12-18 22:16:14,240] {logging_mixin.py:115} INFO - [2024-12-18 22:16:14,239] {dagbag.py:507} INFO - Filling up the DagBag from /home/patriciacorreia/Documents/airflowalura/venv/lib/python3.9/site-packages/airflow/example_dags/example_branch_datetime_operator.py
[2024-12-18 22:16:14,259] {processor.py:651} INFO - DAG(s) dict_keys(['example_branch_datetime_operator_2']) retrieved from /home/patriciacorreia/Documents/airflowalura/venv/lib/python3.9/site-packages/airflow/example_dags/example_branch_datetime_operator.py
[2024-12-18 22:16:14,293] {logging_mixin.py:115} INFO - [2024-12-18 22:16:14,293] {dag.py:2379} INFO - Sync 1 DAGs
[2024-12-18 22:16:14,338] {logging_mixin.py:115} INFO - [2024-12-18 22:16:14,338] {dag.py:2927} INFO - Setting next_dagrun for example_branch_datetime_operator_2 to 2024-12-18T00:00:00+00:00, run_after=2024-12-19T00:00:00+00:00
[2024-12-18 22:16:14,365] {processor.py:161} INFO - Processing /home/patriciacorreia/Documents/airflowalura/venv/lib/python3.9/site-packages/airflow/example_dags/example_branch_datetime_operator.py took 0.135 seconds
[2024-12-18 22:16:58,986] {processor.py:153} INFO - Started process (PID=17133) to work on /home/patriciacorreia/Documents/airflowalura/venv/lib/python3.9/site-packages/airflow/example_dags/example_branch_datetime_operator.py
[2024-12-18 22:16:58,989] {processor.py:641} INFO - Processing file /home/patriciacorreia/Documents/airflowalura/venv/lib/python3.9/site-packages/airflow/example_dags/example_branch_datetime_operator.py for tasks to queue
[2024-12-18 22:16:58,991] {logging_mixin.py:115} INFO - [2024-12-18 22:16:58,991] {dagbag.py:507} INFO - Filling up the DagBag from /home/patriciacorreia/Documents/airflowalura/venv/lib/python3.9/site-packages/airflow/example_dags/example_branch_datetime_operator.py
[2024-12-18 22:16:59,024] {processor.py:651} INFO - DAG(s) dict_keys(['example_branch_datetime_operator_2']) retrieved from /home/patriciacorreia/Documents/airflowalura/venv/lib/python3.9/site-packages/airflow/example_dags/example_branch_datetime_operator.py
[2024-12-18 22:16:59,084] {logging_mixin.py:115} INFO - [2024-12-18 22:16:59,084] {dag.py:2379} INFO - Sync 1 DAGs
[2024-12-18 22:16:59,176] {logging_mixin.py:115} INFO - [2024-12-18 22:16:59,175] {dag.py:2927} INFO - Setting next_dagrun for example_branch_datetime_operator_2 to 2024-12-18T00:00:00+00:00, run_after=2024-12-19T00:00:00+00:00
[2024-12-18 22:16:59,224] {processor.py:161} INFO - Processing /home/patriciacorreia/Documents/airflowalura/venv/lib/python3.9/site-packages/airflow/example_dags/example_branch_datetime_operator.py took 0.250 seconds
[2024-12-18 22:17:48,013] {processor.py:153} INFO - Started process (PID=17383) to work on /home/patriciacorreia/Documents/airflowalura/venv/lib/python3.9/site-packages/airflow/example_dags/example_branch_datetime_operator.py
[2024-12-18 22:17:48,015] {processor.py:641} INFO - Processing file /home/patriciacorreia/Documents/airflowalura/venv/lib/python3.9/site-packages/airflow/example_dags/example_branch_datetime_operator.py for tasks to queue
[2024-12-18 22:17:48,017] {logging_mixin.py:115} INFO - [2024-12-18 22:17:48,017] {dagbag.py:507} INFO - Filling up the DagBag from /home/patriciacorreia/Documents/airflowalura/venv/lib/python3.9/site-packages/airflow/example_dags/example_branch_datetime_operator.py
[2024-12-18 22:17:48,051] {processor.py:651} INFO - DAG(s) dict_keys(['example_branch_datetime_operator_2']) retrieved from /home/patriciacorreia/Documents/airflowalura/venv/lib/python3.9/site-packages/airflow/example_dags/example_branch_datetime_operator.py
[2024-12-18 22:17:48,095] {logging_mixin.py:115} INFO - [2024-12-18 22:17:48,095] {dag.py:2379} INFO - Sync 1 DAGs
[2024-12-18 22:17:48,143] {logging_mixin.py:115} INFO - [2024-12-18 22:17:48,143] {dag.py:2927} INFO - Setting next_dagrun for example_branch_datetime_operator_2 to 2024-12-18T00:00:00+00:00, run_after=2024-12-19T00:00:00+00:00
[2024-12-18 22:17:48,175] {processor.py:161} INFO - Processing /home/patriciacorreia/Documents/airflowalura/venv/lib/python3.9/site-packages/airflow/example_dags/example_branch_datetime_operator.py took 0.169 seconds
[2024-12-18 22:18:38,658] {processor.py:153} INFO - Started process (PID=17611) to work on /home/patriciacorreia/Documents/airflowalura/venv/lib/python3.9/site-packages/airflow/example_dags/example_branch_datetime_operator.py
[2024-12-18 22:18:38,661] {processor.py:641} INFO - Processing file /home/patriciacorreia/Documents/airflowalura/venv/lib/python3.9/site-packages/airflow/example_dags/example_branch_datetime_operator.py for tasks to queue
[2024-12-18 22:18:38,663] {logging_mixin.py:115} INFO - [2024-12-18 22:18:38,663] {dagbag.py:507} INFO - Filling up the DagBag from /home/patriciacorreia/Documents/airflowalura/venv/lib/python3.9/site-packages/airflow/example_dags/example_branch_datetime_operator.py
[2024-12-18 22:18:38,699] {processor.py:651} INFO - DAG(s) dict_keys(['example_branch_datetime_operator_2']) retrieved from /home/patriciacorreia/Documents/airflowalura/venv/lib/python3.9/site-packages/airflow/example_dags/example_branch_datetime_operator.py
[2024-12-18 22:18:38,761] {logging_mixin.py:115} INFO - [2024-12-18 22:18:38,761] {dag.py:2379} INFO - Sync 1 DAGs
[2024-12-18 22:18:38,807] {logging_mixin.py:115} INFO - [2024-12-18 22:18:38,807] {dag.py:2927} INFO - Setting next_dagrun for example_branch_datetime_operator_2 to 2024-12-18T00:00:00+00:00, run_after=2024-12-19T00:00:00+00:00
[2024-12-18 22:18:38,830] {processor.py:161} INFO - Processing /home/patriciacorreia/Documents/airflowalura/venv/lib/python3.9/site-packages/airflow/example_dags/example_branch_datetime_operator.py took 0.187 seconds
[2024-12-18 22:20:00,738] {processor.py:153} INFO - Started process (PID=17979) to work on /home/patriciacorreia/Documents/airflowalura/venv/lib/python3.9/site-packages/airflow/example_dags/example_branch_datetime_operator.py
[2024-12-18 22:20:00,742] {processor.py:641} INFO - Processing file /home/patriciacorreia/Documents/airflowalura/venv/lib/python3.9/site-packages/airflow/example_dags/example_branch_datetime_operator.py for tasks to queue
[2024-12-18 22:20:00,746] {logging_mixin.py:115} INFO - [2024-12-18 22:20:00,746] {dagbag.py:507} INFO - Filling up the DagBag from /home/patriciacorreia/Documents/airflowalura/venv/lib/python3.9/site-packages/airflow/example_dags/example_branch_datetime_operator.py
[2024-12-18 22:20:00,806] {processor.py:651} INFO - DAG(s) dict_keys(['example_branch_datetime_operator_2']) retrieved from /home/patriciacorreia/Documents/airflowalura/venv/lib/python3.9/site-packages/airflow/example_dags/example_branch_datetime_operator.py
[2024-12-18 22:20:00,844] {logging_mixin.py:115} INFO - [2024-12-18 22:20:00,844] {dag.py:2379} INFO - Sync 1 DAGs
[2024-12-18 22:20:00,880] {logging_mixin.py:115} INFO - [2024-12-18 22:20:00,880] {dag.py:2927} INFO - Setting next_dagrun for example_branch_datetime_operator_2 to 2024-12-18T00:00:00+00:00, run_after=2024-12-19T00:00:00+00:00
[2024-12-18 22:20:00,900] {processor.py:161} INFO - Processing /home/patriciacorreia/Documents/airflowalura/venv/lib/python3.9/site-packages/airflow/example_dags/example_branch_datetime_operator.py took 0.184 seconds
[2024-12-18 22:20:45,529] {processor.py:153} INFO - Started process (PID=18199) to work on /home/patriciacorreia/Documents/airflowalura/venv/lib/python3.9/site-packages/airflow/example_dags/example_branch_datetime_operator.py
[2024-12-18 22:20:45,534] {processor.py:641} INFO - Processing file /home/patriciacorreia/Documents/airflowalura/venv/lib/python3.9/site-packages/airflow/example_dags/example_branch_datetime_operator.py for tasks to queue
[2024-12-18 22:20:45,537] {logging_mixin.py:115} INFO - [2024-12-18 22:20:45,535] {dagbag.py:507} INFO - Filling up the DagBag from /home/patriciacorreia/Documents/airflowalura/venv/lib/python3.9/site-packages/airflow/example_dags/example_branch_datetime_operator.py
[2024-12-18 22:20:45,566] {processor.py:651} INFO - DAG(s) dict_keys(['example_branch_datetime_operator_2']) retrieved from /home/patriciacorreia/Documents/airflowalura/venv/lib/python3.9/site-packages/airflow/example_dags/example_branch_datetime_operator.py
[2024-12-18 22:20:45,613] {logging_mixin.py:115} INFO - [2024-12-18 22:20:45,613] {dag.py:2379} INFO - Sync 1 DAGs
[2024-12-18 22:20:45,672] {logging_mixin.py:115} INFO - [2024-12-18 22:20:45,672] {dag.py:2927} INFO - Setting next_dagrun for example_branch_datetime_operator_2 to 2024-12-18T00:00:00+00:00, run_after=2024-12-19T00:00:00+00:00
[2024-12-18 22:20:45,708] {processor.py:161} INFO - Processing /home/patriciacorreia/Documents/airflowalura/venv/lib/python3.9/site-packages/airflow/example_dags/example_branch_datetime_operator.py took 0.187 seconds
[2024-12-18 22:21:35,525] {processor.py:153} INFO - Started process (PID=18436) to work on /home/patriciacorreia/Documents/airflowalura/venv/lib/python3.9/site-packages/airflow/example_dags/example_branch_datetime_operator.py
[2024-12-18 22:21:35,529] {processor.py:641} INFO - Processing file /home/patriciacorreia/Documents/airflowalura/venv/lib/python3.9/site-packages/airflow/example_dags/example_branch_datetime_operator.py for tasks to queue
[2024-12-18 22:21:35,531] {logging_mixin.py:115} INFO - [2024-12-18 22:21:35,531] {dagbag.py:507} INFO - Filling up the DagBag from /home/patriciacorreia/Documents/airflowalura/venv/lib/python3.9/site-packages/airflow/example_dags/example_branch_datetime_operator.py
[2024-12-18 22:21:35,580] {processor.py:651} INFO - DAG(s) dict_keys(['example_branch_datetime_operator_2']) retrieved from /home/patriciacorreia/Documents/airflowalura/venv/lib/python3.9/site-packages/airflow/example_dags/example_branch_datetime_operator.py
[2024-12-18 22:21:35,686] {logging_mixin.py:115} INFO - [2024-12-18 22:21:35,685] {dag.py:2379} INFO - Sync 1 DAGs
[2024-12-18 22:21:35,763] {logging_mixin.py:115} INFO - [2024-12-18 22:21:35,763] {dag.py:2927} INFO - Setting next_dagrun for example_branch_datetime_operator_2 to 2024-12-18T00:00:00+00:00, run_after=2024-12-19T00:00:00+00:00
[2024-12-18 22:21:35,789] {processor.py:161} INFO - Processing /home/patriciacorreia/Documents/airflowalura/venv/lib/python3.9/site-packages/airflow/example_dags/example_branch_datetime_operator.py took 0.281 seconds
[2024-12-18 22:22:21,995] {processor.py:153} INFO - Started process (PID=18646) to work on /home/patriciacorreia/Documents/airflowalura/venv/lib/python3.9/site-packages/airflow/example_dags/example_branch_datetime_operator.py
[2024-12-18 22:22:21,997] {processor.py:641} INFO - Processing file /home/patriciacorreia/Documents/airflowalura/venv/lib/python3.9/site-packages/airflow/example_dags/example_branch_datetime_operator.py for tasks to queue
[2024-12-18 22:22:21,997] {logging_mixin.py:115} INFO - [2024-12-18 22:22:21,997] {dagbag.py:507} INFO - Filling up the DagBag from /home/patriciacorreia/Documents/airflowalura/venv/lib/python3.9/site-packages/airflow/example_dags/example_branch_datetime_operator.py
[2024-12-18 22:22:22,011] {processor.py:651} INFO - DAG(s) dict_keys(['example_branch_datetime_operator_2']) retrieved from /home/patriciacorreia/Documents/airflowalura/venv/lib/python3.9/site-packages/airflow/example_dags/example_branch_datetime_operator.py
[2024-12-18 22:22:22,040] {logging_mixin.py:115} INFO - [2024-12-18 22:22:22,040] {dag.py:2379} INFO - Sync 1 DAGs
[2024-12-18 22:22:22,076] {logging_mixin.py:115} INFO - [2024-12-18 22:22:22,076] {dag.py:2927} INFO - Setting next_dagrun for example_branch_datetime_operator_2 to 2024-12-18T00:00:00+00:00, run_after=2024-12-19T00:00:00+00:00
[2024-12-18 22:22:22,098] {processor.py:161} INFO - Processing /home/patriciacorreia/Documents/airflowalura/venv/lib/python3.9/site-packages/airflow/example_dags/example_branch_datetime_operator.py took 0.108 seconds
[2024-12-18 22:23:04,388] {processor.py:153} INFO - Started process (PID=18851) to work on /home/patriciacorreia/Documents/airflowalura/venv/lib/python3.9/site-packages/airflow/example_dags/example_branch_datetime_operator.py
[2024-12-18 22:23:04,391] {processor.py:641} INFO - Processing file /home/patriciacorreia/Documents/airflowalura/venv/lib/python3.9/site-packages/airflow/example_dags/example_branch_datetime_operator.py for tasks to queue
[2024-12-18 22:23:04,393] {logging_mixin.py:115} INFO - [2024-12-18 22:23:04,392] {dagbag.py:507} INFO - Filling up the DagBag from /home/patriciacorreia/Documents/airflowalura/venv/lib/python3.9/site-packages/airflow/example_dags/example_branch_datetime_operator.py
[2024-12-18 22:23:04,417] {processor.py:651} INFO - DAG(s) dict_keys(['example_branch_datetime_operator_2']) retrieved from /home/patriciacorreia/Documents/airflowalura/venv/lib/python3.9/site-packages/airflow/example_dags/example_branch_datetime_operator.py
[2024-12-18 22:23:04,469] {logging_mixin.py:115} INFO - [2024-12-18 22:23:04,469] {dag.py:2379} INFO - Sync 1 DAGs
[2024-12-18 22:23:04,512] {logging_mixin.py:115} INFO - [2024-12-18 22:23:04,512] {dag.py:2927} INFO - Setting next_dagrun for example_branch_datetime_operator_2 to 2024-12-18T00:00:00+00:00, run_after=2024-12-19T00:00:00+00:00
[2024-12-18 22:23:04,534] {processor.py:161} INFO - Processing /home/patriciacorreia/Documents/airflowalura/venv/lib/python3.9/site-packages/airflow/example_dags/example_branch_datetime_operator.py took 0.160 seconds
[2024-12-18 22:23:48,719] {processor.py:153} INFO - Started process (PID=19049) to work on /home/patriciacorreia/Documents/airflowalura/venv/lib/python3.9/site-packages/airflow/example_dags/example_branch_datetime_operator.py
[2024-12-18 22:23:48,725] {processor.py:641} INFO - Processing file /home/patriciacorreia/Documents/airflowalura/venv/lib/python3.9/site-packages/airflow/example_dags/example_branch_datetime_operator.py for tasks to queue
[2024-12-18 22:23:48,728] {logging_mixin.py:115} INFO - [2024-12-18 22:23:48,727] {dagbag.py:507} INFO - Filling up the DagBag from /home/patriciacorreia/Documents/airflowalura/venv/lib/python3.9/site-packages/airflow/example_dags/example_branch_datetime_operator.py
[2024-12-18 22:23:48,763] {processor.py:651} INFO - DAG(s) dict_keys(['example_branch_datetime_operator_2']) retrieved from /home/patriciacorreia/Documents/airflowalura/venv/lib/python3.9/site-packages/airflow/example_dags/example_branch_datetime_operator.py
[2024-12-18 22:23:48,813] {logging_mixin.py:115} INFO - [2024-12-18 22:23:48,813] {dag.py:2379} INFO - Sync 1 DAGs
[2024-12-18 22:23:48,876] {logging_mixin.py:115} INFO - [2024-12-18 22:23:48,876] {dag.py:2927} INFO - Setting next_dagrun for example_branch_datetime_operator_2 to 2024-12-18T00:00:00+00:00, run_after=2024-12-19T00:00:00+00:00
[2024-12-18 22:23:48,910] {processor.py:161} INFO - Processing /home/patriciacorreia/Documents/airflowalura/venv/lib/python3.9/site-packages/airflow/example_dags/example_branch_datetime_operator.py took 0.211 seconds
[2024-12-18 22:24:35,980] {processor.py:153} INFO - Started process (PID=19275) to work on /home/patriciacorreia/Documents/airflowalura/venv/lib/python3.9/site-packages/airflow/example_dags/example_branch_datetime_operator.py
[2024-12-18 22:24:35,982] {processor.py:641} INFO - Processing file /home/patriciacorreia/Documents/airflowalura/venv/lib/python3.9/site-packages/airflow/example_dags/example_branch_datetime_operator.py for tasks to queue
[2024-12-18 22:24:35,983] {logging_mixin.py:115} INFO - [2024-12-18 22:24:35,983] {dagbag.py:507} INFO - Filling up the DagBag from /home/patriciacorreia/Documents/airflowalura/venv/lib/python3.9/site-packages/airflow/example_dags/example_branch_datetime_operator.py
[2024-12-18 22:24:36,002] {processor.py:651} INFO - DAG(s) dict_keys(['example_branch_datetime_operator_2']) retrieved from /home/patriciacorreia/Documents/airflowalura/venv/lib/python3.9/site-packages/airflow/example_dags/example_branch_datetime_operator.py
[2024-12-18 22:24:36,049] {logging_mixin.py:115} INFO - [2024-12-18 22:24:36,049] {dag.py:2379} INFO - Sync 1 DAGs
[2024-12-18 22:24:36,105] {logging_mixin.py:115} INFO - [2024-12-18 22:24:36,105] {dag.py:2927} INFO - Setting next_dagrun for example_branch_datetime_operator_2 to 2024-12-18T00:00:00+00:00, run_after=2024-12-19T00:00:00+00:00
[2024-12-18 22:24:36,133] {processor.py:161} INFO - Processing /home/patriciacorreia/Documents/airflowalura/venv/lib/python3.9/site-packages/airflow/example_dags/example_branch_datetime_operator.py took 0.161 seconds
[2024-12-18 22:25:21,090] {processor.py:153} INFO - Started process (PID=19512) to work on /home/patriciacorreia/Documents/airflowalura/venv/lib/python3.9/site-packages/airflow/example_dags/example_branch_datetime_operator.py
[2024-12-18 22:25:21,096] {processor.py:641} INFO - Processing file /home/patriciacorreia/Documents/airflowalura/venv/lib/python3.9/site-packages/airflow/example_dags/example_branch_datetime_operator.py for tasks to queue
[2024-12-18 22:25:21,098] {logging_mixin.py:115} INFO - [2024-12-18 22:25:21,097] {dagbag.py:507} INFO - Filling up the DagBag from /home/patriciacorreia/Documents/airflowalura/venv/lib/python3.9/site-packages/airflow/example_dags/example_branch_datetime_operator.py
[2024-12-18 22:25:21,125] {processor.py:651} INFO - DAG(s) dict_keys(['example_branch_datetime_operator_2']) retrieved from /home/patriciacorreia/Documents/airflowalura/venv/lib/python3.9/site-packages/airflow/example_dags/example_branch_datetime_operator.py
[2024-12-18 22:25:21,179] {logging_mixin.py:115} INFO - [2024-12-18 22:25:21,179] {dag.py:2379} INFO - Sync 1 DAGs
[2024-12-18 22:25:21,246] {logging_mixin.py:115} INFO - [2024-12-18 22:25:21,245] {dag.py:2927} INFO - Setting next_dagrun for example_branch_datetime_operator_2 to 2024-12-18T00:00:00+00:00, run_after=2024-12-19T00:00:00+00:00
[2024-12-18 22:25:21,284] {processor.py:161} INFO - Processing /home/patriciacorreia/Documents/airflowalura/venv/lib/python3.9/site-packages/airflow/example_dags/example_branch_datetime_operator.py took 0.203 seconds
[2024-12-18 22:26:06,016] {processor.py:153} INFO - Started process (PID=19713) to work on /home/patriciacorreia/Documents/airflowalura/venv/lib/python3.9/site-packages/airflow/example_dags/example_branch_datetime_operator.py
[2024-12-18 22:26:06,021] {processor.py:641} INFO - Processing file /home/patriciacorreia/Documents/airflowalura/venv/lib/python3.9/site-packages/airflow/example_dags/example_branch_datetime_operator.py for tasks to queue
[2024-12-18 22:26:06,025] {logging_mixin.py:115} INFO - [2024-12-18 22:26:06,024] {dagbag.py:507} INFO - Filling up the DagBag from /home/patriciacorreia/Documents/airflowalura/venv/lib/python3.9/site-packages/airflow/example_dags/example_branch_datetime_operator.py
[2024-12-18 22:26:06,081] {processor.py:651} INFO - DAG(s) dict_keys(['example_branch_datetime_operator_2']) retrieved from /home/patriciacorreia/Documents/airflowalura/venv/lib/python3.9/site-packages/airflow/example_dags/example_branch_datetime_operator.py
[2024-12-18 22:26:06,179] {logging_mixin.py:115} INFO - [2024-12-18 22:26:06,178] {dag.py:2379} INFO - Sync 1 DAGs
[2024-12-18 22:26:06,307] {logging_mixin.py:115} INFO - [2024-12-18 22:26:06,307] {dag.py:2927} INFO - Setting next_dagrun for example_branch_datetime_operator_2 to 2024-12-18T00:00:00+00:00, run_after=2024-12-19T00:00:00+00:00
[2024-12-18 22:26:06,403] {processor.py:161} INFO - Processing /home/patriciacorreia/Documents/airflowalura/venv/lib/python3.9/site-packages/airflow/example_dags/example_branch_datetime_operator.py took 0.408 seconds
[2024-12-18 22:26:51,570] {processor.py:153} INFO - Started process (PID=19914) to work on /home/patriciacorreia/Documents/airflowalura/venv/lib/python3.9/site-packages/airflow/example_dags/example_branch_datetime_operator.py
[2024-12-18 22:26:51,574] {processor.py:641} INFO - Processing file /home/patriciacorreia/Documents/airflowalura/venv/lib/python3.9/site-packages/airflow/example_dags/example_branch_datetime_operator.py for tasks to queue
[2024-12-18 22:26:51,577] {logging_mixin.py:115} INFO - [2024-12-18 22:26:51,577] {dagbag.py:507} INFO - Filling up the DagBag from /home/patriciacorreia/Documents/airflowalura/venv/lib/python3.9/site-packages/airflow/example_dags/example_branch_datetime_operator.py
[2024-12-18 22:26:51,610] {processor.py:651} INFO - DAG(s) dict_keys(['example_branch_datetime_operator_2']) retrieved from /home/patriciacorreia/Documents/airflowalura/venv/lib/python3.9/site-packages/airflow/example_dags/example_branch_datetime_operator.py
[2024-12-18 22:26:51,660] {logging_mixin.py:115} INFO - [2024-12-18 22:26:51,660] {dag.py:2379} INFO - Sync 1 DAGs
[2024-12-18 22:26:51,693] {logging_mixin.py:115} INFO - [2024-12-18 22:26:51,693] {dag.py:2927} INFO - Setting next_dagrun for example_branch_datetime_operator_2 to 2024-12-18T00:00:00+00:00, run_after=2024-12-19T00:00:00+00:00
[2024-12-18 22:26:51,711] {processor.py:161} INFO - Processing /home/patriciacorreia/Documents/airflowalura/venv/lib/python3.9/site-packages/airflow/example_dags/example_branch_datetime_operator.py took 0.156 seconds
[2024-12-18 22:27:35,328] {processor.py:153} INFO - Started process (PID=20117) to work on /home/patriciacorreia/Documents/airflowalura/venv/lib/python3.9/site-packages/airflow/example_dags/example_branch_datetime_operator.py
[2024-12-18 22:27:35,331] {processor.py:641} INFO - Processing file /home/patriciacorreia/Documents/airflowalura/venv/lib/python3.9/site-packages/airflow/example_dags/example_branch_datetime_operator.py for tasks to queue
[2024-12-18 22:27:35,334] {logging_mixin.py:115} INFO - [2024-12-18 22:27:35,334] {dagbag.py:507} INFO - Filling up the DagBag from /home/patriciacorreia/Documents/airflowalura/venv/lib/python3.9/site-packages/airflow/example_dags/example_branch_datetime_operator.py
[2024-12-18 22:27:35,363] {processor.py:651} INFO - DAG(s) dict_keys(['example_branch_datetime_operator_2']) retrieved from /home/patriciacorreia/Documents/airflowalura/venv/lib/python3.9/site-packages/airflow/example_dags/example_branch_datetime_operator.py
[2024-12-18 22:27:35,443] {logging_mixin.py:115} INFO - [2024-12-18 22:27:35,442] {dag.py:2379} INFO - Sync 1 DAGs
[2024-12-18 22:27:35,517] {logging_mixin.py:115} INFO - [2024-12-18 22:27:35,517] {dag.py:2927} INFO - Setting next_dagrun for example_branch_datetime_operator_2 to 2024-12-18T00:00:00+00:00, run_after=2024-12-19T00:00:00+00:00
[2024-12-18 22:27:35,544] {processor.py:161} INFO - Processing /home/patriciacorreia/Documents/airflowalura/venv/lib/python3.9/site-packages/airflow/example_dags/example_branch_datetime_operator.py took 0.229 seconds
[2024-12-18 22:28:13,350] {processor.py:153} INFO - Started process (PID=20311) to work on /home/patriciacorreia/Documents/airflowalura/venv/lib/python3.9/site-packages/airflow/example_dags/example_branch_datetime_operator.py
[2024-12-18 22:28:13,352] {processor.py:641} INFO - Processing file /home/patriciacorreia/Documents/airflowalura/venv/lib/python3.9/site-packages/airflow/example_dags/example_branch_datetime_operator.py for tasks to queue
[2024-12-18 22:28:13,353] {logging_mixin.py:115} INFO - [2024-12-18 22:28:13,353] {dagbag.py:507} INFO - Filling up the DagBag from /home/patriciacorreia/Documents/airflowalura/venv/lib/python3.9/site-packages/airflow/example_dags/example_branch_datetime_operator.py
[2024-12-18 22:28:13,369] {processor.py:651} INFO - DAG(s) dict_keys(['example_branch_datetime_operator_2']) retrieved from /home/patriciacorreia/Documents/airflowalura/venv/lib/python3.9/site-packages/airflow/example_dags/example_branch_datetime_operator.py
[2024-12-18 22:28:13,397] {logging_mixin.py:115} INFO - [2024-12-18 22:28:13,397] {dag.py:2379} INFO - Sync 1 DAGs
[2024-12-18 22:28:13,430] {logging_mixin.py:115} INFO - [2024-12-18 22:28:13,430] {dag.py:2927} INFO - Setting next_dagrun for example_branch_datetime_operator_2 to 2024-12-18T00:00:00+00:00, run_after=2024-12-19T00:00:00+00:00
[2024-12-18 22:28:13,449] {processor.py:161} INFO - Processing /home/patriciacorreia/Documents/airflowalura/venv/lib/python3.9/site-packages/airflow/example_dags/example_branch_datetime_operator.py took 0.106 seconds
[2024-12-18 22:28:59,434] {processor.py:153} INFO - Started process (PID=20536) to work on /home/patriciacorreia/Documents/airflowalura/venv/lib/python3.9/site-packages/airflow/example_dags/example_branch_datetime_operator.py
[2024-12-18 22:28:59,435] {processor.py:641} INFO - Processing file /home/patriciacorreia/Documents/airflowalura/venv/lib/python3.9/site-packages/airflow/example_dags/example_branch_datetime_operator.py for tasks to queue
[2024-12-18 22:28:59,436] {logging_mixin.py:115} INFO - [2024-12-18 22:28:59,436] {dagbag.py:507} INFO - Filling up the DagBag from /home/patriciacorreia/Documents/airflowalura/venv/lib/python3.9/site-packages/airflow/example_dags/example_branch_datetime_operator.py
[2024-12-18 22:28:59,458] {processor.py:651} INFO - DAG(s) dict_keys(['example_branch_datetime_operator_2']) retrieved from /home/patriciacorreia/Documents/airflowalura/venv/lib/python3.9/site-packages/airflow/example_dags/example_branch_datetime_operator.py
[2024-12-18 22:28:59,487] {logging_mixin.py:115} INFO - [2024-12-18 22:28:59,486] {dag.py:2379} INFO - Sync 1 DAGs
[2024-12-18 22:28:59,528] {logging_mixin.py:115} INFO - [2024-12-18 22:28:59,528] {dag.py:2927} INFO - Setting next_dagrun for example_branch_datetime_operator_2 to 2024-12-18T00:00:00+00:00, run_after=2024-12-19T00:00:00+00:00
[2024-12-18 22:28:59,550] {processor.py:161} INFO - Processing /home/patriciacorreia/Documents/airflowalura/venv/lib/python3.9/site-packages/airflow/example_dags/example_branch_datetime_operator.py took 0.121 seconds
[2024-12-18 22:29:37,835] {processor.py:153} INFO - Started process (PID=20735) to work on /home/patriciacorreia/Documents/airflowalura/venv/lib/python3.9/site-packages/airflow/example_dags/example_branch_datetime_operator.py
[2024-12-18 22:29:37,838] {processor.py:641} INFO - Processing file /home/patriciacorreia/Documents/airflowalura/venv/lib/python3.9/site-packages/airflow/example_dags/example_branch_datetime_operator.py for tasks to queue
[2024-12-18 22:29:37,840] {logging_mixin.py:115} INFO - [2024-12-18 22:29:37,840] {dagbag.py:507} INFO - Filling up the DagBag from /home/patriciacorreia/Documents/airflowalura/venv/lib/python3.9/site-packages/airflow/example_dags/example_branch_datetime_operator.py
[2024-12-18 22:29:37,864] {processor.py:651} INFO - DAG(s) dict_keys(['example_branch_datetime_operator_2']) retrieved from /home/patriciacorreia/Documents/airflowalura/venv/lib/python3.9/site-packages/airflow/example_dags/example_branch_datetime_operator.py
[2024-12-18 22:29:37,912] {logging_mixin.py:115} INFO - [2024-12-18 22:29:37,912] {dag.py:2379} INFO - Sync 1 DAGs
[2024-12-18 22:29:37,973] {logging_mixin.py:115} INFO - [2024-12-18 22:29:37,972] {dag.py:2927} INFO - Setting next_dagrun for example_branch_datetime_operator_2 to 2024-12-18T00:00:00+00:00, run_after=2024-12-19T00:00:00+00:00
[2024-12-18 22:29:37,999] {processor.py:161} INFO - Processing /home/patriciacorreia/Documents/airflowalura/venv/lib/python3.9/site-packages/airflow/example_dags/example_branch_datetime_operator.py took 0.174 seconds
[2024-12-18 22:30:21,198] {processor.py:153} INFO - Started process (PID=20958) to work on /home/patriciacorreia/Documents/airflowalura/venv/lib/python3.9/site-packages/airflow/example_dags/example_branch_datetime_operator.py
[2024-12-18 22:30:21,199] {processor.py:641} INFO - Processing file /home/patriciacorreia/Documents/airflowalura/venv/lib/python3.9/site-packages/airflow/example_dags/example_branch_datetime_operator.py for tasks to queue
[2024-12-18 22:30:21,200] {logging_mixin.py:115} INFO - [2024-12-18 22:30:21,200] {dagbag.py:507} INFO - Filling up the DagBag from /home/patriciacorreia/Documents/airflowalura/venv/lib/python3.9/site-packages/airflow/example_dags/example_branch_datetime_operator.py
[2024-12-18 22:30:21,209] {processor.py:651} INFO - DAG(s) dict_keys(['example_branch_datetime_operator_2']) retrieved from /home/patriciacorreia/Documents/airflowalura/venv/lib/python3.9/site-packages/airflow/example_dags/example_branch_datetime_operator.py
[2024-12-18 22:30:21,227] {logging_mixin.py:115} INFO - [2024-12-18 22:30:21,227] {dag.py:2379} INFO - Sync 1 DAGs
[2024-12-18 22:30:21,252] {logging_mixin.py:115} INFO - [2024-12-18 22:30:21,252] {dag.py:2927} INFO - Setting next_dagrun for example_branch_datetime_operator_2 to 2024-12-18T00:00:00+00:00, run_after=2024-12-19T00:00:00+00:00
[2024-12-18 22:30:21,266] {processor.py:161} INFO - Processing /home/patriciacorreia/Documents/airflowalura/venv/lib/python3.9/site-packages/airflow/example_dags/example_branch_datetime_operator.py took 0.072 seconds
[2024-12-18 22:31:04,926] {processor.py:153} INFO - Started process (PID=21188) to work on /home/patriciacorreia/Documents/airflowalura/venv/lib/python3.9/site-packages/airflow/example_dags/example_branch_datetime_operator.py
[2024-12-18 22:31:04,928] {processor.py:641} INFO - Processing file /home/patriciacorreia/Documents/airflowalura/venv/lib/python3.9/site-packages/airflow/example_dags/example_branch_datetime_operator.py for tasks to queue
[2024-12-18 22:31:04,930] {logging_mixin.py:115} INFO - [2024-12-18 22:31:04,930] {dagbag.py:507} INFO - Filling up the DagBag from /home/patriciacorreia/Documents/airflowalura/venv/lib/python3.9/site-packages/airflow/example_dags/example_branch_datetime_operator.py
[2024-12-18 22:31:04,954] {processor.py:651} INFO - DAG(s) dict_keys(['example_branch_datetime_operator_2']) retrieved from /home/patriciacorreia/Documents/airflowalura/venv/lib/python3.9/site-packages/airflow/example_dags/example_branch_datetime_operator.py
[2024-12-18 22:31:04,994] {logging_mixin.py:115} INFO - [2024-12-18 22:31:04,994] {dag.py:2379} INFO - Sync 1 DAGs
[2024-12-18 22:31:05,053] {logging_mixin.py:115} INFO - [2024-12-18 22:31:05,052] {dag.py:2927} INFO - Setting next_dagrun for example_branch_datetime_operator_2 to 2024-12-18T00:00:00+00:00, run_after=2024-12-19T00:00:00+00:00
[2024-12-18 22:31:05,098] {processor.py:161} INFO - Processing /home/patriciacorreia/Documents/airflowalura/venv/lib/python3.9/site-packages/airflow/example_dags/example_branch_datetime_operator.py took 0.182 seconds
[2024-12-18 22:31:39,222] {processor.py:153} INFO - Started process (PID=21368) to work on /home/patriciacorreia/Documents/airflowalura/venv/lib/python3.9/site-packages/airflow/example_dags/example_branch_datetime_operator.py
[2024-12-18 22:31:39,224] {processor.py:641} INFO - Processing file /home/patriciacorreia/Documents/airflowalura/venv/lib/python3.9/site-packages/airflow/example_dags/example_branch_datetime_operator.py for tasks to queue
[2024-12-18 22:31:39,226] {logging_mixin.py:115} INFO - [2024-12-18 22:31:39,225] {dagbag.py:507} INFO - Filling up the DagBag from /home/patriciacorreia/Documents/airflowalura/venv/lib/python3.9/site-packages/airflow/example_dags/example_branch_datetime_operator.py
[2024-12-18 22:31:39,240] {processor.py:651} INFO - DAG(s) dict_keys(['example_branch_datetime_operator_2']) retrieved from /home/patriciacorreia/Documents/airflowalura/venv/lib/python3.9/site-packages/airflow/example_dags/example_branch_datetime_operator.py
[2024-12-18 22:31:39,261] {logging_mixin.py:115} INFO - [2024-12-18 22:31:39,261] {dag.py:2379} INFO - Sync 1 DAGs
[2024-12-18 22:31:39,287] {logging_mixin.py:115} INFO - [2024-12-18 22:31:39,287] {dag.py:2927} INFO - Setting next_dagrun for example_branch_datetime_operator_2 to 2024-12-18T00:00:00+00:00, run_after=2024-12-19T00:00:00+00:00
[2024-12-18 22:31:39,303] {processor.py:161} INFO - Processing /home/patriciacorreia/Documents/airflowalura/venv/lib/python3.9/site-packages/airflow/example_dags/example_branch_datetime_operator.py took 0.089 seconds
[2024-12-18 22:32:28,675] {processor.py:153} INFO - Started process (PID=21610) to work on /home/patriciacorreia/Documents/airflowalura/venv/lib/python3.9/site-packages/airflow/example_dags/example_branch_datetime_operator.py
[2024-12-18 22:32:28,677] {processor.py:641} INFO - Processing file /home/patriciacorreia/Documents/airflowalura/venv/lib/python3.9/site-packages/airflow/example_dags/example_branch_datetime_operator.py for tasks to queue
[2024-12-18 22:32:28,679] {logging_mixin.py:115} INFO - [2024-12-18 22:32:28,678] {dagbag.py:507} INFO - Filling up the DagBag from /home/patriciacorreia/Documents/airflowalura/venv/lib/python3.9/site-packages/airflow/example_dags/example_branch_datetime_operator.py
[2024-12-18 22:32:28,696] {processor.py:651} INFO - DAG(s) dict_keys(['example_branch_datetime_operator_2']) retrieved from /home/patriciacorreia/Documents/airflowalura/venv/lib/python3.9/site-packages/airflow/example_dags/example_branch_datetime_operator.py
[2024-12-18 22:32:28,736] {logging_mixin.py:115} INFO - [2024-12-18 22:32:28,735] {dag.py:2379} INFO - Sync 1 DAGs
[2024-12-18 22:32:28,825] {logging_mixin.py:115} INFO - [2024-12-18 22:32:28,825] {dag.py:2927} INFO - Setting next_dagrun for example_branch_datetime_operator_2 to 2024-12-18T00:00:00+00:00, run_after=2024-12-19T00:00:00+00:00
[2024-12-18 22:32:28,858] {processor.py:161} INFO - Processing /home/patriciacorreia/Documents/airflowalura/venv/lib/python3.9/site-packages/airflow/example_dags/example_branch_datetime_operator.py took 0.190 seconds
[2024-12-18 22:33:12,434] {processor.py:153} INFO - Started process (PID=21816) to work on /home/patriciacorreia/Documents/airflowalura/venv/lib/python3.9/site-packages/airflow/example_dags/example_branch_datetime_operator.py
[2024-12-18 22:33:12,439] {processor.py:641} INFO - Processing file /home/patriciacorreia/Documents/airflowalura/venv/lib/python3.9/site-packages/airflow/example_dags/example_branch_datetime_operator.py for tasks to queue
[2024-12-18 22:33:12,441] {logging_mixin.py:115} INFO - [2024-12-18 22:33:12,441] {dagbag.py:507} INFO - Filling up the DagBag from /home/patriciacorreia/Documents/airflowalura/venv/lib/python3.9/site-packages/airflow/example_dags/example_branch_datetime_operator.py
[2024-12-18 22:33:12,479] {processor.py:651} INFO - DAG(s) dict_keys(['example_branch_datetime_operator_2']) retrieved from /home/patriciacorreia/Documents/airflowalura/venv/lib/python3.9/site-packages/airflow/example_dags/example_branch_datetime_operator.py
[2024-12-18 22:33:12,527] {logging_mixin.py:115} INFO - [2024-12-18 22:33:12,527] {dag.py:2379} INFO - Sync 1 DAGs
[2024-12-18 22:33:12,571] {logging_mixin.py:115} INFO - [2024-12-18 22:33:12,571] {dag.py:2927} INFO - Setting next_dagrun for example_branch_datetime_operator_2 to 2024-12-18T00:00:00+00:00, run_after=2024-12-19T00:00:00+00:00
[2024-12-18 22:33:12,600] {processor.py:161} INFO - Processing /home/patriciacorreia/Documents/airflowalura/venv/lib/python3.9/site-packages/airflow/example_dags/example_branch_datetime_operator.py took 0.184 seconds
[2024-12-18 22:34:01,001] {processor.py:153} INFO - Started process (PID=22035) to work on /home/patriciacorreia/Documents/airflowalura/venv/lib/python3.9/site-packages/airflow/example_dags/example_branch_datetime_operator.py
[2024-12-18 22:34:01,004] {processor.py:641} INFO - Processing file /home/patriciacorreia/Documents/airflowalura/venv/lib/python3.9/site-packages/airflow/example_dags/example_branch_datetime_operator.py for tasks to queue
[2024-12-18 22:34:01,006] {logging_mixin.py:115} INFO - [2024-12-18 22:34:01,006] {dagbag.py:507} INFO - Filling up the DagBag from /home/patriciacorreia/Documents/airflowalura/venv/lib/python3.9/site-packages/airflow/example_dags/example_branch_datetime_operator.py
[2024-12-18 22:34:01,041] {processor.py:651} INFO - DAG(s) dict_keys(['example_branch_datetime_operator_2']) retrieved from /home/patriciacorreia/Documents/airflowalura/venv/lib/python3.9/site-packages/airflow/example_dags/example_branch_datetime_operator.py
[2024-12-18 22:34:01,095] {logging_mixin.py:115} INFO - [2024-12-18 22:34:01,095] {dag.py:2379} INFO - Sync 1 DAGs
[2024-12-18 22:34:01,131] {logging_mixin.py:115} INFO - [2024-12-18 22:34:01,131] {dag.py:2927} INFO - Setting next_dagrun for example_branch_datetime_operator_2 to 2024-12-18T00:00:00+00:00, run_after=2024-12-19T00:00:00+00:00
[2024-12-18 22:34:01,152] {processor.py:161} INFO - Processing /home/patriciacorreia/Documents/airflowalura/venv/lib/python3.9/site-packages/airflow/example_dags/example_branch_datetime_operator.py took 0.164 seconds
[2024-12-18 22:34:47,515] {processor.py:153} INFO - Started process (PID=22239) to work on /home/patriciacorreia/Documents/airflowalura/venv/lib/python3.9/site-packages/airflow/example_dags/example_branch_datetime_operator.py
[2024-12-18 22:34:47,519] {processor.py:641} INFO - Processing file /home/patriciacorreia/Documents/airflowalura/venv/lib/python3.9/site-packages/airflow/example_dags/example_branch_datetime_operator.py for tasks to queue
[2024-12-18 22:34:47,523] {logging_mixin.py:115} INFO - [2024-12-18 22:34:47,523] {dagbag.py:507} INFO - Filling up the DagBag from /home/patriciacorreia/Documents/airflowalura/venv/lib/python3.9/site-packages/airflow/example_dags/example_branch_datetime_operator.py
[2024-12-18 22:34:47,564] {processor.py:651} INFO - DAG(s) dict_keys(['example_branch_datetime_operator_2']) retrieved from /home/patriciacorreia/Documents/airflowalura/venv/lib/python3.9/site-packages/airflow/example_dags/example_branch_datetime_operator.py
[2024-12-18 22:34:47,650] {logging_mixin.py:115} INFO - [2024-12-18 22:34:47,649] {dag.py:2379} INFO - Sync 1 DAGs
[2024-12-18 22:34:47,753] {logging_mixin.py:115} INFO - [2024-12-18 22:34:47,752] {dag.py:2927} INFO - Setting next_dagrun for example_branch_datetime_operator_2 to 2024-12-18T00:00:00+00:00, run_after=2024-12-19T00:00:00+00:00
[2024-12-18 22:34:47,809] {processor.py:161} INFO - Processing /home/patriciacorreia/Documents/airflowalura/venv/lib/python3.9/site-packages/airflow/example_dags/example_branch_datetime_operator.py took 0.309 seconds
[2024-12-18 22:35:40,991] {processor.py:153} INFO - Started process (PID=22486) to work on /home/patriciacorreia/Documents/airflowalura/venv/lib/python3.9/site-packages/airflow/example_dags/example_branch_datetime_operator.py
[2024-12-18 22:35:40,992] {processor.py:641} INFO - Processing file /home/patriciacorreia/Documents/airflowalura/venv/lib/python3.9/site-packages/airflow/example_dags/example_branch_datetime_operator.py for tasks to queue
[2024-12-18 22:35:40,993] {logging_mixin.py:115} INFO - [2024-12-18 22:35:40,993] {dagbag.py:507} INFO - Filling up the DagBag from /home/patriciacorreia/Documents/airflowalura/venv/lib/python3.9/site-packages/airflow/example_dags/example_branch_datetime_operator.py
[2024-12-18 22:35:41,007] {processor.py:651} INFO - DAG(s) dict_keys(['example_branch_datetime_operator_2']) retrieved from /home/patriciacorreia/Documents/airflowalura/venv/lib/python3.9/site-packages/airflow/example_dags/example_branch_datetime_operator.py
[2024-12-18 22:35:41,039] {logging_mixin.py:115} INFO - [2024-12-18 22:35:41,039] {dag.py:2379} INFO - Sync 1 DAGs
[2024-12-18 22:35:41,076] {logging_mixin.py:115} INFO - [2024-12-18 22:35:41,076] {dag.py:2927} INFO - Setting next_dagrun for example_branch_datetime_operator_2 to 2024-12-18T00:00:00+00:00, run_after=2024-12-19T00:00:00+00:00
[2024-12-18 22:35:41,093] {processor.py:161} INFO - Processing /home/patriciacorreia/Documents/airflowalura/venv/lib/python3.9/site-packages/airflow/example_dags/example_branch_datetime_operator.py took 0.108 seconds
[2024-12-18 22:36:29,703] {processor.py:153} INFO - Started process (PID=22703) to work on /home/patriciacorreia/Documents/airflowalura/venv/lib/python3.9/site-packages/airflow/example_dags/example_branch_datetime_operator.py
[2024-12-18 22:36:29,707] {processor.py:641} INFO - Processing file /home/patriciacorreia/Documents/airflowalura/venv/lib/python3.9/site-packages/airflow/example_dags/example_branch_datetime_operator.py for tasks to queue
[2024-12-18 22:36:29,710] {logging_mixin.py:115} INFO - [2024-12-18 22:36:29,710] {dagbag.py:507} INFO - Filling up the DagBag from /home/patriciacorreia/Documents/airflowalura/venv/lib/python3.9/site-packages/airflow/example_dags/example_branch_datetime_operator.py
[2024-12-18 22:36:29,752] {processor.py:651} INFO - DAG(s) dict_keys(['example_branch_datetime_operator_2']) retrieved from /home/patriciacorreia/Documents/airflowalura/venv/lib/python3.9/site-packages/airflow/example_dags/example_branch_datetime_operator.py
[2024-12-18 22:36:29,824] {logging_mixin.py:115} INFO - [2024-12-18 22:36:29,823] {dag.py:2379} INFO - Sync 1 DAGs
[2024-12-18 22:36:29,915] {logging_mixin.py:115} INFO - [2024-12-18 22:36:29,915] {dag.py:2927} INFO - Setting next_dagrun for example_branch_datetime_operator_2 to 2024-12-18T00:00:00+00:00, run_after=2024-12-19T00:00:00+00:00
[2024-12-18 22:36:29,966] {processor.py:161} INFO - Processing /home/patriciacorreia/Documents/airflowalura/venv/lib/python3.9/site-packages/airflow/example_dags/example_branch_datetime_operator.py took 0.275 seconds
[2024-12-18 22:37:25,476] {processor.py:153} INFO - Started process (PID=22948) to work on /home/patriciacorreia/Documents/airflowalura/venv/lib/python3.9/site-packages/airflow/example_dags/example_branch_datetime_operator.py
[2024-12-18 22:37:25,480] {processor.py:641} INFO - Processing file /home/patriciacorreia/Documents/airflowalura/venv/lib/python3.9/site-packages/airflow/example_dags/example_branch_datetime_operator.py for tasks to queue
[2024-12-18 22:37:25,483] {logging_mixin.py:115} INFO - [2024-12-18 22:37:25,482] {dagbag.py:507} INFO - Filling up the DagBag from /home/patriciacorreia/Documents/airflowalura/venv/lib/python3.9/site-packages/airflow/example_dags/example_branch_datetime_operator.py
[2024-12-18 22:37:25,517] {processor.py:651} INFO - DAG(s) dict_keys(['example_branch_datetime_operator_2']) retrieved from /home/patriciacorreia/Documents/airflowalura/venv/lib/python3.9/site-packages/airflow/example_dags/example_branch_datetime_operator.py
[2024-12-18 22:37:25,601] {logging_mixin.py:115} INFO - [2024-12-18 22:37:25,600] {dag.py:2379} INFO - Sync 1 DAGs
[2024-12-18 22:37:25,718] {logging_mixin.py:115} INFO - [2024-12-18 22:37:25,718] {dag.py:2927} INFO - Setting next_dagrun for example_branch_datetime_operator_2 to 2024-12-18T00:00:00+00:00, run_after=2024-12-19T00:00:00+00:00
[2024-12-18 22:37:25,780] {processor.py:161} INFO - Processing /home/patriciacorreia/Documents/airflowalura/venv/lib/python3.9/site-packages/airflow/example_dags/example_branch_datetime_operator.py took 0.318 seconds
[2024-12-18 22:38:09,555] {processor.py:153} INFO - Started process (PID=23146) to work on /home/patriciacorreia/Documents/airflowalura/venv/lib/python3.9/site-packages/airflow/example_dags/example_branch_datetime_operator.py
[2024-12-18 22:38:09,558] {processor.py:641} INFO - Processing file /home/patriciacorreia/Documents/airflowalura/venv/lib/python3.9/site-packages/airflow/example_dags/example_branch_datetime_operator.py for tasks to queue
[2024-12-18 22:38:09,559] {logging_mixin.py:115} INFO - [2024-12-18 22:38:09,559] {dagbag.py:507} INFO - Filling up the DagBag from /home/patriciacorreia/Documents/airflowalura/venv/lib/python3.9/site-packages/airflow/example_dags/example_branch_datetime_operator.py
[2024-12-18 22:38:09,578] {processor.py:651} INFO - DAG(s) dict_keys(['example_branch_datetime_operator_2']) retrieved from /home/patriciacorreia/Documents/airflowalura/venv/lib/python3.9/site-packages/airflow/example_dags/example_branch_datetime_operator.py
[2024-12-18 22:38:09,622] {logging_mixin.py:115} INFO - [2024-12-18 22:38:09,622] {dag.py:2379} INFO - Sync 1 DAGs
[2024-12-18 22:38:09,678] {logging_mixin.py:115} INFO - [2024-12-18 22:38:09,678] {dag.py:2927} INFO - Setting next_dagrun for example_branch_datetime_operator_2 to 2024-12-18T00:00:00+00:00, run_after=2024-12-19T00:00:00+00:00
[2024-12-18 22:38:09,700] {processor.py:161} INFO - Processing /home/patriciacorreia/Documents/airflowalura/venv/lib/python3.9/site-packages/airflow/example_dags/example_branch_datetime_operator.py took 0.153 seconds
[2024-12-18 22:39:01,750] {processor.py:153} INFO - Started process (PID=23390) to work on /home/patriciacorreia/Documents/airflowalura/venv/lib/python3.9/site-packages/airflow/example_dags/example_branch_datetime_operator.py
[2024-12-18 22:39:01,755] {processor.py:641} INFO - Processing file /home/patriciacorreia/Documents/airflowalura/venv/lib/python3.9/site-packages/airflow/example_dags/example_branch_datetime_operator.py for tasks to queue
[2024-12-18 22:39:01,758] {logging_mixin.py:115} INFO - [2024-12-18 22:39:01,757] {dagbag.py:507} INFO - Filling up the DagBag from /home/patriciacorreia/Documents/airflowalura/venv/lib/python3.9/site-packages/airflow/example_dags/example_branch_datetime_operator.py
[2024-12-18 22:39:01,804] {processor.py:651} INFO - DAG(s) dict_keys(['example_branch_datetime_operator_2']) retrieved from /home/patriciacorreia/Documents/airflowalura/venv/lib/python3.9/site-packages/airflow/example_dags/example_branch_datetime_operator.py
[2024-12-18 22:39:01,868] {logging_mixin.py:115} INFO - [2024-12-18 22:39:01,868] {dag.py:2379} INFO - Sync 1 DAGs
[2024-12-18 22:39:01,902] {logging_mixin.py:115} INFO - [2024-12-18 22:39:01,902] {dag.py:2927} INFO - Setting next_dagrun for example_branch_datetime_operator_2 to 2024-12-18T00:00:00+00:00, run_after=2024-12-19T00:00:00+00:00
[2024-12-18 22:39:01,921] {processor.py:161} INFO - Processing /home/patriciacorreia/Documents/airflowalura/venv/lib/python3.9/site-packages/airflow/example_dags/example_branch_datetime_operator.py took 0.191 seconds
[2024-12-18 22:39:50,287] {processor.py:153} INFO - Started process (PID=23614) to work on /home/patriciacorreia/Documents/airflowalura/venv/lib/python3.9/site-packages/airflow/example_dags/example_branch_datetime_operator.py
[2024-12-18 22:39:50,291] {processor.py:641} INFO - Processing file /home/patriciacorreia/Documents/airflowalura/venv/lib/python3.9/site-packages/airflow/example_dags/example_branch_datetime_operator.py for tasks to queue
[2024-12-18 22:39:50,295] {logging_mixin.py:115} INFO - [2024-12-18 22:39:50,294] {dagbag.py:507} INFO - Filling up the DagBag from /home/patriciacorreia/Documents/airflowalura/venv/lib/python3.9/site-packages/airflow/example_dags/example_branch_datetime_operator.py
[2024-12-18 22:39:50,334] {processor.py:651} INFO - DAG(s) dict_keys(['example_branch_datetime_operator_2']) retrieved from /home/patriciacorreia/Documents/airflowalura/venv/lib/python3.9/site-packages/airflow/example_dags/example_branch_datetime_operator.py
[2024-12-18 22:39:50,413] {logging_mixin.py:115} INFO - [2024-12-18 22:39:50,412] {dag.py:2379} INFO - Sync 1 DAGs
[2024-12-18 22:39:50,450] {logging_mixin.py:115} INFO - [2024-12-18 22:39:50,450] {dag.py:2927} INFO - Setting next_dagrun for example_branch_datetime_operator_2 to 2024-12-18T00:00:00+00:00, run_after=2024-12-19T00:00:00+00:00
[2024-12-18 22:39:50,471] {processor.py:161} INFO - Processing /home/patriciacorreia/Documents/airflowalura/venv/lib/python3.9/site-packages/airflow/example_dags/example_branch_datetime_operator.py took 0.204 seconds
[2024-12-18 22:40:31,009] {processor.py:153} INFO - Started process (PID=23826) to work on /home/patriciacorreia/Documents/airflowalura/venv/lib/python3.9/site-packages/airflow/example_dags/example_branch_datetime_operator.py
[2024-12-18 22:40:31,012] {processor.py:641} INFO - Processing file /home/patriciacorreia/Documents/airflowalura/venv/lib/python3.9/site-packages/airflow/example_dags/example_branch_datetime_operator.py for tasks to queue
[2024-12-18 22:40:31,014] {logging_mixin.py:115} INFO - [2024-12-18 22:40:31,014] {dagbag.py:507} INFO - Filling up the DagBag from /home/patriciacorreia/Documents/airflowalura/venv/lib/python3.9/site-packages/airflow/example_dags/example_branch_datetime_operator.py
[2024-12-18 22:40:31,031] {processor.py:651} INFO - DAG(s) dict_keys(['example_branch_datetime_operator_2']) retrieved from /home/patriciacorreia/Documents/airflowalura/venv/lib/python3.9/site-packages/airflow/example_dags/example_branch_datetime_operator.py
[2024-12-18 22:40:31,053] {logging_mixin.py:115} INFO - [2024-12-18 22:40:31,053] {dag.py:2379} INFO - Sync 1 DAGs
[2024-12-18 22:40:31,087] {logging_mixin.py:115} INFO - [2024-12-18 22:40:31,086] {dag.py:2927} INFO - Setting next_dagrun for example_branch_datetime_operator_2 to 2024-12-18T00:00:00+00:00, run_after=2024-12-19T00:00:00+00:00
[2024-12-18 22:40:31,108] {processor.py:161} INFO - Processing /home/patriciacorreia/Documents/airflowalura/venv/lib/python3.9/site-packages/airflow/example_dags/example_branch_datetime_operator.py took 0.105 seconds
