[2024-12-18 22:05:35,440] {processor.py:153} INFO - Started process (PID=13833) to work on /home/patriciacorreia/Documents/airflowalura/venv/lib/python3.9/site-packages/airflow/example_dags/example_trigger_controller_dag.py
[2024-12-18 22:05:35,441] {processor.py:641} INFO - Processing file /home/patriciacorreia/Documents/airflowalura/venv/lib/python3.9/site-packages/airflow/example_dags/example_trigger_controller_dag.py for tasks to queue
[2024-12-18 22:05:35,442] {logging_mixin.py:115} INFO - [2024-12-18 22:05:35,441] {dagbag.py:507} INFO - Filling up the DagBag from /home/patriciacorreia/Documents/airflowalura/venv/lib/python3.9/site-packages/airflow/example_dags/example_trigger_controller_dag.py
[2024-12-18 22:05:35,448] {processor.py:651} INFO - DAG(s) dict_keys(['example_trigger_controller_dag']) retrieved from /home/patriciacorreia/Documents/airflowalura/venv/lib/python3.9/site-packages/airflow/example_dags/example_trigger_controller_dag.py
[2024-12-18 22:05:35,563] {logging_mixin.py:115} INFO - [2024-12-18 22:05:35,563] {manager.py:508} INFO - Created Permission View: can read on DAG:example_trigger_controller_dag
[2024-12-18 22:05:35,577] {logging_mixin.py:115} INFO - [2024-12-18 22:05:35,577] {manager.py:508} INFO - Created Permission View: can delete on DAG:example_trigger_controller_dag
[2024-12-18 22:05:35,589] {logging_mixin.py:115} INFO - [2024-12-18 22:05:35,589] {manager.py:508} INFO - Created Permission View: can edit on DAG:example_trigger_controller_dag
[2024-12-18 22:05:35,590] {logging_mixin.py:115} INFO - [2024-12-18 22:05:35,589] {dag.py:2379} INFO - Sync 1 DAGs
[2024-12-18 22:05:35,601] {logging_mixin.py:115} INFO - [2024-12-18 22:05:35,601] {dag.py:2398} INFO - Creating ORM DAG for example_trigger_controller_dag
[2024-12-18 22:05:35,615] {logging_mixin.py:115} INFO - [2024-12-18 22:05:35,615] {dag.py:2927} INFO - Setting next_dagrun for example_trigger_controller_dag to 2021-01-01T00:00:00+00:00, run_after=2021-01-01T00:00:00+00:00
[2024-12-18 22:05:35,637] {processor.py:161} INFO - Processing /home/patriciacorreia/Documents/airflowalura/venv/lib/python3.9/site-packages/airflow/example_dags/example_trigger_controller_dag.py took 0.205 seconds
[2024-12-18 22:06:11,767] {processor.py:153} INFO - Started process (PID=13958) to work on /home/patriciacorreia/Documents/airflowalura/venv/lib/python3.9/site-packages/airflow/example_dags/example_trigger_controller_dag.py
[2024-12-18 22:06:11,769] {processor.py:641} INFO - Processing file /home/patriciacorreia/Documents/airflowalura/venv/lib/python3.9/site-packages/airflow/example_dags/example_trigger_controller_dag.py for tasks to queue
[2024-12-18 22:06:11,769] {logging_mixin.py:115} INFO - [2024-12-18 22:06:11,769] {dagbag.py:507} INFO - Filling up the DagBag from /home/patriciacorreia/Documents/airflowalura/venv/lib/python3.9/site-packages/airflow/example_dags/example_trigger_controller_dag.py
[2024-12-18 22:06:11,775] {processor.py:651} INFO - DAG(s) dict_keys(['example_trigger_controller_dag']) retrieved from /home/patriciacorreia/Documents/airflowalura/venv/lib/python3.9/site-packages/airflow/example_dags/example_trigger_controller_dag.py
[2024-12-18 22:06:11,798] {logging_mixin.py:115} INFO - [2024-12-18 22:06:11,798] {dag.py:2379} INFO - Sync 1 DAGs
[2024-12-18 22:06:11,822] {logging_mixin.py:115} INFO - [2024-12-18 22:06:11,822] {dag.py:2927} INFO - Setting next_dagrun for example_trigger_controller_dag to 2021-01-01T00:00:00+00:00, run_after=2021-01-01T00:00:00+00:00
[2024-12-18 22:06:11,843] {processor.py:161} INFO - Processing /home/patriciacorreia/Documents/airflowalura/venv/lib/python3.9/site-packages/airflow/example_dags/example_trigger_controller_dag.py took 0.081 seconds
[2024-12-18 22:06:47,578] {processor.py:153} INFO - Started process (PID=14098) to work on /home/patriciacorreia/Documents/airflowalura/venv/lib/python3.9/site-packages/airflow/example_dags/example_trigger_controller_dag.py
[2024-12-18 22:06:47,580] {processor.py:641} INFO - Processing file /home/patriciacorreia/Documents/airflowalura/venv/lib/python3.9/site-packages/airflow/example_dags/example_trigger_controller_dag.py for tasks to queue
[2024-12-18 22:06:47,581] {logging_mixin.py:115} INFO - [2024-12-18 22:06:47,580] {dagbag.py:507} INFO - Filling up the DagBag from /home/patriciacorreia/Documents/airflowalura/venv/lib/python3.9/site-packages/airflow/example_dags/example_trigger_controller_dag.py
[2024-12-18 22:06:47,586] {processor.py:651} INFO - DAG(s) dict_keys(['example_trigger_controller_dag']) retrieved from /home/patriciacorreia/Documents/airflowalura/venv/lib/python3.9/site-packages/airflow/example_dags/example_trigger_controller_dag.py
[2024-12-18 22:06:47,609] {logging_mixin.py:115} INFO - [2024-12-18 22:06:47,609] {dag.py:2379} INFO - Sync 1 DAGs
[2024-12-18 22:06:47,632] {logging_mixin.py:115} INFO - [2024-12-18 22:06:47,632] {dag.py:2927} INFO - Setting next_dagrun for example_trigger_controller_dag to 2021-01-01T00:00:00+00:00, run_after=2021-01-01T00:00:00+00:00
[2024-12-18 22:06:47,651] {processor.py:161} INFO - Processing /home/patriciacorreia/Documents/airflowalura/venv/lib/python3.9/site-packages/airflow/example_dags/example_trigger_controller_dag.py took 0.077 seconds
[2024-12-18 22:07:25,636] {processor.py:153} INFO - Started process (PID=14187) to work on /home/patriciacorreia/Documents/airflowalura/venv/lib/python3.9/site-packages/airflow/example_dags/example_trigger_controller_dag.py
[2024-12-18 22:07:25,639] {processor.py:641} INFO - Processing file /home/patriciacorreia/Documents/airflowalura/venv/lib/python3.9/site-packages/airflow/example_dags/example_trigger_controller_dag.py for tasks to queue
[2024-12-18 22:07:25,641] {logging_mixin.py:115} INFO - [2024-12-18 22:07:25,641] {dagbag.py:507} INFO - Filling up the DagBag from /home/patriciacorreia/Documents/airflowalura/venv/lib/python3.9/site-packages/airflow/example_dags/example_trigger_controller_dag.py
[2024-12-18 22:07:25,657] {processor.py:651} INFO - DAG(s) dict_keys(['example_trigger_controller_dag']) retrieved from /home/patriciacorreia/Documents/airflowalura/venv/lib/python3.9/site-packages/airflow/example_dags/example_trigger_controller_dag.py
[2024-12-18 22:07:25,702] {logging_mixin.py:115} INFO - [2024-12-18 22:07:25,702] {dag.py:2379} INFO - Sync 1 DAGs
[2024-12-18 22:07:25,740] {logging_mixin.py:115} INFO - [2024-12-18 22:07:25,740] {dag.py:2927} INFO - Setting next_dagrun for example_trigger_controller_dag to 2021-01-01T00:00:00+00:00, run_after=2021-01-01T00:00:00+00:00
[2024-12-18 22:07:25,812] {processor.py:161} INFO - Processing /home/patriciacorreia/Documents/airflowalura/venv/lib/python3.9/site-packages/airflow/example_dags/example_trigger_controller_dag.py took 0.186 seconds
[2024-12-18 22:08:03,882] {processor.py:153} INFO - Started process (PID=14267) to work on /home/patriciacorreia/Documents/airflowalura/venv/lib/python3.9/site-packages/airflow/example_dags/example_trigger_controller_dag.py
[2024-12-18 22:08:03,886] {processor.py:641} INFO - Processing file /home/patriciacorreia/Documents/airflowalura/venv/lib/python3.9/site-packages/airflow/example_dags/example_trigger_controller_dag.py for tasks to queue
[2024-12-18 22:08:03,889] {logging_mixin.py:115} INFO - [2024-12-18 22:08:03,889] {dagbag.py:507} INFO - Filling up the DagBag from /home/patriciacorreia/Documents/airflowalura/venv/lib/python3.9/site-packages/airflow/example_dags/example_trigger_controller_dag.py
[2024-12-18 22:08:03,912] {processor.py:651} INFO - DAG(s) dict_keys(['example_trigger_controller_dag']) retrieved from /home/patriciacorreia/Documents/airflowalura/venv/lib/python3.9/site-packages/airflow/example_dags/example_trigger_controller_dag.py
[2024-12-18 22:08:03,977] {logging_mixin.py:115} INFO - [2024-12-18 22:08:03,976] {dag.py:2379} INFO - Sync 1 DAGs
[2024-12-18 22:08:04,014] {logging_mixin.py:115} INFO - [2024-12-18 22:08:04,013] {dag.py:2927} INFO - Setting next_dagrun for example_trigger_controller_dag to 2021-01-01T00:00:00+00:00, run_after=2021-01-01T00:00:00+00:00
[2024-12-18 22:08:04,043] {processor.py:161} INFO - Processing /home/patriciacorreia/Documents/airflowalura/venv/lib/python3.9/site-packages/airflow/example_dags/example_trigger_controller_dag.py took 0.182 seconds
[2024-12-18 22:08:43,361] {processor.py:153} INFO - Started process (PID=14417) to work on /home/patriciacorreia/Documents/airflowalura/venv/lib/python3.9/site-packages/airflow/example_dags/example_trigger_controller_dag.py
[2024-12-18 22:08:43,364] {processor.py:641} INFO - Processing file /home/patriciacorreia/Documents/airflowalura/venv/lib/python3.9/site-packages/airflow/example_dags/example_trigger_controller_dag.py for tasks to queue
[2024-12-18 22:08:43,367] {logging_mixin.py:115} INFO - [2024-12-18 22:08:43,366] {dagbag.py:507} INFO - Filling up the DagBag from /home/patriciacorreia/Documents/airflowalura/venv/lib/python3.9/site-packages/airflow/example_dags/example_trigger_controller_dag.py
[2024-12-18 22:08:43,379] {processor.py:651} INFO - DAG(s) dict_keys(['example_trigger_controller_dag']) retrieved from /home/patriciacorreia/Documents/airflowalura/venv/lib/python3.9/site-packages/airflow/example_dags/example_trigger_controller_dag.py
[2024-12-18 22:08:43,440] {logging_mixin.py:115} INFO - [2024-12-18 22:08:43,439] {dag.py:2379} INFO - Sync 1 DAGs
[2024-12-18 22:08:43,473] {logging_mixin.py:115} INFO - [2024-12-18 22:08:43,472] {dag.py:2927} INFO - Setting next_dagrun for example_trigger_controller_dag to 2021-01-01T00:00:00+00:00, run_after=2021-01-01T00:00:00+00:00
[2024-12-18 22:08:43,495] {processor.py:161} INFO - Processing /home/patriciacorreia/Documents/airflowalura/venv/lib/python3.9/site-packages/airflow/example_dags/example_trigger_controller_dag.py took 0.144 seconds
[2024-12-18 22:09:22,149] {processor.py:153} INFO - Started process (PID=14574) to work on /home/patriciacorreia/Documents/airflowalura/venv/lib/python3.9/site-packages/airflow/example_dags/example_trigger_controller_dag.py
[2024-12-18 22:09:22,151] {processor.py:641} INFO - Processing file /home/patriciacorreia/Documents/airflowalura/venv/lib/python3.9/site-packages/airflow/example_dags/example_trigger_controller_dag.py for tasks to queue
[2024-12-18 22:09:22,152] {logging_mixin.py:115} INFO - [2024-12-18 22:09:22,152] {dagbag.py:507} INFO - Filling up the DagBag from /home/patriciacorreia/Documents/airflowalura/venv/lib/python3.9/site-packages/airflow/example_dags/example_trigger_controller_dag.py
[2024-12-18 22:09:22,158] {processor.py:651} INFO - DAG(s) dict_keys(['example_trigger_controller_dag']) retrieved from /home/patriciacorreia/Documents/airflowalura/venv/lib/python3.9/site-packages/airflow/example_dags/example_trigger_controller_dag.py
[2024-12-18 22:09:22,187] {logging_mixin.py:115} INFO - [2024-12-18 22:09:22,187] {dag.py:2379} INFO - Sync 1 DAGs
[2024-12-18 22:09:22,218] {logging_mixin.py:115} INFO - [2024-12-18 22:09:22,218] {dag.py:2927} INFO - Setting next_dagrun for example_trigger_controller_dag to 2021-01-01T00:00:00+00:00, run_after=2021-01-01T00:00:00+00:00
[2024-12-18 22:09:22,244] {processor.py:161} INFO - Processing /home/patriciacorreia/Documents/airflowalura/venv/lib/python3.9/site-packages/airflow/example_dags/example_trigger_controller_dag.py took 0.102 seconds
[2024-12-18 22:09:59,295] {processor.py:153} INFO - Started process (PID=14789) to work on /home/patriciacorreia/Documents/airflowalura/venv/lib/python3.9/site-packages/airflow/example_dags/example_trigger_controller_dag.py
[2024-12-18 22:09:59,298] {processor.py:641} INFO - Processing file /home/patriciacorreia/Documents/airflowalura/venv/lib/python3.9/site-packages/airflow/example_dags/example_trigger_controller_dag.py for tasks to queue
[2024-12-18 22:09:59,301] {logging_mixin.py:115} INFO - [2024-12-18 22:09:59,300] {dagbag.py:507} INFO - Filling up the DagBag from /home/patriciacorreia/Documents/airflowalura/venv/lib/python3.9/site-packages/airflow/example_dags/example_trigger_controller_dag.py
[2024-12-18 22:09:59,318] {processor.py:651} INFO - DAG(s) dict_keys(['example_trigger_controller_dag']) retrieved from /home/patriciacorreia/Documents/airflowalura/venv/lib/python3.9/site-packages/airflow/example_dags/example_trigger_controller_dag.py
[2024-12-18 22:09:59,390] {logging_mixin.py:115} INFO - [2024-12-18 22:09:59,390] {dag.py:2379} INFO - Sync 1 DAGs
[2024-12-18 22:09:59,445] {logging_mixin.py:115} INFO - [2024-12-18 22:09:59,445] {dag.py:2927} INFO - Setting next_dagrun for example_trigger_controller_dag to 2021-01-01T00:00:00+00:00, run_after=2021-01-01T00:00:00+00:00
[2024-12-18 22:09:59,490] {processor.py:161} INFO - Processing /home/patriciacorreia/Documents/airflowalura/venv/lib/python3.9/site-packages/airflow/example_dags/example_trigger_controller_dag.py took 0.208 seconds
[2024-12-18 22:10:35,554] {processor.py:153} INFO - Started process (PID=15113) to work on /home/patriciacorreia/Documents/airflowalura/venv/lib/python3.9/site-packages/airflow/example_dags/example_trigger_controller_dag.py
[2024-12-18 22:10:35,555] {processor.py:641} INFO - Processing file /home/patriciacorreia/Documents/airflowalura/venv/lib/python3.9/site-packages/airflow/example_dags/example_trigger_controller_dag.py for tasks to queue
[2024-12-18 22:10:35,556] {logging_mixin.py:115} INFO - [2024-12-18 22:10:35,556] {dagbag.py:507} INFO - Filling up the DagBag from /home/patriciacorreia/Documents/airflowalura/venv/lib/python3.9/site-packages/airflow/example_dags/example_trigger_controller_dag.py
[2024-12-18 22:10:35,561] {processor.py:651} INFO - DAG(s) dict_keys(['example_trigger_controller_dag']) retrieved from /home/patriciacorreia/Documents/airflowalura/venv/lib/python3.9/site-packages/airflow/example_dags/example_trigger_controller_dag.py
[2024-12-18 22:10:35,592] {logging_mixin.py:115} INFO - [2024-12-18 22:10:35,591] {dag.py:2379} INFO - Sync 1 DAGs
[2024-12-18 22:10:35,642] {logging_mixin.py:115} INFO - [2024-12-18 22:10:35,642] {dag.py:2927} INFO - Setting next_dagrun for example_trigger_controller_dag to 2021-01-01T00:00:00+00:00, run_after=2021-01-01T00:00:00+00:00
[2024-12-18 22:10:35,696] {processor.py:161} INFO - Processing /home/patriciacorreia/Documents/airflowalura/venv/lib/python3.9/site-packages/airflow/example_dags/example_trigger_controller_dag.py took 0.148 seconds
[2024-12-18 22:11:19,919] {processor.py:153} INFO - Started process (PID=15466) to work on /home/patriciacorreia/Documents/airflowalura/venv/lib/python3.9/site-packages/airflow/example_dags/example_trigger_controller_dag.py
[2024-12-18 22:11:19,920] {processor.py:641} INFO - Processing file /home/patriciacorreia/Documents/airflowalura/venv/lib/python3.9/site-packages/airflow/example_dags/example_trigger_controller_dag.py for tasks to queue
[2024-12-18 22:11:19,920] {logging_mixin.py:115} INFO - [2024-12-18 22:11:19,920] {dagbag.py:507} INFO - Filling up the DagBag from /home/patriciacorreia/Documents/airflowalura/venv/lib/python3.9/site-packages/airflow/example_dags/example_trigger_controller_dag.py
[2024-12-18 22:11:19,927] {processor.py:651} INFO - DAG(s) dict_keys(['example_trigger_controller_dag']) retrieved from /home/patriciacorreia/Documents/airflowalura/venv/lib/python3.9/site-packages/airflow/example_dags/example_trigger_controller_dag.py
[2024-12-18 22:11:19,948] {logging_mixin.py:115} INFO - [2024-12-18 22:11:19,948] {dag.py:2379} INFO - Sync 1 DAGs
[2024-12-18 22:11:19,974] {logging_mixin.py:115} INFO - [2024-12-18 22:11:19,974] {dag.py:2927} INFO - Setting next_dagrun for example_trigger_controller_dag to 2021-01-01T00:00:00+00:00, run_after=2021-01-01T00:00:00+00:00
[2024-12-18 22:11:19,999] {processor.py:161} INFO - Processing /home/patriciacorreia/Documents/airflowalura/venv/lib/python3.9/site-packages/airflow/example_dags/example_trigger_controller_dag.py took 0.084 seconds
[2024-12-18 22:12:04,049] {processor.py:153} INFO - Started process (PID=15658) to work on /home/patriciacorreia/Documents/airflowalura/venv/lib/python3.9/site-packages/airflow/example_dags/example_trigger_controller_dag.py
[2024-12-18 22:12:04,052] {processor.py:641} INFO - Processing file /home/patriciacorreia/Documents/airflowalura/venv/lib/python3.9/site-packages/airflow/example_dags/example_trigger_controller_dag.py for tasks to queue
[2024-12-18 22:12:04,055] {logging_mixin.py:115} INFO - [2024-12-18 22:12:04,054] {dagbag.py:507} INFO - Filling up the DagBag from /home/patriciacorreia/Documents/airflowalura/venv/lib/python3.9/site-packages/airflow/example_dags/example_trigger_controller_dag.py
[2024-12-18 22:12:04,067] {processor.py:651} INFO - DAG(s) dict_keys(['example_trigger_controller_dag']) retrieved from /home/patriciacorreia/Documents/airflowalura/venv/lib/python3.9/site-packages/airflow/example_dags/example_trigger_controller_dag.py
[2024-12-18 22:12:04,134] {logging_mixin.py:115} INFO - [2024-12-18 22:12:04,133] {dag.py:2379} INFO - Sync 1 DAGs
[2024-12-18 22:12:04,212] {logging_mixin.py:115} INFO - [2024-12-18 22:12:04,212] {dag.py:2927} INFO - Setting next_dagrun for example_trigger_controller_dag to 2021-01-01T00:00:00+00:00, run_after=2021-01-01T00:00:00+00:00
[2024-12-18 22:12:04,265] {processor.py:161} INFO - Processing /home/patriciacorreia/Documents/airflowalura/venv/lib/python3.9/site-packages/airflow/example_dags/example_trigger_controller_dag.py took 0.228 seconds
[2024-12-18 22:12:44,951] {processor.py:153} INFO - Started process (PID=15844) to work on /home/patriciacorreia/Documents/airflowalura/venv/lib/python3.9/site-packages/airflow/example_dags/example_trigger_controller_dag.py
[2024-12-18 22:12:44,955] {processor.py:641} INFO - Processing file /home/patriciacorreia/Documents/airflowalura/venv/lib/python3.9/site-packages/airflow/example_dags/example_trigger_controller_dag.py for tasks to queue
[2024-12-18 22:12:44,957] {logging_mixin.py:115} INFO - [2024-12-18 22:12:44,957] {dagbag.py:507} INFO - Filling up the DagBag from /home/patriciacorreia/Documents/airflowalura/venv/lib/python3.9/site-packages/airflow/example_dags/example_trigger_controller_dag.py
[2024-12-18 22:12:44,974] {processor.py:651} INFO - DAG(s) dict_keys(['example_trigger_controller_dag']) retrieved from /home/patriciacorreia/Documents/airflowalura/venv/lib/python3.9/site-packages/airflow/example_dags/example_trigger_controller_dag.py
[2024-12-18 22:12:45,064] {logging_mixin.py:115} INFO - [2024-12-18 22:12:45,063] {dag.py:2379} INFO - Sync 1 DAGs
[2024-12-18 22:12:45,095] {logging_mixin.py:115} INFO - [2024-12-18 22:12:45,095] {dag.py:2927} INFO - Setting next_dagrun for example_trigger_controller_dag to 2021-01-01T00:00:00+00:00, run_after=2021-01-01T00:00:00+00:00
[2024-12-18 22:12:45,114] {processor.py:161} INFO - Processing /home/patriciacorreia/Documents/airflowalura/venv/lib/python3.9/site-packages/airflow/example_dags/example_trigger_controller_dag.py took 0.180 seconds
[2024-12-18 22:13:29,083] {processor.py:153} INFO - Started process (PID=16042) to work on /home/patriciacorreia/Documents/airflowalura/venv/lib/python3.9/site-packages/airflow/example_dags/example_trigger_controller_dag.py
[2024-12-18 22:13:29,085] {processor.py:641} INFO - Processing file /home/patriciacorreia/Documents/airflowalura/venv/lib/python3.9/site-packages/airflow/example_dags/example_trigger_controller_dag.py for tasks to queue
[2024-12-18 22:13:29,087] {logging_mixin.py:115} INFO - [2024-12-18 22:13:29,087] {dagbag.py:507} INFO - Filling up the DagBag from /home/patriciacorreia/Documents/airflowalura/venv/lib/python3.9/site-packages/airflow/example_dags/example_trigger_controller_dag.py
[2024-12-18 22:13:29,100] {processor.py:651} INFO - DAG(s) dict_keys(['example_trigger_controller_dag']) retrieved from /home/patriciacorreia/Documents/airflowalura/venv/lib/python3.9/site-packages/airflow/example_dags/example_trigger_controller_dag.py
[2024-12-18 22:13:29,159] {logging_mixin.py:115} INFO - [2024-12-18 22:13:29,159] {dag.py:2379} INFO - Sync 1 DAGs
[2024-12-18 22:13:29,190] {logging_mixin.py:115} INFO - [2024-12-18 22:13:29,189] {dag.py:2927} INFO - Setting next_dagrun for example_trigger_controller_dag to 2021-01-01T00:00:00+00:00, run_after=2021-01-01T00:00:00+00:00
[2024-12-18 22:13:29,209] {processor.py:161} INFO - Processing /home/patriciacorreia/Documents/airflowalura/venv/lib/python3.9/site-packages/airflow/example_dags/example_trigger_controller_dag.py took 0.138 seconds
[2024-12-18 22:14:11,864] {processor.py:153} INFO - Started process (PID=16256) to work on /home/patriciacorreia/Documents/airflowalura/venv/lib/python3.9/site-packages/airflow/example_dags/example_trigger_controller_dag.py
[2024-12-18 22:14:11,865] {processor.py:641} INFO - Processing file /home/patriciacorreia/Documents/airflowalura/venv/lib/python3.9/site-packages/airflow/example_dags/example_trigger_controller_dag.py for tasks to queue
[2024-12-18 22:14:11,866] {logging_mixin.py:115} INFO - [2024-12-18 22:14:11,866] {dagbag.py:507} INFO - Filling up the DagBag from /home/patriciacorreia/Documents/airflowalura/venv/lib/python3.9/site-packages/airflow/example_dags/example_trigger_controller_dag.py
[2024-12-18 22:14:11,871] {processor.py:651} INFO - DAG(s) dict_keys(['example_trigger_controller_dag']) retrieved from /home/patriciacorreia/Documents/airflowalura/venv/lib/python3.9/site-packages/airflow/example_dags/example_trigger_controller_dag.py
[2024-12-18 22:14:11,897] {logging_mixin.py:115} INFO - [2024-12-18 22:14:11,897] {dag.py:2379} INFO - Sync 1 DAGs
[2024-12-18 22:14:11,923] {logging_mixin.py:115} INFO - [2024-12-18 22:14:11,923] {dag.py:2927} INFO - Setting next_dagrun for example_trigger_controller_dag to 2021-01-01T00:00:00+00:00, run_after=2021-01-01T00:00:00+00:00
[2024-12-18 22:14:11,945] {processor.py:161} INFO - Processing /home/patriciacorreia/Documents/airflowalura/venv/lib/python3.9/site-packages/airflow/example_dags/example_trigger_controller_dag.py took 0.086 seconds
[2024-12-18 22:14:48,749] {processor.py:153} INFO - Started process (PID=16435) to work on /home/patriciacorreia/Documents/airflowalura/venv/lib/python3.9/site-packages/airflow/example_dags/example_trigger_controller_dag.py
[2024-12-18 22:14:48,752] {processor.py:641} INFO - Processing file /home/patriciacorreia/Documents/airflowalura/venv/lib/python3.9/site-packages/airflow/example_dags/example_trigger_controller_dag.py for tasks to queue
[2024-12-18 22:14:48,753] {logging_mixin.py:115} INFO - [2024-12-18 22:14:48,753] {dagbag.py:507} INFO - Filling up the DagBag from /home/patriciacorreia/Documents/airflowalura/venv/lib/python3.9/site-packages/airflow/example_dags/example_trigger_controller_dag.py
[2024-12-18 22:14:48,762] {processor.py:651} INFO - DAG(s) dict_keys(['example_trigger_controller_dag']) retrieved from /home/patriciacorreia/Documents/airflowalura/venv/lib/python3.9/site-packages/airflow/example_dags/example_trigger_controller_dag.py
[2024-12-18 22:14:48,804] {logging_mixin.py:115} INFO - [2024-12-18 22:14:48,803] {dag.py:2379} INFO - Sync 1 DAGs
[2024-12-18 22:14:48,838] {logging_mixin.py:115} INFO - [2024-12-18 22:14:48,838] {dag.py:2927} INFO - Setting next_dagrun for example_trigger_controller_dag to 2021-01-01T00:00:00+00:00, run_after=2021-01-01T00:00:00+00:00
[2024-12-18 22:14:48,862] {processor.py:161} INFO - Processing /home/patriciacorreia/Documents/airflowalura/venv/lib/python3.9/site-packages/airflow/example_dags/example_trigger_controller_dag.py took 0.120 seconds
[2024-12-18 22:15:27,585] {processor.py:153} INFO - Started process (PID=16619) to work on /home/patriciacorreia/Documents/airflowalura/venv/lib/python3.9/site-packages/airflow/example_dags/example_trigger_controller_dag.py
[2024-12-18 22:15:27,587] {processor.py:641} INFO - Processing file /home/patriciacorreia/Documents/airflowalura/venv/lib/python3.9/site-packages/airflow/example_dags/example_trigger_controller_dag.py for tasks to queue
[2024-12-18 22:15:27,587] {logging_mixin.py:115} INFO - [2024-12-18 22:15:27,587] {dagbag.py:507} INFO - Filling up the DagBag from /home/patriciacorreia/Documents/airflowalura/venv/lib/python3.9/site-packages/airflow/example_dags/example_trigger_controller_dag.py
[2024-12-18 22:15:27,593] {processor.py:651} INFO - DAG(s) dict_keys(['example_trigger_controller_dag']) retrieved from /home/patriciacorreia/Documents/airflowalura/venv/lib/python3.9/site-packages/airflow/example_dags/example_trigger_controller_dag.py
[2024-12-18 22:15:27,616] {logging_mixin.py:115} INFO - [2024-12-18 22:15:27,616] {dag.py:2379} INFO - Sync 1 DAGs
[2024-12-18 22:15:27,641] {logging_mixin.py:115} INFO - [2024-12-18 22:15:27,641] {dag.py:2927} INFO - Setting next_dagrun for example_trigger_controller_dag to 2021-01-01T00:00:00+00:00, run_after=2021-01-01T00:00:00+00:00
[2024-12-18 22:15:27,656] {processor.py:161} INFO - Processing /home/patriciacorreia/Documents/airflowalura/venv/lib/python3.9/site-packages/airflow/example_dags/example_trigger_controller_dag.py took 0.075 seconds
[2024-12-18 22:16:11,685] {processor.py:153} INFO - Started process (PID=16842) to work on /home/patriciacorreia/Documents/airflowalura/venv/lib/python3.9/site-packages/airflow/example_dags/example_trigger_controller_dag.py
[2024-12-18 22:16:11,686] {processor.py:641} INFO - Processing file /home/patriciacorreia/Documents/airflowalura/venv/lib/python3.9/site-packages/airflow/example_dags/example_trigger_controller_dag.py for tasks to queue
[2024-12-18 22:16:11,687] {logging_mixin.py:115} INFO - [2024-12-18 22:16:11,687] {dagbag.py:507} INFO - Filling up the DagBag from /home/patriciacorreia/Documents/airflowalura/venv/lib/python3.9/site-packages/airflow/example_dags/example_trigger_controller_dag.py
[2024-12-18 22:16:11,693] {processor.py:651} INFO - DAG(s) dict_keys(['example_trigger_controller_dag']) retrieved from /home/patriciacorreia/Documents/airflowalura/venv/lib/python3.9/site-packages/airflow/example_dags/example_trigger_controller_dag.py
[2024-12-18 22:16:11,725] {logging_mixin.py:115} INFO - [2024-12-18 22:16:11,725] {dag.py:2379} INFO - Sync 1 DAGs
[2024-12-18 22:16:11,772] {logging_mixin.py:115} INFO - [2024-12-18 22:16:11,771] {dag.py:2927} INFO - Setting next_dagrun for example_trigger_controller_dag to 2021-01-01T00:00:00+00:00, run_after=2021-01-01T00:00:00+00:00
[2024-12-18 22:16:11,809] {processor.py:161} INFO - Processing /home/patriciacorreia/Documents/airflowalura/venv/lib/python3.9/site-packages/airflow/example_dags/example_trigger_controller_dag.py took 0.128 seconds
[2024-12-18 22:16:53,609] {processor.py:153} INFO - Started process (PID=17107) to work on /home/patriciacorreia/Documents/airflowalura/venv/lib/python3.9/site-packages/airflow/example_dags/example_trigger_controller_dag.py
[2024-12-18 22:16:53,613] {processor.py:641} INFO - Processing file /home/patriciacorreia/Documents/airflowalura/venv/lib/python3.9/site-packages/airflow/example_dags/example_trigger_controller_dag.py for tasks to queue
[2024-12-18 22:16:53,615] {logging_mixin.py:115} INFO - [2024-12-18 22:16:53,615] {dagbag.py:507} INFO - Filling up the DagBag from /home/patriciacorreia/Documents/airflowalura/venv/lib/python3.9/site-packages/airflow/example_dags/example_trigger_controller_dag.py
[2024-12-18 22:16:53,632] {processor.py:651} INFO - DAG(s) dict_keys(['example_trigger_controller_dag']) retrieved from /home/patriciacorreia/Documents/airflowalura/venv/lib/python3.9/site-packages/airflow/example_dags/example_trigger_controller_dag.py
[2024-12-18 22:16:53,706] {logging_mixin.py:115} INFO - [2024-12-18 22:16:53,705] {dag.py:2379} INFO - Sync 1 DAGs
[2024-12-18 22:16:53,743] {logging_mixin.py:115} INFO - [2024-12-18 22:16:53,743] {dag.py:2927} INFO - Setting next_dagrun for example_trigger_controller_dag to 2021-01-01T00:00:00+00:00, run_after=2021-01-01T00:00:00+00:00
[2024-12-18 22:16:53,764] {processor.py:161} INFO - Processing /home/patriciacorreia/Documents/airflowalura/venv/lib/python3.9/site-packages/airflow/example_dags/example_trigger_controller_dag.py took 0.171 seconds
[2024-12-18 22:17:35,563] {processor.py:153} INFO - Started process (PID=17324) to work on /home/patriciacorreia/Documents/airflowalura/venv/lib/python3.9/site-packages/airflow/example_dags/example_trigger_controller_dag.py
[2024-12-18 22:17:35,566] {processor.py:641} INFO - Processing file /home/patriciacorreia/Documents/airflowalura/venv/lib/python3.9/site-packages/airflow/example_dags/example_trigger_controller_dag.py for tasks to queue
[2024-12-18 22:17:35,567] {logging_mixin.py:115} INFO - [2024-12-18 22:17:35,567] {dagbag.py:507} INFO - Filling up the DagBag from /home/patriciacorreia/Documents/airflowalura/venv/lib/python3.9/site-packages/airflow/example_dags/example_trigger_controller_dag.py
[2024-12-18 22:17:35,574] {processor.py:651} INFO - DAG(s) dict_keys(['example_trigger_controller_dag']) retrieved from /home/patriciacorreia/Documents/airflowalura/venv/lib/python3.9/site-packages/airflow/example_dags/example_trigger_controller_dag.py
[2024-12-18 22:17:35,606] {logging_mixin.py:115} INFO - [2024-12-18 22:17:35,606] {dag.py:2379} INFO - Sync 1 DAGs
[2024-12-18 22:17:35,643] {logging_mixin.py:115} INFO - [2024-12-18 22:17:35,643] {dag.py:2927} INFO - Setting next_dagrun for example_trigger_controller_dag to 2021-01-01T00:00:00+00:00, run_after=2021-01-01T00:00:00+00:00
[2024-12-18 22:17:35,667] {processor.py:161} INFO - Processing /home/patriciacorreia/Documents/airflowalura/venv/lib/python3.9/site-packages/airflow/example_dags/example_trigger_controller_dag.py took 0.115 seconds
[2024-12-18 22:18:22,096] {processor.py:153} INFO - Started process (PID=17536) to work on /home/patriciacorreia/Documents/airflowalura/venv/lib/python3.9/site-packages/airflow/example_dags/example_trigger_controller_dag.py
[2024-12-18 22:18:22,100] {processor.py:641} INFO - Processing file /home/patriciacorreia/Documents/airflowalura/venv/lib/python3.9/site-packages/airflow/example_dags/example_trigger_controller_dag.py for tasks to queue
[2024-12-18 22:18:22,102] {logging_mixin.py:115} INFO - [2024-12-18 22:18:22,102] {dagbag.py:507} INFO - Filling up the DagBag from /home/patriciacorreia/Documents/airflowalura/venv/lib/python3.9/site-packages/airflow/example_dags/example_trigger_controller_dag.py
[2024-12-18 22:18:22,115] {processor.py:651} INFO - DAG(s) dict_keys(['example_trigger_controller_dag']) retrieved from /home/patriciacorreia/Documents/airflowalura/venv/lib/python3.9/site-packages/airflow/example_dags/example_trigger_controller_dag.py
[2024-12-18 22:18:22,178] {logging_mixin.py:115} INFO - [2024-12-18 22:18:22,178] {dag.py:2379} INFO - Sync 1 DAGs
[2024-12-18 22:18:22,234] {logging_mixin.py:115} INFO - [2024-12-18 22:18:22,233] {dag.py:2927} INFO - Setting next_dagrun for example_trigger_controller_dag to 2021-01-01T00:00:00+00:00, run_after=2021-01-01T00:00:00+00:00
[2024-12-18 22:18:22,255] {processor.py:161} INFO - Processing /home/patriciacorreia/Documents/airflowalura/venv/lib/python3.9/site-packages/airflow/example_dags/example_trigger_controller_dag.py took 0.172 seconds
[2024-12-18 22:19:43,602] {processor.py:153} INFO - Started process (PID=17899) to work on /home/patriciacorreia/Documents/airflowalura/venv/lib/python3.9/site-packages/airflow/example_dags/example_trigger_controller_dag.py
[2024-12-18 22:19:43,604] {processor.py:641} INFO - Processing file /home/patriciacorreia/Documents/airflowalura/venv/lib/python3.9/site-packages/airflow/example_dags/example_trigger_controller_dag.py for tasks to queue
[2024-12-18 22:19:43,606] {logging_mixin.py:115} INFO - [2024-12-18 22:19:43,605] {dagbag.py:507} INFO - Filling up the DagBag from /home/patriciacorreia/Documents/airflowalura/venv/lib/python3.9/site-packages/airflow/example_dags/example_trigger_controller_dag.py
[2024-12-18 22:19:43,612] {processor.py:651} INFO - DAG(s) dict_keys(['example_trigger_controller_dag']) retrieved from /home/patriciacorreia/Documents/airflowalura/venv/lib/python3.9/site-packages/airflow/example_dags/example_trigger_controller_dag.py
[2024-12-18 22:19:43,643] {logging_mixin.py:115} INFO - [2024-12-18 22:19:43,643] {dag.py:2379} INFO - Sync 1 DAGs
[2024-12-18 22:19:43,672] {logging_mixin.py:115} INFO - [2024-12-18 22:19:43,672] {dag.py:2927} INFO - Setting next_dagrun for example_trigger_controller_dag to 2021-01-01T00:00:00+00:00, run_after=2021-01-01T00:00:00+00:00
[2024-12-18 22:19:43,692] {processor.py:161} INFO - Processing /home/patriciacorreia/Documents/airflowalura/venv/lib/python3.9/site-packages/airflow/example_dags/example_trigger_controller_dag.py took 0.098 seconds
[2024-12-18 22:20:25,745] {processor.py:153} INFO - Started process (PID=18097) to work on /home/patriciacorreia/Documents/airflowalura/venv/lib/python3.9/site-packages/airflow/example_dags/example_trigger_controller_dag.py
[2024-12-18 22:20:25,746] {processor.py:641} INFO - Processing file /home/patriciacorreia/Documents/airflowalura/venv/lib/python3.9/site-packages/airflow/example_dags/example_trigger_controller_dag.py for tasks to queue
[2024-12-18 22:20:25,748] {logging_mixin.py:115} INFO - [2024-12-18 22:20:25,748] {dagbag.py:507} INFO - Filling up the DagBag from /home/patriciacorreia/Documents/airflowalura/venv/lib/python3.9/site-packages/airflow/example_dags/example_trigger_controller_dag.py
[2024-12-18 22:20:25,754] {processor.py:651} INFO - DAG(s) dict_keys(['example_trigger_controller_dag']) retrieved from /home/patriciacorreia/Documents/airflowalura/venv/lib/python3.9/site-packages/airflow/example_dags/example_trigger_controller_dag.py
[2024-12-18 22:20:25,788] {logging_mixin.py:115} INFO - [2024-12-18 22:20:25,788] {dag.py:2379} INFO - Sync 1 DAGs
[2024-12-18 22:20:25,842] {logging_mixin.py:115} INFO - [2024-12-18 22:20:25,842] {dag.py:2927} INFO - Setting next_dagrun for example_trigger_controller_dag to 2021-01-01T00:00:00+00:00, run_after=2021-01-01T00:00:00+00:00
[2024-12-18 22:20:25,879] {processor.py:161} INFO - Processing /home/patriciacorreia/Documents/airflowalura/venv/lib/python3.9/site-packages/airflow/example_dags/example_trigger_controller_dag.py took 0.140 seconds
[2024-12-18 22:21:04,766] {processor.py:153} INFO - Started process (PID=18293) to work on /home/patriciacorreia/Documents/airflowalura/venv/lib/python3.9/site-packages/airflow/example_dags/example_trigger_controller_dag.py
[2024-12-18 22:21:04,767] {processor.py:641} INFO - Processing file /home/patriciacorreia/Documents/airflowalura/venv/lib/python3.9/site-packages/airflow/example_dags/example_trigger_controller_dag.py for tasks to queue
[2024-12-18 22:21:04,768] {logging_mixin.py:115} INFO - [2024-12-18 22:21:04,768] {dagbag.py:507} INFO - Filling up the DagBag from /home/patriciacorreia/Documents/airflowalura/venv/lib/python3.9/site-packages/airflow/example_dags/example_trigger_controller_dag.py
[2024-12-18 22:21:04,771] {processor.py:651} INFO - DAG(s) dict_keys(['example_trigger_controller_dag']) retrieved from /home/patriciacorreia/Documents/airflowalura/venv/lib/python3.9/site-packages/airflow/example_dags/example_trigger_controller_dag.py
[2024-12-18 22:21:04,786] {logging_mixin.py:115} INFO - [2024-12-18 22:21:04,786] {dag.py:2379} INFO - Sync 1 DAGs
[2024-12-18 22:21:04,805] {logging_mixin.py:115} INFO - [2024-12-18 22:21:04,804] {dag.py:2927} INFO - Setting next_dagrun for example_trigger_controller_dag to 2021-01-01T00:00:00+00:00, run_after=2021-01-01T00:00:00+00:00
[2024-12-18 22:21:04,818] {processor.py:161} INFO - Processing /home/patriciacorreia/Documents/airflowalura/venv/lib/python3.9/site-packages/airflow/example_dags/example_trigger_controller_dag.py took 0.056 seconds
[2024-12-18 22:21:46,202] {processor.py:153} INFO - Started process (PID=18485) to work on /home/patriciacorreia/Documents/airflowalura/venv/lib/python3.9/site-packages/airflow/example_dags/example_trigger_controller_dag.py
[2024-12-18 22:21:46,206] {processor.py:641} INFO - Processing file /home/patriciacorreia/Documents/airflowalura/venv/lib/python3.9/site-packages/airflow/example_dags/example_trigger_controller_dag.py for tasks to queue
[2024-12-18 22:21:46,209] {logging_mixin.py:115} INFO - [2024-12-18 22:21:46,208] {dagbag.py:507} INFO - Filling up the DagBag from /home/patriciacorreia/Documents/airflowalura/venv/lib/python3.9/site-packages/airflow/example_dags/example_trigger_controller_dag.py
[2024-12-18 22:21:46,229] {processor.py:651} INFO - DAG(s) dict_keys(['example_trigger_controller_dag']) retrieved from /home/patriciacorreia/Documents/airflowalura/venv/lib/python3.9/site-packages/airflow/example_dags/example_trigger_controller_dag.py
[2024-12-18 22:21:46,331] {logging_mixin.py:115} INFO - [2024-12-18 22:21:46,330] {dag.py:2379} INFO - Sync 1 DAGs
[2024-12-18 22:21:46,456] {logging_mixin.py:115} INFO - [2024-12-18 22:21:46,456] {dag.py:2927} INFO - Setting next_dagrun for example_trigger_controller_dag to 2021-01-01T00:00:00+00:00, run_after=2021-01-01T00:00:00+00:00
[2024-12-18 22:21:46,529] {processor.py:161} INFO - Processing /home/patriciacorreia/Documents/airflowalura/venv/lib/python3.9/site-packages/airflow/example_dags/example_trigger_controller_dag.py took 0.350 seconds
[2024-12-18 22:22:31,807] {processor.py:153} INFO - Started process (PID=18695) to work on /home/patriciacorreia/Documents/airflowalura/venv/lib/python3.9/site-packages/airflow/example_dags/example_trigger_controller_dag.py
[2024-12-18 22:22:31,812] {processor.py:641} INFO - Processing file /home/patriciacorreia/Documents/airflowalura/venv/lib/python3.9/site-packages/airflow/example_dags/example_trigger_controller_dag.py for tasks to queue
[2024-12-18 22:22:31,815] {logging_mixin.py:115} INFO - [2024-12-18 22:22:31,815] {dagbag.py:507} INFO - Filling up the DagBag from /home/patriciacorreia/Documents/airflowalura/venv/lib/python3.9/site-packages/airflow/example_dags/example_trigger_controller_dag.py
[2024-12-18 22:22:31,839] {processor.py:651} INFO - DAG(s) dict_keys(['example_trigger_controller_dag']) retrieved from /home/patriciacorreia/Documents/airflowalura/venv/lib/python3.9/site-packages/airflow/example_dags/example_trigger_controller_dag.py
[2024-12-18 22:22:31,954] {logging_mixin.py:115} INFO - [2024-12-18 22:22:31,953] {dag.py:2379} INFO - Sync 1 DAGs
[2024-12-18 22:22:32,036] {logging_mixin.py:115} INFO - [2024-12-18 22:22:32,036] {dag.py:2927} INFO - Setting next_dagrun for example_trigger_controller_dag to 2021-01-01T00:00:00+00:00, run_after=2021-01-01T00:00:00+00:00
[2024-12-18 22:22:32,055] {processor.py:161} INFO - Processing /home/patriciacorreia/Documents/airflowalura/venv/lib/python3.9/site-packages/airflow/example_dags/example_trigger_controller_dag.py took 0.265 seconds
[2024-12-18 22:23:14,023] {processor.py:153} INFO - Started process (PID=18894) to work on /home/patriciacorreia/Documents/airflowalura/venv/lib/python3.9/site-packages/airflow/example_dags/example_trigger_controller_dag.py
[2024-12-18 22:23:14,025] {processor.py:641} INFO - Processing file /home/patriciacorreia/Documents/airflowalura/venv/lib/python3.9/site-packages/airflow/example_dags/example_trigger_controller_dag.py for tasks to queue
[2024-12-18 22:23:14,026] {logging_mixin.py:115} INFO - [2024-12-18 22:23:14,026] {dagbag.py:507} INFO - Filling up the DagBag from /home/patriciacorreia/Documents/airflowalura/venv/lib/python3.9/site-packages/airflow/example_dags/example_trigger_controller_dag.py
[2024-12-18 22:23:14,034] {processor.py:651} INFO - DAG(s) dict_keys(['example_trigger_controller_dag']) retrieved from /home/patriciacorreia/Documents/airflowalura/venv/lib/python3.9/site-packages/airflow/example_dags/example_trigger_controller_dag.py
[2024-12-18 22:23:14,062] {logging_mixin.py:115} INFO - [2024-12-18 22:23:14,062] {dag.py:2379} INFO - Sync 1 DAGs
[2024-12-18 22:23:14,096] {logging_mixin.py:115} INFO - [2024-12-18 22:23:14,096] {dag.py:2927} INFO - Setting next_dagrun for example_trigger_controller_dag to 2021-01-01T00:00:00+00:00, run_after=2021-01-01T00:00:00+00:00
[2024-12-18 22:23:14,124] {processor.py:161} INFO - Processing /home/patriciacorreia/Documents/airflowalura/venv/lib/python3.9/site-packages/airflow/example_dags/example_trigger_controller_dag.py took 0.111 seconds
[2024-12-18 22:23:59,184] {processor.py:153} INFO - Started process (PID=19107) to work on /home/patriciacorreia/Documents/airflowalura/venv/lib/python3.9/site-packages/airflow/example_dags/example_trigger_controller_dag.py
[2024-12-18 22:23:59,187] {processor.py:641} INFO - Processing file /home/patriciacorreia/Documents/airflowalura/venv/lib/python3.9/site-packages/airflow/example_dags/example_trigger_controller_dag.py for tasks to queue
[2024-12-18 22:23:59,189] {logging_mixin.py:115} INFO - [2024-12-18 22:23:59,188] {dagbag.py:507} INFO - Filling up the DagBag from /home/patriciacorreia/Documents/airflowalura/venv/lib/python3.9/site-packages/airflow/example_dags/example_trigger_controller_dag.py
[2024-12-18 22:23:59,197] {processor.py:651} INFO - DAG(s) dict_keys(['example_trigger_controller_dag']) retrieved from /home/patriciacorreia/Documents/airflowalura/venv/lib/python3.9/site-packages/airflow/example_dags/example_trigger_controller_dag.py
[2024-12-18 22:23:59,243] {logging_mixin.py:115} INFO - [2024-12-18 22:23:59,242] {dag.py:2379} INFO - Sync 1 DAGs
[2024-12-18 22:23:59,294] {logging_mixin.py:115} INFO - [2024-12-18 22:23:59,294] {dag.py:2927} INFO - Setting next_dagrun for example_trigger_controller_dag to 2021-01-01T00:00:00+00:00, run_after=2021-01-01T00:00:00+00:00
[2024-12-18 22:23:59,324] {processor.py:161} INFO - Processing /home/patriciacorreia/Documents/airflowalura/venv/lib/python3.9/site-packages/airflow/example_dags/example_trigger_controller_dag.py took 0.148 seconds
[2024-12-18 22:24:46,579] {processor.py:153} INFO - Started process (PID=19321) to work on /home/patriciacorreia/Documents/airflowalura/venv/lib/python3.9/site-packages/airflow/example_dags/example_trigger_controller_dag.py
[2024-12-18 22:24:46,582] {processor.py:641} INFO - Processing file /home/patriciacorreia/Documents/airflowalura/venv/lib/python3.9/site-packages/airflow/example_dags/example_trigger_controller_dag.py for tasks to queue
[2024-12-18 22:24:46,587] {logging_mixin.py:115} INFO - [2024-12-18 22:24:46,586] {dagbag.py:507} INFO - Filling up the DagBag from /home/patriciacorreia/Documents/airflowalura/venv/lib/python3.9/site-packages/airflow/example_dags/example_trigger_controller_dag.py
[2024-12-18 22:24:46,608] {processor.py:651} INFO - DAG(s) dict_keys(['example_trigger_controller_dag']) retrieved from /home/patriciacorreia/Documents/airflowalura/venv/lib/python3.9/site-packages/airflow/example_dags/example_trigger_controller_dag.py
[2024-12-18 22:24:46,659] {logging_mixin.py:115} INFO - [2024-12-18 22:24:46,659] {dag.py:2379} INFO - Sync 1 DAGs
[2024-12-18 22:24:46,697] {logging_mixin.py:115} INFO - [2024-12-18 22:24:46,697] {dag.py:2927} INFO - Setting next_dagrun for example_trigger_controller_dag to 2021-01-01T00:00:00+00:00, run_after=2021-01-01T00:00:00+00:00
[2024-12-18 22:24:46,718] {processor.py:161} INFO - Processing /home/patriciacorreia/Documents/airflowalura/venv/lib/python3.9/site-packages/airflow/example_dags/example_trigger_controller_dag.py took 0.156 seconds
[2024-12-18 22:25:32,756] {processor.py:153} INFO - Started process (PID=19573) to work on /home/patriciacorreia/Documents/airflowalura/venv/lib/python3.9/site-packages/airflow/example_dags/example_trigger_controller_dag.py
[2024-12-18 22:25:32,766] {processor.py:641} INFO - Processing file /home/patriciacorreia/Documents/airflowalura/venv/lib/python3.9/site-packages/airflow/example_dags/example_trigger_controller_dag.py for tasks to queue
[2024-12-18 22:25:32,770] {logging_mixin.py:115} INFO - [2024-12-18 22:25:32,769] {dagbag.py:507} INFO - Filling up the DagBag from /home/patriciacorreia/Documents/airflowalura/venv/lib/python3.9/site-packages/airflow/example_dags/example_trigger_controller_dag.py
[2024-12-18 22:25:32,799] {processor.py:651} INFO - DAG(s) dict_keys(['example_trigger_controller_dag']) retrieved from /home/patriciacorreia/Documents/airflowalura/venv/lib/python3.9/site-packages/airflow/example_dags/example_trigger_controller_dag.py
[2024-12-18 22:25:32,888] {logging_mixin.py:115} INFO - [2024-12-18 22:25:32,888] {dag.py:2379} INFO - Sync 1 DAGs
[2024-12-18 22:25:32,925] {logging_mixin.py:115} INFO - [2024-12-18 22:25:32,925] {dag.py:2927} INFO - Setting next_dagrun for example_trigger_controller_dag to 2021-01-01T00:00:00+00:00, run_after=2021-01-01T00:00:00+00:00
[2024-12-18 22:25:32,944] {processor.py:161} INFO - Processing /home/patriciacorreia/Documents/airflowalura/venv/lib/python3.9/site-packages/airflow/example_dags/example_trigger_controller_dag.py took 0.209 seconds
[2024-12-18 22:26:18,318] {processor.py:153} INFO - Started process (PID=19765) to work on /home/patriciacorreia/Documents/airflowalura/venv/lib/python3.9/site-packages/airflow/example_dags/example_trigger_controller_dag.py
[2024-12-18 22:26:18,321] {processor.py:641} INFO - Processing file /home/patriciacorreia/Documents/airflowalura/venv/lib/python3.9/site-packages/airflow/example_dags/example_trigger_controller_dag.py for tasks to queue
[2024-12-18 22:26:18,323] {logging_mixin.py:115} INFO - [2024-12-18 22:26:18,322] {dagbag.py:507} INFO - Filling up the DagBag from /home/patriciacorreia/Documents/airflowalura/venv/lib/python3.9/site-packages/airflow/example_dags/example_trigger_controller_dag.py
[2024-12-18 22:26:18,332] {processor.py:651} INFO - DAG(s) dict_keys(['example_trigger_controller_dag']) retrieved from /home/patriciacorreia/Documents/airflowalura/venv/lib/python3.9/site-packages/airflow/example_dags/example_trigger_controller_dag.py
[2024-12-18 22:26:18,362] {logging_mixin.py:115} INFO - [2024-12-18 22:26:18,362] {dag.py:2379} INFO - Sync 1 DAGs
[2024-12-18 22:26:18,399] {logging_mixin.py:115} INFO - [2024-12-18 22:26:18,399] {dag.py:2927} INFO - Setting next_dagrun for example_trigger_controller_dag to 2021-01-01T00:00:00+00:00, run_after=2021-01-01T00:00:00+00:00
[2024-12-18 22:26:18,420] {processor.py:161} INFO - Processing /home/patriciacorreia/Documents/airflowalura/venv/lib/python3.9/site-packages/airflow/example_dags/example_trigger_controller_dag.py took 0.119 seconds
[2024-12-18 22:27:01,585] {processor.py:153} INFO - Started process (PID=19963) to work on /home/patriciacorreia/Documents/airflowalura/venv/lib/python3.9/site-packages/airflow/example_dags/example_trigger_controller_dag.py
[2024-12-18 22:27:01,588] {processor.py:641} INFO - Processing file /home/patriciacorreia/Documents/airflowalura/venv/lib/python3.9/site-packages/airflow/example_dags/example_trigger_controller_dag.py for tasks to queue
[2024-12-18 22:27:01,590] {logging_mixin.py:115} INFO - [2024-12-18 22:27:01,590] {dagbag.py:507} INFO - Filling up the DagBag from /home/patriciacorreia/Documents/airflowalura/venv/lib/python3.9/site-packages/airflow/example_dags/example_trigger_controller_dag.py
[2024-12-18 22:27:01,602] {processor.py:651} INFO - DAG(s) dict_keys(['example_trigger_controller_dag']) retrieved from /home/patriciacorreia/Documents/airflowalura/venv/lib/python3.9/site-packages/airflow/example_dags/example_trigger_controller_dag.py
[2024-12-18 22:27:01,659] {logging_mixin.py:115} INFO - [2024-12-18 22:27:01,659] {dag.py:2379} INFO - Sync 1 DAGs
[2024-12-18 22:27:01,727] {logging_mixin.py:115} INFO - [2024-12-18 22:27:01,727] {dag.py:2927} INFO - Setting next_dagrun for example_trigger_controller_dag to 2021-01-01T00:00:00+00:00, run_after=2021-01-01T00:00:00+00:00
[2024-12-18 22:27:01,767] {processor.py:161} INFO - Processing /home/patriciacorreia/Documents/airflowalura/venv/lib/python3.9/site-packages/airflow/example_dags/example_trigger_controller_dag.py took 0.192 seconds
[2024-12-18 22:27:44,551] {processor.py:153} INFO - Started process (PID=20165) to work on /home/patriciacorreia/Documents/airflowalura/venv/lib/python3.9/site-packages/airflow/example_dags/example_trigger_controller_dag.py
[2024-12-18 22:27:44,553] {processor.py:641} INFO - Processing file /home/patriciacorreia/Documents/airflowalura/venv/lib/python3.9/site-packages/airflow/example_dags/example_trigger_controller_dag.py for tasks to queue
[2024-12-18 22:27:44,554] {logging_mixin.py:115} INFO - [2024-12-18 22:27:44,554] {dagbag.py:507} INFO - Filling up the DagBag from /home/patriciacorreia/Documents/airflowalura/venv/lib/python3.9/site-packages/airflow/example_dags/example_trigger_controller_dag.py
[2024-12-18 22:27:44,561] {processor.py:651} INFO - DAG(s) dict_keys(['example_trigger_controller_dag']) retrieved from /home/patriciacorreia/Documents/airflowalura/venv/lib/python3.9/site-packages/airflow/example_dags/example_trigger_controller_dag.py
[2024-12-18 22:27:44,596] {logging_mixin.py:115} INFO - [2024-12-18 22:27:44,596] {dag.py:2379} INFO - Sync 1 DAGs
[2024-12-18 22:27:44,636] {logging_mixin.py:115} INFO - [2024-12-18 22:27:44,636] {dag.py:2927} INFO - Setting next_dagrun for example_trigger_controller_dag to 2021-01-01T00:00:00+00:00, run_after=2021-01-01T00:00:00+00:00
[2024-12-18 22:27:44,661] {processor.py:161} INFO - Processing /home/patriciacorreia/Documents/airflowalura/venv/lib/python3.9/site-packages/airflow/example_dags/example_trigger_controller_dag.py took 0.117 seconds
[2024-12-18 22:28:27,525] {processor.py:153} INFO - Started process (PID=20375) to work on /home/patriciacorreia/Documents/airflowalura/venv/lib/python3.9/site-packages/airflow/example_dags/example_trigger_controller_dag.py
[2024-12-18 22:28:27,532] {processor.py:641} INFO - Processing file /home/patriciacorreia/Documents/airflowalura/venv/lib/python3.9/site-packages/airflow/example_dags/example_trigger_controller_dag.py for tasks to queue
[2024-12-18 22:28:27,536] {logging_mixin.py:115} INFO - [2024-12-18 22:28:27,536] {dagbag.py:507} INFO - Filling up the DagBag from /home/patriciacorreia/Documents/airflowalura/venv/lib/python3.9/site-packages/airflow/example_dags/example_trigger_controller_dag.py
[2024-12-18 22:28:27,555] {processor.py:651} INFO - DAG(s) dict_keys(['example_trigger_controller_dag']) retrieved from /home/patriciacorreia/Documents/airflowalura/venv/lib/python3.9/site-packages/airflow/example_dags/example_trigger_controller_dag.py
[2024-12-18 22:28:27,658] {logging_mixin.py:115} INFO - [2024-12-18 22:28:27,657] {dag.py:2379} INFO - Sync 1 DAGs
[2024-12-18 22:28:27,715] {logging_mixin.py:115} INFO - [2024-12-18 22:28:27,715] {dag.py:2927} INFO - Setting next_dagrun for example_trigger_controller_dag to 2021-01-01T00:00:00+00:00, run_after=2021-01-01T00:00:00+00:00
[2024-12-18 22:28:27,736] {processor.py:161} INFO - Processing /home/patriciacorreia/Documents/airflowalura/venv/lib/python3.9/site-packages/airflow/example_dags/example_trigger_controller_dag.py took 0.228 seconds
[2024-12-18 22:29:04,636] {processor.py:153} INFO - Started process (PID=20564) to work on /home/patriciacorreia/Documents/airflowalura/venv/lib/python3.9/site-packages/airflow/example_dags/example_trigger_controller_dag.py
[2024-12-18 22:29:04,639] {processor.py:641} INFO - Processing file /home/patriciacorreia/Documents/airflowalura/venv/lib/python3.9/site-packages/airflow/example_dags/example_trigger_controller_dag.py for tasks to queue
[2024-12-18 22:29:04,640] {logging_mixin.py:115} INFO - [2024-12-18 22:29:04,640] {dagbag.py:507} INFO - Filling up the DagBag from /home/patriciacorreia/Documents/airflowalura/venv/lib/python3.9/site-packages/airflow/example_dags/example_trigger_controller_dag.py
[2024-12-18 22:29:04,652] {processor.py:651} INFO - DAG(s) dict_keys(['example_trigger_controller_dag']) retrieved from /home/patriciacorreia/Documents/airflowalura/venv/lib/python3.9/site-packages/airflow/example_dags/example_trigger_controller_dag.py
[2024-12-18 22:29:04,709] {logging_mixin.py:115} INFO - [2024-12-18 22:29:04,708] {dag.py:2379} INFO - Sync 1 DAGs
[2024-12-18 22:29:04,781] {logging_mixin.py:115} INFO - [2024-12-18 22:29:04,780] {dag.py:2927} INFO - Setting next_dagrun for example_trigger_controller_dag to 2021-01-01T00:00:00+00:00, run_after=2021-01-01T00:00:00+00:00
[2024-12-18 22:29:04,831] {processor.py:161} INFO - Processing /home/patriciacorreia/Documents/airflowalura/venv/lib/python3.9/site-packages/airflow/example_dags/example_trigger_controller_dag.py took 0.204 seconds
[2024-12-18 22:29:40,301] {processor.py:153} INFO - Started process (PID=20749) to work on /home/patriciacorreia/Documents/airflowalura/venv/lib/python3.9/site-packages/airflow/example_dags/example_trigger_controller_dag.py
[2024-12-18 22:29:40,303] {processor.py:641} INFO - Processing file /home/patriciacorreia/Documents/airflowalura/venv/lib/python3.9/site-packages/airflow/example_dags/example_trigger_controller_dag.py for tasks to queue
[2024-12-18 22:29:40,304] {logging_mixin.py:115} INFO - [2024-12-18 22:29:40,304] {dagbag.py:507} INFO - Filling up the DagBag from /home/patriciacorreia/Documents/airflowalura/venv/lib/python3.9/site-packages/airflow/example_dags/example_trigger_controller_dag.py
[2024-12-18 22:29:40,313] {processor.py:651} INFO - DAG(s) dict_keys(['example_trigger_controller_dag']) retrieved from /home/patriciacorreia/Documents/airflowalura/venv/lib/python3.9/site-packages/airflow/example_dags/example_trigger_controller_dag.py
[2024-12-18 22:29:40,342] {logging_mixin.py:115} INFO - [2024-12-18 22:29:40,342] {dag.py:2379} INFO - Sync 1 DAGs
[2024-12-18 22:29:40,372] {logging_mixin.py:115} INFO - [2024-12-18 22:29:40,372] {dag.py:2927} INFO - Setting next_dagrun for example_trigger_controller_dag to 2021-01-01T00:00:00+00:00, run_after=2021-01-01T00:00:00+00:00
[2024-12-18 22:29:40,390] {processor.py:161} INFO - Processing /home/patriciacorreia/Documents/airflowalura/venv/lib/python3.9/site-packages/airflow/example_dags/example_trigger_controller_dag.py took 0.093 seconds
[2024-12-18 22:30:16,153] {processor.py:153} INFO - Started process (PID=20930) to work on /home/patriciacorreia/Documents/airflowalura/venv/lib/python3.9/site-packages/airflow/example_dags/example_trigger_controller_dag.py
[2024-12-18 22:30:16,157] {processor.py:641} INFO - Processing file /home/patriciacorreia/Documents/airflowalura/venv/lib/python3.9/site-packages/airflow/example_dags/example_trigger_controller_dag.py for tasks to queue
[2024-12-18 22:30:16,162] {logging_mixin.py:115} INFO - [2024-12-18 22:30:16,161] {dagbag.py:507} INFO - Filling up the DagBag from /home/patriciacorreia/Documents/airflowalura/venv/lib/python3.9/site-packages/airflow/example_dags/example_trigger_controller_dag.py
[2024-12-18 22:30:16,177] {processor.py:651} INFO - DAG(s) dict_keys(['example_trigger_controller_dag']) retrieved from /home/patriciacorreia/Documents/airflowalura/venv/lib/python3.9/site-packages/airflow/example_dags/example_trigger_controller_dag.py
[2024-12-18 22:30:16,254] {logging_mixin.py:115} INFO - [2024-12-18 22:30:16,254] {dag.py:2379} INFO - Sync 1 DAGs
[2024-12-18 22:30:16,358] {logging_mixin.py:115} INFO - [2024-12-18 22:30:16,357] {dag.py:2927} INFO - Setting next_dagrun for example_trigger_controller_dag to 2021-01-01T00:00:00+00:00, run_after=2021-01-01T00:00:00+00:00
[2024-12-18 22:30:16,435] {processor.py:161} INFO - Processing /home/patriciacorreia/Documents/airflowalura/venv/lib/python3.9/site-packages/airflow/example_dags/example_trigger_controller_dag.py took 0.301 seconds
[2024-12-18 22:30:51,482] {processor.py:153} INFO - Started process (PID=21120) to work on /home/patriciacorreia/Documents/airflowalura/venv/lib/python3.9/site-packages/airflow/example_dags/example_trigger_controller_dag.py
[2024-12-18 22:30:51,483] {processor.py:641} INFO - Processing file /home/patriciacorreia/Documents/airflowalura/venv/lib/python3.9/site-packages/airflow/example_dags/example_trigger_controller_dag.py for tasks to queue
[2024-12-18 22:30:51,483] {logging_mixin.py:115} INFO - [2024-12-18 22:30:51,483] {dagbag.py:507} INFO - Filling up the DagBag from /home/patriciacorreia/Documents/airflowalura/venv/lib/python3.9/site-packages/airflow/example_dags/example_trigger_controller_dag.py
[2024-12-18 22:30:51,488] {processor.py:651} INFO - DAG(s) dict_keys(['example_trigger_controller_dag']) retrieved from /home/patriciacorreia/Documents/airflowalura/venv/lib/python3.9/site-packages/airflow/example_dags/example_trigger_controller_dag.py
[2024-12-18 22:30:51,516] {logging_mixin.py:115} INFO - [2024-12-18 22:30:51,516] {dag.py:2379} INFO - Sync 1 DAGs
[2024-12-18 22:30:51,546] {logging_mixin.py:115} INFO - [2024-12-18 22:30:51,545] {dag.py:2927} INFO - Setting next_dagrun for example_trigger_controller_dag to 2021-01-01T00:00:00+00:00, run_after=2021-01-01T00:00:00+00:00
[2024-12-18 22:30:51,569] {processor.py:161} INFO - Processing /home/patriciacorreia/Documents/airflowalura/venv/lib/python3.9/site-packages/airflow/example_dags/example_trigger_controller_dag.py took 0.091 seconds
[2024-12-18 22:31:25,738] {processor.py:153} INFO - Started process (PID=21297) to work on /home/patriciacorreia/Documents/airflowalura/venv/lib/python3.9/site-packages/airflow/example_dags/example_trigger_controller_dag.py
[2024-12-18 22:31:25,740] {processor.py:641} INFO - Processing file /home/patriciacorreia/Documents/airflowalura/venv/lib/python3.9/site-packages/airflow/example_dags/example_trigger_controller_dag.py for tasks to queue
[2024-12-18 22:31:25,741] {logging_mixin.py:115} INFO - [2024-12-18 22:31:25,741] {dagbag.py:507} INFO - Filling up the DagBag from /home/patriciacorreia/Documents/airflowalura/venv/lib/python3.9/site-packages/airflow/example_dags/example_trigger_controller_dag.py
[2024-12-18 22:31:25,747] {processor.py:651} INFO - DAG(s) dict_keys(['example_trigger_controller_dag']) retrieved from /home/patriciacorreia/Documents/airflowalura/venv/lib/python3.9/site-packages/airflow/example_dags/example_trigger_controller_dag.py
[2024-12-18 22:31:25,774] {logging_mixin.py:115} INFO - [2024-12-18 22:31:25,773] {dag.py:2379} INFO - Sync 1 DAGs
[2024-12-18 22:31:25,802] {logging_mixin.py:115} INFO - [2024-12-18 22:31:25,802] {dag.py:2927} INFO - Setting next_dagrun for example_trigger_controller_dag to 2021-01-01T00:00:00+00:00, run_after=2021-01-01T00:00:00+00:00
[2024-12-18 22:31:25,819] {processor.py:161} INFO - Processing /home/patriciacorreia/Documents/airflowalura/venv/lib/python3.9/site-packages/airflow/example_dags/example_trigger_controller_dag.py took 0.087 seconds
[2024-12-18 22:32:02,626] {processor.py:153} INFO - Started process (PID=21485) to work on /home/patriciacorreia/Documents/airflowalura/venv/lib/python3.9/site-packages/airflow/example_dags/example_trigger_controller_dag.py
[2024-12-18 22:32:02,630] {processor.py:641} INFO - Processing file /home/patriciacorreia/Documents/airflowalura/venv/lib/python3.9/site-packages/airflow/example_dags/example_trigger_controller_dag.py for tasks to queue
[2024-12-18 22:32:02,632] {logging_mixin.py:115} INFO - [2024-12-18 22:32:02,632] {dagbag.py:507} INFO - Filling up the DagBag from /home/patriciacorreia/Documents/airflowalura/venv/lib/python3.9/site-packages/airflow/example_dags/example_trigger_controller_dag.py
[2024-12-18 22:32:02,645] {processor.py:651} INFO - DAG(s) dict_keys(['example_trigger_controller_dag']) retrieved from /home/patriciacorreia/Documents/airflowalura/venv/lib/python3.9/site-packages/airflow/example_dags/example_trigger_controller_dag.py
[2024-12-18 22:32:02,723] {logging_mixin.py:115} INFO - [2024-12-18 22:32:02,722] {dag.py:2379} INFO - Sync 1 DAGs
[2024-12-18 22:32:02,809] {logging_mixin.py:115} INFO - [2024-12-18 22:32:02,808] {dag.py:2927} INFO - Setting next_dagrun for example_trigger_controller_dag to 2021-01-01T00:00:00+00:00, run_after=2021-01-01T00:00:00+00:00
[2024-12-18 22:32:02,839] {processor.py:161} INFO - Processing /home/patriciacorreia/Documents/airflowalura/venv/lib/python3.9/site-packages/airflow/example_dags/example_trigger_controller_dag.py took 0.224 seconds
[2024-12-18 22:32:40,997] {processor.py:153} INFO - Started process (PID=21672) to work on /home/patriciacorreia/Documents/airflowalura/venv/lib/python3.9/site-packages/airflow/example_dags/example_trigger_controller_dag.py
[2024-12-18 22:32:40,998] {processor.py:641} INFO - Processing file /home/patriciacorreia/Documents/airflowalura/venv/lib/python3.9/site-packages/airflow/example_dags/example_trigger_controller_dag.py for tasks to queue
[2024-12-18 22:32:40,999] {logging_mixin.py:115} INFO - [2024-12-18 22:32:40,999] {dagbag.py:507} INFO - Filling up the DagBag from /home/patriciacorreia/Documents/airflowalura/venv/lib/python3.9/site-packages/airflow/example_dags/example_trigger_controller_dag.py
[2024-12-18 22:32:41,003] {processor.py:651} INFO - DAG(s) dict_keys(['example_trigger_controller_dag']) retrieved from /home/patriciacorreia/Documents/airflowalura/venv/lib/python3.9/site-packages/airflow/example_dags/example_trigger_controller_dag.py
[2024-12-18 22:32:41,025] {logging_mixin.py:115} INFO - [2024-12-18 22:32:41,025] {dag.py:2379} INFO - Sync 1 DAGs
[2024-12-18 22:32:41,050] {logging_mixin.py:115} INFO - [2024-12-18 22:32:41,050] {dag.py:2927} INFO - Setting next_dagrun for example_trigger_controller_dag to 2021-01-01T00:00:00+00:00, run_after=2021-01-01T00:00:00+00:00
[2024-12-18 22:32:41,066] {processor.py:161} INFO - Processing /home/patriciacorreia/Documents/airflowalura/venv/lib/python3.9/site-packages/airflow/example_dags/example_trigger_controller_dag.py took 0.073 seconds
[2024-12-18 22:33:20,403] {processor.py:153} INFO - Started process (PID=21854) to work on /home/patriciacorreia/Documents/airflowalura/venv/lib/python3.9/site-packages/airflow/example_dags/example_trigger_controller_dag.py
[2024-12-18 22:33:20,406] {processor.py:641} INFO - Processing file /home/patriciacorreia/Documents/airflowalura/venv/lib/python3.9/site-packages/airflow/example_dags/example_trigger_controller_dag.py for tasks to queue
[2024-12-18 22:33:20,409] {logging_mixin.py:115} INFO - [2024-12-18 22:33:20,409] {dagbag.py:507} INFO - Filling up the DagBag from /home/patriciacorreia/Documents/airflowalura/venv/lib/python3.9/site-packages/airflow/example_dags/example_trigger_controller_dag.py
[2024-12-18 22:33:20,425] {processor.py:651} INFO - DAG(s) dict_keys(['example_trigger_controller_dag']) retrieved from /home/patriciacorreia/Documents/airflowalura/venv/lib/python3.9/site-packages/airflow/example_dags/example_trigger_controller_dag.py
[2024-12-18 22:33:20,502] {logging_mixin.py:115} INFO - [2024-12-18 22:33:20,502] {dag.py:2379} INFO - Sync 1 DAGs
[2024-12-18 22:33:20,625] {logging_mixin.py:115} INFO - [2024-12-18 22:33:20,624] {dag.py:2927} INFO - Setting next_dagrun for example_trigger_controller_dag to 2021-01-01T00:00:00+00:00, run_after=2021-01-01T00:00:00+00:00
[2024-12-18 22:33:20,679] {processor.py:161} INFO - Processing /home/patriciacorreia/Documents/airflowalura/venv/lib/python3.9/site-packages/airflow/example_dags/example_trigger_controller_dag.py took 0.295 seconds
[2024-12-18 22:34:09,229] {processor.py:153} INFO - Started process (PID=22070) to work on /home/patriciacorreia/Documents/airflowalura/venv/lib/python3.9/site-packages/airflow/example_dags/example_trigger_controller_dag.py
[2024-12-18 22:34:09,230] {processor.py:641} INFO - Processing file /home/patriciacorreia/Documents/airflowalura/venv/lib/python3.9/site-packages/airflow/example_dags/example_trigger_controller_dag.py for tasks to queue
[2024-12-18 22:34:09,231] {logging_mixin.py:115} INFO - [2024-12-18 22:34:09,231] {dagbag.py:507} INFO - Filling up the DagBag from /home/patriciacorreia/Documents/airflowalura/venv/lib/python3.9/site-packages/airflow/example_dags/example_trigger_controller_dag.py
[2024-12-18 22:34:09,240] {processor.py:651} INFO - DAG(s) dict_keys(['example_trigger_controller_dag']) retrieved from /home/patriciacorreia/Documents/airflowalura/venv/lib/python3.9/site-packages/airflow/example_dags/example_trigger_controller_dag.py
[2024-12-18 22:34:09,283] {logging_mixin.py:115} INFO - [2024-12-18 22:34:09,282] {dag.py:2379} INFO - Sync 1 DAGs
[2024-12-18 22:34:09,329] {logging_mixin.py:115} INFO - [2024-12-18 22:34:09,329] {dag.py:2927} INFO - Setting next_dagrun for example_trigger_controller_dag to 2021-01-01T00:00:00+00:00, run_after=2021-01-01T00:00:00+00:00
[2024-12-18 22:34:09,357] {processor.py:161} INFO - Processing /home/patriciacorreia/Documents/airflowalura/venv/lib/python3.9/site-packages/airflow/example_dags/example_trigger_controller_dag.py took 0.138 seconds
[2024-12-18 22:34:56,490] {processor.py:153} INFO - Started process (PID=22281) to work on /home/patriciacorreia/Documents/airflowalura/venv/lib/python3.9/site-packages/airflow/example_dags/example_trigger_controller_dag.py
[2024-12-18 22:34:56,497] {processor.py:641} INFO - Processing file /home/patriciacorreia/Documents/airflowalura/venv/lib/python3.9/site-packages/airflow/example_dags/example_trigger_controller_dag.py for tasks to queue
[2024-12-18 22:34:56,501] {logging_mixin.py:115} INFO - [2024-12-18 22:34:56,500] {dagbag.py:507} INFO - Filling up the DagBag from /home/patriciacorreia/Documents/airflowalura/venv/lib/python3.9/site-packages/airflow/example_dags/example_trigger_controller_dag.py
[2024-12-18 22:34:56,526] {processor.py:651} INFO - DAG(s) dict_keys(['example_trigger_controller_dag']) retrieved from /home/patriciacorreia/Documents/airflowalura/venv/lib/python3.9/site-packages/airflow/example_dags/example_trigger_controller_dag.py
[2024-12-18 22:34:56,618] {logging_mixin.py:115} INFO - [2024-12-18 22:34:56,617] {dag.py:2379} INFO - Sync 1 DAGs
[2024-12-18 22:34:56,728] {logging_mixin.py:115} INFO - [2024-12-18 22:34:56,728] {dag.py:2927} INFO - Setting next_dagrun for example_trigger_controller_dag to 2021-01-01T00:00:00+00:00, run_after=2021-01-01T00:00:00+00:00
[2024-12-18 22:34:56,765] {processor.py:161} INFO - Processing /home/patriciacorreia/Documents/airflowalura/venv/lib/python3.9/site-packages/airflow/example_dags/example_trigger_controller_dag.py took 0.302 seconds
[2024-12-18 22:35:37,027] {processor.py:153} INFO - Started process (PID=22465) to work on /home/patriciacorreia/Documents/airflowalura/venv/lib/python3.9/site-packages/airflow/example_dags/example_trigger_controller_dag.py
[2024-12-18 22:35:37,031] {processor.py:641} INFO - Processing file /home/patriciacorreia/Documents/airflowalura/venv/lib/python3.9/site-packages/airflow/example_dags/example_trigger_controller_dag.py for tasks to queue
[2024-12-18 22:35:37,033] {logging_mixin.py:115} INFO - [2024-12-18 22:35:37,033] {dagbag.py:507} INFO - Filling up the DagBag from /home/patriciacorreia/Documents/airflowalura/venv/lib/python3.9/site-packages/airflow/example_dags/example_trigger_controller_dag.py
[2024-12-18 22:35:37,050] {processor.py:651} INFO - DAG(s) dict_keys(['example_trigger_controller_dag']) retrieved from /home/patriciacorreia/Documents/airflowalura/venv/lib/python3.9/site-packages/airflow/example_dags/example_trigger_controller_dag.py
[2024-12-18 22:35:37,129] {logging_mixin.py:115} INFO - [2024-12-18 22:35:37,128] {dag.py:2379} INFO - Sync 1 DAGs
[2024-12-18 22:35:37,184] {logging_mixin.py:115} INFO - [2024-12-18 22:35:37,183] {dag.py:2927} INFO - Setting next_dagrun for example_trigger_controller_dag to 2021-01-01T00:00:00+00:00, run_after=2021-01-01T00:00:00+00:00
[2024-12-18 22:35:37,207] {processor.py:161} INFO - Processing /home/patriciacorreia/Documents/airflowalura/venv/lib/python3.9/site-packages/airflow/example_dags/example_trigger_controller_dag.py took 0.196 seconds
[2024-12-18 22:36:13,969] {processor.py:153} INFO - Started process (PID=22636) to work on /home/patriciacorreia/Documents/airflowalura/venv/lib/python3.9/site-packages/airflow/example_dags/example_trigger_controller_dag.py
[2024-12-18 22:36:13,971] {processor.py:641} INFO - Processing file /home/patriciacorreia/Documents/airflowalura/venv/lib/python3.9/site-packages/airflow/example_dags/example_trigger_controller_dag.py for tasks to queue
[2024-12-18 22:36:13,972] {logging_mixin.py:115} INFO - [2024-12-18 22:36:13,972] {dagbag.py:507} INFO - Filling up the DagBag from /home/patriciacorreia/Documents/airflowalura/venv/lib/python3.9/site-packages/airflow/example_dags/example_trigger_controller_dag.py
[2024-12-18 22:36:13,981] {processor.py:651} INFO - DAG(s) dict_keys(['example_trigger_controller_dag']) retrieved from /home/patriciacorreia/Documents/airflowalura/venv/lib/python3.9/site-packages/airflow/example_dags/example_trigger_controller_dag.py
[2024-12-18 22:36:14,039] {logging_mixin.py:115} INFO - [2024-12-18 22:36:14,038] {dag.py:2379} INFO - Sync 1 DAGs
[2024-12-18 22:36:14,089] {logging_mixin.py:115} INFO - [2024-12-18 22:36:14,089] {dag.py:2927} INFO - Setting next_dagrun for example_trigger_controller_dag to 2021-01-01T00:00:00+00:00, run_after=2021-01-01T00:00:00+00:00
[2024-12-18 22:36:14,116] {processor.py:161} INFO - Processing /home/patriciacorreia/Documents/airflowalura/venv/lib/python3.9/site-packages/airflow/example_dags/example_trigger_controller_dag.py took 0.168 seconds
[2024-12-18 22:37:04,698] {processor.py:153} INFO - Started process (PID=22859) to work on /home/patriciacorreia/Documents/airflowalura/venv/lib/python3.9/site-packages/airflow/example_dags/example_trigger_controller_dag.py
[2024-12-18 22:37:04,702] {processor.py:641} INFO - Processing file /home/patriciacorreia/Documents/airflowalura/venv/lib/python3.9/site-packages/airflow/example_dags/example_trigger_controller_dag.py for tasks to queue
[2024-12-18 22:37:04,707] {logging_mixin.py:115} INFO - [2024-12-18 22:37:04,707] {dagbag.py:507} INFO - Filling up the DagBag from /home/patriciacorreia/Documents/airflowalura/venv/lib/python3.9/site-packages/airflow/example_dags/example_trigger_controller_dag.py
[2024-12-18 22:37:04,724] {processor.py:651} INFO - DAG(s) dict_keys(['example_trigger_controller_dag']) retrieved from /home/patriciacorreia/Documents/airflowalura/venv/lib/python3.9/site-packages/airflow/example_dags/example_trigger_controller_dag.py
[2024-12-18 22:37:04,809] {logging_mixin.py:115} INFO - [2024-12-18 22:37:04,809] {dag.py:2379} INFO - Sync 1 DAGs
[2024-12-18 22:37:04,927] {logging_mixin.py:115} INFO - [2024-12-18 22:37:04,926] {dag.py:2927} INFO - Setting next_dagrun for example_trigger_controller_dag to 2021-01-01T00:00:00+00:00, run_after=2021-01-01T00:00:00+00:00
[2024-12-18 22:37:04,979] {processor.py:161} INFO - Processing /home/patriciacorreia/Documents/airflowalura/venv/lib/python3.9/site-packages/airflow/example_dags/example_trigger_controller_dag.py took 0.298 seconds
[2024-12-18 22:37:47,877] {processor.py:153} INFO - Started process (PID=23051) to work on /home/patriciacorreia/Documents/airflowalura/venv/lib/python3.9/site-packages/airflow/example_dags/example_trigger_controller_dag.py
[2024-12-18 22:37:47,881] {processor.py:641} INFO - Processing file /home/patriciacorreia/Documents/airflowalura/venv/lib/python3.9/site-packages/airflow/example_dags/example_trigger_controller_dag.py for tasks to queue
[2024-12-18 22:37:47,884] {logging_mixin.py:115} INFO - [2024-12-18 22:37:47,883] {dagbag.py:507} INFO - Filling up the DagBag from /home/patriciacorreia/Documents/airflowalura/venv/lib/python3.9/site-packages/airflow/example_dags/example_trigger_controller_dag.py
[2024-12-18 22:37:47,897] {processor.py:651} INFO - DAG(s) dict_keys(['example_trigger_controller_dag']) retrieved from /home/patriciacorreia/Documents/airflowalura/venv/lib/python3.9/site-packages/airflow/example_dags/example_trigger_controller_dag.py
[2024-12-18 22:37:47,964] {logging_mixin.py:115} INFO - [2024-12-18 22:37:47,963] {dag.py:2379} INFO - Sync 1 DAGs
[2024-12-18 22:37:48,043] {logging_mixin.py:115} INFO - [2024-12-18 22:37:48,042] {dag.py:2927} INFO - Setting next_dagrun for example_trigger_controller_dag to 2021-01-01T00:00:00+00:00, run_after=2021-01-01T00:00:00+00:00
[2024-12-18 22:37:48,095] {processor.py:161} INFO - Processing /home/patriciacorreia/Documents/airflowalura/venv/lib/python3.9/site-packages/airflow/example_dags/example_trigger_controller_dag.py took 0.231 seconds
[2024-12-18 22:38:29,825] {processor.py:153} INFO - Started process (PID=23240) to work on /home/patriciacorreia/Documents/airflowalura/venv/lib/python3.9/site-packages/airflow/example_dags/example_trigger_controller_dag.py
[2024-12-18 22:38:29,830] {processor.py:641} INFO - Processing file /home/patriciacorreia/Documents/airflowalura/venv/lib/python3.9/site-packages/airflow/example_dags/example_trigger_controller_dag.py for tasks to queue
[2024-12-18 22:38:29,832] {logging_mixin.py:115} INFO - [2024-12-18 22:38:29,831] {dagbag.py:507} INFO - Filling up the DagBag from /home/patriciacorreia/Documents/airflowalura/venv/lib/python3.9/site-packages/airflow/example_dags/example_trigger_controller_dag.py
[2024-12-18 22:38:29,847] {processor.py:651} INFO - DAG(s) dict_keys(['example_trigger_controller_dag']) retrieved from /home/patriciacorreia/Documents/airflowalura/venv/lib/python3.9/site-packages/airflow/example_dags/example_trigger_controller_dag.py
[2024-12-18 22:38:29,920] {logging_mixin.py:115} INFO - [2024-12-18 22:38:29,919] {dag.py:2379} INFO - Sync 1 DAGs
[2024-12-18 22:38:30,004] {logging_mixin.py:115} INFO - [2024-12-18 22:38:30,003] {dag.py:2927} INFO - Setting next_dagrun for example_trigger_controller_dag to 2021-01-01T00:00:00+00:00, run_after=2021-01-01T00:00:00+00:00
[2024-12-18 22:38:30,059] {processor.py:161} INFO - Processing /home/patriciacorreia/Documents/airflowalura/venv/lib/python3.9/site-packages/airflow/example_dags/example_trigger_controller_dag.py took 0.249 seconds
[2024-12-18 22:39:07,812] {processor.py:153} INFO - Started process (PID=23420) to work on /home/patriciacorreia/Documents/airflowalura/venv/lib/python3.9/site-packages/airflow/example_dags/example_trigger_controller_dag.py
[2024-12-18 22:39:07,814] {processor.py:641} INFO - Processing file /home/patriciacorreia/Documents/airflowalura/venv/lib/python3.9/site-packages/airflow/example_dags/example_trigger_controller_dag.py for tasks to queue
[2024-12-18 22:39:07,816] {logging_mixin.py:115} INFO - [2024-12-18 22:39:07,815] {dagbag.py:507} INFO - Filling up the DagBag from /home/patriciacorreia/Documents/airflowalura/venv/lib/python3.9/site-packages/airflow/example_dags/example_trigger_controller_dag.py
[2024-12-18 22:39:07,824] {processor.py:651} INFO - DAG(s) dict_keys(['example_trigger_controller_dag']) retrieved from /home/patriciacorreia/Documents/airflowalura/venv/lib/python3.9/site-packages/airflow/example_dags/example_trigger_controller_dag.py
[2024-12-18 22:39:07,856] {logging_mixin.py:115} INFO - [2024-12-18 22:39:07,855] {dag.py:2379} INFO - Sync 1 DAGs
[2024-12-18 22:39:07,898] {logging_mixin.py:115} INFO - [2024-12-18 22:39:07,897] {dag.py:2927} INFO - Setting next_dagrun for example_trigger_controller_dag to 2021-01-01T00:00:00+00:00, run_after=2021-01-01T00:00:00+00:00
[2024-12-18 22:39:07,919] {processor.py:161} INFO - Processing /home/patriciacorreia/Documents/airflowalura/venv/lib/python3.9/site-packages/airflow/example_dags/example_trigger_controller_dag.py took 0.113 seconds
[2024-12-18 22:39:46,750] {processor.py:153} INFO - Started process (PID=23597) to work on /home/patriciacorreia/Documents/airflowalura/venv/lib/python3.9/site-packages/airflow/example_dags/example_trigger_controller_dag.py
[2024-12-18 22:39:46,754] {processor.py:641} INFO - Processing file /home/patriciacorreia/Documents/airflowalura/venv/lib/python3.9/site-packages/airflow/example_dags/example_trigger_controller_dag.py for tasks to queue
[2024-12-18 22:39:46,756] {logging_mixin.py:115} INFO - [2024-12-18 22:39:46,755] {dagbag.py:507} INFO - Filling up the DagBag from /home/patriciacorreia/Documents/airflowalura/venv/lib/python3.9/site-packages/airflow/example_dags/example_trigger_controller_dag.py
[2024-12-18 22:39:46,771] {processor.py:651} INFO - DAG(s) dict_keys(['example_trigger_controller_dag']) retrieved from /home/patriciacorreia/Documents/airflowalura/venv/lib/python3.9/site-packages/airflow/example_dags/example_trigger_controller_dag.py
[2024-12-18 22:39:46,831] {logging_mixin.py:115} INFO - [2024-12-18 22:39:46,831] {dag.py:2379} INFO - Sync 1 DAGs
[2024-12-18 22:39:46,869] {logging_mixin.py:115} INFO - [2024-12-18 22:39:46,869] {dag.py:2927} INFO - Setting next_dagrun for example_trigger_controller_dag to 2021-01-01T00:00:00+00:00, run_after=2021-01-01T00:00:00+00:00
[2024-12-18 22:39:46,893] {processor.py:161} INFO - Processing /home/patriciacorreia/Documents/airflowalura/venv/lib/python3.9/site-packages/airflow/example_dags/example_trigger_controller_dag.py took 0.155 seconds
[2024-12-18 22:40:26,726] {processor.py:153} INFO - Started process (PID=23787) to work on /home/patriciacorreia/Documents/airflowalura/venv/lib/python3.9/site-packages/airflow/example_dags/example_trigger_controller_dag.py
[2024-12-18 22:40:26,729] {processor.py:641} INFO - Processing file /home/patriciacorreia/Documents/airflowalura/venv/lib/python3.9/site-packages/airflow/example_dags/example_trigger_controller_dag.py for tasks to queue
[2024-12-18 22:40:26,732] {logging_mixin.py:115} INFO - [2024-12-18 22:40:26,732] {dagbag.py:507} INFO - Filling up the DagBag from /home/patriciacorreia/Documents/airflowalura/venv/lib/python3.9/site-packages/airflow/example_dags/example_trigger_controller_dag.py
[2024-12-18 22:40:26,751] {processor.py:651} INFO - DAG(s) dict_keys(['example_trigger_controller_dag']) retrieved from /home/patriciacorreia/Documents/airflowalura/venv/lib/python3.9/site-packages/airflow/example_dags/example_trigger_controller_dag.py
[2024-12-18 22:40:26,806] {logging_mixin.py:115} INFO - [2024-12-18 22:40:26,806] {dag.py:2379} INFO - Sync 1 DAGs
[2024-12-18 22:40:26,879] {logging_mixin.py:115} INFO - [2024-12-18 22:40:26,878] {dag.py:2927} INFO - Setting next_dagrun for example_trigger_controller_dag to 2021-01-01T00:00:00+00:00, run_after=2021-01-01T00:00:00+00:00
[2024-12-18 22:40:26,925] {processor.py:161} INFO - Processing /home/patriciacorreia/Documents/airflowalura/venv/lib/python3.9/site-packages/airflow/example_dags/example_trigger_controller_dag.py took 0.211 seconds
