[2024-12-18 22:05:22,041] {processor.py:153} INFO - Started process (PID=13799) to work on /home/patriciacorreia/Documents/airflowalura/venv/lib/python3.9/site-packages/airflow/example_dags/example_trigger_target_dag.py
[2024-12-18 22:05:22,041] {processor.py:641} INFO - Processing file /home/patriciacorreia/Documents/airflowalura/venv/lib/python3.9/site-packages/airflow/example_dags/example_trigger_target_dag.py for tasks to queue
[2024-12-18 22:05:22,042] {logging_mixin.py:115} INFO - [2024-12-18 22:05:22,042] {dagbag.py:507} INFO - Filling up the DagBag from /home/patriciacorreia/Documents/airflowalura/venv/lib/python3.9/site-packages/airflow/example_dags/example_trigger_target_dag.py
[2024-12-18 22:05:22,063] {processor.py:651} INFO - DAG(s) dict_keys(['example_trigger_target_dag']) retrieved from /home/patriciacorreia/Documents/airflowalura/venv/lib/python3.9/site-packages/airflow/example_dags/example_trigger_target_dag.py
[2024-12-18 22:05:22,141] {logging_mixin.py:115} INFO - [2024-12-18 22:05:22,140] {manager.py:508} INFO - Created Permission View: can read on DAG:example_trigger_target_dag
[2024-12-18 22:05:22,153] {logging_mixin.py:115} INFO - [2024-12-18 22:05:22,153] {manager.py:508} INFO - Created Permission View: can delete on DAG:example_trigger_target_dag
[2024-12-18 22:05:22,163] {logging_mixin.py:115} INFO - [2024-12-18 22:05:22,163] {manager.py:508} INFO - Created Permission View: can edit on DAG:example_trigger_target_dag
[2024-12-18 22:05:22,164] {logging_mixin.py:115} INFO - [2024-12-18 22:05:22,163] {dag.py:2379} INFO - Sync 1 DAGs
[2024-12-18 22:05:22,199] {logging_mixin.py:115} INFO - [2024-12-18 22:05:22,199] {dag.py:2398} INFO - Creating ORM DAG for example_trigger_target_dag
[2024-12-18 22:05:22,228] {logging_mixin.py:115} INFO - [2024-12-18 22:05:22,227] {dag.py:2927} INFO - Setting next_dagrun for example_trigger_target_dag to None, run_after=None
[2024-12-18 22:05:22,261] {processor.py:161} INFO - Processing /home/patriciacorreia/Documents/airflowalura/venv/lib/python3.9/site-packages/airflow/example_dags/example_trigger_target_dag.py took 0.224 seconds
[2024-12-18 22:05:59,740] {processor.py:153} INFO - Started process (PID=13925) to work on /home/patriciacorreia/Documents/airflowalura/venv/lib/python3.9/site-packages/airflow/example_dags/example_trigger_target_dag.py
[2024-12-18 22:05:59,741] {processor.py:641} INFO - Processing file /home/patriciacorreia/Documents/airflowalura/venv/lib/python3.9/site-packages/airflow/example_dags/example_trigger_target_dag.py for tasks to queue
[2024-12-18 22:05:59,742] {logging_mixin.py:115} INFO - [2024-12-18 22:05:59,742] {dagbag.py:507} INFO - Filling up the DagBag from /home/patriciacorreia/Documents/airflowalura/venv/lib/python3.9/site-packages/airflow/example_dags/example_trigger_target_dag.py
[2024-12-18 22:05:59,766] {processor.py:651} INFO - DAG(s) dict_keys(['example_trigger_target_dag']) retrieved from /home/patriciacorreia/Documents/airflowalura/venv/lib/python3.9/site-packages/airflow/example_dags/example_trigger_target_dag.py
[2024-12-18 22:05:59,786] {logging_mixin.py:115} INFO - [2024-12-18 22:05:59,786] {dag.py:2379} INFO - Sync 1 DAGs
[2024-12-18 22:05:59,810] {logging_mixin.py:115} INFO - [2024-12-18 22:05:59,810] {dag.py:2927} INFO - Setting next_dagrun for example_trigger_target_dag to None, run_after=None
[2024-12-18 22:05:59,825] {processor.py:161} INFO - Processing /home/patriciacorreia/Documents/airflowalura/venv/lib/python3.9/site-packages/airflow/example_dags/example_trigger_target_dag.py took 0.089 seconds
[2024-12-18 22:06:34,663] {processor.py:153} INFO - Started process (PID=14047) to work on /home/patriciacorreia/Documents/airflowalura/venv/lib/python3.9/site-packages/airflow/example_dags/example_trigger_target_dag.py
[2024-12-18 22:06:34,664] {processor.py:641} INFO - Processing file /home/patriciacorreia/Documents/airflowalura/venv/lib/python3.9/site-packages/airflow/example_dags/example_trigger_target_dag.py for tasks to queue
[2024-12-18 22:06:34,665] {logging_mixin.py:115} INFO - [2024-12-18 22:06:34,665] {dagbag.py:507} INFO - Filling up the DagBag from /home/patriciacorreia/Documents/airflowalura/venv/lib/python3.9/site-packages/airflow/example_dags/example_trigger_target_dag.py
[2024-12-18 22:06:34,686] {processor.py:651} INFO - DAG(s) dict_keys(['example_trigger_target_dag']) retrieved from /home/patriciacorreia/Documents/airflowalura/venv/lib/python3.9/site-packages/airflow/example_dags/example_trigger_target_dag.py
[2024-12-18 22:06:34,705] {logging_mixin.py:115} INFO - [2024-12-18 22:06:34,705] {dag.py:2379} INFO - Sync 1 DAGs
[2024-12-18 22:06:34,728] {logging_mixin.py:115} INFO - [2024-12-18 22:06:34,728] {dag.py:2927} INFO - Setting next_dagrun for example_trigger_target_dag to None, run_after=None
[2024-12-18 22:06:34,743] {processor.py:161} INFO - Processing /home/patriciacorreia/Documents/airflowalura/venv/lib/python3.9/site-packages/airflow/example_dags/example_trigger_target_dag.py took 0.084 seconds
[2024-12-18 22:07:11,198] {processor.py:153} INFO - Started process (PID=14162) to work on /home/patriciacorreia/Documents/airflowalura/venv/lib/python3.9/site-packages/airflow/example_dags/example_trigger_target_dag.py
[2024-12-18 22:07:11,201] {processor.py:641} INFO - Processing file /home/patriciacorreia/Documents/airflowalura/venv/lib/python3.9/site-packages/airflow/example_dags/example_trigger_target_dag.py for tasks to queue
[2024-12-18 22:07:11,203] {logging_mixin.py:115} INFO - [2024-12-18 22:07:11,202] {dagbag.py:507} INFO - Filling up the DagBag from /home/patriciacorreia/Documents/airflowalura/venv/lib/python3.9/site-packages/airflow/example_dags/example_trigger_target_dag.py
[2024-12-18 22:07:11,239] {processor.py:651} INFO - DAG(s) dict_keys(['example_trigger_target_dag']) retrieved from /home/patriciacorreia/Documents/airflowalura/venv/lib/python3.9/site-packages/airflow/example_dags/example_trigger_target_dag.py
[2024-12-18 22:07:11,285] {logging_mixin.py:115} INFO - [2024-12-18 22:07:11,285] {dag.py:2379} INFO - Sync 1 DAGs
[2024-12-18 22:07:11,340] {logging_mixin.py:115} INFO - [2024-12-18 22:07:11,340] {dag.py:2927} INFO - Setting next_dagrun for example_trigger_target_dag to None, run_after=None
[2024-12-18 22:07:11,390] {processor.py:161} INFO - Processing /home/patriciacorreia/Documents/airflowalura/venv/lib/python3.9/site-packages/airflow/example_dags/example_trigger_target_dag.py took 0.199 seconds
[2024-12-18 22:07:50,512] {processor.py:153} INFO - Started process (PID=14225) to work on /home/patriciacorreia/Documents/airflowalura/venv/lib/python3.9/site-packages/airflow/example_dags/example_trigger_target_dag.py
[2024-12-18 22:07:50,514] {processor.py:641} INFO - Processing file /home/patriciacorreia/Documents/airflowalura/venv/lib/python3.9/site-packages/airflow/example_dags/example_trigger_target_dag.py for tasks to queue
[2024-12-18 22:07:50,516] {logging_mixin.py:115} INFO - [2024-12-18 22:07:50,516] {dagbag.py:507} INFO - Filling up the DagBag from /home/patriciacorreia/Documents/airflowalura/venv/lib/python3.9/site-packages/airflow/example_dags/example_trigger_target_dag.py
[2024-12-18 22:07:50,559] {processor.py:651} INFO - DAG(s) dict_keys(['example_trigger_target_dag']) retrieved from /home/patriciacorreia/Documents/airflowalura/venv/lib/python3.9/site-packages/airflow/example_dags/example_trigger_target_dag.py
[2024-12-18 22:07:50,603] {logging_mixin.py:115} INFO - [2024-12-18 22:07:50,603] {dag.py:2379} INFO - Sync 1 DAGs
[2024-12-18 22:07:50,657] {logging_mixin.py:115} INFO - [2024-12-18 22:07:50,656] {dag.py:2927} INFO - Setting next_dagrun for example_trigger_target_dag to None, run_after=None
[2024-12-18 22:07:50,693] {processor.py:161} INFO - Processing /home/patriciacorreia/Documents/airflowalura/venv/lib/python3.9/site-packages/airflow/example_dags/example_trigger_target_dag.py took 0.189 seconds
[2024-12-18 22:08:25,305] {processor.py:153} INFO - Started process (PID=14332) to work on /home/patriciacorreia/Documents/airflowalura/venv/lib/python3.9/site-packages/airflow/example_dags/example_trigger_target_dag.py
[2024-12-18 22:08:25,307] {processor.py:641} INFO - Processing file /home/patriciacorreia/Documents/airflowalura/venv/lib/python3.9/site-packages/airflow/example_dags/example_trigger_target_dag.py for tasks to queue
[2024-12-18 22:08:25,309] {logging_mixin.py:115} INFO - [2024-12-18 22:08:25,308] {dagbag.py:507} INFO - Filling up the DagBag from /home/patriciacorreia/Documents/airflowalura/venv/lib/python3.9/site-packages/airflow/example_dags/example_trigger_target_dag.py
[2024-12-18 22:08:25,342] {processor.py:651} INFO - DAG(s) dict_keys(['example_trigger_target_dag']) retrieved from /home/patriciacorreia/Documents/airflowalura/venv/lib/python3.9/site-packages/airflow/example_dags/example_trigger_target_dag.py
[2024-12-18 22:08:25,371] {logging_mixin.py:115} INFO - [2024-12-18 22:08:25,371] {dag.py:2379} INFO - Sync 1 DAGs
[2024-12-18 22:08:25,423] {logging_mixin.py:115} INFO - [2024-12-18 22:08:25,423] {dag.py:2927} INFO - Setting next_dagrun for example_trigger_target_dag to None, run_after=None
[2024-12-18 22:08:25,456] {processor.py:161} INFO - Processing /home/patriciacorreia/Documents/airflowalura/venv/lib/python3.9/site-packages/airflow/example_dags/example_trigger_target_dag.py took 0.155 seconds
[2024-12-18 22:09:02,178] {processor.py:153} INFO - Started process (PID=14483) to work on /home/patriciacorreia/Documents/airflowalura/venv/lib/python3.9/site-packages/airflow/example_dags/example_trigger_target_dag.py
[2024-12-18 22:09:02,181] {processor.py:641} INFO - Processing file /home/patriciacorreia/Documents/airflowalura/venv/lib/python3.9/site-packages/airflow/example_dags/example_trigger_target_dag.py for tasks to queue
[2024-12-18 22:09:02,183] {logging_mixin.py:115} INFO - [2024-12-18 22:09:02,182] {dagbag.py:507} INFO - Filling up the DagBag from /home/patriciacorreia/Documents/airflowalura/venv/lib/python3.9/site-packages/airflow/example_dags/example_trigger_target_dag.py
[2024-12-18 22:09:02,236] {processor.py:651} INFO - DAG(s) dict_keys(['example_trigger_target_dag']) retrieved from /home/patriciacorreia/Documents/airflowalura/venv/lib/python3.9/site-packages/airflow/example_dags/example_trigger_target_dag.py
[2024-12-18 22:09:02,270] {logging_mixin.py:115} INFO - [2024-12-18 22:09:02,270] {dag.py:2379} INFO - Sync 1 DAGs
[2024-12-18 22:09:02,312] {logging_mixin.py:115} INFO - [2024-12-18 22:09:02,312] {dag.py:2927} INFO - Setting next_dagrun for example_trigger_target_dag to None, run_after=None
[2024-12-18 22:09:02,333] {processor.py:161} INFO - Processing /home/patriciacorreia/Documents/airflowalura/venv/lib/python3.9/site-packages/airflow/example_dags/example_trigger_target_dag.py took 0.162 seconds
[2024-12-18 22:09:34,484] {processor.py:153} INFO - Started process (PID=14611) to work on /home/patriciacorreia/Documents/airflowalura/venv/lib/python3.9/site-packages/airflow/example_dags/example_trigger_target_dag.py
[2024-12-18 22:09:34,485] {processor.py:641} INFO - Processing file /home/patriciacorreia/Documents/airflowalura/venv/lib/python3.9/site-packages/airflow/example_dags/example_trigger_target_dag.py for tasks to queue
[2024-12-18 22:09:34,486] {logging_mixin.py:115} INFO - [2024-12-18 22:09:34,486] {dagbag.py:507} INFO - Filling up the DagBag from /home/patriciacorreia/Documents/airflowalura/venv/lib/python3.9/site-packages/airflow/example_dags/example_trigger_target_dag.py
[2024-12-18 22:09:34,507] {processor.py:651} INFO - DAG(s) dict_keys(['example_trigger_target_dag']) retrieved from /home/patriciacorreia/Documents/airflowalura/venv/lib/python3.9/site-packages/airflow/example_dags/example_trigger_target_dag.py
[2024-12-18 22:09:34,528] {logging_mixin.py:115} INFO - [2024-12-18 22:09:34,528] {dag.py:2379} INFO - Sync 1 DAGs
[2024-12-18 22:09:34,583] {logging_mixin.py:115} INFO - [2024-12-18 22:09:34,583] {dag.py:2927} INFO - Setting next_dagrun for example_trigger_target_dag to None, run_after=None
[2024-12-18 22:09:34,621] {processor.py:161} INFO - Processing /home/patriciacorreia/Documents/airflowalura/venv/lib/python3.9/site-packages/airflow/example_dags/example_trigger_target_dag.py took 0.141 seconds
[2024-12-18 22:10:12,297] {processor.py:153} INFO - Started process (PID=14850) to work on /home/patriciacorreia/Documents/airflowalura/venv/lib/python3.9/site-packages/airflow/example_dags/example_trigger_target_dag.py
[2024-12-18 22:10:12,298] {processor.py:641} INFO - Processing file /home/patriciacorreia/Documents/airflowalura/venv/lib/python3.9/site-packages/airflow/example_dags/example_trigger_target_dag.py for tasks to queue
[2024-12-18 22:10:12,300] {logging_mixin.py:115} INFO - [2024-12-18 22:10:12,299] {dagbag.py:507} INFO - Filling up the DagBag from /home/patriciacorreia/Documents/airflowalura/venv/lib/python3.9/site-packages/airflow/example_dags/example_trigger_target_dag.py
[2024-12-18 22:10:12,328] {processor.py:651} INFO - DAG(s) dict_keys(['example_trigger_target_dag']) retrieved from /home/patriciacorreia/Documents/airflowalura/venv/lib/python3.9/site-packages/airflow/example_dags/example_trigger_target_dag.py
[2024-12-18 22:10:12,349] {logging_mixin.py:115} INFO - [2024-12-18 22:10:12,349] {dag.py:2379} INFO - Sync 1 DAGs
[2024-12-18 22:10:12,375] {logging_mixin.py:115} INFO - [2024-12-18 22:10:12,375] {dag.py:2927} INFO - Setting next_dagrun for example_trigger_target_dag to None, run_after=None
[2024-12-18 22:10:12,391] {processor.py:161} INFO - Processing /home/patriciacorreia/Documents/airflowalura/venv/lib/python3.9/site-packages/airflow/example_dags/example_trigger_target_dag.py took 0.098 seconds
[2024-12-18 22:10:44,944] {processor.py:153} INFO - Started process (PID=15207) to work on /home/patriciacorreia/Documents/airflowalura/venv/lib/python3.9/site-packages/airflow/example_dags/example_trigger_target_dag.py
[2024-12-18 22:10:44,945] {processor.py:641} INFO - Processing file /home/patriciacorreia/Documents/airflowalura/venv/lib/python3.9/site-packages/airflow/example_dags/example_trigger_target_dag.py for tasks to queue
[2024-12-18 22:10:44,947] {logging_mixin.py:115} INFO - [2024-12-18 22:10:44,946] {dagbag.py:507} INFO - Filling up the DagBag from /home/patriciacorreia/Documents/airflowalura/venv/lib/python3.9/site-packages/airflow/example_dags/example_trigger_target_dag.py
[2024-12-18 22:10:44,992] {processor.py:651} INFO - DAG(s) dict_keys(['example_trigger_target_dag']) retrieved from /home/patriciacorreia/Documents/airflowalura/venv/lib/python3.9/site-packages/airflow/example_dags/example_trigger_target_dag.py
[2024-12-18 22:10:45,032] {logging_mixin.py:115} INFO - [2024-12-18 22:10:45,032] {dag.py:2379} INFO - Sync 1 DAGs
[2024-12-18 22:10:45,093] {logging_mixin.py:115} INFO - [2024-12-18 22:10:45,092] {dag.py:2927} INFO - Setting next_dagrun for example_trigger_target_dag to None, run_after=None
[2024-12-18 22:10:45,139] {processor.py:161} INFO - Processing /home/patriciacorreia/Documents/airflowalura/venv/lib/python3.9/site-packages/airflow/example_dags/example_trigger_target_dag.py took 0.204 seconds
[2024-12-18 22:11:26,639] {processor.py:153} INFO - Started process (PID=15495) to work on /home/patriciacorreia/Documents/airflowalura/venv/lib/python3.9/site-packages/airflow/example_dags/example_trigger_target_dag.py
[2024-12-18 22:11:26,643] {processor.py:641} INFO - Processing file /home/patriciacorreia/Documents/airflowalura/venv/lib/python3.9/site-packages/airflow/example_dags/example_trigger_target_dag.py for tasks to queue
[2024-12-18 22:11:26,647] {logging_mixin.py:115} INFO - [2024-12-18 22:11:26,647] {dagbag.py:507} INFO - Filling up the DagBag from /home/patriciacorreia/Documents/airflowalura/venv/lib/python3.9/site-packages/airflow/example_dags/example_trigger_target_dag.py
[2024-12-18 22:11:26,732] {processor.py:651} INFO - DAG(s) dict_keys(['example_trigger_target_dag']) retrieved from /home/patriciacorreia/Documents/airflowalura/venv/lib/python3.9/site-packages/airflow/example_dags/example_trigger_target_dag.py
[2024-12-18 22:11:26,816] {logging_mixin.py:115} INFO - [2024-12-18 22:11:26,815] {dag.py:2379} INFO - Sync 1 DAGs
[2024-12-18 22:11:26,934] {logging_mixin.py:115} INFO - [2024-12-18 22:11:26,933] {dag.py:2927} INFO - Setting next_dagrun for example_trigger_target_dag to None, run_after=None
[2024-12-18 22:11:27,014] {processor.py:161} INFO - Processing /home/patriciacorreia/Documents/airflowalura/venv/lib/python3.9/site-packages/airflow/example_dags/example_trigger_target_dag.py took 0.388 seconds
[2024-12-18 22:12:00,532] {processor.py:153} INFO - Started process (PID=15645) to work on /home/patriciacorreia/Documents/airflowalura/venv/lib/python3.9/site-packages/airflow/example_dags/example_trigger_target_dag.py
[2024-12-18 22:12:00,535] {processor.py:641} INFO - Processing file /home/patriciacorreia/Documents/airflowalura/venv/lib/python3.9/site-packages/airflow/example_dags/example_trigger_target_dag.py for tasks to queue
[2024-12-18 22:12:00,536] {logging_mixin.py:115} INFO - [2024-12-18 22:12:00,536] {dagbag.py:507} INFO - Filling up the DagBag from /home/patriciacorreia/Documents/airflowalura/venv/lib/python3.9/site-packages/airflow/example_dags/example_trigger_target_dag.py
[2024-12-18 22:12:00,586] {processor.py:651} INFO - DAG(s) dict_keys(['example_trigger_target_dag']) retrieved from /home/patriciacorreia/Documents/airflowalura/venv/lib/python3.9/site-packages/airflow/example_dags/example_trigger_target_dag.py
[2024-12-18 22:12:00,615] {logging_mixin.py:115} INFO - [2024-12-18 22:12:00,615] {dag.py:2379} INFO - Sync 1 DAGs
[2024-12-18 22:12:00,643] {logging_mixin.py:115} INFO - [2024-12-18 22:12:00,643] {dag.py:2927} INFO - Setting next_dagrun for example_trigger_target_dag to None, run_after=None
[2024-12-18 22:12:00,667] {processor.py:161} INFO - Processing /home/patriciacorreia/Documents/airflowalura/venv/lib/python3.9/site-packages/airflow/example_dags/example_trigger_target_dag.py took 0.143 seconds
[2024-12-18 22:12:41,047] {processor.py:153} INFO - Started process (PID=15829) to work on /home/patriciacorreia/Documents/airflowalura/venv/lib/python3.9/site-packages/airflow/example_dags/example_trigger_target_dag.py
[2024-12-18 22:12:41,050] {processor.py:641} INFO - Processing file /home/patriciacorreia/Documents/airflowalura/venv/lib/python3.9/site-packages/airflow/example_dags/example_trigger_target_dag.py for tasks to queue
[2024-12-18 22:12:41,052] {logging_mixin.py:115} INFO - [2024-12-18 22:12:41,051] {dagbag.py:507} INFO - Filling up the DagBag from /home/patriciacorreia/Documents/airflowalura/venv/lib/python3.9/site-packages/airflow/example_dags/example_trigger_target_dag.py
[2024-12-18 22:12:41,132] {processor.py:651} INFO - DAG(s) dict_keys(['example_trigger_target_dag']) retrieved from /home/patriciacorreia/Documents/airflowalura/venv/lib/python3.9/site-packages/airflow/example_dags/example_trigger_target_dag.py
[2024-12-18 22:12:41,192] {logging_mixin.py:115} INFO - [2024-12-18 22:12:41,192] {dag.py:2379} INFO - Sync 1 DAGs
[2024-12-18 22:12:41,222] {logging_mixin.py:115} INFO - [2024-12-18 22:12:41,222] {dag.py:2927} INFO - Setting next_dagrun for example_trigger_target_dag to None, run_after=None
[2024-12-18 22:12:41,237] {processor.py:161} INFO - Processing /home/patriciacorreia/Documents/airflowalura/venv/lib/python3.9/site-packages/airflow/example_dags/example_trigger_target_dag.py took 0.206 seconds
[2024-12-18 22:13:15,515] {processor.py:153} INFO - Started process (PID=15978) to work on /home/patriciacorreia/Documents/airflowalura/venv/lib/python3.9/site-packages/airflow/example_dags/example_trigger_target_dag.py
[2024-12-18 22:13:15,519] {processor.py:641} INFO - Processing file /home/patriciacorreia/Documents/airflowalura/venv/lib/python3.9/site-packages/airflow/example_dags/example_trigger_target_dag.py for tasks to queue
[2024-12-18 22:13:15,521] {logging_mixin.py:115} INFO - [2024-12-18 22:13:15,521] {dagbag.py:507} INFO - Filling up the DagBag from /home/patriciacorreia/Documents/airflowalura/venv/lib/python3.9/site-packages/airflow/example_dags/example_trigger_target_dag.py
[2024-12-18 22:13:15,592] {processor.py:651} INFO - DAG(s) dict_keys(['example_trigger_target_dag']) retrieved from /home/patriciacorreia/Documents/airflowalura/venv/lib/python3.9/site-packages/airflow/example_dags/example_trigger_target_dag.py
[2024-12-18 22:13:15,669] {logging_mixin.py:115} INFO - [2024-12-18 22:13:15,668] {dag.py:2379} INFO - Sync 1 DAGs
[2024-12-18 22:13:15,752] {logging_mixin.py:115} INFO - [2024-12-18 22:13:15,752] {dag.py:2927} INFO - Setting next_dagrun for example_trigger_target_dag to None, run_after=None
[2024-12-18 22:13:15,786] {processor.py:161} INFO - Processing /home/patriciacorreia/Documents/airflowalura/venv/lib/python3.9/site-packages/airflow/example_dags/example_trigger_target_dag.py took 0.283 seconds
[2024-12-18 22:13:51,393] {processor.py:153} INFO - Started process (PID=16142) to work on /home/patriciacorreia/Documents/airflowalura/venv/lib/python3.9/site-packages/airflow/example_dags/example_trigger_target_dag.py
[2024-12-18 22:13:51,398] {processor.py:641} INFO - Processing file /home/patriciacorreia/Documents/airflowalura/venv/lib/python3.9/site-packages/airflow/example_dags/example_trigger_target_dag.py for tasks to queue
[2024-12-18 22:13:51,400] {logging_mixin.py:115} INFO - [2024-12-18 22:13:51,399] {dagbag.py:507} INFO - Filling up the DagBag from /home/patriciacorreia/Documents/airflowalura/venv/lib/python3.9/site-packages/airflow/example_dags/example_trigger_target_dag.py
[2024-12-18 22:13:51,465] {processor.py:651} INFO - DAG(s) dict_keys(['example_trigger_target_dag']) retrieved from /home/patriciacorreia/Documents/airflowalura/venv/lib/python3.9/site-packages/airflow/example_dags/example_trigger_target_dag.py
[2024-12-18 22:13:51,488] {logging_mixin.py:115} INFO - [2024-12-18 22:13:51,488] {dag.py:2379} INFO - Sync 1 DAGs
[2024-12-18 22:13:51,519] {logging_mixin.py:115} INFO - [2024-12-18 22:13:51,519] {dag.py:2927} INFO - Setting next_dagrun for example_trigger_target_dag to None, run_after=None
[2024-12-18 22:13:51,534] {processor.py:161} INFO - Processing /home/patriciacorreia/Documents/airflowalura/venv/lib/python3.9/site-packages/airflow/example_dags/example_trigger_target_dag.py took 0.156 seconds
[2024-12-18 22:14:35,081] {processor.py:153} INFO - Started process (PID=16368) to work on /home/patriciacorreia/Documents/airflowalura/venv/lib/python3.9/site-packages/airflow/example_dags/example_trigger_target_dag.py
[2024-12-18 22:14:35,082] {processor.py:641} INFO - Processing file /home/patriciacorreia/Documents/airflowalura/venv/lib/python3.9/site-packages/airflow/example_dags/example_trigger_target_dag.py for tasks to queue
[2024-12-18 22:14:35,083] {logging_mixin.py:115} INFO - [2024-12-18 22:14:35,083] {dagbag.py:507} INFO - Filling up the DagBag from /home/patriciacorreia/Documents/airflowalura/venv/lib/python3.9/site-packages/airflow/example_dags/example_trigger_target_dag.py
[2024-12-18 22:14:35,124] {processor.py:651} INFO - DAG(s) dict_keys(['example_trigger_target_dag']) retrieved from /home/patriciacorreia/Documents/airflowalura/venv/lib/python3.9/site-packages/airflow/example_dags/example_trigger_target_dag.py
[2024-12-18 22:14:35,165] {logging_mixin.py:115} INFO - [2024-12-18 22:14:35,165] {dag.py:2379} INFO - Sync 1 DAGs
[2024-12-18 22:14:35,209] {logging_mixin.py:115} INFO - [2024-12-18 22:14:35,209] {dag.py:2927} INFO - Setting next_dagrun for example_trigger_target_dag to None, run_after=None
[2024-12-18 22:14:35,235] {processor.py:161} INFO - Processing /home/patriciacorreia/Documents/airflowalura/venv/lib/python3.9/site-packages/airflow/example_dags/example_trigger_target_dag.py took 0.169 seconds
[2024-12-18 22:15:16,751] {processor.py:153} INFO - Started process (PID=16565) to work on /home/patriciacorreia/Documents/airflowalura/venv/lib/python3.9/site-packages/airflow/example_dags/example_trigger_target_dag.py
[2024-12-18 22:15:16,754] {processor.py:641} INFO - Processing file /home/patriciacorreia/Documents/airflowalura/venv/lib/python3.9/site-packages/airflow/example_dags/example_trigger_target_dag.py for tasks to queue
[2024-12-18 22:15:16,757] {logging_mixin.py:115} INFO - [2024-12-18 22:15:16,757] {dagbag.py:507} INFO - Filling up the DagBag from /home/patriciacorreia/Documents/airflowalura/venv/lib/python3.9/site-packages/airflow/example_dags/example_trigger_target_dag.py
[2024-12-18 22:15:16,838] {processor.py:651} INFO - DAG(s) dict_keys(['example_trigger_target_dag']) retrieved from /home/patriciacorreia/Documents/airflowalura/venv/lib/python3.9/site-packages/airflow/example_dags/example_trigger_target_dag.py
[2024-12-18 22:15:16,933] {logging_mixin.py:115} INFO - [2024-12-18 22:15:16,933] {dag.py:2379} INFO - Sync 1 DAGs
[2024-12-18 22:15:16,981] {logging_mixin.py:115} INFO - [2024-12-18 22:15:16,981] {dag.py:2927} INFO - Setting next_dagrun for example_trigger_target_dag to None, run_after=None
[2024-12-18 22:15:16,998] {processor.py:161} INFO - Processing /home/patriciacorreia/Documents/airflowalura/venv/lib/python3.9/site-packages/airflow/example_dags/example_trigger_target_dag.py took 0.261 seconds
[2024-12-18 22:15:56,123] {processor.py:153} INFO - Started process (PID=16769) to work on /home/patriciacorreia/Documents/airflowalura/venv/lib/python3.9/site-packages/airflow/example_dags/example_trigger_target_dag.py
[2024-12-18 22:15:56,125] {processor.py:641} INFO - Processing file /home/patriciacorreia/Documents/airflowalura/venv/lib/python3.9/site-packages/airflow/example_dags/example_trigger_target_dag.py for tasks to queue
[2024-12-18 22:15:56,126] {logging_mixin.py:115} INFO - [2024-12-18 22:15:56,126] {dagbag.py:507} INFO - Filling up the DagBag from /home/patriciacorreia/Documents/airflowalura/venv/lib/python3.9/site-packages/airflow/example_dags/example_trigger_target_dag.py
[2024-12-18 22:15:56,162] {processor.py:651} INFO - DAG(s) dict_keys(['example_trigger_target_dag']) retrieved from /home/patriciacorreia/Documents/airflowalura/venv/lib/python3.9/site-packages/airflow/example_dags/example_trigger_target_dag.py
[2024-12-18 22:15:56,188] {logging_mixin.py:115} INFO - [2024-12-18 22:15:56,188] {dag.py:2379} INFO - Sync 1 DAGs
[2024-12-18 22:15:56,215] {logging_mixin.py:115} INFO - [2024-12-18 22:15:56,215] {dag.py:2927} INFO - Setting next_dagrun for example_trigger_target_dag to None, run_after=None
[2024-12-18 22:15:56,242] {processor.py:161} INFO - Processing /home/patriciacorreia/Documents/airflowalura/venv/lib/python3.9/site-packages/airflow/example_dags/example_trigger_target_dag.py took 0.125 seconds
[2024-12-18 22:16:34,281] {processor.py:153} INFO - Started process (PID=17027) to work on /home/patriciacorreia/Documents/airflowalura/venv/lib/python3.9/site-packages/airflow/example_dags/example_trigger_target_dag.py
[2024-12-18 22:16:34,284] {processor.py:641} INFO - Processing file /home/patriciacorreia/Documents/airflowalura/venv/lib/python3.9/site-packages/airflow/example_dags/example_trigger_target_dag.py for tasks to queue
[2024-12-18 22:16:34,286] {logging_mixin.py:115} INFO - [2024-12-18 22:16:34,285] {dagbag.py:507} INFO - Filling up the DagBag from /home/patriciacorreia/Documents/airflowalura/venv/lib/python3.9/site-packages/airflow/example_dags/example_trigger_target_dag.py
[2024-12-18 22:16:34,352] {processor.py:651} INFO - DAG(s) dict_keys(['example_trigger_target_dag']) retrieved from /home/patriciacorreia/Documents/airflowalura/venv/lib/python3.9/site-packages/airflow/example_dags/example_trigger_target_dag.py
[2024-12-18 22:16:34,586] {logging_mixin.py:115} INFO - [2024-12-18 22:16:34,586] {dag.py:2379} INFO - Sync 1 DAGs
[2024-12-18 22:16:34,822] {logging_mixin.py:115} INFO - [2024-12-18 22:16:34,821] {dag.py:2927} INFO - Setting next_dagrun for example_trigger_target_dag to None, run_after=None
[2024-12-18 22:16:34,889] {processor.py:161} INFO - Processing /home/patriciacorreia/Documents/airflowalura/venv/lib/python3.9/site-packages/airflow/example_dags/example_trigger_target_dag.py took 0.620 seconds
[2024-12-18 22:17:17,338] {processor.py:153} INFO - Started process (PID=17234) to work on /home/patriciacorreia/Documents/airflowalura/venv/lib/python3.9/site-packages/airflow/example_dags/example_trigger_target_dag.py
[2024-12-18 22:17:17,339] {processor.py:641} INFO - Processing file /home/patriciacorreia/Documents/airflowalura/venv/lib/python3.9/site-packages/airflow/example_dags/example_trigger_target_dag.py for tasks to queue
[2024-12-18 22:17:17,340] {logging_mixin.py:115} INFO - [2024-12-18 22:17:17,340] {dagbag.py:507} INFO - Filling up the DagBag from /home/patriciacorreia/Documents/airflowalura/venv/lib/python3.9/site-packages/airflow/example_dags/example_trigger_target_dag.py
[2024-12-18 22:17:17,364] {processor.py:651} INFO - DAG(s) dict_keys(['example_trigger_target_dag']) retrieved from /home/patriciacorreia/Documents/airflowalura/venv/lib/python3.9/site-packages/airflow/example_dags/example_trigger_target_dag.py
[2024-12-18 22:17:17,388] {logging_mixin.py:115} INFO - [2024-12-18 22:17:17,388] {dag.py:2379} INFO - Sync 1 DAGs
[2024-12-18 22:17:17,419] {logging_mixin.py:115} INFO - [2024-12-18 22:17:17,419] {dag.py:2927} INFO - Setting next_dagrun for example_trigger_target_dag to None, run_after=None
[2024-12-18 22:17:17,436] {processor.py:161} INFO - Processing /home/patriciacorreia/Documents/airflowalura/venv/lib/python3.9/site-packages/airflow/example_dags/example_trigger_target_dag.py took 0.102 seconds
[2024-12-18 22:17:52,919] {processor.py:153} INFO - Started process (PID=17406) to work on /home/patriciacorreia/Documents/airflowalura/venv/lib/python3.9/site-packages/airflow/example_dags/example_trigger_target_dag.py
[2024-12-18 22:17:52,923] {processor.py:641} INFO - Processing file /home/patriciacorreia/Documents/airflowalura/venv/lib/python3.9/site-packages/airflow/example_dags/example_trigger_target_dag.py for tasks to queue
[2024-12-18 22:17:52,926] {logging_mixin.py:115} INFO - [2024-12-18 22:17:52,925] {dagbag.py:507} INFO - Filling up the DagBag from /home/patriciacorreia/Documents/airflowalura/venv/lib/python3.9/site-packages/airflow/example_dags/example_trigger_target_dag.py
[2024-12-18 22:17:53,005] {processor.py:651} INFO - DAG(s) dict_keys(['example_trigger_target_dag']) retrieved from /home/patriciacorreia/Documents/airflowalura/venv/lib/python3.9/site-packages/airflow/example_dags/example_trigger_target_dag.py
[2024-12-18 22:17:53,085] {logging_mixin.py:115} INFO - [2024-12-18 22:17:53,085] {dag.py:2379} INFO - Sync 1 DAGs
[2024-12-18 22:17:53,181] {logging_mixin.py:115} INFO - [2024-12-18 22:17:53,181] {dag.py:2927} INFO - Setting next_dagrun for example_trigger_target_dag to None, run_after=None
[2024-12-18 22:17:53,202] {processor.py:161} INFO - Processing /home/patriciacorreia/Documents/airflowalura/venv/lib/python3.9/site-packages/airflow/example_dags/example_trigger_target_dag.py took 0.299 seconds
[2024-12-18 22:18:29,939] {processor.py:153} INFO - Started process (PID=17571) to work on /home/patriciacorreia/Documents/airflowalura/venv/lib/python3.9/site-packages/airflow/example_dags/example_trigger_target_dag.py
[2024-12-18 22:18:29,942] {processor.py:641} INFO - Processing file /home/patriciacorreia/Documents/airflowalura/venv/lib/python3.9/site-packages/airflow/example_dags/example_trigger_target_dag.py for tasks to queue
[2024-12-18 22:18:29,945] {logging_mixin.py:115} INFO - [2024-12-18 22:18:29,944] {dagbag.py:507} INFO - Filling up the DagBag from /home/patriciacorreia/Documents/airflowalura/venv/lib/python3.9/site-packages/airflow/example_dags/example_trigger_target_dag.py
[2024-12-18 22:18:29,995] {processor.py:651} INFO - DAG(s) dict_keys(['example_trigger_target_dag']) retrieved from /home/patriciacorreia/Documents/airflowalura/venv/lib/python3.9/site-packages/airflow/example_dags/example_trigger_target_dag.py
[2024-12-18 22:18:30,017] {logging_mixin.py:115} INFO - [2024-12-18 22:18:30,016] {dag.py:2379} INFO - Sync 1 DAGs
[2024-12-18 22:18:30,042] {logging_mixin.py:115} INFO - [2024-12-18 22:18:30,042] {dag.py:2927} INFO - Setting next_dagrun for example_trigger_target_dag to None, run_after=None
[2024-12-18 22:18:30,058] {processor.py:161} INFO - Processing /home/patriciacorreia/Documents/airflowalura/venv/lib/python3.9/site-packages/airflow/example_dags/example_trigger_target_dag.py took 0.134 seconds
[2024-12-18 22:19:31,467] {processor.py:153} INFO - Started process (PID=17827) to work on /home/patriciacorreia/Documents/airflowalura/venv/lib/python3.9/site-packages/airflow/example_dags/example_trigger_target_dag.py
[2024-12-18 22:19:31,471] {processor.py:641} INFO - Processing file /home/patriciacorreia/Documents/airflowalura/venv/lib/python3.9/site-packages/airflow/example_dags/example_trigger_target_dag.py for tasks to queue
[2024-12-18 22:19:31,474] {logging_mixin.py:115} INFO - [2024-12-18 22:19:31,473] {dagbag.py:507} INFO - Filling up the DagBag from /home/patriciacorreia/Documents/airflowalura/venv/lib/python3.9/site-packages/airflow/example_dags/example_trigger_target_dag.py
[2024-12-18 22:19:31,540] {processor.py:651} INFO - DAG(s) dict_keys(['example_trigger_target_dag']) retrieved from /home/patriciacorreia/Documents/airflowalura/venv/lib/python3.9/site-packages/airflow/example_dags/example_trigger_target_dag.py
[2024-12-18 22:19:31,598] {logging_mixin.py:115} INFO - [2024-12-18 22:19:31,598] {dag.py:2379} INFO - Sync 1 DAGs
[2024-12-18 22:19:31,634] {logging_mixin.py:115} INFO - [2024-12-18 22:19:31,633] {dag.py:2927} INFO - Setting next_dagrun for example_trigger_target_dag to None, run_after=None
[2024-12-18 22:19:31,654] {processor.py:161} INFO - Processing /home/patriciacorreia/Documents/airflowalura/venv/lib/python3.9/site-packages/airflow/example_dags/example_trigger_target_dag.py took 0.199 seconds
[2024-12-18 22:20:12,755] {processor.py:153} INFO - Started process (PID=18031) to work on /home/patriciacorreia/Documents/airflowalura/venv/lib/python3.9/site-packages/airflow/example_dags/example_trigger_target_dag.py
[2024-12-18 22:20:12,758] {processor.py:641} INFO - Processing file /home/patriciacorreia/Documents/airflowalura/venv/lib/python3.9/site-packages/airflow/example_dags/example_trigger_target_dag.py for tasks to queue
[2024-12-18 22:20:12,759] {logging_mixin.py:115} INFO - [2024-12-18 22:20:12,759] {dagbag.py:507} INFO - Filling up the DagBag from /home/patriciacorreia/Documents/airflowalura/venv/lib/python3.9/site-packages/airflow/example_dags/example_trigger_target_dag.py
[2024-12-18 22:20:12,794] {processor.py:651} INFO - DAG(s) dict_keys(['example_trigger_target_dag']) retrieved from /home/patriciacorreia/Documents/airflowalura/venv/lib/python3.9/site-packages/airflow/example_dags/example_trigger_target_dag.py
[2024-12-18 22:20:12,817] {logging_mixin.py:115} INFO - [2024-12-18 22:20:12,817] {dag.py:2379} INFO - Sync 1 DAGs
[2024-12-18 22:20:12,842] {logging_mixin.py:115} INFO - [2024-12-18 22:20:12,842] {dag.py:2927} INFO - Setting next_dagrun for example_trigger_target_dag to None, run_after=None
[2024-12-18 22:20:12,858] {processor.py:161} INFO - Processing /home/patriciacorreia/Documents/airflowalura/venv/lib/python3.9/site-packages/airflow/example_dags/example_trigger_target_dag.py took 0.109 seconds
[2024-12-18 22:20:50,538] {processor.py:153} INFO - Started process (PID=18223) to work on /home/patriciacorreia/Documents/airflowalura/venv/lib/python3.9/site-packages/airflow/example_dags/example_trigger_target_dag.py
[2024-12-18 22:20:50,542] {processor.py:641} INFO - Processing file /home/patriciacorreia/Documents/airflowalura/venv/lib/python3.9/site-packages/airflow/example_dags/example_trigger_target_dag.py for tasks to queue
[2024-12-18 22:20:50,546] {logging_mixin.py:115} INFO - [2024-12-18 22:20:50,545] {dagbag.py:507} INFO - Filling up the DagBag from /home/patriciacorreia/Documents/airflowalura/venv/lib/python3.9/site-packages/airflow/example_dags/example_trigger_target_dag.py
[2024-12-18 22:20:50,638] {processor.py:651} INFO - DAG(s) dict_keys(['example_trigger_target_dag']) retrieved from /home/patriciacorreia/Documents/airflowalura/venv/lib/python3.9/site-packages/airflow/example_dags/example_trigger_target_dag.py
[2024-12-18 22:20:50,721] {logging_mixin.py:115} INFO - [2024-12-18 22:20:50,721] {dag.py:2379} INFO - Sync 1 DAGs
[2024-12-18 22:20:50,756] {logging_mixin.py:115} INFO - [2024-12-18 22:20:50,756] {dag.py:2927} INFO - Setting next_dagrun for example_trigger_target_dag to None, run_after=None
[2024-12-18 22:20:50,775] {processor.py:161} INFO - Processing /home/patriciacorreia/Documents/airflowalura/venv/lib/python3.9/site-packages/airflow/example_dags/example_trigger_target_dag.py took 0.254 seconds
[2024-12-18 22:21:28,173] {processor.py:153} INFO - Started process (PID=18402) to work on /home/patriciacorreia/Documents/airflowalura/venv/lib/python3.9/site-packages/airflow/example_dags/example_trigger_target_dag.py
[2024-12-18 22:21:28,175] {processor.py:641} INFO - Processing file /home/patriciacorreia/Documents/airflowalura/venv/lib/python3.9/site-packages/airflow/example_dags/example_trigger_target_dag.py for tasks to queue
[2024-12-18 22:21:28,176] {logging_mixin.py:115} INFO - [2024-12-18 22:21:28,176] {dagbag.py:507} INFO - Filling up the DagBag from /home/patriciacorreia/Documents/airflowalura/venv/lib/python3.9/site-packages/airflow/example_dags/example_trigger_target_dag.py
[2024-12-18 22:21:28,211] {processor.py:651} INFO - DAG(s) dict_keys(['example_trigger_target_dag']) retrieved from /home/patriciacorreia/Documents/airflowalura/venv/lib/python3.9/site-packages/airflow/example_dags/example_trigger_target_dag.py
[2024-12-18 22:21:28,239] {logging_mixin.py:115} INFO - [2024-12-18 22:21:28,239] {dag.py:2379} INFO - Sync 1 DAGs
[2024-12-18 22:21:28,268] {logging_mixin.py:115} INFO - [2024-12-18 22:21:28,268] {dag.py:2927} INFO - Setting next_dagrun for example_trigger_target_dag to None, run_after=None
[2024-12-18 22:21:28,287] {processor.py:161} INFO - Processing /home/patriciacorreia/Documents/airflowalura/venv/lib/python3.9/site-packages/airflow/example_dags/example_trigger_target_dag.py took 0.120 seconds
[2024-12-18 22:22:04,799] {processor.py:153} INFO - Started process (PID=18570) to work on /home/patriciacorreia/Documents/airflowalura/venv/lib/python3.9/site-packages/airflow/example_dags/example_trigger_target_dag.py
[2024-12-18 22:22:04,802] {processor.py:641} INFO - Processing file /home/patriciacorreia/Documents/airflowalura/venv/lib/python3.9/site-packages/airflow/example_dags/example_trigger_target_dag.py for tasks to queue
[2024-12-18 22:22:04,803] {logging_mixin.py:115} INFO - [2024-12-18 22:22:04,803] {dagbag.py:507} INFO - Filling up the DagBag from /home/patriciacorreia/Documents/airflowalura/venv/lib/python3.9/site-packages/airflow/example_dags/example_trigger_target_dag.py
[2024-12-18 22:22:04,843] {processor.py:651} INFO - DAG(s) dict_keys(['example_trigger_target_dag']) retrieved from /home/patriciacorreia/Documents/airflowalura/venv/lib/python3.9/site-packages/airflow/example_dags/example_trigger_target_dag.py
[2024-12-18 22:22:04,879] {logging_mixin.py:115} INFO - [2024-12-18 22:22:04,878] {dag.py:2379} INFO - Sync 1 DAGs
[2024-12-18 22:22:04,922] {logging_mixin.py:115} INFO - [2024-12-18 22:22:04,922] {dag.py:2927} INFO - Setting next_dagrun for example_trigger_target_dag to None, run_after=None
[2024-12-18 22:22:04,958] {processor.py:161} INFO - Processing /home/patriciacorreia/Documents/airflowalura/venv/lib/python3.9/site-packages/airflow/example_dags/example_trigger_target_dag.py took 0.165 seconds
[2024-12-18 22:22:38,860] {processor.py:153} INFO - Started process (PID=18726) to work on /home/patriciacorreia/Documents/airflowalura/venv/lib/python3.9/site-packages/airflow/example_dags/example_trigger_target_dag.py
[2024-12-18 22:22:38,861] {processor.py:641} INFO - Processing file /home/patriciacorreia/Documents/airflowalura/venv/lib/python3.9/site-packages/airflow/example_dags/example_trigger_target_dag.py for tasks to queue
[2024-12-18 22:22:38,862] {logging_mixin.py:115} INFO - [2024-12-18 22:22:38,861] {dagbag.py:507} INFO - Filling up the DagBag from /home/patriciacorreia/Documents/airflowalura/venv/lib/python3.9/site-packages/airflow/example_dags/example_trigger_target_dag.py
[2024-12-18 22:22:38,890] {processor.py:651} INFO - DAG(s) dict_keys(['example_trigger_target_dag']) retrieved from /home/patriciacorreia/Documents/airflowalura/venv/lib/python3.9/site-packages/airflow/example_dags/example_trigger_target_dag.py
[2024-12-18 22:22:38,918] {logging_mixin.py:115} INFO - [2024-12-18 22:22:38,917] {dag.py:2379} INFO - Sync 1 DAGs
[2024-12-18 22:22:38,950] {logging_mixin.py:115} INFO - [2024-12-18 22:22:38,950] {dag.py:2927} INFO - Setting next_dagrun for example_trigger_target_dag to None, run_after=None
[2024-12-18 22:22:38,970] {processor.py:161} INFO - Processing /home/patriciacorreia/Documents/airflowalura/venv/lib/python3.9/site-packages/airflow/example_dags/example_trigger_target_dag.py took 0.114 seconds
[2024-12-18 22:23:18,726] {processor.py:153} INFO - Started process (PID=18913) to work on /home/patriciacorreia/Documents/airflowalura/venv/lib/python3.9/site-packages/airflow/example_dags/example_trigger_target_dag.py
[2024-12-18 22:23:18,732] {processor.py:641} INFO - Processing file /home/patriciacorreia/Documents/airflowalura/venv/lib/python3.9/site-packages/airflow/example_dags/example_trigger_target_dag.py for tasks to queue
[2024-12-18 22:23:18,746] {logging_mixin.py:115} INFO - [2024-12-18 22:23:18,746] {dagbag.py:507} INFO - Filling up the DagBag from /home/patriciacorreia/Documents/airflowalura/venv/lib/python3.9/site-packages/airflow/example_dags/example_trigger_target_dag.py
[2024-12-18 22:23:18,845] {processor.py:651} INFO - DAG(s) dict_keys(['example_trigger_target_dag']) retrieved from /home/patriciacorreia/Documents/airflowalura/venv/lib/python3.9/site-packages/airflow/example_dags/example_trigger_target_dag.py
[2024-12-18 22:23:18,877] {logging_mixin.py:115} INFO - [2024-12-18 22:23:18,876] {dag.py:2379} INFO - Sync 1 DAGs
[2024-12-18 22:23:18,911] {logging_mixin.py:115} INFO - [2024-12-18 22:23:18,911] {dag.py:2927} INFO - Setting next_dagrun for example_trigger_target_dag to None, run_after=None
[2024-12-18 22:23:18,930] {processor.py:161} INFO - Processing /home/patriciacorreia/Documents/airflowalura/venv/lib/python3.9/site-packages/airflow/example_dags/example_trigger_target_dag.py took 0.230 seconds
[2024-12-18 22:23:53,896] {processor.py:153} INFO - Started process (PID=19076) to work on /home/patriciacorreia/Documents/airflowalura/venv/lib/python3.9/site-packages/airflow/example_dags/example_trigger_target_dag.py
[2024-12-18 22:23:53,900] {processor.py:641} INFO - Processing file /home/patriciacorreia/Documents/airflowalura/venv/lib/python3.9/site-packages/airflow/example_dags/example_trigger_target_dag.py for tasks to queue
[2024-12-18 22:23:53,903] {logging_mixin.py:115} INFO - [2024-12-18 22:23:53,902] {dagbag.py:507} INFO - Filling up the DagBag from /home/patriciacorreia/Documents/airflowalura/venv/lib/python3.9/site-packages/airflow/example_dags/example_trigger_target_dag.py
[2024-12-18 22:23:53,951] {processor.py:651} INFO - DAG(s) dict_keys(['example_trigger_target_dag']) retrieved from /home/patriciacorreia/Documents/airflowalura/venv/lib/python3.9/site-packages/airflow/example_dags/example_trigger_target_dag.py
[2024-12-18 22:23:53,976] {logging_mixin.py:115} INFO - [2024-12-18 22:23:53,976] {dag.py:2379} INFO - Sync 1 DAGs
[2024-12-18 22:23:54,007] {logging_mixin.py:115} INFO - [2024-12-18 22:23:54,007] {dag.py:2927} INFO - Setting next_dagrun for example_trigger_target_dag to None, run_after=None
[2024-12-18 22:23:54,025] {processor.py:161} INFO - Processing /home/patriciacorreia/Documents/airflowalura/venv/lib/python3.9/site-packages/airflow/example_dags/example_trigger_target_dag.py took 0.146 seconds
[2024-12-18 22:24:29,475] {processor.py:153} INFO - Started process (PID=19241) to work on /home/patriciacorreia/Documents/airflowalura/venv/lib/python3.9/site-packages/airflow/example_dags/example_trigger_target_dag.py
[2024-12-18 22:24:29,480] {processor.py:641} INFO - Processing file /home/patriciacorreia/Documents/airflowalura/venv/lib/python3.9/site-packages/airflow/example_dags/example_trigger_target_dag.py for tasks to queue
[2024-12-18 22:24:29,484] {logging_mixin.py:115} INFO - [2024-12-18 22:24:29,483] {dagbag.py:507} INFO - Filling up the DagBag from /home/patriciacorreia/Documents/airflowalura/venv/lib/python3.9/site-packages/airflow/example_dags/example_trigger_target_dag.py
[2024-12-18 22:24:29,587] {processor.py:651} INFO - DAG(s) dict_keys(['example_trigger_target_dag']) retrieved from /home/patriciacorreia/Documents/airflowalura/venv/lib/python3.9/site-packages/airflow/example_dags/example_trigger_target_dag.py
[2024-12-18 22:24:29,623] {logging_mixin.py:115} INFO - [2024-12-18 22:24:29,623] {dag.py:2379} INFO - Sync 1 DAGs
[2024-12-18 22:24:29,665] {logging_mixin.py:115} INFO - [2024-12-18 22:24:29,665] {dag.py:2927} INFO - Setting next_dagrun for example_trigger_target_dag to None, run_after=None
[2024-12-18 22:24:29,693] {processor.py:161} INFO - Processing /home/patriciacorreia/Documents/airflowalura/venv/lib/python3.9/site-packages/airflow/example_dags/example_trigger_target_dag.py took 0.241 seconds
[2024-12-18 22:25:03,688] {processor.py:153} INFO - Started process (PID=19428) to work on /home/patriciacorreia/Documents/airflowalura/venv/lib/python3.9/site-packages/airflow/example_dags/example_trigger_target_dag.py
[2024-12-18 22:25:03,689] {processor.py:641} INFO - Processing file /home/patriciacorreia/Documents/airflowalura/venv/lib/python3.9/site-packages/airflow/example_dags/example_trigger_target_dag.py for tasks to queue
[2024-12-18 22:25:03,691] {logging_mixin.py:115} INFO - [2024-12-18 22:25:03,690] {dagbag.py:507} INFO - Filling up the DagBag from /home/patriciacorreia/Documents/airflowalura/venv/lib/python3.9/site-packages/airflow/example_dags/example_trigger_target_dag.py
[2024-12-18 22:25:03,722] {processor.py:651} INFO - DAG(s) dict_keys(['example_trigger_target_dag']) retrieved from /home/patriciacorreia/Documents/airflowalura/venv/lib/python3.9/site-packages/airflow/example_dags/example_trigger_target_dag.py
[2024-12-18 22:25:03,748] {logging_mixin.py:115} INFO - [2024-12-18 22:25:03,748] {dag.py:2379} INFO - Sync 1 DAGs
[2024-12-18 22:25:03,786] {logging_mixin.py:115} INFO - [2024-12-18 22:25:03,786] {dag.py:2927} INFO - Setting next_dagrun for example_trigger_target_dag to None, run_after=None
[2024-12-18 22:25:03,812] {processor.py:161} INFO - Processing /home/patriciacorreia/Documents/airflowalura/venv/lib/python3.9/site-packages/airflow/example_dags/example_trigger_target_dag.py took 0.129 seconds
[2024-12-18 22:25:39,427] {processor.py:153} INFO - Started process (PID=19602) to work on /home/patriciacorreia/Documents/airflowalura/venv/lib/python3.9/site-packages/airflow/example_dags/example_trigger_target_dag.py
[2024-12-18 22:25:39,429] {processor.py:641} INFO - Processing file /home/patriciacorreia/Documents/airflowalura/venv/lib/python3.9/site-packages/airflow/example_dags/example_trigger_target_dag.py for tasks to queue
[2024-12-18 22:25:39,431] {logging_mixin.py:115} INFO - [2024-12-18 22:25:39,431] {dagbag.py:507} INFO - Filling up the DagBag from /home/patriciacorreia/Documents/airflowalura/venv/lib/python3.9/site-packages/airflow/example_dags/example_trigger_target_dag.py
[2024-12-18 22:25:39,454] {processor.py:651} INFO - DAG(s) dict_keys(['example_trigger_target_dag']) retrieved from /home/patriciacorreia/Documents/airflowalura/venv/lib/python3.9/site-packages/airflow/example_dags/example_trigger_target_dag.py
[2024-12-18 22:25:39,473] {logging_mixin.py:115} INFO - [2024-12-18 22:25:39,473] {dag.py:2379} INFO - Sync 1 DAGs
[2024-12-18 22:25:39,503] {logging_mixin.py:115} INFO - [2024-12-18 22:25:39,503] {dag.py:2927} INFO - Setting next_dagrun for example_trigger_target_dag to None, run_after=None
[2024-12-18 22:25:39,530] {processor.py:161} INFO - Processing /home/patriciacorreia/Documents/airflowalura/venv/lib/python3.9/site-packages/airflow/example_dags/example_trigger_target_dag.py took 0.113 seconds
[2024-12-18 22:26:22,527] {processor.py:153} INFO - Started process (PID=19781) to work on /home/patriciacorreia/Documents/airflowalura/venv/lib/python3.9/site-packages/airflow/example_dags/example_trigger_target_dag.py
[2024-12-18 22:26:22,533] {processor.py:641} INFO - Processing file /home/patriciacorreia/Documents/airflowalura/venv/lib/python3.9/site-packages/airflow/example_dags/example_trigger_target_dag.py for tasks to queue
[2024-12-18 22:26:22,539] {logging_mixin.py:115} INFO - [2024-12-18 22:26:22,539] {dagbag.py:507} INFO - Filling up the DagBag from /home/patriciacorreia/Documents/airflowalura/venv/lib/python3.9/site-packages/airflow/example_dags/example_trigger_target_dag.py
[2024-12-18 22:26:22,640] {processor.py:651} INFO - DAG(s) dict_keys(['example_trigger_target_dag']) retrieved from /home/patriciacorreia/Documents/airflowalura/venv/lib/python3.9/site-packages/airflow/example_dags/example_trigger_target_dag.py
[2024-12-18 22:26:22,750] {logging_mixin.py:115} INFO - [2024-12-18 22:26:22,750] {dag.py:2379} INFO - Sync 1 DAGs
[2024-12-18 22:26:22,874] {logging_mixin.py:115} INFO - [2024-12-18 22:26:22,874] {dag.py:2927} INFO - Setting next_dagrun for example_trigger_target_dag to None, run_after=None
[2024-12-18 22:26:22,950] {processor.py:161} INFO - Processing /home/patriciacorreia/Documents/airflowalura/venv/lib/python3.9/site-packages/airflow/example_dags/example_trigger_target_dag.py took 0.443 seconds
[2024-12-18 22:26:55,231] {processor.py:153} INFO - Started process (PID=19930) to work on /home/patriciacorreia/Documents/airflowalura/venv/lib/python3.9/site-packages/airflow/example_dags/example_trigger_target_dag.py
[2024-12-18 22:26:55,234] {processor.py:641} INFO - Processing file /home/patriciacorreia/Documents/airflowalura/venv/lib/python3.9/site-packages/airflow/example_dags/example_trigger_target_dag.py for tasks to queue
[2024-12-18 22:26:55,237] {logging_mixin.py:115} INFO - [2024-12-18 22:26:55,237] {dagbag.py:507} INFO - Filling up the DagBag from /home/patriciacorreia/Documents/airflowalura/venv/lib/python3.9/site-packages/airflow/example_dags/example_trigger_target_dag.py
[2024-12-18 22:26:55,325] {processor.py:651} INFO - DAG(s) dict_keys(['example_trigger_target_dag']) retrieved from /home/patriciacorreia/Documents/airflowalura/venv/lib/python3.9/site-packages/airflow/example_dags/example_trigger_target_dag.py
[2024-12-18 22:26:55,367] {logging_mixin.py:115} INFO - [2024-12-18 22:26:55,367] {dag.py:2379} INFO - Sync 1 DAGs
[2024-12-18 22:26:55,393] {logging_mixin.py:115} INFO - [2024-12-18 22:26:55,393] {dag.py:2927} INFO - Setting next_dagrun for example_trigger_target_dag to None, run_after=None
[2024-12-18 22:26:55,411] {processor.py:161} INFO - Processing /home/patriciacorreia/Documents/airflowalura/venv/lib/python3.9/site-packages/airflow/example_dags/example_trigger_target_dag.py took 0.194 seconds
[2024-12-18 22:27:31,166] {processor.py:153} INFO - Started process (PID=20094) to work on /home/patriciacorreia/Documents/airflowalura/venv/lib/python3.9/site-packages/airflow/example_dags/example_trigger_target_dag.py
[2024-12-18 22:27:31,169] {processor.py:641} INFO - Processing file /home/patriciacorreia/Documents/airflowalura/venv/lib/python3.9/site-packages/airflow/example_dags/example_trigger_target_dag.py for tasks to queue
[2024-12-18 22:27:31,172] {logging_mixin.py:115} INFO - [2024-12-18 22:27:31,171] {dagbag.py:507} INFO - Filling up the DagBag from /home/patriciacorreia/Documents/airflowalura/venv/lib/python3.9/site-packages/airflow/example_dags/example_trigger_target_dag.py
[2024-12-18 22:27:31,207] {processor.py:651} INFO - DAG(s) dict_keys(['example_trigger_target_dag']) retrieved from /home/patriciacorreia/Documents/airflowalura/venv/lib/python3.9/site-packages/airflow/example_dags/example_trigger_target_dag.py
[2024-12-18 22:27:31,233] {logging_mixin.py:115} INFO - [2024-12-18 22:27:31,233] {dag.py:2379} INFO - Sync 1 DAGs
[2024-12-18 22:27:31,263] {logging_mixin.py:115} INFO - [2024-12-18 22:27:31,263] {dag.py:2927} INFO - Setting next_dagrun for example_trigger_target_dag to None, run_after=None
[2024-12-18 22:27:31,284] {processor.py:161} INFO - Processing /home/patriciacorreia/Documents/airflowalura/venv/lib/python3.9/site-packages/airflow/example_dags/example_trigger_target_dag.py took 0.126 seconds
[2024-12-18 22:28:08,386] {processor.py:153} INFO - Started process (PID=20290) to work on /home/patriciacorreia/Documents/airflowalura/venv/lib/python3.9/site-packages/airflow/example_dags/example_trigger_target_dag.py
[2024-12-18 22:28:08,387] {processor.py:641} INFO - Processing file /home/patriciacorreia/Documents/airflowalura/venv/lib/python3.9/site-packages/airflow/example_dags/example_trigger_target_dag.py for tasks to queue
[2024-12-18 22:28:08,388] {logging_mixin.py:115} INFO - [2024-12-18 22:28:08,388] {dagbag.py:507} INFO - Filling up the DagBag from /home/patriciacorreia/Documents/airflowalura/venv/lib/python3.9/site-packages/airflow/example_dags/example_trigger_target_dag.py
[2024-12-18 22:28:08,412] {processor.py:651} INFO - DAG(s) dict_keys(['example_trigger_target_dag']) retrieved from /home/patriciacorreia/Documents/airflowalura/venv/lib/python3.9/site-packages/airflow/example_dags/example_trigger_target_dag.py
[2024-12-18 22:28:08,431] {logging_mixin.py:115} INFO - [2024-12-18 22:28:08,431] {dag.py:2379} INFO - Sync 1 DAGs
[2024-12-18 22:28:08,460] {logging_mixin.py:115} INFO - [2024-12-18 22:28:08,460] {dag.py:2927} INFO - Setting next_dagrun for example_trigger_target_dag to None, run_after=None
[2024-12-18 22:28:08,478] {processor.py:161} INFO - Processing /home/patriciacorreia/Documents/airflowalura/venv/lib/python3.9/site-packages/airflow/example_dags/example_trigger_target_dag.py took 0.096 seconds
[2024-12-18 22:28:42,729] {processor.py:153} INFO - Started process (PID=20451) to work on /home/patriciacorreia/Documents/airflowalura/venv/lib/python3.9/site-packages/airflow/example_dags/example_trigger_target_dag.py
[2024-12-18 22:28:42,731] {processor.py:641} INFO - Processing file /home/patriciacorreia/Documents/airflowalura/venv/lib/python3.9/site-packages/airflow/example_dags/example_trigger_target_dag.py for tasks to queue
[2024-12-18 22:28:42,731] {logging_mixin.py:115} INFO - [2024-12-18 22:28:42,731] {dagbag.py:507} INFO - Filling up the DagBag from /home/patriciacorreia/Documents/airflowalura/venv/lib/python3.9/site-packages/airflow/example_dags/example_trigger_target_dag.py
[2024-12-18 22:28:42,755] {processor.py:651} INFO - DAG(s) dict_keys(['example_trigger_target_dag']) retrieved from /home/patriciacorreia/Documents/airflowalura/venv/lib/python3.9/site-packages/airflow/example_dags/example_trigger_target_dag.py
[2024-12-18 22:28:42,776] {logging_mixin.py:115} INFO - [2024-12-18 22:28:42,776] {dag.py:2379} INFO - Sync 1 DAGs
[2024-12-18 22:28:42,803] {logging_mixin.py:115} INFO - [2024-12-18 22:28:42,803] {dag.py:2927} INFO - Setting next_dagrun for example_trigger_target_dag to None, run_after=None
[2024-12-18 22:28:42,820] {processor.py:161} INFO - Processing /home/patriciacorreia/Documents/airflowalura/venv/lib/python3.9/site-packages/airflow/example_dags/example_trigger_target_dag.py took 0.095 seconds
[2024-12-18 22:29:18,138] {processor.py:153} INFO - Started process (PID=20629) to work on /home/patriciacorreia/Documents/airflowalura/venv/lib/python3.9/site-packages/airflow/example_dags/example_trigger_target_dag.py
[2024-12-18 22:29:18,140] {processor.py:641} INFO - Processing file /home/patriciacorreia/Documents/airflowalura/venv/lib/python3.9/site-packages/airflow/example_dags/example_trigger_target_dag.py for tasks to queue
[2024-12-18 22:29:18,141] {logging_mixin.py:115} INFO - [2024-12-18 22:29:18,141] {dagbag.py:507} INFO - Filling up the DagBag from /home/patriciacorreia/Documents/airflowalura/venv/lib/python3.9/site-packages/airflow/example_dags/example_trigger_target_dag.py
[2024-12-18 22:29:18,175] {processor.py:651} INFO - DAG(s) dict_keys(['example_trigger_target_dag']) retrieved from /home/patriciacorreia/Documents/airflowalura/venv/lib/python3.9/site-packages/airflow/example_dags/example_trigger_target_dag.py
[2024-12-18 22:29:18,206] {logging_mixin.py:115} INFO - [2024-12-18 22:29:18,206] {dag.py:2379} INFO - Sync 1 DAGs
[2024-12-18 22:29:18,236] {logging_mixin.py:115} INFO - [2024-12-18 22:29:18,236] {dag.py:2927} INFO - Setting next_dagrun for example_trigger_target_dag to None, run_after=None
[2024-12-18 22:29:18,252] {processor.py:161} INFO - Processing /home/patriciacorreia/Documents/airflowalura/venv/lib/python3.9/site-packages/airflow/example_dags/example_trigger_target_dag.py took 0.121 seconds
[2024-12-18 22:29:53,739] {processor.py:153} INFO - Started process (PID=20817) to work on /home/patriciacorreia/Documents/airflowalura/venv/lib/python3.9/site-packages/airflow/example_dags/example_trigger_target_dag.py
[2024-12-18 22:29:53,742] {processor.py:641} INFO - Processing file /home/patriciacorreia/Documents/airflowalura/venv/lib/python3.9/site-packages/airflow/example_dags/example_trigger_target_dag.py for tasks to queue
[2024-12-18 22:29:53,745] {logging_mixin.py:115} INFO - [2024-12-18 22:29:53,745] {dagbag.py:507} INFO - Filling up the DagBag from /home/patriciacorreia/Documents/airflowalura/venv/lib/python3.9/site-packages/airflow/example_dags/example_trigger_target_dag.py
[2024-12-18 22:29:53,805] {processor.py:651} INFO - DAG(s) dict_keys(['example_trigger_target_dag']) retrieved from /home/patriciacorreia/Documents/airflowalura/venv/lib/python3.9/site-packages/airflow/example_dags/example_trigger_target_dag.py
[2024-12-18 22:29:53,846] {logging_mixin.py:115} INFO - [2024-12-18 22:29:53,846] {dag.py:2379} INFO - Sync 1 DAGs
[2024-12-18 22:29:53,867] {logging_mixin.py:115} INFO - [2024-12-18 22:29:53,867] {dag.py:2927} INFO - Setting next_dagrun for example_trigger_target_dag to None, run_after=None
[2024-12-18 22:29:53,883] {processor.py:161} INFO - Processing /home/patriciacorreia/Documents/airflowalura/venv/lib/python3.9/site-packages/airflow/example_dags/example_trigger_target_dag.py took 0.156 seconds
[2024-12-18 22:30:33,779] {processor.py:153} INFO - Started process (PID=21025) to work on /home/patriciacorreia/Documents/airflowalura/venv/lib/python3.9/site-packages/airflow/example_dags/example_trigger_target_dag.py
[2024-12-18 22:30:33,783] {processor.py:641} INFO - Processing file /home/patriciacorreia/Documents/airflowalura/venv/lib/python3.9/site-packages/airflow/example_dags/example_trigger_target_dag.py for tasks to queue
[2024-12-18 22:30:33,787] {logging_mixin.py:115} INFO - [2024-12-18 22:30:33,787] {dagbag.py:507} INFO - Filling up the DagBag from /home/patriciacorreia/Documents/airflowalura/venv/lib/python3.9/site-packages/airflow/example_dags/example_trigger_target_dag.py
[2024-12-18 22:30:33,843] {processor.py:651} INFO - DAG(s) dict_keys(['example_trigger_target_dag']) retrieved from /home/patriciacorreia/Documents/airflowalura/venv/lib/python3.9/site-packages/airflow/example_dags/example_trigger_target_dag.py
[2024-12-18 22:30:33,895] {logging_mixin.py:115} INFO - [2024-12-18 22:30:33,895] {dag.py:2379} INFO - Sync 1 DAGs
[2024-12-18 22:30:33,915] {logging_mixin.py:115} INFO - [2024-12-18 22:30:33,915] {dag.py:2927} INFO - Setting next_dagrun for example_trigger_target_dag to None, run_after=None
[2024-12-18 22:30:33,933] {processor.py:161} INFO - Processing /home/patriciacorreia/Documents/airflowalura/venv/lib/python3.9/site-packages/airflow/example_dags/example_trigger_target_dag.py took 0.166 seconds
[2024-12-18 22:31:08,666] {processor.py:153} INFO - Started process (PID=21207) to work on /home/patriciacorreia/Documents/airflowalura/venv/lib/python3.9/site-packages/airflow/example_dags/example_trigger_target_dag.py
[2024-12-18 22:31:08,669] {processor.py:641} INFO - Processing file /home/patriciacorreia/Documents/airflowalura/venv/lib/python3.9/site-packages/airflow/example_dags/example_trigger_target_dag.py for tasks to queue
[2024-12-18 22:31:08,671] {logging_mixin.py:115} INFO - [2024-12-18 22:31:08,671] {dagbag.py:507} INFO - Filling up the DagBag from /home/patriciacorreia/Documents/airflowalura/venv/lib/python3.9/site-packages/airflow/example_dags/example_trigger_target_dag.py
[2024-12-18 22:31:08,736] {processor.py:651} INFO - DAG(s) dict_keys(['example_trigger_target_dag']) retrieved from /home/patriciacorreia/Documents/airflowalura/venv/lib/python3.9/site-packages/airflow/example_dags/example_trigger_target_dag.py
[2024-12-18 22:31:08,807] {logging_mixin.py:115} INFO - [2024-12-18 22:31:08,807] {dag.py:2379} INFO - Sync 1 DAGs
[2024-12-18 22:31:08,858] {logging_mixin.py:115} INFO - [2024-12-18 22:31:08,857] {dag.py:2927} INFO - Setting next_dagrun for example_trigger_target_dag to None, run_after=None
[2024-12-18 22:31:08,891] {processor.py:161} INFO - Processing /home/patriciacorreia/Documents/airflowalura/venv/lib/python3.9/site-packages/airflow/example_dags/example_trigger_target_dag.py took 0.237 seconds
[2024-12-18 22:31:43,417] {processor.py:153} INFO - Started process (PID=21389) to work on /home/patriciacorreia/Documents/airflowalura/venv/lib/python3.9/site-packages/airflow/example_dags/example_trigger_target_dag.py
[2024-12-18 22:31:43,419] {processor.py:641} INFO - Processing file /home/patriciacorreia/Documents/airflowalura/venv/lib/python3.9/site-packages/airflow/example_dags/example_trigger_target_dag.py for tasks to queue
[2024-12-18 22:31:43,420] {logging_mixin.py:115} INFO - [2024-12-18 22:31:43,420] {dagbag.py:507} INFO - Filling up the DagBag from /home/patriciacorreia/Documents/airflowalura/venv/lib/python3.9/site-packages/airflow/example_dags/example_trigger_target_dag.py
[2024-12-18 22:31:43,454] {processor.py:651} INFO - DAG(s) dict_keys(['example_trigger_target_dag']) retrieved from /home/patriciacorreia/Documents/airflowalura/venv/lib/python3.9/site-packages/airflow/example_dags/example_trigger_target_dag.py
[2024-12-18 22:31:43,491] {logging_mixin.py:115} INFO - [2024-12-18 22:31:43,491] {dag.py:2379} INFO - Sync 1 DAGs
[2024-12-18 22:31:43,525] {logging_mixin.py:115} INFO - [2024-12-18 22:31:43,525] {dag.py:2927} INFO - Setting next_dagrun for example_trigger_target_dag to None, run_after=None
[2024-12-18 22:31:43,551] {processor.py:161} INFO - Processing /home/patriciacorreia/Documents/airflowalura/venv/lib/python3.9/site-packages/airflow/example_dags/example_trigger_target_dag.py took 0.141 seconds
[2024-12-18 22:32:24,250] {processor.py:153} INFO - Started process (PID=21586) to work on /home/patriciacorreia/Documents/airflowalura/venv/lib/python3.9/site-packages/airflow/example_dags/example_trigger_target_dag.py
[2024-12-18 22:32:24,252] {processor.py:641} INFO - Processing file /home/patriciacorreia/Documents/airflowalura/venv/lib/python3.9/site-packages/airflow/example_dags/example_trigger_target_dag.py for tasks to queue
[2024-12-18 22:32:24,253] {logging_mixin.py:115} INFO - [2024-12-18 22:32:24,253] {dagbag.py:507} INFO - Filling up the DagBag from /home/patriciacorreia/Documents/airflowalura/venv/lib/python3.9/site-packages/airflow/example_dags/example_trigger_target_dag.py
[2024-12-18 22:32:24,287] {processor.py:651} INFO - DAG(s) dict_keys(['example_trigger_target_dag']) retrieved from /home/patriciacorreia/Documents/airflowalura/venv/lib/python3.9/site-packages/airflow/example_dags/example_trigger_target_dag.py
[2024-12-18 22:32:24,326] {logging_mixin.py:115} INFO - [2024-12-18 22:32:24,325] {dag.py:2379} INFO - Sync 1 DAGs
[2024-12-18 22:32:24,357] {logging_mixin.py:115} INFO - [2024-12-18 22:32:24,357] {dag.py:2927} INFO - Setting next_dagrun for example_trigger_target_dag to None, run_after=None
[2024-12-18 22:32:24,376] {processor.py:161} INFO - Processing /home/patriciacorreia/Documents/airflowalura/venv/lib/python3.9/site-packages/airflow/example_dags/example_trigger_target_dag.py took 0.135 seconds
[2024-12-18 22:33:04,371] {processor.py:153} INFO - Started process (PID=21783) to work on /home/patriciacorreia/Documents/airflowalura/venv/lib/python3.9/site-packages/airflow/example_dags/example_trigger_target_dag.py
[2024-12-18 22:33:04,373] {processor.py:641} INFO - Processing file /home/patriciacorreia/Documents/airflowalura/venv/lib/python3.9/site-packages/airflow/example_dags/example_trigger_target_dag.py for tasks to queue
[2024-12-18 22:33:04,374] {logging_mixin.py:115} INFO - [2024-12-18 22:33:04,374] {dagbag.py:507} INFO - Filling up the DagBag from /home/patriciacorreia/Documents/airflowalura/venv/lib/python3.9/site-packages/airflow/example_dags/example_trigger_target_dag.py
[2024-12-18 22:33:04,408] {processor.py:651} INFO - DAG(s) dict_keys(['example_trigger_target_dag']) retrieved from /home/patriciacorreia/Documents/airflowalura/venv/lib/python3.9/site-packages/airflow/example_dags/example_trigger_target_dag.py
[2024-12-18 22:33:04,446] {logging_mixin.py:115} INFO - [2024-12-18 22:33:04,446] {dag.py:2379} INFO - Sync 1 DAGs
[2024-12-18 22:33:04,488] {logging_mixin.py:115} INFO - [2024-12-18 22:33:04,488] {dag.py:2927} INFO - Setting next_dagrun for example_trigger_target_dag to None, run_after=None
[2024-12-18 22:33:04,517] {processor.py:161} INFO - Processing /home/patriciacorreia/Documents/airflowalura/venv/lib/python3.9/site-packages/airflow/example_dags/example_trigger_target_dag.py took 0.153 seconds
[2024-12-18 22:33:41,152] {processor.py:153} INFO - Started process (PID=21949) to work on /home/patriciacorreia/Documents/airflowalura/venv/lib/python3.9/site-packages/airflow/example_dags/example_trigger_target_dag.py
[2024-12-18 22:33:41,154] {processor.py:641} INFO - Processing file /home/patriciacorreia/Documents/airflowalura/venv/lib/python3.9/site-packages/airflow/example_dags/example_trigger_target_dag.py for tasks to queue
[2024-12-18 22:33:41,155] {logging_mixin.py:115} INFO - [2024-12-18 22:33:41,155] {dagbag.py:507} INFO - Filling up the DagBag from /home/patriciacorreia/Documents/airflowalura/venv/lib/python3.9/site-packages/airflow/example_dags/example_trigger_target_dag.py
[2024-12-18 22:33:41,197] {processor.py:651} INFO - DAG(s) dict_keys(['example_trigger_target_dag']) retrieved from /home/patriciacorreia/Documents/airflowalura/venv/lib/python3.9/site-packages/airflow/example_dags/example_trigger_target_dag.py
[2024-12-18 22:33:41,240] {logging_mixin.py:115} INFO - [2024-12-18 22:33:41,240] {dag.py:2379} INFO - Sync 1 DAGs
[2024-12-18 22:33:41,285] {logging_mixin.py:115} INFO - [2024-12-18 22:33:41,285] {dag.py:2927} INFO - Setting next_dagrun for example_trigger_target_dag to None, run_after=None
[2024-12-18 22:33:41,313] {processor.py:161} INFO - Processing /home/patriciacorreia/Documents/airflowalura/venv/lib/python3.9/site-packages/airflow/example_dags/example_trigger_target_dag.py took 0.171 seconds
[2024-12-18 22:34:17,600] {processor.py:153} INFO - Started process (PID=22106) to work on /home/patriciacorreia/Documents/airflowalura/venv/lib/python3.9/site-packages/airflow/example_dags/example_trigger_target_dag.py
[2024-12-18 22:34:17,604] {processor.py:641} INFO - Processing file /home/patriciacorreia/Documents/airflowalura/venv/lib/python3.9/site-packages/airflow/example_dags/example_trigger_target_dag.py for tasks to queue
[2024-12-18 22:34:17,606] {logging_mixin.py:115} INFO - [2024-12-18 22:34:17,606] {dagbag.py:507} INFO - Filling up the DagBag from /home/patriciacorreia/Documents/airflowalura/venv/lib/python3.9/site-packages/airflow/example_dags/example_trigger_target_dag.py
[2024-12-18 22:34:17,667] {processor.py:651} INFO - DAG(s) dict_keys(['example_trigger_target_dag']) retrieved from /home/patriciacorreia/Documents/airflowalura/venv/lib/python3.9/site-packages/airflow/example_dags/example_trigger_target_dag.py
[2024-12-18 22:34:17,738] {logging_mixin.py:115} INFO - [2024-12-18 22:34:17,738] {dag.py:2379} INFO - Sync 1 DAGs
[2024-12-18 22:34:17,810] {logging_mixin.py:115} INFO - [2024-12-18 22:34:17,809] {dag.py:2927} INFO - Setting next_dagrun for example_trigger_target_dag to None, run_after=None
[2024-12-18 22:34:17,856] {processor.py:161} INFO - Processing /home/patriciacorreia/Documents/airflowalura/venv/lib/python3.9/site-packages/airflow/example_dags/example_trigger_target_dag.py took 0.268 seconds
[2024-12-18 22:34:52,741] {processor.py:153} INFO - Started process (PID=22266) to work on /home/patriciacorreia/Documents/airflowalura/venv/lib/python3.9/site-packages/airflow/example_dags/example_trigger_target_dag.py
[2024-12-18 22:34:52,745] {processor.py:641} INFO - Processing file /home/patriciacorreia/Documents/airflowalura/venv/lib/python3.9/site-packages/airflow/example_dags/example_trigger_target_dag.py for tasks to queue
[2024-12-18 22:34:52,747] {logging_mixin.py:115} INFO - [2024-12-18 22:34:52,747] {dagbag.py:507} INFO - Filling up the DagBag from /home/patriciacorreia/Documents/airflowalura/venv/lib/python3.9/site-packages/airflow/example_dags/example_trigger_target_dag.py
[2024-12-18 22:34:52,831] {processor.py:651} INFO - DAG(s) dict_keys(['example_trigger_target_dag']) retrieved from /home/patriciacorreia/Documents/airflowalura/venv/lib/python3.9/site-packages/airflow/example_dags/example_trigger_target_dag.py
[2024-12-18 22:34:52,898] {logging_mixin.py:115} INFO - [2024-12-18 22:34:52,898] {dag.py:2379} INFO - Sync 1 DAGs
[2024-12-18 22:34:52,927] {logging_mixin.py:115} INFO - [2024-12-18 22:34:52,927] {dag.py:2927} INFO - Setting next_dagrun for example_trigger_target_dag to None, run_after=None
[2024-12-18 22:34:52,947] {processor.py:161} INFO - Processing /home/patriciacorreia/Documents/airflowalura/venv/lib/python3.9/site-packages/airflow/example_dags/example_trigger_target_dag.py took 0.227 seconds
[2024-12-18 22:35:33,067] {processor.py:153} INFO - Started process (PID=22447) to work on /home/patriciacorreia/Documents/airflowalura/venv/lib/python3.9/site-packages/airflow/example_dags/example_trigger_target_dag.py
[2024-12-18 22:35:33,073] {processor.py:641} INFO - Processing file /home/patriciacorreia/Documents/airflowalura/venv/lib/python3.9/site-packages/airflow/example_dags/example_trigger_target_dag.py for tasks to queue
[2024-12-18 22:35:33,077] {logging_mixin.py:115} INFO - [2024-12-18 22:35:33,076] {dagbag.py:507} INFO - Filling up the DagBag from /home/patriciacorreia/Documents/airflowalura/venv/lib/python3.9/site-packages/airflow/example_dags/example_trigger_target_dag.py
[2024-12-18 22:35:33,168] {processor.py:651} INFO - DAG(s) dict_keys(['example_trigger_target_dag']) retrieved from /home/patriciacorreia/Documents/airflowalura/venv/lib/python3.9/site-packages/airflow/example_dags/example_trigger_target_dag.py
[2024-12-18 22:35:33,267] {logging_mixin.py:115} INFO - [2024-12-18 22:35:33,267] {dag.py:2379} INFO - Sync 1 DAGs
[2024-12-18 22:35:33,309] {logging_mixin.py:115} INFO - [2024-12-18 22:35:33,309] {dag.py:2927} INFO - Setting next_dagrun for example_trigger_target_dag to None, run_after=None
[2024-12-18 22:35:33,334] {processor.py:161} INFO - Processing /home/patriciacorreia/Documents/airflowalura/venv/lib/python3.9/site-packages/airflow/example_dags/example_trigger_target_dag.py took 0.284 seconds
[2024-12-18 22:36:11,266] {processor.py:153} INFO - Started process (PID=22620) to work on /home/patriciacorreia/Documents/airflowalura/venv/lib/python3.9/site-packages/airflow/example_dags/example_trigger_target_dag.py
[2024-12-18 22:36:11,268] {processor.py:641} INFO - Processing file /home/patriciacorreia/Documents/airflowalura/venv/lib/python3.9/site-packages/airflow/example_dags/example_trigger_target_dag.py for tasks to queue
[2024-12-18 22:36:11,269] {logging_mixin.py:115} INFO - [2024-12-18 22:36:11,269] {dagbag.py:507} INFO - Filling up the DagBag from /home/patriciacorreia/Documents/airflowalura/venv/lib/python3.9/site-packages/airflow/example_dags/example_trigger_target_dag.py
[2024-12-18 22:36:11,298] {processor.py:651} INFO - DAG(s) dict_keys(['example_trigger_target_dag']) retrieved from /home/patriciacorreia/Documents/airflowalura/venv/lib/python3.9/site-packages/airflow/example_dags/example_trigger_target_dag.py
[2024-12-18 22:36:11,329] {logging_mixin.py:115} INFO - [2024-12-18 22:36:11,329] {dag.py:2379} INFO - Sync 1 DAGs
[2024-12-18 22:36:11,354] {logging_mixin.py:115} INFO - [2024-12-18 22:36:11,354] {dag.py:2927} INFO - Setting next_dagrun for example_trigger_target_dag to None, run_after=None
[2024-12-18 22:36:11,375] {processor.py:161} INFO - Processing /home/patriciacorreia/Documents/airflowalura/venv/lib/python3.9/site-packages/airflow/example_dags/example_trigger_target_dag.py took 0.115 seconds
[2024-12-18 22:36:47,919] {processor.py:153} INFO - Started process (PID=22784) to work on /home/patriciacorreia/Documents/airflowalura/venv/lib/python3.9/site-packages/airflow/example_dags/example_trigger_target_dag.py
[2024-12-18 22:36:47,924] {processor.py:641} INFO - Processing file /home/patriciacorreia/Documents/airflowalura/venv/lib/python3.9/site-packages/airflow/example_dags/example_trigger_target_dag.py for tasks to queue
[2024-12-18 22:36:47,927] {logging_mixin.py:115} INFO - [2024-12-18 22:36:47,926] {dagbag.py:507} INFO - Filling up the DagBag from /home/patriciacorreia/Documents/airflowalura/venv/lib/python3.9/site-packages/airflow/example_dags/example_trigger_target_dag.py
[2024-12-18 22:36:48,010] {processor.py:651} INFO - DAG(s) dict_keys(['example_trigger_target_dag']) retrieved from /home/patriciacorreia/Documents/airflowalura/venv/lib/python3.9/site-packages/airflow/example_dags/example_trigger_target_dag.py
[2024-12-18 22:36:48,098] {logging_mixin.py:115} INFO - [2024-12-18 22:36:48,097] {dag.py:2379} INFO - Sync 1 DAGs
[2024-12-18 22:36:48,170] {logging_mixin.py:115} INFO - [2024-12-18 22:36:48,170] {dag.py:2927} INFO - Setting next_dagrun for example_trigger_target_dag to None, run_after=None
[2024-12-18 22:36:48,224] {processor.py:161} INFO - Processing /home/patriciacorreia/Documents/airflowalura/venv/lib/python3.9/site-packages/airflow/example_dags/example_trigger_target_dag.py took 0.317 seconds
[2024-12-18 22:37:31,897] {processor.py:153} INFO - Started process (PID=22977) to work on /home/patriciacorreia/Documents/airflowalura/venv/lib/python3.9/site-packages/airflow/example_dags/example_trigger_target_dag.py
[2024-12-18 22:37:31,901] {processor.py:641} INFO - Processing file /home/patriciacorreia/Documents/airflowalura/venv/lib/python3.9/site-packages/airflow/example_dags/example_trigger_target_dag.py for tasks to queue
[2024-12-18 22:37:31,904] {logging_mixin.py:115} INFO - [2024-12-18 22:37:31,903] {dagbag.py:507} INFO - Filling up the DagBag from /home/patriciacorreia/Documents/airflowalura/venv/lib/python3.9/site-packages/airflow/example_dags/example_trigger_target_dag.py
[2024-12-18 22:37:31,981] {processor.py:651} INFO - DAG(s) dict_keys(['example_trigger_target_dag']) retrieved from /home/patriciacorreia/Documents/airflowalura/venv/lib/python3.9/site-packages/airflow/example_dags/example_trigger_target_dag.py
[2024-12-18 22:37:32,051] {logging_mixin.py:115} INFO - [2024-12-18 22:37:32,051] {dag.py:2379} INFO - Sync 1 DAGs
[2024-12-18 22:37:32,084] {logging_mixin.py:115} INFO - [2024-12-18 22:37:32,084] {dag.py:2927} INFO - Setting next_dagrun for example_trigger_target_dag to None, run_after=None
[2024-12-18 22:37:32,103] {processor.py:161} INFO - Processing /home/patriciacorreia/Documents/airflowalura/venv/lib/python3.9/site-packages/airflow/example_dags/example_trigger_target_dag.py took 0.219 seconds
[2024-12-18 22:38:14,282] {processor.py:153} INFO - Started process (PID=23168) to work on /home/patriciacorreia/Documents/airflowalura/venv/lib/python3.9/site-packages/airflow/example_dags/example_trigger_target_dag.py
[2024-12-18 22:38:14,286] {processor.py:641} INFO - Processing file /home/patriciacorreia/Documents/airflowalura/venv/lib/python3.9/site-packages/airflow/example_dags/example_trigger_target_dag.py for tasks to queue
[2024-12-18 22:38:14,288] {logging_mixin.py:115} INFO - [2024-12-18 22:38:14,288] {dagbag.py:507} INFO - Filling up the DagBag from /home/patriciacorreia/Documents/airflowalura/venv/lib/python3.9/site-packages/airflow/example_dags/example_trigger_target_dag.py
[2024-12-18 22:38:14,367] {processor.py:651} INFO - DAG(s) dict_keys(['example_trigger_target_dag']) retrieved from /home/patriciacorreia/Documents/airflowalura/venv/lib/python3.9/site-packages/airflow/example_dags/example_trigger_target_dag.py
[2024-12-18 22:38:14,470] {logging_mixin.py:115} INFO - [2024-12-18 22:38:14,470] {dag.py:2379} INFO - Sync 1 DAGs
[2024-12-18 22:38:14,558] {logging_mixin.py:115} INFO - [2024-12-18 22:38:14,557] {dag.py:2927} INFO - Setting next_dagrun for example_trigger_target_dag to None, run_after=None
[2024-12-18 22:38:14,621] {processor.py:161} INFO - Processing /home/patriciacorreia/Documents/airflowalura/venv/lib/python3.9/site-packages/airflow/example_dags/example_trigger_target_dag.py took 0.353 seconds
[2024-12-18 22:38:54,545] {processor.py:153} INFO - Started process (PID=23351) to work on /home/patriciacorreia/Documents/airflowalura/venv/lib/python3.9/site-packages/airflow/example_dags/example_trigger_target_dag.py
[2024-12-18 22:38:54,550] {processor.py:641} INFO - Processing file /home/patriciacorreia/Documents/airflowalura/venv/lib/python3.9/site-packages/airflow/example_dags/example_trigger_target_dag.py for tasks to queue
[2024-12-18 22:38:54,553] {logging_mixin.py:115} INFO - [2024-12-18 22:38:54,552] {dagbag.py:507} INFO - Filling up the DagBag from /home/patriciacorreia/Documents/airflowalura/venv/lib/python3.9/site-packages/airflow/example_dags/example_trigger_target_dag.py
[2024-12-18 22:38:54,633] {processor.py:651} INFO - DAG(s) dict_keys(['example_trigger_target_dag']) retrieved from /home/patriciacorreia/Documents/airflowalura/venv/lib/python3.9/site-packages/airflow/example_dags/example_trigger_target_dag.py
[2024-12-18 22:38:54,670] {logging_mixin.py:115} INFO - [2024-12-18 22:38:54,669] {dag.py:2379} INFO - Sync 1 DAGs
[2024-12-18 22:38:54,698] {logging_mixin.py:115} INFO - [2024-12-18 22:38:54,698] {dag.py:2927} INFO - Setting next_dagrun for example_trigger_target_dag to None, run_after=None
[2024-12-18 22:38:54,719] {processor.py:161} INFO - Processing /home/patriciacorreia/Documents/airflowalura/venv/lib/python3.9/site-packages/airflow/example_dags/example_trigger_target_dag.py took 0.191 seconds
[2024-12-18 22:39:30,485] {processor.py:153} INFO - Started process (PID=23523) to work on /home/patriciacorreia/Documents/airflowalura/venv/lib/python3.9/site-packages/airflow/example_dags/example_trigger_target_dag.py
[2024-12-18 22:39:30,489] {processor.py:641} INFO - Processing file /home/patriciacorreia/Documents/airflowalura/venv/lib/python3.9/site-packages/airflow/example_dags/example_trigger_target_dag.py for tasks to queue
[2024-12-18 22:39:30,491] {logging_mixin.py:115} INFO - [2024-12-18 22:39:30,491] {dagbag.py:507} INFO - Filling up the DagBag from /home/patriciacorreia/Documents/airflowalura/venv/lib/python3.9/site-packages/airflow/example_dags/example_trigger_target_dag.py
[2024-12-18 22:39:30,571] {processor.py:651} INFO - DAG(s) dict_keys(['example_trigger_target_dag']) retrieved from /home/patriciacorreia/Documents/airflowalura/venv/lib/python3.9/site-packages/airflow/example_dags/example_trigger_target_dag.py
[2024-12-18 22:39:30,655] {logging_mixin.py:115} INFO - [2024-12-18 22:39:30,655] {dag.py:2379} INFO - Sync 1 DAGs
[2024-12-18 22:39:30,752] {logging_mixin.py:115} INFO - [2024-12-18 22:39:30,751] {dag.py:2927} INFO - Setting next_dagrun for example_trigger_target_dag to None, run_after=None
[2024-12-18 22:39:30,791] {processor.py:161} INFO - Processing /home/patriciacorreia/Documents/airflowalura/venv/lib/python3.9/site-packages/airflow/example_dags/example_trigger_target_dag.py took 0.323 seconds
[2024-12-18 22:40:06,017] {processor.py:153} INFO - Started process (PID=23694) to work on /home/patriciacorreia/Documents/airflowalura/venv/lib/python3.9/site-packages/airflow/example_dags/example_trigger_target_dag.py
[2024-12-18 22:40:06,019] {processor.py:641} INFO - Processing file /home/patriciacorreia/Documents/airflowalura/venv/lib/python3.9/site-packages/airflow/example_dags/example_trigger_target_dag.py for tasks to queue
[2024-12-18 22:40:06,020] {logging_mixin.py:115} INFO - [2024-12-18 22:40:06,020] {dagbag.py:507} INFO - Filling up the DagBag from /home/patriciacorreia/Documents/airflowalura/venv/lib/python3.9/site-packages/airflow/example_dags/example_trigger_target_dag.py
[2024-12-18 22:40:06,046] {processor.py:651} INFO - DAG(s) dict_keys(['example_trigger_target_dag']) retrieved from /home/patriciacorreia/Documents/airflowalura/venv/lib/python3.9/site-packages/airflow/example_dags/example_trigger_target_dag.py
[2024-12-18 22:40:06,074] {logging_mixin.py:115} INFO - [2024-12-18 22:40:06,074] {dag.py:2379} INFO - Sync 1 DAGs
[2024-12-18 22:40:06,107] {logging_mixin.py:115} INFO - [2024-12-18 22:40:06,106] {dag.py:2927} INFO - Setting next_dagrun for example_trigger_target_dag to None, run_after=None
[2024-12-18 22:40:06,135] {processor.py:161} INFO - Processing /home/patriciacorreia/Documents/airflowalura/venv/lib/python3.9/site-packages/airflow/example_dags/example_trigger_target_dag.py took 0.129 seconds
[2024-12-18 22:40:44,905] {processor.py:153} INFO - Started process (PID=23935) to work on /home/patriciacorreia/Documents/airflowalura/venv/lib/python3.9/site-packages/airflow/example_dags/example_trigger_target_dag.py
[2024-12-18 22:40:44,907] {processor.py:641} INFO - Processing file /home/patriciacorreia/Documents/airflowalura/venv/lib/python3.9/site-packages/airflow/example_dags/example_trigger_target_dag.py for tasks to queue
[2024-12-18 22:40:44,908] {logging_mixin.py:115} INFO - [2024-12-18 22:40:44,908] {dagbag.py:507} INFO - Filling up the DagBag from /home/patriciacorreia/Documents/airflowalura/venv/lib/python3.9/site-packages/airflow/example_dags/example_trigger_target_dag.py
[2024-12-18 22:40:44,931] {processor.py:651} INFO - DAG(s) dict_keys(['example_trigger_target_dag']) retrieved from /home/patriciacorreia/Documents/airflowalura/venv/lib/python3.9/site-packages/airflow/example_dags/example_trigger_target_dag.py
[2024-12-18 22:40:44,956] {logging_mixin.py:115} INFO - [2024-12-18 22:40:44,955] {dag.py:2379} INFO - Sync 1 DAGs
[2024-12-18 22:40:44,980] {logging_mixin.py:115} INFO - [2024-12-18 22:40:44,980] {dag.py:2927} INFO - Setting next_dagrun for example_trigger_target_dag to None, run_after=None
[2024-12-18 22:40:45,000] {processor.py:161} INFO - Processing /home/patriciacorreia/Documents/airflowalura/venv/lib/python3.9/site-packages/airflow/example_dags/example_trigger_target_dag.py took 0.099 seconds
