[2024-12-18 22:05:45,958] {processor.py:153} INFO - Started process (PID=13873) to work on /home/patriciacorreia/Documents/airflowalura/venv/lib/python3.9/site-packages/airflow/example_dags/example_branch_day_of_week_operator.py
[2024-12-18 22:05:45,959] {processor.py:641} INFO - Processing file /home/patriciacorreia/Documents/airflowalura/venv/lib/python3.9/site-packages/airflow/example_dags/example_branch_day_of_week_operator.py for tasks to queue
[2024-12-18 22:05:45,959] {logging_mixin.py:115} INFO - [2024-12-18 22:05:45,959] {dagbag.py:507} INFO - Filling up the DagBag from /home/patriciacorreia/Documents/airflowalura/venv/lib/python3.9/site-packages/airflow/example_dags/example_branch_day_of_week_operator.py
[2024-12-18 22:05:45,971] {processor.py:651} INFO - DAG(s) dict_keys(['example_weekday_branch_operator']) retrieved from /home/patriciacorreia/Documents/airflowalura/venv/lib/python3.9/site-packages/airflow/example_dags/example_branch_day_of_week_operator.py
[2024-12-18 22:05:46,053] {logging_mixin.py:115} INFO - [2024-12-18 22:05:46,053] {manager.py:508} INFO - Created Permission View: can read on DAG:example_weekday_branch_operator
[2024-12-18 22:05:46,065] {logging_mixin.py:115} INFO - [2024-12-18 22:05:46,065] {manager.py:508} INFO - Created Permission View: can delete on DAG:example_weekday_branch_operator
[2024-12-18 22:05:46,074] {logging_mixin.py:115} INFO - [2024-12-18 22:05:46,074] {manager.py:508} INFO - Created Permission View: can edit on DAG:example_weekday_branch_operator
[2024-12-18 22:05:46,075] {logging_mixin.py:115} INFO - [2024-12-18 22:05:46,074] {dag.py:2379} INFO - Sync 1 DAGs
[2024-12-18 22:05:46,083] {logging_mixin.py:115} INFO - [2024-12-18 22:05:46,083] {dag.py:2398} INFO - Creating ORM DAG for example_weekday_branch_operator
[2024-12-18 22:05:46,096] {logging_mixin.py:115} INFO - [2024-12-18 22:05:46,095] {dag.py:2927} INFO - Setting next_dagrun for example_weekday_branch_operator to 2024-12-18T00:00:00+00:00, run_after=2024-12-19T00:00:00+00:00
[2024-12-18 22:05:46,113] {processor.py:161} INFO - Processing /home/patriciacorreia/Documents/airflowalura/venv/lib/python3.9/site-packages/airflow/example_dags/example_branch_day_of_week_operator.py took 0.160 seconds
[2024-12-18 22:06:22,067] {processor.py:153} INFO - Started process (PID=13988) to work on /home/patriciacorreia/Documents/airflowalura/venv/lib/python3.9/site-packages/airflow/example_dags/example_branch_day_of_week_operator.py
[2024-12-18 22:06:22,069] {processor.py:641} INFO - Processing file /home/patriciacorreia/Documents/airflowalura/venv/lib/python3.9/site-packages/airflow/example_dags/example_branch_day_of_week_operator.py for tasks to queue
[2024-12-18 22:06:22,070] {logging_mixin.py:115} INFO - [2024-12-18 22:06:22,070] {dagbag.py:507} INFO - Filling up the DagBag from /home/patriciacorreia/Documents/airflowalura/venv/lib/python3.9/site-packages/airflow/example_dags/example_branch_day_of_week_operator.py
[2024-12-18 22:06:22,083] {processor.py:651} INFO - DAG(s) dict_keys(['example_weekday_branch_operator']) retrieved from /home/patriciacorreia/Documents/airflowalura/venv/lib/python3.9/site-packages/airflow/example_dags/example_branch_day_of_week_operator.py
[2024-12-18 22:06:22,110] {logging_mixin.py:115} INFO - [2024-12-18 22:06:22,110] {dag.py:2379} INFO - Sync 1 DAGs
[2024-12-18 22:06:22,137] {logging_mixin.py:115} INFO - [2024-12-18 22:06:22,137] {dag.py:2927} INFO - Setting next_dagrun for example_weekday_branch_operator to 2024-12-18T00:00:00+00:00, run_after=2024-12-19T00:00:00+00:00
[2024-12-18 22:06:22,151] {processor.py:161} INFO - Processing /home/patriciacorreia/Documents/airflowalura/venv/lib/python3.9/site-packages/airflow/example_dags/example_branch_day_of_week_operator.py took 0.089 seconds
[2024-12-18 22:06:58,000] {processor.py:153} INFO - Started process (PID=14133) to work on /home/patriciacorreia/Documents/airflowalura/venv/lib/python3.9/site-packages/airflow/example_dags/example_branch_day_of_week_operator.py
[2024-12-18 22:06:58,001] {processor.py:641} INFO - Processing file /home/patriciacorreia/Documents/airflowalura/venv/lib/python3.9/site-packages/airflow/example_dags/example_branch_day_of_week_operator.py for tasks to queue
[2024-12-18 22:06:58,002] {logging_mixin.py:115} INFO - [2024-12-18 22:06:58,002] {dagbag.py:507} INFO - Filling up the DagBag from /home/patriciacorreia/Documents/airflowalura/venv/lib/python3.9/site-packages/airflow/example_dags/example_branch_day_of_week_operator.py
[2024-12-18 22:06:58,013] {processor.py:651} INFO - DAG(s) dict_keys(['example_weekday_branch_operator']) retrieved from /home/patriciacorreia/Documents/airflowalura/venv/lib/python3.9/site-packages/airflow/example_dags/example_branch_day_of_week_operator.py
[2024-12-18 22:06:58,035] {logging_mixin.py:115} INFO - [2024-12-18 22:06:58,035] {dag.py:2379} INFO - Sync 1 DAGs
[2024-12-18 22:06:58,063] {logging_mixin.py:115} INFO - [2024-12-18 22:06:58,063] {dag.py:2927} INFO - Setting next_dagrun for example_weekday_branch_operator to 2024-12-18T00:00:00+00:00, run_after=2024-12-19T00:00:00+00:00
[2024-12-18 22:06:58,079] {processor.py:161} INFO - Processing /home/patriciacorreia/Documents/airflowalura/venv/lib/python3.9/site-packages/airflow/example_dags/example_branch_day_of_week_operator.py took 0.085 seconds
[2024-12-18 22:07:39,934] {processor.py:153} INFO - Started process (PID=14205) to work on /home/patriciacorreia/Documents/airflowalura/venv/lib/python3.9/site-packages/airflow/example_dags/example_branch_day_of_week_operator.py
[2024-12-18 22:07:39,935] {processor.py:641} INFO - Processing file /home/patriciacorreia/Documents/airflowalura/venv/lib/python3.9/site-packages/airflow/example_dags/example_branch_day_of_week_operator.py for tasks to queue
[2024-12-18 22:07:39,937] {logging_mixin.py:115} INFO - [2024-12-18 22:07:39,936] {dagbag.py:507} INFO - Filling up the DagBag from /home/patriciacorreia/Documents/airflowalura/venv/lib/python3.9/site-packages/airflow/example_dags/example_branch_day_of_week_operator.py
[2024-12-18 22:07:39,953] {processor.py:651} INFO - DAG(s) dict_keys(['example_weekday_branch_operator']) retrieved from /home/patriciacorreia/Documents/airflowalura/venv/lib/python3.9/site-packages/airflow/example_dags/example_branch_day_of_week_operator.py
[2024-12-18 22:07:39,981] {logging_mixin.py:115} INFO - [2024-12-18 22:07:39,981] {dag.py:2379} INFO - Sync 1 DAGs
[2024-12-18 22:07:40,016] {logging_mixin.py:115} INFO - [2024-12-18 22:07:40,016] {dag.py:2927} INFO - Setting next_dagrun for example_weekday_branch_operator to 2024-12-18T00:00:00+00:00, run_after=2024-12-19T00:00:00+00:00
[2024-12-18 22:07:40,032] {processor.py:161} INFO - Processing /home/patriciacorreia/Documents/airflowalura/venv/lib/python3.9/site-packages/airflow/example_dags/example_branch_day_of_week_operator.py took 0.105 seconds
[2024-12-18 22:08:20,393] {processor.py:153} INFO - Started process (PID=14320) to work on /home/patriciacorreia/Documents/airflowalura/venv/lib/python3.9/site-packages/airflow/example_dags/example_branch_day_of_week_operator.py
[2024-12-18 22:08:20,395] {processor.py:641} INFO - Processing file /home/patriciacorreia/Documents/airflowalura/venv/lib/python3.9/site-packages/airflow/example_dags/example_branch_day_of_week_operator.py for tasks to queue
[2024-12-18 22:08:20,396] {logging_mixin.py:115} INFO - [2024-12-18 22:08:20,396] {dagbag.py:507} INFO - Filling up the DagBag from /home/patriciacorreia/Documents/airflowalura/venv/lib/python3.9/site-packages/airflow/example_dags/example_branch_day_of_week_operator.py
[2024-12-18 22:08:20,421] {processor.py:651} INFO - DAG(s) dict_keys(['example_weekday_branch_operator']) retrieved from /home/patriciacorreia/Documents/airflowalura/venv/lib/python3.9/site-packages/airflow/example_dags/example_branch_day_of_week_operator.py
[2024-12-18 22:08:20,463] {logging_mixin.py:115} INFO - [2024-12-18 22:08:20,462] {dag.py:2379} INFO - Sync 1 DAGs
[2024-12-18 22:08:20,519] {logging_mixin.py:115} INFO - [2024-12-18 22:08:20,518] {dag.py:2927} INFO - Setting next_dagrun for example_weekday_branch_operator to 2024-12-18T00:00:00+00:00, run_after=2024-12-19T00:00:00+00:00
[2024-12-18 22:08:20,541] {processor.py:161} INFO - Processing /home/patriciacorreia/Documents/airflowalura/venv/lib/python3.9/site-packages/airflow/example_dags/example_branch_day_of_week_operator.py took 0.157 seconds
[2024-12-18 22:08:58,899] {processor.py:153} INFO - Started process (PID=14478) to work on /home/patriciacorreia/Documents/airflowalura/venv/lib/python3.9/site-packages/airflow/example_dags/example_branch_day_of_week_operator.py
[2024-12-18 22:08:58,901] {processor.py:641} INFO - Processing file /home/patriciacorreia/Documents/airflowalura/venv/lib/python3.9/site-packages/airflow/example_dags/example_branch_day_of_week_operator.py for tasks to queue
[2024-12-18 22:08:58,903] {logging_mixin.py:115} INFO - [2024-12-18 22:08:58,903] {dagbag.py:507} INFO - Filling up the DagBag from /home/patriciacorreia/Documents/airflowalura/venv/lib/python3.9/site-packages/airflow/example_dags/example_branch_day_of_week_operator.py
[2024-12-18 22:08:58,924] {processor.py:651} INFO - DAG(s) dict_keys(['example_weekday_branch_operator']) retrieved from /home/patriciacorreia/Documents/airflowalura/venv/lib/python3.9/site-packages/airflow/example_dags/example_branch_day_of_week_operator.py
[2024-12-18 22:08:58,964] {logging_mixin.py:115} INFO - [2024-12-18 22:08:58,963] {dag.py:2379} INFO - Sync 1 DAGs
[2024-12-18 22:08:59,019] {logging_mixin.py:115} INFO - [2024-12-18 22:08:59,019] {dag.py:2927} INFO - Setting next_dagrun for example_weekday_branch_operator to 2024-12-18T00:00:00+00:00, run_after=2024-12-19T00:00:00+00:00
[2024-12-18 22:08:59,042] {processor.py:161} INFO - Processing /home/patriciacorreia/Documents/airflowalura/venv/lib/python3.9/site-packages/airflow/example_dags/example_branch_day_of_week_operator.py took 0.150 seconds
[2024-12-18 22:09:38,172] {processor.py:153} INFO - Started process (PID=14642) to work on /home/patriciacorreia/Documents/airflowalura/venv/lib/python3.9/site-packages/airflow/example_dags/example_branch_day_of_week_operator.py
[2024-12-18 22:09:38,175] {processor.py:641} INFO - Processing file /home/patriciacorreia/Documents/airflowalura/venv/lib/python3.9/site-packages/airflow/example_dags/example_branch_day_of_week_operator.py for tasks to queue
[2024-12-18 22:09:38,176] {logging_mixin.py:115} INFO - [2024-12-18 22:09:38,176] {dagbag.py:507} INFO - Filling up the DagBag from /home/patriciacorreia/Documents/airflowalura/venv/lib/python3.9/site-packages/airflow/example_dags/example_branch_day_of_week_operator.py
[2024-12-18 22:09:38,195] {processor.py:651} INFO - DAG(s) dict_keys(['example_weekday_branch_operator']) retrieved from /home/patriciacorreia/Documents/airflowalura/venv/lib/python3.9/site-packages/airflow/example_dags/example_branch_day_of_week_operator.py
[2024-12-18 22:09:38,224] {logging_mixin.py:115} INFO - [2024-12-18 22:09:38,224] {dag.py:2379} INFO - Sync 1 DAGs
[2024-12-18 22:09:38,262] {logging_mixin.py:115} INFO - [2024-12-18 22:09:38,261] {dag.py:2927} INFO - Setting next_dagrun for example_weekday_branch_operator to 2024-12-18T00:00:00+00:00, run_after=2024-12-19T00:00:00+00:00
[2024-12-18 22:09:38,292] {processor.py:161} INFO - Processing /home/patriciacorreia/Documents/airflowalura/venv/lib/python3.9/site-packages/airflow/example_dags/example_branch_day_of_week_operator.py took 0.130 seconds
[2024-12-18 22:10:15,440] {processor.py:153} INFO - Started process (PID=14879) to work on /home/patriciacorreia/Documents/airflowalura/venv/lib/python3.9/site-packages/airflow/example_dags/example_branch_day_of_week_operator.py
[2024-12-18 22:10:15,442] {processor.py:641} INFO - Processing file /home/patriciacorreia/Documents/airflowalura/venv/lib/python3.9/site-packages/airflow/example_dags/example_branch_day_of_week_operator.py for tasks to queue
[2024-12-18 22:10:15,443] {logging_mixin.py:115} INFO - [2024-12-18 22:10:15,443] {dagbag.py:507} INFO - Filling up the DagBag from /home/patriciacorreia/Documents/airflowalura/venv/lib/python3.9/site-packages/airflow/example_dags/example_branch_day_of_week_operator.py
[2024-12-18 22:10:15,456] {processor.py:651} INFO - DAG(s) dict_keys(['example_weekday_branch_operator']) retrieved from /home/patriciacorreia/Documents/airflowalura/venv/lib/python3.9/site-packages/airflow/example_dags/example_branch_day_of_week_operator.py
[2024-12-18 22:10:15,477] {logging_mixin.py:115} INFO - [2024-12-18 22:10:15,477] {dag.py:2379} INFO - Sync 1 DAGs
[2024-12-18 22:10:15,507] {logging_mixin.py:115} INFO - [2024-12-18 22:10:15,507] {dag.py:2927} INFO - Setting next_dagrun for example_weekday_branch_operator to 2024-12-18T00:00:00+00:00, run_after=2024-12-19T00:00:00+00:00
[2024-12-18 22:10:15,522] {processor.py:161} INFO - Processing /home/patriciacorreia/Documents/airflowalura/venv/lib/python3.9/site-packages/airflow/example_dags/example_branch_day_of_week_operator.py took 0.088 seconds
[2024-12-18 22:10:56,668] {processor.py:153} INFO - Started process (PID=15365) to work on /home/patriciacorreia/Documents/airflowalura/venv/lib/python3.9/site-packages/airflow/example_dags/example_branch_day_of_week_operator.py
[2024-12-18 22:10:56,671] {processor.py:641} INFO - Processing file /home/patriciacorreia/Documents/airflowalura/venv/lib/python3.9/site-packages/airflow/example_dags/example_branch_day_of_week_operator.py for tasks to queue
[2024-12-18 22:10:56,673] {logging_mixin.py:115} INFO - [2024-12-18 22:10:56,672] {dagbag.py:507} INFO - Filling up the DagBag from /home/patriciacorreia/Documents/airflowalura/venv/lib/python3.9/site-packages/airflow/example_dags/example_branch_day_of_week_operator.py
[2024-12-18 22:10:56,690] {processor.py:651} INFO - DAG(s) dict_keys(['example_weekday_branch_operator']) retrieved from /home/patriciacorreia/Documents/airflowalura/venv/lib/python3.9/site-packages/airflow/example_dags/example_branch_day_of_week_operator.py
[2024-12-18 22:10:56,730] {logging_mixin.py:115} INFO - [2024-12-18 22:10:56,729] {dag.py:2379} INFO - Sync 1 DAGs
[2024-12-18 22:10:56,792] {logging_mixin.py:115} INFO - [2024-12-18 22:10:56,791] {dag.py:2927} INFO - Setting next_dagrun for example_weekday_branch_operator to 2024-12-18T00:00:00+00:00, run_after=2024-12-19T00:00:00+00:00
[2024-12-18 22:10:56,824] {processor.py:161} INFO - Processing /home/patriciacorreia/Documents/airflowalura/venv/lib/python3.9/site-packages/airflow/example_dags/example_branch_day_of_week_operator.py took 0.163 seconds
[2024-12-18 22:11:45,418] {processor.py:153} INFO - Started process (PID=15577) to work on /home/patriciacorreia/Documents/airflowalura/venv/lib/python3.9/site-packages/airflow/example_dags/example_branch_day_of_week_operator.py
[2024-12-18 22:11:45,424] {processor.py:641} INFO - Processing file /home/patriciacorreia/Documents/airflowalura/venv/lib/python3.9/site-packages/airflow/example_dags/example_branch_day_of_week_operator.py for tasks to queue
[2024-12-18 22:11:45,429] {logging_mixin.py:115} INFO - [2024-12-18 22:11:45,428] {dagbag.py:507} INFO - Filling up the DagBag from /home/patriciacorreia/Documents/airflowalura/venv/lib/python3.9/site-packages/airflow/example_dags/example_branch_day_of_week_operator.py
[2024-12-18 22:11:45,511] {processor.py:651} INFO - DAG(s) dict_keys(['example_weekday_branch_operator']) retrieved from /home/patriciacorreia/Documents/airflowalura/venv/lib/python3.9/site-packages/airflow/example_dags/example_branch_day_of_week_operator.py
[2024-12-18 22:11:45,546] {logging_mixin.py:115} INFO - [2024-12-18 22:11:45,546] {dag.py:2379} INFO - Sync 1 DAGs
[2024-12-18 22:11:45,581] {logging_mixin.py:115} INFO - [2024-12-18 22:11:45,581] {dag.py:2927} INFO - Setting next_dagrun for example_weekday_branch_operator to 2024-12-18T00:00:00+00:00, run_after=2024-12-19T00:00:00+00:00
[2024-12-18 22:11:45,601] {processor.py:161} INFO - Processing /home/patriciacorreia/Documents/airflowalura/venv/lib/python3.9/site-packages/airflow/example_dags/example_branch_day_of_week_operator.py took 0.206 seconds
[2024-12-18 22:12:26,556] {processor.py:153} INFO - Started process (PID=15761) to work on /home/patriciacorreia/Documents/airflowalura/venv/lib/python3.9/site-packages/airflow/example_dags/example_branch_day_of_week_operator.py
[2024-12-18 22:12:26,560] {processor.py:641} INFO - Processing file /home/patriciacorreia/Documents/airflowalura/venv/lib/python3.9/site-packages/airflow/example_dags/example_branch_day_of_week_operator.py for tasks to queue
[2024-12-18 22:12:26,562] {logging_mixin.py:115} INFO - [2024-12-18 22:12:26,562] {dagbag.py:507} INFO - Filling up the DagBag from /home/patriciacorreia/Documents/airflowalura/venv/lib/python3.9/site-packages/airflow/example_dags/example_branch_day_of_week_operator.py
[2024-12-18 22:12:26,590] {processor.py:651} INFO - DAG(s) dict_keys(['example_weekday_branch_operator']) retrieved from /home/patriciacorreia/Documents/airflowalura/venv/lib/python3.9/site-packages/airflow/example_dags/example_branch_day_of_week_operator.py
[2024-12-18 22:12:26,644] {logging_mixin.py:115} INFO - [2024-12-18 22:12:26,644] {dag.py:2379} INFO - Sync 1 DAGs
[2024-12-18 22:12:26,718] {logging_mixin.py:115} INFO - [2024-12-18 22:12:26,718] {dag.py:2927} INFO - Setting next_dagrun for example_weekday_branch_operator to 2024-12-18T00:00:00+00:00, run_after=2024-12-19T00:00:00+00:00
[2024-12-18 22:12:26,765] {processor.py:161} INFO - Processing /home/patriciacorreia/Documents/airflowalura/venv/lib/python3.9/site-packages/airflow/example_dags/example_branch_day_of_week_operator.py took 0.220 seconds
[2024-12-18 22:13:10,510] {processor.py:153} INFO - Started process (PID=15957) to work on /home/patriciacorreia/Documents/airflowalura/venv/lib/python3.9/site-packages/airflow/example_dags/example_branch_day_of_week_operator.py
[2024-12-18 22:13:10,514] {processor.py:641} INFO - Processing file /home/patriciacorreia/Documents/airflowalura/venv/lib/python3.9/site-packages/airflow/example_dags/example_branch_day_of_week_operator.py for tasks to queue
[2024-12-18 22:13:10,517] {logging_mixin.py:115} INFO - [2024-12-18 22:13:10,516] {dagbag.py:507} INFO - Filling up the DagBag from /home/patriciacorreia/Documents/airflowalura/venv/lib/python3.9/site-packages/airflow/example_dags/example_branch_day_of_week_operator.py
[2024-12-18 22:13:10,559] {processor.py:651} INFO - DAG(s) dict_keys(['example_weekday_branch_operator']) retrieved from /home/patriciacorreia/Documents/airflowalura/venv/lib/python3.9/site-packages/airflow/example_dags/example_branch_day_of_week_operator.py
[2024-12-18 22:13:10,617] {logging_mixin.py:115} INFO - [2024-12-18 22:13:10,617] {dag.py:2379} INFO - Sync 1 DAGs
[2024-12-18 22:13:10,686] {logging_mixin.py:115} INFO - [2024-12-18 22:13:10,686] {dag.py:2927} INFO - Setting next_dagrun for example_weekday_branch_operator to 2024-12-18T00:00:00+00:00, run_after=2024-12-19T00:00:00+00:00
[2024-12-18 22:13:10,725] {processor.py:161} INFO - Processing /home/patriciacorreia/Documents/airflowalura/venv/lib/python3.9/site-packages/airflow/example_dags/example_branch_day_of_week_operator.py took 0.228 seconds
[2024-12-18 22:13:47,486] {processor.py:153} INFO - Started process (PID=16128) to work on /home/patriciacorreia/Documents/airflowalura/venv/lib/python3.9/site-packages/airflow/example_dags/example_branch_day_of_week_operator.py
[2024-12-18 22:13:47,489] {processor.py:641} INFO - Processing file /home/patriciacorreia/Documents/airflowalura/venv/lib/python3.9/site-packages/airflow/example_dags/example_branch_day_of_week_operator.py for tasks to queue
[2024-12-18 22:13:47,491] {logging_mixin.py:115} INFO - [2024-12-18 22:13:47,491] {dagbag.py:507} INFO - Filling up the DagBag from /home/patriciacorreia/Documents/airflowalura/venv/lib/python3.9/site-packages/airflow/example_dags/example_branch_day_of_week_operator.py
[2024-12-18 22:13:47,533] {processor.py:651} INFO - DAG(s) dict_keys(['example_weekday_branch_operator']) retrieved from /home/patriciacorreia/Documents/airflowalura/venv/lib/python3.9/site-packages/airflow/example_dags/example_branch_day_of_week_operator.py
[2024-12-18 22:13:47,606] {logging_mixin.py:115} INFO - [2024-12-18 22:13:47,605] {dag.py:2379} INFO - Sync 1 DAGs
[2024-12-18 22:13:47,686] {logging_mixin.py:115} INFO - [2024-12-18 22:13:47,686] {dag.py:2927} INFO - Setting next_dagrun for example_weekday_branch_operator to 2024-12-18T00:00:00+00:00, run_after=2024-12-19T00:00:00+00:00
[2024-12-18 22:13:47,730] {processor.py:161} INFO - Processing /home/patriciacorreia/Documents/airflowalura/venv/lib/python3.9/site-packages/airflow/example_dags/example_branch_day_of_week_operator.py took 0.259 seconds
[2024-12-18 22:14:30,018] {processor.py:153} INFO - Started process (PID=16344) to work on /home/patriciacorreia/Documents/airflowalura/venv/lib/python3.9/site-packages/airflow/example_dags/example_branch_day_of_week_operator.py
[2024-12-18 22:14:30,020] {processor.py:641} INFO - Processing file /home/patriciacorreia/Documents/airflowalura/venv/lib/python3.9/site-packages/airflow/example_dags/example_branch_day_of_week_operator.py for tasks to queue
[2024-12-18 22:14:30,021] {logging_mixin.py:115} INFO - [2024-12-18 22:14:30,021] {dagbag.py:507} INFO - Filling up the DagBag from /home/patriciacorreia/Documents/airflowalura/venv/lib/python3.9/site-packages/airflow/example_dags/example_branch_day_of_week_operator.py
[2024-12-18 22:14:30,043] {processor.py:651} INFO - DAG(s) dict_keys(['example_weekday_branch_operator']) retrieved from /home/patriciacorreia/Documents/airflowalura/venv/lib/python3.9/site-packages/airflow/example_dags/example_branch_day_of_week_operator.py
[2024-12-18 22:14:30,080] {logging_mixin.py:115} INFO - [2024-12-18 22:14:30,080] {dag.py:2379} INFO - Sync 1 DAGs
[2024-12-18 22:14:30,130] {logging_mixin.py:115} INFO - [2024-12-18 22:14:30,130] {dag.py:2927} INFO - Setting next_dagrun for example_weekday_branch_operator to 2024-12-18T00:00:00+00:00, run_after=2024-12-19T00:00:00+00:00
[2024-12-18 22:14:30,158] {processor.py:161} INFO - Processing /home/patriciacorreia/Documents/airflowalura/venv/lib/python3.9/site-packages/airflow/example_dags/example_branch_day_of_week_operator.py took 0.153 seconds
[2024-12-18 22:15:12,980] {processor.py:153} INFO - Started process (PID=16547) to work on /home/patriciacorreia/Documents/airflowalura/venv/lib/python3.9/site-packages/airflow/example_dags/example_branch_day_of_week_operator.py
[2024-12-18 22:15:12,983] {processor.py:641} INFO - Processing file /home/patriciacorreia/Documents/airflowalura/venv/lib/python3.9/site-packages/airflow/example_dags/example_branch_day_of_week_operator.py for tasks to queue
[2024-12-18 22:15:12,986] {logging_mixin.py:115} INFO - [2024-12-18 22:15:12,985] {dagbag.py:507} INFO - Filling up the DagBag from /home/patriciacorreia/Documents/airflowalura/venv/lib/python3.9/site-packages/airflow/example_dags/example_branch_day_of_week_operator.py
[2024-12-18 22:15:13,022] {processor.py:651} INFO - DAG(s) dict_keys(['example_weekday_branch_operator']) retrieved from /home/patriciacorreia/Documents/airflowalura/venv/lib/python3.9/site-packages/airflow/example_dags/example_branch_day_of_week_operator.py
[2024-12-18 22:15:13,097] {logging_mixin.py:115} INFO - [2024-12-18 22:15:13,097] {dag.py:2379} INFO - Sync 1 DAGs
[2024-12-18 22:15:13,197] {logging_mixin.py:115} INFO - [2024-12-18 22:15:13,197] {dag.py:2927} INFO - Setting next_dagrun for example_weekday_branch_operator to 2024-12-18T00:00:00+00:00, run_after=2024-12-19T00:00:00+00:00
[2024-12-18 22:15:13,246] {processor.py:161} INFO - Processing /home/patriciacorreia/Documents/airflowalura/venv/lib/python3.9/site-packages/airflow/example_dags/example_branch_day_of_week_operator.py took 0.283 seconds
[2024-12-18 22:16:02,072] {processor.py:153} INFO - Started process (PID=16796) to work on /home/patriciacorreia/Documents/airflowalura/venv/lib/python3.9/site-packages/airflow/example_dags/example_branch_day_of_week_operator.py
[2024-12-18 22:16:02,073] {processor.py:641} INFO - Processing file /home/patriciacorreia/Documents/airflowalura/venv/lib/python3.9/site-packages/airflow/example_dags/example_branch_day_of_week_operator.py for tasks to queue
[2024-12-18 22:16:02,074] {logging_mixin.py:115} INFO - [2024-12-18 22:16:02,074] {dagbag.py:507} INFO - Filling up the DagBag from /home/patriciacorreia/Documents/airflowalura/venv/lib/python3.9/site-packages/airflow/example_dags/example_branch_day_of_week_operator.py
[2024-12-18 22:16:02,093] {processor.py:651} INFO - DAG(s) dict_keys(['example_weekday_branch_operator']) retrieved from /home/patriciacorreia/Documents/airflowalura/venv/lib/python3.9/site-packages/airflow/example_dags/example_branch_day_of_week_operator.py
[2024-12-18 22:16:02,120] {logging_mixin.py:115} INFO - [2024-12-18 22:16:02,120] {dag.py:2379} INFO - Sync 1 DAGs
[2024-12-18 22:16:02,157] {logging_mixin.py:115} INFO - [2024-12-18 22:16:02,156] {dag.py:2927} INFO - Setting next_dagrun for example_weekday_branch_operator to 2024-12-18T00:00:00+00:00, run_after=2024-12-19T00:00:00+00:00
[2024-12-18 22:16:02,182] {processor.py:161} INFO - Processing /home/patriciacorreia/Documents/airflowalura/venv/lib/python3.9/site-packages/airflow/example_dags/example_branch_day_of_week_operator.py took 0.116 seconds
[2024-12-18 22:16:54,830] {processor.py:153} INFO - Started process (PID=17115) to work on /home/patriciacorreia/Documents/airflowalura/venv/lib/python3.9/site-packages/airflow/example_dags/example_branch_day_of_week_operator.py
[2024-12-18 22:16:54,831] {processor.py:641} INFO - Processing file /home/patriciacorreia/Documents/airflowalura/venv/lib/python3.9/site-packages/airflow/example_dags/example_branch_day_of_week_operator.py for tasks to queue
[2024-12-18 22:16:54,833] {logging_mixin.py:115} INFO - [2024-12-18 22:16:54,833] {dagbag.py:507} INFO - Filling up the DagBag from /home/patriciacorreia/Documents/airflowalura/venv/lib/python3.9/site-packages/airflow/example_dags/example_branch_day_of_week_operator.py
[2024-12-18 22:16:54,850] {processor.py:651} INFO - DAG(s) dict_keys(['example_weekday_branch_operator']) retrieved from /home/patriciacorreia/Documents/airflowalura/venv/lib/python3.9/site-packages/airflow/example_dags/example_branch_day_of_week_operator.py
[2024-12-18 22:16:54,878] {logging_mixin.py:115} INFO - [2024-12-18 22:16:54,878] {dag.py:2379} INFO - Sync 1 DAGs
[2024-12-18 22:16:54,912] {logging_mixin.py:115} INFO - [2024-12-18 22:16:54,912] {dag.py:2927} INFO - Setting next_dagrun for example_weekday_branch_operator to 2024-12-18T00:00:00+00:00, run_after=2024-12-19T00:00:00+00:00
[2024-12-18 22:16:54,934] {processor.py:161} INFO - Processing /home/patriciacorreia/Documents/airflowalura/venv/lib/python3.9/site-packages/airflow/example_dags/example_branch_day_of_week_operator.py took 0.110 seconds
[2024-12-18 22:17:36,342] {processor.py:153} INFO - Started process (PID=17329) to work on /home/patriciacorreia/Documents/airflowalura/venv/lib/python3.9/site-packages/airflow/example_dags/example_branch_day_of_week_operator.py
[2024-12-18 22:17:36,346] {processor.py:641} INFO - Processing file /home/patriciacorreia/Documents/airflowalura/venv/lib/python3.9/site-packages/airflow/example_dags/example_branch_day_of_week_operator.py for tasks to queue
[2024-12-18 22:17:36,348] {logging_mixin.py:115} INFO - [2024-12-18 22:17:36,348] {dagbag.py:507} INFO - Filling up the DagBag from /home/patriciacorreia/Documents/airflowalura/venv/lib/python3.9/site-packages/airflow/example_dags/example_branch_day_of_week_operator.py
[2024-12-18 22:17:36,387] {processor.py:651} INFO - DAG(s) dict_keys(['example_weekday_branch_operator']) retrieved from /home/patriciacorreia/Documents/airflowalura/venv/lib/python3.9/site-packages/airflow/example_dags/example_branch_day_of_week_operator.py
[2024-12-18 22:17:36,455] {logging_mixin.py:115} INFO - [2024-12-18 22:17:36,454] {dag.py:2379} INFO - Sync 1 DAGs
[2024-12-18 22:17:36,494] {logging_mixin.py:115} INFO - [2024-12-18 22:17:36,494] {dag.py:2927} INFO - Setting next_dagrun for example_weekday_branch_operator to 2024-12-18T00:00:00+00:00, run_after=2024-12-19T00:00:00+00:00
[2024-12-18 22:17:36,511] {processor.py:161} INFO - Processing /home/patriciacorreia/Documents/airflowalura/venv/lib/python3.9/site-packages/airflow/example_dags/example_branch_day_of_week_operator.py took 0.185 seconds
[2024-12-18 22:18:23,415] {processor.py:153} INFO - Started process (PID=17541) to work on /home/patriciacorreia/Documents/airflowalura/venv/lib/python3.9/site-packages/airflow/example_dags/example_branch_day_of_week_operator.py
[2024-12-18 22:18:23,419] {processor.py:641} INFO - Processing file /home/patriciacorreia/Documents/airflowalura/venv/lib/python3.9/site-packages/airflow/example_dags/example_branch_day_of_week_operator.py for tasks to queue
[2024-12-18 22:18:23,422] {logging_mixin.py:115} INFO - [2024-12-18 22:18:23,422] {dagbag.py:507} INFO - Filling up the DagBag from /home/patriciacorreia/Documents/airflowalura/venv/lib/python3.9/site-packages/airflow/example_dags/example_branch_day_of_week_operator.py
[2024-12-18 22:18:23,458] {processor.py:651} INFO - DAG(s) dict_keys(['example_weekday_branch_operator']) retrieved from /home/patriciacorreia/Documents/airflowalura/venv/lib/python3.9/site-packages/airflow/example_dags/example_branch_day_of_week_operator.py
[2024-12-18 22:18:23,532] {logging_mixin.py:115} INFO - [2024-12-18 22:18:23,532] {dag.py:2379} INFO - Sync 1 DAGs
[2024-12-18 22:18:23,627] {logging_mixin.py:115} INFO - [2024-12-18 22:18:23,626] {dag.py:2927} INFO - Setting next_dagrun for example_weekday_branch_operator to 2024-12-18T00:00:00+00:00, run_after=2024-12-19T00:00:00+00:00
[2024-12-18 22:18:23,691] {processor.py:161} INFO - Processing /home/patriciacorreia/Documents/airflowalura/venv/lib/python3.9/site-packages/airflow/example_dags/example_branch_day_of_week_operator.py took 0.290 seconds
[2024-12-18 22:19:56,833] {processor.py:153} INFO - Started process (PID=17961) to work on /home/patriciacorreia/Documents/airflowalura/venv/lib/python3.9/site-packages/airflow/example_dags/example_branch_day_of_week_operator.py
[2024-12-18 22:19:56,834] {processor.py:641} INFO - Processing file /home/patriciacorreia/Documents/airflowalura/venv/lib/python3.9/site-packages/airflow/example_dags/example_branch_day_of_week_operator.py for tasks to queue
[2024-12-18 22:19:56,835] {logging_mixin.py:115} INFO - [2024-12-18 22:19:56,835] {dagbag.py:507} INFO - Filling up the DagBag from /home/patriciacorreia/Documents/airflowalura/venv/lib/python3.9/site-packages/airflow/example_dags/example_branch_day_of_week_operator.py
[2024-12-18 22:19:56,847] {processor.py:651} INFO - DAG(s) dict_keys(['example_weekday_branch_operator']) retrieved from /home/patriciacorreia/Documents/airflowalura/venv/lib/python3.9/site-packages/airflow/example_dags/example_branch_day_of_week_operator.py
[2024-12-18 22:19:56,871] {logging_mixin.py:115} INFO - [2024-12-18 22:19:56,871] {dag.py:2379} INFO - Sync 1 DAGs
[2024-12-18 22:19:56,913] {logging_mixin.py:115} INFO - [2024-12-18 22:19:56,913] {dag.py:2927} INFO - Setting next_dagrun for example_weekday_branch_operator to 2024-12-18T00:00:00+00:00, run_after=2024-12-19T00:00:00+00:00
[2024-12-18 22:19:56,939] {processor.py:161} INFO - Processing /home/patriciacorreia/Documents/airflowalura/venv/lib/python3.9/site-packages/airflow/example_dags/example_branch_day_of_week_operator.py took 0.111 seconds
[2024-12-18 22:20:37,511] {processor.py:153} INFO - Started process (PID=18159) to work on /home/patriciacorreia/Documents/airflowalura/venv/lib/python3.9/site-packages/airflow/example_dags/example_branch_day_of_week_operator.py
[2024-12-18 22:20:37,513] {processor.py:641} INFO - Processing file /home/patriciacorreia/Documents/airflowalura/venv/lib/python3.9/site-packages/airflow/example_dags/example_branch_day_of_week_operator.py for tasks to queue
[2024-12-18 22:20:37,515] {logging_mixin.py:115} INFO - [2024-12-18 22:20:37,515] {dagbag.py:507} INFO - Filling up the DagBag from /home/patriciacorreia/Documents/airflowalura/venv/lib/python3.9/site-packages/airflow/example_dags/example_branch_day_of_week_operator.py
[2024-12-18 22:20:37,536] {processor.py:651} INFO - DAG(s) dict_keys(['example_weekday_branch_operator']) retrieved from /home/patriciacorreia/Documents/airflowalura/venv/lib/python3.9/site-packages/airflow/example_dags/example_branch_day_of_week_operator.py
[2024-12-18 22:20:37,576] {logging_mixin.py:115} INFO - [2024-12-18 22:20:37,576] {dag.py:2379} INFO - Sync 1 DAGs
[2024-12-18 22:20:37,630] {logging_mixin.py:115} INFO - [2024-12-18 22:20:37,630] {dag.py:2927} INFO - Setting next_dagrun for example_weekday_branch_operator to 2024-12-18T00:00:00+00:00, run_after=2024-12-19T00:00:00+00:00
[2024-12-18 22:20:37,657] {processor.py:161} INFO - Processing /home/patriciacorreia/Documents/airflowalura/venv/lib/python3.9/site-packages/airflow/example_dags/example_branch_day_of_week_operator.py took 0.153 seconds
[2024-12-18 22:21:23,408] {processor.py:153} INFO - Started process (PID=18376) to work on /home/patriciacorreia/Documents/airflowalura/venv/lib/python3.9/site-packages/airflow/example_dags/example_branch_day_of_week_operator.py
[2024-12-18 22:21:23,410] {processor.py:641} INFO - Processing file /home/patriciacorreia/Documents/airflowalura/venv/lib/python3.9/site-packages/airflow/example_dags/example_branch_day_of_week_operator.py for tasks to queue
[2024-12-18 22:21:23,410] {logging_mixin.py:115} INFO - [2024-12-18 22:21:23,410] {dagbag.py:507} INFO - Filling up the DagBag from /home/patriciacorreia/Documents/airflowalura/venv/lib/python3.9/site-packages/airflow/example_dags/example_branch_day_of_week_operator.py
[2024-12-18 22:21:23,431] {processor.py:651} INFO - DAG(s) dict_keys(['example_weekday_branch_operator']) retrieved from /home/patriciacorreia/Documents/airflowalura/venv/lib/python3.9/site-packages/airflow/example_dags/example_branch_day_of_week_operator.py
[2024-12-18 22:21:23,458] {logging_mixin.py:115} INFO - [2024-12-18 22:21:23,457] {dag.py:2379} INFO - Sync 1 DAGs
[2024-12-18 22:21:23,490] {logging_mixin.py:115} INFO - [2024-12-18 22:21:23,490] {dag.py:2927} INFO - Setting next_dagrun for example_weekday_branch_operator to 2024-12-18T00:00:00+00:00, run_after=2024-12-19T00:00:00+00:00
[2024-12-18 22:21:23,508] {processor.py:161} INFO - Processing /home/patriciacorreia/Documents/airflowalura/venv/lib/python3.9/site-packages/airflow/example_dags/example_branch_day_of_week_operator.py took 0.103 seconds
[2024-12-18 22:22:10,204] {processor.py:153} INFO - Started process (PID=18595) to work on /home/patriciacorreia/Documents/airflowalura/venv/lib/python3.9/site-packages/airflow/example_dags/example_branch_day_of_week_operator.py
[2024-12-18 22:22:10,210] {processor.py:641} INFO - Processing file /home/patriciacorreia/Documents/airflowalura/venv/lib/python3.9/site-packages/airflow/example_dags/example_branch_day_of_week_operator.py for tasks to queue
[2024-12-18 22:22:10,212] {logging_mixin.py:115} INFO - [2024-12-18 22:22:10,212] {dagbag.py:507} INFO - Filling up the DagBag from /home/patriciacorreia/Documents/airflowalura/venv/lib/python3.9/site-packages/airflow/example_dags/example_branch_day_of_week_operator.py
[2024-12-18 22:22:10,235] {processor.py:651} INFO - DAG(s) dict_keys(['example_weekday_branch_operator']) retrieved from /home/patriciacorreia/Documents/airflowalura/venv/lib/python3.9/site-packages/airflow/example_dags/example_branch_day_of_week_operator.py
[2024-12-18 22:22:10,263] {logging_mixin.py:115} INFO - [2024-12-18 22:22:10,263] {dag.py:2379} INFO - Sync 1 DAGs
[2024-12-18 22:22:10,295] {logging_mixin.py:115} INFO - [2024-12-18 22:22:10,295] {dag.py:2927} INFO - Setting next_dagrun for example_weekday_branch_operator to 2024-12-18T00:00:00+00:00, run_after=2024-12-19T00:00:00+00:00
[2024-12-18 22:22:10,313] {processor.py:161} INFO - Processing /home/patriciacorreia/Documents/airflowalura/venv/lib/python3.9/site-packages/airflow/example_dags/example_branch_day_of_week_operator.py took 0.128 seconds
[2024-12-18 22:22:53,663] {processor.py:153} INFO - Started process (PID=18798) to work on /home/patriciacorreia/Documents/airflowalura/venv/lib/python3.9/site-packages/airflow/example_dags/example_branch_day_of_week_operator.py
[2024-12-18 22:22:53,666] {processor.py:641} INFO - Processing file /home/patriciacorreia/Documents/airflowalura/venv/lib/python3.9/site-packages/airflow/example_dags/example_branch_day_of_week_operator.py for tasks to queue
[2024-12-18 22:22:53,669] {logging_mixin.py:115} INFO - [2024-12-18 22:22:53,668] {dagbag.py:507} INFO - Filling up the DagBag from /home/patriciacorreia/Documents/airflowalura/venv/lib/python3.9/site-packages/airflow/example_dags/example_branch_day_of_week_operator.py
[2024-12-18 22:22:53,698] {processor.py:651} INFO - DAG(s) dict_keys(['example_weekday_branch_operator']) retrieved from /home/patriciacorreia/Documents/airflowalura/venv/lib/python3.9/site-packages/airflow/example_dags/example_branch_day_of_week_operator.py
[2024-12-18 22:22:53,758] {logging_mixin.py:115} INFO - [2024-12-18 22:22:53,758] {dag.py:2379} INFO - Sync 1 DAGs
[2024-12-18 22:22:53,820] {logging_mixin.py:115} INFO - [2024-12-18 22:22:53,820] {dag.py:2927} INFO - Setting next_dagrun for example_weekday_branch_operator to 2024-12-18T00:00:00+00:00, run_after=2024-12-19T00:00:00+00:00
[2024-12-18 22:22:53,855] {processor.py:161} INFO - Processing /home/patriciacorreia/Documents/airflowalura/venv/lib/python3.9/site-packages/airflow/example_dags/example_branch_day_of_week_operator.py took 0.201 seconds
[2024-12-18 22:23:36,401] {processor.py:153} INFO - Started process (PID=18996) to work on /home/patriciacorreia/Documents/airflowalura/venv/lib/python3.9/site-packages/airflow/example_dags/example_branch_day_of_week_operator.py
[2024-12-18 22:23:36,407] {processor.py:641} INFO - Processing file /home/patriciacorreia/Documents/airflowalura/venv/lib/python3.9/site-packages/airflow/example_dags/example_branch_day_of_week_operator.py for tasks to queue
[2024-12-18 22:23:36,409] {logging_mixin.py:115} INFO - [2024-12-18 22:23:36,409] {dagbag.py:507} INFO - Filling up the DagBag from /home/patriciacorreia/Documents/airflowalura/venv/lib/python3.9/site-packages/airflow/example_dags/example_branch_day_of_week_operator.py
[2024-12-18 22:23:36,457] {processor.py:651} INFO - DAG(s) dict_keys(['example_weekday_branch_operator']) retrieved from /home/patriciacorreia/Documents/airflowalura/venv/lib/python3.9/site-packages/airflow/example_dags/example_branch_day_of_week_operator.py
[2024-12-18 22:23:36,488] {logging_mixin.py:115} INFO - [2024-12-18 22:23:36,488] {dag.py:2379} INFO - Sync 1 DAGs
[2024-12-18 22:23:36,519] {logging_mixin.py:115} INFO - [2024-12-18 22:23:36,519] {dag.py:2927} INFO - Setting next_dagrun for example_weekday_branch_operator to 2024-12-18T00:00:00+00:00, run_after=2024-12-19T00:00:00+00:00
[2024-12-18 22:23:36,548] {processor.py:161} INFO - Processing /home/patriciacorreia/Documents/airflowalura/venv/lib/python3.9/site-packages/airflow/example_dags/example_branch_day_of_week_operator.py took 0.166 seconds
[2024-12-18 22:24:23,761] {processor.py:153} INFO - Started process (PID=19214) to work on /home/patriciacorreia/Documents/airflowalura/venv/lib/python3.9/site-packages/airflow/example_dags/example_branch_day_of_week_operator.py
[2024-12-18 22:24:23,763] {processor.py:641} INFO - Processing file /home/patriciacorreia/Documents/airflowalura/venv/lib/python3.9/site-packages/airflow/example_dags/example_branch_day_of_week_operator.py for tasks to queue
[2024-12-18 22:24:23,763] {logging_mixin.py:115} INFO - [2024-12-18 22:24:23,763] {dagbag.py:507} INFO - Filling up the DagBag from /home/patriciacorreia/Documents/airflowalura/venv/lib/python3.9/site-packages/airflow/example_dags/example_branch_day_of_week_operator.py
[2024-12-18 22:24:23,778] {processor.py:651} INFO - DAG(s) dict_keys(['example_weekday_branch_operator']) retrieved from /home/patriciacorreia/Documents/airflowalura/venv/lib/python3.9/site-packages/airflow/example_dags/example_branch_day_of_week_operator.py
[2024-12-18 22:24:23,801] {logging_mixin.py:115} INFO - [2024-12-18 22:24:23,801] {dag.py:2379} INFO - Sync 1 DAGs
[2024-12-18 22:24:23,833] {logging_mixin.py:115} INFO - [2024-12-18 22:24:23,833] {dag.py:2927} INFO - Setting next_dagrun for example_weekday_branch_operator to 2024-12-18T00:00:00+00:00, run_after=2024-12-19T00:00:00+00:00
[2024-12-18 22:24:23,854] {processor.py:161} INFO - Processing /home/patriciacorreia/Documents/airflowalura/venv/lib/python3.9/site-packages/airflow/example_dags/example_branch_day_of_week_operator.py took 0.097 seconds
[2024-12-18 22:25:10,143] {processor.py:153} INFO - Started process (PID=19465) to work on /home/patriciacorreia/Documents/airflowalura/venv/lib/python3.9/site-packages/airflow/example_dags/example_branch_day_of_week_operator.py
[2024-12-18 22:25:10,145] {processor.py:641} INFO - Processing file /home/patriciacorreia/Documents/airflowalura/venv/lib/python3.9/site-packages/airflow/example_dags/example_branch_day_of_week_operator.py for tasks to queue
[2024-12-18 22:25:10,146] {logging_mixin.py:115} INFO - [2024-12-18 22:25:10,146] {dagbag.py:507} INFO - Filling up the DagBag from /home/patriciacorreia/Documents/airflowalura/venv/lib/python3.9/site-packages/airflow/example_dags/example_branch_day_of_week_operator.py
[2024-12-18 22:25:10,161] {processor.py:651} INFO - DAG(s) dict_keys(['example_weekday_branch_operator']) retrieved from /home/patriciacorreia/Documents/airflowalura/venv/lib/python3.9/site-packages/airflow/example_dags/example_branch_day_of_week_operator.py
[2024-12-18 22:25:10,187] {logging_mixin.py:115} INFO - [2024-12-18 22:25:10,187] {dag.py:2379} INFO - Sync 1 DAGs
[2024-12-18 22:25:10,217] {logging_mixin.py:115} INFO - [2024-12-18 22:25:10,217] {dag.py:2927} INFO - Setting next_dagrun for example_weekday_branch_operator to 2024-12-18T00:00:00+00:00, run_after=2024-12-19T00:00:00+00:00
[2024-12-18 22:25:10,233] {processor.py:161} INFO - Processing /home/patriciacorreia/Documents/airflowalura/venv/lib/python3.9/site-packages/airflow/example_dags/example_branch_day_of_week_operator.py took 0.097 seconds
[2024-12-18 22:26:02,186] {processor.py:153} INFO - Started process (PID=19697) to work on /home/patriciacorreia/Documents/airflowalura/venv/lib/python3.9/site-packages/airflow/example_dags/example_branch_day_of_week_operator.py
[2024-12-18 22:26:02,188] {processor.py:641} INFO - Processing file /home/patriciacorreia/Documents/airflowalura/venv/lib/python3.9/site-packages/airflow/example_dags/example_branch_day_of_week_operator.py for tasks to queue
[2024-12-18 22:26:02,189] {logging_mixin.py:115} INFO - [2024-12-18 22:26:02,189] {dagbag.py:507} INFO - Filling up the DagBag from /home/patriciacorreia/Documents/airflowalura/venv/lib/python3.9/site-packages/airflow/example_dags/example_branch_day_of_week_operator.py
[2024-12-18 22:26:02,209] {processor.py:651} INFO - DAG(s) dict_keys(['example_weekday_branch_operator']) retrieved from /home/patriciacorreia/Documents/airflowalura/venv/lib/python3.9/site-packages/airflow/example_dags/example_branch_day_of_week_operator.py
[2024-12-18 22:26:02,250] {logging_mixin.py:115} INFO - [2024-12-18 22:26:02,250] {dag.py:2379} INFO - Sync 1 DAGs
[2024-12-18 22:26:02,309] {logging_mixin.py:115} INFO - [2024-12-18 22:26:02,309] {dag.py:2927} INFO - Setting next_dagrun for example_weekday_branch_operator to 2024-12-18T00:00:00+00:00, run_after=2024-12-19T00:00:00+00:00
[2024-12-18 22:26:02,339] {processor.py:161} INFO - Processing /home/patriciacorreia/Documents/airflowalura/venv/lib/python3.9/site-packages/airflow/example_dags/example_branch_day_of_week_operator.py took 0.159 seconds
[2024-12-18 22:26:42,550] {processor.py:153} INFO - Started process (PID=19876) to work on /home/patriciacorreia/Documents/airflowalura/venv/lib/python3.9/site-packages/airflow/example_dags/example_branch_day_of_week_operator.py
[2024-12-18 22:26:42,555] {processor.py:641} INFO - Processing file /home/patriciacorreia/Documents/airflowalura/venv/lib/python3.9/site-packages/airflow/example_dags/example_branch_day_of_week_operator.py for tasks to queue
[2024-12-18 22:26:42,558] {logging_mixin.py:115} INFO - [2024-12-18 22:26:42,558] {dagbag.py:507} INFO - Filling up the DagBag from /home/patriciacorreia/Documents/airflowalura/venv/lib/python3.9/site-packages/airflow/example_dags/example_branch_day_of_week_operator.py
[2024-12-18 22:26:42,605] {processor.py:651} INFO - DAG(s) dict_keys(['example_weekday_branch_operator']) retrieved from /home/patriciacorreia/Documents/airflowalura/venv/lib/python3.9/site-packages/airflow/example_dags/example_branch_day_of_week_operator.py
[2024-12-18 22:26:42,665] {logging_mixin.py:115} INFO - [2024-12-18 22:26:42,665] {dag.py:2379} INFO - Sync 1 DAGs
[2024-12-18 22:26:42,741] {logging_mixin.py:115} INFO - [2024-12-18 22:26:42,741] {dag.py:2927} INFO - Setting next_dagrun for example_weekday_branch_operator to 2024-12-18T00:00:00+00:00, run_after=2024-12-19T00:00:00+00:00
[2024-12-18 22:26:42,769] {processor.py:161} INFO - Processing /home/patriciacorreia/Documents/airflowalura/venv/lib/python3.9/site-packages/airflow/example_dags/example_branch_day_of_week_operator.py took 0.241 seconds
[2024-12-18 22:27:25,856] {processor.py:153} INFO - Started process (PID=20069) to work on /home/patriciacorreia/Documents/airflowalura/venv/lib/python3.9/site-packages/airflow/example_dags/example_branch_day_of_week_operator.py
[2024-12-18 22:27:25,859] {processor.py:641} INFO - Processing file /home/patriciacorreia/Documents/airflowalura/venv/lib/python3.9/site-packages/airflow/example_dags/example_branch_day_of_week_operator.py for tasks to queue
[2024-12-18 22:27:25,861] {logging_mixin.py:115} INFO - [2024-12-18 22:27:25,861] {dagbag.py:507} INFO - Filling up the DagBag from /home/patriciacorreia/Documents/airflowalura/venv/lib/python3.9/site-packages/airflow/example_dags/example_branch_day_of_week_operator.py
[2024-12-18 22:27:25,893] {processor.py:651} INFO - DAG(s) dict_keys(['example_weekday_branch_operator']) retrieved from /home/patriciacorreia/Documents/airflowalura/venv/lib/python3.9/site-packages/airflow/example_dags/example_branch_day_of_week_operator.py
[2024-12-18 22:27:25,972] {logging_mixin.py:115} INFO - [2024-12-18 22:27:25,971] {dag.py:2379} INFO - Sync 1 DAGs
[2024-12-18 22:27:26,045] {logging_mixin.py:115} INFO - [2024-12-18 22:27:26,045] {dag.py:2927} INFO - Setting next_dagrun for example_weekday_branch_operator to 2024-12-18T00:00:00+00:00, run_after=2024-12-19T00:00:00+00:00
[2024-12-18 22:27:26,065] {processor.py:161} INFO - Processing /home/patriciacorreia/Documents/airflowalura/venv/lib/python3.9/site-packages/airflow/example_dags/example_branch_day_of_week_operator.py took 0.221 seconds
[2024-12-18 22:28:05,522] {processor.py:153} INFO - Started process (PID=20274) to work on /home/patriciacorreia/Documents/airflowalura/venv/lib/python3.9/site-packages/airflow/example_dags/example_branch_day_of_week_operator.py
[2024-12-18 22:28:05,525] {processor.py:641} INFO - Processing file /home/patriciacorreia/Documents/airflowalura/venv/lib/python3.9/site-packages/airflow/example_dags/example_branch_day_of_week_operator.py for tasks to queue
[2024-12-18 22:28:05,527] {logging_mixin.py:115} INFO - [2024-12-18 22:28:05,527] {dagbag.py:507} INFO - Filling up the DagBag from /home/patriciacorreia/Documents/airflowalura/venv/lib/python3.9/site-packages/airflow/example_dags/example_branch_day_of_week_operator.py
[2024-12-18 22:28:05,555] {processor.py:651} INFO - DAG(s) dict_keys(['example_weekday_branch_operator']) retrieved from /home/patriciacorreia/Documents/airflowalura/venv/lib/python3.9/site-packages/airflow/example_dags/example_branch_day_of_week_operator.py
[2024-12-18 22:28:05,609] {logging_mixin.py:115} INFO - [2024-12-18 22:28:05,609] {dag.py:2379} INFO - Sync 1 DAGs
[2024-12-18 22:28:05,674] {logging_mixin.py:115} INFO - [2024-12-18 22:28:05,673] {dag.py:2927} INFO - Setting next_dagrun for example_weekday_branch_operator to 2024-12-18T00:00:00+00:00, run_after=2024-12-19T00:00:00+00:00
[2024-12-18 22:28:05,696] {processor.py:161} INFO - Processing /home/patriciacorreia/Documents/airflowalura/venv/lib/python3.9/site-packages/airflow/example_dags/example_branch_day_of_week_operator.py took 0.187 seconds
[2024-12-18 22:28:49,291] {processor.py:153} INFO - Started process (PID=20483) to work on /home/patriciacorreia/Documents/airflowalura/venv/lib/python3.9/site-packages/airflow/example_dags/example_branch_day_of_week_operator.py
[2024-12-18 22:28:49,293] {processor.py:641} INFO - Processing file /home/patriciacorreia/Documents/airflowalura/venv/lib/python3.9/site-packages/airflow/example_dags/example_branch_day_of_week_operator.py for tasks to queue
[2024-12-18 22:28:49,294] {logging_mixin.py:115} INFO - [2024-12-18 22:28:49,294] {dagbag.py:507} INFO - Filling up the DagBag from /home/patriciacorreia/Documents/airflowalura/venv/lib/python3.9/site-packages/airflow/example_dags/example_branch_day_of_week_operator.py
[2024-12-18 22:28:49,307] {processor.py:651} INFO - DAG(s) dict_keys(['example_weekday_branch_operator']) retrieved from /home/patriciacorreia/Documents/airflowalura/venv/lib/python3.9/site-packages/airflow/example_dags/example_branch_day_of_week_operator.py
[2024-12-18 22:28:49,329] {logging_mixin.py:115} INFO - [2024-12-18 22:28:49,329] {dag.py:2379} INFO - Sync 1 DAGs
[2024-12-18 22:28:49,355] {logging_mixin.py:115} INFO - [2024-12-18 22:28:49,355] {dag.py:2927} INFO - Setting next_dagrun for example_weekday_branch_operator to 2024-12-18T00:00:00+00:00, run_after=2024-12-19T00:00:00+00:00
[2024-12-18 22:28:49,371] {processor.py:161} INFO - Processing /home/patriciacorreia/Documents/airflowalura/venv/lib/python3.9/site-packages/airflow/example_dags/example_branch_day_of_week_operator.py took 0.088 seconds
[2024-12-18 22:29:30,032] {processor.py:153} INFO - Started process (PID=20689) to work on /home/patriciacorreia/Documents/airflowalura/venv/lib/python3.9/site-packages/airflow/example_dags/example_branch_day_of_week_operator.py
[2024-12-18 22:29:30,034] {processor.py:641} INFO - Processing file /home/patriciacorreia/Documents/airflowalura/venv/lib/python3.9/site-packages/airflow/example_dags/example_branch_day_of_week_operator.py for tasks to queue
[2024-12-18 22:29:30,034] {logging_mixin.py:115} INFO - [2024-12-18 22:29:30,034] {dagbag.py:507} INFO - Filling up the DagBag from /home/patriciacorreia/Documents/airflowalura/venv/lib/python3.9/site-packages/airflow/example_dags/example_branch_day_of_week_operator.py
[2024-12-18 22:29:30,048] {processor.py:651} INFO - DAG(s) dict_keys(['example_weekday_branch_operator']) retrieved from /home/patriciacorreia/Documents/airflowalura/venv/lib/python3.9/site-packages/airflow/example_dags/example_branch_day_of_week_operator.py
[2024-12-18 22:29:30,082] {logging_mixin.py:115} INFO - [2024-12-18 22:29:30,082] {dag.py:2379} INFO - Sync 1 DAGs
[2024-12-18 22:29:30,112] {logging_mixin.py:115} INFO - [2024-12-18 22:29:30,112] {dag.py:2927} INFO - Setting next_dagrun for example_weekday_branch_operator to 2024-12-18T00:00:00+00:00, run_after=2024-12-19T00:00:00+00:00
[2024-12-18 22:29:30,127] {processor.py:161} INFO - Processing /home/patriciacorreia/Documents/airflowalura/venv/lib/python3.9/site-packages/airflow/example_dags/example_branch_day_of_week_operator.py took 0.099 seconds
[2024-12-18 22:30:12,210] {processor.py:153} INFO - Started process (PID=20915) to work on /home/patriciacorreia/Documents/airflowalura/venv/lib/python3.9/site-packages/airflow/example_dags/example_branch_day_of_week_operator.py
[2024-12-18 22:30:12,211] {processor.py:641} INFO - Processing file /home/patriciacorreia/Documents/airflowalura/venv/lib/python3.9/site-packages/airflow/example_dags/example_branch_day_of_week_operator.py for tasks to queue
[2024-12-18 22:30:12,213] {logging_mixin.py:115} INFO - [2024-12-18 22:30:12,212] {dagbag.py:507} INFO - Filling up the DagBag from /home/patriciacorreia/Documents/airflowalura/venv/lib/python3.9/site-packages/airflow/example_dags/example_branch_day_of_week_operator.py
[2024-12-18 22:30:12,235] {processor.py:651} INFO - DAG(s) dict_keys(['example_weekday_branch_operator']) retrieved from /home/patriciacorreia/Documents/airflowalura/venv/lib/python3.9/site-packages/airflow/example_dags/example_branch_day_of_week_operator.py
[2024-12-18 22:30:12,271] {logging_mixin.py:115} INFO - [2024-12-18 22:30:12,271] {dag.py:2379} INFO - Sync 1 DAGs
[2024-12-18 22:30:12,327] {logging_mixin.py:115} INFO - [2024-12-18 22:30:12,327] {dag.py:2927} INFO - Setting next_dagrun for example_weekday_branch_operator to 2024-12-18T00:00:00+00:00, run_after=2024-12-19T00:00:00+00:00
[2024-12-18 22:30:12,352] {processor.py:161} INFO - Processing /home/patriciacorreia/Documents/airflowalura/venv/lib/python3.9/site-packages/airflow/example_dags/example_branch_day_of_week_operator.py took 0.150 seconds
[2024-12-18 22:30:54,481] {processor.py:153} INFO - Started process (PID=21136) to work on /home/patriciacorreia/Documents/airflowalura/venv/lib/python3.9/site-packages/airflow/example_dags/example_branch_day_of_week_operator.py
[2024-12-18 22:30:54,483] {processor.py:641} INFO - Processing file /home/patriciacorreia/Documents/airflowalura/venv/lib/python3.9/site-packages/airflow/example_dags/example_branch_day_of_week_operator.py for tasks to queue
[2024-12-18 22:30:54,484] {logging_mixin.py:115} INFO - [2024-12-18 22:30:54,484] {dagbag.py:507} INFO - Filling up the DagBag from /home/patriciacorreia/Documents/airflowalura/venv/lib/python3.9/site-packages/airflow/example_dags/example_branch_day_of_week_operator.py
[2024-12-18 22:30:54,506] {processor.py:651} INFO - DAG(s) dict_keys(['example_weekday_branch_operator']) retrieved from /home/patriciacorreia/Documents/airflowalura/venv/lib/python3.9/site-packages/airflow/example_dags/example_branch_day_of_week_operator.py
[2024-12-18 22:30:54,545] {logging_mixin.py:115} INFO - [2024-12-18 22:30:54,545] {dag.py:2379} INFO - Sync 1 DAGs
[2024-12-18 22:30:54,602] {logging_mixin.py:115} INFO - [2024-12-18 22:30:54,602] {dag.py:2927} INFO - Setting next_dagrun for example_weekday_branch_operator to 2024-12-18T00:00:00+00:00, run_after=2024-12-19T00:00:00+00:00
[2024-12-18 22:30:54,630] {processor.py:161} INFO - Processing /home/patriciacorreia/Documents/airflowalura/venv/lib/python3.9/site-packages/airflow/example_dags/example_branch_day_of_week_operator.py took 0.157 seconds
[2024-12-18 22:31:33,834] {processor.py:153} INFO - Started process (PID=21338) to work on /home/patriciacorreia/Documents/airflowalura/venv/lib/python3.9/site-packages/airflow/example_dags/example_branch_day_of_week_operator.py
[2024-12-18 22:31:33,837] {processor.py:641} INFO - Processing file /home/patriciacorreia/Documents/airflowalura/venv/lib/python3.9/site-packages/airflow/example_dags/example_branch_day_of_week_operator.py for tasks to queue
[2024-12-18 22:31:33,840] {logging_mixin.py:115} INFO - [2024-12-18 22:31:33,839] {dagbag.py:507} INFO - Filling up the DagBag from /home/patriciacorreia/Documents/airflowalura/venv/lib/python3.9/site-packages/airflow/example_dags/example_branch_day_of_week_operator.py
[2024-12-18 22:31:33,872] {processor.py:651} INFO - DAG(s) dict_keys(['example_weekday_branch_operator']) retrieved from /home/patriciacorreia/Documents/airflowalura/venv/lib/python3.9/site-packages/airflow/example_dags/example_branch_day_of_week_operator.py
[2024-12-18 22:31:33,927] {logging_mixin.py:115} INFO - [2024-12-18 22:31:33,927] {dag.py:2379} INFO - Sync 1 DAGs
[2024-12-18 22:31:33,996] {logging_mixin.py:115} INFO - [2024-12-18 22:31:33,996] {dag.py:2927} INFO - Setting next_dagrun for example_weekday_branch_operator to 2024-12-18T00:00:00+00:00, run_after=2024-12-19T00:00:00+00:00
[2024-12-18 22:31:34,023] {processor.py:161} INFO - Processing /home/patriciacorreia/Documents/airflowalura/venv/lib/python3.9/site-packages/airflow/example_dags/example_branch_day_of_week_operator.py took 0.200 seconds
[2024-12-18 22:32:16,888] {processor.py:153} INFO - Started process (PID=21552) to work on /home/patriciacorreia/Documents/airflowalura/venv/lib/python3.9/site-packages/airflow/example_dags/example_branch_day_of_week_operator.py
[2024-12-18 22:32:16,891] {processor.py:641} INFO - Processing file /home/patriciacorreia/Documents/airflowalura/venv/lib/python3.9/site-packages/airflow/example_dags/example_branch_day_of_week_operator.py for tasks to queue
[2024-12-18 22:32:16,893] {logging_mixin.py:115} INFO - [2024-12-18 22:32:16,893] {dagbag.py:507} INFO - Filling up the DagBag from /home/patriciacorreia/Documents/airflowalura/venv/lib/python3.9/site-packages/airflow/example_dags/example_branch_day_of_week_operator.py
[2024-12-18 22:32:16,922] {processor.py:651} INFO - DAG(s) dict_keys(['example_weekday_branch_operator']) retrieved from /home/patriciacorreia/Documents/airflowalura/venv/lib/python3.9/site-packages/airflow/example_dags/example_branch_day_of_week_operator.py
[2024-12-18 22:32:16,969] {logging_mixin.py:115} INFO - [2024-12-18 22:32:16,969] {dag.py:2379} INFO - Sync 1 DAGs
[2024-12-18 22:32:17,011] {logging_mixin.py:115} INFO - [2024-12-18 22:32:17,010] {dag.py:2927} INFO - Setting next_dagrun for example_weekday_branch_operator to 2024-12-18T00:00:00+00:00, run_after=2024-12-19T00:00:00+00:00
[2024-12-18 22:32:17,033] {processor.py:161} INFO - Processing /home/patriciacorreia/Documents/airflowalura/venv/lib/python3.9/site-packages/airflow/example_dags/example_branch_day_of_week_operator.py took 0.157 seconds
[2024-12-18 22:32:59,003] {processor.py:153} INFO - Started process (PID=21757) to work on /home/patriciacorreia/Documents/airflowalura/venv/lib/python3.9/site-packages/airflow/example_dags/example_branch_day_of_week_operator.py
[2024-12-18 22:32:59,007] {processor.py:641} INFO - Processing file /home/patriciacorreia/Documents/airflowalura/venv/lib/python3.9/site-packages/airflow/example_dags/example_branch_day_of_week_operator.py for tasks to queue
[2024-12-18 22:32:59,009] {logging_mixin.py:115} INFO - [2024-12-18 22:32:59,009] {dagbag.py:507} INFO - Filling up the DagBag from /home/patriciacorreia/Documents/airflowalura/venv/lib/python3.9/site-packages/airflow/example_dags/example_branch_day_of_week_operator.py
[2024-12-18 22:32:59,049] {processor.py:651} INFO - DAG(s) dict_keys(['example_weekday_branch_operator']) retrieved from /home/patriciacorreia/Documents/airflowalura/venv/lib/python3.9/site-packages/airflow/example_dags/example_branch_day_of_week_operator.py
[2024-12-18 22:32:59,123] {logging_mixin.py:115} INFO - [2024-12-18 22:32:59,123] {dag.py:2379} INFO - Sync 1 DAGs
[2024-12-18 22:32:59,222] {logging_mixin.py:115} INFO - [2024-12-18 22:32:59,222] {dag.py:2927} INFO - Setting next_dagrun for example_weekday_branch_operator to 2024-12-18T00:00:00+00:00, run_after=2024-12-19T00:00:00+00:00
[2024-12-18 22:32:59,280] {processor.py:161} INFO - Processing /home/patriciacorreia/Documents/airflowalura/venv/lib/python3.9/site-packages/airflow/example_dags/example_branch_day_of_week_operator.py took 0.292 seconds
[2024-12-18 22:33:45,179] {processor.py:153} INFO - Started process (PID=21963) to work on /home/patriciacorreia/Documents/airflowalura/venv/lib/python3.9/site-packages/airflow/example_dags/example_branch_day_of_week_operator.py
[2024-12-18 22:33:45,184] {processor.py:641} INFO - Processing file /home/patriciacorreia/Documents/airflowalura/venv/lib/python3.9/site-packages/airflow/example_dags/example_branch_day_of_week_operator.py for tasks to queue
[2024-12-18 22:33:45,188] {logging_mixin.py:115} INFO - [2024-12-18 22:33:45,187] {dagbag.py:507} INFO - Filling up the DagBag from /home/patriciacorreia/Documents/airflowalura/venv/lib/python3.9/site-packages/airflow/example_dags/example_branch_day_of_week_operator.py
[2024-12-18 22:33:45,233] {processor.py:651} INFO - DAG(s) dict_keys(['example_weekday_branch_operator']) retrieved from /home/patriciacorreia/Documents/airflowalura/venv/lib/python3.9/site-packages/airflow/example_dags/example_branch_day_of_week_operator.py
[2024-12-18 22:33:45,324] {logging_mixin.py:115} INFO - [2024-12-18 22:33:45,324] {dag.py:2379} INFO - Sync 1 DAGs
[2024-12-18 22:33:45,367] {logging_mixin.py:115} INFO - [2024-12-18 22:33:45,366] {dag.py:2927} INFO - Setting next_dagrun for example_weekday_branch_operator to 2024-12-18T00:00:00+00:00, run_after=2024-12-19T00:00:00+00:00
[2024-12-18 22:33:45,387] {processor.py:161} INFO - Processing /home/patriciacorreia/Documents/airflowalura/venv/lib/python3.9/site-packages/airflow/example_dags/example_branch_day_of_week_operator.py took 0.229 seconds
[2024-12-18 22:34:33,098] {processor.py:153} INFO - Started process (PID=22176) to work on /home/patriciacorreia/Documents/airflowalura/venv/lib/python3.9/site-packages/airflow/example_dags/example_branch_day_of_week_operator.py
[2024-12-18 22:34:33,100] {processor.py:641} INFO - Processing file /home/patriciacorreia/Documents/airflowalura/venv/lib/python3.9/site-packages/airflow/example_dags/example_branch_day_of_week_operator.py for tasks to queue
[2024-12-18 22:34:33,102] {logging_mixin.py:115} INFO - [2024-12-18 22:34:33,102] {dagbag.py:507} INFO - Filling up the DagBag from /home/patriciacorreia/Documents/airflowalura/venv/lib/python3.9/site-packages/airflow/example_dags/example_branch_day_of_week_operator.py
[2024-12-18 22:34:33,127] {processor.py:651} INFO - DAG(s) dict_keys(['example_weekday_branch_operator']) retrieved from /home/patriciacorreia/Documents/airflowalura/venv/lib/python3.9/site-packages/airflow/example_dags/example_branch_day_of_week_operator.py
[2024-12-18 22:34:33,167] {logging_mixin.py:115} INFO - [2024-12-18 22:34:33,167] {dag.py:2379} INFO - Sync 1 DAGs
[2024-12-18 22:34:33,223] {logging_mixin.py:115} INFO - [2024-12-18 22:34:33,223] {dag.py:2927} INFO - Setting next_dagrun for example_weekday_branch_operator to 2024-12-18T00:00:00+00:00, run_after=2024-12-19T00:00:00+00:00
[2024-12-18 22:34:33,257] {processor.py:161} INFO - Processing /home/patriciacorreia/Documents/airflowalura/venv/lib/python3.9/site-packages/airflow/example_dags/example_branch_day_of_week_operator.py took 0.169 seconds
[2024-12-18 22:35:25,913] {processor.py:153} INFO - Started process (PID=22414) to work on /home/patriciacorreia/Documents/airflowalura/venv/lib/python3.9/site-packages/airflow/example_dags/example_branch_day_of_week_operator.py
[2024-12-18 22:35:25,916] {processor.py:641} INFO - Processing file /home/patriciacorreia/Documents/airflowalura/venv/lib/python3.9/site-packages/airflow/example_dags/example_branch_day_of_week_operator.py for tasks to queue
[2024-12-18 22:35:25,920] {logging_mixin.py:115} INFO - [2024-12-18 22:35:25,920] {dagbag.py:507} INFO - Filling up the DagBag from /home/patriciacorreia/Documents/airflowalura/venv/lib/python3.9/site-packages/airflow/example_dags/example_branch_day_of_week_operator.py
[2024-12-18 22:35:25,949] {processor.py:651} INFO - DAG(s) dict_keys(['example_weekday_branch_operator']) retrieved from /home/patriciacorreia/Documents/airflowalura/venv/lib/python3.9/site-packages/airflow/example_dags/example_branch_day_of_week_operator.py
[2024-12-18 22:35:25,978] {logging_mixin.py:115} INFO - [2024-12-18 22:35:25,978] {dag.py:2379} INFO - Sync 1 DAGs
[2024-12-18 22:35:26,012] {logging_mixin.py:115} INFO - [2024-12-18 22:35:26,012] {dag.py:2927} INFO - Setting next_dagrun for example_weekday_branch_operator to 2024-12-18T00:00:00+00:00, run_after=2024-12-19T00:00:00+00:00
[2024-12-18 22:35:26,032] {processor.py:161} INFO - Processing /home/patriciacorreia/Documents/airflowalura/venv/lib/python3.9/site-packages/airflow/example_dags/example_branch_day_of_week_operator.py took 0.135 seconds
[2024-12-18 22:36:15,221] {processor.py:153} INFO - Started process (PID=22640) to work on /home/patriciacorreia/Documents/airflowalura/venv/lib/python3.9/site-packages/airflow/example_dags/example_branch_day_of_week_operator.py
[2024-12-18 22:36:15,225] {processor.py:641} INFO - Processing file /home/patriciacorreia/Documents/airflowalura/venv/lib/python3.9/site-packages/airflow/example_dags/example_branch_day_of_week_operator.py for tasks to queue
[2024-12-18 22:36:15,228] {logging_mixin.py:115} INFO - [2024-12-18 22:36:15,227] {dagbag.py:507} INFO - Filling up the DagBag from /home/patriciacorreia/Documents/airflowalura/venv/lib/python3.9/site-packages/airflow/example_dags/example_branch_day_of_week_operator.py
[2024-12-18 22:36:15,265] {processor.py:651} INFO - DAG(s) dict_keys(['example_weekday_branch_operator']) retrieved from /home/patriciacorreia/Documents/airflowalura/venv/lib/python3.9/site-packages/airflow/example_dags/example_branch_day_of_week_operator.py
[2024-12-18 22:36:15,342] {logging_mixin.py:115} INFO - [2024-12-18 22:36:15,341] {dag.py:2379} INFO - Sync 1 DAGs
[2024-12-18 22:36:15,442] {logging_mixin.py:115} INFO - [2024-12-18 22:36:15,441] {dag.py:2927} INFO - Setting next_dagrun for example_weekday_branch_operator to 2024-12-18T00:00:00+00:00, run_after=2024-12-19T00:00:00+00:00
[2024-12-18 22:36:15,503] {processor.py:161} INFO - Processing /home/patriciacorreia/Documents/airflowalura/venv/lib/python3.9/site-packages/airflow/example_dags/example_branch_day_of_week_operator.py took 0.297 seconds
[2024-12-18 22:37:08,845] {processor.py:153} INFO - Started process (PID=22876) to work on /home/patriciacorreia/Documents/airflowalura/venv/lib/python3.9/site-packages/airflow/example_dags/example_branch_day_of_week_operator.py
[2024-12-18 22:37:08,849] {processor.py:641} INFO - Processing file /home/patriciacorreia/Documents/airflowalura/venv/lib/python3.9/site-packages/airflow/example_dags/example_branch_day_of_week_operator.py for tasks to queue
[2024-12-18 22:37:08,853] {logging_mixin.py:115} INFO - [2024-12-18 22:37:08,853] {dagbag.py:507} INFO - Filling up the DagBag from /home/patriciacorreia/Documents/airflowalura/venv/lib/python3.9/site-packages/airflow/example_dags/example_branch_day_of_week_operator.py
[2024-12-18 22:37:08,903] {processor.py:651} INFO - DAG(s) dict_keys(['example_weekday_branch_operator']) retrieved from /home/patriciacorreia/Documents/airflowalura/venv/lib/python3.9/site-packages/airflow/example_dags/example_branch_day_of_week_operator.py
[2024-12-18 22:37:08,988] {logging_mixin.py:115} INFO - [2024-12-18 22:37:08,987] {dag.py:2379} INFO - Sync 1 DAGs
[2024-12-18 22:37:09,095] {logging_mixin.py:115} INFO - [2024-12-18 22:37:09,095] {dag.py:2927} INFO - Setting next_dagrun for example_weekday_branch_operator to 2024-12-18T00:00:00+00:00, run_after=2024-12-19T00:00:00+00:00
[2024-12-18 22:37:09,158] {processor.py:161} INFO - Processing /home/patriciacorreia/Documents/airflowalura/venv/lib/python3.9/site-packages/airflow/example_dags/example_branch_day_of_week_operator.py took 0.332 seconds
[2024-12-18 22:37:52,229] {processor.py:153} INFO - Started process (PID=23068) to work on /home/patriciacorreia/Documents/airflowalura/venv/lib/python3.9/site-packages/airflow/example_dags/example_branch_day_of_week_operator.py
[2024-12-18 22:37:52,232] {processor.py:641} INFO - Processing file /home/patriciacorreia/Documents/airflowalura/venv/lib/python3.9/site-packages/airflow/example_dags/example_branch_day_of_week_operator.py for tasks to queue
[2024-12-18 22:37:52,234] {logging_mixin.py:115} INFO - [2024-12-18 22:37:52,234] {dagbag.py:507} INFO - Filling up the DagBag from /home/patriciacorreia/Documents/airflowalura/venv/lib/python3.9/site-packages/airflow/example_dags/example_branch_day_of_week_operator.py
[2024-12-18 22:37:52,276] {processor.py:651} INFO - DAG(s) dict_keys(['example_weekday_branch_operator']) retrieved from /home/patriciacorreia/Documents/airflowalura/venv/lib/python3.9/site-packages/airflow/example_dags/example_branch_day_of_week_operator.py
[2024-12-18 22:37:52,414] {logging_mixin.py:115} INFO - [2024-12-18 22:37:52,413] {dag.py:2379} INFO - Sync 1 DAGs
[2024-12-18 22:37:52,467] {logging_mixin.py:115} INFO - [2024-12-18 22:37:52,467] {dag.py:2927} INFO - Setting next_dagrun for example_weekday_branch_operator to 2024-12-18T00:00:00+00:00, run_after=2024-12-19T00:00:00+00:00
[2024-12-18 22:37:52,491] {processor.py:161} INFO - Processing /home/patriciacorreia/Documents/airflowalura/venv/lib/python3.9/site-packages/airflow/example_dags/example_branch_day_of_week_operator.py took 0.278 seconds
[2024-12-18 22:38:34,851] {processor.py:153} INFO - Started process (PID=23266) to work on /home/patriciacorreia/Documents/airflowalura/venv/lib/python3.9/site-packages/airflow/example_dags/example_branch_day_of_week_operator.py
[2024-12-18 22:38:34,852] {processor.py:641} INFO - Processing file /home/patriciacorreia/Documents/airflowalura/venv/lib/python3.9/site-packages/airflow/example_dags/example_branch_day_of_week_operator.py for tasks to queue
[2024-12-18 22:38:34,853] {logging_mixin.py:115} INFO - [2024-12-18 22:38:34,853] {dagbag.py:507} INFO - Filling up the DagBag from /home/patriciacorreia/Documents/airflowalura/venv/lib/python3.9/site-packages/airflow/example_dags/example_branch_day_of_week_operator.py
[2024-12-18 22:38:34,867] {processor.py:651} INFO - DAG(s) dict_keys(['example_weekday_branch_operator']) retrieved from /home/patriciacorreia/Documents/airflowalura/venv/lib/python3.9/site-packages/airflow/example_dags/example_branch_day_of_week_operator.py
[2024-12-18 22:38:34,897] {logging_mixin.py:115} INFO - [2024-12-18 22:38:34,897] {dag.py:2379} INFO - Sync 1 DAGs
[2024-12-18 22:38:34,933] {logging_mixin.py:115} INFO - [2024-12-18 22:38:34,933] {dag.py:2927} INFO - Setting next_dagrun for example_weekday_branch_operator to 2024-12-18T00:00:00+00:00, run_after=2024-12-19T00:00:00+00:00
[2024-12-18 22:38:34,955] {processor.py:161} INFO - Processing /home/patriciacorreia/Documents/airflowalura/venv/lib/python3.9/site-packages/airflow/example_dags/example_branch_day_of_week_operator.py took 0.110 seconds
[2024-12-18 22:39:24,002] {processor.py:153} INFO - Started process (PID=23491) to work on /home/patriciacorreia/Documents/airflowalura/venv/lib/python3.9/site-packages/airflow/example_dags/example_branch_day_of_week_operator.py
[2024-12-18 22:39:24,007] {processor.py:641} INFO - Processing file /home/patriciacorreia/Documents/airflowalura/venv/lib/python3.9/site-packages/airflow/example_dags/example_branch_day_of_week_operator.py for tasks to queue
[2024-12-18 22:39:24,009] {logging_mixin.py:115} INFO - [2024-12-18 22:39:24,009] {dagbag.py:507} INFO - Filling up the DagBag from /home/patriciacorreia/Documents/airflowalura/venv/lib/python3.9/site-packages/airflow/example_dags/example_branch_day_of_week_operator.py
[2024-12-18 22:39:24,052] {processor.py:651} INFO - DAG(s) dict_keys(['example_weekday_branch_operator']) retrieved from /home/patriciacorreia/Documents/airflowalura/venv/lib/python3.9/site-packages/airflow/example_dags/example_branch_day_of_week_operator.py
[2024-12-18 22:39:24,124] {logging_mixin.py:115} INFO - [2024-12-18 22:39:24,123] {dag.py:2379} INFO - Sync 1 DAGs
[2024-12-18 22:39:24,183] {logging_mixin.py:115} INFO - [2024-12-18 22:39:24,183] {dag.py:2927} INFO - Setting next_dagrun for example_weekday_branch_operator to 2024-12-18T00:00:00+00:00, run_after=2024-12-19T00:00:00+00:00
[2024-12-18 22:39:24,214] {processor.py:161} INFO - Processing /home/patriciacorreia/Documents/airflowalura/venv/lib/python3.9/site-packages/airflow/example_dags/example_branch_day_of_week_operator.py took 0.228 seconds
[2024-12-18 22:40:10,310] {processor.py:153} INFO - Started process (PID=23712) to work on /home/patriciacorreia/Documents/airflowalura/venv/lib/python3.9/site-packages/airflow/example_dags/example_branch_day_of_week_operator.py
[2024-12-18 22:40:10,314] {processor.py:641} INFO - Processing file /home/patriciacorreia/Documents/airflowalura/venv/lib/python3.9/site-packages/airflow/example_dags/example_branch_day_of_week_operator.py for tasks to queue
[2024-12-18 22:40:10,317] {logging_mixin.py:115} INFO - [2024-12-18 22:40:10,316] {dagbag.py:507} INFO - Filling up the DagBag from /home/patriciacorreia/Documents/airflowalura/venv/lib/python3.9/site-packages/airflow/example_dags/example_branch_day_of_week_operator.py
[2024-12-18 22:40:10,358] {processor.py:651} INFO - DAG(s) dict_keys(['example_weekday_branch_operator']) retrieved from /home/patriciacorreia/Documents/airflowalura/venv/lib/python3.9/site-packages/airflow/example_dags/example_branch_day_of_week_operator.py
[2024-12-18 22:40:10,442] {logging_mixin.py:115} INFO - [2024-12-18 22:40:10,442] {dag.py:2379} INFO - Sync 1 DAGs
[2024-12-18 22:40:10,541] {logging_mixin.py:115} INFO - [2024-12-18 22:40:10,541] {dag.py:2927} INFO - Setting next_dagrun for example_weekday_branch_operator to 2024-12-18T00:00:00+00:00, run_after=2024-12-19T00:00:00+00:00
[2024-12-18 22:40:10,595] {processor.py:161} INFO - Processing /home/patriciacorreia/Documents/airflowalura/venv/lib/python3.9/site-packages/airflow/example_dags/example_branch_day_of_week_operator.py took 0.298 seconds
[2024-12-18 22:40:48,927] {processor.py:153} INFO - Started process (PID=23956) to work on /home/patriciacorreia/Documents/airflowalura/venv/lib/python3.9/site-packages/airflow/example_dags/example_branch_day_of_week_operator.py
[2024-12-18 22:40:48,930] {processor.py:641} INFO - Processing file /home/patriciacorreia/Documents/airflowalura/venv/lib/python3.9/site-packages/airflow/example_dags/example_branch_day_of_week_operator.py for tasks to queue
[2024-12-18 22:40:48,931] {logging_mixin.py:115} INFO - [2024-12-18 22:40:48,931] {dagbag.py:507} INFO - Filling up the DagBag from /home/patriciacorreia/Documents/airflowalura/venv/lib/python3.9/site-packages/airflow/example_dags/example_branch_day_of_week_operator.py
[2024-12-18 22:40:48,959] {processor.py:651} INFO - DAG(s) dict_keys(['example_weekday_branch_operator']) retrieved from /home/patriciacorreia/Documents/airflowalura/venv/lib/python3.9/site-packages/airflow/example_dags/example_branch_day_of_week_operator.py
[2024-12-18 22:40:49,010] {logging_mixin.py:115} INFO - [2024-12-18 22:40:49,010] {dag.py:2379} INFO - Sync 1 DAGs
[2024-12-18 22:40:49,046] {logging_mixin.py:115} INFO - [2024-12-18 22:40:49,045] {dag.py:2927} INFO - Setting next_dagrun for example_weekday_branch_operator to 2024-12-18T00:00:00+00:00, run_after=2024-12-19T00:00:00+00:00
[2024-12-18 22:40:49,065] {processor.py:161} INFO - Processing /home/patriciacorreia/Documents/airflowalura/venv/lib/python3.9/site-packages/airflow/example_dags/example_branch_day_of_week_operator.py took 0.150 seconds
