[2024-12-18 22:05:50,883] {processor.py:153} INFO - Started process (PID=13884) to work on /home/patriciacorreia/Documents/airflowalura/venv/lib/python3.9/site-packages/airflow/example_dags/example_branch_labels.py
[2024-12-18 22:05:50,884] {processor.py:641} INFO - Processing file /home/patriciacorreia/Documents/airflowalura/venv/lib/python3.9/site-packages/airflow/example_dags/example_branch_labels.py for tasks to queue
[2024-12-18 22:05:50,885] {logging_mixin.py:115} INFO - [2024-12-18 22:05:50,885] {dagbag.py:507} INFO - Filling up the DagBag from /home/patriciacorreia/Documents/airflowalura/venv/lib/python3.9/site-packages/airflow/example_dags/example_branch_labels.py
[2024-12-18 22:05:50,899] {processor.py:651} INFO - DAG(s) dict_keys(['example_branch_labels']) retrieved from /home/patriciacorreia/Documents/airflowalura/venv/lib/python3.9/site-packages/airflow/example_dags/example_branch_labels.py
[2024-12-18 22:05:51,025] {logging_mixin.py:115} INFO - [2024-12-18 22:05:51,025] {manager.py:508} INFO - Created Permission View: can read on DAG:example_branch_labels
[2024-12-18 22:05:51,037] {logging_mixin.py:115} INFO - [2024-12-18 22:05:51,037] {manager.py:508} INFO - Created Permission View: can delete on DAG:example_branch_labels
[2024-12-18 22:05:51,047] {logging_mixin.py:115} INFO - [2024-12-18 22:05:51,047] {manager.py:508} INFO - Created Permission View: can edit on DAG:example_branch_labels
[2024-12-18 22:05:51,048] {logging_mixin.py:115} INFO - [2024-12-18 22:05:51,047] {dag.py:2379} INFO - Sync 1 DAGs
[2024-12-18 22:05:51,058] {logging_mixin.py:115} INFO - [2024-12-18 22:05:51,058] {dag.py:2398} INFO - Creating ORM DAG for example_branch_labels
[2024-12-18 22:05:51,072] {logging_mixin.py:115} INFO - [2024-12-18 22:05:51,072] {dag.py:2927} INFO - Setting next_dagrun for example_branch_labels to 2024-12-18T00:00:00+00:00, run_after=2024-12-19T00:00:00+00:00
[2024-12-18 22:05:51,089] {processor.py:161} INFO - Processing /home/patriciacorreia/Documents/airflowalura/venv/lib/python3.9/site-packages/airflow/example_dags/example_branch_labels.py took 0.214 seconds
[2024-12-18 22:06:26,428] {processor.py:153} INFO - Started process (PID=14011) to work on /home/patriciacorreia/Documents/airflowalura/venv/lib/python3.9/site-packages/airflow/example_dags/example_branch_labels.py
[2024-12-18 22:06:26,429] {processor.py:641} INFO - Processing file /home/patriciacorreia/Documents/airflowalura/venv/lib/python3.9/site-packages/airflow/example_dags/example_branch_labels.py for tasks to queue
[2024-12-18 22:06:26,430] {logging_mixin.py:115} INFO - [2024-12-18 22:06:26,430] {dagbag.py:507} INFO - Filling up the DagBag from /home/patriciacorreia/Documents/airflowalura/venv/lib/python3.9/site-packages/airflow/example_dags/example_branch_labels.py
[2024-12-18 22:06:26,438] {processor.py:651} INFO - DAG(s) dict_keys(['example_branch_labels']) retrieved from /home/patriciacorreia/Documents/airflowalura/venv/lib/python3.9/site-packages/airflow/example_dags/example_branch_labels.py
[2024-12-18 22:06:26,459] {logging_mixin.py:115} INFO - [2024-12-18 22:06:26,459] {dag.py:2379} INFO - Sync 1 DAGs
[2024-12-18 22:06:26,482] {logging_mixin.py:115} INFO - [2024-12-18 22:06:26,481] {dag.py:2927} INFO - Setting next_dagrun for example_branch_labels to 2024-12-18T00:00:00+00:00, run_after=2024-12-19T00:00:00+00:00
[2024-12-18 22:06:26,499] {processor.py:161} INFO - Processing /home/patriciacorreia/Documents/airflowalura/venv/lib/python3.9/site-packages/airflow/example_dags/example_branch_labels.py took 0.074 seconds
[2024-12-18 22:07:05,231] {processor.py:153} INFO - Started process (PID=14139) to work on /home/patriciacorreia/Documents/airflowalura/venv/lib/python3.9/site-packages/airflow/example_dags/example_branch_labels.py
[2024-12-18 22:07:05,234] {processor.py:641} INFO - Processing file /home/patriciacorreia/Documents/airflowalura/venv/lib/python3.9/site-packages/airflow/example_dags/example_branch_labels.py for tasks to queue
[2024-12-18 22:07:05,248] {logging_mixin.py:115} INFO - [2024-12-18 22:07:05,239] {dagbag.py:507} INFO - Filling up the DagBag from /home/patriciacorreia/Documents/airflowalura/venv/lib/python3.9/site-packages/airflow/example_dags/example_branch_labels.py
[2024-12-18 22:07:05,264] {processor.py:651} INFO - DAG(s) dict_keys(['example_branch_labels']) retrieved from /home/patriciacorreia/Documents/airflowalura/venv/lib/python3.9/site-packages/airflow/example_dags/example_branch_labels.py
[2024-12-18 22:07:05,301] {logging_mixin.py:115} INFO - [2024-12-18 22:07:05,301] {dag.py:2379} INFO - Sync 1 DAGs
[2024-12-18 22:07:05,359] {logging_mixin.py:115} INFO - [2024-12-18 22:07:05,358] {dag.py:2927} INFO - Setting next_dagrun for example_branch_labels to 2024-12-18T00:00:00+00:00, run_after=2024-12-19T00:00:00+00:00
[2024-12-18 22:07:05,530] {processor.py:161} INFO - Processing /home/patriciacorreia/Documents/airflowalura/venv/lib/python3.9/site-packages/airflow/example_dags/example_branch_labels.py took 0.312 seconds
[2024-12-18 22:07:49,189] {processor.py:153} INFO - Started process (PID=14224) to work on /home/patriciacorreia/Documents/airflowalura/venv/lib/python3.9/site-packages/airflow/example_dags/example_branch_labels.py
[2024-12-18 22:07:49,191] {processor.py:641} INFO - Processing file /home/patriciacorreia/Documents/airflowalura/venv/lib/python3.9/site-packages/airflow/example_dags/example_branch_labels.py for tasks to queue
[2024-12-18 22:07:49,193] {logging_mixin.py:115} INFO - [2024-12-18 22:07:49,192] {dagbag.py:507} INFO - Filling up the DagBag from /home/patriciacorreia/Documents/airflowalura/venv/lib/python3.9/site-packages/airflow/example_dags/example_branch_labels.py
[2024-12-18 22:07:49,207] {processor.py:651} INFO - DAG(s) dict_keys(['example_branch_labels']) retrieved from /home/patriciacorreia/Documents/airflowalura/venv/lib/python3.9/site-packages/airflow/example_dags/example_branch_labels.py
[2024-12-18 22:07:49,248] {logging_mixin.py:115} INFO - [2024-12-18 22:07:49,248] {dag.py:2379} INFO - Sync 1 DAGs
[2024-12-18 22:07:49,290] {logging_mixin.py:115} INFO - [2024-12-18 22:07:49,290] {dag.py:2927} INFO - Setting next_dagrun for example_branch_labels to 2024-12-18T00:00:00+00:00, run_after=2024-12-19T00:00:00+00:00
[2024-12-18 22:07:49,322] {processor.py:161} INFO - Processing /home/patriciacorreia/Documents/airflowalura/venv/lib/python3.9/site-packages/airflow/example_dags/example_branch_labels.py took 0.141 seconds
[2024-12-18 22:08:30,687] {processor.py:153} INFO - Started process (PID=14359) to work on /home/patriciacorreia/Documents/airflowalura/venv/lib/python3.9/site-packages/airflow/example_dags/example_branch_labels.py
[2024-12-18 22:08:30,689] {processor.py:641} INFO - Processing file /home/patriciacorreia/Documents/airflowalura/venv/lib/python3.9/site-packages/airflow/example_dags/example_branch_labels.py for tasks to queue
[2024-12-18 22:08:30,690] {logging_mixin.py:115} INFO - [2024-12-18 22:08:30,689] {dagbag.py:507} INFO - Filling up the DagBag from /home/patriciacorreia/Documents/airflowalura/venv/lib/python3.9/site-packages/airflow/example_dags/example_branch_labels.py
[2024-12-18 22:08:30,707] {processor.py:651} INFO - DAG(s) dict_keys(['example_branch_labels']) retrieved from /home/patriciacorreia/Documents/airflowalura/venv/lib/python3.9/site-packages/airflow/example_dags/example_branch_labels.py
[2024-12-18 22:08:30,744] {logging_mixin.py:115} INFO - [2024-12-18 22:08:30,744] {dag.py:2379} INFO - Sync 1 DAGs
[2024-12-18 22:08:30,778] {logging_mixin.py:115} INFO - [2024-12-18 22:08:30,778] {dag.py:2927} INFO - Setting next_dagrun for example_branch_labels to 2024-12-18T00:00:00+00:00, run_after=2024-12-19T00:00:00+00:00
[2024-12-18 22:08:30,810] {processor.py:161} INFO - Processing /home/patriciacorreia/Documents/airflowalura/venv/lib/python3.9/site-packages/airflow/example_dags/example_branch_labels.py took 0.132 seconds
[2024-12-18 22:09:07,574] {processor.py:153} INFO - Started process (PID=14507) to work on /home/patriciacorreia/Documents/airflowalura/venv/lib/python3.9/site-packages/airflow/example_dags/example_branch_labels.py
[2024-12-18 22:09:07,576] {processor.py:641} INFO - Processing file /home/patriciacorreia/Documents/airflowalura/venv/lib/python3.9/site-packages/airflow/example_dags/example_branch_labels.py for tasks to queue
[2024-12-18 22:09:07,578] {logging_mixin.py:115} INFO - [2024-12-18 22:09:07,577] {dagbag.py:507} INFO - Filling up the DagBag from /home/patriciacorreia/Documents/airflowalura/venv/lib/python3.9/site-packages/airflow/example_dags/example_branch_labels.py
[2024-12-18 22:09:07,594] {processor.py:651} INFO - DAG(s) dict_keys(['example_branch_labels']) retrieved from /home/patriciacorreia/Documents/airflowalura/venv/lib/python3.9/site-packages/airflow/example_dags/example_branch_labels.py
[2024-12-18 22:09:07,643] {logging_mixin.py:115} INFO - [2024-12-18 22:09:07,643] {dag.py:2379} INFO - Sync 1 DAGs
[2024-12-18 22:09:07,696] {logging_mixin.py:115} INFO - [2024-12-18 22:09:07,696] {dag.py:2927} INFO - Setting next_dagrun for example_branch_labels to 2024-12-18T00:00:00+00:00, run_after=2024-12-19T00:00:00+00:00
[2024-12-18 22:09:07,730] {processor.py:161} INFO - Processing /home/patriciacorreia/Documents/airflowalura/venv/lib/python3.9/site-packages/airflow/example_dags/example_branch_labels.py took 0.163 seconds
[2024-12-18 22:09:47,472] {processor.py:153} INFO - Started process (PID=14709) to work on /home/patriciacorreia/Documents/airflowalura/venv/lib/python3.9/site-packages/airflow/example_dags/example_branch_labels.py
[2024-12-18 22:09:47,473] {processor.py:641} INFO - Processing file /home/patriciacorreia/Documents/airflowalura/venv/lib/python3.9/site-packages/airflow/example_dags/example_branch_labels.py for tasks to queue
[2024-12-18 22:09:47,473] {logging_mixin.py:115} INFO - [2024-12-18 22:09:47,473] {dagbag.py:507} INFO - Filling up the DagBag from /home/patriciacorreia/Documents/airflowalura/venv/lib/python3.9/site-packages/airflow/example_dags/example_branch_labels.py
[2024-12-18 22:09:47,484] {processor.py:651} INFO - DAG(s) dict_keys(['example_branch_labels']) retrieved from /home/patriciacorreia/Documents/airflowalura/venv/lib/python3.9/site-packages/airflow/example_dags/example_branch_labels.py
[2024-12-18 22:09:47,506] {logging_mixin.py:115} INFO - [2024-12-18 22:09:47,506] {dag.py:2379} INFO - Sync 1 DAGs
[2024-12-18 22:09:47,544] {logging_mixin.py:115} INFO - [2024-12-18 22:09:47,544] {dag.py:2927} INFO - Setting next_dagrun for example_branch_labels to 2024-12-18T00:00:00+00:00, run_after=2024-12-19T00:00:00+00:00
[2024-12-18 22:09:47,572] {processor.py:161} INFO - Processing /home/patriciacorreia/Documents/airflowalura/venv/lib/python3.9/site-packages/airflow/example_dags/example_branch_labels.py took 0.104 seconds
[2024-12-18 22:10:23,938] {processor.py:153} INFO - Started process (PID=14970) to work on /home/patriciacorreia/Documents/airflowalura/venv/lib/python3.9/site-packages/airflow/example_dags/example_branch_labels.py
[2024-12-18 22:10:23,939] {processor.py:641} INFO - Processing file /home/patriciacorreia/Documents/airflowalura/venv/lib/python3.9/site-packages/airflow/example_dags/example_branch_labels.py for tasks to queue
[2024-12-18 22:10:23,940] {logging_mixin.py:115} INFO - [2024-12-18 22:10:23,940] {dagbag.py:507} INFO - Filling up the DagBag from /home/patriciacorreia/Documents/airflowalura/venv/lib/python3.9/site-packages/airflow/example_dags/example_branch_labels.py
[2024-12-18 22:10:23,951] {processor.py:651} INFO - DAG(s) dict_keys(['example_branch_labels']) retrieved from /home/patriciacorreia/Documents/airflowalura/venv/lib/python3.9/site-packages/airflow/example_dags/example_branch_labels.py
[2024-12-18 22:10:23,977] {logging_mixin.py:115} INFO - [2024-12-18 22:10:23,977] {dag.py:2379} INFO - Sync 1 DAGs
[2024-12-18 22:10:24,006] {logging_mixin.py:115} INFO - [2024-12-18 22:10:24,006] {dag.py:2927} INFO - Setting next_dagrun for example_branch_labels to 2024-12-18T00:00:00+00:00, run_after=2024-12-19T00:00:00+00:00
[2024-12-18 22:10:24,020] {processor.py:161} INFO - Processing /home/patriciacorreia/Documents/airflowalura/venv/lib/python3.9/site-packages/airflow/example_dags/example_branch_labels.py took 0.087 seconds
[2024-12-18 22:11:10,913] {processor.py:153} INFO - Started process (PID=15428) to work on /home/patriciacorreia/Documents/airflowalura/venv/lib/python3.9/site-packages/airflow/example_dags/example_branch_labels.py
[2024-12-18 22:11:10,915] {processor.py:641} INFO - Processing file /home/patriciacorreia/Documents/airflowalura/venv/lib/python3.9/site-packages/airflow/example_dags/example_branch_labels.py for tasks to queue
[2024-12-18 22:11:10,916] {logging_mixin.py:115} INFO - [2024-12-18 22:11:10,916] {dagbag.py:507} INFO - Filling up the DagBag from /home/patriciacorreia/Documents/airflowalura/venv/lib/python3.9/site-packages/airflow/example_dags/example_branch_labels.py
[2024-12-18 22:11:10,928] {processor.py:651} INFO - DAG(s) dict_keys(['example_branch_labels']) retrieved from /home/patriciacorreia/Documents/airflowalura/venv/lib/python3.9/site-packages/airflow/example_dags/example_branch_labels.py
[2024-12-18 22:11:10,962] {logging_mixin.py:115} INFO - [2024-12-18 22:11:10,962] {dag.py:2379} INFO - Sync 1 DAGs
[2024-12-18 22:11:11,010] {logging_mixin.py:115} INFO - [2024-12-18 22:11:11,010] {dag.py:2927} INFO - Setting next_dagrun for example_branch_labels to 2024-12-18T00:00:00+00:00, run_after=2024-12-19T00:00:00+00:00
[2024-12-18 22:11:11,030] {processor.py:161} INFO - Processing /home/patriciacorreia/Documents/airflowalura/venv/lib/python3.9/site-packages/airflow/example_dags/example_branch_labels.py took 0.124 seconds
[2024-12-18 22:11:58,446] {processor.py:153} INFO - Started process (PID=15634) to work on /home/patriciacorreia/Documents/airflowalura/venv/lib/python3.9/site-packages/airflow/example_dags/example_branch_labels.py
[2024-12-18 22:11:58,448] {processor.py:641} INFO - Processing file /home/patriciacorreia/Documents/airflowalura/venv/lib/python3.9/site-packages/airflow/example_dags/example_branch_labels.py for tasks to queue
[2024-12-18 22:11:58,449] {logging_mixin.py:115} INFO - [2024-12-18 22:11:58,449] {dagbag.py:507} INFO - Filling up the DagBag from /home/patriciacorreia/Documents/airflowalura/venv/lib/python3.9/site-packages/airflow/example_dags/example_branch_labels.py
[2024-12-18 22:11:58,477] {processor.py:651} INFO - DAG(s) dict_keys(['example_branch_labels']) retrieved from /home/patriciacorreia/Documents/airflowalura/venv/lib/python3.9/site-packages/airflow/example_dags/example_branch_labels.py
[2024-12-18 22:11:58,523] {logging_mixin.py:115} INFO - [2024-12-18 22:11:58,523] {dag.py:2379} INFO - Sync 1 DAGs
[2024-12-18 22:11:58,582] {logging_mixin.py:115} INFO - [2024-12-18 22:11:58,581] {dag.py:2927} INFO - Setting next_dagrun for example_branch_labels to 2024-12-18T00:00:00+00:00, run_after=2024-12-19T00:00:00+00:00
[2024-12-18 22:11:58,613] {processor.py:161} INFO - Processing /home/patriciacorreia/Documents/airflowalura/venv/lib/python3.9/site-packages/airflow/example_dags/example_branch_labels.py took 0.176 seconds
[2024-12-18 22:12:38,296] {processor.py:153} INFO - Started process (PID=15817) to work on /home/patriciacorreia/Documents/airflowalura/venv/lib/python3.9/site-packages/airflow/example_dags/example_branch_labels.py
[2024-12-18 22:12:38,300] {processor.py:641} INFO - Processing file /home/patriciacorreia/Documents/airflowalura/venv/lib/python3.9/site-packages/airflow/example_dags/example_branch_labels.py for tasks to queue
[2024-12-18 22:12:38,302] {logging_mixin.py:115} INFO - [2024-12-18 22:12:38,301] {dagbag.py:507} INFO - Filling up the DagBag from /home/patriciacorreia/Documents/airflowalura/venv/lib/python3.9/site-packages/airflow/example_dags/example_branch_labels.py
[2024-12-18 22:12:38,321] {processor.py:651} INFO - DAG(s) dict_keys(['example_branch_labels']) retrieved from /home/patriciacorreia/Documents/airflowalura/venv/lib/python3.9/site-packages/airflow/example_dags/example_branch_labels.py
[2024-12-18 22:12:38,366] {logging_mixin.py:115} INFO - [2024-12-18 22:12:38,366] {dag.py:2379} INFO - Sync 1 DAGs
[2024-12-18 22:12:38,398] {logging_mixin.py:115} INFO - [2024-12-18 22:12:38,398] {dag.py:2927} INFO - Setting next_dagrun for example_branch_labels to 2024-12-18T00:00:00+00:00, run_after=2024-12-19T00:00:00+00:00
[2024-12-18 22:12:38,414] {processor.py:161} INFO - Processing /home/patriciacorreia/Documents/airflowalura/venv/lib/python3.9/site-packages/airflow/example_dags/example_branch_labels.py took 0.132 seconds
[2024-12-18 22:13:22,632] {processor.py:153} INFO - Started process (PID=16010) to work on /home/patriciacorreia/Documents/airflowalura/venv/lib/python3.9/site-packages/airflow/example_dags/example_branch_labels.py
[2024-12-18 22:13:22,634] {processor.py:641} INFO - Processing file /home/patriciacorreia/Documents/airflowalura/venv/lib/python3.9/site-packages/airflow/example_dags/example_branch_labels.py for tasks to queue
[2024-12-18 22:13:22,635] {logging_mixin.py:115} INFO - [2024-12-18 22:13:22,635] {dagbag.py:507} INFO - Filling up the DagBag from /home/patriciacorreia/Documents/airflowalura/venv/lib/python3.9/site-packages/airflow/example_dags/example_branch_labels.py
[2024-12-18 22:13:22,650] {processor.py:651} INFO - DAG(s) dict_keys(['example_branch_labels']) retrieved from /home/patriciacorreia/Documents/airflowalura/venv/lib/python3.9/site-packages/airflow/example_dags/example_branch_labels.py
[2024-12-18 22:13:22,685] {logging_mixin.py:115} INFO - [2024-12-18 22:13:22,685] {dag.py:2379} INFO - Sync 1 DAGs
[2024-12-18 22:13:22,728] {logging_mixin.py:115} INFO - [2024-12-18 22:13:22,728] {dag.py:2927} INFO - Setting next_dagrun for example_branch_labels to 2024-12-18T00:00:00+00:00, run_after=2024-12-19T00:00:00+00:00
[2024-12-18 22:13:22,752] {processor.py:161} INFO - Processing /home/patriciacorreia/Documents/airflowalura/venv/lib/python3.9/site-packages/airflow/example_dags/example_branch_labels.py took 0.126 seconds
[2024-12-18 22:14:06,116] {processor.py:153} INFO - Started process (PID=16230) to work on /home/patriciacorreia/Documents/airflowalura/venv/lib/python3.9/site-packages/airflow/example_dags/example_branch_labels.py
[2024-12-18 22:14:06,119] {processor.py:641} INFO - Processing file /home/patriciacorreia/Documents/airflowalura/venv/lib/python3.9/site-packages/airflow/example_dags/example_branch_labels.py for tasks to queue
[2024-12-18 22:14:06,121] {logging_mixin.py:115} INFO - [2024-12-18 22:14:06,120] {dagbag.py:507} INFO - Filling up the DagBag from /home/patriciacorreia/Documents/airflowalura/venv/lib/python3.9/site-packages/airflow/example_dags/example_branch_labels.py
[2024-12-18 22:14:06,141] {processor.py:651} INFO - DAG(s) dict_keys(['example_branch_labels']) retrieved from /home/patriciacorreia/Documents/airflowalura/venv/lib/python3.9/site-packages/airflow/example_dags/example_branch_labels.py
[2024-12-18 22:14:06,202] {logging_mixin.py:115} INFO - [2024-12-18 22:14:06,202] {dag.py:2379} INFO - Sync 1 DAGs
[2024-12-18 22:14:06,251] {logging_mixin.py:115} INFO - [2024-12-18 22:14:06,251] {dag.py:2927} INFO - Setting next_dagrun for example_branch_labels to 2024-12-18T00:00:00+00:00, run_after=2024-12-19T00:00:00+00:00
[2024-12-18 22:14:06,278] {processor.py:161} INFO - Processing /home/patriciacorreia/Documents/airflowalura/venv/lib/python3.9/site-packages/airflow/example_dags/example_branch_labels.py took 0.173 seconds
[2024-12-18 22:14:52,565] {processor.py:153} INFO - Started process (PID=16455) to work on /home/patriciacorreia/Documents/airflowalura/venv/lib/python3.9/site-packages/airflow/example_dags/example_branch_labels.py
[2024-12-18 22:14:52,569] {processor.py:641} INFO - Processing file /home/patriciacorreia/Documents/airflowalura/venv/lib/python3.9/site-packages/airflow/example_dags/example_branch_labels.py for tasks to queue
[2024-12-18 22:14:52,571] {logging_mixin.py:115} INFO - [2024-12-18 22:14:52,570] {dagbag.py:507} INFO - Filling up the DagBag from /home/patriciacorreia/Documents/airflowalura/venv/lib/python3.9/site-packages/airflow/example_dags/example_branch_labels.py
[2024-12-18 22:14:52,596] {processor.py:651} INFO - DAG(s) dict_keys(['example_branch_labels']) retrieved from /home/patriciacorreia/Documents/airflowalura/venv/lib/python3.9/site-packages/airflow/example_dags/example_branch_labels.py
[2024-12-18 22:14:52,659] {logging_mixin.py:115} INFO - [2024-12-18 22:14:52,658] {dag.py:2379} INFO - Sync 1 DAGs
[2024-12-18 22:14:52,741] {logging_mixin.py:115} INFO - [2024-12-18 22:14:52,740] {dag.py:2927} INFO - Setting next_dagrun for example_branch_labels to 2024-12-18T00:00:00+00:00, run_after=2024-12-19T00:00:00+00:00
[2024-12-18 22:14:52,800] {processor.py:161} INFO - Processing /home/patriciacorreia/Documents/airflowalura/venv/lib/python3.9/site-packages/airflow/example_dags/example_branch_labels.py took 0.247 seconds
[2024-12-18 22:15:31,373] {processor.py:153} INFO - Started process (PID=16640) to work on /home/patriciacorreia/Documents/airflowalura/venv/lib/python3.9/site-packages/airflow/example_dags/example_branch_labels.py
[2024-12-18 22:15:31,375] {processor.py:641} INFO - Processing file /home/patriciacorreia/Documents/airflowalura/venv/lib/python3.9/site-packages/airflow/example_dags/example_branch_labels.py for tasks to queue
[2024-12-18 22:15:31,377] {logging_mixin.py:115} INFO - [2024-12-18 22:15:31,377] {dagbag.py:507} INFO - Filling up the DagBag from /home/patriciacorreia/Documents/airflowalura/venv/lib/python3.9/site-packages/airflow/example_dags/example_branch_labels.py
[2024-12-18 22:15:31,412] {processor.py:651} INFO - DAG(s) dict_keys(['example_branch_labels']) retrieved from /home/patriciacorreia/Documents/airflowalura/venv/lib/python3.9/site-packages/airflow/example_dags/example_branch_labels.py
[2024-12-18 22:15:31,466] {logging_mixin.py:115} INFO - [2024-12-18 22:15:31,466] {dag.py:2379} INFO - Sync 1 DAGs
[2024-12-18 22:15:31,499] {logging_mixin.py:115} INFO - [2024-12-18 22:15:31,499] {dag.py:2927} INFO - Setting next_dagrun for example_branch_labels to 2024-12-18T00:00:00+00:00, run_after=2024-12-19T00:00:00+00:00
[2024-12-18 22:15:31,515] {processor.py:161} INFO - Processing /home/patriciacorreia/Documents/airflowalura/venv/lib/python3.9/site-packages/airflow/example_dags/example_branch_labels.py took 0.154 seconds
[2024-12-18 22:16:15,442] {processor.py:153} INFO - Started process (PID=16864) to work on /home/patriciacorreia/Documents/airflowalura/venv/lib/python3.9/site-packages/airflow/example_dags/example_branch_labels.py
[2024-12-18 22:16:15,443] {processor.py:641} INFO - Processing file /home/patriciacorreia/Documents/airflowalura/venv/lib/python3.9/site-packages/airflow/example_dags/example_branch_labels.py for tasks to queue
[2024-12-18 22:16:15,444] {logging_mixin.py:115} INFO - [2024-12-18 22:16:15,444] {dagbag.py:507} INFO - Filling up the DagBag from /home/patriciacorreia/Documents/airflowalura/venv/lib/python3.9/site-packages/airflow/example_dags/example_branch_labels.py
[2024-12-18 22:16:15,455] {processor.py:651} INFO - DAG(s) dict_keys(['example_branch_labels']) retrieved from /home/patriciacorreia/Documents/airflowalura/venv/lib/python3.9/site-packages/airflow/example_dags/example_branch_labels.py
[2024-12-18 22:16:15,484] {logging_mixin.py:115} INFO - [2024-12-18 22:16:15,484] {dag.py:2379} INFO - Sync 1 DAGs
[2024-12-18 22:16:15,521] {logging_mixin.py:115} INFO - [2024-12-18 22:16:15,521] {dag.py:2927} INFO - Setting next_dagrun for example_branch_labels to 2024-12-18T00:00:00+00:00, run_after=2024-12-19T00:00:00+00:00
[2024-12-18 22:16:15,541] {processor.py:161} INFO - Processing /home/patriciacorreia/Documents/airflowalura/venv/lib/python3.9/site-packages/airflow/example_dags/example_branch_labels.py took 0.105 seconds
[2024-12-18 22:17:13,366] {processor.py:153} INFO - Started process (PID=17217) to work on /home/patriciacorreia/Documents/airflowalura/venv/lib/python3.9/site-packages/airflow/example_dags/example_branch_labels.py
[2024-12-18 22:17:13,370] {processor.py:641} INFO - Processing file /home/patriciacorreia/Documents/airflowalura/venv/lib/python3.9/site-packages/airflow/example_dags/example_branch_labels.py for tasks to queue
[2024-12-18 22:17:13,372] {logging_mixin.py:115} INFO - [2024-12-18 22:17:13,372] {dagbag.py:507} INFO - Filling up the DagBag from /home/patriciacorreia/Documents/airflowalura/venv/lib/python3.9/site-packages/airflow/example_dags/example_branch_labels.py
[2024-12-18 22:17:13,402] {processor.py:651} INFO - DAG(s) dict_keys(['example_branch_labels']) retrieved from /home/patriciacorreia/Documents/airflowalura/venv/lib/python3.9/site-packages/airflow/example_dags/example_branch_labels.py
[2024-12-18 22:17:13,521] {logging_mixin.py:115} INFO - [2024-12-18 22:17:13,521] {dag.py:2379} INFO - Sync 1 DAGs
[2024-12-18 22:17:13,625] {logging_mixin.py:115} INFO - [2024-12-18 22:17:13,625] {dag.py:2927} INFO - Setting next_dagrun for example_branch_labels to 2024-12-18T00:00:00+00:00, run_after=2024-12-19T00:00:00+00:00
[2024-12-18 22:17:13,684] {processor.py:161} INFO - Processing /home/patriciacorreia/Documents/airflowalura/venv/lib/python3.9/site-packages/airflow/example_dags/example_branch_labels.py took 0.331 seconds
[2024-12-18 22:17:59,449] {processor.py:153} INFO - Started process (PID=17436) to work on /home/patriciacorreia/Documents/airflowalura/venv/lib/python3.9/site-packages/airflow/example_dags/example_branch_labels.py
[2024-12-18 22:17:59,450] {processor.py:641} INFO - Processing file /home/patriciacorreia/Documents/airflowalura/venv/lib/python3.9/site-packages/airflow/example_dags/example_branch_labels.py for tasks to queue
[2024-12-18 22:17:59,451] {logging_mixin.py:115} INFO - [2024-12-18 22:17:59,451] {dagbag.py:507} INFO - Filling up the DagBag from /home/patriciacorreia/Documents/airflowalura/venv/lib/python3.9/site-packages/airflow/example_dags/example_branch_labels.py
[2024-12-18 22:17:59,469] {processor.py:651} INFO - DAG(s) dict_keys(['example_branch_labels']) retrieved from /home/patriciacorreia/Documents/airflowalura/venv/lib/python3.9/site-packages/airflow/example_dags/example_branch_labels.py
[2024-12-18 22:17:59,517] {logging_mixin.py:115} INFO - [2024-12-18 22:17:59,516] {dag.py:2379} INFO - Sync 1 DAGs
[2024-12-18 22:17:59,564] {logging_mixin.py:115} INFO - [2024-12-18 22:17:59,564] {dag.py:2927} INFO - Setting next_dagrun for example_branch_labels to 2024-12-18T00:00:00+00:00, run_after=2024-12-19T00:00:00+00:00
[2024-12-18 22:17:59,589] {processor.py:161} INFO - Processing /home/patriciacorreia/Documents/airflowalura/venv/lib/python3.9/site-packages/airflow/example_dags/example_branch_labels.py took 0.148 seconds
[2024-12-18 22:20:02,091] {processor.py:153} INFO - Started process (PID=17984) to work on /home/patriciacorreia/Documents/airflowalura/venv/lib/python3.9/site-packages/airflow/example_dags/example_branch_labels.py
[2024-12-18 22:20:02,095] {processor.py:641} INFO - Processing file /home/patriciacorreia/Documents/airflowalura/venv/lib/python3.9/site-packages/airflow/example_dags/example_branch_labels.py for tasks to queue
[2024-12-18 22:20:02,098] {logging_mixin.py:115} INFO - [2024-12-18 22:20:02,098] {dagbag.py:507} INFO - Filling up the DagBag from /home/patriciacorreia/Documents/airflowalura/venv/lib/python3.9/site-packages/airflow/example_dags/example_branch_labels.py
[2024-12-18 22:20:02,129] {processor.py:651} INFO - DAG(s) dict_keys(['example_branch_labels']) retrieved from /home/patriciacorreia/Documents/airflowalura/venv/lib/python3.9/site-packages/airflow/example_dags/example_branch_labels.py
[2024-12-18 22:20:02,207] {logging_mixin.py:115} INFO - [2024-12-18 22:20:02,206] {dag.py:2379} INFO - Sync 1 DAGs
[2024-12-18 22:20:02,328] {logging_mixin.py:115} INFO - [2024-12-18 22:20:02,328] {dag.py:2927} INFO - Setting next_dagrun for example_branch_labels to 2024-12-18T00:00:00+00:00, run_after=2024-12-19T00:00:00+00:00
[2024-12-18 22:20:02,388] {processor.py:161} INFO - Processing /home/patriciacorreia/Documents/airflowalura/venv/lib/python3.9/site-packages/airflow/example_dags/example_branch_labels.py took 0.313 seconds
[2024-12-18 22:20:46,669] {processor.py:153} INFO - Started process (PID=18206) to work on /home/patriciacorreia/Documents/airflowalura/venv/lib/python3.9/site-packages/airflow/example_dags/example_branch_labels.py
[2024-12-18 22:20:46,673] {processor.py:641} INFO - Processing file /home/patriciacorreia/Documents/airflowalura/venv/lib/python3.9/site-packages/airflow/example_dags/example_branch_labels.py for tasks to queue
[2024-12-18 22:20:46,674] {logging_mixin.py:115} INFO - [2024-12-18 22:20:46,674] {dagbag.py:507} INFO - Filling up the DagBag from /home/patriciacorreia/Documents/airflowalura/venv/lib/python3.9/site-packages/airflow/example_dags/example_branch_labels.py
[2024-12-18 22:20:46,686] {processor.py:651} INFO - DAG(s) dict_keys(['example_branch_labels']) retrieved from /home/patriciacorreia/Documents/airflowalura/venv/lib/python3.9/site-packages/airflow/example_dags/example_branch_labels.py
[2024-12-18 22:20:46,718] {logging_mixin.py:115} INFO - [2024-12-18 22:20:46,718] {dag.py:2379} INFO - Sync 1 DAGs
[2024-12-18 22:20:46,755] {logging_mixin.py:115} INFO - [2024-12-18 22:20:46,755] {dag.py:2927} INFO - Setting next_dagrun for example_branch_labels to 2024-12-18T00:00:00+00:00, run_after=2024-12-19T00:00:00+00:00
[2024-12-18 22:20:46,775] {processor.py:161} INFO - Processing /home/patriciacorreia/Documents/airflowalura/venv/lib/python3.9/site-packages/airflow/example_dags/example_branch_labels.py took 0.112 seconds
[2024-12-18 22:21:35,854] {processor.py:153} INFO - Started process (PID=18439) to work on /home/patriciacorreia/Documents/airflowalura/venv/lib/python3.9/site-packages/airflow/example_dags/example_branch_labels.py
[2024-12-18 22:21:35,855] {processor.py:641} INFO - Processing file /home/patriciacorreia/Documents/airflowalura/venv/lib/python3.9/site-packages/airflow/example_dags/example_branch_labels.py for tasks to queue
[2024-12-18 22:21:35,856] {logging_mixin.py:115} INFO - [2024-12-18 22:21:35,856] {dagbag.py:507} INFO - Filling up the DagBag from /home/patriciacorreia/Documents/airflowalura/venv/lib/python3.9/site-packages/airflow/example_dags/example_branch_labels.py
[2024-12-18 22:21:35,866] {processor.py:651} INFO - DAG(s) dict_keys(['example_branch_labels']) retrieved from /home/patriciacorreia/Documents/airflowalura/venv/lib/python3.9/site-packages/airflow/example_dags/example_branch_labels.py
[2024-12-18 22:21:35,899] {logging_mixin.py:115} INFO - [2024-12-18 22:21:35,899] {dag.py:2379} INFO - Sync 1 DAGs
[2024-12-18 22:21:35,930] {logging_mixin.py:115} INFO - [2024-12-18 22:21:35,930] {dag.py:2927} INFO - Setting next_dagrun for example_branch_labels to 2024-12-18T00:00:00+00:00, run_after=2024-12-19T00:00:00+00:00
[2024-12-18 22:21:35,949] {processor.py:161} INFO - Processing /home/patriciacorreia/Documents/airflowalura/venv/lib/python3.9/site-packages/airflow/example_dags/example_branch_labels.py took 0.101 seconds
[2024-12-18 22:22:23,313] {processor.py:153} INFO - Started process (PID=18653) to work on /home/patriciacorreia/Documents/airflowalura/venv/lib/python3.9/site-packages/airflow/example_dags/example_branch_labels.py
[2024-12-18 22:22:23,322] {processor.py:641} INFO - Processing file /home/patriciacorreia/Documents/airflowalura/venv/lib/python3.9/site-packages/airflow/example_dags/example_branch_labels.py for tasks to queue
[2024-12-18 22:22:23,327] {logging_mixin.py:115} INFO - [2024-12-18 22:22:23,326] {dagbag.py:507} INFO - Filling up the DagBag from /home/patriciacorreia/Documents/airflowalura/venv/lib/python3.9/site-packages/airflow/example_dags/example_branch_labels.py
[2024-12-18 22:22:23,365] {processor.py:651} INFO - DAG(s) dict_keys(['example_branch_labels']) retrieved from /home/patriciacorreia/Documents/airflowalura/venv/lib/python3.9/site-packages/airflow/example_dags/example_branch_labels.py
[2024-12-18 22:22:23,461] {logging_mixin.py:115} INFO - [2024-12-18 22:22:23,460] {dag.py:2379} INFO - Sync 1 DAGs
[2024-12-18 22:22:23,600] {logging_mixin.py:115} INFO - [2024-12-18 22:22:23,600] {dag.py:2927} INFO - Setting next_dagrun for example_branch_labels to 2024-12-18T00:00:00+00:00, run_after=2024-12-19T00:00:00+00:00
[2024-12-18 22:22:23,627] {processor.py:161} INFO - Processing /home/patriciacorreia/Documents/airflowalura/venv/lib/python3.9/site-packages/airflow/example_dags/example_branch_labels.py took 0.338 seconds
[2024-12-18 22:23:05,638] {processor.py:153} INFO - Started process (PID=18857) to work on /home/patriciacorreia/Documents/airflowalura/venv/lib/python3.9/site-packages/airflow/example_dags/example_branch_labels.py
[2024-12-18 22:23:05,639] {processor.py:641} INFO - Processing file /home/patriciacorreia/Documents/airflowalura/venv/lib/python3.9/site-packages/airflow/example_dags/example_branch_labels.py for tasks to queue
[2024-12-18 22:23:05,640] {logging_mixin.py:115} INFO - [2024-12-18 22:23:05,640] {dagbag.py:507} INFO - Filling up the DagBag from /home/patriciacorreia/Documents/airflowalura/venv/lib/python3.9/site-packages/airflow/example_dags/example_branch_labels.py
[2024-12-18 22:23:05,649] {processor.py:651} INFO - DAG(s) dict_keys(['example_branch_labels']) retrieved from /home/patriciacorreia/Documents/airflowalura/venv/lib/python3.9/site-packages/airflow/example_dags/example_branch_labels.py
[2024-12-18 22:23:05,674] {logging_mixin.py:115} INFO - [2024-12-18 22:23:05,674] {dag.py:2379} INFO - Sync 1 DAGs
[2024-12-18 22:23:05,706] {logging_mixin.py:115} INFO - [2024-12-18 22:23:05,706] {dag.py:2927} INFO - Setting next_dagrun for example_branch_labels to 2024-12-18T00:00:00+00:00, run_after=2024-12-19T00:00:00+00:00
[2024-12-18 22:23:05,724] {processor.py:161} INFO - Processing /home/patriciacorreia/Documents/airflowalura/venv/lib/python3.9/site-packages/airflow/example_dags/example_branch_labels.py took 0.092 seconds
[2024-12-18 22:23:49,596] {processor.py:153} INFO - Started process (PID=19056) to work on /home/patriciacorreia/Documents/airflowalura/venv/lib/python3.9/site-packages/airflow/example_dags/example_branch_labels.py
[2024-12-18 22:23:49,600] {processor.py:641} INFO - Processing file /home/patriciacorreia/Documents/airflowalura/venv/lib/python3.9/site-packages/airflow/example_dags/example_branch_labels.py for tasks to queue
[2024-12-18 22:23:49,604] {logging_mixin.py:115} INFO - [2024-12-18 22:23:49,603] {dagbag.py:507} INFO - Filling up the DagBag from /home/patriciacorreia/Documents/airflowalura/venv/lib/python3.9/site-packages/airflow/example_dags/example_branch_labels.py
[2024-12-18 22:23:49,634] {processor.py:651} INFO - DAG(s) dict_keys(['example_branch_labels']) retrieved from /home/patriciacorreia/Documents/airflowalura/venv/lib/python3.9/site-packages/airflow/example_dags/example_branch_labels.py
[2024-12-18 22:23:49,721] {logging_mixin.py:115} INFO - [2024-12-18 22:23:49,720] {dag.py:2379} INFO - Sync 1 DAGs
[2024-12-18 22:23:49,851] {logging_mixin.py:115} INFO - [2024-12-18 22:23:49,851] {dag.py:2927} INFO - Setting next_dagrun for example_branch_labels to 2024-12-18T00:00:00+00:00, run_after=2024-12-19T00:00:00+00:00
[2024-12-18 22:23:49,876] {processor.py:161} INFO - Processing /home/patriciacorreia/Documents/airflowalura/venv/lib/python3.9/site-packages/airflow/example_dags/example_branch_labels.py took 0.297 seconds
[2024-12-18 22:24:37,289] {processor.py:153} INFO - Started process (PID=19281) to work on /home/patriciacorreia/Documents/airflowalura/venv/lib/python3.9/site-packages/airflow/example_dags/example_branch_labels.py
[2024-12-18 22:24:37,295] {processor.py:641} INFO - Processing file /home/patriciacorreia/Documents/airflowalura/venv/lib/python3.9/site-packages/airflow/example_dags/example_branch_labels.py for tasks to queue
[2024-12-18 22:24:37,299] {logging_mixin.py:115} INFO - [2024-12-18 22:24:37,298] {dagbag.py:507} INFO - Filling up the DagBag from /home/patriciacorreia/Documents/airflowalura/venv/lib/python3.9/site-packages/airflow/example_dags/example_branch_labels.py
[2024-12-18 22:24:37,336] {processor.py:651} INFO - DAG(s) dict_keys(['example_branch_labels']) retrieved from /home/patriciacorreia/Documents/airflowalura/venv/lib/python3.9/site-packages/airflow/example_dags/example_branch_labels.py
[2024-12-18 22:24:37,396] {logging_mixin.py:115} INFO - [2024-12-18 22:24:37,396] {dag.py:2379} INFO - Sync 1 DAGs
[2024-12-18 22:24:37,445] {logging_mixin.py:115} INFO - [2024-12-18 22:24:37,444] {dag.py:2927} INFO - Setting next_dagrun for example_branch_labels to 2024-12-18T00:00:00+00:00, run_after=2024-12-19T00:00:00+00:00
[2024-12-18 22:24:37,471] {processor.py:161} INFO - Processing /home/patriciacorreia/Documents/airflowalura/venv/lib/python3.9/site-packages/airflow/example_dags/example_branch_labels.py took 0.200 seconds
[2024-12-18 22:25:22,526] {processor.py:153} INFO - Started process (PID=19517) to work on /home/patriciacorreia/Documents/airflowalura/venv/lib/python3.9/site-packages/airflow/example_dags/example_branch_labels.py
[2024-12-18 22:25:22,533] {processor.py:641} INFO - Processing file /home/patriciacorreia/Documents/airflowalura/venv/lib/python3.9/site-packages/airflow/example_dags/example_branch_labels.py for tasks to queue
[2024-12-18 22:25:22,537] {logging_mixin.py:115} INFO - [2024-12-18 22:25:22,536] {dagbag.py:507} INFO - Filling up the DagBag from /home/patriciacorreia/Documents/airflowalura/venv/lib/python3.9/site-packages/airflow/example_dags/example_branch_labels.py
[2024-12-18 22:25:22,574] {processor.py:651} INFO - DAG(s) dict_keys(['example_branch_labels']) retrieved from /home/patriciacorreia/Documents/airflowalura/venv/lib/python3.9/site-packages/airflow/example_dags/example_branch_labels.py
[2024-12-18 22:25:22,683] {logging_mixin.py:115} INFO - [2024-12-18 22:25:22,683] {dag.py:2379} INFO - Sync 1 DAGs
[2024-12-18 22:25:22,815] {logging_mixin.py:115} INFO - [2024-12-18 22:25:22,815] {dag.py:2927} INFO - Setting next_dagrun for example_branch_labels to 2024-12-18T00:00:00+00:00, run_after=2024-12-19T00:00:00+00:00
[2024-12-18 22:25:22,840] {processor.py:161} INFO - Processing /home/patriciacorreia/Documents/airflowalura/venv/lib/python3.9/site-packages/airflow/example_dags/example_branch_labels.py took 0.337 seconds
[2024-12-18 22:26:07,523] {processor.py:153} INFO - Started process (PID=19718) to work on /home/patriciacorreia/Documents/airflowalura/venv/lib/python3.9/site-packages/airflow/example_dags/example_branch_labels.py
[2024-12-18 22:26:07,536] {processor.py:641} INFO - Processing file /home/patriciacorreia/Documents/airflowalura/venv/lib/python3.9/site-packages/airflow/example_dags/example_branch_labels.py for tasks to queue
[2024-12-18 22:26:07,541] {logging_mixin.py:115} INFO - [2024-12-18 22:26:07,540] {dagbag.py:507} INFO - Filling up the DagBag from /home/patriciacorreia/Documents/airflowalura/venv/lib/python3.9/site-packages/airflow/example_dags/example_branch_labels.py
[2024-12-18 22:26:07,586] {processor.py:651} INFO - DAG(s) dict_keys(['example_branch_labels']) retrieved from /home/patriciacorreia/Documents/airflowalura/venv/lib/python3.9/site-packages/airflow/example_dags/example_branch_labels.py
[2024-12-18 22:26:07,679] {logging_mixin.py:115} INFO - [2024-12-18 22:26:07,679] {dag.py:2379} INFO - Sync 1 DAGs
[2024-12-18 22:26:07,719] {logging_mixin.py:115} INFO - [2024-12-18 22:26:07,719] {dag.py:2927} INFO - Setting next_dagrun for example_branch_labels to 2024-12-18T00:00:00+00:00, run_after=2024-12-19T00:00:00+00:00
[2024-12-18 22:26:07,745] {processor.py:161} INFO - Processing /home/patriciacorreia/Documents/airflowalura/venv/lib/python3.9/site-packages/airflow/example_dags/example_branch_labels.py took 0.240 seconds
[2024-12-18 22:26:52,791] {processor.py:153} INFO - Started process (PID=19920) to work on /home/patriciacorreia/Documents/airflowalura/venv/lib/python3.9/site-packages/airflow/example_dags/example_branch_labels.py
[2024-12-18 22:26:52,792] {processor.py:641} INFO - Processing file /home/patriciacorreia/Documents/airflowalura/venv/lib/python3.9/site-packages/airflow/example_dags/example_branch_labels.py for tasks to queue
[2024-12-18 22:26:52,793] {logging_mixin.py:115} INFO - [2024-12-18 22:26:52,793] {dagbag.py:507} INFO - Filling up the DagBag from /home/patriciacorreia/Documents/airflowalura/venv/lib/python3.9/site-packages/airflow/example_dags/example_branch_labels.py
[2024-12-18 22:26:52,804] {processor.py:651} INFO - DAG(s) dict_keys(['example_branch_labels']) retrieved from /home/patriciacorreia/Documents/airflowalura/venv/lib/python3.9/site-packages/airflow/example_dags/example_branch_labels.py
[2024-12-18 22:26:52,835] {logging_mixin.py:115} INFO - [2024-12-18 22:26:52,835] {dag.py:2379} INFO - Sync 1 DAGs
[2024-12-18 22:26:52,897] {logging_mixin.py:115} INFO - [2024-12-18 22:26:52,897] {dag.py:2927} INFO - Setting next_dagrun for example_branch_labels to 2024-12-18T00:00:00+00:00, run_after=2024-12-19T00:00:00+00:00
[2024-12-18 22:26:52,928] {processor.py:161} INFO - Processing /home/patriciacorreia/Documents/airflowalura/venv/lib/python3.9/site-packages/airflow/example_dags/example_branch_labels.py took 0.143 seconds
[2024-12-18 22:27:36,703] {processor.py:153} INFO - Started process (PID=20122) to work on /home/patriciacorreia/Documents/airflowalura/venv/lib/python3.9/site-packages/airflow/example_dags/example_branch_labels.py
[2024-12-18 22:27:36,705] {processor.py:641} INFO - Processing file /home/patriciacorreia/Documents/airflowalura/venv/lib/python3.9/site-packages/airflow/example_dags/example_branch_labels.py for tasks to queue
[2024-12-18 22:27:36,710] {logging_mixin.py:115} INFO - [2024-12-18 22:27:36,709] {dagbag.py:507} INFO - Filling up the DagBag from /home/patriciacorreia/Documents/airflowalura/venv/lib/python3.9/site-packages/airflow/example_dags/example_branch_labels.py
[2024-12-18 22:27:36,739] {processor.py:651} INFO - DAG(s) dict_keys(['example_branch_labels']) retrieved from /home/patriciacorreia/Documents/airflowalura/venv/lib/python3.9/site-packages/airflow/example_dags/example_branch_labels.py
[2024-12-18 22:27:36,783] {logging_mixin.py:115} INFO - [2024-12-18 22:27:36,783] {dag.py:2379} INFO - Sync 1 DAGs
[2024-12-18 22:27:36,814] {logging_mixin.py:115} INFO - [2024-12-18 22:27:36,814] {dag.py:2927} INFO - Setting next_dagrun for example_branch_labels to 2024-12-18T00:00:00+00:00, run_after=2024-12-19T00:00:00+00:00
[2024-12-18 22:27:36,833] {processor.py:161} INFO - Processing /home/patriciacorreia/Documents/airflowalura/venv/lib/python3.9/site-packages/airflow/example_dags/example_branch_labels.py took 0.142 seconds
[2024-12-18 22:28:21,049] {processor.py:153} INFO - Started process (PID=20344) to work on /home/patriciacorreia/Documents/airflowalura/venv/lib/python3.9/site-packages/airflow/example_dags/example_branch_labels.py
[2024-12-18 22:28:21,050] {processor.py:641} INFO - Processing file /home/patriciacorreia/Documents/airflowalura/venv/lib/python3.9/site-packages/airflow/example_dags/example_branch_labels.py for tasks to queue
[2024-12-18 22:28:21,051] {logging_mixin.py:115} INFO - [2024-12-18 22:28:21,051] {dagbag.py:507} INFO - Filling up the DagBag from /home/patriciacorreia/Documents/airflowalura/venv/lib/python3.9/site-packages/airflow/example_dags/example_branch_labels.py
[2024-12-18 22:28:21,059] {processor.py:651} INFO - DAG(s) dict_keys(['example_branch_labels']) retrieved from /home/patriciacorreia/Documents/airflowalura/venv/lib/python3.9/site-packages/airflow/example_dags/example_branch_labels.py
[2024-12-18 22:28:21,087] {logging_mixin.py:115} INFO - [2024-12-18 22:28:21,087] {dag.py:2379} INFO - Sync 1 DAGs
[2024-12-18 22:28:21,120] {logging_mixin.py:115} INFO - [2024-12-18 22:28:21,120] {dag.py:2927} INFO - Setting next_dagrun for example_branch_labels to 2024-12-18T00:00:00+00:00, run_after=2024-12-19T00:00:00+00:00
[2024-12-18 22:28:21,142] {processor.py:161} INFO - Processing /home/patriciacorreia/Documents/airflowalura/venv/lib/python3.9/site-packages/airflow/example_dags/example_branch_labels.py took 0.098 seconds
[2024-12-18 22:29:07,713] {processor.py:153} INFO - Started process (PID=20580) to work on /home/patriciacorreia/Documents/airflowalura/venv/lib/python3.9/site-packages/airflow/example_dags/example_branch_labels.py
[2024-12-18 22:29:07,715] {processor.py:641} INFO - Processing file /home/patriciacorreia/Documents/airflowalura/venv/lib/python3.9/site-packages/airflow/example_dags/example_branch_labels.py for tasks to queue
[2024-12-18 22:29:07,717] {logging_mixin.py:115} INFO - [2024-12-18 22:29:07,717] {dagbag.py:507} INFO - Filling up the DagBag from /home/patriciacorreia/Documents/airflowalura/venv/lib/python3.9/site-packages/airflow/example_dags/example_branch_labels.py
[2024-12-18 22:29:07,729] {processor.py:651} INFO - DAG(s) dict_keys(['example_branch_labels']) retrieved from /home/patriciacorreia/Documents/airflowalura/venv/lib/python3.9/site-packages/airflow/example_dags/example_branch_labels.py
[2024-12-18 22:29:07,753] {logging_mixin.py:115} INFO - [2024-12-18 22:29:07,753] {dag.py:2379} INFO - Sync 1 DAGs
[2024-12-18 22:29:07,780] {logging_mixin.py:115} INFO - [2024-12-18 22:29:07,780] {dag.py:2927} INFO - Setting next_dagrun for example_branch_labels to 2024-12-18T00:00:00+00:00, run_after=2024-12-19T00:00:00+00:00
[2024-12-18 22:29:07,795] {processor.py:161} INFO - Processing /home/patriciacorreia/Documents/airflowalura/venv/lib/python3.9/site-packages/airflow/example_dags/example_branch_labels.py took 0.087 seconds
[2024-12-18 22:29:43,443] {processor.py:153} INFO - Started process (PID=20765) to work on /home/patriciacorreia/Documents/airflowalura/venv/lib/python3.9/site-packages/airflow/example_dags/example_branch_labels.py
[2024-12-18 22:29:43,445] {processor.py:641} INFO - Processing file /home/patriciacorreia/Documents/airflowalura/venv/lib/python3.9/site-packages/airflow/example_dags/example_branch_labels.py for tasks to queue
[2024-12-18 22:29:43,447] {logging_mixin.py:115} INFO - [2024-12-18 22:29:43,447] {dagbag.py:507} INFO - Filling up the DagBag from /home/patriciacorreia/Documents/airflowalura/venv/lib/python3.9/site-packages/airflow/example_dags/example_branch_labels.py
[2024-12-18 22:29:43,467] {processor.py:651} INFO - DAG(s) dict_keys(['example_branch_labels']) retrieved from /home/patriciacorreia/Documents/airflowalura/venv/lib/python3.9/site-packages/airflow/example_dags/example_branch_labels.py
[2024-12-18 22:29:43,520] {logging_mixin.py:115} INFO - [2024-12-18 22:29:43,520] {dag.py:2379} INFO - Sync 1 DAGs
[2024-12-18 22:29:43,589] {logging_mixin.py:115} INFO - [2024-12-18 22:29:43,589] {dag.py:2927} INFO - Setting next_dagrun for example_branch_labels to 2024-12-18T00:00:00+00:00, run_after=2024-12-19T00:00:00+00:00
[2024-12-18 22:29:43,612] {processor.py:161} INFO - Processing /home/patriciacorreia/Documents/airflowalura/venv/lib/python3.9/site-packages/airflow/example_dags/example_branch_labels.py took 0.180 seconds
[2024-12-18 22:30:30,101] {processor.py:153} INFO - Started process (PID=21003) to work on /home/patriciacorreia/Documents/airflowalura/venv/lib/python3.9/site-packages/airflow/example_dags/example_branch_labels.py
[2024-12-18 22:30:30,106] {processor.py:641} INFO - Processing file /home/patriciacorreia/Documents/airflowalura/venv/lib/python3.9/site-packages/airflow/example_dags/example_branch_labels.py for tasks to queue
[2024-12-18 22:30:30,108] {logging_mixin.py:115} INFO - [2024-12-18 22:30:30,107] {dagbag.py:507} INFO - Filling up the DagBag from /home/patriciacorreia/Documents/airflowalura/venv/lib/python3.9/site-packages/airflow/example_dags/example_branch_labels.py
[2024-12-18 22:30:30,135] {processor.py:651} INFO - DAG(s) dict_keys(['example_branch_labels']) retrieved from /home/patriciacorreia/Documents/airflowalura/venv/lib/python3.9/site-packages/airflow/example_dags/example_branch_labels.py
[2024-12-18 22:30:30,189] {logging_mixin.py:115} INFO - [2024-12-18 22:30:30,189] {dag.py:2379} INFO - Sync 1 DAGs
[2024-12-18 22:30:30,229] {logging_mixin.py:115} INFO - [2024-12-18 22:30:30,229] {dag.py:2927} INFO - Setting next_dagrun for example_branch_labels to 2024-12-18T00:00:00+00:00, run_after=2024-12-19T00:00:00+00:00
[2024-12-18 22:30:30,246] {processor.py:161} INFO - Processing /home/patriciacorreia/Documents/airflowalura/venv/lib/python3.9/site-packages/airflow/example_dags/example_branch_labels.py took 0.156 seconds
[2024-12-18 22:31:13,929] {processor.py:153} INFO - Started process (PID=21235) to work on /home/patriciacorreia/Documents/airflowalura/venv/lib/python3.9/site-packages/airflow/example_dags/example_branch_labels.py
[2024-12-18 22:31:13,932] {processor.py:641} INFO - Processing file /home/patriciacorreia/Documents/airflowalura/venv/lib/python3.9/site-packages/airflow/example_dags/example_branch_labels.py for tasks to queue
[2024-12-18 22:31:13,934] {logging_mixin.py:115} INFO - [2024-12-18 22:31:13,933] {dagbag.py:507} INFO - Filling up the DagBag from /home/patriciacorreia/Documents/airflowalura/venv/lib/python3.9/site-packages/airflow/example_dags/example_branch_labels.py
[2024-12-18 22:31:13,954] {processor.py:651} INFO - DAG(s) dict_keys(['example_branch_labels']) retrieved from /home/patriciacorreia/Documents/airflowalura/venv/lib/python3.9/site-packages/airflow/example_dags/example_branch_labels.py
[2024-12-18 22:31:14,018] {logging_mixin.py:115} INFO - [2024-12-18 22:31:14,018] {dag.py:2379} INFO - Sync 1 DAGs
[2024-12-18 22:31:14,061] {logging_mixin.py:115} INFO - [2024-12-18 22:31:14,061] {dag.py:2927} INFO - Setting next_dagrun for example_branch_labels to 2024-12-18T00:00:00+00:00, run_after=2024-12-19T00:00:00+00:00
[2024-12-18 22:31:14,079] {processor.py:161} INFO - Processing /home/patriciacorreia/Documents/airflowalura/venv/lib/python3.9/site-packages/airflow/example_dags/example_branch_labels.py took 0.160 seconds
[2024-12-18 22:31:50,794] {processor.py:153} INFO - Started process (PID=21422) to work on /home/patriciacorreia/Documents/airflowalura/venv/lib/python3.9/site-packages/airflow/example_dags/example_branch_labels.py
[2024-12-18 22:31:50,797] {processor.py:641} INFO - Processing file /home/patriciacorreia/Documents/airflowalura/venv/lib/python3.9/site-packages/airflow/example_dags/example_branch_labels.py for tasks to queue
[2024-12-18 22:31:50,798] {logging_mixin.py:115} INFO - [2024-12-18 22:31:50,798] {dagbag.py:507} INFO - Filling up the DagBag from /home/patriciacorreia/Documents/airflowalura/venv/lib/python3.9/site-packages/airflow/example_dags/example_branch_labels.py
[2024-12-18 22:31:50,811] {processor.py:651} INFO - DAG(s) dict_keys(['example_branch_labels']) retrieved from /home/patriciacorreia/Documents/airflowalura/venv/lib/python3.9/site-packages/airflow/example_dags/example_branch_labels.py
[2024-12-18 22:31:50,837] {logging_mixin.py:115} INFO - [2024-12-18 22:31:50,837] {dag.py:2379} INFO - Sync 1 DAGs
[2024-12-18 22:31:50,876] {logging_mixin.py:115} INFO - [2024-12-18 22:31:50,875] {dag.py:2927} INFO - Setting next_dagrun for example_branch_labels to 2024-12-18T00:00:00+00:00, run_after=2024-12-19T00:00:00+00:00
[2024-12-18 22:31:50,894] {processor.py:161} INFO - Processing /home/patriciacorreia/Documents/airflowalura/venv/lib/python3.9/site-packages/airflow/example_dags/example_branch_labels.py took 0.111 seconds
[2024-12-18 22:32:37,107] {processor.py:153} INFO - Started process (PID=21654) to work on /home/patriciacorreia/Documents/airflowalura/venv/lib/python3.9/site-packages/airflow/example_dags/example_branch_labels.py
[2024-12-18 22:32:37,108] {processor.py:641} INFO - Processing file /home/patriciacorreia/Documents/airflowalura/venv/lib/python3.9/site-packages/airflow/example_dags/example_branch_labels.py for tasks to queue
[2024-12-18 22:32:37,110] {logging_mixin.py:115} INFO - [2024-12-18 22:32:37,109] {dagbag.py:507} INFO - Filling up the DagBag from /home/patriciacorreia/Documents/airflowalura/venv/lib/python3.9/site-packages/airflow/example_dags/example_branch_labels.py
[2024-12-18 22:32:37,124] {processor.py:651} INFO - DAG(s) dict_keys(['example_branch_labels']) retrieved from /home/patriciacorreia/Documents/airflowalura/venv/lib/python3.9/site-packages/airflow/example_dags/example_branch_labels.py
[2024-12-18 22:32:37,160] {logging_mixin.py:115} INFO - [2024-12-18 22:32:37,160] {dag.py:2379} INFO - Sync 1 DAGs
[2024-12-18 22:32:37,222] {logging_mixin.py:115} INFO - [2024-12-18 22:32:37,222] {dag.py:2927} INFO - Setting next_dagrun for example_branch_labels to 2024-12-18T00:00:00+00:00, run_after=2024-12-19T00:00:00+00:00
[2024-12-18 22:32:37,246] {processor.py:161} INFO - Processing /home/patriciacorreia/Documents/airflowalura/venv/lib/python3.9/site-packages/airflow/example_dags/example_branch_labels.py took 0.146 seconds
[2024-12-18 22:33:24,411] {processor.py:153} INFO - Started process (PID=21869) to work on /home/patriciacorreia/Documents/airflowalura/venv/lib/python3.9/site-packages/airflow/example_dags/example_branch_labels.py
[2024-12-18 22:33:24,419] {processor.py:641} INFO - Processing file /home/patriciacorreia/Documents/airflowalura/venv/lib/python3.9/site-packages/airflow/example_dags/example_branch_labels.py for tasks to queue
[2024-12-18 22:33:24,421] {logging_mixin.py:115} INFO - [2024-12-18 22:33:24,421] {dagbag.py:507} INFO - Filling up the DagBag from /home/patriciacorreia/Documents/airflowalura/venv/lib/python3.9/site-packages/airflow/example_dags/example_branch_labels.py
[2024-12-18 22:33:24,468] {processor.py:651} INFO - DAG(s) dict_keys(['example_branch_labels']) retrieved from /home/patriciacorreia/Documents/airflowalura/venv/lib/python3.9/site-packages/airflow/example_dags/example_branch_labels.py
[2024-12-18 22:33:24,517] {logging_mixin.py:115} INFO - [2024-12-18 22:33:24,517] {dag.py:2379} INFO - Sync 1 DAGs
[2024-12-18 22:33:24,550] {logging_mixin.py:115} INFO - [2024-12-18 22:33:24,549] {dag.py:2927} INFO - Setting next_dagrun for example_branch_labels to 2024-12-18T00:00:00+00:00, run_after=2024-12-19T00:00:00+00:00
[2024-12-18 22:33:24,569] {processor.py:161} INFO - Processing /home/patriciacorreia/Documents/airflowalura/venv/lib/python3.9/site-packages/airflow/example_dags/example_branch_labels.py took 0.180 seconds
[2024-12-18 22:34:13,012] {processor.py:153} INFO - Started process (PID=22088) to work on /home/patriciacorreia/Documents/airflowalura/venv/lib/python3.9/site-packages/airflow/example_dags/example_branch_labels.py
[2024-12-18 22:34:13,015] {processor.py:641} INFO - Processing file /home/patriciacorreia/Documents/airflowalura/venv/lib/python3.9/site-packages/airflow/example_dags/example_branch_labels.py for tasks to queue
[2024-12-18 22:34:13,018] {logging_mixin.py:115} INFO - [2024-12-18 22:34:13,018] {dagbag.py:507} INFO - Filling up the DagBag from /home/patriciacorreia/Documents/airflowalura/venv/lib/python3.9/site-packages/airflow/example_dags/example_branch_labels.py
[2024-12-18 22:34:13,041] {processor.py:651} INFO - DAG(s) dict_keys(['example_branch_labels']) retrieved from /home/patriciacorreia/Documents/airflowalura/venv/lib/python3.9/site-packages/airflow/example_dags/example_branch_labels.py
[2024-12-18 22:34:13,100] {logging_mixin.py:115} INFO - [2024-12-18 22:34:13,100] {dag.py:2379} INFO - Sync 1 DAGs
[2024-12-18 22:34:13,131] {logging_mixin.py:115} INFO - [2024-12-18 22:34:13,131] {dag.py:2927} INFO - Setting next_dagrun for example_branch_labels to 2024-12-18T00:00:00+00:00, run_after=2024-12-19T00:00:00+00:00
[2024-12-18 22:34:13,153] {processor.py:161} INFO - Processing /home/patriciacorreia/Documents/airflowalura/venv/lib/python3.9/site-packages/airflow/example_dags/example_branch_labels.py took 0.152 seconds
[2024-12-18 22:35:00,406] {processor.py:153} INFO - Started process (PID=22300) to work on /home/patriciacorreia/Documents/airflowalura/venv/lib/python3.9/site-packages/airflow/example_dags/example_branch_labels.py
[2024-12-18 22:35:00,409] {processor.py:641} INFO - Processing file /home/patriciacorreia/Documents/airflowalura/venv/lib/python3.9/site-packages/airflow/example_dags/example_branch_labels.py for tasks to queue
[2024-12-18 22:35:00,411] {logging_mixin.py:115} INFO - [2024-12-18 22:35:00,411] {dagbag.py:507} INFO - Filling up the DagBag from /home/patriciacorreia/Documents/airflowalura/venv/lib/python3.9/site-packages/airflow/example_dags/example_branch_labels.py
[2024-12-18 22:35:00,438] {processor.py:651} INFO - DAG(s) dict_keys(['example_branch_labels']) retrieved from /home/patriciacorreia/Documents/airflowalura/venv/lib/python3.9/site-packages/airflow/example_dags/example_branch_labels.py
[2024-12-18 22:35:00,532] {logging_mixin.py:115} INFO - [2024-12-18 22:35:00,532] {dag.py:2379} INFO - Sync 1 DAGs
[2024-12-18 22:35:00,616] {logging_mixin.py:115} INFO - [2024-12-18 22:35:00,615] {dag.py:2927} INFO - Setting next_dagrun for example_branch_labels to 2024-12-18T00:00:00+00:00, run_after=2024-12-19T00:00:00+00:00
[2024-12-18 22:35:00,664] {processor.py:161} INFO - Processing /home/patriciacorreia/Documents/airflowalura/venv/lib/python3.9/site-packages/airflow/example_dags/example_branch_labels.py took 0.272 seconds
[2024-12-18 22:35:54,428] {processor.py:153} INFO - Started process (PID=22543) to work on /home/patriciacorreia/Documents/airflowalura/venv/lib/python3.9/site-packages/airflow/example_dags/example_branch_labels.py
[2024-12-18 22:35:54,431] {processor.py:641} INFO - Processing file /home/patriciacorreia/Documents/airflowalura/venv/lib/python3.9/site-packages/airflow/example_dags/example_branch_labels.py for tasks to queue
[2024-12-18 22:35:54,434] {logging_mixin.py:115} INFO - [2024-12-18 22:35:54,434] {dagbag.py:507} INFO - Filling up the DagBag from /home/patriciacorreia/Documents/airflowalura/venv/lib/python3.9/site-packages/airflow/example_dags/example_branch_labels.py
[2024-12-18 22:35:54,464] {processor.py:651} INFO - DAG(s) dict_keys(['example_branch_labels']) retrieved from /home/patriciacorreia/Documents/airflowalura/venv/lib/python3.9/site-packages/airflow/example_dags/example_branch_labels.py
[2024-12-18 22:35:54,533] {logging_mixin.py:115} INFO - [2024-12-18 22:35:54,533] {dag.py:2379} INFO - Sync 1 DAGs
[2024-12-18 22:35:54,634] {logging_mixin.py:115} INFO - [2024-12-18 22:35:54,633] {dag.py:2927} INFO - Setting next_dagrun for example_branch_labels to 2024-12-18T00:00:00+00:00, run_after=2024-12-19T00:00:00+00:00
[2024-12-18 22:35:54,686] {processor.py:161} INFO - Processing /home/patriciacorreia/Documents/airflowalura/venv/lib/python3.9/site-packages/airflow/example_dags/example_branch_labels.py took 0.270 seconds
[2024-12-18 22:36:42,452] {processor.py:153} INFO - Started process (PID=22760) to work on /home/patriciacorreia/Documents/airflowalura/venv/lib/python3.9/site-packages/airflow/example_dags/example_branch_labels.py
[2024-12-18 22:36:42,457] {processor.py:641} INFO - Processing file /home/patriciacorreia/Documents/airflowalura/venv/lib/python3.9/site-packages/airflow/example_dags/example_branch_labels.py for tasks to queue
[2024-12-18 22:36:42,459] {logging_mixin.py:115} INFO - [2024-12-18 22:36:42,459] {dagbag.py:507} INFO - Filling up the DagBag from /home/patriciacorreia/Documents/airflowalura/venv/lib/python3.9/site-packages/airflow/example_dags/example_branch_labels.py
[2024-12-18 22:36:42,490] {processor.py:651} INFO - DAG(s) dict_keys(['example_branch_labels']) retrieved from /home/patriciacorreia/Documents/airflowalura/venv/lib/python3.9/site-packages/airflow/example_dags/example_branch_labels.py
[2024-12-18 22:36:42,574] {logging_mixin.py:115} INFO - [2024-12-18 22:36:42,574] {dag.py:2379} INFO - Sync 1 DAGs
[2024-12-18 22:36:42,681] {logging_mixin.py:115} INFO - [2024-12-18 22:36:42,681] {dag.py:2927} INFO - Setting next_dagrun for example_branch_labels to 2024-12-18T00:00:00+00:00, run_after=2024-12-19T00:00:00+00:00
[2024-12-18 22:36:42,751] {processor.py:161} INFO - Processing /home/patriciacorreia/Documents/airflowalura/venv/lib/python3.9/site-packages/airflow/example_dags/example_branch_labels.py took 0.311 seconds
[2024-12-18 22:37:26,347] {processor.py:153} INFO - Started process (PID=22954) to work on /home/patriciacorreia/Documents/airflowalura/venv/lib/python3.9/site-packages/airflow/example_dags/example_branch_labels.py
[2024-12-18 22:37:26,350] {processor.py:641} INFO - Processing file /home/patriciacorreia/Documents/airflowalura/venv/lib/python3.9/site-packages/airflow/example_dags/example_branch_labels.py for tasks to queue
[2024-12-18 22:37:26,352] {logging_mixin.py:115} INFO - [2024-12-18 22:37:26,352] {dagbag.py:507} INFO - Filling up the DagBag from /home/patriciacorreia/Documents/airflowalura/venv/lib/python3.9/site-packages/airflow/example_dags/example_branch_labels.py
[2024-12-18 22:37:26,394] {processor.py:651} INFO - DAG(s) dict_keys(['example_branch_labels']) retrieved from /home/patriciacorreia/Documents/airflowalura/venv/lib/python3.9/site-packages/airflow/example_dags/example_branch_labels.py
[2024-12-18 22:37:26,477] {logging_mixin.py:115} INFO - [2024-12-18 22:37:26,476] {dag.py:2379} INFO - Sync 1 DAGs
[2024-12-18 22:37:26,575] {logging_mixin.py:115} INFO - [2024-12-18 22:37:26,575] {dag.py:2927} INFO - Setting next_dagrun for example_branch_labels to 2024-12-18T00:00:00+00:00, run_after=2024-12-19T00:00:00+00:00
[2024-12-18 22:37:26,637] {processor.py:161} INFO - Processing /home/patriciacorreia/Documents/airflowalura/venv/lib/python3.9/site-packages/airflow/example_dags/example_branch_labels.py took 0.307 seconds
[2024-12-18 22:38:22,636] {processor.py:153} INFO - Started process (PID=23206) to work on /home/patriciacorreia/Documents/airflowalura/venv/lib/python3.9/site-packages/airflow/example_dags/example_branch_labels.py
[2024-12-18 22:38:22,639] {processor.py:641} INFO - Processing file /home/patriciacorreia/Documents/airflowalura/venv/lib/python3.9/site-packages/airflow/example_dags/example_branch_labels.py for tasks to queue
[2024-12-18 22:38:22,643] {logging_mixin.py:115} INFO - [2024-12-18 22:38:22,643] {dagbag.py:507} INFO - Filling up the DagBag from /home/patriciacorreia/Documents/airflowalura/venv/lib/python3.9/site-packages/airflow/example_dags/example_branch_labels.py
[2024-12-18 22:38:22,672] {processor.py:651} INFO - DAG(s) dict_keys(['example_branch_labels']) retrieved from /home/patriciacorreia/Documents/airflowalura/venv/lib/python3.9/site-packages/airflow/example_dags/example_branch_labels.py
[2024-12-18 22:38:22,754] {logging_mixin.py:115} INFO - [2024-12-18 22:38:22,754] {dag.py:2379} INFO - Sync 1 DAGs
[2024-12-18 22:38:22,839] {logging_mixin.py:115} INFO - [2024-12-18 22:38:22,839] {dag.py:2927} INFO - Setting next_dagrun for example_branch_labels to 2024-12-18T00:00:00+00:00, run_after=2024-12-19T00:00:00+00:00
[2024-12-18 22:38:22,898] {processor.py:161} INFO - Processing /home/patriciacorreia/Documents/airflowalura/venv/lib/python3.9/site-packages/airflow/example_dags/example_branch_labels.py took 0.281 seconds
[2024-12-18 22:39:13,129] {processor.py:153} INFO - Started process (PID=23442) to work on /home/patriciacorreia/Documents/airflowalura/venv/lib/python3.9/site-packages/airflow/example_dags/example_branch_labels.py
[2024-12-18 22:39:13,134] {processor.py:641} INFO - Processing file /home/patriciacorreia/Documents/airflowalura/venv/lib/python3.9/site-packages/airflow/example_dags/example_branch_labels.py for tasks to queue
[2024-12-18 22:39:13,136] {logging_mixin.py:115} INFO - [2024-12-18 22:39:13,135] {dagbag.py:507} INFO - Filling up the DagBag from /home/patriciacorreia/Documents/airflowalura/venv/lib/python3.9/site-packages/airflow/example_dags/example_branch_labels.py
[2024-12-18 22:39:13,164] {processor.py:651} INFO - DAG(s) dict_keys(['example_branch_labels']) retrieved from /home/patriciacorreia/Documents/airflowalura/venv/lib/python3.9/site-packages/airflow/example_dags/example_branch_labels.py
[2024-12-18 22:39:13,240] {logging_mixin.py:115} INFO - [2024-12-18 22:39:13,240] {dag.py:2379} INFO - Sync 1 DAGs
[2024-12-18 22:39:13,340] {logging_mixin.py:115} INFO - [2024-12-18 22:39:13,340] {dag.py:2927} INFO - Setting next_dagrun for example_branch_labels to 2024-12-18T00:00:00+00:00, run_after=2024-12-19T00:00:00+00:00
[2024-12-18 22:39:13,366] {processor.py:161} INFO - Processing /home/patriciacorreia/Documents/airflowalura/venv/lib/python3.9/site-packages/airflow/example_dags/example_branch_labels.py took 0.250 seconds
[2024-12-18 22:40:00,846] {processor.py:153} INFO - Started process (PID=23668) to work on /home/patriciacorreia/Documents/airflowalura/venv/lib/python3.9/site-packages/airflow/example_dags/example_branch_labels.py
[2024-12-18 22:40:00,848] {processor.py:641} INFO - Processing file /home/patriciacorreia/Documents/airflowalura/venv/lib/python3.9/site-packages/airflow/example_dags/example_branch_labels.py for tasks to queue
[2024-12-18 22:40:00,850] {logging_mixin.py:115} INFO - [2024-12-18 22:40:00,850] {dagbag.py:507} INFO - Filling up the DagBag from /home/patriciacorreia/Documents/airflowalura/venv/lib/python3.9/site-packages/airflow/example_dags/example_branch_labels.py
[2024-12-18 22:40:00,868] {processor.py:651} INFO - DAG(s) dict_keys(['example_branch_labels']) retrieved from /home/patriciacorreia/Documents/airflowalura/venv/lib/python3.9/site-packages/airflow/example_dags/example_branch_labels.py
[2024-12-18 22:40:00,919] {logging_mixin.py:115} INFO - [2024-12-18 22:40:00,918] {dag.py:2379} INFO - Sync 1 DAGs
[2024-12-18 22:40:00,981] {logging_mixin.py:115} INFO - [2024-12-18 22:40:00,981] {dag.py:2927} INFO - Setting next_dagrun for example_branch_labels to 2024-12-18T00:00:00+00:00, run_after=2024-12-19T00:00:00+00:00
[2024-12-18 22:40:01,018] {processor.py:161} INFO - Processing /home/patriciacorreia/Documents/airflowalura/venv/lib/python3.9/site-packages/airflow/example_dags/example_branch_labels.py took 0.182 seconds
[2024-12-18 22:40:40,002] {processor.py:153} INFO - Started process (PID=23895) to work on /home/patriciacorreia/Documents/airflowalura/venv/lib/python3.9/site-packages/airflow/example_dags/example_branch_labels.py
[2024-12-18 22:40:40,012] {processor.py:641} INFO - Processing file /home/patriciacorreia/Documents/airflowalura/venv/lib/python3.9/site-packages/airflow/example_dags/example_branch_labels.py for tasks to queue
[2024-12-18 22:40:40,013] {logging_mixin.py:115} INFO - [2024-12-18 22:40:40,013] {dagbag.py:507} INFO - Filling up the DagBag from /home/patriciacorreia/Documents/airflowalura/venv/lib/python3.9/site-packages/airflow/example_dags/example_branch_labels.py
[2024-12-18 22:40:40,034] {processor.py:651} INFO - DAG(s) dict_keys(['example_branch_labels']) retrieved from /home/patriciacorreia/Documents/airflowalura/venv/lib/python3.9/site-packages/airflow/example_dags/example_branch_labels.py
[2024-12-18 22:40:40,088] {logging_mixin.py:115} INFO - [2024-12-18 22:40:40,088] {dag.py:2379} INFO - Sync 1 DAGs
[2024-12-18 22:40:40,142] {logging_mixin.py:115} INFO - [2024-12-18 22:40:40,142] {dag.py:2927} INFO - Setting next_dagrun for example_branch_labels to 2024-12-18T00:00:00+00:00, run_after=2024-12-19T00:00:00+00:00
[2024-12-18 22:40:40,168] {processor.py:161} INFO - Processing /home/patriciacorreia/Documents/airflowalura/venv/lib/python3.9/site-packages/airflow/example_dags/example_branch_labels.py took 0.171 seconds
