[2024-12-18 22:05:31,497] {processor.py:153} INFO - Started process (PID=13818) to work on /home/patriciacorreia/Documents/airflowalura/venv/lib/python3.9/site-packages/airflow/example_dags/example_latest_only.py
[2024-12-18 22:05:31,497] {processor.py:641} INFO - Processing file /home/patriciacorreia/Documents/airflowalura/venv/lib/python3.9/site-packages/airflow/example_dags/example_latest_only.py for tasks to queue
[2024-12-18 22:05:31,498] {logging_mixin.py:115} INFO - [2024-12-18 22:05:31,498] {dagbag.py:507} INFO - Filling up the DagBag from /home/patriciacorreia/Documents/airflowalura/venv/lib/python3.9/site-packages/airflow/example_dags/example_latest_only.py
[2024-12-18 22:05:31,506] {processor.py:651} INFO - DAG(s) dict_keys(['latest_only']) retrieved from /home/patriciacorreia/Documents/airflowalura/venv/lib/python3.9/site-packages/airflow/example_dags/example_latest_only.py
[2024-12-18 22:05:31,591] {logging_mixin.py:115} INFO - [2024-12-18 22:05:31,591] {manager.py:508} INFO - Created Permission View: can read on DAG:latest_only
[2024-12-18 22:05:31,602] {logging_mixin.py:115} INFO - [2024-12-18 22:05:31,602] {manager.py:508} INFO - Created Permission View: can delete on DAG:latest_only
[2024-12-18 22:05:31,611] {logging_mixin.py:115} INFO - [2024-12-18 22:05:31,611] {manager.py:508} INFO - Created Permission View: can edit on DAG:latest_only
[2024-12-18 22:05:31,611] {logging_mixin.py:115} INFO - [2024-12-18 22:05:31,611] {dag.py:2379} INFO - Sync 1 DAGs
[2024-12-18 22:05:31,621] {logging_mixin.py:115} INFO - [2024-12-18 22:05:31,621] {dag.py:2398} INFO - Creating ORM DAG for latest_only
[2024-12-18 22:05:31,635] {logging_mixin.py:115} INFO - [2024-12-18 22:05:31,635] {dag.py:2927} INFO - Setting next_dagrun for latest_only to 2024-12-18T21:05:31.634562+00:00, run_after=2024-12-19T01:05:31.634562+00:00
[2024-12-18 22:05:31,655] {processor.py:161} INFO - Processing /home/patriciacorreia/Documents/airflowalura/venv/lib/python3.9/site-packages/airflow/example_dags/example_latest_only.py took 0.162 seconds
[2024-12-18 22:06:09,016] {processor.py:153} INFO - Started process (PID=13946) to work on /home/patriciacorreia/Documents/airflowalura/venv/lib/python3.9/site-packages/airflow/example_dags/example_latest_only.py
[2024-12-18 22:06:09,017] {processor.py:641} INFO - Processing file /home/patriciacorreia/Documents/airflowalura/venv/lib/python3.9/site-packages/airflow/example_dags/example_latest_only.py for tasks to queue
[2024-12-18 22:06:09,018] {logging_mixin.py:115} INFO - [2024-12-18 22:06:09,018] {dagbag.py:507} INFO - Filling up the DagBag from /home/patriciacorreia/Documents/airflowalura/venv/lib/python3.9/site-packages/airflow/example_dags/example_latest_only.py
[2024-12-18 22:06:09,025] {processor.py:651} INFO - DAG(s) dict_keys(['latest_only']) retrieved from /home/patriciacorreia/Documents/airflowalura/venv/lib/python3.9/site-packages/airflow/example_dags/example_latest_only.py
[2024-12-18 22:06:09,045] {logging_mixin.py:115} INFO - [2024-12-18 22:06:09,045] {dag.py:2379} INFO - Sync 1 DAGs
[2024-12-18 22:06:09,066] {logging_mixin.py:115} INFO - [2024-12-18 22:06:09,066] {dag.py:2927} INFO - Setting next_dagrun for latest_only to 2024-12-18T21:06:09.065744+00:00, run_after=2024-12-19T01:06:09.065744+00:00
[2024-12-18 22:06:09,084] {processor.py:161} INFO - Processing /home/patriciacorreia/Documents/airflowalura/venv/lib/python3.9/site-packages/airflow/example_dags/example_latest_only.py took 0.072 seconds
[2024-12-18 22:06:43,969] {processor.py:153} INFO - Started process (PID=14094) to work on /home/patriciacorreia/Documents/airflowalura/venv/lib/python3.9/site-packages/airflow/example_dags/example_latest_only.py
[2024-12-18 22:06:43,970] {processor.py:641} INFO - Processing file /home/patriciacorreia/Documents/airflowalura/venv/lib/python3.9/site-packages/airflow/example_dags/example_latest_only.py for tasks to queue
[2024-12-18 22:06:43,971] {logging_mixin.py:115} INFO - [2024-12-18 22:06:43,971] {dagbag.py:507} INFO - Filling up the DagBag from /home/patriciacorreia/Documents/airflowalura/venv/lib/python3.9/site-packages/airflow/example_dags/example_latest_only.py
[2024-12-18 22:06:43,980] {processor.py:651} INFO - DAG(s) dict_keys(['latest_only']) retrieved from /home/patriciacorreia/Documents/airflowalura/venv/lib/python3.9/site-packages/airflow/example_dags/example_latest_only.py
[2024-12-18 22:06:44,002] {logging_mixin.py:115} INFO - [2024-12-18 22:06:44,002] {dag.py:2379} INFO - Sync 1 DAGs
[2024-12-18 22:06:44,024] {logging_mixin.py:115} INFO - [2024-12-18 22:06:44,024] {dag.py:2927} INFO - Setting next_dagrun for latest_only to 2024-12-18T21:06:44.024262+00:00, run_after=2024-12-19T01:06:44.024262+00:00
[2024-12-18 22:06:44,043] {processor.py:161} INFO - Processing /home/patriciacorreia/Documents/airflowalura/venv/lib/python3.9/site-packages/airflow/example_dags/example_latest_only.py took 0.081 seconds
[2024-12-18 22:07:22,747] {processor.py:153} INFO - Started process (PID=14184) to work on /home/patriciacorreia/Documents/airflowalura/venv/lib/python3.9/site-packages/airflow/example_dags/example_latest_only.py
[2024-12-18 22:07:22,751] {processor.py:641} INFO - Processing file /home/patriciacorreia/Documents/airflowalura/venv/lib/python3.9/site-packages/airflow/example_dags/example_latest_only.py for tasks to queue
[2024-12-18 22:07:22,755] {logging_mixin.py:115} INFO - [2024-12-18 22:07:22,754] {dagbag.py:507} INFO - Filling up the DagBag from /home/patriciacorreia/Documents/airflowalura/venv/lib/python3.9/site-packages/airflow/example_dags/example_latest_only.py
[2024-12-18 22:07:22,770] {processor.py:651} INFO - DAG(s) dict_keys(['latest_only']) retrieved from /home/patriciacorreia/Documents/airflowalura/venv/lib/python3.9/site-packages/airflow/example_dags/example_latest_only.py
[2024-12-18 22:07:22,828] {logging_mixin.py:115} INFO - [2024-12-18 22:07:22,828] {dag.py:2379} INFO - Sync 1 DAGs
[2024-12-18 22:07:22,887] {logging_mixin.py:115} INFO - [2024-12-18 22:07:22,887] {dag.py:2927} INFO - Setting next_dagrun for latest_only to 2024-12-18T21:07:22.886998+00:00, run_after=2024-12-19T01:07:22.886998+00:00
[2024-12-18 22:07:23,014] {processor.py:161} INFO - Processing /home/patriciacorreia/Documents/airflowalura/venv/lib/python3.9/site-packages/airflow/example_dags/example_latest_only.py took 0.282 seconds
[2024-12-18 22:08:00,803] {processor.py:153} INFO - Started process (PID=14264) to work on /home/patriciacorreia/Documents/airflowalura/venv/lib/python3.9/site-packages/airflow/example_dags/example_latest_only.py
[2024-12-18 22:08:00,805] {processor.py:641} INFO - Processing file /home/patriciacorreia/Documents/airflowalura/venv/lib/python3.9/site-packages/airflow/example_dags/example_latest_only.py for tasks to queue
[2024-12-18 22:08:00,806] {logging_mixin.py:115} INFO - [2024-12-18 22:08:00,806] {dagbag.py:507} INFO - Filling up the DagBag from /home/patriciacorreia/Documents/airflowalura/venv/lib/python3.9/site-packages/airflow/example_dags/example_latest_only.py
[2024-12-18 22:08:00,816] {processor.py:651} INFO - DAG(s) dict_keys(['latest_only']) retrieved from /home/patriciacorreia/Documents/airflowalura/venv/lib/python3.9/site-packages/airflow/example_dags/example_latest_only.py
[2024-12-18 22:08:00,845] {logging_mixin.py:115} INFO - [2024-12-18 22:08:00,845] {dag.py:2379} INFO - Sync 1 DAGs
[2024-12-18 22:08:00,882] {logging_mixin.py:115} INFO - [2024-12-18 22:08:00,881] {dag.py:2927} INFO - Setting next_dagrun for latest_only to 2024-12-18T21:08:00.881049+00:00, run_after=2024-12-19T01:08:00.881049+00:00
[2024-12-18 22:08:00,908] {processor.py:161} INFO - Processing /home/patriciacorreia/Documents/airflowalura/venv/lib/python3.9/site-packages/airflow/example_dags/example_latest_only.py took 0.110 seconds
[2024-12-18 22:08:38,242] {processor.py:153} INFO - Started process (PID=14392) to work on /home/patriciacorreia/Documents/airflowalura/venv/lib/python3.9/site-packages/airflow/example_dags/example_latest_only.py
[2024-12-18 22:08:38,244] {processor.py:641} INFO - Processing file /home/patriciacorreia/Documents/airflowalura/venv/lib/python3.9/site-packages/airflow/example_dags/example_latest_only.py for tasks to queue
[2024-12-18 22:08:38,245] {logging_mixin.py:115} INFO - [2024-12-18 22:08:38,245] {dagbag.py:507} INFO - Filling up the DagBag from /home/patriciacorreia/Documents/airflowalura/venv/lib/python3.9/site-packages/airflow/example_dags/example_latest_only.py
[2024-12-18 22:08:38,258] {processor.py:651} INFO - DAG(s) dict_keys(['latest_only']) retrieved from /home/patriciacorreia/Documents/airflowalura/venv/lib/python3.9/site-packages/airflow/example_dags/example_latest_only.py
[2024-12-18 22:08:38,302] {logging_mixin.py:115} INFO - [2024-12-18 22:08:38,301] {dag.py:2379} INFO - Sync 1 DAGs
[2024-12-18 22:08:38,338] {logging_mixin.py:115} INFO - [2024-12-18 22:08:38,338] {dag.py:2927} INFO - Setting next_dagrun for latest_only to 2024-12-18T21:08:38.337827+00:00, run_after=2024-12-19T01:08:38.337827+00:00
[2024-12-18 22:08:38,358] {processor.py:161} INFO - Processing /home/patriciacorreia/Documents/airflowalura/venv/lib/python3.9/site-packages/airflow/example_dags/example_latest_only.py took 0.124 seconds
[2024-12-18 22:09:15,603] {processor.py:153} INFO - Started process (PID=14560) to work on /home/patriciacorreia/Documents/airflowalura/venv/lib/python3.9/site-packages/airflow/example_dags/example_latest_only.py
[2024-12-18 22:09:15,605] {processor.py:641} INFO - Processing file /home/patriciacorreia/Documents/airflowalura/venv/lib/python3.9/site-packages/airflow/example_dags/example_latest_only.py for tasks to queue
[2024-12-18 22:09:15,605] {logging_mixin.py:115} INFO - [2024-12-18 22:09:15,605] {dagbag.py:507} INFO - Filling up the DagBag from /home/patriciacorreia/Documents/airflowalura/venv/lib/python3.9/site-packages/airflow/example_dags/example_latest_only.py
[2024-12-18 22:09:15,615] {processor.py:651} INFO - DAG(s) dict_keys(['latest_only']) retrieved from /home/patriciacorreia/Documents/airflowalura/venv/lib/python3.9/site-packages/airflow/example_dags/example_latest_only.py
[2024-12-18 22:09:15,643] {logging_mixin.py:115} INFO - [2024-12-18 22:09:15,643] {dag.py:2379} INFO - Sync 1 DAGs
[2024-12-18 22:09:15,672] {logging_mixin.py:115} INFO - [2024-12-18 22:09:15,672] {dag.py:2927} INFO - Setting next_dagrun for latest_only to 2024-12-18T21:09:15.671804+00:00, run_after=2024-12-19T01:09:15.671804+00:00
[2024-12-18 22:09:15,691] {processor.py:161} INFO - Processing /home/patriciacorreia/Documents/airflowalura/venv/lib/python3.9/site-packages/airflow/example_dags/example_latest_only.py took 0.094 seconds
[2024-12-18 22:09:54,776] {processor.py:153} INFO - Started process (PID=14763) to work on /home/patriciacorreia/Documents/airflowalura/venv/lib/python3.9/site-packages/airflow/example_dags/example_latest_only.py
[2024-12-18 22:09:54,777] {processor.py:641} INFO - Processing file /home/patriciacorreia/Documents/airflowalura/venv/lib/python3.9/site-packages/airflow/example_dags/example_latest_only.py for tasks to queue
[2024-12-18 22:09:54,778] {logging_mixin.py:115} INFO - [2024-12-18 22:09:54,777] {dagbag.py:507} INFO - Filling up the DagBag from /home/patriciacorreia/Documents/airflowalura/venv/lib/python3.9/site-packages/airflow/example_dags/example_latest_only.py
[2024-12-18 22:09:54,786] {processor.py:651} INFO - DAG(s) dict_keys(['latest_only']) retrieved from /home/patriciacorreia/Documents/airflowalura/venv/lib/python3.9/site-packages/airflow/example_dags/example_latest_only.py
[2024-12-18 22:09:54,808] {logging_mixin.py:115} INFO - [2024-12-18 22:09:54,808] {dag.py:2379} INFO - Sync 1 DAGs
[2024-12-18 22:09:54,835] {logging_mixin.py:115} INFO - [2024-12-18 22:09:54,835] {dag.py:2927} INFO - Setting next_dagrun for latest_only to 2024-12-18T21:09:54.834835+00:00, run_after=2024-12-19T01:09:54.834835+00:00
[2024-12-18 22:09:54,856] {processor.py:161} INFO - Processing /home/patriciacorreia/Documents/airflowalura/venv/lib/python3.9/site-packages/airflow/example_dags/example_latest_only.py took 0.084 seconds
[2024-12-18 22:10:30,372] {processor.py:153} INFO - Started process (PID=15045) to work on /home/patriciacorreia/Documents/airflowalura/venv/lib/python3.9/site-packages/airflow/example_dags/example_latest_only.py
[2024-12-18 22:10:30,374] {processor.py:641} INFO - Processing file /home/patriciacorreia/Documents/airflowalura/venv/lib/python3.9/site-packages/airflow/example_dags/example_latest_only.py for tasks to queue
[2024-12-18 22:10:30,376] {logging_mixin.py:115} INFO - [2024-12-18 22:10:30,376] {dagbag.py:507} INFO - Filling up the DagBag from /home/patriciacorreia/Documents/airflowalura/venv/lib/python3.9/site-packages/airflow/example_dags/example_latest_only.py
[2024-12-18 22:10:30,389] {processor.py:651} INFO - DAG(s) dict_keys(['latest_only']) retrieved from /home/patriciacorreia/Documents/airflowalura/venv/lib/python3.9/site-packages/airflow/example_dags/example_latest_only.py
[2024-12-18 22:10:30,425] {logging_mixin.py:115} INFO - [2024-12-18 22:10:30,425] {dag.py:2379} INFO - Sync 1 DAGs
[2024-12-18 22:10:30,472] {logging_mixin.py:115} INFO - [2024-12-18 22:10:30,471] {dag.py:2927} INFO - Setting next_dagrun for latest_only to 2024-12-18T21:10:30.471202+00:00, run_after=2024-12-19T01:10:30.471202+00:00
[2024-12-18 22:10:30,496] {processor.py:161} INFO - Processing /home/patriciacorreia/Documents/airflowalura/venv/lib/python3.9/site-packages/airflow/example_dags/example_latest_only.py took 0.131 seconds
[2024-12-18 22:11:16,006] {processor.py:153} INFO - Started process (PID=15448) to work on /home/patriciacorreia/Documents/airflowalura/venv/lib/python3.9/site-packages/airflow/example_dags/example_latest_only.py
[2024-12-18 22:11:16,009] {processor.py:641} INFO - Processing file /home/patriciacorreia/Documents/airflowalura/venv/lib/python3.9/site-packages/airflow/example_dags/example_latest_only.py for tasks to queue
[2024-12-18 22:11:16,011] {logging_mixin.py:115} INFO - [2024-12-18 22:11:16,011] {dagbag.py:507} INFO - Filling up the DagBag from /home/patriciacorreia/Documents/airflowalura/venv/lib/python3.9/site-packages/airflow/example_dags/example_latest_only.py
[2024-12-18 22:11:16,039] {processor.py:651} INFO - DAG(s) dict_keys(['latest_only']) retrieved from /home/patriciacorreia/Documents/airflowalura/venv/lib/python3.9/site-packages/airflow/example_dags/example_latest_only.py
[2024-12-18 22:11:16,113] {logging_mixin.py:115} INFO - [2024-12-18 22:11:16,113] {dag.py:2379} INFO - Sync 1 DAGs
[2024-12-18 22:11:16,212] {logging_mixin.py:115} INFO - [2024-12-18 22:11:16,212] {dag.py:2927} INFO - Setting next_dagrun for latest_only to 2024-12-18T21:11:16.211597+00:00, run_after=2024-12-19T01:11:16.211597+00:00
[2024-12-18 22:11:16,233] {processor.py:161} INFO - Processing /home/patriciacorreia/Documents/airflowalura/venv/lib/python3.9/site-packages/airflow/example_dags/example_latest_only.py took 0.240 seconds
[2024-12-18 22:11:53,464] {processor.py:153} INFO - Started process (PID=15610) to work on /home/patriciacorreia/Documents/airflowalura/venv/lib/python3.9/site-packages/airflow/example_dags/example_latest_only.py
[2024-12-18 22:11:53,467] {processor.py:641} INFO - Processing file /home/patriciacorreia/Documents/airflowalura/venv/lib/python3.9/site-packages/airflow/example_dags/example_latest_only.py for tasks to queue
[2024-12-18 22:11:53,469] {logging_mixin.py:115} INFO - [2024-12-18 22:11:53,469] {dagbag.py:507} INFO - Filling up the DagBag from /home/patriciacorreia/Documents/airflowalura/venv/lib/python3.9/site-packages/airflow/example_dags/example_latest_only.py
[2024-12-18 22:11:53,487] {processor.py:651} INFO - DAG(s) dict_keys(['latest_only']) retrieved from /home/patriciacorreia/Documents/airflowalura/venv/lib/python3.9/site-packages/airflow/example_dags/example_latest_only.py
[2024-12-18 22:11:53,544] {logging_mixin.py:115} INFO - [2024-12-18 22:11:53,544] {dag.py:2379} INFO - Sync 1 DAGs
[2024-12-18 22:11:53,611] {logging_mixin.py:115} INFO - [2024-12-18 22:11:53,611] {dag.py:2927} INFO - Setting next_dagrun for latest_only to 2024-12-18T21:11:53.610373+00:00, run_after=2024-12-19T01:11:53.610373+00:00
[2024-12-18 22:11:53,653] {processor.py:161} INFO - Processing /home/patriciacorreia/Documents/airflowalura/venv/lib/python3.9/site-packages/airflow/example_dags/example_latest_only.py took 0.200 seconds
[2024-12-18 22:12:33,048] {processor.py:153} INFO - Started process (PID=15794) to work on /home/patriciacorreia/Documents/airflowalura/venv/lib/python3.9/site-packages/airflow/example_dags/example_latest_only.py
[2024-12-18 22:12:33,051] {processor.py:641} INFO - Processing file /home/patriciacorreia/Documents/airflowalura/venv/lib/python3.9/site-packages/airflow/example_dags/example_latest_only.py for tasks to queue
[2024-12-18 22:12:33,053] {logging_mixin.py:115} INFO - [2024-12-18 22:12:33,053] {dagbag.py:507} INFO - Filling up the DagBag from /home/patriciacorreia/Documents/airflowalura/venv/lib/python3.9/site-packages/airflow/example_dags/example_latest_only.py
[2024-12-18 22:12:33,076] {processor.py:651} INFO - DAG(s) dict_keys(['latest_only']) retrieved from /home/patriciacorreia/Documents/airflowalura/venv/lib/python3.9/site-packages/airflow/example_dags/example_latest_only.py
[2024-12-18 22:12:33,146] {logging_mixin.py:115} INFO - [2024-12-18 22:12:33,145] {dag.py:2379} INFO - Sync 1 DAGs
[2024-12-18 22:12:33,221] {logging_mixin.py:115} INFO - [2024-12-18 22:12:33,221] {dag.py:2927} INFO - Setting next_dagrun for latest_only to 2024-12-18T21:12:33.220531+00:00, run_after=2024-12-19T01:12:33.220531+00:00
[2024-12-18 22:12:33,241] {processor.py:161} INFO - Processing /home/patriciacorreia/Documents/airflowalura/venv/lib/python3.9/site-packages/airflow/example_dags/example_latest_only.py took 0.204 seconds
[2024-12-18 22:13:18,638] {processor.py:153} INFO - Started process (PID=15993) to work on /home/patriciacorreia/Documents/airflowalura/venv/lib/python3.9/site-packages/airflow/example_dags/example_latest_only.py
[2024-12-18 22:13:18,641] {processor.py:641} INFO - Processing file /home/patriciacorreia/Documents/airflowalura/venv/lib/python3.9/site-packages/airflow/example_dags/example_latest_only.py for tasks to queue
[2024-12-18 22:13:18,643] {logging_mixin.py:115} INFO - [2024-12-18 22:13:18,643] {dagbag.py:507} INFO - Filling up the DagBag from /home/patriciacorreia/Documents/airflowalura/venv/lib/python3.9/site-packages/airflow/example_dags/example_latest_only.py
[2024-12-18 22:13:18,658] {processor.py:651} INFO - DAG(s) dict_keys(['latest_only']) retrieved from /home/patriciacorreia/Documents/airflowalura/venv/lib/python3.9/site-packages/airflow/example_dags/example_latest_only.py
[2024-12-18 22:13:18,697] {logging_mixin.py:115} INFO - [2024-12-18 22:13:18,697] {dag.py:2379} INFO - Sync 1 DAGs
[2024-12-18 22:13:18,722] {logging_mixin.py:115} INFO - [2024-12-18 22:13:18,722] {dag.py:2927} INFO - Setting next_dagrun for latest_only to 2024-12-18T21:13:18.722484+00:00, run_after=2024-12-19T01:13:18.722484+00:00
[2024-12-18 22:13:18,738] {processor.py:161} INFO - Processing /home/patriciacorreia/Documents/airflowalura/venv/lib/python3.9/site-packages/airflow/example_dags/example_latest_only.py took 0.108 seconds
[2024-12-18 22:13:55,413] {processor.py:153} INFO - Started process (PID=16178) to work on /home/patriciacorreia/Documents/airflowalura/venv/lib/python3.9/site-packages/airflow/example_dags/example_latest_only.py
[2024-12-18 22:13:55,416] {processor.py:641} INFO - Processing file /home/patriciacorreia/Documents/airflowalura/venv/lib/python3.9/site-packages/airflow/example_dags/example_latest_only.py for tasks to queue
[2024-12-18 22:13:55,418] {logging_mixin.py:115} INFO - [2024-12-18 22:13:55,417] {dagbag.py:507} INFO - Filling up the DagBag from /home/patriciacorreia/Documents/airflowalura/venv/lib/python3.9/site-packages/airflow/example_dags/example_latest_only.py
[2024-12-18 22:13:55,431] {processor.py:651} INFO - DAG(s) dict_keys(['latest_only']) retrieved from /home/patriciacorreia/Documents/airflowalura/venv/lib/python3.9/site-packages/airflow/example_dags/example_latest_only.py
[2024-12-18 22:13:55,461] {logging_mixin.py:115} INFO - [2024-12-18 22:13:55,461] {dag.py:2379} INFO - Sync 1 DAGs
[2024-12-18 22:13:55,491] {logging_mixin.py:115} INFO - [2024-12-18 22:13:55,491] {dag.py:2927} INFO - Setting next_dagrun for latest_only to 2024-12-18T21:13:55.491127+00:00, run_after=2024-12-19T01:13:55.491127+00:00
[2024-12-18 22:13:55,508] {processor.py:161} INFO - Processing /home/patriciacorreia/Documents/airflowalura/venv/lib/python3.9/site-packages/airflow/example_dags/example_latest_only.py took 0.104 seconds
[2024-12-18 22:14:39,440] {processor.py:153} INFO - Started process (PID=16389) to work on /home/patriciacorreia/Documents/airflowalura/venv/lib/python3.9/site-packages/airflow/example_dags/example_latest_only.py
[2024-12-18 22:14:39,443] {processor.py:641} INFO - Processing file /home/patriciacorreia/Documents/airflowalura/venv/lib/python3.9/site-packages/airflow/example_dags/example_latest_only.py for tasks to queue
[2024-12-18 22:14:39,445] {logging_mixin.py:115} INFO - [2024-12-18 22:14:39,445] {dagbag.py:507} INFO - Filling up the DagBag from /home/patriciacorreia/Documents/airflowalura/venv/lib/python3.9/site-packages/airflow/example_dags/example_latest_only.py
[2024-12-18 22:14:39,479] {processor.py:651} INFO - DAG(s) dict_keys(['latest_only']) retrieved from /home/patriciacorreia/Documents/airflowalura/venv/lib/python3.9/site-packages/airflow/example_dags/example_latest_only.py
[2024-12-18 22:14:39,600] {logging_mixin.py:115} INFO - [2024-12-18 22:14:39,599] {dag.py:2379} INFO - Sync 1 DAGs
[2024-12-18 22:14:39,666] {logging_mixin.py:115} INFO - [2024-12-18 22:14:39,666] {dag.py:2927} INFO - Setting next_dagrun for latest_only to 2024-12-18T21:14:39.665497+00:00, run_after=2024-12-19T01:14:39.665497+00:00
[2024-12-18 22:14:39,705] {processor.py:161} INFO - Processing /home/patriciacorreia/Documents/airflowalura/venv/lib/python3.9/site-packages/airflow/example_dags/example_latest_only.py took 0.277 seconds
[2024-12-18 22:15:20,834] {processor.py:153} INFO - Started process (PID=16584) to work on /home/patriciacorreia/Documents/airflowalura/venv/lib/python3.9/site-packages/airflow/example_dags/example_latest_only.py
[2024-12-18 22:15:20,835] {processor.py:641} INFO - Processing file /home/patriciacorreia/Documents/airflowalura/venv/lib/python3.9/site-packages/airflow/example_dags/example_latest_only.py for tasks to queue
[2024-12-18 22:15:20,836] {logging_mixin.py:115} INFO - [2024-12-18 22:15:20,836] {dagbag.py:507} INFO - Filling up the DagBag from /home/patriciacorreia/Documents/airflowalura/venv/lib/python3.9/site-packages/airflow/example_dags/example_latest_only.py
[2024-12-18 22:15:20,845] {processor.py:651} INFO - DAG(s) dict_keys(['latest_only']) retrieved from /home/patriciacorreia/Documents/airflowalura/venv/lib/python3.9/site-packages/airflow/example_dags/example_latest_only.py
[2024-12-18 22:15:20,870] {logging_mixin.py:115} INFO - [2024-12-18 22:15:20,870] {dag.py:2379} INFO - Sync 1 DAGs
[2024-12-18 22:15:20,897] {logging_mixin.py:115} INFO - [2024-12-18 22:15:20,897] {dag.py:2927} INFO - Setting next_dagrun for latest_only to 2024-12-18T21:15:20.897417+00:00, run_after=2024-12-19T01:15:20.897417+00:00
[2024-12-18 22:15:20,915] {processor.py:161} INFO - Processing /home/patriciacorreia/Documents/airflowalura/venv/lib/python3.9/site-packages/airflow/example_dags/example_latest_only.py took 0.086 seconds
[2024-12-18 22:16:00,873] {processor.py:153} INFO - Started process (PID=16791) to work on /home/patriciacorreia/Documents/airflowalura/venv/lib/python3.9/site-packages/airflow/example_dags/example_latest_only.py
[2024-12-18 22:16:00,877] {processor.py:641} INFO - Processing file /home/patriciacorreia/Documents/airflowalura/venv/lib/python3.9/site-packages/airflow/example_dags/example_latest_only.py for tasks to queue
[2024-12-18 22:16:00,879] {logging_mixin.py:115} INFO - [2024-12-18 22:16:00,878] {dagbag.py:507} INFO - Filling up the DagBag from /home/patriciacorreia/Documents/airflowalura/venv/lib/python3.9/site-packages/airflow/example_dags/example_latest_only.py
[2024-12-18 22:16:00,907] {processor.py:651} INFO - DAG(s) dict_keys(['latest_only']) retrieved from /home/patriciacorreia/Documents/airflowalura/venv/lib/python3.9/site-packages/airflow/example_dags/example_latest_only.py
[2024-12-18 22:16:01,011] {logging_mixin.py:115} INFO - [2024-12-18 22:16:01,010] {dag.py:2379} INFO - Sync 1 DAGs
[2024-12-18 22:16:01,047] {logging_mixin.py:115} INFO - [2024-12-18 22:16:01,047] {dag.py:2927} INFO - Setting next_dagrun for latest_only to 2024-12-18T21:16:01.046957+00:00, run_after=2024-12-19T01:16:01.046957+00:00
[2024-12-18 22:16:01,071] {processor.py:161} INFO - Processing /home/patriciacorreia/Documents/airflowalura/venv/lib/python3.9/site-packages/airflow/example_dags/example_latest_only.py took 0.213 seconds
[2024-12-18 22:16:50,037] {processor.py:153} INFO - Started process (PID=17092) to work on /home/patriciacorreia/Documents/airflowalura/venv/lib/python3.9/site-packages/airflow/example_dags/example_latest_only.py
[2024-12-18 22:16:50,038] {processor.py:641} INFO - Processing file /home/patriciacorreia/Documents/airflowalura/venv/lib/python3.9/site-packages/airflow/example_dags/example_latest_only.py for tasks to queue
[2024-12-18 22:16:50,039] {logging_mixin.py:115} INFO - [2024-12-18 22:16:50,039] {dagbag.py:507} INFO - Filling up the DagBag from /home/patriciacorreia/Documents/airflowalura/venv/lib/python3.9/site-packages/airflow/example_dags/example_latest_only.py
[2024-12-18 22:16:50,072] {processor.py:651} INFO - DAG(s) dict_keys(['latest_only']) retrieved from /home/patriciacorreia/Documents/airflowalura/venv/lib/python3.9/site-packages/airflow/example_dags/example_latest_only.py
[2024-12-18 22:16:50,105] {logging_mixin.py:115} INFO - [2024-12-18 22:16:50,105] {dag.py:2379} INFO - Sync 1 DAGs
[2024-12-18 22:16:50,174] {logging_mixin.py:115} INFO - [2024-12-18 22:16:50,174] {dag.py:2927} INFO - Setting next_dagrun for latest_only to 2024-12-18T21:16:50.173978+00:00, run_after=2024-12-19T01:16:50.173978+00:00
[2024-12-18 22:16:50,198] {processor.py:161} INFO - Processing /home/patriciacorreia/Documents/airflowalura/venv/lib/python3.9/site-packages/airflow/example_dags/example_latest_only.py took 0.171 seconds
[2024-12-18 22:17:31,597] {processor.py:153} INFO - Started process (PID=17303) to work on /home/patriciacorreia/Documents/airflowalura/venv/lib/python3.9/site-packages/airflow/example_dags/example_latest_only.py
[2024-12-18 22:17:31,601] {processor.py:641} INFO - Processing file /home/patriciacorreia/Documents/airflowalura/venv/lib/python3.9/site-packages/airflow/example_dags/example_latest_only.py for tasks to queue
[2024-12-18 22:17:31,604] {logging_mixin.py:115} INFO - [2024-12-18 22:17:31,604] {dagbag.py:507} INFO - Filling up the DagBag from /home/patriciacorreia/Documents/airflowalura/venv/lib/python3.9/site-packages/airflow/example_dags/example_latest_only.py
[2024-12-18 22:17:31,628] {processor.py:651} INFO - DAG(s) dict_keys(['latest_only']) retrieved from /home/patriciacorreia/Documents/airflowalura/venv/lib/python3.9/site-packages/airflow/example_dags/example_latest_only.py
[2024-12-18 22:17:31,689] {logging_mixin.py:115} INFO - [2024-12-18 22:17:31,689] {dag.py:2379} INFO - Sync 1 DAGs
[2024-12-18 22:17:31,774] {logging_mixin.py:115} INFO - [2024-12-18 22:17:31,773] {dag.py:2927} INFO - Setting next_dagrun for latest_only to 2024-12-18T21:17:31.772866+00:00, run_after=2024-12-19T01:17:31.772866+00:00
[2024-12-18 22:17:31,830] {processor.py:161} INFO - Processing /home/patriciacorreia/Documents/airflowalura/venv/lib/python3.9/site-packages/airflow/example_dags/example_latest_only.py took 0.248 seconds
[2024-12-18 22:18:18,611] {processor.py:153} INFO - Started process (PID=17520) to work on /home/patriciacorreia/Documents/airflowalura/venv/lib/python3.9/site-packages/airflow/example_dags/example_latest_only.py
[2024-12-18 22:18:18,614] {processor.py:641} INFO - Processing file /home/patriciacorreia/Documents/airflowalura/venv/lib/python3.9/site-packages/airflow/example_dags/example_latest_only.py for tasks to queue
[2024-12-18 22:18:18,616] {logging_mixin.py:115} INFO - [2024-12-18 22:18:18,615] {dagbag.py:507} INFO - Filling up the DagBag from /home/patriciacorreia/Documents/airflowalura/venv/lib/python3.9/site-packages/airflow/example_dags/example_latest_only.py
[2024-12-18 22:18:18,634] {processor.py:651} INFO - DAG(s) dict_keys(['latest_only']) retrieved from /home/patriciacorreia/Documents/airflowalura/venv/lib/python3.9/site-packages/airflow/example_dags/example_latest_only.py
[2024-12-18 22:18:18,679] {logging_mixin.py:115} INFO - [2024-12-18 22:18:18,679] {dag.py:2379} INFO - Sync 1 DAGs
[2024-12-18 22:18:18,730] {logging_mixin.py:115} INFO - [2024-12-18 22:18:18,730] {dag.py:2927} INFO - Setting next_dagrun for latest_only to 2024-12-18T21:18:18.729900+00:00, run_after=2024-12-19T01:18:18.729900+00:00
[2024-12-18 22:18:18,756] {processor.py:161} INFO - Processing /home/patriciacorreia/Documents/airflowalura/venv/lib/python3.9/site-packages/airflow/example_dags/example_latest_only.py took 0.157 seconds
[2024-12-18 22:19:40,972] {processor.py:153} INFO - Started process (PID=17878) to work on /home/patriciacorreia/Documents/airflowalura/venv/lib/python3.9/site-packages/airflow/example_dags/example_latest_only.py
[2024-12-18 22:19:40,975] {processor.py:641} INFO - Processing file /home/patriciacorreia/Documents/airflowalura/venv/lib/python3.9/site-packages/airflow/example_dags/example_latest_only.py for tasks to queue
[2024-12-18 22:19:40,976] {logging_mixin.py:115} INFO - [2024-12-18 22:19:40,976] {dagbag.py:507} INFO - Filling up the DagBag from /home/patriciacorreia/Documents/airflowalura/venv/lib/python3.9/site-packages/airflow/example_dags/example_latest_only.py
[2024-12-18 22:19:40,987] {processor.py:651} INFO - DAG(s) dict_keys(['latest_only']) retrieved from /home/patriciacorreia/Documents/airflowalura/venv/lib/python3.9/site-packages/airflow/example_dags/example_latest_only.py
[2024-12-18 22:19:41,049] {logging_mixin.py:115} INFO - [2024-12-18 22:19:41,048] {dag.py:2379} INFO - Sync 1 DAGs
[2024-12-18 22:19:41,106] {logging_mixin.py:115} INFO - [2024-12-18 22:19:41,106] {dag.py:2927} INFO - Setting next_dagrun for latest_only to 2024-12-18T21:19:41.105672+00:00, run_after=2024-12-19T01:19:41.105672+00:00
[2024-12-18 22:19:41,137] {processor.py:161} INFO - Processing /home/patriciacorreia/Documents/airflowalura/venv/lib/python3.9/site-packages/airflow/example_dags/example_latest_only.py took 0.175 seconds
[2024-12-18 22:20:23,144] {processor.py:153} INFO - Started process (PID=18080) to work on /home/patriciacorreia/Documents/airflowalura/venv/lib/python3.9/site-packages/airflow/example_dags/example_latest_only.py
[2024-12-18 22:20:23,150] {processor.py:641} INFO - Processing file /home/patriciacorreia/Documents/airflowalura/venv/lib/python3.9/site-packages/airflow/example_dags/example_latest_only.py for tasks to queue
[2024-12-18 22:20:23,153] {logging_mixin.py:115} INFO - [2024-12-18 22:20:23,152] {dagbag.py:507} INFO - Filling up the DagBag from /home/patriciacorreia/Documents/airflowalura/venv/lib/python3.9/site-packages/airflow/example_dags/example_latest_only.py
[2024-12-18 22:20:23,166] {processor.py:651} INFO - DAG(s) dict_keys(['latest_only']) retrieved from /home/patriciacorreia/Documents/airflowalura/venv/lib/python3.9/site-packages/airflow/example_dags/example_latest_only.py
[2024-12-18 22:20:23,193] {logging_mixin.py:115} INFO - [2024-12-18 22:20:23,193] {dag.py:2379} INFO - Sync 1 DAGs
[2024-12-18 22:20:23,229] {logging_mixin.py:115} INFO - [2024-12-18 22:20:23,229] {dag.py:2927} INFO - Setting next_dagrun for latest_only to 2024-12-18T21:20:23.229439+00:00, run_after=2024-12-19T01:20:23.229439+00:00
[2024-12-18 22:20:23,248] {processor.py:161} INFO - Processing /home/patriciacorreia/Documents/airflowalura/venv/lib/python3.9/site-packages/airflow/example_dags/example_latest_only.py took 0.120 seconds
[2024-12-18 22:21:01,062] {processor.py:153} INFO - Started process (PID=18275) to work on /home/patriciacorreia/Documents/airflowalura/venv/lib/python3.9/site-packages/airflow/example_dags/example_latest_only.py
[2024-12-18 22:21:01,068] {processor.py:641} INFO - Processing file /home/patriciacorreia/Documents/airflowalura/venv/lib/python3.9/site-packages/airflow/example_dags/example_latest_only.py for tasks to queue
[2024-12-18 22:21:01,071] {logging_mixin.py:115} INFO - [2024-12-18 22:21:01,071] {dagbag.py:507} INFO - Filling up the DagBag from /home/patriciacorreia/Documents/airflowalura/venv/lib/python3.9/site-packages/airflow/example_dags/example_latest_only.py
[2024-12-18 22:21:01,104] {processor.py:651} INFO - DAG(s) dict_keys(['latest_only']) retrieved from /home/patriciacorreia/Documents/airflowalura/venv/lib/python3.9/site-packages/airflow/example_dags/example_latest_only.py
[2024-12-18 22:21:01,204] {logging_mixin.py:115} INFO - [2024-12-18 22:21:01,204] {dag.py:2379} INFO - Sync 1 DAGs
[2024-12-18 22:21:01,252] {logging_mixin.py:115} INFO - [2024-12-18 22:21:01,252] {dag.py:2927} INFO - Setting next_dagrun for latest_only to 2024-12-18T21:21:01.249874+00:00, run_after=2024-12-19T01:21:01.249874+00:00
[2024-12-18 22:21:01,291] {processor.py:161} INFO - Processing /home/patriciacorreia/Documents/airflowalura/venv/lib/python3.9/site-packages/airflow/example_dags/example_latest_only.py took 0.246 seconds
[2024-12-18 22:21:42,405] {processor.py:153} INFO - Started process (PID=18468) to work on /home/patriciacorreia/Documents/airflowalura/venv/lib/python3.9/site-packages/airflow/example_dags/example_latest_only.py
[2024-12-18 22:21:42,410] {processor.py:641} INFO - Processing file /home/patriciacorreia/Documents/airflowalura/venv/lib/python3.9/site-packages/airflow/example_dags/example_latest_only.py for tasks to queue
[2024-12-18 22:21:42,413] {logging_mixin.py:115} INFO - [2024-12-18 22:21:42,413] {dagbag.py:507} INFO - Filling up the DagBag from /home/patriciacorreia/Documents/airflowalura/venv/lib/python3.9/site-packages/airflow/example_dags/example_latest_only.py
[2024-12-18 22:21:42,460] {processor.py:651} INFO - DAG(s) dict_keys(['latest_only']) retrieved from /home/patriciacorreia/Documents/airflowalura/venv/lib/python3.9/site-packages/airflow/example_dags/example_latest_only.py
[2024-12-18 22:21:42,509] {logging_mixin.py:115} INFO - [2024-12-18 22:21:42,509] {dag.py:2379} INFO - Sync 1 DAGs
[2024-12-18 22:21:42,545] {logging_mixin.py:115} INFO - [2024-12-18 22:21:42,544] {dag.py:2927} INFO - Setting next_dagrun for latest_only to 2024-12-18T21:21:42.544373+00:00, run_after=2024-12-19T01:21:42.544373+00:00
[2024-12-18 22:21:42,565] {processor.py:161} INFO - Processing /home/patriciacorreia/Documents/airflowalura/venv/lib/python3.9/site-packages/airflow/example_dags/example_latest_only.py took 0.186 seconds
[2024-12-18 22:22:20,201] {processor.py:153} INFO - Started process (PID=18636) to work on /home/patriciacorreia/Documents/airflowalura/venv/lib/python3.9/site-packages/airflow/example_dags/example_latest_only.py
[2024-12-18 22:22:20,204] {processor.py:641} INFO - Processing file /home/patriciacorreia/Documents/airflowalura/venv/lib/python3.9/site-packages/airflow/example_dags/example_latest_only.py for tasks to queue
[2024-12-18 22:22:20,206] {logging_mixin.py:115} INFO - [2024-12-18 22:22:20,205] {dagbag.py:507} INFO - Filling up the DagBag from /home/patriciacorreia/Documents/airflowalura/venv/lib/python3.9/site-packages/airflow/example_dags/example_latest_only.py
[2024-12-18 22:22:20,219] {processor.py:651} INFO - DAG(s) dict_keys(['latest_only']) retrieved from /home/patriciacorreia/Documents/airflowalura/venv/lib/python3.9/site-packages/airflow/example_dags/example_latest_only.py
[2024-12-18 22:22:20,256] {logging_mixin.py:115} INFO - [2024-12-18 22:22:20,256] {dag.py:2379} INFO - Sync 1 DAGs
[2024-12-18 22:22:20,308] {logging_mixin.py:115} INFO - [2024-12-18 22:22:20,307] {dag.py:2927} INFO - Setting next_dagrun for latest_only to 2024-12-18T21:22:20.307081+00:00, run_after=2024-12-19T01:22:20.307081+00:00
[2024-12-18 22:22:20,341] {processor.py:161} INFO - Processing /home/patriciacorreia/Documents/airflowalura/venv/lib/python3.9/site-packages/airflow/example_dags/example_latest_only.py took 0.148 seconds
[2024-12-18 22:23:01,879] {processor.py:153} INFO - Started process (PID=18839) to work on /home/patriciacorreia/Documents/airflowalura/venv/lib/python3.9/site-packages/airflow/example_dags/example_latest_only.py
[2024-12-18 22:23:01,888] {processor.py:641} INFO - Processing file /home/patriciacorreia/Documents/airflowalura/venv/lib/python3.9/site-packages/airflow/example_dags/example_latest_only.py for tasks to queue
[2024-12-18 22:23:01,891] {logging_mixin.py:115} INFO - [2024-12-18 22:23:01,890] {dagbag.py:507} INFO - Filling up the DagBag from /home/patriciacorreia/Documents/airflowalura/venv/lib/python3.9/site-packages/airflow/example_dags/example_latest_only.py
[2024-12-18 22:23:01,919] {processor.py:651} INFO - DAG(s) dict_keys(['latest_only']) retrieved from /home/patriciacorreia/Documents/airflowalura/venv/lib/python3.9/site-packages/airflow/example_dags/example_latest_only.py
[2024-12-18 22:23:01,957] {logging_mixin.py:115} INFO - [2024-12-18 22:23:01,957] {dag.py:2379} INFO - Sync 1 DAGs
[2024-12-18 22:23:02,002] {logging_mixin.py:115} INFO - [2024-12-18 22:23:02,001] {dag.py:2927} INFO - Setting next_dagrun for latest_only to 2024-12-18T21:23:02.001311+00:00, run_after=2024-12-19T01:23:02.001311+00:00
[2024-12-18 22:23:02,034] {processor.py:161} INFO - Processing /home/patriciacorreia/Documents/airflowalura/venv/lib/python3.9/site-packages/airflow/example_dags/example_latest_only.py took 0.173 seconds
[2024-12-18 22:23:46,154] {processor.py:153} INFO - Started process (PID=19037) to work on /home/patriciacorreia/Documents/airflowalura/venv/lib/python3.9/site-packages/airflow/example_dags/example_latest_only.py
[2024-12-18 22:23:46,161] {processor.py:641} INFO - Processing file /home/patriciacorreia/Documents/airflowalura/venv/lib/python3.9/site-packages/airflow/example_dags/example_latest_only.py for tasks to queue
[2024-12-18 22:23:46,163] {logging_mixin.py:115} INFO - [2024-12-18 22:23:46,163] {dagbag.py:507} INFO - Filling up the DagBag from /home/patriciacorreia/Documents/airflowalura/venv/lib/python3.9/site-packages/airflow/example_dags/example_latest_only.py
[2024-12-18 22:23:46,195] {processor.py:651} INFO - DAG(s) dict_keys(['latest_only']) retrieved from /home/patriciacorreia/Documents/airflowalura/venv/lib/python3.9/site-packages/airflow/example_dags/example_latest_only.py
[2024-12-18 22:23:46,290] {logging_mixin.py:115} INFO - [2024-12-18 22:23:46,290] {dag.py:2379} INFO - Sync 1 DAGs
[2024-12-18 22:23:46,413] {logging_mixin.py:115} INFO - [2024-12-18 22:23:46,412] {dag.py:2927} INFO - Setting next_dagrun for latest_only to 2024-12-18T21:23:46.410913+00:00, run_after=2024-12-19T01:23:46.410913+00:00
[2024-12-18 22:23:46,508] {processor.py:161} INFO - Processing /home/patriciacorreia/Documents/airflowalura/venv/lib/python3.9/site-packages/airflow/example_dags/example_latest_only.py took 0.375 seconds
[2024-12-18 22:24:33,971] {processor.py:153} INFO - Started process (PID=19266) to work on /home/patriciacorreia/Documents/airflowalura/venv/lib/python3.9/site-packages/airflow/example_dags/example_latest_only.py
[2024-12-18 22:24:33,977] {processor.py:641} INFO - Processing file /home/patriciacorreia/Documents/airflowalura/venv/lib/python3.9/site-packages/airflow/example_dags/example_latest_only.py for tasks to queue
[2024-12-18 22:24:33,981] {logging_mixin.py:115} INFO - [2024-12-18 22:24:33,980] {dagbag.py:507} INFO - Filling up the DagBag from /home/patriciacorreia/Documents/airflowalura/venv/lib/python3.9/site-packages/airflow/example_dags/example_latest_only.py
[2024-12-18 22:24:34,012] {processor.py:651} INFO - DAG(s) dict_keys(['latest_only']) retrieved from /home/patriciacorreia/Documents/airflowalura/venv/lib/python3.9/site-packages/airflow/example_dags/example_latest_only.py
[2024-12-18 22:24:34,106] {logging_mixin.py:115} INFO - [2024-12-18 22:24:34,105] {dag.py:2379} INFO - Sync 1 DAGs
[2024-12-18 22:24:34,220] {logging_mixin.py:115} INFO - [2024-12-18 22:24:34,220] {dag.py:2927} INFO - Setting next_dagrun for latest_only to 2024-12-18T21:24:34.219038+00:00, run_after=2024-12-19T01:24:34.219038+00:00
[2024-12-18 22:24:34,282] {processor.py:161} INFO - Processing /home/patriciacorreia/Documents/airflowalura/venv/lib/python3.9/site-packages/airflow/example_dags/example_latest_only.py took 0.333 seconds
[2024-12-18 22:25:18,204] {processor.py:153} INFO - Started process (PID=19500) to work on /home/patriciacorreia/Documents/airflowalura/venv/lib/python3.9/site-packages/airflow/example_dags/example_latest_only.py
[2024-12-18 22:25:18,208] {processor.py:641} INFO - Processing file /home/patriciacorreia/Documents/airflowalura/venv/lib/python3.9/site-packages/airflow/example_dags/example_latest_only.py for tasks to queue
[2024-12-18 22:25:18,213] {logging_mixin.py:115} INFO - [2024-12-18 22:25:18,213] {dagbag.py:507} INFO - Filling up the DagBag from /home/patriciacorreia/Documents/airflowalura/venv/lib/python3.9/site-packages/airflow/example_dags/example_latest_only.py
[2024-12-18 22:25:18,250] {processor.py:651} INFO - DAG(s) dict_keys(['latest_only']) retrieved from /home/patriciacorreia/Documents/airflowalura/venv/lib/python3.9/site-packages/airflow/example_dags/example_latest_only.py
[2024-12-18 22:25:18,333] {logging_mixin.py:115} INFO - [2024-12-18 22:25:18,333] {dag.py:2379} INFO - Sync 1 DAGs
[2024-12-18 22:25:18,440] {logging_mixin.py:115} INFO - [2024-12-18 22:25:18,439] {dag.py:2927} INFO - Setting next_dagrun for latest_only to 2024-12-18T21:25:18.438660+00:00, run_after=2024-12-19T01:25:18.438660+00:00
[2024-12-18 22:25:18,523] {processor.py:161} INFO - Processing /home/patriciacorreia/Documents/airflowalura/venv/lib/python3.9/site-packages/airflow/example_dags/example_latest_only.py took 0.338 seconds
[2024-12-18 22:25:59,730] {processor.py:153} INFO - Started process (PID=19685) to work on /home/patriciacorreia/Documents/airflowalura/venv/lib/python3.9/site-packages/airflow/example_dags/example_latest_only.py
[2024-12-18 22:25:59,736] {processor.py:641} INFO - Processing file /home/patriciacorreia/Documents/airflowalura/venv/lib/python3.9/site-packages/airflow/example_dags/example_latest_only.py for tasks to queue
[2024-12-18 22:25:59,739] {logging_mixin.py:115} INFO - [2024-12-18 22:25:59,738] {dagbag.py:507} INFO - Filling up the DagBag from /home/patriciacorreia/Documents/airflowalura/venv/lib/python3.9/site-packages/airflow/example_dags/example_latest_only.py
[2024-12-18 22:25:59,774] {processor.py:651} INFO - DAG(s) dict_keys(['latest_only']) retrieved from /home/patriciacorreia/Documents/airflowalura/venv/lib/python3.9/site-packages/airflow/example_dags/example_latest_only.py
[2024-12-18 22:25:59,882] {logging_mixin.py:115} INFO - [2024-12-18 22:25:59,882] {dag.py:2379} INFO - Sync 1 DAGs
[2024-12-18 22:26:00,000] {logging_mixin.py:115} INFO - [2024-12-18 22:25:59,999] {dag.py:2927} INFO - Setting next_dagrun for latest_only to 2024-12-18T21:25:59.998568+00:00, run_after=2024-12-19T01:25:59.998568+00:00
[2024-12-18 22:26:00,083] {processor.py:161} INFO - Processing /home/patriciacorreia/Documents/airflowalura/venv/lib/python3.9/site-packages/airflow/example_dags/example_latest_only.py took 0.374 seconds
[2024-12-18 22:26:38,659] {processor.py:153} INFO - Started process (PID=19859) to work on /home/patriciacorreia/Documents/airflowalura/venv/lib/python3.9/site-packages/airflow/example_dags/example_latest_only.py
[2024-12-18 22:26:38,670] {processor.py:641} INFO - Processing file /home/patriciacorreia/Documents/airflowalura/venv/lib/python3.9/site-packages/airflow/example_dags/example_latest_only.py for tasks to queue
[2024-12-18 22:26:38,674] {logging_mixin.py:115} INFO - [2024-12-18 22:26:38,673] {dagbag.py:507} INFO - Filling up the DagBag from /home/patriciacorreia/Documents/airflowalura/venv/lib/python3.9/site-packages/airflow/example_dags/example_latest_only.py
[2024-12-18 22:26:38,709] {processor.py:651} INFO - DAG(s) dict_keys(['latest_only']) retrieved from /home/patriciacorreia/Documents/airflowalura/venv/lib/python3.9/site-packages/airflow/example_dags/example_latest_only.py
[2024-12-18 22:26:38,742] {logging_mixin.py:115} INFO - [2024-12-18 22:26:38,742] {dag.py:2379} INFO - Sync 1 DAGs
[2024-12-18 22:26:38,776] {logging_mixin.py:115} INFO - [2024-12-18 22:26:38,776] {dag.py:2927} INFO - Setting next_dagrun for latest_only to 2024-12-18T21:26:38.776305+00:00, run_after=2024-12-19T01:26:38.776305+00:00
[2024-12-18 22:26:38,800] {processor.py:161} INFO - Processing /home/patriciacorreia/Documents/airflowalura/venv/lib/python3.9/site-packages/airflow/example_dags/example_latest_only.py took 0.163 seconds
[2024-12-18 22:27:21,779] {processor.py:153} INFO - Started process (PID=20053) to work on /home/patriciacorreia/Documents/airflowalura/venv/lib/python3.9/site-packages/airflow/example_dags/example_latest_only.py
[2024-12-18 22:27:21,783] {processor.py:641} INFO - Processing file /home/patriciacorreia/Documents/airflowalura/venv/lib/python3.9/site-packages/airflow/example_dags/example_latest_only.py for tasks to queue
[2024-12-18 22:27:21,785] {logging_mixin.py:115} INFO - [2024-12-18 22:27:21,785] {dagbag.py:507} INFO - Filling up the DagBag from /home/patriciacorreia/Documents/airflowalura/venv/lib/python3.9/site-packages/airflow/example_dags/example_latest_only.py
[2024-12-18 22:27:21,810] {processor.py:651} INFO - DAG(s) dict_keys(['latest_only']) retrieved from /home/patriciacorreia/Documents/airflowalura/venv/lib/python3.9/site-packages/airflow/example_dags/example_latest_only.py
[2024-12-18 22:27:21,871] {logging_mixin.py:115} INFO - [2024-12-18 22:27:21,870] {dag.py:2379} INFO - Sync 1 DAGs
[2024-12-18 22:27:21,909] {logging_mixin.py:115} INFO - [2024-12-18 22:27:21,909] {dag.py:2927} INFO - Setting next_dagrun for latest_only to 2024-12-18T21:27:21.909496+00:00, run_after=2024-12-19T01:27:21.909496+00:00
[2024-12-18 22:27:21,928] {processor.py:161} INFO - Processing /home/patriciacorreia/Documents/airflowalura/venv/lib/python3.9/site-packages/airflow/example_dags/example_latest_only.py took 0.161 seconds
[2024-12-18 22:28:02,445] {processor.py:153} INFO - Started process (PID=20257) to work on /home/patriciacorreia/Documents/airflowalura/venv/lib/python3.9/site-packages/airflow/example_dags/example_latest_only.py
[2024-12-18 22:28:02,451] {processor.py:641} INFO - Processing file /home/patriciacorreia/Documents/airflowalura/venv/lib/python3.9/site-packages/airflow/example_dags/example_latest_only.py for tasks to queue
[2024-12-18 22:28:02,455] {logging_mixin.py:115} INFO - [2024-12-18 22:28:02,454] {dagbag.py:507} INFO - Filling up the DagBag from /home/patriciacorreia/Documents/airflowalura/venv/lib/python3.9/site-packages/airflow/example_dags/example_latest_only.py
[2024-12-18 22:28:02,487] {processor.py:651} INFO - DAG(s) dict_keys(['latest_only']) retrieved from /home/patriciacorreia/Documents/airflowalura/venv/lib/python3.9/site-packages/airflow/example_dags/example_latest_only.py
[2024-12-18 22:28:02,552] {logging_mixin.py:115} INFO - [2024-12-18 22:28:02,551] {dag.py:2379} INFO - Sync 1 DAGs
[2024-12-18 22:28:02,584] {logging_mixin.py:115} INFO - [2024-12-18 22:28:02,583] {dag.py:2927} INFO - Setting next_dagrun for latest_only to 2024-12-18T21:28:02.583505+00:00, run_after=2024-12-19T01:28:02.583505+00:00
[2024-12-18 22:28:02,598] {processor.py:161} INFO - Processing /home/patriciacorreia/Documents/airflowalura/venv/lib/python3.9/site-packages/airflow/example_dags/example_latest_only.py took 0.166 seconds
[2024-12-18 22:28:45,587] {processor.py:153} INFO - Started process (PID=20466) to work on /home/patriciacorreia/Documents/airflowalura/venv/lib/python3.9/site-packages/airflow/example_dags/example_latest_only.py
[2024-12-18 22:28:45,589] {processor.py:641} INFO - Processing file /home/patriciacorreia/Documents/airflowalura/venv/lib/python3.9/site-packages/airflow/example_dags/example_latest_only.py for tasks to queue
[2024-12-18 22:28:45,590] {logging_mixin.py:115} INFO - [2024-12-18 22:28:45,590] {dagbag.py:507} INFO - Filling up the DagBag from /home/patriciacorreia/Documents/airflowalura/venv/lib/python3.9/site-packages/airflow/example_dags/example_latest_only.py
[2024-12-18 22:28:45,601] {processor.py:651} INFO - DAG(s) dict_keys(['latest_only']) retrieved from /home/patriciacorreia/Documents/airflowalura/venv/lib/python3.9/site-packages/airflow/example_dags/example_latest_only.py
[2024-12-18 22:28:45,634] {logging_mixin.py:115} INFO - [2024-12-18 22:28:45,634] {dag.py:2379} INFO - Sync 1 DAGs
[2024-12-18 22:28:45,673] {logging_mixin.py:115} INFO - [2024-12-18 22:28:45,673] {dag.py:2927} INFO - Setting next_dagrun for latest_only to 2024-12-18T21:28:45.672591+00:00, run_after=2024-12-19T01:28:45.672591+00:00
[2024-12-18 22:28:45,698] {processor.py:161} INFO - Processing /home/patriciacorreia/Documents/airflowalura/venv/lib/python3.9/site-packages/airflow/example_dags/example_latest_only.py took 0.118 seconds
[2024-12-18 22:29:21,277] {processor.py:153} INFO - Started process (PID=20643) to work on /home/patriciacorreia/Documents/airflowalura/venv/lib/python3.9/site-packages/airflow/example_dags/example_latest_only.py
[2024-12-18 22:29:21,281] {processor.py:641} INFO - Processing file /home/patriciacorreia/Documents/airflowalura/venv/lib/python3.9/site-packages/airflow/example_dags/example_latest_only.py for tasks to queue
[2024-12-18 22:29:21,283] {logging_mixin.py:115} INFO - [2024-12-18 22:29:21,283] {dagbag.py:507} INFO - Filling up the DagBag from /home/patriciacorreia/Documents/airflowalura/venv/lib/python3.9/site-packages/airflow/example_dags/example_latest_only.py
[2024-12-18 22:29:21,306] {processor.py:651} INFO - DAG(s) dict_keys(['latest_only']) retrieved from /home/patriciacorreia/Documents/airflowalura/venv/lib/python3.9/site-packages/airflow/example_dags/example_latest_only.py
[2024-12-18 22:29:21,386] {logging_mixin.py:115} INFO - [2024-12-18 22:29:21,386] {dag.py:2379} INFO - Sync 1 DAGs
[2024-12-18 22:29:21,495] {logging_mixin.py:115} INFO - [2024-12-18 22:29:21,495] {dag.py:2927} INFO - Setting next_dagrun for latest_only to 2024-12-18T21:29:21.494524+00:00, run_after=2024-12-19T01:29:21.494524+00:00
[2024-12-18 22:29:21,530] {processor.py:161} INFO - Processing /home/patriciacorreia/Documents/airflowalura/venv/lib/python3.9/site-packages/airflow/example_dags/example_latest_only.py took 0.267 seconds
[2024-12-18 22:29:57,514] {processor.py:153} INFO - Started process (PID=20836) to work on /home/patriciacorreia/Documents/airflowalura/venv/lib/python3.9/site-packages/airflow/example_dags/example_latest_only.py
[2024-12-18 22:29:57,515] {processor.py:641} INFO - Processing file /home/patriciacorreia/Documents/airflowalura/venv/lib/python3.9/site-packages/airflow/example_dags/example_latest_only.py for tasks to queue
[2024-12-18 22:29:57,517] {logging_mixin.py:115} INFO - [2024-12-18 22:29:57,516] {dagbag.py:507} INFO - Filling up the DagBag from /home/patriciacorreia/Documents/airflowalura/venv/lib/python3.9/site-packages/airflow/example_dags/example_latest_only.py
[2024-12-18 22:29:57,526] {processor.py:651} INFO - DAG(s) dict_keys(['latest_only']) retrieved from /home/patriciacorreia/Documents/airflowalura/venv/lib/python3.9/site-packages/airflow/example_dags/example_latest_only.py
[2024-12-18 22:29:57,553] {logging_mixin.py:115} INFO - [2024-12-18 22:29:57,553] {dag.py:2379} INFO - Sync 1 DAGs
[2024-12-18 22:29:57,591] {logging_mixin.py:115} INFO - [2024-12-18 22:29:57,591] {dag.py:2927} INFO - Setting next_dagrun for latest_only to 2024-12-18T21:29:57.590476+00:00, run_after=2024-12-19T01:29:57.590476+00:00
[2024-12-18 22:29:57,612] {processor.py:161} INFO - Processing /home/patriciacorreia/Documents/airflowalura/venv/lib/python3.9/site-packages/airflow/example_dags/example_latest_only.py took 0.104 seconds
[2024-12-18 22:30:37,050] {processor.py:153} INFO - Started process (PID=21044) to work on /home/patriciacorreia/Documents/airflowalura/venv/lib/python3.9/site-packages/airflow/example_dags/example_latest_only.py
[2024-12-18 22:30:37,053] {processor.py:641} INFO - Processing file /home/patriciacorreia/Documents/airflowalura/venv/lib/python3.9/site-packages/airflow/example_dags/example_latest_only.py for tasks to queue
[2024-12-18 22:30:37,055] {logging_mixin.py:115} INFO - [2024-12-18 22:30:37,055] {dagbag.py:507} INFO - Filling up the DagBag from /home/patriciacorreia/Documents/airflowalura/venv/lib/python3.9/site-packages/airflow/example_dags/example_latest_only.py
[2024-12-18 22:30:37,074] {processor.py:651} INFO - DAG(s) dict_keys(['latest_only']) retrieved from /home/patriciacorreia/Documents/airflowalura/venv/lib/python3.9/site-packages/airflow/example_dags/example_latest_only.py
[2024-12-18 22:30:37,126] {logging_mixin.py:115} INFO - [2024-12-18 22:30:37,126] {dag.py:2379} INFO - Sync 1 DAGs
[2024-12-18 22:30:37,155] {logging_mixin.py:115} INFO - [2024-12-18 22:30:37,155] {dag.py:2927} INFO - Setting next_dagrun for latest_only to 2024-12-18T21:30:37.154946+00:00, run_after=2024-12-19T01:30:37.154946+00:00
[2024-12-18 22:30:37,174] {processor.py:161} INFO - Processing /home/patriciacorreia/Documents/airflowalura/venv/lib/python3.9/site-packages/airflow/example_dags/example_latest_only.py took 0.137 seconds
[2024-12-18 22:31:20,453] {processor.py:153} INFO - Started process (PID=21269) to work on /home/patriciacorreia/Documents/airflowalura/venv/lib/python3.9/site-packages/airflow/example_dags/example_latest_only.py
[2024-12-18 22:31:20,455] {processor.py:641} INFO - Processing file /home/patriciacorreia/Documents/airflowalura/venv/lib/python3.9/site-packages/airflow/example_dags/example_latest_only.py for tasks to queue
[2024-12-18 22:31:20,457] {logging_mixin.py:115} INFO - [2024-12-18 22:31:20,457] {dagbag.py:507} INFO - Filling up the DagBag from /home/patriciacorreia/Documents/airflowalura/venv/lib/python3.9/site-packages/airflow/example_dags/example_latest_only.py
[2024-12-18 22:31:20,478] {processor.py:651} INFO - DAG(s) dict_keys(['latest_only']) retrieved from /home/patriciacorreia/Documents/airflowalura/venv/lib/python3.9/site-packages/airflow/example_dags/example_latest_only.py
[2024-12-18 22:31:20,529] {logging_mixin.py:115} INFO - [2024-12-18 22:31:20,529] {dag.py:2379} INFO - Sync 1 DAGs
[2024-12-18 22:31:20,557] {logging_mixin.py:115} INFO - [2024-12-18 22:31:20,556] {dag.py:2927} INFO - Setting next_dagrun for latest_only to 2024-12-18T21:31:20.556576+00:00, run_after=2024-12-19T01:31:20.556576+00:00
[2024-12-18 22:31:20,580] {processor.py:161} INFO - Processing /home/patriciacorreia/Documents/airflowalura/venv/lib/python3.9/site-packages/airflow/example_dags/example_latest_only.py took 0.139 seconds
[2024-12-18 22:31:56,120] {processor.py:153} INFO - Started process (PID=21454) to work on /home/patriciacorreia/Documents/airflowalura/venv/lib/python3.9/site-packages/airflow/example_dags/example_latest_only.py
[2024-12-18 22:31:56,123] {processor.py:641} INFO - Processing file /home/patriciacorreia/Documents/airflowalura/venv/lib/python3.9/site-packages/airflow/example_dags/example_latest_only.py for tasks to queue
[2024-12-18 22:31:56,125] {logging_mixin.py:115} INFO - [2024-12-18 22:31:56,124] {dagbag.py:507} INFO - Filling up the DagBag from /home/patriciacorreia/Documents/airflowalura/venv/lib/python3.9/site-packages/airflow/example_dags/example_latest_only.py
[2024-12-18 22:31:56,142] {processor.py:651} INFO - DAG(s) dict_keys(['latest_only']) retrieved from /home/patriciacorreia/Documents/airflowalura/venv/lib/python3.9/site-packages/airflow/example_dags/example_latest_only.py
[2024-12-18 22:31:56,198] {logging_mixin.py:115} INFO - [2024-12-18 22:31:56,197] {dag.py:2379} INFO - Sync 1 DAGs
[2024-12-18 22:31:56,258] {logging_mixin.py:115} INFO - [2024-12-18 22:31:56,258] {dag.py:2927} INFO - Setting next_dagrun for latest_only to 2024-12-18T21:31:56.257742+00:00, run_after=2024-12-19T01:31:56.257742+00:00
[2024-12-18 22:31:56,286] {processor.py:161} INFO - Processing /home/patriciacorreia/Documents/airflowalura/venv/lib/python3.9/site-packages/airflow/example_dags/example_latest_only.py took 0.178 seconds
[2024-12-18 22:32:35,935] {processor.py:153} INFO - Started process (PID=21646) to work on /home/patriciacorreia/Documents/airflowalura/venv/lib/python3.9/site-packages/airflow/example_dags/example_latest_only.py
[2024-12-18 22:32:35,938] {processor.py:641} INFO - Processing file /home/patriciacorreia/Documents/airflowalura/venv/lib/python3.9/site-packages/airflow/example_dags/example_latest_only.py for tasks to queue
[2024-12-18 22:32:35,941] {logging_mixin.py:115} INFO - [2024-12-18 22:32:35,940] {dagbag.py:507} INFO - Filling up the DagBag from /home/patriciacorreia/Documents/airflowalura/venv/lib/python3.9/site-packages/airflow/example_dags/example_latest_only.py
[2024-12-18 22:32:35,968] {processor.py:651} INFO - DAG(s) dict_keys(['latest_only']) retrieved from /home/patriciacorreia/Documents/airflowalura/venv/lib/python3.9/site-packages/airflow/example_dags/example_latest_only.py
[2024-12-18 22:32:36,047] {logging_mixin.py:115} INFO - [2024-12-18 22:32:36,046] {dag.py:2379} INFO - Sync 1 DAGs
[2024-12-18 22:32:36,133] {logging_mixin.py:115} INFO - [2024-12-18 22:32:36,132] {dag.py:2927} INFO - Setting next_dagrun for latest_only to 2024-12-18T21:32:36.131531+00:00, run_after=2024-12-19T01:32:36.131531+00:00
[2024-12-18 22:32:36,193] {processor.py:161} INFO - Processing /home/patriciacorreia/Documents/airflowalura/venv/lib/python3.9/site-packages/airflow/example_dags/example_latest_only.py took 0.272 seconds
[2024-12-18 22:33:17,022] {processor.py:153} INFO - Started process (PID=21838) to work on /home/patriciacorreia/Documents/airflowalura/venv/lib/python3.9/site-packages/airflow/example_dags/example_latest_only.py
[2024-12-18 22:33:17,026] {processor.py:641} INFO - Processing file /home/patriciacorreia/Documents/airflowalura/venv/lib/python3.9/site-packages/airflow/example_dags/example_latest_only.py for tasks to queue
[2024-12-18 22:33:17,029] {logging_mixin.py:115} INFO - [2024-12-18 22:33:17,029] {dagbag.py:507} INFO - Filling up the DagBag from /home/patriciacorreia/Documents/airflowalura/venv/lib/python3.9/site-packages/airflow/example_dags/example_latest_only.py
[2024-12-18 22:33:17,048] {processor.py:651} INFO - DAG(s) dict_keys(['latest_only']) retrieved from /home/patriciacorreia/Documents/airflowalura/venv/lib/python3.9/site-packages/airflow/example_dags/example_latest_only.py
[2024-12-18 22:33:17,077] {logging_mixin.py:115} INFO - [2024-12-18 22:33:17,076] {dag.py:2379} INFO - Sync 1 DAGs
[2024-12-18 22:33:17,107] {logging_mixin.py:115} INFO - [2024-12-18 22:33:17,107] {dag.py:2927} INFO - Setting next_dagrun for latest_only to 2024-12-18T21:33:17.106908+00:00, run_after=2024-12-19T01:33:17.106908+00:00
[2024-12-18 22:33:17,127] {processor.py:161} INFO - Processing /home/patriciacorreia/Documents/airflowalura/venv/lib/python3.9/site-packages/airflow/example_dags/example_latest_only.py took 0.124 seconds
[2024-12-18 22:33:53,896] {processor.py:153} INFO - Started process (PID=22001) to work on /home/patriciacorreia/Documents/airflowalura/venv/lib/python3.9/site-packages/airflow/example_dags/example_latest_only.py
[2024-12-18 22:33:53,903] {processor.py:641} INFO - Processing file /home/patriciacorreia/Documents/airflowalura/venv/lib/python3.9/site-packages/airflow/example_dags/example_latest_only.py for tasks to queue
[2024-12-18 22:33:53,908] {logging_mixin.py:115} INFO - [2024-12-18 22:33:53,907] {dagbag.py:507} INFO - Filling up the DagBag from /home/patriciacorreia/Documents/airflowalura/venv/lib/python3.9/site-packages/airflow/example_dags/example_latest_only.py
[2024-12-18 22:33:53,935] {processor.py:651} INFO - DAG(s) dict_keys(['latest_only']) retrieved from /home/patriciacorreia/Documents/airflowalura/venv/lib/python3.9/site-packages/airflow/example_dags/example_latest_only.py
[2024-12-18 22:33:53,993] {logging_mixin.py:115} INFO - [2024-12-18 22:33:53,993] {dag.py:2379} INFO - Sync 1 DAGs
[2024-12-18 22:33:54,064] {logging_mixin.py:115} INFO - [2024-12-18 22:33:54,064] {dag.py:2927} INFO - Setting next_dagrun for latest_only to 2024-12-18T21:33:54.063466+00:00, run_after=2024-12-19T01:33:54.063466+00:00
[2024-12-18 22:33:54,105] {processor.py:161} INFO - Processing /home/patriciacorreia/Documents/airflowalura/venv/lib/python3.9/site-packages/airflow/example_dags/example_latest_only.py took 0.228 seconds
[2024-12-18 22:34:30,417] {processor.py:153} INFO - Started process (PID=22163) to work on /home/patriciacorreia/Documents/airflowalura/venv/lib/python3.9/site-packages/airflow/example_dags/example_latest_only.py
[2024-12-18 22:34:30,420] {processor.py:641} INFO - Processing file /home/patriciacorreia/Documents/airflowalura/venv/lib/python3.9/site-packages/airflow/example_dags/example_latest_only.py for tasks to queue
[2024-12-18 22:34:30,422] {logging_mixin.py:115} INFO - [2024-12-18 22:34:30,421] {dagbag.py:507} INFO - Filling up the DagBag from /home/patriciacorreia/Documents/airflowalura/venv/lib/python3.9/site-packages/airflow/example_dags/example_latest_only.py
[2024-12-18 22:34:30,436] {processor.py:651} INFO - DAG(s) dict_keys(['latest_only']) retrieved from /home/patriciacorreia/Documents/airflowalura/venv/lib/python3.9/site-packages/airflow/example_dags/example_latest_only.py
[2024-12-18 22:34:30,472] {logging_mixin.py:115} INFO - [2024-12-18 22:34:30,472] {dag.py:2379} INFO - Sync 1 DAGs
[2024-12-18 22:34:30,515] {logging_mixin.py:115} INFO - [2024-12-18 22:34:30,515] {dag.py:2927} INFO - Setting next_dagrun for latest_only to 2024-12-18T21:34:30.514776+00:00, run_after=2024-12-19T01:34:30.514776+00:00
[2024-12-18 22:34:30,539] {processor.py:161} INFO - Processing /home/patriciacorreia/Documents/airflowalura/venv/lib/python3.9/site-packages/airflow/example_dags/example_latest_only.py took 0.134 seconds
[2024-12-18 22:35:09,372] {processor.py:153} INFO - Started process (PID=22341) to work on /home/patriciacorreia/Documents/airflowalura/venv/lib/python3.9/site-packages/airflow/example_dags/example_latest_only.py
[2024-12-18 22:35:09,373] {processor.py:641} INFO - Processing file /home/patriciacorreia/Documents/airflowalura/venv/lib/python3.9/site-packages/airflow/example_dags/example_latest_only.py for tasks to queue
[2024-12-18 22:35:09,374] {logging_mixin.py:115} INFO - [2024-12-18 22:35:09,374] {dagbag.py:507} INFO - Filling up the DagBag from /home/patriciacorreia/Documents/airflowalura/venv/lib/python3.9/site-packages/airflow/example_dags/example_latest_only.py
[2024-12-18 22:35:09,383] {processor.py:651} INFO - DAG(s) dict_keys(['latest_only']) retrieved from /home/patriciacorreia/Documents/airflowalura/venv/lib/python3.9/site-packages/airflow/example_dags/example_latest_only.py
[2024-12-18 22:35:09,415] {logging_mixin.py:115} INFO - [2024-12-18 22:35:09,415] {dag.py:2379} INFO - Sync 1 DAGs
[2024-12-18 22:35:09,452] {logging_mixin.py:115} INFO - [2024-12-18 22:35:09,452] {dag.py:2927} INFO - Setting next_dagrun for latest_only to 2024-12-18T21:35:09.452328+00:00, run_after=2024-12-19T01:35:09.452328+00:00
[2024-12-18 22:35:09,477] {processor.py:161} INFO - Processing /home/patriciacorreia/Documents/airflowalura/venv/lib/python3.9/site-packages/airflow/example_dags/example_latest_only.py took 0.110 seconds
[2024-12-18 22:35:50,410] {processor.py:153} INFO - Started process (PID=22525) to work on /home/patriciacorreia/Documents/airflowalura/venv/lib/python3.9/site-packages/airflow/example_dags/example_latest_only.py
[2024-12-18 22:35:50,413] {processor.py:641} INFO - Processing file /home/patriciacorreia/Documents/airflowalura/venv/lib/python3.9/site-packages/airflow/example_dags/example_latest_only.py for tasks to queue
[2024-12-18 22:35:50,415] {logging_mixin.py:115} INFO - [2024-12-18 22:35:50,415] {dagbag.py:507} INFO - Filling up the DagBag from /home/patriciacorreia/Documents/airflowalura/venv/lib/python3.9/site-packages/airflow/example_dags/example_latest_only.py
[2024-12-18 22:35:50,443] {processor.py:651} INFO - DAG(s) dict_keys(['latest_only']) retrieved from /home/patriciacorreia/Documents/airflowalura/venv/lib/python3.9/site-packages/airflow/example_dags/example_latest_only.py
[2024-12-18 22:35:50,515] {logging_mixin.py:115} INFO - [2024-12-18 22:35:50,514] {dag.py:2379} INFO - Sync 1 DAGs
[2024-12-18 22:35:50,591] {logging_mixin.py:115} INFO - [2024-12-18 22:35:50,591] {dag.py:2927} INFO - Setting next_dagrun for latest_only to 2024-12-18T21:35:50.590362+00:00, run_after=2024-12-19T01:35:50.590362+00:00
[2024-12-18 22:35:50,652] {processor.py:161} INFO - Processing /home/patriciacorreia/Documents/airflowalura/venv/lib/python3.9/site-packages/airflow/example_dags/example_latest_only.py took 0.256 seconds
[2024-12-18 22:36:37,531] {processor.py:153} INFO - Started process (PID=22737) to work on /home/patriciacorreia/Documents/airflowalura/venv/lib/python3.9/site-packages/airflow/example_dags/example_latest_only.py
[2024-12-18 22:36:37,535] {processor.py:641} INFO - Processing file /home/patriciacorreia/Documents/airflowalura/venv/lib/python3.9/site-packages/airflow/example_dags/example_latest_only.py for tasks to queue
[2024-12-18 22:36:37,542] {logging_mixin.py:115} INFO - [2024-12-18 22:36:37,542] {dagbag.py:507} INFO - Filling up the DagBag from /home/patriciacorreia/Documents/airflowalura/venv/lib/python3.9/site-packages/airflow/example_dags/example_latest_only.py
[2024-12-18 22:36:37,574] {processor.py:651} INFO - DAG(s) dict_keys(['latest_only']) retrieved from /home/patriciacorreia/Documents/airflowalura/venv/lib/python3.9/site-packages/airflow/example_dags/example_latest_only.py
[2024-12-18 22:36:37,673] {logging_mixin.py:115} INFO - [2024-12-18 22:36:37,673] {dag.py:2379} INFO - Sync 1 DAGs
[2024-12-18 22:36:37,762] {logging_mixin.py:115} INFO - [2024-12-18 22:36:37,761] {dag.py:2927} INFO - Setting next_dagrun for latest_only to 2024-12-18T21:36:37.760487+00:00, run_after=2024-12-19T01:36:37.760487+00:00
[2024-12-18 22:36:37,792] {processor.py:161} INFO - Processing /home/patriciacorreia/Documents/airflowalura/venv/lib/python3.9/site-packages/airflow/example_dags/example_latest_only.py took 0.282 seconds
[2024-12-18 22:37:19,488] {processor.py:153} INFO - Started process (PID=22923) to work on /home/patriciacorreia/Documents/airflowalura/venv/lib/python3.9/site-packages/airflow/example_dags/example_latest_only.py
[2024-12-18 22:37:19,492] {processor.py:641} INFO - Processing file /home/patriciacorreia/Documents/airflowalura/venv/lib/python3.9/site-packages/airflow/example_dags/example_latest_only.py for tasks to queue
[2024-12-18 22:37:19,495] {logging_mixin.py:115} INFO - [2024-12-18 22:37:19,494] {dagbag.py:507} INFO - Filling up the DagBag from /home/patriciacorreia/Documents/airflowalura/venv/lib/python3.9/site-packages/airflow/example_dags/example_latest_only.py
[2024-12-18 22:37:19,519] {processor.py:651} INFO - DAG(s) dict_keys(['latest_only']) retrieved from /home/patriciacorreia/Documents/airflowalura/venv/lib/python3.9/site-packages/airflow/example_dags/example_latest_only.py
[2024-12-18 22:37:19,601] {logging_mixin.py:115} INFO - [2024-12-18 22:37:19,601] {dag.py:2379} INFO - Sync 1 DAGs
[2024-12-18 22:37:19,666] {logging_mixin.py:115} INFO - [2024-12-18 22:37:19,666] {dag.py:2927} INFO - Setting next_dagrun for latest_only to 2024-12-18T21:37:19.665803+00:00, run_after=2024-12-19T01:37:19.665803+00:00
[2024-12-18 22:37:19,704] {processor.py:161} INFO - Processing /home/patriciacorreia/Documents/airflowalura/venv/lib/python3.9/site-packages/airflow/example_dags/example_latest_only.py took 0.229 seconds
[2024-12-18 22:38:03,014] {processor.py:153} INFO - Started process (PID=23115) to work on /home/patriciacorreia/Documents/airflowalura/venv/lib/python3.9/site-packages/airflow/example_dags/example_latest_only.py
[2024-12-18 22:38:03,016] {processor.py:641} INFO - Processing file /home/patriciacorreia/Documents/airflowalura/venv/lib/python3.9/site-packages/airflow/example_dags/example_latest_only.py for tasks to queue
[2024-12-18 22:38:03,017] {logging_mixin.py:115} INFO - [2024-12-18 22:38:03,017] {dagbag.py:507} INFO - Filling up the DagBag from /home/patriciacorreia/Documents/airflowalura/venv/lib/python3.9/site-packages/airflow/example_dags/example_latest_only.py
[2024-12-18 22:38:03,026] {processor.py:651} INFO - DAG(s) dict_keys(['latest_only']) retrieved from /home/patriciacorreia/Documents/airflowalura/venv/lib/python3.9/site-packages/airflow/example_dags/example_latest_only.py
[2024-12-18 22:38:03,054] {logging_mixin.py:115} INFO - [2024-12-18 22:38:03,054] {dag.py:2379} INFO - Sync 1 DAGs
[2024-12-18 22:38:03,086] {logging_mixin.py:115} INFO - [2024-12-18 22:38:03,086] {dag.py:2927} INFO - Setting next_dagrun for latest_only to 2024-12-18T21:38:03.086444+00:00, run_after=2024-12-19T01:38:03.086444+00:00
[2024-12-18 22:38:03,110] {processor.py:161} INFO - Processing /home/patriciacorreia/Documents/airflowalura/venv/lib/python3.9/site-packages/airflow/example_dags/example_latest_only.py took 0.102 seconds
[2024-12-18 22:38:44,090] {processor.py:153} INFO - Started process (PID=23304) to work on /home/patriciacorreia/Documents/airflowalura/venv/lib/python3.9/site-packages/airflow/example_dags/example_latest_only.py
[2024-12-18 22:38:44,094] {processor.py:641} INFO - Processing file /home/patriciacorreia/Documents/airflowalura/venv/lib/python3.9/site-packages/airflow/example_dags/example_latest_only.py for tasks to queue
[2024-12-18 22:38:44,096] {logging_mixin.py:115} INFO - [2024-12-18 22:38:44,096] {dagbag.py:507} INFO - Filling up the DagBag from /home/patriciacorreia/Documents/airflowalura/venv/lib/python3.9/site-packages/airflow/example_dags/example_latest_only.py
[2024-12-18 22:38:44,119] {processor.py:651} INFO - DAG(s) dict_keys(['latest_only']) retrieved from /home/patriciacorreia/Documents/airflowalura/venv/lib/python3.9/site-packages/airflow/example_dags/example_latest_only.py
[2024-12-18 22:38:44,192] {logging_mixin.py:115} INFO - [2024-12-18 22:38:44,191] {dag.py:2379} INFO - Sync 1 DAGs
[2024-12-18 22:38:44,273] {logging_mixin.py:115} INFO - [2024-12-18 22:38:44,272] {dag.py:2927} INFO - Setting next_dagrun for latest_only to 2024-12-18T21:38:44.271511+00:00, run_after=2024-12-19T01:38:44.271511+00:00
[2024-12-18 22:38:44,307] {processor.py:161} INFO - Processing /home/patriciacorreia/Documents/airflowalura/venv/lib/python3.9/site-packages/airflow/example_dags/example_latest_only.py took 0.230 seconds
[2024-12-18 22:39:21,428] {processor.py:153} INFO - Started process (PID=23479) to work on /home/patriciacorreia/Documents/airflowalura/venv/lib/python3.9/site-packages/airflow/example_dags/example_latest_only.py
[2024-12-18 22:39:21,433] {processor.py:641} INFO - Processing file /home/patriciacorreia/Documents/airflowalura/venv/lib/python3.9/site-packages/airflow/example_dags/example_latest_only.py for tasks to queue
[2024-12-18 22:39:21,435] {logging_mixin.py:115} INFO - [2024-12-18 22:39:21,434] {dagbag.py:507} INFO - Filling up the DagBag from /home/patriciacorreia/Documents/airflowalura/venv/lib/python3.9/site-packages/airflow/example_dags/example_latest_only.py
[2024-12-18 22:39:21,460] {processor.py:651} INFO - DAG(s) dict_keys(['latest_only']) retrieved from /home/patriciacorreia/Documents/airflowalura/venv/lib/python3.9/site-packages/airflow/example_dags/example_latest_only.py
[2024-12-18 22:39:21,547] {logging_mixin.py:115} INFO - [2024-12-18 22:39:21,547] {dag.py:2379} INFO - Sync 1 DAGs
[2024-12-18 22:39:21,657] {logging_mixin.py:115} INFO - [2024-12-18 22:39:21,656] {dag.py:2927} INFO - Setting next_dagrun for latest_only to 2024-12-18T21:39:21.656129+00:00, run_after=2024-12-19T01:39:21.656129+00:00
[2024-12-18 22:39:21,688] {processor.py:161} INFO - Processing /home/patriciacorreia/Documents/airflowalura/venv/lib/python3.9/site-packages/airflow/example_dags/example_latest_only.py took 0.274 seconds
[2024-12-18 22:40:08,533] {processor.py:153} INFO - Started process (PID=23702) to work on /home/patriciacorreia/Documents/airflowalura/venv/lib/python3.9/site-packages/airflow/example_dags/example_latest_only.py
[2024-12-18 22:40:08,536] {processor.py:641} INFO - Processing file /home/patriciacorreia/Documents/airflowalura/venv/lib/python3.9/site-packages/airflow/example_dags/example_latest_only.py for tasks to queue
[2024-12-18 22:40:08,538] {logging_mixin.py:115} INFO - [2024-12-18 22:40:08,538] {dagbag.py:507} INFO - Filling up the DagBag from /home/patriciacorreia/Documents/airflowalura/venv/lib/python3.9/site-packages/airflow/example_dags/example_latest_only.py
[2024-12-18 22:40:08,562] {processor.py:651} INFO - DAG(s) dict_keys(['latest_only']) retrieved from /home/patriciacorreia/Documents/airflowalura/venv/lib/python3.9/site-packages/airflow/example_dags/example_latest_only.py
[2024-12-18 22:40:08,608] {logging_mixin.py:115} INFO - [2024-12-18 22:40:08,608] {dag.py:2379} INFO - Sync 1 DAGs
[2024-12-18 22:40:08,646] {logging_mixin.py:115} INFO - [2024-12-18 22:40:08,646] {dag.py:2927} INFO - Setting next_dagrun for latest_only to 2024-12-18T21:40:08.646009+00:00, run_after=2024-12-19T01:40:08.646009+00:00
[2024-12-18 22:40:08,667] {processor.py:161} INFO - Processing /home/patriciacorreia/Documents/airflowalura/venv/lib/python3.9/site-packages/airflow/example_dags/example_latest_only.py took 0.147 seconds
[2024-12-18 22:40:47,461] {processor.py:153} INFO - Started process (PID=23946) to work on /home/patriciacorreia/Documents/airflowalura/venv/lib/python3.9/site-packages/airflow/example_dags/example_latest_only.py
[2024-12-18 22:40:47,465] {processor.py:641} INFO - Processing file /home/patriciacorreia/Documents/airflowalura/venv/lib/python3.9/site-packages/airflow/example_dags/example_latest_only.py for tasks to queue
[2024-12-18 22:40:47,468] {logging_mixin.py:115} INFO - [2024-12-18 22:40:47,467] {dagbag.py:507} INFO - Filling up the DagBag from /home/patriciacorreia/Documents/airflowalura/venv/lib/python3.9/site-packages/airflow/example_dags/example_latest_only.py
[2024-12-18 22:40:47,489] {processor.py:651} INFO - DAG(s) dict_keys(['latest_only']) retrieved from /home/patriciacorreia/Documents/airflowalura/venv/lib/python3.9/site-packages/airflow/example_dags/example_latest_only.py
[2024-12-18 22:40:47,545] {logging_mixin.py:115} INFO - [2024-12-18 22:40:47,545] {dag.py:2379} INFO - Sync 1 DAGs
[2024-12-18 22:40:47,574] {logging_mixin.py:115} INFO - [2024-12-18 22:40:47,574] {dag.py:2927} INFO - Setting next_dagrun for latest_only to 2024-12-18T21:40:47.573967+00:00, run_after=2024-12-19T01:40:47.573967+00:00
[2024-12-18 22:40:47,591] {processor.py:161} INFO - Processing /home/patriciacorreia/Documents/airflowalura/venv/lib/python3.9/site-packages/airflow/example_dags/example_latest_only.py took 0.140 seconds
