[2024-12-18 22:05:24,572] {processor.py:153} INFO - Started process (PID=13801) to work on /home/patriciacorreia/Documents/airflowalura/venv/lib/python3.9/site-packages/airflow/example_dags/example_nested_branch_dag.py
[2024-12-18 22:05:24,572] {processor.py:641} INFO - Processing file /home/patriciacorreia/Documents/airflowalura/venv/lib/python3.9/site-packages/airflow/example_dags/example_nested_branch_dag.py for tasks to queue
[2024-12-18 22:05:24,573] {logging_mixin.py:115} INFO - [2024-12-18 22:05:24,573] {dagbag.py:507} INFO - Filling up the DagBag from /home/patriciacorreia/Documents/airflowalura/venv/lib/python3.9/site-packages/airflow/example_dags/example_nested_branch_dag.py
[2024-12-18 22:05:24,586] {processor.py:651} INFO - DAG(s) dict_keys(['example_nested_branch_dag']) retrieved from /home/patriciacorreia/Documents/airflowalura/venv/lib/python3.9/site-packages/airflow/example_dags/example_nested_branch_dag.py
[2024-12-18 22:05:24,675] {logging_mixin.py:115} INFO - [2024-12-18 22:05:24,675] {manager.py:508} INFO - Created Permission View: can read on DAG:example_nested_branch_dag
[2024-12-18 22:05:24,686] {logging_mixin.py:115} INFO - [2024-12-18 22:05:24,686] {manager.py:508} INFO - Created Permission View: can delete on DAG:example_nested_branch_dag
[2024-12-18 22:05:24,696] {logging_mixin.py:115} INFO - [2024-12-18 22:05:24,695] {manager.py:508} INFO - Created Permission View: can edit on DAG:example_nested_branch_dag
[2024-12-18 22:05:24,696] {logging_mixin.py:115} INFO - [2024-12-18 22:05:24,696] {dag.py:2379} INFO - Sync 1 DAGs
[2024-12-18 22:05:24,706] {logging_mixin.py:115} INFO - [2024-12-18 22:05:24,705] {dag.py:2398} INFO - Creating ORM DAG for example_nested_branch_dag
[2024-12-18 22:05:24,720] {logging_mixin.py:115} INFO - [2024-12-18 22:05:24,720] {dag.py:2927} INFO - Setting next_dagrun for example_nested_branch_dag to 2024-12-18T00:00:00+00:00, run_after=2024-12-19T00:00:00+00:00
[2024-12-18 22:05:24,741] {processor.py:161} INFO - Processing /home/patriciacorreia/Documents/airflowalura/venv/lib/python3.9/site-packages/airflow/example_dags/example_nested_branch_dag.py took 0.173 seconds
[2024-12-18 22:06:01,462] {processor.py:153} INFO - Started process (PID=13927) to work on /home/patriciacorreia/Documents/airflowalura/venv/lib/python3.9/site-packages/airflow/example_dags/example_nested_branch_dag.py
[2024-12-18 22:06:01,463] {processor.py:641} INFO - Processing file /home/patriciacorreia/Documents/airflowalura/venv/lib/python3.9/site-packages/airflow/example_dags/example_nested_branch_dag.py for tasks to queue
[2024-12-18 22:06:01,464] {logging_mixin.py:115} INFO - [2024-12-18 22:06:01,464] {dagbag.py:507} INFO - Filling up the DagBag from /home/patriciacorreia/Documents/airflowalura/venv/lib/python3.9/site-packages/airflow/example_dags/example_nested_branch_dag.py
[2024-12-18 22:06:01,480] {processor.py:651} INFO - DAG(s) dict_keys(['example_nested_branch_dag']) retrieved from /home/patriciacorreia/Documents/airflowalura/venv/lib/python3.9/site-packages/airflow/example_dags/example_nested_branch_dag.py
[2024-12-18 22:06:01,506] {logging_mixin.py:115} INFO - [2024-12-18 22:06:01,506] {dag.py:2379} INFO - Sync 1 DAGs
[2024-12-18 22:06:01,534] {logging_mixin.py:115} INFO - [2024-12-18 22:06:01,534] {dag.py:2927} INFO - Setting next_dagrun for example_nested_branch_dag to 2024-12-18T00:00:00+00:00, run_after=2024-12-19T00:00:00+00:00
[2024-12-18 22:06:01,549] {processor.py:161} INFO - Processing /home/patriciacorreia/Documents/airflowalura/venv/lib/python3.9/site-packages/airflow/example_dags/example_nested_branch_dag.py took 0.091 seconds
[2024-12-18 22:06:36,938] {processor.py:153} INFO - Started process (PID=14049) to work on /home/patriciacorreia/Documents/airflowalura/venv/lib/python3.9/site-packages/airflow/example_dags/example_nested_branch_dag.py
[2024-12-18 22:06:36,940] {processor.py:641} INFO - Processing file /home/patriciacorreia/Documents/airflowalura/venv/lib/python3.9/site-packages/airflow/example_dags/example_nested_branch_dag.py for tasks to queue
[2024-12-18 22:06:36,940] {logging_mixin.py:115} INFO - [2024-12-18 22:06:36,940] {dagbag.py:507} INFO - Filling up the DagBag from /home/patriciacorreia/Documents/airflowalura/venv/lib/python3.9/site-packages/airflow/example_dags/example_nested_branch_dag.py
[2024-12-18 22:06:36,953] {processor.py:651} INFO - DAG(s) dict_keys(['example_nested_branch_dag']) retrieved from /home/patriciacorreia/Documents/airflowalura/venv/lib/python3.9/site-packages/airflow/example_dags/example_nested_branch_dag.py
[2024-12-18 22:06:36,974] {logging_mixin.py:115} INFO - [2024-12-18 22:06:36,974] {dag.py:2379} INFO - Sync 1 DAGs
[2024-12-18 22:06:37,000] {logging_mixin.py:115} INFO - [2024-12-18 22:06:37,000] {dag.py:2927} INFO - Setting next_dagrun for example_nested_branch_dag to 2024-12-18T00:00:00+00:00, run_after=2024-12-19T00:00:00+00:00
[2024-12-18 22:06:37,015] {processor.py:161} INFO - Processing /home/patriciacorreia/Documents/airflowalura/venv/lib/python3.9/site-packages/airflow/example_dags/example_nested_branch_dag.py took 0.080 seconds
[2024-12-18 22:07:13,629] {processor.py:153} INFO - Started process (PID=14164) to work on /home/patriciacorreia/Documents/airflowalura/venv/lib/python3.9/site-packages/airflow/example_dags/example_nested_branch_dag.py
[2024-12-18 22:07:13,631] {processor.py:641} INFO - Processing file /home/patriciacorreia/Documents/airflowalura/venv/lib/python3.9/site-packages/airflow/example_dags/example_nested_branch_dag.py for tasks to queue
[2024-12-18 22:07:13,632] {logging_mixin.py:115} INFO - [2024-12-18 22:07:13,632] {dagbag.py:507} INFO - Filling up the DagBag from /home/patriciacorreia/Documents/airflowalura/venv/lib/python3.9/site-packages/airflow/example_dags/example_nested_branch_dag.py
[2024-12-18 22:07:13,670] {processor.py:651} INFO - DAG(s) dict_keys(['example_nested_branch_dag']) retrieved from /home/patriciacorreia/Documents/airflowalura/venv/lib/python3.9/site-packages/airflow/example_dags/example_nested_branch_dag.py
[2024-12-18 22:07:13,743] {logging_mixin.py:115} INFO - [2024-12-18 22:07:13,743] {dag.py:2379} INFO - Sync 1 DAGs
[2024-12-18 22:07:13,831] {logging_mixin.py:115} INFO - [2024-12-18 22:07:13,831] {dag.py:2927} INFO - Setting next_dagrun for example_nested_branch_dag to 2024-12-18T00:00:00+00:00, run_after=2024-12-19T00:00:00+00:00
[2024-12-18 22:07:13,879] {processor.py:161} INFO - Processing /home/patriciacorreia/Documents/airflowalura/venv/lib/python3.9/site-packages/airflow/example_dags/example_nested_branch_dag.py took 0.259 seconds
[2024-12-18 22:07:52,245] {processor.py:153} INFO - Started process (PID=14228) to work on /home/patriciacorreia/Documents/airflowalura/venv/lib/python3.9/site-packages/airflow/example_dags/example_nested_branch_dag.py
[2024-12-18 22:07:52,246] {processor.py:641} INFO - Processing file /home/patriciacorreia/Documents/airflowalura/venv/lib/python3.9/site-packages/airflow/example_dags/example_nested_branch_dag.py for tasks to queue
[2024-12-18 22:07:52,247] {logging_mixin.py:115} INFO - [2024-12-18 22:07:52,247] {dagbag.py:507} INFO - Filling up the DagBag from /home/patriciacorreia/Documents/airflowalura/venv/lib/python3.9/site-packages/airflow/example_dags/example_nested_branch_dag.py
[2024-12-18 22:07:52,262] {processor.py:651} INFO - DAG(s) dict_keys(['example_nested_branch_dag']) retrieved from /home/patriciacorreia/Documents/airflowalura/venv/lib/python3.9/site-packages/airflow/example_dags/example_nested_branch_dag.py
[2024-12-18 22:07:52,293] {logging_mixin.py:115} INFO - [2024-12-18 22:07:52,293] {dag.py:2379} INFO - Sync 1 DAGs
[2024-12-18 22:07:52,337] {logging_mixin.py:115} INFO - [2024-12-18 22:07:52,336] {dag.py:2927} INFO - Setting next_dagrun for example_nested_branch_dag to 2024-12-18T00:00:00+00:00, run_after=2024-12-19T00:00:00+00:00
[2024-12-18 22:07:52,364] {processor.py:161} INFO - Processing /home/patriciacorreia/Documents/airflowalura/venv/lib/python3.9/site-packages/airflow/example_dags/example_nested_branch_dag.py took 0.124 seconds
[2024-12-18 22:08:27,231] {processor.py:153} INFO - Started process (PID=14346) to work on /home/patriciacorreia/Documents/airflowalura/venv/lib/python3.9/site-packages/airflow/example_dags/example_nested_branch_dag.py
[2024-12-18 22:08:27,234] {processor.py:641} INFO - Processing file /home/patriciacorreia/Documents/airflowalura/venv/lib/python3.9/site-packages/airflow/example_dags/example_nested_branch_dag.py for tasks to queue
[2024-12-18 22:08:27,235] {logging_mixin.py:115} INFO - [2024-12-18 22:08:27,235] {dagbag.py:507} INFO - Filling up the DagBag from /home/patriciacorreia/Documents/airflowalura/venv/lib/python3.9/site-packages/airflow/example_dags/example_nested_branch_dag.py
[2024-12-18 22:08:27,258] {processor.py:651} INFO - DAG(s) dict_keys(['example_nested_branch_dag']) retrieved from /home/patriciacorreia/Documents/airflowalura/venv/lib/python3.9/site-packages/airflow/example_dags/example_nested_branch_dag.py
[2024-12-18 22:08:27,301] {logging_mixin.py:115} INFO - [2024-12-18 22:08:27,301] {dag.py:2379} INFO - Sync 1 DAGs
[2024-12-18 22:08:27,350] {logging_mixin.py:115} INFO - [2024-12-18 22:08:27,350] {dag.py:2927} INFO - Setting next_dagrun for example_nested_branch_dag to 2024-12-18T00:00:00+00:00, run_after=2024-12-19T00:00:00+00:00
[2024-12-18 22:08:27,376] {processor.py:161} INFO - Processing /home/patriciacorreia/Documents/airflowalura/venv/lib/python3.9/site-packages/airflow/example_dags/example_nested_branch_dag.py took 0.153 seconds
[2024-12-18 22:09:03,839] {processor.py:153} INFO - Started process (PID=14493) to work on /home/patriciacorreia/Documents/airflowalura/venv/lib/python3.9/site-packages/airflow/example_dags/example_nested_branch_dag.py
[2024-12-18 22:09:03,841] {processor.py:641} INFO - Processing file /home/patriciacorreia/Documents/airflowalura/venv/lib/python3.9/site-packages/airflow/example_dags/example_nested_branch_dag.py for tasks to queue
[2024-12-18 22:09:03,841] {logging_mixin.py:115} INFO - [2024-12-18 22:09:03,841] {dagbag.py:507} INFO - Filling up the DagBag from /home/patriciacorreia/Documents/airflowalura/venv/lib/python3.9/site-packages/airflow/example_dags/example_nested_branch_dag.py
[2024-12-18 22:09:03,857] {processor.py:651} INFO - DAG(s) dict_keys(['example_nested_branch_dag']) retrieved from /home/patriciacorreia/Documents/airflowalura/venv/lib/python3.9/site-packages/airflow/example_dags/example_nested_branch_dag.py
[2024-12-18 22:09:03,885] {logging_mixin.py:115} INFO - [2024-12-18 22:09:03,885] {dag.py:2379} INFO - Sync 1 DAGs
[2024-12-18 22:09:03,919] {logging_mixin.py:115} INFO - [2024-12-18 22:09:03,919] {dag.py:2927} INFO - Setting next_dagrun for example_nested_branch_dag to 2024-12-18T00:00:00+00:00, run_after=2024-12-19T00:00:00+00:00
[2024-12-18 22:09:03,960] {processor.py:161} INFO - Processing /home/patriciacorreia/Documents/airflowalura/venv/lib/python3.9/site-packages/airflow/example_dags/example_nested_branch_dag.py took 0.124 seconds
[2024-12-18 22:09:42,163] {processor.py:153} INFO - Started process (PID=14669) to work on /home/patriciacorreia/Documents/airflowalura/venv/lib/python3.9/site-packages/airflow/example_dags/example_nested_branch_dag.py
[2024-12-18 22:09:42,165] {processor.py:641} INFO - Processing file /home/patriciacorreia/Documents/airflowalura/venv/lib/python3.9/site-packages/airflow/example_dags/example_nested_branch_dag.py for tasks to queue
[2024-12-18 22:09:42,166] {logging_mixin.py:115} INFO - [2024-12-18 22:09:42,166] {dagbag.py:507} INFO - Filling up the DagBag from /home/patriciacorreia/Documents/airflowalura/venv/lib/python3.9/site-packages/airflow/example_dags/example_nested_branch_dag.py
[2024-12-18 22:09:42,186] {processor.py:651} INFO - DAG(s) dict_keys(['example_nested_branch_dag']) retrieved from /home/patriciacorreia/Documents/airflowalura/venv/lib/python3.9/site-packages/airflow/example_dags/example_nested_branch_dag.py
[2024-12-18 22:09:42,227] {logging_mixin.py:115} INFO - [2024-12-18 22:09:42,227] {dag.py:2379} INFO - Sync 1 DAGs
[2024-12-18 22:09:42,273] {logging_mixin.py:115} INFO - [2024-12-18 22:09:42,273] {dag.py:2927} INFO - Setting next_dagrun for example_nested_branch_dag to 2024-12-18T00:00:00+00:00, run_after=2024-12-19T00:00:00+00:00
[2024-12-18 22:09:42,296] {processor.py:161} INFO - Processing /home/patriciacorreia/Documents/airflowalura/venv/lib/python3.9/site-packages/airflow/example_dags/example_nested_branch_dag.py took 0.139 seconds
[2024-12-18 22:10:18,789] {processor.py:153} INFO - Started process (PID=14922) to work on /home/patriciacorreia/Documents/airflowalura/venv/lib/python3.9/site-packages/airflow/example_dags/example_nested_branch_dag.py
[2024-12-18 22:10:18,790] {processor.py:641} INFO - Processing file /home/patriciacorreia/Documents/airflowalura/venv/lib/python3.9/site-packages/airflow/example_dags/example_nested_branch_dag.py for tasks to queue
[2024-12-18 22:10:18,791] {logging_mixin.py:115} INFO - [2024-12-18 22:10:18,791] {dagbag.py:507} INFO - Filling up the DagBag from /home/patriciacorreia/Documents/airflowalura/venv/lib/python3.9/site-packages/airflow/example_dags/example_nested_branch_dag.py
[2024-12-18 22:10:18,805] {processor.py:651} INFO - DAG(s) dict_keys(['example_nested_branch_dag']) retrieved from /home/patriciacorreia/Documents/airflowalura/venv/lib/python3.9/site-packages/airflow/example_dags/example_nested_branch_dag.py
[2024-12-18 22:10:18,825] {logging_mixin.py:115} INFO - [2024-12-18 22:10:18,825] {dag.py:2379} INFO - Sync 1 DAGs
[2024-12-18 22:10:18,851] {logging_mixin.py:115} INFO - [2024-12-18 22:10:18,851] {dag.py:2927} INFO - Setting next_dagrun for example_nested_branch_dag to 2024-12-18T00:00:00+00:00, run_after=2024-12-19T00:00:00+00:00
[2024-12-18 22:10:18,868] {processor.py:161} INFO - Processing /home/patriciacorreia/Documents/airflowalura/venv/lib/python3.9/site-packages/airflow/example_dags/example_nested_branch_dag.py took 0.083 seconds
[2024-12-18 22:10:51,514] {processor.py:153} INFO - Started process (PID=15341) to work on /home/patriciacorreia/Documents/airflowalura/venv/lib/python3.9/site-packages/airflow/example_dags/example_nested_branch_dag.py
[2024-12-18 22:10:51,519] {processor.py:641} INFO - Processing file /home/patriciacorreia/Documents/airflowalura/venv/lib/python3.9/site-packages/airflow/example_dags/example_nested_branch_dag.py for tasks to queue
[2024-12-18 22:10:51,523] {logging_mixin.py:115} INFO - [2024-12-18 22:10:51,523] {dagbag.py:507} INFO - Filling up the DagBag from /home/patriciacorreia/Documents/airflowalura/venv/lib/python3.9/site-packages/airflow/example_dags/example_nested_branch_dag.py
[2024-12-18 22:10:51,617] {processor.py:651} INFO - DAG(s) dict_keys(['example_nested_branch_dag']) retrieved from /home/patriciacorreia/Documents/airflowalura/venv/lib/python3.9/site-packages/airflow/example_dags/example_nested_branch_dag.py
[2024-12-18 22:10:51,794] {logging_mixin.py:115} INFO - [2024-12-18 22:10:51,793] {dag.py:2379} INFO - Sync 1 DAGs
[2024-12-18 22:10:51,930] {logging_mixin.py:115} INFO - [2024-12-18 22:10:51,930] {dag.py:2927} INFO - Setting next_dagrun for example_nested_branch_dag to 2024-12-18T00:00:00+00:00, run_after=2024-12-19T00:00:00+00:00
[2024-12-18 22:10:51,985] {processor.py:161} INFO - Processing /home/patriciacorreia/Documents/airflowalura/venv/lib/python3.9/site-packages/airflow/example_dags/example_nested_branch_dag.py took 0.505 seconds
[2024-12-18 22:11:28,747] {processor.py:153} INFO - Started process (PID=15508) to work on /home/patriciacorreia/Documents/airflowalura/venv/lib/python3.9/site-packages/airflow/example_dags/example_nested_branch_dag.py
[2024-12-18 22:11:28,749] {processor.py:641} INFO - Processing file /home/patriciacorreia/Documents/airflowalura/venv/lib/python3.9/site-packages/airflow/example_dags/example_nested_branch_dag.py for tasks to queue
[2024-12-18 22:11:28,750] {logging_mixin.py:115} INFO - [2024-12-18 22:11:28,750] {dagbag.py:507} INFO - Filling up the DagBag from /home/patriciacorreia/Documents/airflowalura/venv/lib/python3.9/site-packages/airflow/example_dags/example_nested_branch_dag.py
[2024-12-18 22:11:28,785] {processor.py:651} INFO - DAG(s) dict_keys(['example_nested_branch_dag']) retrieved from /home/patriciacorreia/Documents/airflowalura/venv/lib/python3.9/site-packages/airflow/example_dags/example_nested_branch_dag.py
[2024-12-18 22:11:28,837] {logging_mixin.py:115} INFO - [2024-12-18 22:11:28,837] {dag.py:2379} INFO - Sync 1 DAGs
[2024-12-18 22:11:28,896] {logging_mixin.py:115} INFO - [2024-12-18 22:11:28,896] {dag.py:2927} INFO - Setting next_dagrun for example_nested_branch_dag to 2024-12-18T00:00:00+00:00, run_after=2024-12-19T00:00:00+00:00
[2024-12-18 22:11:28,927] {processor.py:161} INFO - Processing /home/patriciacorreia/Documents/airflowalura/venv/lib/python3.9/site-packages/airflow/example_dags/example_nested_branch_dag.py took 0.190 seconds
[2024-12-18 22:12:10,676] {processor.py:153} INFO - Started process (PID=15692) to work on /home/patriciacorreia/Documents/airflowalura/venv/lib/python3.9/site-packages/airflow/example_dags/example_nested_branch_dag.py
[2024-12-18 22:12:10,680] {processor.py:641} INFO - Processing file /home/patriciacorreia/Documents/airflowalura/venv/lib/python3.9/site-packages/airflow/example_dags/example_nested_branch_dag.py for tasks to queue
[2024-12-18 22:12:10,682] {logging_mixin.py:115} INFO - [2024-12-18 22:12:10,682] {dagbag.py:507} INFO - Filling up the DagBag from /home/patriciacorreia/Documents/airflowalura/venv/lib/python3.9/site-packages/airflow/example_dags/example_nested_branch_dag.py
[2024-12-18 22:12:10,718] {processor.py:651} INFO - DAG(s) dict_keys(['example_nested_branch_dag']) retrieved from /home/patriciacorreia/Documents/airflowalura/venv/lib/python3.9/site-packages/airflow/example_dags/example_nested_branch_dag.py
[2024-12-18 22:12:10,796] {logging_mixin.py:115} INFO - [2024-12-18 22:12:10,795] {dag.py:2379} INFO - Sync 1 DAGs
[2024-12-18 22:12:10,882] {logging_mixin.py:115} INFO - [2024-12-18 22:12:10,882] {dag.py:2927} INFO - Setting next_dagrun for example_nested_branch_dag to 2024-12-18T00:00:00+00:00, run_after=2024-12-19T00:00:00+00:00
[2024-12-18 22:12:10,929] {processor.py:161} INFO - Processing /home/patriciacorreia/Documents/airflowalura/venv/lib/python3.9/site-packages/airflow/example_dags/example_nested_branch_dag.py took 0.264 seconds
[2024-12-18 22:12:52,531] {processor.py:153} INFO - Started process (PID=15882) to work on /home/patriciacorreia/Documents/airflowalura/venv/lib/python3.9/site-packages/airflow/example_dags/example_nested_branch_dag.py
[2024-12-18 22:12:52,533] {processor.py:641} INFO - Processing file /home/patriciacorreia/Documents/airflowalura/venv/lib/python3.9/site-packages/airflow/example_dags/example_nested_branch_dag.py for tasks to queue
[2024-12-18 22:12:52,534] {logging_mixin.py:115} INFO - [2024-12-18 22:12:52,534] {dagbag.py:507} INFO - Filling up the DagBag from /home/patriciacorreia/Documents/airflowalura/venv/lib/python3.9/site-packages/airflow/example_dags/example_nested_branch_dag.py
[2024-12-18 22:12:52,556] {processor.py:651} INFO - DAG(s) dict_keys(['example_nested_branch_dag']) retrieved from /home/patriciacorreia/Documents/airflowalura/venv/lib/python3.9/site-packages/airflow/example_dags/example_nested_branch_dag.py
[2024-12-18 22:12:52,590] {logging_mixin.py:115} INFO - [2024-12-18 22:12:52,590] {dag.py:2379} INFO - Sync 1 DAGs
[2024-12-18 22:12:52,632] {logging_mixin.py:115} INFO - [2024-12-18 22:12:52,632] {dag.py:2927} INFO - Setting next_dagrun for example_nested_branch_dag to 2024-12-18T00:00:00+00:00, run_after=2024-12-19T00:00:00+00:00
[2024-12-18 22:12:52,658] {processor.py:161} INFO - Processing /home/patriciacorreia/Documents/airflowalura/venv/lib/python3.9/site-packages/airflow/example_dags/example_nested_branch_dag.py took 0.133 seconds
[2024-12-18 22:13:26,668] {processor.py:153} INFO - Started process (PID=16029) to work on /home/patriciacorreia/Documents/airflowalura/venv/lib/python3.9/site-packages/airflow/example_dags/example_nested_branch_dag.py
[2024-12-18 22:13:26,671] {processor.py:641} INFO - Processing file /home/patriciacorreia/Documents/airflowalura/venv/lib/python3.9/site-packages/airflow/example_dags/example_nested_branch_dag.py for tasks to queue
[2024-12-18 22:13:26,674] {logging_mixin.py:115} INFO - [2024-12-18 22:13:26,674] {dagbag.py:507} INFO - Filling up the DagBag from /home/patriciacorreia/Documents/airflowalura/venv/lib/python3.9/site-packages/airflow/example_dags/example_nested_branch_dag.py
[2024-12-18 22:13:26,714] {processor.py:651} INFO - DAG(s) dict_keys(['example_nested_branch_dag']) retrieved from /home/patriciacorreia/Documents/airflowalura/venv/lib/python3.9/site-packages/airflow/example_dags/example_nested_branch_dag.py
[2024-12-18 22:13:26,774] {logging_mixin.py:115} INFO - [2024-12-18 22:13:26,774] {dag.py:2379} INFO - Sync 1 DAGs
[2024-12-18 22:13:26,855] {logging_mixin.py:115} INFO - [2024-12-18 22:13:26,854] {dag.py:2927} INFO - Setting next_dagrun for example_nested_branch_dag to 2024-12-18T00:00:00+00:00, run_after=2024-12-19T00:00:00+00:00
[2024-12-18 22:13:26,899] {processor.py:161} INFO - Processing /home/patriciacorreia/Documents/airflowalura/venv/lib/python3.9/site-packages/airflow/example_dags/example_nested_branch_dag.py took 0.242 seconds
[2024-12-18 22:14:00,663] {processor.py:153} INFO - Started process (PID=16202) to work on /home/patriciacorreia/Documents/airflowalura/venv/lib/python3.9/site-packages/airflow/example_dags/example_nested_branch_dag.py
[2024-12-18 22:14:00,664] {processor.py:641} INFO - Processing file /home/patriciacorreia/Documents/airflowalura/venv/lib/python3.9/site-packages/airflow/example_dags/example_nested_branch_dag.py for tasks to queue
[2024-12-18 22:14:00,665] {logging_mixin.py:115} INFO - [2024-12-18 22:14:00,665] {dagbag.py:507} INFO - Filling up the DagBag from /home/patriciacorreia/Documents/airflowalura/venv/lib/python3.9/site-packages/airflow/example_dags/example_nested_branch_dag.py
[2024-12-18 22:14:00,681] {processor.py:651} INFO - DAG(s) dict_keys(['example_nested_branch_dag']) retrieved from /home/patriciacorreia/Documents/airflowalura/venv/lib/python3.9/site-packages/airflow/example_dags/example_nested_branch_dag.py
[2024-12-18 22:14:00,704] {logging_mixin.py:115} INFO - [2024-12-18 22:14:00,704] {dag.py:2379} INFO - Sync 1 DAGs
[2024-12-18 22:14:00,733] {logging_mixin.py:115} INFO - [2024-12-18 22:14:00,732] {dag.py:2927} INFO - Setting next_dagrun for example_nested_branch_dag to 2024-12-18T00:00:00+00:00, run_after=2024-12-19T00:00:00+00:00
[2024-12-18 22:14:00,751] {processor.py:161} INFO - Processing /home/patriciacorreia/Documents/airflowalura/venv/lib/python3.9/site-packages/airflow/example_dags/example_nested_branch_dag.py took 0.093 seconds
[2024-12-18 22:14:36,781] {processor.py:153} INFO - Started process (PID=16379) to work on /home/patriciacorreia/Documents/airflowalura/venv/lib/python3.9/site-packages/airflow/example_dags/example_nested_branch_dag.py
[2024-12-18 22:14:36,785] {processor.py:641} INFO - Processing file /home/patriciacorreia/Documents/airflowalura/venv/lib/python3.9/site-packages/airflow/example_dags/example_nested_branch_dag.py for tasks to queue
[2024-12-18 22:14:36,790] {logging_mixin.py:115} INFO - [2024-12-18 22:14:36,789] {dagbag.py:507} INFO - Filling up the DagBag from /home/patriciacorreia/Documents/airflowalura/venv/lib/python3.9/site-packages/airflow/example_dags/example_nested_branch_dag.py
[2024-12-18 22:14:36,877] {processor.py:651} INFO - DAG(s) dict_keys(['example_nested_branch_dag']) retrieved from /home/patriciacorreia/Documents/airflowalura/venv/lib/python3.9/site-packages/airflow/example_dags/example_nested_branch_dag.py
[2024-12-18 22:14:36,906] {logging_mixin.py:115} INFO - [2024-12-18 22:14:36,906] {dag.py:2379} INFO - Sync 1 DAGs
[2024-12-18 22:14:36,939] {logging_mixin.py:115} INFO - [2024-12-18 22:14:36,938] {dag.py:2927} INFO - Setting next_dagrun for example_nested_branch_dag to 2024-12-18T00:00:00+00:00, run_after=2024-12-19T00:00:00+00:00
[2024-12-18 22:14:36,956] {processor.py:161} INFO - Processing /home/patriciacorreia/Documents/airflowalura/venv/lib/python3.9/site-packages/airflow/example_dags/example_nested_branch_dag.py took 0.193 seconds
[2024-12-18 22:15:18,316] {processor.py:153} INFO - Started process (PID=16574) to work on /home/patriciacorreia/Documents/airflowalura/venv/lib/python3.9/site-packages/airflow/example_dags/example_nested_branch_dag.py
[2024-12-18 22:15:18,318] {processor.py:641} INFO - Processing file /home/patriciacorreia/Documents/airflowalura/venv/lib/python3.9/site-packages/airflow/example_dags/example_nested_branch_dag.py for tasks to queue
[2024-12-18 22:15:18,318] {logging_mixin.py:115} INFO - [2024-12-18 22:15:18,318] {dagbag.py:507} INFO - Filling up the DagBag from /home/patriciacorreia/Documents/airflowalura/venv/lib/python3.9/site-packages/airflow/example_dags/example_nested_branch_dag.py
[2024-12-18 22:15:18,338] {processor.py:651} INFO - DAG(s) dict_keys(['example_nested_branch_dag']) retrieved from /home/patriciacorreia/Documents/airflowalura/venv/lib/python3.9/site-packages/airflow/example_dags/example_nested_branch_dag.py
[2024-12-18 22:15:18,391] {logging_mixin.py:115} INFO - [2024-12-18 22:15:18,390] {dag.py:2379} INFO - Sync 1 DAGs
[2024-12-18 22:15:18,461] {logging_mixin.py:115} INFO - [2024-12-18 22:15:18,461] {dag.py:2927} INFO - Setting next_dagrun for example_nested_branch_dag to 2024-12-18T00:00:00+00:00, run_after=2024-12-19T00:00:00+00:00
[2024-12-18 22:15:18,487] {processor.py:161} INFO - Processing /home/patriciacorreia/Documents/airflowalura/venv/lib/python3.9/site-packages/airflow/example_dags/example_nested_branch_dag.py took 0.176 seconds
[2024-12-18 22:15:58,083] {processor.py:153} INFO - Started process (PID=16779) to work on /home/patriciacorreia/Documents/airflowalura/venv/lib/python3.9/site-packages/airflow/example_dags/example_nested_branch_dag.py
[2024-12-18 22:15:58,087] {processor.py:641} INFO - Processing file /home/patriciacorreia/Documents/airflowalura/venv/lib/python3.9/site-packages/airflow/example_dags/example_nested_branch_dag.py for tasks to queue
[2024-12-18 22:15:58,090] {logging_mixin.py:115} INFO - [2024-12-18 22:15:58,089] {dagbag.py:507} INFO - Filling up the DagBag from /home/patriciacorreia/Documents/airflowalura/venv/lib/python3.9/site-packages/airflow/example_dags/example_nested_branch_dag.py
[2024-12-18 22:15:58,139] {processor.py:651} INFO - DAG(s) dict_keys(['example_nested_branch_dag']) retrieved from /home/patriciacorreia/Documents/airflowalura/venv/lib/python3.9/site-packages/airflow/example_dags/example_nested_branch_dag.py
[2024-12-18 22:15:58,228] {logging_mixin.py:115} INFO - [2024-12-18 22:15:58,228] {dag.py:2379} INFO - Sync 1 DAGs
[2024-12-18 22:15:58,345] {logging_mixin.py:115} INFO - [2024-12-18 22:15:58,345] {dag.py:2927} INFO - Setting next_dagrun for example_nested_branch_dag to 2024-12-18T00:00:00+00:00, run_after=2024-12-19T00:00:00+00:00
[2024-12-18 22:15:58,373] {processor.py:161} INFO - Processing /home/patriciacorreia/Documents/airflowalura/venv/lib/python3.9/site-packages/airflow/example_dags/example_nested_branch_dag.py took 0.303 seconds
[2024-12-18 22:16:37,345] {processor.py:153} INFO - Started process (PID=17040) to work on /home/patriciacorreia/Documents/airflowalura/venv/lib/python3.9/site-packages/airflow/example_dags/example_nested_branch_dag.py
[2024-12-18 22:16:37,354] {processor.py:641} INFO - Processing file /home/patriciacorreia/Documents/airflowalura/venv/lib/python3.9/site-packages/airflow/example_dags/example_nested_branch_dag.py for tasks to queue
[2024-12-18 22:16:37,358] {logging_mixin.py:115} INFO - [2024-12-18 22:16:37,357] {dagbag.py:507} INFO - Filling up the DagBag from /home/patriciacorreia/Documents/airflowalura/venv/lib/python3.9/site-packages/airflow/example_dags/example_nested_branch_dag.py
[2024-12-18 22:16:37,503] {processor.py:651} INFO - DAG(s) dict_keys(['example_nested_branch_dag']) retrieved from /home/patriciacorreia/Documents/airflowalura/venv/lib/python3.9/site-packages/airflow/example_dags/example_nested_branch_dag.py
[2024-12-18 22:16:37,695] {logging_mixin.py:115} INFO - [2024-12-18 22:16:37,695] {dag.py:2379} INFO - Sync 1 DAGs
[2024-12-18 22:16:37,856] {logging_mixin.py:115} INFO - [2024-12-18 22:16:37,856] {dag.py:2927} INFO - Setting next_dagrun for example_nested_branch_dag to 2024-12-18T00:00:00+00:00, run_after=2024-12-19T00:00:00+00:00
[2024-12-18 22:16:37,913] {processor.py:161} INFO - Processing /home/patriciacorreia/Documents/airflowalura/venv/lib/python3.9/site-packages/airflow/example_dags/example_nested_branch_dag.py took 0.623 seconds
[2024-12-18 22:17:19,814] {processor.py:153} INFO - Started process (PID=17244) to work on /home/patriciacorreia/Documents/airflowalura/venv/lib/python3.9/site-packages/airflow/example_dags/example_nested_branch_dag.py
[2024-12-18 22:17:19,816] {processor.py:641} INFO - Processing file /home/patriciacorreia/Documents/airflowalura/venv/lib/python3.9/site-packages/airflow/example_dags/example_nested_branch_dag.py for tasks to queue
[2024-12-18 22:17:19,817] {logging_mixin.py:115} INFO - [2024-12-18 22:17:19,817] {dagbag.py:507} INFO - Filling up the DagBag from /home/patriciacorreia/Documents/airflowalura/venv/lib/python3.9/site-packages/airflow/example_dags/example_nested_branch_dag.py
[2024-12-18 22:17:19,840] {processor.py:651} INFO - DAG(s) dict_keys(['example_nested_branch_dag']) retrieved from /home/patriciacorreia/Documents/airflowalura/venv/lib/python3.9/site-packages/airflow/example_dags/example_nested_branch_dag.py
[2024-12-18 22:17:19,877] {logging_mixin.py:115} INFO - [2024-12-18 22:17:19,877] {dag.py:2379} INFO - Sync 1 DAGs
[2024-12-18 22:17:19,920] {logging_mixin.py:115} INFO - [2024-12-18 22:17:19,919] {dag.py:2927} INFO - Setting next_dagrun for example_nested_branch_dag to 2024-12-18T00:00:00+00:00, run_after=2024-12-19T00:00:00+00:00
[2024-12-18 22:17:19,946] {processor.py:161} INFO - Processing /home/patriciacorreia/Documents/airflowalura/venv/lib/python3.9/site-packages/airflow/example_dags/example_nested_branch_dag.py took 0.139 seconds
[2024-12-18 22:18:01,968] {processor.py:153} INFO - Started process (PID=17449) to work on /home/patriciacorreia/Documents/airflowalura/venv/lib/python3.9/site-packages/airflow/example_dags/example_nested_branch_dag.py
[2024-12-18 22:18:01,972] {processor.py:641} INFO - Processing file /home/patriciacorreia/Documents/airflowalura/venv/lib/python3.9/site-packages/airflow/example_dags/example_nested_branch_dag.py for tasks to queue
[2024-12-18 22:18:01,974] {logging_mixin.py:115} INFO - [2024-12-18 22:18:01,974] {dagbag.py:507} INFO - Filling up the DagBag from /home/patriciacorreia/Documents/airflowalura/venv/lib/python3.9/site-packages/airflow/example_dags/example_nested_branch_dag.py
[2024-12-18 22:18:02,014] {processor.py:651} INFO - DAG(s) dict_keys(['example_nested_branch_dag']) retrieved from /home/patriciacorreia/Documents/airflowalura/venv/lib/python3.9/site-packages/airflow/example_dags/example_nested_branch_dag.py
[2024-12-18 22:18:02,070] {logging_mixin.py:115} INFO - [2024-12-18 22:18:02,070] {dag.py:2379} INFO - Sync 1 DAGs
[2024-12-18 22:18:02,113] {logging_mixin.py:115} INFO - [2024-12-18 22:18:02,113] {dag.py:2927} INFO - Setting next_dagrun for example_nested_branch_dag to 2024-12-18T00:00:00+00:00, run_after=2024-12-19T00:00:00+00:00
[2024-12-18 22:18:02,130] {processor.py:161} INFO - Processing /home/patriciacorreia/Documents/airflowalura/venv/lib/python3.9/site-packages/airflow/example_dags/example_nested_branch_dag.py took 0.174 seconds
[2024-12-18 22:18:40,198] {processor.py:153} INFO - Started process (PID=17620) to work on /home/patriciacorreia/Documents/airflowalura/venv/lib/python3.9/site-packages/airflow/example_dags/example_nested_branch_dag.py
[2024-12-18 22:18:40,201] {processor.py:641} INFO - Processing file /home/patriciacorreia/Documents/airflowalura/venv/lib/python3.9/site-packages/airflow/example_dags/example_nested_branch_dag.py for tasks to queue
[2024-12-18 22:18:40,206] {logging_mixin.py:115} INFO - [2024-12-18 22:18:40,205] {dagbag.py:507} INFO - Filling up the DagBag from /home/patriciacorreia/Documents/airflowalura/venv/lib/python3.9/site-packages/airflow/example_dags/example_nested_branch_dag.py
[2024-12-18 22:18:40,289] {processor.py:651} INFO - DAG(s) dict_keys(['example_nested_branch_dag']) retrieved from /home/patriciacorreia/Documents/airflowalura/venv/lib/python3.9/site-packages/airflow/example_dags/example_nested_branch_dag.py
[2024-12-18 22:18:40,354] {logging_mixin.py:115} INFO - [2024-12-18 22:18:40,354] {dag.py:2379} INFO - Sync 1 DAGs
[2024-12-18 22:18:40,401] {logging_mixin.py:115} INFO - [2024-12-18 22:18:40,400] {dag.py:2927} INFO - Setting next_dagrun for example_nested_branch_dag to 2024-12-18T00:00:00+00:00, run_after=2024-12-19T00:00:00+00:00
[2024-12-18 22:18:40,418] {processor.py:161} INFO - Processing /home/patriciacorreia/Documents/airflowalura/venv/lib/python3.9/site-packages/airflow/example_dags/example_nested_branch_dag.py took 0.236 seconds
[2024-12-18 22:19:33,043] {processor.py:153} INFO - Started process (PID=17839) to work on /home/patriciacorreia/Documents/airflowalura/venv/lib/python3.9/site-packages/airflow/example_dags/example_nested_branch_dag.py
[2024-12-18 22:19:33,046] {processor.py:641} INFO - Processing file /home/patriciacorreia/Documents/airflowalura/venv/lib/python3.9/site-packages/airflow/example_dags/example_nested_branch_dag.py for tasks to queue
[2024-12-18 22:19:33,047] {logging_mixin.py:115} INFO - [2024-12-18 22:19:33,047] {dagbag.py:507} INFO - Filling up the DagBag from /home/patriciacorreia/Documents/airflowalura/venv/lib/python3.9/site-packages/airflow/example_dags/example_nested_branch_dag.py
[2024-12-18 22:19:33,075] {processor.py:651} INFO - DAG(s) dict_keys(['example_nested_branch_dag']) retrieved from /home/patriciacorreia/Documents/airflowalura/venv/lib/python3.9/site-packages/airflow/example_dags/example_nested_branch_dag.py
[2024-12-18 22:19:33,111] {logging_mixin.py:115} INFO - [2024-12-18 22:19:33,111] {dag.py:2379} INFO - Sync 1 DAGs
[2024-12-18 22:19:33,161] {logging_mixin.py:115} INFO - [2024-12-18 22:19:33,160] {dag.py:2927} INFO - Setting next_dagrun for example_nested_branch_dag to 2024-12-18T00:00:00+00:00, run_after=2024-12-19T00:00:00+00:00
[2024-12-18 22:19:33,186] {processor.py:161} INFO - Processing /home/patriciacorreia/Documents/airflowalura/venv/lib/python3.9/site-packages/airflow/example_dags/example_nested_branch_dag.py took 0.152 seconds
[2024-12-18 22:20:14,741] {processor.py:153} INFO - Started process (PID=18040) to work on /home/patriciacorreia/Documents/airflowalura/venv/lib/python3.9/site-packages/airflow/example_dags/example_nested_branch_dag.py
[2024-12-18 22:20:14,743] {processor.py:641} INFO - Processing file /home/patriciacorreia/Documents/airflowalura/venv/lib/python3.9/site-packages/airflow/example_dags/example_nested_branch_dag.py for tasks to queue
[2024-12-18 22:20:14,744] {logging_mixin.py:115} INFO - [2024-12-18 22:20:14,743] {dagbag.py:507} INFO - Filling up the DagBag from /home/patriciacorreia/Documents/airflowalura/venv/lib/python3.9/site-packages/airflow/example_dags/example_nested_branch_dag.py
[2024-12-18 22:20:14,772] {processor.py:651} INFO - DAG(s) dict_keys(['example_nested_branch_dag']) retrieved from /home/patriciacorreia/Documents/airflowalura/venv/lib/python3.9/site-packages/airflow/example_dags/example_nested_branch_dag.py
[2024-12-18 22:20:14,806] {logging_mixin.py:115} INFO - [2024-12-18 22:20:14,805] {dag.py:2379} INFO - Sync 1 DAGs
[2024-12-18 22:20:14,836] {logging_mixin.py:115} INFO - [2024-12-18 22:20:14,836] {dag.py:2927} INFO - Setting next_dagrun for example_nested_branch_dag to 2024-12-18T00:00:00+00:00, run_after=2024-12-19T00:00:00+00:00
[2024-12-18 22:20:14,854] {processor.py:161} INFO - Processing /home/patriciacorreia/Documents/airflowalura/venv/lib/python3.9/site-packages/airflow/example_dags/example_nested_branch_dag.py took 0.117 seconds
[2024-12-18 22:20:53,041] {processor.py:153} INFO - Started process (PID=18236) to work on /home/patriciacorreia/Documents/airflowalura/venv/lib/python3.9/site-packages/airflow/example_dags/example_nested_branch_dag.py
[2024-12-18 22:20:53,043] {processor.py:641} INFO - Processing file /home/patriciacorreia/Documents/airflowalura/venv/lib/python3.9/site-packages/airflow/example_dags/example_nested_branch_dag.py for tasks to queue
[2024-12-18 22:20:53,045] {logging_mixin.py:115} INFO - [2024-12-18 22:20:53,045] {dagbag.py:507} INFO - Filling up the DagBag from /home/patriciacorreia/Documents/airflowalura/venv/lib/python3.9/site-packages/airflow/example_dags/example_nested_branch_dag.py
[2024-12-18 22:20:53,085] {processor.py:651} INFO - DAG(s) dict_keys(['example_nested_branch_dag']) retrieved from /home/patriciacorreia/Documents/airflowalura/venv/lib/python3.9/site-packages/airflow/example_dags/example_nested_branch_dag.py
[2024-12-18 22:20:53,151] {logging_mixin.py:115} INFO - [2024-12-18 22:20:53,151] {dag.py:2379} INFO - Sync 1 DAGs
[2024-12-18 22:20:53,243] {logging_mixin.py:115} INFO - [2024-12-18 22:20:53,242] {dag.py:2927} INFO - Setting next_dagrun for example_nested_branch_dag to 2024-12-18T00:00:00+00:00, run_after=2024-12-19T00:00:00+00:00
[2024-12-18 22:20:53,270] {processor.py:161} INFO - Processing /home/patriciacorreia/Documents/airflowalura/venv/lib/python3.9/site-packages/airflow/example_dags/example_nested_branch_dag.py took 0.242 seconds
[2024-12-18 22:21:30,028] {processor.py:153} INFO - Started process (PID=18412) to work on /home/patriciacorreia/Documents/airflowalura/venv/lib/python3.9/site-packages/airflow/example_dags/example_nested_branch_dag.py
[2024-12-18 22:21:30,033] {processor.py:641} INFO - Processing file /home/patriciacorreia/Documents/airflowalura/venv/lib/python3.9/site-packages/airflow/example_dags/example_nested_branch_dag.py for tasks to queue
[2024-12-18 22:21:30,039] {logging_mixin.py:115} INFO - [2024-12-18 22:21:30,038] {dagbag.py:507} INFO - Filling up the DagBag from /home/patriciacorreia/Documents/airflowalura/venv/lib/python3.9/site-packages/airflow/example_dags/example_nested_branch_dag.py
[2024-12-18 22:21:30,091] {processor.py:651} INFO - DAG(s) dict_keys(['example_nested_branch_dag']) retrieved from /home/patriciacorreia/Documents/airflowalura/venv/lib/python3.9/site-packages/airflow/example_dags/example_nested_branch_dag.py
[2024-12-18 22:21:30,181] {logging_mixin.py:115} INFO - [2024-12-18 22:21:30,180] {dag.py:2379} INFO - Sync 1 DAGs
[2024-12-18 22:21:30,293] {logging_mixin.py:115} INFO - [2024-12-18 22:21:30,293] {dag.py:2927} INFO - Setting next_dagrun for example_nested_branch_dag to 2024-12-18T00:00:00+00:00, run_after=2024-12-19T00:00:00+00:00
[2024-12-18 22:21:30,379] {processor.py:161} INFO - Processing /home/patriciacorreia/Documents/airflowalura/venv/lib/python3.9/site-packages/airflow/example_dags/example_nested_branch_dag.py took 0.367 seconds
[2024-12-18 22:22:06,987] {processor.py:153} INFO - Started process (PID=18580) to work on /home/patriciacorreia/Documents/airflowalura/venv/lib/python3.9/site-packages/airflow/example_dags/example_nested_branch_dag.py
[2024-12-18 22:22:06,988] {processor.py:641} INFO - Processing file /home/patriciacorreia/Documents/airflowalura/venv/lib/python3.9/site-packages/airflow/example_dags/example_nested_branch_dag.py for tasks to queue
[2024-12-18 22:22:06,989] {logging_mixin.py:115} INFO - [2024-12-18 22:22:06,989] {dagbag.py:507} INFO - Filling up the DagBag from /home/patriciacorreia/Documents/airflowalura/venv/lib/python3.9/site-packages/airflow/example_dags/example_nested_branch_dag.py
[2024-12-18 22:22:07,005] {processor.py:651} INFO - DAG(s) dict_keys(['example_nested_branch_dag']) retrieved from /home/patriciacorreia/Documents/airflowalura/venv/lib/python3.9/site-packages/airflow/example_dags/example_nested_branch_dag.py
[2024-12-18 22:22:07,032] {logging_mixin.py:115} INFO - [2024-12-18 22:22:07,032] {dag.py:2379} INFO - Sync 1 DAGs
[2024-12-18 22:22:07,067] {logging_mixin.py:115} INFO - [2024-12-18 22:22:07,067] {dag.py:2927} INFO - Setting next_dagrun for example_nested_branch_dag to 2024-12-18T00:00:00+00:00, run_after=2024-12-19T00:00:00+00:00
[2024-12-18 22:22:07,086] {processor.py:161} INFO - Processing /home/patriciacorreia/Documents/airflowalura/venv/lib/python3.9/site-packages/airflow/example_dags/example_nested_branch_dag.py took 0.107 seconds
[2024-12-18 22:22:46,923] {processor.py:153} INFO - Started process (PID=18764) to work on /home/patriciacorreia/Documents/airflowalura/venv/lib/python3.9/site-packages/airflow/example_dags/example_nested_branch_dag.py
[2024-12-18 22:22:46,924] {processor.py:641} INFO - Processing file /home/patriciacorreia/Documents/airflowalura/venv/lib/python3.9/site-packages/airflow/example_dags/example_nested_branch_dag.py for tasks to queue
[2024-12-18 22:22:46,925] {logging_mixin.py:115} INFO - [2024-12-18 22:22:46,925] {dagbag.py:507} INFO - Filling up the DagBag from /home/patriciacorreia/Documents/airflowalura/venv/lib/python3.9/site-packages/airflow/example_dags/example_nested_branch_dag.py
[2024-12-18 22:22:46,946] {processor.py:651} INFO - DAG(s) dict_keys(['example_nested_branch_dag']) retrieved from /home/patriciacorreia/Documents/airflowalura/venv/lib/python3.9/site-packages/airflow/example_dags/example_nested_branch_dag.py
[2024-12-18 22:22:46,994] {logging_mixin.py:115} INFO - [2024-12-18 22:22:46,994] {dag.py:2379} INFO - Sync 1 DAGs
[2024-12-18 22:22:47,051] {logging_mixin.py:115} INFO - [2024-12-18 22:22:47,050] {dag.py:2927} INFO - Setting next_dagrun for example_nested_branch_dag to 2024-12-18T00:00:00+00:00, run_after=2024-12-19T00:00:00+00:00
[2024-12-18 22:22:47,072] {processor.py:161} INFO - Processing /home/patriciacorreia/Documents/airflowalura/venv/lib/python3.9/site-packages/airflow/example_dags/example_nested_branch_dag.py took 0.159 seconds
[2024-12-18 22:23:20,416] {processor.py:153} INFO - Started process (PID=18923) to work on /home/patriciacorreia/Documents/airflowalura/venv/lib/python3.9/site-packages/airflow/example_dags/example_nested_branch_dag.py
[2024-12-18 22:23:20,419] {processor.py:641} INFO - Processing file /home/patriciacorreia/Documents/airflowalura/venv/lib/python3.9/site-packages/airflow/example_dags/example_nested_branch_dag.py for tasks to queue
[2024-12-18 22:23:20,420] {logging_mixin.py:115} INFO - [2024-12-18 22:23:20,420] {dagbag.py:507} INFO - Filling up the DagBag from /home/patriciacorreia/Documents/airflowalura/venv/lib/python3.9/site-packages/airflow/example_dags/example_nested_branch_dag.py
[2024-12-18 22:23:20,449] {processor.py:651} INFO - DAG(s) dict_keys(['example_nested_branch_dag']) retrieved from /home/patriciacorreia/Documents/airflowalura/venv/lib/python3.9/site-packages/airflow/example_dags/example_nested_branch_dag.py
[2024-12-18 22:23:20,500] {logging_mixin.py:115} INFO - [2024-12-18 22:23:20,499] {dag.py:2379} INFO - Sync 1 DAGs
[2024-12-18 22:23:20,563] {logging_mixin.py:115} INFO - [2024-12-18 22:23:20,563] {dag.py:2927} INFO - Setting next_dagrun for example_nested_branch_dag to 2024-12-18T00:00:00+00:00, run_after=2024-12-19T00:00:00+00:00
[2024-12-18 22:23:20,599] {processor.py:161} INFO - Processing /home/patriciacorreia/Documents/airflowalura/venv/lib/python3.9/site-packages/airflow/example_dags/example_nested_branch_dag.py took 0.192 seconds
[2024-12-18 22:23:56,449] {processor.py:153} INFO - Started process (PID=19088) to work on /home/patriciacorreia/Documents/airflowalura/venv/lib/python3.9/site-packages/airflow/example_dags/example_nested_branch_dag.py
[2024-12-18 22:23:56,453] {processor.py:641} INFO - Processing file /home/patriciacorreia/Documents/airflowalura/venv/lib/python3.9/site-packages/airflow/example_dags/example_nested_branch_dag.py for tasks to queue
[2024-12-18 22:23:56,459] {logging_mixin.py:115} INFO - [2024-12-18 22:23:56,458] {dagbag.py:507} INFO - Filling up the DagBag from /home/patriciacorreia/Documents/airflowalura/venv/lib/python3.9/site-packages/airflow/example_dags/example_nested_branch_dag.py
[2024-12-18 22:23:56,509] {processor.py:651} INFO - DAG(s) dict_keys(['example_nested_branch_dag']) retrieved from /home/patriciacorreia/Documents/airflowalura/venv/lib/python3.9/site-packages/airflow/example_dags/example_nested_branch_dag.py
[2024-12-18 22:23:56,539] {logging_mixin.py:115} INFO - [2024-12-18 22:23:56,539] {dag.py:2379} INFO - Sync 1 DAGs
[2024-12-18 22:23:56,570] {logging_mixin.py:115} INFO - [2024-12-18 22:23:56,570] {dag.py:2927} INFO - Setting next_dagrun for example_nested_branch_dag to 2024-12-18T00:00:00+00:00, run_after=2024-12-19T00:00:00+00:00
[2024-12-18 22:23:56,589] {processor.py:161} INFO - Processing /home/patriciacorreia/Documents/airflowalura/venv/lib/python3.9/site-packages/airflow/example_dags/example_nested_branch_dag.py took 0.161 seconds
[2024-12-18 22:24:31,351] {processor.py:153} INFO - Started process (PID=19254) to work on /home/patriciacorreia/Documents/airflowalura/venv/lib/python3.9/site-packages/airflow/example_dags/example_nested_branch_dag.py
[2024-12-18 22:24:31,352] {processor.py:641} INFO - Processing file /home/patriciacorreia/Documents/airflowalura/venv/lib/python3.9/site-packages/airflow/example_dags/example_nested_branch_dag.py for tasks to queue
[2024-12-18 22:24:31,353] {logging_mixin.py:115} INFO - [2024-12-18 22:24:31,353] {dagbag.py:507} INFO - Filling up the DagBag from /home/patriciacorreia/Documents/airflowalura/venv/lib/python3.9/site-packages/airflow/example_dags/example_nested_branch_dag.py
[2024-12-18 22:24:31,376] {processor.py:651} INFO - DAG(s) dict_keys(['example_nested_branch_dag']) retrieved from /home/patriciacorreia/Documents/airflowalura/venv/lib/python3.9/site-packages/airflow/example_dags/example_nested_branch_dag.py
[2024-12-18 22:24:31,418] {logging_mixin.py:115} INFO - [2024-12-18 22:24:31,418] {dag.py:2379} INFO - Sync 1 DAGs
[2024-12-18 22:24:31,454] {logging_mixin.py:115} INFO - [2024-12-18 22:24:31,454] {dag.py:2927} INFO - Setting next_dagrun for example_nested_branch_dag to 2024-12-18T00:00:00+00:00, run_after=2024-12-19T00:00:00+00:00
[2024-12-18 22:24:31,481] {processor.py:161} INFO - Processing /home/patriciacorreia/Documents/airflowalura/venv/lib/python3.9/site-packages/airflow/example_dags/example_nested_branch_dag.py took 0.136 seconds
[2024-12-18 22:25:06,259] {processor.py:153} INFO - Started process (PID=19446) to work on /home/patriciacorreia/Documents/airflowalura/venv/lib/python3.9/site-packages/airflow/example_dags/example_nested_branch_dag.py
[2024-12-18 22:25:06,261] {processor.py:641} INFO - Processing file /home/patriciacorreia/Documents/airflowalura/venv/lib/python3.9/site-packages/airflow/example_dags/example_nested_branch_dag.py for tasks to queue
[2024-12-18 22:25:06,262] {logging_mixin.py:115} INFO - [2024-12-18 22:25:06,262] {dagbag.py:507} INFO - Filling up the DagBag from /home/patriciacorreia/Documents/airflowalura/venv/lib/python3.9/site-packages/airflow/example_dags/example_nested_branch_dag.py
[2024-12-18 22:25:06,282] {processor.py:651} INFO - DAG(s) dict_keys(['example_nested_branch_dag']) retrieved from /home/patriciacorreia/Documents/airflowalura/venv/lib/python3.9/site-packages/airflow/example_dags/example_nested_branch_dag.py
[2024-12-18 22:25:06,311] {logging_mixin.py:115} INFO - [2024-12-18 22:25:06,311] {dag.py:2379} INFO - Sync 1 DAGs
[2024-12-18 22:25:06,348] {logging_mixin.py:115} INFO - [2024-12-18 22:25:06,348] {dag.py:2927} INFO - Setting next_dagrun for example_nested_branch_dag to 2024-12-18T00:00:00+00:00, run_after=2024-12-19T00:00:00+00:00
[2024-12-18 22:25:06,368] {processor.py:161} INFO - Processing /home/patriciacorreia/Documents/airflowalura/venv/lib/python3.9/site-packages/airflow/example_dags/example_nested_branch_dag.py took 0.119 seconds
[2024-12-18 22:25:41,888] {processor.py:153} INFO - Started process (PID=19613) to work on /home/patriciacorreia/Documents/airflowalura/venv/lib/python3.9/site-packages/airflow/example_dags/example_nested_branch_dag.py
[2024-12-18 22:25:41,893] {processor.py:641} INFO - Processing file /home/patriciacorreia/Documents/airflowalura/venv/lib/python3.9/site-packages/airflow/example_dags/example_nested_branch_dag.py for tasks to queue
[2024-12-18 22:25:41,898] {logging_mixin.py:115} INFO - [2024-12-18 22:25:41,898] {dagbag.py:507} INFO - Filling up the DagBag from /home/patriciacorreia/Documents/airflowalura/venv/lib/python3.9/site-packages/airflow/example_dags/example_nested_branch_dag.py
[2024-12-18 22:25:41,954] {processor.py:651} INFO - DAG(s) dict_keys(['example_nested_branch_dag']) retrieved from /home/patriciacorreia/Documents/airflowalura/venv/lib/python3.9/site-packages/airflow/example_dags/example_nested_branch_dag.py
[2024-12-18 22:25:42,048] {logging_mixin.py:115} INFO - [2024-12-18 22:25:42,047] {dag.py:2379} INFO - Sync 1 DAGs
[2024-12-18 22:25:42,172] {logging_mixin.py:115} INFO - [2024-12-18 22:25:42,172] {dag.py:2927} INFO - Setting next_dagrun for example_nested_branch_dag to 2024-12-18T00:00:00+00:00, run_after=2024-12-19T00:00:00+00:00
[2024-12-18 22:25:42,240] {processor.py:161} INFO - Processing /home/patriciacorreia/Documents/airflowalura/venv/lib/python3.9/site-packages/airflow/example_dags/example_nested_branch_dag.py took 0.371 seconds
[2024-12-18 22:26:24,963] {processor.py:153} INFO - Started process (PID=19792) to work on /home/patriciacorreia/Documents/airflowalura/venv/lib/python3.9/site-packages/airflow/example_dags/example_nested_branch_dag.py
[2024-12-18 22:26:24,970] {processor.py:641} INFO - Processing file /home/patriciacorreia/Documents/airflowalura/venv/lib/python3.9/site-packages/airflow/example_dags/example_nested_branch_dag.py for tasks to queue
[2024-12-18 22:26:24,973] {logging_mixin.py:115} INFO - [2024-12-18 22:26:24,973] {dagbag.py:507} INFO - Filling up the DagBag from /home/patriciacorreia/Documents/airflowalura/venv/lib/python3.9/site-packages/airflow/example_dags/example_nested_branch_dag.py
[2024-12-18 22:26:25,031] {processor.py:651} INFO - DAG(s) dict_keys(['example_nested_branch_dag']) retrieved from /home/patriciacorreia/Documents/airflowalura/venv/lib/python3.9/site-packages/airflow/example_dags/example_nested_branch_dag.py
[2024-12-18 22:26:25,139] {logging_mixin.py:115} INFO - [2024-12-18 22:26:25,139] {dag.py:2379} INFO - Sync 1 DAGs
[2024-12-18 22:26:25,271] {logging_mixin.py:115} INFO - [2024-12-18 22:26:25,271] {dag.py:2927} INFO - Setting next_dagrun for example_nested_branch_dag to 2024-12-18T00:00:00+00:00, run_after=2024-12-19T00:00:00+00:00
[2024-12-18 22:26:25,298] {processor.py:161} INFO - Processing /home/patriciacorreia/Documents/airflowalura/venv/lib/python3.9/site-packages/airflow/example_dags/example_nested_branch_dag.py took 0.355 seconds
[2024-12-18 22:27:06,759] {processor.py:153} INFO - Started process (PID=19990) to work on /home/patriciacorreia/Documents/airflowalura/venv/lib/python3.9/site-packages/airflow/example_dags/example_nested_branch_dag.py
[2024-12-18 22:27:06,760] {processor.py:641} INFO - Processing file /home/patriciacorreia/Documents/airflowalura/venv/lib/python3.9/site-packages/airflow/example_dags/example_nested_branch_dag.py for tasks to queue
[2024-12-18 22:27:06,761] {logging_mixin.py:115} INFO - [2024-12-18 22:27:06,761] {dagbag.py:507} INFO - Filling up the DagBag from /home/patriciacorreia/Documents/airflowalura/venv/lib/python3.9/site-packages/airflow/example_dags/example_nested_branch_dag.py
[2024-12-18 22:27:06,775] {processor.py:651} INFO - DAG(s) dict_keys(['example_nested_branch_dag']) retrieved from /home/patriciacorreia/Documents/airflowalura/venv/lib/python3.9/site-packages/airflow/example_dags/example_nested_branch_dag.py
[2024-12-18 22:27:06,796] {logging_mixin.py:115} INFO - [2024-12-18 22:27:06,796] {dag.py:2379} INFO - Sync 1 DAGs
[2024-12-18 22:27:06,821] {logging_mixin.py:115} INFO - [2024-12-18 22:27:06,821] {dag.py:2927} INFO - Setting next_dagrun for example_nested_branch_dag to 2024-12-18T00:00:00+00:00, run_after=2024-12-19T00:00:00+00:00
[2024-12-18 22:27:06,839] {processor.py:161} INFO - Processing /home/patriciacorreia/Documents/airflowalura/venv/lib/python3.9/site-packages/airflow/example_dags/example_nested_branch_dag.py took 0.084 seconds
[2024-12-18 22:27:39,223] {processor.py:153} INFO - Started process (PID=20142) to work on /home/patriciacorreia/Documents/airflowalura/venv/lib/python3.9/site-packages/airflow/example_dags/example_nested_branch_dag.py
[2024-12-18 22:27:39,225] {processor.py:641} INFO - Processing file /home/patriciacorreia/Documents/airflowalura/venv/lib/python3.9/site-packages/airflow/example_dags/example_nested_branch_dag.py for tasks to queue
[2024-12-18 22:27:39,226] {logging_mixin.py:115} INFO - [2024-12-18 22:27:39,226] {dagbag.py:507} INFO - Filling up the DagBag from /home/patriciacorreia/Documents/airflowalura/venv/lib/python3.9/site-packages/airflow/example_dags/example_nested_branch_dag.py
[2024-12-18 22:27:39,247] {processor.py:651} INFO - DAG(s) dict_keys(['example_nested_branch_dag']) retrieved from /home/patriciacorreia/Documents/airflowalura/venv/lib/python3.9/site-packages/airflow/example_dags/example_nested_branch_dag.py
[2024-12-18 22:27:39,284] {logging_mixin.py:115} INFO - [2024-12-18 22:27:39,283] {dag.py:2379} INFO - Sync 1 DAGs
[2024-12-18 22:27:39,327] {logging_mixin.py:115} INFO - [2024-12-18 22:27:39,327] {dag.py:2927} INFO - Setting next_dagrun for example_nested_branch_dag to 2024-12-18T00:00:00+00:00, run_after=2024-12-19T00:00:00+00:00
[2024-12-18 22:27:39,355] {processor.py:161} INFO - Processing /home/patriciacorreia/Documents/airflowalura/venv/lib/python3.9/site-packages/airflow/example_dags/example_nested_branch_dag.py took 0.139 seconds
[2024-12-18 22:28:17,288] {processor.py:153} INFO - Started process (PID=20324) to work on /home/patriciacorreia/Documents/airflowalura/venv/lib/python3.9/site-packages/airflow/example_dags/example_nested_branch_dag.py
[2024-12-18 22:28:17,291] {processor.py:641} INFO - Processing file /home/patriciacorreia/Documents/airflowalura/venv/lib/python3.9/site-packages/airflow/example_dags/example_nested_branch_dag.py for tasks to queue
[2024-12-18 22:28:17,293] {logging_mixin.py:115} INFO - [2024-12-18 22:28:17,293] {dagbag.py:507} INFO - Filling up the DagBag from /home/patriciacorreia/Documents/airflowalura/venv/lib/python3.9/site-packages/airflow/example_dags/example_nested_branch_dag.py
[2024-12-18 22:28:17,330] {processor.py:651} INFO - DAG(s) dict_keys(['example_nested_branch_dag']) retrieved from /home/patriciacorreia/Documents/airflowalura/venv/lib/python3.9/site-packages/airflow/example_dags/example_nested_branch_dag.py
[2024-12-18 22:28:17,360] {logging_mixin.py:115} INFO - [2024-12-18 22:28:17,359] {dag.py:2379} INFO - Sync 1 DAGs
[2024-12-18 22:28:17,390] {logging_mixin.py:115} INFO - [2024-12-18 22:28:17,390] {dag.py:2927} INFO - Setting next_dagrun for example_nested_branch_dag to 2024-12-18T00:00:00+00:00, run_after=2024-12-19T00:00:00+00:00
[2024-12-18 22:28:17,414] {processor.py:161} INFO - Processing /home/patriciacorreia/Documents/airflowalura/venv/lib/python3.9/site-packages/airflow/example_dags/example_nested_branch_dag.py took 0.137 seconds
[2024-12-18 22:28:52,124] {processor.py:153} INFO - Started process (PID=20500) to work on /home/patriciacorreia/Documents/airflowalura/venv/lib/python3.9/site-packages/airflow/example_dags/example_nested_branch_dag.py
[2024-12-18 22:28:52,128] {processor.py:641} INFO - Processing file /home/patriciacorreia/Documents/airflowalura/venv/lib/python3.9/site-packages/airflow/example_dags/example_nested_branch_dag.py for tasks to queue
[2024-12-18 22:28:52,130] {logging_mixin.py:115} INFO - [2024-12-18 22:28:52,130] {dagbag.py:507} INFO - Filling up the DagBag from /home/patriciacorreia/Documents/airflowalura/venv/lib/python3.9/site-packages/airflow/example_dags/example_nested_branch_dag.py
[2024-12-18 22:28:52,164] {processor.py:651} INFO - DAG(s) dict_keys(['example_nested_branch_dag']) retrieved from /home/patriciacorreia/Documents/airflowalura/venv/lib/python3.9/site-packages/airflow/example_dags/example_nested_branch_dag.py
[2024-12-18 22:28:52,192] {logging_mixin.py:115} INFO - [2024-12-18 22:28:52,192] {dag.py:2379} INFO - Sync 1 DAGs
[2024-12-18 22:28:52,220] {logging_mixin.py:115} INFO - [2024-12-18 22:28:52,220] {dag.py:2927} INFO - Setting next_dagrun for example_nested_branch_dag to 2024-12-18T00:00:00+00:00, run_after=2024-12-19T00:00:00+00:00
[2024-12-18 22:28:52,235] {processor.py:161} INFO - Processing /home/patriciacorreia/Documents/airflowalura/venv/lib/python3.9/site-packages/airflow/example_dags/example_nested_branch_dag.py took 0.123 seconds
[2024-12-18 22:29:26,337] {processor.py:153} INFO - Started process (PID=20667) to work on /home/patriciacorreia/Documents/airflowalura/venv/lib/python3.9/site-packages/airflow/example_dags/example_nested_branch_dag.py
[2024-12-18 22:29:26,338] {processor.py:641} INFO - Processing file /home/patriciacorreia/Documents/airflowalura/venv/lib/python3.9/site-packages/airflow/example_dags/example_nested_branch_dag.py for tasks to queue
[2024-12-18 22:29:26,339] {logging_mixin.py:115} INFO - [2024-12-18 22:29:26,339] {dagbag.py:507} INFO - Filling up the DagBag from /home/patriciacorreia/Documents/airflowalura/venv/lib/python3.9/site-packages/airflow/example_dags/example_nested_branch_dag.py
[2024-12-18 22:29:26,354] {processor.py:651} INFO - DAG(s) dict_keys(['example_nested_branch_dag']) retrieved from /home/patriciacorreia/Documents/airflowalura/venv/lib/python3.9/site-packages/airflow/example_dags/example_nested_branch_dag.py
[2024-12-18 22:29:26,383] {logging_mixin.py:115} INFO - [2024-12-18 22:29:26,383] {dag.py:2379} INFO - Sync 1 DAGs
[2024-12-18 22:29:26,411] {logging_mixin.py:115} INFO - [2024-12-18 22:29:26,411] {dag.py:2927} INFO - Setting next_dagrun for example_nested_branch_dag to 2024-12-18T00:00:00+00:00, run_after=2024-12-19T00:00:00+00:00
[2024-12-18 22:29:26,426] {processor.py:161} INFO - Processing /home/patriciacorreia/Documents/airflowalura/venv/lib/python3.9/site-packages/airflow/example_dags/example_nested_branch_dag.py took 0.094 seconds
[2024-12-18 22:30:00,662] {processor.py:153} INFO - Started process (PID=20855) to work on /home/patriciacorreia/Documents/airflowalura/venv/lib/python3.9/site-packages/airflow/example_dags/example_nested_branch_dag.py
[2024-12-18 22:30:00,664] {processor.py:641} INFO - Processing file /home/patriciacorreia/Documents/airflowalura/venv/lib/python3.9/site-packages/airflow/example_dags/example_nested_branch_dag.py for tasks to queue
[2024-12-18 22:30:00,666] {logging_mixin.py:115} INFO - [2024-12-18 22:30:00,665] {dagbag.py:507} INFO - Filling up the DagBag from /home/patriciacorreia/Documents/airflowalura/venv/lib/python3.9/site-packages/airflow/example_dags/example_nested_branch_dag.py
[2024-12-18 22:30:00,689] {processor.py:651} INFO - DAG(s) dict_keys(['example_nested_branch_dag']) retrieved from /home/patriciacorreia/Documents/airflowalura/venv/lib/python3.9/site-packages/airflow/example_dags/example_nested_branch_dag.py
[2024-12-18 22:30:00,729] {logging_mixin.py:115} INFO - [2024-12-18 22:30:00,729] {dag.py:2379} INFO - Sync 1 DAGs
[2024-12-18 22:30:00,761] {logging_mixin.py:115} INFO - [2024-12-18 22:30:00,761] {dag.py:2927} INFO - Setting next_dagrun for example_nested_branch_dag to 2024-12-18T00:00:00+00:00, run_after=2024-12-19T00:00:00+00:00
[2024-12-18 22:30:00,779] {processor.py:161} INFO - Processing /home/patriciacorreia/Documents/airflowalura/venv/lib/python3.9/site-packages/airflow/example_dags/example_nested_branch_dag.py took 0.126 seconds
[2024-12-18 22:30:41,611] {processor.py:153} INFO - Started process (PID=21067) to work on /home/patriciacorreia/Documents/airflowalura/venv/lib/python3.9/site-packages/airflow/example_dags/example_nested_branch_dag.py
[2024-12-18 22:30:41,613] {processor.py:641} INFO - Processing file /home/patriciacorreia/Documents/airflowalura/venv/lib/python3.9/site-packages/airflow/example_dags/example_nested_branch_dag.py for tasks to queue
[2024-12-18 22:30:41,614] {logging_mixin.py:115} INFO - [2024-12-18 22:30:41,614] {dagbag.py:507} INFO - Filling up the DagBag from /home/patriciacorreia/Documents/airflowalura/venv/lib/python3.9/site-packages/airflow/example_dags/example_nested_branch_dag.py
[2024-12-18 22:30:41,635] {processor.py:651} INFO - DAG(s) dict_keys(['example_nested_branch_dag']) retrieved from /home/patriciacorreia/Documents/airflowalura/venv/lib/python3.9/site-packages/airflow/example_dags/example_nested_branch_dag.py
[2024-12-18 22:30:41,669] {logging_mixin.py:115} INFO - [2024-12-18 22:30:41,669] {dag.py:2379} INFO - Sync 1 DAGs
[2024-12-18 22:30:41,710] {logging_mixin.py:115} INFO - [2024-12-18 22:30:41,710] {dag.py:2927} INFO - Setting next_dagrun for example_nested_branch_dag to 2024-12-18T00:00:00+00:00, run_after=2024-12-19T00:00:00+00:00
[2024-12-18 22:30:41,730] {processor.py:161} INFO - Processing /home/patriciacorreia/Documents/airflowalura/venv/lib/python3.9/site-packages/airflow/example_dags/example_nested_branch_dag.py took 0.126 seconds
[2024-12-18 22:31:17,465] {processor.py:153} INFO - Started process (PID=21251) to work on /home/patriciacorreia/Documents/airflowalura/venv/lib/python3.9/site-packages/airflow/example_dags/example_nested_branch_dag.py
[2024-12-18 22:31:17,468] {processor.py:641} INFO - Processing file /home/patriciacorreia/Documents/airflowalura/venv/lib/python3.9/site-packages/airflow/example_dags/example_nested_branch_dag.py for tasks to queue
[2024-12-18 22:31:17,470] {logging_mixin.py:115} INFO - [2024-12-18 22:31:17,470] {dagbag.py:507} INFO - Filling up the DagBag from /home/patriciacorreia/Documents/airflowalura/venv/lib/python3.9/site-packages/airflow/example_dags/example_nested_branch_dag.py
[2024-12-18 22:31:17,508] {processor.py:651} INFO - DAG(s) dict_keys(['example_nested_branch_dag']) retrieved from /home/patriciacorreia/Documents/airflowalura/venv/lib/python3.9/site-packages/airflow/example_dags/example_nested_branch_dag.py
[2024-12-18 22:31:17,580] {logging_mixin.py:115} INFO - [2024-12-18 22:31:17,579] {dag.py:2379} INFO - Sync 1 DAGs
[2024-12-18 22:31:17,624] {logging_mixin.py:115} INFO - [2024-12-18 22:31:17,624] {dag.py:2927} INFO - Setting next_dagrun for example_nested_branch_dag to 2024-12-18T00:00:00+00:00, run_after=2024-12-19T00:00:00+00:00
[2024-12-18 22:31:17,642] {processor.py:161} INFO - Processing /home/patriciacorreia/Documents/airflowalura/venv/lib/python3.9/site-packages/airflow/example_dags/example_nested_branch_dag.py took 0.196 seconds
[2024-12-18 22:31:52,653] {processor.py:153} INFO - Started process (PID=21435) to work on /home/patriciacorreia/Documents/airflowalura/venv/lib/python3.9/site-packages/airflow/example_dags/example_nested_branch_dag.py
[2024-12-18 22:31:52,657] {processor.py:641} INFO - Processing file /home/patriciacorreia/Documents/airflowalura/venv/lib/python3.9/site-packages/airflow/example_dags/example_nested_branch_dag.py for tasks to queue
[2024-12-18 22:31:52,659] {logging_mixin.py:115} INFO - [2024-12-18 22:31:52,658] {dagbag.py:507} INFO - Filling up the DagBag from /home/patriciacorreia/Documents/airflowalura/venv/lib/python3.9/site-packages/airflow/example_dags/example_nested_branch_dag.py
[2024-12-18 22:31:52,692] {processor.py:651} INFO - DAG(s) dict_keys(['example_nested_branch_dag']) retrieved from /home/patriciacorreia/Documents/airflowalura/venv/lib/python3.9/site-packages/airflow/example_dags/example_nested_branch_dag.py
[2024-12-18 22:31:52,744] {logging_mixin.py:115} INFO - [2024-12-18 22:31:52,744] {dag.py:2379} INFO - Sync 1 DAGs
[2024-12-18 22:31:52,776] {logging_mixin.py:115} INFO - [2024-12-18 22:31:52,776] {dag.py:2927} INFO - Setting next_dagrun for example_nested_branch_dag to 2024-12-18T00:00:00+00:00, run_after=2024-12-19T00:00:00+00:00
[2024-12-18 22:31:52,793] {processor.py:161} INFO - Processing /home/patriciacorreia/Documents/airflowalura/venv/lib/python3.9/site-packages/airflow/example_dags/example_nested_branch_dag.py took 0.152 seconds
[2024-12-18 22:32:31,297] {processor.py:153} INFO - Started process (PID=21620) to work on /home/patriciacorreia/Documents/airflowalura/venv/lib/python3.9/site-packages/airflow/example_dags/example_nested_branch_dag.py
[2024-12-18 22:32:31,299] {processor.py:641} INFO - Processing file /home/patriciacorreia/Documents/airflowalura/venv/lib/python3.9/site-packages/airflow/example_dags/example_nested_branch_dag.py for tasks to queue
[2024-12-18 22:32:31,300] {logging_mixin.py:115} INFO - [2024-12-18 22:32:31,300] {dagbag.py:507} INFO - Filling up the DagBag from /home/patriciacorreia/Documents/airflowalura/venv/lib/python3.9/site-packages/airflow/example_dags/example_nested_branch_dag.py
[2024-12-18 22:32:31,322] {processor.py:651} INFO - DAG(s) dict_keys(['example_nested_branch_dag']) retrieved from /home/patriciacorreia/Documents/airflowalura/venv/lib/python3.9/site-packages/airflow/example_dags/example_nested_branch_dag.py
[2024-12-18 22:32:31,353] {logging_mixin.py:115} INFO - [2024-12-18 22:32:31,353] {dag.py:2379} INFO - Sync 1 DAGs
[2024-12-18 22:32:31,380] {logging_mixin.py:115} INFO - [2024-12-18 22:32:31,380] {dag.py:2927} INFO - Setting next_dagrun for example_nested_branch_dag to 2024-12-18T00:00:00+00:00, run_after=2024-12-19T00:00:00+00:00
[2024-12-18 22:32:31,397] {processor.py:161} INFO - Processing /home/patriciacorreia/Documents/airflowalura/venv/lib/python3.9/site-packages/airflow/example_dags/example_nested_branch_dag.py took 0.108 seconds
[2024-12-18 22:33:06,640] {processor.py:153} INFO - Started process (PID=21792) to work on /home/patriciacorreia/Documents/airflowalura/venv/lib/python3.9/site-packages/airflow/example_dags/example_nested_branch_dag.py
[2024-12-18 22:33:06,644] {processor.py:641} INFO - Processing file /home/patriciacorreia/Documents/airflowalura/venv/lib/python3.9/site-packages/airflow/example_dags/example_nested_branch_dag.py for tasks to queue
[2024-12-18 22:33:06,648] {logging_mixin.py:115} INFO - [2024-12-18 22:33:06,647] {dagbag.py:507} INFO - Filling up the DagBag from /home/patriciacorreia/Documents/airflowalura/venv/lib/python3.9/site-packages/airflow/example_dags/example_nested_branch_dag.py
[2024-12-18 22:33:06,703] {processor.py:651} INFO - DAG(s) dict_keys(['example_nested_branch_dag']) retrieved from /home/patriciacorreia/Documents/airflowalura/venv/lib/python3.9/site-packages/airflow/example_dags/example_nested_branch_dag.py
[2024-12-18 22:33:06,789] {logging_mixin.py:115} INFO - [2024-12-18 22:33:06,788] {dag.py:2379} INFO - Sync 1 DAGs
[2024-12-18 22:33:06,885] {logging_mixin.py:115} INFO - [2024-12-18 22:33:06,885] {dag.py:2927} INFO - Setting next_dagrun for example_nested_branch_dag to 2024-12-18T00:00:00+00:00, run_after=2024-12-19T00:00:00+00:00
[2024-12-18 22:33:06,940] {processor.py:161} INFO - Processing /home/patriciacorreia/Documents/airflowalura/venv/lib/python3.9/site-packages/airflow/example_dags/example_nested_branch_dag.py took 0.315 seconds
[2024-12-18 22:33:43,800] {processor.py:153} INFO - Started process (PID=21957) to work on /home/patriciacorreia/Documents/airflowalura/venv/lib/python3.9/site-packages/airflow/example_dags/example_nested_branch_dag.py
[2024-12-18 22:33:43,804] {processor.py:641} INFO - Processing file /home/patriciacorreia/Documents/airflowalura/venv/lib/python3.9/site-packages/airflow/example_dags/example_nested_branch_dag.py for tasks to queue
[2024-12-18 22:33:43,807] {logging_mixin.py:115} INFO - [2024-12-18 22:33:43,806] {dagbag.py:507} INFO - Filling up the DagBag from /home/patriciacorreia/Documents/airflowalura/venv/lib/python3.9/site-packages/airflow/example_dags/example_nested_branch_dag.py
[2024-12-18 22:33:43,854] {processor.py:651} INFO - DAG(s) dict_keys(['example_nested_branch_dag']) retrieved from /home/patriciacorreia/Documents/airflowalura/venv/lib/python3.9/site-packages/airflow/example_dags/example_nested_branch_dag.py
[2024-12-18 22:33:43,941] {logging_mixin.py:115} INFO - [2024-12-18 22:33:43,941] {dag.py:2379} INFO - Sync 1 DAGs
[2024-12-18 22:33:44,049] {logging_mixin.py:115} INFO - [2024-12-18 22:33:44,048] {dag.py:2927} INFO - Setting next_dagrun for example_nested_branch_dag to 2024-12-18T00:00:00+00:00, run_after=2024-12-19T00:00:00+00:00
[2024-12-18 22:33:44,100] {processor.py:161} INFO - Processing /home/patriciacorreia/Documents/airflowalura/venv/lib/python3.9/site-packages/airflow/example_dags/example_nested_branch_dag.py took 0.318 seconds
[2024-12-18 22:34:20,158] {processor.py:153} INFO - Started process (PID=22115) to work on /home/patriciacorreia/Documents/airflowalura/venv/lib/python3.9/site-packages/airflow/example_dags/example_nested_branch_dag.py
[2024-12-18 22:34:20,161] {processor.py:641} INFO - Processing file /home/patriciacorreia/Documents/airflowalura/venv/lib/python3.9/site-packages/airflow/example_dags/example_nested_branch_dag.py for tasks to queue
[2024-12-18 22:34:20,163] {logging_mixin.py:115} INFO - [2024-12-18 22:34:20,163] {dagbag.py:507} INFO - Filling up the DagBag from /home/patriciacorreia/Documents/airflowalura/venv/lib/python3.9/site-packages/airflow/example_dags/example_nested_branch_dag.py
[2024-12-18 22:34:20,214] {processor.py:651} INFO - DAG(s) dict_keys(['example_nested_branch_dag']) retrieved from /home/patriciacorreia/Documents/airflowalura/venv/lib/python3.9/site-packages/airflow/example_dags/example_nested_branch_dag.py
[2024-12-18 22:34:20,285] {logging_mixin.py:115} INFO - [2024-12-18 22:34:20,285] {dag.py:2379} INFO - Sync 1 DAGs
[2024-12-18 22:34:20,345] {logging_mixin.py:115} INFO - [2024-12-18 22:34:20,345] {dag.py:2927} INFO - Setting next_dagrun for example_nested_branch_dag to 2024-12-18T00:00:00+00:00, run_after=2024-12-19T00:00:00+00:00
[2024-12-18 22:34:20,381] {processor.py:161} INFO - Processing /home/patriciacorreia/Documents/airflowalura/venv/lib/python3.9/site-packages/airflow/example_dags/example_nested_branch_dag.py took 0.239 seconds
[2024-12-18 22:35:02,969] {processor.py:153} INFO - Started process (PID=22313) to work on /home/patriciacorreia/Documents/airflowalura/venv/lib/python3.9/site-packages/airflow/example_dags/example_nested_branch_dag.py
[2024-12-18 22:35:02,971] {processor.py:641} INFO - Processing file /home/patriciacorreia/Documents/airflowalura/venv/lib/python3.9/site-packages/airflow/example_dags/example_nested_branch_dag.py for tasks to queue
[2024-12-18 22:35:02,973] {logging_mixin.py:115} INFO - [2024-12-18 22:35:02,973] {dagbag.py:507} INFO - Filling up the DagBag from /home/patriciacorreia/Documents/airflowalura/venv/lib/python3.9/site-packages/airflow/example_dags/example_nested_branch_dag.py
[2024-12-18 22:35:03,002] {processor.py:651} INFO - DAG(s) dict_keys(['example_nested_branch_dag']) retrieved from /home/patriciacorreia/Documents/airflowalura/venv/lib/python3.9/site-packages/airflow/example_dags/example_nested_branch_dag.py
[2024-12-18 22:35:03,051] {logging_mixin.py:115} INFO - [2024-12-18 22:35:03,050] {dag.py:2379} INFO - Sync 1 DAGs
[2024-12-18 22:35:03,110] {logging_mixin.py:115} INFO - [2024-12-18 22:35:03,110] {dag.py:2927} INFO - Setting next_dagrun for example_nested_branch_dag to 2024-12-18T00:00:00+00:00, run_after=2024-12-19T00:00:00+00:00
[2024-12-18 22:35:03,145] {processor.py:161} INFO - Processing /home/patriciacorreia/Documents/airflowalura/venv/lib/python3.9/site-packages/airflow/example_dags/example_nested_branch_dag.py took 0.188 seconds
[2024-12-18 22:35:43,511] {processor.py:153} INFO - Started process (PID=22498) to work on /home/patriciacorreia/Documents/airflowalura/venv/lib/python3.9/site-packages/airflow/example_dags/example_nested_branch_dag.py
[2024-12-18 22:35:43,515] {processor.py:641} INFO - Processing file /home/patriciacorreia/Documents/airflowalura/venv/lib/python3.9/site-packages/airflow/example_dags/example_nested_branch_dag.py for tasks to queue
[2024-12-18 22:35:43,517] {logging_mixin.py:115} INFO - [2024-12-18 22:35:43,516] {dagbag.py:507} INFO - Filling up the DagBag from /home/patriciacorreia/Documents/airflowalura/venv/lib/python3.9/site-packages/airflow/example_dags/example_nested_branch_dag.py
[2024-12-18 22:35:43,569] {processor.py:651} INFO - DAG(s) dict_keys(['example_nested_branch_dag']) retrieved from /home/patriciacorreia/Documents/airflowalura/venv/lib/python3.9/site-packages/airflow/example_dags/example_nested_branch_dag.py
[2024-12-18 22:35:43,650] {logging_mixin.py:115} INFO - [2024-12-18 22:35:43,650] {dag.py:2379} INFO - Sync 1 DAGs
[2024-12-18 22:35:43,709] {logging_mixin.py:115} INFO - [2024-12-18 22:35:43,708] {dag.py:2927} INFO - Setting next_dagrun for example_nested_branch_dag to 2024-12-18T00:00:00+00:00, run_after=2024-12-19T00:00:00+00:00
[2024-12-18 22:35:43,765] {processor.py:161} INFO - Processing /home/patriciacorreia/Documents/airflowalura/venv/lib/python3.9/site-packages/airflow/example_dags/example_nested_branch_dag.py took 0.269 seconds
[2024-12-18 22:36:20,478] {processor.py:153} INFO - Started process (PID=22661) to work on /home/patriciacorreia/Documents/airflowalura/venv/lib/python3.9/site-packages/airflow/example_dags/example_nested_branch_dag.py
[2024-12-18 22:36:20,482] {processor.py:641} INFO - Processing file /home/patriciacorreia/Documents/airflowalura/venv/lib/python3.9/site-packages/airflow/example_dags/example_nested_branch_dag.py for tasks to queue
[2024-12-18 22:36:20,484] {logging_mixin.py:115} INFO - [2024-12-18 22:36:20,483] {dagbag.py:507} INFO - Filling up the DagBag from /home/patriciacorreia/Documents/airflowalura/venv/lib/python3.9/site-packages/airflow/example_dags/example_nested_branch_dag.py
[2024-12-18 22:36:20,535] {processor.py:651} INFO - DAG(s) dict_keys(['example_nested_branch_dag']) retrieved from /home/patriciacorreia/Documents/airflowalura/venv/lib/python3.9/site-packages/airflow/example_dags/example_nested_branch_dag.py
[2024-12-18 22:36:20,632] {logging_mixin.py:115} INFO - [2024-12-18 22:36:20,632] {dag.py:2379} INFO - Sync 1 DAGs
[2024-12-18 22:36:20,730] {logging_mixin.py:115} INFO - [2024-12-18 22:36:20,729] {dag.py:2927} INFO - Setting next_dagrun for example_nested_branch_dag to 2024-12-18T00:00:00+00:00, run_after=2024-12-19T00:00:00+00:00
[2024-12-18 22:36:20,754] {processor.py:161} INFO - Processing /home/patriciacorreia/Documents/airflowalura/venv/lib/python3.9/site-packages/airflow/example_dags/example_nested_branch_dag.py took 0.295 seconds
[2024-12-18 22:36:59,127] {processor.py:153} INFO - Started process (PID=22834) to work on /home/patriciacorreia/Documents/airflowalura/venv/lib/python3.9/site-packages/airflow/example_dags/example_nested_branch_dag.py
[2024-12-18 22:36:59,130] {processor.py:641} INFO - Processing file /home/patriciacorreia/Documents/airflowalura/venv/lib/python3.9/site-packages/airflow/example_dags/example_nested_branch_dag.py for tasks to queue
[2024-12-18 22:36:59,134] {logging_mixin.py:115} INFO - [2024-12-18 22:36:59,134] {dagbag.py:507} INFO - Filling up the DagBag from /home/patriciacorreia/Documents/airflowalura/venv/lib/python3.9/site-packages/airflow/example_dags/example_nested_branch_dag.py
[2024-12-18 22:36:59,191] {processor.py:651} INFO - DAG(s) dict_keys(['example_nested_branch_dag']) retrieved from /home/patriciacorreia/Documents/airflowalura/venv/lib/python3.9/site-packages/airflow/example_dags/example_nested_branch_dag.py
[2024-12-18 22:36:59,269] {logging_mixin.py:115} INFO - [2024-12-18 22:36:59,269] {dag.py:2379} INFO - Sync 1 DAGs
[2024-12-18 22:36:59,372] {logging_mixin.py:115} INFO - [2024-12-18 22:36:59,371] {dag.py:2927} INFO - Setting next_dagrun for example_nested_branch_dag to 2024-12-18T00:00:00+00:00, run_after=2024-12-19T00:00:00+00:00
[2024-12-18 22:36:59,425] {processor.py:161} INFO - Processing /home/patriciacorreia/Documents/airflowalura/venv/lib/python3.9/site-packages/airflow/example_dags/example_nested_branch_dag.py took 0.313 seconds
[2024-12-18 22:37:43,519] {processor.py:153} INFO - Started process (PID=23027) to work on /home/patriciacorreia/Documents/airflowalura/venv/lib/python3.9/site-packages/airflow/example_dags/example_nested_branch_dag.py
[2024-12-18 22:37:43,522] {processor.py:641} INFO - Processing file /home/patriciacorreia/Documents/airflowalura/venv/lib/python3.9/site-packages/airflow/example_dags/example_nested_branch_dag.py for tasks to queue
[2024-12-18 22:37:43,525] {logging_mixin.py:115} INFO - [2024-12-18 22:37:43,525] {dagbag.py:507} INFO - Filling up the DagBag from /home/patriciacorreia/Documents/airflowalura/venv/lib/python3.9/site-packages/airflow/example_dags/example_nested_branch_dag.py
[2024-12-18 22:37:43,570] {processor.py:651} INFO - DAG(s) dict_keys(['example_nested_branch_dag']) retrieved from /home/patriciacorreia/Documents/airflowalura/venv/lib/python3.9/site-packages/airflow/example_dags/example_nested_branch_dag.py
[2024-12-18 22:37:43,650] {logging_mixin.py:115} INFO - [2024-12-18 22:37:43,650] {dag.py:2379} INFO - Sync 1 DAGs
[2024-12-18 22:37:43,742] {logging_mixin.py:115} INFO - [2024-12-18 22:37:43,741] {dag.py:2927} INFO - Setting next_dagrun for example_nested_branch_dag to 2024-12-18T00:00:00+00:00, run_after=2024-12-19T00:00:00+00:00
[2024-12-18 22:37:43,763] {processor.py:161} INFO - Processing /home/patriciacorreia/Documents/airflowalura/venv/lib/python3.9/site-packages/airflow/example_dags/example_nested_branch_dag.py took 0.254 seconds
[2024-12-18 22:38:25,229] {processor.py:153} INFO - Started process (PID=23217) to work on /home/patriciacorreia/Documents/airflowalura/venv/lib/python3.9/site-packages/airflow/example_dags/example_nested_branch_dag.py
[2024-12-18 22:38:25,234] {processor.py:641} INFO - Processing file /home/patriciacorreia/Documents/airflowalura/venv/lib/python3.9/site-packages/airflow/example_dags/example_nested_branch_dag.py for tasks to queue
[2024-12-18 22:38:25,237] {logging_mixin.py:115} INFO - [2024-12-18 22:38:25,236] {dagbag.py:507} INFO - Filling up the DagBag from /home/patriciacorreia/Documents/airflowalura/venv/lib/python3.9/site-packages/airflow/example_dags/example_nested_branch_dag.py
[2024-12-18 22:38:25,280] {processor.py:651} INFO - DAG(s) dict_keys(['example_nested_branch_dag']) retrieved from /home/patriciacorreia/Documents/airflowalura/venv/lib/python3.9/site-packages/airflow/example_dags/example_nested_branch_dag.py
[2024-12-18 22:38:25,359] {logging_mixin.py:115} INFO - [2024-12-18 22:38:25,359] {dag.py:2379} INFO - Sync 1 DAGs
[2024-12-18 22:38:25,451] {logging_mixin.py:115} INFO - [2024-12-18 22:38:25,451] {dag.py:2927} INFO - Setting next_dagrun for example_nested_branch_dag to 2024-12-18T00:00:00+00:00, run_after=2024-12-19T00:00:00+00:00
[2024-12-18 22:38:25,505] {processor.py:161} INFO - Processing /home/patriciacorreia/Documents/airflowalura/venv/lib/python3.9/site-packages/airflow/example_dags/example_nested_branch_dag.py took 0.291 seconds
[2024-12-18 22:39:03,839] {processor.py:153} INFO - Started process (PID=23401) to work on /home/patriciacorreia/Documents/airflowalura/venv/lib/python3.9/site-packages/airflow/example_dags/example_nested_branch_dag.py
[2024-12-18 22:39:03,844] {processor.py:641} INFO - Processing file /home/patriciacorreia/Documents/airflowalura/venv/lib/python3.9/site-packages/airflow/example_dags/example_nested_branch_dag.py for tasks to queue
[2024-12-18 22:39:03,847] {logging_mixin.py:115} INFO - [2024-12-18 22:39:03,847] {dagbag.py:507} INFO - Filling up the DagBag from /home/patriciacorreia/Documents/airflowalura/venv/lib/python3.9/site-packages/airflow/example_dags/example_nested_branch_dag.py
[2024-12-18 22:39:03,896] {processor.py:651} INFO - DAG(s) dict_keys(['example_nested_branch_dag']) retrieved from /home/patriciacorreia/Documents/airflowalura/venv/lib/python3.9/site-packages/airflow/example_dags/example_nested_branch_dag.py
[2024-12-18 22:39:03,972] {logging_mixin.py:115} INFO - [2024-12-18 22:39:03,972] {dag.py:2379} INFO - Sync 1 DAGs
[2024-12-18 22:39:04,063] {logging_mixin.py:115} INFO - [2024-12-18 22:39:04,062] {dag.py:2927} INFO - Setting next_dagrun for example_nested_branch_dag to 2024-12-18T00:00:00+00:00, run_after=2024-12-19T00:00:00+00:00
[2024-12-18 22:39:04,112] {processor.py:161} INFO - Processing /home/patriciacorreia/Documents/airflowalura/venv/lib/python3.9/site-packages/airflow/example_dags/example_nested_branch_dag.py took 0.289 seconds
[2024-12-18 22:39:39,634] {processor.py:153} INFO - Started process (PID=23563) to work on /home/patriciacorreia/Documents/airflowalura/venv/lib/python3.9/site-packages/airflow/example_dags/example_nested_branch_dag.py
[2024-12-18 22:39:39,636] {processor.py:641} INFO - Processing file /home/patriciacorreia/Documents/airflowalura/venv/lib/python3.9/site-packages/airflow/example_dags/example_nested_branch_dag.py for tasks to queue
[2024-12-18 22:39:39,637] {logging_mixin.py:115} INFO - [2024-12-18 22:39:39,637] {dagbag.py:507} INFO - Filling up the DagBag from /home/patriciacorreia/Documents/airflowalura/venv/lib/python3.9/site-packages/airflow/example_dags/example_nested_branch_dag.py
[2024-12-18 22:39:39,657] {processor.py:651} INFO - DAG(s) dict_keys(['example_nested_branch_dag']) retrieved from /home/patriciacorreia/Documents/airflowalura/venv/lib/python3.9/site-packages/airflow/example_dags/example_nested_branch_dag.py
[2024-12-18 22:39:39,703] {logging_mixin.py:115} INFO - [2024-12-18 22:39:39,702] {dag.py:2379} INFO - Sync 1 DAGs
[2024-12-18 22:39:39,757] {logging_mixin.py:115} INFO - [2024-12-18 22:39:39,756] {dag.py:2927} INFO - Setting next_dagrun for example_nested_branch_dag to 2024-12-18T00:00:00+00:00, run_after=2024-12-19T00:00:00+00:00
[2024-12-18 22:39:39,785] {processor.py:161} INFO - Processing /home/patriciacorreia/Documents/airflowalura/venv/lib/python3.9/site-packages/airflow/example_dags/example_nested_branch_dag.py took 0.157 seconds
[2024-12-18 22:40:14,233] {processor.py:153} INFO - Started process (PID=23730) to work on /home/patriciacorreia/Documents/airflowalura/venv/lib/python3.9/site-packages/airflow/example_dags/example_nested_branch_dag.py
[2024-12-18 22:40:14,234] {processor.py:641} INFO - Processing file /home/patriciacorreia/Documents/airflowalura/venv/lib/python3.9/site-packages/airflow/example_dags/example_nested_branch_dag.py for tasks to queue
[2024-12-18 22:40:14,235] {logging_mixin.py:115} INFO - [2024-12-18 22:40:14,235] {dagbag.py:507} INFO - Filling up the DagBag from /home/patriciacorreia/Documents/airflowalura/venv/lib/python3.9/site-packages/airflow/example_dags/example_nested_branch_dag.py
[2024-12-18 22:40:14,252] {processor.py:651} INFO - DAG(s) dict_keys(['example_nested_branch_dag']) retrieved from /home/patriciacorreia/Documents/airflowalura/venv/lib/python3.9/site-packages/airflow/example_dags/example_nested_branch_dag.py
[2024-12-18 22:40:14,283] {logging_mixin.py:115} INFO - [2024-12-18 22:40:14,283] {dag.py:2379} INFO - Sync 1 DAGs
[2024-12-18 22:40:14,323] {logging_mixin.py:115} INFO - [2024-12-18 22:40:14,323] {dag.py:2927} INFO - Setting next_dagrun for example_nested_branch_dag to 2024-12-18T00:00:00+00:00, run_after=2024-12-19T00:00:00+00:00
[2024-12-18 22:40:14,343] {processor.py:161} INFO - Processing /home/patriciacorreia/Documents/airflowalura/venv/lib/python3.9/site-packages/airflow/example_dags/example_nested_branch_dag.py took 0.116 seconds
