[2024-12-18 22:05:36,811] {processor.py:153} INFO - Started process (PID=13841) to work on /home/patriciacorreia/Documents/airflowalura/venv/lib/python3.9/site-packages/airflow/example_dags/example_task_group.py
[2024-12-18 22:05:36,813] {processor.py:641} INFO - Processing file /home/patriciacorreia/Documents/airflowalura/venv/lib/python3.9/site-packages/airflow/example_dags/example_task_group.py for tasks to queue
[2024-12-18 22:05:36,814] {logging_mixin.py:115} INFO - [2024-12-18 22:05:36,814] {dagbag.py:507} INFO - Filling up the DagBag from /home/patriciacorreia/Documents/airflowalura/venv/lib/python3.9/site-packages/airflow/example_dags/example_task_group.py
[2024-12-18 22:05:36,831] {processor.py:651} INFO - DAG(s) dict_keys(['example_task_group']) retrieved from /home/patriciacorreia/Documents/airflowalura/venv/lib/python3.9/site-packages/airflow/example_dags/example_task_group.py
[2024-12-18 22:05:36,921] {logging_mixin.py:115} INFO - [2024-12-18 22:05:36,921] {manager.py:508} INFO - Created Permission View: can read on DAG:example_task_group
[2024-12-18 22:05:36,933] {logging_mixin.py:115} INFO - [2024-12-18 22:05:36,933] {manager.py:508} INFO - Created Permission View: can delete on DAG:example_task_group
[2024-12-18 22:05:36,943] {logging_mixin.py:115} INFO - [2024-12-18 22:05:36,943] {manager.py:508} INFO - Created Permission View: can edit on DAG:example_task_group
[2024-12-18 22:05:36,943] {logging_mixin.py:115} INFO - [2024-12-18 22:05:36,943] {dag.py:2379} INFO - Sync 1 DAGs
[2024-12-18 22:05:36,953] {logging_mixin.py:115} INFO - [2024-12-18 22:05:36,953] {dag.py:2398} INFO - Creating ORM DAG for example_task_group
[2024-12-18 22:05:36,964] {logging_mixin.py:115} INFO - [2024-12-18 22:05:36,964] {dag.py:2927} INFO - Setting next_dagrun for example_task_group to 2024-12-18T01:05:36.964153+00:00, run_after=2024-12-19T01:05:36.964153+00:00
[2024-12-18 22:05:36,983] {processor.py:161} INFO - Processing /home/patriciacorreia/Documents/airflowalura/venv/lib/python3.9/site-packages/airflow/example_dags/example_task_group.py took 0.180 seconds
[2024-12-18 22:06:12,920] {processor.py:153} INFO - Started process (PID=13959) to work on /home/patriciacorreia/Documents/airflowalura/venv/lib/python3.9/site-packages/airflow/example_dags/example_task_group.py
[2024-12-18 22:06:12,922] {processor.py:641} INFO - Processing file /home/patriciacorreia/Documents/airflowalura/venv/lib/python3.9/site-packages/airflow/example_dags/example_task_group.py for tasks to queue
[2024-12-18 22:06:12,922] {logging_mixin.py:115} INFO - [2024-12-18 22:06:12,922] {dagbag.py:507} INFO - Filling up the DagBag from /home/patriciacorreia/Documents/airflowalura/venv/lib/python3.9/site-packages/airflow/example_dags/example_task_group.py
[2024-12-18 22:06:12,934] {processor.py:651} INFO - DAG(s) dict_keys(['example_task_group']) retrieved from /home/patriciacorreia/Documents/airflowalura/venv/lib/python3.9/site-packages/airflow/example_dags/example_task_group.py
[2024-12-18 22:06:12,960] {logging_mixin.py:115} INFO - [2024-12-18 22:06:12,959] {dag.py:2379} INFO - Sync 1 DAGs
[2024-12-18 22:06:12,989] {logging_mixin.py:115} INFO - [2024-12-18 22:06:12,989] {dag.py:2927} INFO - Setting next_dagrun for example_task_group to 2024-12-18T01:06:12.988809+00:00, run_after=2024-12-19T01:06:12.988809+00:00
[2024-12-18 22:06:13,007] {processor.py:161} INFO - Processing /home/patriciacorreia/Documents/airflowalura/venv/lib/python3.9/site-packages/airflow/example_dags/example_task_group.py took 0.092 seconds
[2024-12-18 22:06:48,018] {processor.py:153} INFO - Started process (PID=14099) to work on /home/patriciacorreia/Documents/airflowalura/venv/lib/python3.9/site-packages/airflow/example_dags/example_task_group.py
[2024-12-18 22:06:48,022] {processor.py:641} INFO - Processing file /home/patriciacorreia/Documents/airflowalura/venv/lib/python3.9/site-packages/airflow/example_dags/example_task_group.py for tasks to queue
[2024-12-18 22:06:48,026] {logging_mixin.py:115} INFO - [2024-12-18 22:06:48,026] {dagbag.py:507} INFO - Filling up the DagBag from /home/patriciacorreia/Documents/airflowalura/venv/lib/python3.9/site-packages/airflow/example_dags/example_task_group.py
[2024-12-18 22:06:48,055] {processor.py:651} INFO - DAG(s) dict_keys(['example_task_group']) retrieved from /home/patriciacorreia/Documents/airflowalura/venv/lib/python3.9/site-packages/airflow/example_dags/example_task_group.py
[2024-12-18 22:06:48,115] {logging_mixin.py:115} INFO - [2024-12-18 22:06:48,115] {dag.py:2379} INFO - Sync 1 DAGs
[2024-12-18 22:06:48,178] {logging_mixin.py:115} INFO - [2024-12-18 22:06:48,177] {dag.py:2927} INFO - Setting next_dagrun for example_task_group to 2024-12-18T01:06:48.177017+00:00, run_after=2024-12-19T01:06:48.177017+00:00
[2024-12-18 22:06:48,246] {processor.py:161} INFO - Processing /home/patriciacorreia/Documents/airflowalura/venv/lib/python3.9/site-packages/airflow/example_dags/example_task_group.py took 0.248 seconds
[2024-12-18 22:07:26,957] {processor.py:153} INFO - Started process (PID=14191) to work on /home/patriciacorreia/Documents/airflowalura/venv/lib/python3.9/site-packages/airflow/example_dags/example_task_group.py
[2024-12-18 22:07:26,959] {processor.py:641} INFO - Processing file /home/patriciacorreia/Documents/airflowalura/venv/lib/python3.9/site-packages/airflow/example_dags/example_task_group.py for tasks to queue
[2024-12-18 22:07:26,961] {logging_mixin.py:115} INFO - [2024-12-18 22:07:26,960] {dagbag.py:507} INFO - Filling up the DagBag from /home/patriciacorreia/Documents/airflowalura/venv/lib/python3.9/site-packages/airflow/example_dags/example_task_group.py
[2024-12-18 22:07:26,978] {processor.py:651} INFO - DAG(s) dict_keys(['example_task_group']) retrieved from /home/patriciacorreia/Documents/airflowalura/venv/lib/python3.9/site-packages/airflow/example_dags/example_task_group.py
[2024-12-18 22:07:27,021] {logging_mixin.py:115} INFO - [2024-12-18 22:07:27,021] {dag.py:2379} INFO - Sync 1 DAGs
[2024-12-18 22:07:27,095] {logging_mixin.py:115} INFO - [2024-12-18 22:07:27,094] {dag.py:2927} INFO - Setting next_dagrun for example_task_group to 2024-12-18T01:07:27.093578+00:00, run_after=2024-12-19T01:07:27.093578+00:00
[2024-12-18 22:07:27,128] {processor.py:161} INFO - Processing /home/patriciacorreia/Documents/airflowalura/venv/lib/python3.9/site-packages/airflow/example_dags/example_task_group.py took 0.178 seconds
[2024-12-18 22:08:05,151] {processor.py:153} INFO - Started process (PID=14268) to work on /home/patriciacorreia/Documents/airflowalura/venv/lib/python3.9/site-packages/airflow/example_dags/example_task_group.py
[2024-12-18 22:08:05,154] {processor.py:641} INFO - Processing file /home/patriciacorreia/Documents/airflowalura/venv/lib/python3.9/site-packages/airflow/example_dags/example_task_group.py for tasks to queue
[2024-12-18 22:08:05,156] {logging_mixin.py:115} INFO - [2024-12-18 22:08:05,155] {dagbag.py:507} INFO - Filling up the DagBag from /home/patriciacorreia/Documents/airflowalura/venv/lib/python3.9/site-packages/airflow/example_dags/example_task_group.py
[2024-12-18 22:08:05,172] {processor.py:651} INFO - DAG(s) dict_keys(['example_task_group']) retrieved from /home/patriciacorreia/Documents/airflowalura/venv/lib/python3.9/site-packages/airflow/example_dags/example_task_group.py
[2024-12-18 22:08:05,199] {logging_mixin.py:115} INFO - [2024-12-18 22:08:05,199] {dag.py:2379} INFO - Sync 1 DAGs
[2024-12-18 22:08:05,229] {logging_mixin.py:115} INFO - [2024-12-18 22:08:05,229] {dag.py:2927} INFO - Setting next_dagrun for example_task_group to 2024-12-18T01:08:05.228667+00:00, run_after=2024-12-19T01:08:05.228667+00:00
[2024-12-18 22:08:05,249] {processor.py:161} INFO - Processing /home/patriciacorreia/Documents/airflowalura/venv/lib/python3.9/site-packages/airflow/example_dags/example_task_group.py took 0.113 seconds
[2024-12-18 22:08:43,902] {processor.py:153} INFO - Started process (PID=14418) to work on /home/patriciacorreia/Documents/airflowalura/venv/lib/python3.9/site-packages/airflow/example_dags/example_task_group.py
[2024-12-18 22:08:43,906] {processor.py:641} INFO - Processing file /home/patriciacorreia/Documents/airflowalura/venv/lib/python3.9/site-packages/airflow/example_dags/example_task_group.py for tasks to queue
[2024-12-18 22:08:43,908] {logging_mixin.py:115} INFO - [2024-12-18 22:08:43,907] {dagbag.py:507} INFO - Filling up the DagBag from /home/patriciacorreia/Documents/airflowalura/venv/lib/python3.9/site-packages/airflow/example_dags/example_task_group.py
[2024-12-18 22:08:43,937] {processor.py:651} INFO - DAG(s) dict_keys(['example_task_group']) retrieved from /home/patriciacorreia/Documents/airflowalura/venv/lib/python3.9/site-packages/airflow/example_dags/example_task_group.py
[2024-12-18 22:08:44,010] {logging_mixin.py:115} INFO - [2024-12-18 22:08:44,009] {dag.py:2379} INFO - Sync 1 DAGs
[2024-12-18 22:08:44,054] {logging_mixin.py:115} INFO - [2024-12-18 22:08:44,053] {dag.py:2927} INFO - Setting next_dagrun for example_task_group to 2024-12-18T01:08:44.053349+00:00, run_after=2024-12-19T01:08:44.053349+00:00
[2024-12-18 22:08:44,073] {processor.py:161} INFO - Processing /home/patriciacorreia/Documents/airflowalura/venv/lib/python3.9/site-packages/airflow/example_dags/example_task_group.py took 0.183 seconds
[2024-12-18 22:09:23,417] {processor.py:153} INFO - Started process (PID=14575) to work on /home/patriciacorreia/Documents/airflowalura/venv/lib/python3.9/site-packages/airflow/example_dags/example_task_group.py
[2024-12-18 22:09:23,420] {processor.py:641} INFO - Processing file /home/patriciacorreia/Documents/airflowalura/venv/lib/python3.9/site-packages/airflow/example_dags/example_task_group.py for tasks to queue
[2024-12-18 22:09:23,421] {logging_mixin.py:115} INFO - [2024-12-18 22:09:23,421] {dagbag.py:507} INFO - Filling up the DagBag from /home/patriciacorreia/Documents/airflowalura/venv/lib/python3.9/site-packages/airflow/example_dags/example_task_group.py
[2024-12-18 22:09:23,443] {processor.py:651} INFO - DAG(s) dict_keys(['example_task_group']) retrieved from /home/patriciacorreia/Documents/airflowalura/venv/lib/python3.9/site-packages/airflow/example_dags/example_task_group.py
[2024-12-18 22:09:23,483] {logging_mixin.py:115} INFO - [2024-12-18 22:09:23,483] {dag.py:2379} INFO - Sync 1 DAGs
[2024-12-18 22:09:23,517] {logging_mixin.py:115} INFO - [2024-12-18 22:09:23,517] {dag.py:2927} INFO - Setting next_dagrun for example_task_group to 2024-12-18T01:09:23.516489+00:00, run_after=2024-12-19T01:09:23.516489+00:00
[2024-12-18 22:09:23,537] {processor.py:161} INFO - Processing /home/patriciacorreia/Documents/airflowalura/venv/lib/python3.9/site-packages/airflow/example_dags/example_task_group.py took 0.131 seconds
[2024-12-18 22:10:00,630] {processor.py:153} INFO - Started process (PID=14790) to work on /home/patriciacorreia/Documents/airflowalura/venv/lib/python3.9/site-packages/airflow/example_dags/example_task_group.py
[2024-12-18 22:10:00,631] {processor.py:641} INFO - Processing file /home/patriciacorreia/Documents/airflowalura/venv/lib/python3.9/site-packages/airflow/example_dags/example_task_group.py for tasks to queue
[2024-12-18 22:10:00,632] {logging_mixin.py:115} INFO - [2024-12-18 22:10:00,632] {dagbag.py:507} INFO - Filling up the DagBag from /home/patriciacorreia/Documents/airflowalura/venv/lib/python3.9/site-packages/airflow/example_dags/example_task_group.py
[2024-12-18 22:10:00,645] {processor.py:651} INFO - DAG(s) dict_keys(['example_task_group']) retrieved from /home/patriciacorreia/Documents/airflowalura/venv/lib/python3.9/site-packages/airflow/example_dags/example_task_group.py
[2024-12-18 22:10:00,678] {logging_mixin.py:115} INFO - [2024-12-18 22:10:00,678] {dag.py:2379} INFO - Sync 1 DAGs
[2024-12-18 22:10:00,714] {logging_mixin.py:115} INFO - [2024-12-18 22:10:00,714] {dag.py:2927} INFO - Setting next_dagrun for example_task_group to 2024-12-18T01:10:00.713823+00:00, run_after=2024-12-19T01:10:00.713823+00:00
[2024-12-18 22:10:00,739] {processor.py:161} INFO - Processing /home/patriciacorreia/Documents/airflowalura/venv/lib/python3.9/site-packages/airflow/example_dags/example_task_group.py took 0.116 seconds
[2024-12-18 22:10:35,935] {processor.py:153} INFO - Started process (PID=15114) to work on /home/patriciacorreia/Documents/airflowalura/venv/lib/python3.9/site-packages/airflow/example_dags/example_task_group.py
[2024-12-18 22:10:35,937] {processor.py:641} INFO - Processing file /home/patriciacorreia/Documents/airflowalura/venv/lib/python3.9/site-packages/airflow/example_dags/example_task_group.py for tasks to queue
[2024-12-18 22:10:35,939] {logging_mixin.py:115} INFO - [2024-12-18 22:10:35,939] {dagbag.py:507} INFO - Filling up the DagBag from /home/patriciacorreia/Documents/airflowalura/venv/lib/python3.9/site-packages/airflow/example_dags/example_task_group.py
[2024-12-18 22:10:35,963] {processor.py:651} INFO - DAG(s) dict_keys(['example_task_group']) retrieved from /home/patriciacorreia/Documents/airflowalura/venv/lib/python3.9/site-packages/airflow/example_dags/example_task_group.py
[2024-12-18 22:10:36,010] {logging_mixin.py:115} INFO - [2024-12-18 22:10:36,010] {dag.py:2379} INFO - Sync 1 DAGs
[2024-12-18 22:10:36,139] {logging_mixin.py:115} INFO - [2024-12-18 22:10:36,139] {dag.py:2927} INFO - Setting next_dagrun for example_task_group to 2024-12-18T01:10:36.136890+00:00, run_after=2024-12-19T01:10:36.136890+00:00
[2024-12-18 22:10:36,197] {processor.py:161} INFO - Processing /home/patriciacorreia/Documents/airflowalura/venv/lib/python3.9/site-packages/airflow/example_dags/example_task_group.py took 0.271 seconds
[2024-12-18 22:11:21,096] {processor.py:153} INFO - Started process (PID=15470) to work on /home/patriciacorreia/Documents/airflowalura/venv/lib/python3.9/site-packages/airflow/example_dags/example_task_group.py
[2024-12-18 22:11:21,100] {processor.py:641} INFO - Processing file /home/patriciacorreia/Documents/airflowalura/venv/lib/python3.9/site-packages/airflow/example_dags/example_task_group.py for tasks to queue
[2024-12-18 22:11:21,102] {logging_mixin.py:115} INFO - [2024-12-18 22:11:21,101] {dagbag.py:507} INFO - Filling up the DagBag from /home/patriciacorreia/Documents/airflowalura/venv/lib/python3.9/site-packages/airflow/example_dags/example_task_group.py
[2024-12-18 22:11:21,142] {processor.py:651} INFO - DAG(s) dict_keys(['example_task_group']) retrieved from /home/patriciacorreia/Documents/airflowalura/venv/lib/python3.9/site-packages/airflow/example_dags/example_task_group.py
[2024-12-18 22:11:21,193] {logging_mixin.py:115} INFO - [2024-12-18 22:11:21,193] {dag.py:2379} INFO - Sync 1 DAGs
[2024-12-18 22:11:21,223] {logging_mixin.py:115} INFO - [2024-12-18 22:11:21,223] {dag.py:2927} INFO - Setting next_dagrun for example_task_group to 2024-12-18T01:11:21.223124+00:00, run_after=2024-12-19T01:11:21.223124+00:00
[2024-12-18 22:11:21,243] {processor.py:161} INFO - Processing /home/patriciacorreia/Documents/airflowalura/venv/lib/python3.9/site-packages/airflow/example_dags/example_task_group.py took 0.161 seconds
[2024-12-18 22:12:05,410] {processor.py:153} INFO - Started process (PID=15666) to work on /home/patriciacorreia/Documents/airflowalura/venv/lib/python3.9/site-packages/airflow/example_dags/example_task_group.py
[2024-12-18 22:12:05,414] {processor.py:641} INFO - Processing file /home/patriciacorreia/Documents/airflowalura/venv/lib/python3.9/site-packages/airflow/example_dags/example_task_group.py for tasks to queue
[2024-12-18 22:12:05,416] {logging_mixin.py:115} INFO - [2024-12-18 22:12:05,415] {dagbag.py:507} INFO - Filling up the DagBag from /home/patriciacorreia/Documents/airflowalura/venv/lib/python3.9/site-packages/airflow/example_dags/example_task_group.py
[2024-12-18 22:12:05,449] {processor.py:651} INFO - DAG(s) dict_keys(['example_task_group']) retrieved from /home/patriciacorreia/Documents/airflowalura/venv/lib/python3.9/site-packages/airflow/example_dags/example_task_group.py
[2024-12-18 22:12:05,513] {logging_mixin.py:115} INFO - [2024-12-18 22:12:05,512] {dag.py:2379} INFO - Sync 1 DAGs
[2024-12-18 22:12:05,594] {logging_mixin.py:115} INFO - [2024-12-18 22:12:05,594] {dag.py:2927} INFO - Setting next_dagrun for example_task_group to 2024-12-18T01:12:05.593161+00:00, run_after=2024-12-19T01:12:05.593161+00:00
[2024-12-18 22:12:05,652] {processor.py:161} INFO - Processing /home/patriciacorreia/Documents/airflowalura/venv/lib/python3.9/site-packages/airflow/example_dags/example_task_group.py took 0.256 seconds
[2024-12-18 22:12:46,201] {processor.py:153} INFO - Started process (PID=15849) to work on /home/patriciacorreia/Documents/airflowalura/venv/lib/python3.9/site-packages/airflow/example_dags/example_task_group.py
[2024-12-18 22:12:46,204] {processor.py:641} INFO - Processing file /home/patriciacorreia/Documents/airflowalura/venv/lib/python3.9/site-packages/airflow/example_dags/example_task_group.py for tasks to queue
[2024-12-18 22:12:46,206] {logging_mixin.py:115} INFO - [2024-12-18 22:12:46,205] {dagbag.py:507} INFO - Filling up the DagBag from /home/patriciacorreia/Documents/airflowalura/venv/lib/python3.9/site-packages/airflow/example_dags/example_task_group.py
[2024-12-18 22:12:46,238] {processor.py:651} INFO - DAG(s) dict_keys(['example_task_group']) retrieved from /home/patriciacorreia/Documents/airflowalura/venv/lib/python3.9/site-packages/airflow/example_dags/example_task_group.py
[2024-12-18 22:12:46,276] {logging_mixin.py:115} INFO - [2024-12-18 22:12:46,276] {dag.py:2379} INFO - Sync 1 DAGs
[2024-12-18 22:12:46,313] {logging_mixin.py:115} INFO - [2024-12-18 22:12:46,313] {dag.py:2927} INFO - Setting next_dagrun for example_task_group to 2024-12-18T01:12:46.312891+00:00, run_after=2024-12-19T01:12:46.312891+00:00
[2024-12-18 22:12:46,334] {processor.py:161} INFO - Processing /home/patriciacorreia/Documents/airflowalura/venv/lib/python3.9/site-packages/airflow/example_dags/example_task_group.py took 0.147 seconds
[2024-12-18 22:13:30,336] {processor.py:153} INFO - Started process (PID=16046) to work on /home/patriciacorreia/Documents/airflowalura/venv/lib/python3.9/site-packages/airflow/example_dags/example_task_group.py
[2024-12-18 22:13:30,340] {processor.py:641} INFO - Processing file /home/patriciacorreia/Documents/airflowalura/venv/lib/python3.9/site-packages/airflow/example_dags/example_task_group.py for tasks to queue
[2024-12-18 22:13:30,343] {logging_mixin.py:115} INFO - [2024-12-18 22:13:30,343] {dagbag.py:507} INFO - Filling up the DagBag from /home/patriciacorreia/Documents/airflowalura/venv/lib/python3.9/site-packages/airflow/example_dags/example_task_group.py
[2024-12-18 22:13:30,374] {processor.py:651} INFO - DAG(s) dict_keys(['example_task_group']) retrieved from /home/patriciacorreia/Documents/airflowalura/venv/lib/python3.9/site-packages/airflow/example_dags/example_task_group.py
[2024-12-18 22:13:30,447] {logging_mixin.py:115} INFO - [2024-12-18 22:13:30,447] {dag.py:2379} INFO - Sync 1 DAGs
[2024-12-18 22:13:30,524] {logging_mixin.py:115} INFO - [2024-12-18 22:13:30,524] {dag.py:2927} INFO - Setting next_dagrun for example_task_group to 2024-12-18T01:13:30.523852+00:00, run_after=2024-12-19T01:13:30.523852+00:00
[2024-12-18 22:13:30,550] {processor.py:161} INFO - Processing /home/patriciacorreia/Documents/airflowalura/venv/lib/python3.9/site-packages/airflow/example_dags/example_task_group.py took 0.225 seconds
[2024-12-18 22:14:13,026] {processor.py:153} INFO - Started process (PID=16260) to work on /home/patriciacorreia/Documents/airflowalura/venv/lib/python3.9/site-packages/airflow/example_dags/example_task_group.py
[2024-12-18 22:14:13,029] {processor.py:641} INFO - Processing file /home/patriciacorreia/Documents/airflowalura/venv/lib/python3.9/site-packages/airflow/example_dags/example_task_group.py for tasks to queue
[2024-12-18 22:14:13,031] {logging_mixin.py:115} INFO - [2024-12-18 22:14:13,031] {dagbag.py:507} INFO - Filling up the DagBag from /home/patriciacorreia/Documents/airflowalura/venv/lib/python3.9/site-packages/airflow/example_dags/example_task_group.py
[2024-12-18 22:14:13,061] {processor.py:651} INFO - DAG(s) dict_keys(['example_task_group']) retrieved from /home/patriciacorreia/Documents/airflowalura/venv/lib/python3.9/site-packages/airflow/example_dags/example_task_group.py
[2024-12-18 22:14:13,119] {logging_mixin.py:115} INFO - [2024-12-18 22:14:13,119] {dag.py:2379} INFO - Sync 1 DAGs
[2024-12-18 22:14:13,198] {logging_mixin.py:115} INFO - [2024-12-18 22:14:13,197] {dag.py:2927} INFO - Setting next_dagrun for example_task_group to 2024-12-18T01:14:13.196671+00:00, run_after=2024-12-19T01:14:13.196671+00:00
[2024-12-18 22:14:13,263] {processor.py:161} INFO - Processing /home/patriciacorreia/Documents/airflowalura/venv/lib/python3.9/site-packages/airflow/example_dags/example_task_group.py took 0.247 seconds
[2024-12-18 22:14:57,966] {processor.py:153} INFO - Started process (PID=16480) to work on /home/patriciacorreia/Documents/airflowalura/venv/lib/python3.9/site-packages/airflow/example_dags/example_task_group.py
[2024-12-18 22:14:57,968] {processor.py:641} INFO - Processing file /home/patriciacorreia/Documents/airflowalura/venv/lib/python3.9/site-packages/airflow/example_dags/example_task_group.py for tasks to queue
[2024-12-18 22:14:57,970] {logging_mixin.py:115} INFO - [2024-12-18 22:14:57,969] {dagbag.py:507} INFO - Filling up the DagBag from /home/patriciacorreia/Documents/airflowalura/venv/lib/python3.9/site-packages/airflow/example_dags/example_task_group.py
[2024-12-18 22:14:57,992] {processor.py:651} INFO - DAG(s) dict_keys(['example_task_group']) retrieved from /home/patriciacorreia/Documents/airflowalura/venv/lib/python3.9/site-packages/airflow/example_dags/example_task_group.py
[2024-12-18 22:14:58,048] {logging_mixin.py:115} INFO - [2024-12-18 22:14:58,047] {dag.py:2379} INFO - Sync 1 DAGs
[2024-12-18 22:14:58,113] {logging_mixin.py:115} INFO - [2024-12-18 22:14:58,112] {dag.py:2927} INFO - Setting next_dagrun for example_task_group to 2024-12-18T01:14:58.111664+00:00, run_after=2024-12-19T01:14:58.111664+00:00
[2024-12-18 22:14:58,152] {processor.py:161} INFO - Processing /home/patriciacorreia/Documents/airflowalura/venv/lib/python3.9/site-packages/airflow/example_dags/example_task_group.py took 0.196 seconds
[2024-12-18 22:15:36,919] {processor.py:153} INFO - Started process (PID=16672) to work on /home/patriciacorreia/Documents/airflowalura/venv/lib/python3.9/site-packages/airflow/example_dags/example_task_group.py
[2024-12-18 22:15:36,923] {processor.py:641} INFO - Processing file /home/patriciacorreia/Documents/airflowalura/venv/lib/python3.9/site-packages/airflow/example_dags/example_task_group.py for tasks to queue
[2024-12-18 22:15:36,926] {logging_mixin.py:115} INFO - [2024-12-18 22:15:36,926] {dagbag.py:507} INFO - Filling up the DagBag from /home/patriciacorreia/Documents/airflowalura/venv/lib/python3.9/site-packages/airflow/example_dags/example_task_group.py
[2024-12-18 22:15:36,964] {processor.py:651} INFO - DAG(s) dict_keys(['example_task_group']) retrieved from /home/patriciacorreia/Documents/airflowalura/venv/lib/python3.9/site-packages/airflow/example_dags/example_task_group.py
[2024-12-18 22:15:37,047] {logging_mixin.py:115} INFO - [2024-12-18 22:15:37,047] {dag.py:2379} INFO - Sync 1 DAGs
[2024-12-18 22:15:37,162] {logging_mixin.py:115} INFO - [2024-12-18 22:15:37,161] {dag.py:2927} INFO - Setting next_dagrun for example_task_group to 2024-12-18T01:15:37.160464+00:00, run_after=2024-12-19T01:15:37.160464+00:00
[2024-12-18 22:15:37,229] {processor.py:161} INFO - Processing /home/patriciacorreia/Documents/airflowalura/venv/lib/python3.9/site-packages/airflow/example_dags/example_task_group.py took 0.328 seconds
[2024-12-18 22:16:23,624] {processor.py:153} INFO - Started process (PID=16933) to work on /home/patriciacorreia/Documents/airflowalura/venv/lib/python3.9/site-packages/airflow/example_dags/example_task_group.py
[2024-12-18 22:16:23,627] {processor.py:641} INFO - Processing file /home/patriciacorreia/Documents/airflowalura/venv/lib/python3.9/site-packages/airflow/example_dags/example_task_group.py for tasks to queue
[2024-12-18 22:16:23,628] {logging_mixin.py:115} INFO - [2024-12-18 22:16:23,628] {dagbag.py:507} INFO - Filling up the DagBag from /home/patriciacorreia/Documents/airflowalura/venv/lib/python3.9/site-packages/airflow/example_dags/example_task_group.py
[2024-12-18 22:16:23,649] {processor.py:651} INFO - DAG(s) dict_keys(['example_task_group']) retrieved from /home/patriciacorreia/Documents/airflowalura/venv/lib/python3.9/site-packages/airflow/example_dags/example_task_group.py
[2024-12-18 22:16:23,683] {logging_mixin.py:115} INFO - [2024-12-18 22:16:23,683] {dag.py:2379} INFO - Sync 1 DAGs
[2024-12-18 22:16:23,718] {logging_mixin.py:115} INFO - [2024-12-18 22:16:23,718] {dag.py:2927} INFO - Setting next_dagrun for example_task_group to 2024-12-18T01:16:23.717939+00:00, run_after=2024-12-19T01:16:23.717939+00:00
[2024-12-18 22:16:23,762] {processor.py:161} INFO - Processing /home/patriciacorreia/Documents/airflowalura/venv/lib/python3.9/site-packages/airflow/example_dags/example_task_group.py took 0.152 seconds
[2024-12-18 22:17:06,594] {processor.py:153} INFO - Started process (PID=17184) to work on /home/patriciacorreia/Documents/airflowalura/venv/lib/python3.9/site-packages/airflow/example_dags/example_task_group.py
[2024-12-18 22:17:06,597] {processor.py:641} INFO - Processing file /home/patriciacorreia/Documents/airflowalura/venv/lib/python3.9/site-packages/airflow/example_dags/example_task_group.py for tasks to queue
[2024-12-18 22:17:06,599] {logging_mixin.py:115} INFO - [2024-12-18 22:17:06,599] {dagbag.py:507} INFO - Filling up the DagBag from /home/patriciacorreia/Documents/airflowalura/venv/lib/python3.9/site-packages/airflow/example_dags/example_task_group.py
[2024-12-18 22:17:06,629] {processor.py:651} INFO - DAG(s) dict_keys(['example_task_group']) retrieved from /home/patriciacorreia/Documents/airflowalura/venv/lib/python3.9/site-packages/airflow/example_dags/example_task_group.py
[2024-12-18 22:17:06,692] {logging_mixin.py:115} INFO - [2024-12-18 22:17:06,691] {dag.py:2379} INFO - Sync 1 DAGs
[2024-12-18 22:17:06,750] {logging_mixin.py:115} INFO - [2024-12-18 22:17:06,749] {dag.py:2927} INFO - Setting next_dagrun for example_task_group to 2024-12-18T01:17:06.749190+00:00, run_after=2024-12-19T01:17:06.749190+00:00
[2024-12-18 22:17:06,782] {processor.py:161} INFO - Processing /home/patriciacorreia/Documents/airflowalura/venv/lib/python3.9/site-packages/airflow/example_dags/example_task_group.py took 0.201 seconds
[2024-12-18 22:17:45,077] {processor.py:153} INFO - Started process (PID=17370) to work on /home/patriciacorreia/Documents/airflowalura/venv/lib/python3.9/site-packages/airflow/example_dags/example_task_group.py
[2024-12-18 22:17:45,080] {processor.py:641} INFO - Processing file /home/patriciacorreia/Documents/airflowalura/venv/lib/python3.9/site-packages/airflow/example_dags/example_task_group.py for tasks to queue
[2024-12-18 22:17:45,082] {logging_mixin.py:115} INFO - [2024-12-18 22:17:45,081] {dagbag.py:507} INFO - Filling up the DagBag from /home/patriciacorreia/Documents/airflowalura/venv/lib/python3.9/site-packages/airflow/example_dags/example_task_group.py
[2024-12-18 22:17:45,099] {processor.py:651} INFO - DAG(s) dict_keys(['example_task_group']) retrieved from /home/patriciacorreia/Documents/airflowalura/venv/lib/python3.9/site-packages/airflow/example_dags/example_task_group.py
[2024-12-18 22:17:45,138] {logging_mixin.py:115} INFO - [2024-12-18 22:17:45,138] {dag.py:2379} INFO - Sync 1 DAGs
[2024-12-18 22:17:45,177] {logging_mixin.py:115} INFO - [2024-12-18 22:17:45,176] {dag.py:2927} INFO - Setting next_dagrun for example_task_group to 2024-12-18T01:17:45.176202+00:00, run_after=2024-12-19T01:17:45.176202+00:00
[2024-12-18 22:17:45,201] {processor.py:161} INFO - Processing /home/patriciacorreia/Documents/airflowalura/venv/lib/python3.9/site-packages/airflow/example_dags/example_task_group.py took 0.132 seconds
[2024-12-18 22:18:33,721] {processor.py:153} INFO - Started process (PID=17587) to work on /home/patriciacorreia/Documents/airflowalura/venv/lib/python3.9/site-packages/airflow/example_dags/example_task_group.py
[2024-12-18 22:18:33,726] {processor.py:641} INFO - Processing file /home/patriciacorreia/Documents/airflowalura/venv/lib/python3.9/site-packages/airflow/example_dags/example_task_group.py for tasks to queue
[2024-12-18 22:18:33,728] {logging_mixin.py:115} INFO - [2024-12-18 22:18:33,727] {dagbag.py:507} INFO - Filling up the DagBag from /home/patriciacorreia/Documents/airflowalura/venv/lib/python3.9/site-packages/airflow/example_dags/example_task_group.py
[2024-12-18 22:18:33,752] {processor.py:651} INFO - DAG(s) dict_keys(['example_task_group']) retrieved from /home/patriciacorreia/Documents/airflowalura/venv/lib/python3.9/site-packages/airflow/example_dags/example_task_group.py
[2024-12-18 22:18:33,811] {logging_mixin.py:115} INFO - [2024-12-18 22:18:33,811] {dag.py:2379} INFO - Sync 1 DAGs
[2024-12-18 22:18:33,883] {logging_mixin.py:115} INFO - [2024-12-18 22:18:33,883] {dag.py:2927} INFO - Setting next_dagrun for example_task_group to 2024-12-18T01:18:33.882179+00:00, run_after=2024-12-19T01:18:33.882179+00:00
[2024-12-18 22:18:33,912] {processor.py:161} INFO - Processing /home/patriciacorreia/Documents/airflowalura/venv/lib/python3.9/site-packages/airflow/example_dags/example_task_group.py took 0.201 seconds
[2024-12-18 22:19:44,923] {processor.py:153} INFO - Started process (PID=17904) to work on /home/patriciacorreia/Documents/airflowalura/venv/lib/python3.9/site-packages/airflow/example_dags/example_task_group.py
[2024-12-18 22:19:44,927] {processor.py:641} INFO - Processing file /home/patriciacorreia/Documents/airflowalura/venv/lib/python3.9/site-packages/airflow/example_dags/example_task_group.py for tasks to queue
[2024-12-18 22:19:44,930] {logging_mixin.py:115} INFO - [2024-12-18 22:19:44,930] {dagbag.py:507} INFO - Filling up the DagBag from /home/patriciacorreia/Documents/airflowalura/venv/lib/python3.9/site-packages/airflow/example_dags/example_task_group.py
[2024-12-18 22:19:44,974] {processor.py:651} INFO - DAG(s) dict_keys(['example_task_group']) retrieved from /home/patriciacorreia/Documents/airflowalura/venv/lib/python3.9/site-packages/airflow/example_dags/example_task_group.py
[2024-12-18 22:19:45,097] {logging_mixin.py:115} INFO - [2024-12-18 22:19:45,096] {dag.py:2379} INFO - Sync 1 DAGs
[2024-12-18 22:19:45,161] {logging_mixin.py:115} INFO - [2024-12-18 22:19:45,161] {dag.py:2927} INFO - Setting next_dagrun for example_task_group to 2024-12-18T01:19:45.160702+00:00, run_after=2024-12-19T01:19:45.160702+00:00
[2024-12-18 22:19:45,181] {processor.py:161} INFO - Processing /home/patriciacorreia/Documents/airflowalura/venv/lib/python3.9/site-packages/airflow/example_dags/example_task_group.py took 0.272 seconds
[2024-12-18 22:20:27,034] {processor.py:153} INFO - Started process (PID=18104) to work on /home/patriciacorreia/Documents/airflowalura/venv/lib/python3.9/site-packages/airflow/example_dags/example_task_group.py
[2024-12-18 22:20:27,038] {processor.py:641} INFO - Processing file /home/patriciacorreia/Documents/airflowalura/venv/lib/python3.9/site-packages/airflow/example_dags/example_task_group.py for tasks to queue
[2024-12-18 22:20:27,040] {logging_mixin.py:115} INFO - [2024-12-18 22:20:27,039] {dagbag.py:507} INFO - Filling up the DagBag from /home/patriciacorreia/Documents/airflowalura/venv/lib/python3.9/site-packages/airflow/example_dags/example_task_group.py
[2024-12-18 22:20:27,064] {processor.py:651} INFO - DAG(s) dict_keys(['example_task_group']) retrieved from /home/patriciacorreia/Documents/airflowalura/venv/lib/python3.9/site-packages/airflow/example_dags/example_task_group.py
[2024-12-18 22:20:27,143] {logging_mixin.py:115} INFO - [2024-12-18 22:20:27,143] {dag.py:2379} INFO - Sync 1 DAGs
[2024-12-18 22:20:27,229] {logging_mixin.py:115} INFO - [2024-12-18 22:20:27,229] {dag.py:2927} INFO - Setting next_dagrun for example_task_group to 2024-12-18T01:20:27.228868+00:00, run_after=2024-12-19T01:20:27.228868+00:00
[2024-12-18 22:20:27,282] {processor.py:161} INFO - Processing /home/patriciacorreia/Documents/airflowalura/venv/lib/python3.9/site-packages/airflow/example_dags/example_task_group.py took 0.257 seconds
[2024-12-18 22:21:05,974] {processor.py:153} INFO - Started process (PID=18299) to work on /home/patriciacorreia/Documents/airflowalura/venv/lib/python3.9/site-packages/airflow/example_dags/example_task_group.py
[2024-12-18 22:21:05,978] {processor.py:641} INFO - Processing file /home/patriciacorreia/Documents/airflowalura/venv/lib/python3.9/site-packages/airflow/example_dags/example_task_group.py for tasks to queue
[2024-12-18 22:21:05,981] {logging_mixin.py:115} INFO - [2024-12-18 22:21:05,980] {dagbag.py:507} INFO - Filling up the DagBag from /home/patriciacorreia/Documents/airflowalura/venv/lib/python3.9/site-packages/airflow/example_dags/example_task_group.py
[2024-12-18 22:21:06,044] {processor.py:651} INFO - DAG(s) dict_keys(['example_task_group']) retrieved from /home/patriciacorreia/Documents/airflowalura/venv/lib/python3.9/site-packages/airflow/example_dags/example_task_group.py
[2024-12-18 22:21:06,096] {logging_mixin.py:115} INFO - [2024-12-18 22:21:06,095] {dag.py:2379} INFO - Sync 1 DAGs
[2024-12-18 22:21:06,138] {logging_mixin.py:115} INFO - [2024-12-18 22:21:06,137] {dag.py:2927} INFO - Setting next_dagrun for example_task_group to 2024-12-18T01:21:06.137581+00:00, run_after=2024-12-19T01:21:06.137581+00:00
[2024-12-18 22:21:06,160] {processor.py:161} INFO - Processing /home/patriciacorreia/Documents/airflowalura/venv/lib/python3.9/site-packages/airflow/example_dags/example_task_group.py took 0.208 seconds
[2024-12-18 22:21:47,756] {processor.py:153} INFO - Started process (PID=18491) to work on /home/patriciacorreia/Documents/airflowalura/venv/lib/python3.9/site-packages/airflow/example_dags/example_task_group.py
[2024-12-18 22:21:47,760] {processor.py:641} INFO - Processing file /home/patriciacorreia/Documents/airflowalura/venv/lib/python3.9/site-packages/airflow/example_dags/example_task_group.py for tasks to queue
[2024-12-18 22:21:47,763] {logging_mixin.py:115} INFO - [2024-12-18 22:21:47,762] {dagbag.py:507} INFO - Filling up the DagBag from /home/patriciacorreia/Documents/airflowalura/venv/lib/python3.9/site-packages/airflow/example_dags/example_task_group.py
[2024-12-18 22:21:47,794] {processor.py:651} INFO - DAG(s) dict_keys(['example_task_group']) retrieved from /home/patriciacorreia/Documents/airflowalura/venv/lib/python3.9/site-packages/airflow/example_dags/example_task_group.py
[2024-12-18 22:21:47,853] {logging_mixin.py:115} INFO - [2024-12-18 22:21:47,853] {dag.py:2379} INFO - Sync 1 DAGs
[2024-12-18 22:21:47,914] {logging_mixin.py:115} INFO - [2024-12-18 22:21:47,914] {dag.py:2927} INFO - Setting next_dagrun for example_task_group to 2024-12-18T01:21:47.913575+00:00, run_after=2024-12-19T01:21:47.913575+00:00
[2024-12-18 22:21:47,957] {processor.py:161} INFO - Processing /home/patriciacorreia/Documents/airflowalura/venv/lib/python3.9/site-packages/airflow/example_dags/example_task_group.py took 0.219 seconds
[2024-12-18 22:22:32,314] {processor.py:153} INFO - Started process (PID=18700) to work on /home/patriciacorreia/Documents/airflowalura/venv/lib/python3.9/site-packages/airflow/example_dags/example_task_group.py
[2024-12-18 22:22:32,316] {processor.py:641} INFO - Processing file /home/patriciacorreia/Documents/airflowalura/venv/lib/python3.9/site-packages/airflow/example_dags/example_task_group.py for tasks to queue
[2024-12-18 22:22:32,318] {logging_mixin.py:115} INFO - [2024-12-18 22:22:32,317] {dagbag.py:507} INFO - Filling up the DagBag from /home/patriciacorreia/Documents/airflowalura/venv/lib/python3.9/site-packages/airflow/example_dags/example_task_group.py
[2024-12-18 22:22:32,328] {processor.py:651} INFO - DAG(s) dict_keys(['example_task_group']) retrieved from /home/patriciacorreia/Documents/airflowalura/venv/lib/python3.9/site-packages/airflow/example_dags/example_task_group.py
[2024-12-18 22:22:32,355] {logging_mixin.py:115} INFO - [2024-12-18 22:22:32,355] {dag.py:2379} INFO - Sync 1 DAGs
[2024-12-18 22:22:32,388] {logging_mixin.py:115} INFO - [2024-12-18 22:22:32,388] {dag.py:2927} INFO - Setting next_dagrun for example_task_group to 2024-12-18T01:22:32.387624+00:00, run_after=2024-12-19T01:22:32.387624+00:00
[2024-12-18 22:22:32,407] {processor.py:161} INFO - Processing /home/patriciacorreia/Documents/airflowalura/venv/lib/python3.9/site-packages/airflow/example_dags/example_task_group.py took 0.098 seconds
[2024-12-18 22:23:14,963] {processor.py:153} INFO - Started process (PID=18898) to work on /home/patriciacorreia/Documents/airflowalura/venv/lib/python3.9/site-packages/airflow/example_dags/example_task_group.py
[2024-12-18 22:23:14,971] {processor.py:641} INFO - Processing file /home/patriciacorreia/Documents/airflowalura/venv/lib/python3.9/site-packages/airflow/example_dags/example_task_group.py for tasks to queue
[2024-12-18 22:23:14,974] {logging_mixin.py:115} INFO - [2024-12-18 22:23:14,973] {dagbag.py:507} INFO - Filling up the DagBag from /home/patriciacorreia/Documents/airflowalura/venv/lib/python3.9/site-packages/airflow/example_dags/example_task_group.py
[2024-12-18 22:23:15,013] {processor.py:651} INFO - DAG(s) dict_keys(['example_task_group']) retrieved from /home/patriciacorreia/Documents/airflowalura/venv/lib/python3.9/site-packages/airflow/example_dags/example_task_group.py
[2024-12-18 22:23:15,118] {logging_mixin.py:115} INFO - [2024-12-18 22:23:15,118] {dag.py:2379} INFO - Sync 1 DAGs
[2024-12-18 22:23:15,238] {logging_mixin.py:115} INFO - [2024-12-18 22:23:15,238] {dag.py:2927} INFO - Setting next_dagrun for example_task_group to 2024-12-18T01:23:15.236374+00:00, run_after=2024-12-19T01:23:15.236374+00:00
[2024-12-18 22:23:15,307] {processor.py:161} INFO - Processing /home/patriciacorreia/Documents/airflowalura/venv/lib/python3.9/site-packages/airflow/example_dags/example_task_group.py took 0.361 seconds
[2024-12-18 22:24:00,116] {processor.py:153} INFO - Started process (PID=19113) to work on /home/patriciacorreia/Documents/airflowalura/venv/lib/python3.9/site-packages/airflow/example_dags/example_task_group.py
[2024-12-18 22:24:00,132] {processor.py:641} INFO - Processing file /home/patriciacorreia/Documents/airflowalura/venv/lib/python3.9/site-packages/airflow/example_dags/example_task_group.py for tasks to queue
[2024-12-18 22:24:00,137] {logging_mixin.py:115} INFO - [2024-12-18 22:24:00,136] {dagbag.py:507} INFO - Filling up the DagBag from /home/patriciacorreia/Documents/airflowalura/venv/lib/python3.9/site-packages/airflow/example_dags/example_task_group.py
[2024-12-18 22:24:00,180] {processor.py:651} INFO - DAG(s) dict_keys(['example_task_group']) retrieved from /home/patriciacorreia/Documents/airflowalura/venv/lib/python3.9/site-packages/airflow/example_dags/example_task_group.py
[2024-12-18 22:24:00,240] {logging_mixin.py:115} INFO - [2024-12-18 22:24:00,240] {dag.py:2379} INFO - Sync 1 DAGs
[2024-12-18 22:24:00,300] {logging_mixin.py:115} INFO - [2024-12-18 22:24:00,299] {dag.py:2927} INFO - Setting next_dagrun for example_task_group to 2024-12-18T01:24:00.299039+00:00, run_after=2024-12-19T01:24:00.299039+00:00
[2024-12-18 22:24:00,342] {processor.py:161} INFO - Processing /home/patriciacorreia/Documents/airflowalura/venv/lib/python3.9/site-packages/airflow/example_dags/example_task_group.py took 0.248 seconds
[2024-12-18 22:24:47,854] {processor.py:153} INFO - Started process (PID=19328) to work on /home/patriciacorreia/Documents/airflowalura/venv/lib/python3.9/site-packages/airflow/example_dags/example_task_group.py
[2024-12-18 22:24:47,859] {processor.py:641} INFO - Processing file /home/patriciacorreia/Documents/airflowalura/venv/lib/python3.9/site-packages/airflow/example_dags/example_task_group.py for tasks to queue
[2024-12-18 22:24:47,863] {logging_mixin.py:115} INFO - [2024-12-18 22:24:47,862] {dagbag.py:507} INFO - Filling up the DagBag from /home/patriciacorreia/Documents/airflowalura/venv/lib/python3.9/site-packages/airflow/example_dags/example_task_group.py
[2024-12-18 22:24:47,885] {processor.py:651} INFO - DAG(s) dict_keys(['example_task_group']) retrieved from /home/patriciacorreia/Documents/airflowalura/venv/lib/python3.9/site-packages/airflow/example_dags/example_task_group.py
[2024-12-18 22:24:47,941] {logging_mixin.py:115} INFO - [2024-12-18 22:24:47,941] {dag.py:2379} INFO - Sync 1 DAGs
[2024-12-18 22:24:47,982] {logging_mixin.py:115} INFO - [2024-12-18 22:24:47,981] {dag.py:2927} INFO - Setting next_dagrun for example_task_group to 2024-12-18T01:24:47.981535+00:00, run_after=2024-12-19T01:24:47.981535+00:00
[2024-12-18 22:24:48,001] {processor.py:161} INFO - Processing /home/patriciacorreia/Documents/airflowalura/venv/lib/python3.9/site-packages/airflow/example_dags/example_task_group.py took 0.167 seconds
[2024-12-18 22:25:34,122] {processor.py:153} INFO - Started process (PID=19580) to work on /home/patriciacorreia/Documents/airflowalura/venv/lib/python3.9/site-packages/airflow/example_dags/example_task_group.py
[2024-12-18 22:25:34,127] {processor.py:641} INFO - Processing file /home/patriciacorreia/Documents/airflowalura/venv/lib/python3.9/site-packages/airflow/example_dags/example_task_group.py for tasks to queue
[2024-12-18 22:25:34,133] {logging_mixin.py:115} INFO - [2024-12-18 22:25:34,132] {dagbag.py:507} INFO - Filling up the DagBag from /home/patriciacorreia/Documents/airflowalura/venv/lib/python3.9/site-packages/airflow/example_dags/example_task_group.py
[2024-12-18 22:25:34,182] {processor.py:651} INFO - DAG(s) dict_keys(['example_task_group']) retrieved from /home/patriciacorreia/Documents/airflowalura/venv/lib/python3.9/site-packages/airflow/example_dags/example_task_group.py
[2024-12-18 22:25:34,285] {logging_mixin.py:115} INFO - [2024-12-18 22:25:34,285] {dag.py:2379} INFO - Sync 1 DAGs
[2024-12-18 22:25:34,396] {logging_mixin.py:115} INFO - [2024-12-18 22:25:34,395] {dag.py:2927} INFO - Setting next_dagrun for example_task_group to 2024-12-18T01:25:34.393971+00:00, run_after=2024-12-19T01:25:34.393971+00:00
[2024-12-18 22:25:34,447] {processor.py:161} INFO - Processing /home/patriciacorreia/Documents/airflowalura/venv/lib/python3.9/site-packages/airflow/example_dags/example_task_group.py took 0.344 seconds
[2024-12-18 22:26:19,581] {processor.py:153} INFO - Started process (PID=19772) to work on /home/patriciacorreia/Documents/airflowalura/venv/lib/python3.9/site-packages/airflow/example_dags/example_task_group.py
[2024-12-18 22:26:19,586] {processor.py:641} INFO - Processing file /home/patriciacorreia/Documents/airflowalura/venv/lib/python3.9/site-packages/airflow/example_dags/example_task_group.py for tasks to queue
[2024-12-18 22:26:19,589] {logging_mixin.py:115} INFO - [2024-12-18 22:26:19,588] {dagbag.py:507} INFO - Filling up the DagBag from /home/patriciacorreia/Documents/airflowalura/venv/lib/python3.9/site-packages/airflow/example_dags/example_task_group.py
[2024-12-18 22:26:19,628] {processor.py:651} INFO - DAG(s) dict_keys(['example_task_group']) retrieved from /home/patriciacorreia/Documents/airflowalura/venv/lib/python3.9/site-packages/airflow/example_dags/example_task_group.py
[2024-12-18 22:26:19,759] {logging_mixin.py:115} INFO - [2024-12-18 22:26:19,758] {dag.py:2379} INFO - Sync 1 DAGs
[2024-12-18 22:26:19,815] {logging_mixin.py:115} INFO - [2024-12-18 22:26:19,815] {dag.py:2927} INFO - Setting next_dagrun for example_task_group to 2024-12-18T01:26:19.814257+00:00, run_after=2024-12-19T01:26:19.814257+00:00
[2024-12-18 22:26:19,840] {processor.py:161} INFO - Processing /home/patriciacorreia/Documents/airflowalura/venv/lib/python3.9/site-packages/airflow/example_dags/example_task_group.py took 0.276 seconds
[2024-12-18 22:27:02,961] {processor.py:153} INFO - Started process (PID=19970) to work on /home/patriciacorreia/Documents/airflowalura/venv/lib/python3.9/site-packages/airflow/example_dags/example_task_group.py
[2024-12-18 22:27:02,963] {processor.py:641} INFO - Processing file /home/patriciacorreia/Documents/airflowalura/venv/lib/python3.9/site-packages/airflow/example_dags/example_task_group.py for tasks to queue
[2024-12-18 22:27:02,964] {logging_mixin.py:115} INFO - [2024-12-18 22:27:02,964] {dagbag.py:507} INFO - Filling up the DagBag from /home/patriciacorreia/Documents/airflowalura/venv/lib/python3.9/site-packages/airflow/example_dags/example_task_group.py
[2024-12-18 22:27:02,980] {processor.py:651} INFO - DAG(s) dict_keys(['example_task_group']) retrieved from /home/patriciacorreia/Documents/airflowalura/venv/lib/python3.9/site-packages/airflow/example_dags/example_task_group.py
[2024-12-18 22:27:03,018] {logging_mixin.py:115} INFO - [2024-12-18 22:27:03,018] {dag.py:2379} INFO - Sync 1 DAGs
[2024-12-18 22:27:03,058] {logging_mixin.py:115} INFO - [2024-12-18 22:27:03,057] {dag.py:2927} INFO - Setting next_dagrun for example_task_group to 2024-12-18T01:27:03.057166+00:00, run_after=2024-12-19T01:27:03.057166+00:00
[2024-12-18 22:27:03,084] {processor.py:161} INFO - Processing /home/patriciacorreia/Documents/airflowalura/venv/lib/python3.9/site-packages/airflow/example_dags/example_task_group.py took 0.129 seconds
[2024-12-18 22:27:45,834] {processor.py:153} INFO - Started process (PID=20170) to work on /home/patriciacorreia/Documents/airflowalura/venv/lib/python3.9/site-packages/airflow/example_dags/example_task_group.py
[2024-12-18 22:27:45,838] {processor.py:641} INFO - Processing file /home/patriciacorreia/Documents/airflowalura/venv/lib/python3.9/site-packages/airflow/example_dags/example_task_group.py for tasks to queue
[2024-12-18 22:27:45,840] {logging_mixin.py:115} INFO - [2024-12-18 22:27:45,840] {dagbag.py:507} INFO - Filling up the DagBag from /home/patriciacorreia/Documents/airflowalura/venv/lib/python3.9/site-packages/airflow/example_dags/example_task_group.py
[2024-12-18 22:27:45,865] {processor.py:651} INFO - DAG(s) dict_keys(['example_task_group']) retrieved from /home/patriciacorreia/Documents/airflowalura/venv/lib/python3.9/site-packages/airflow/example_dags/example_task_group.py
[2024-12-18 22:27:45,904] {logging_mixin.py:115} INFO - [2024-12-18 22:27:45,903] {dag.py:2379} INFO - Sync 1 DAGs
[2024-12-18 22:27:45,939] {logging_mixin.py:115} INFO - [2024-12-18 22:27:45,939] {dag.py:2927} INFO - Setting next_dagrun for example_task_group to 2024-12-18T01:27:45.938475+00:00, run_after=2024-12-19T01:27:45.938475+00:00
[2024-12-18 22:27:45,957] {processor.py:161} INFO - Processing /home/patriciacorreia/Documents/airflowalura/venv/lib/python3.9/site-packages/airflow/example_dags/example_task_group.py took 0.138 seconds
[2024-12-18 22:28:28,791] {processor.py:153} INFO - Started process (PID=20382) to work on /home/patriciacorreia/Documents/airflowalura/venv/lib/python3.9/site-packages/airflow/example_dags/example_task_group.py
[2024-12-18 22:28:28,792] {processor.py:641} INFO - Processing file /home/patriciacorreia/Documents/airflowalura/venv/lib/python3.9/site-packages/airflow/example_dags/example_task_group.py for tasks to queue
[2024-12-18 22:28:28,793] {logging_mixin.py:115} INFO - [2024-12-18 22:28:28,793] {dagbag.py:507} INFO - Filling up the DagBag from /home/patriciacorreia/Documents/airflowalura/venv/lib/python3.9/site-packages/airflow/example_dags/example_task_group.py
[2024-12-18 22:28:28,802] {processor.py:651} INFO - DAG(s) dict_keys(['example_task_group']) retrieved from /home/patriciacorreia/Documents/airflowalura/venv/lib/python3.9/site-packages/airflow/example_dags/example_task_group.py
[2024-12-18 22:28:28,824] {logging_mixin.py:115} INFO - [2024-12-18 22:28:28,824] {dag.py:2379} INFO - Sync 1 DAGs
[2024-12-18 22:28:28,853] {logging_mixin.py:115} INFO - [2024-12-18 22:28:28,853] {dag.py:2927} INFO - Setting next_dagrun for example_task_group to 2024-12-18T01:28:28.852880+00:00, run_after=2024-12-19T01:28:28.852880+00:00
[2024-12-18 22:28:28,878] {processor.py:161} INFO - Processing /home/patriciacorreia/Documents/airflowalura/venv/lib/python3.9/site-packages/airflow/example_dags/example_task_group.py took 0.093 seconds
[2024-12-18 22:29:06,009] {processor.py:153} INFO - Started process (PID=20572) to work on /home/patriciacorreia/Documents/airflowalura/venv/lib/python3.9/site-packages/airflow/example_dags/example_task_group.py
[2024-12-18 22:29:06,014] {processor.py:641} INFO - Processing file /home/patriciacorreia/Documents/airflowalura/venv/lib/python3.9/site-packages/airflow/example_dags/example_task_group.py for tasks to queue
[2024-12-18 22:29:06,016] {logging_mixin.py:115} INFO - [2024-12-18 22:29:06,016] {dagbag.py:507} INFO - Filling up the DagBag from /home/patriciacorreia/Documents/airflowalura/venv/lib/python3.9/site-packages/airflow/example_dags/example_task_group.py
[2024-12-18 22:29:06,054] {processor.py:651} INFO - DAG(s) dict_keys(['example_task_group']) retrieved from /home/patriciacorreia/Documents/airflowalura/venv/lib/python3.9/site-packages/airflow/example_dags/example_task_group.py
[2024-12-18 22:29:06,089] {logging_mixin.py:115} INFO - [2024-12-18 22:29:06,089] {dag.py:2379} INFO - Sync 1 DAGs
[2024-12-18 22:29:06,128] {logging_mixin.py:115} INFO - [2024-12-18 22:29:06,127] {dag.py:2927} INFO - Setting next_dagrun for example_task_group to 2024-12-18T01:29:06.127234+00:00, run_after=2024-12-19T01:29:06.127234+00:00
[2024-12-18 22:29:06,156] {processor.py:161} INFO - Processing /home/patriciacorreia/Documents/airflowalura/venv/lib/python3.9/site-packages/airflow/example_dags/example_task_group.py took 0.166 seconds
[2024-12-18 22:29:41,449] {processor.py:153} INFO - Started process (PID=20755) to work on /home/patriciacorreia/Documents/airflowalura/venv/lib/python3.9/site-packages/airflow/example_dags/example_task_group.py
[2024-12-18 22:29:41,450] {processor.py:641} INFO - Processing file /home/patriciacorreia/Documents/airflowalura/venv/lib/python3.9/site-packages/airflow/example_dags/example_task_group.py for tasks to queue
[2024-12-18 22:29:41,451] {logging_mixin.py:115} INFO - [2024-12-18 22:29:41,451] {dagbag.py:507} INFO - Filling up the DagBag from /home/patriciacorreia/Documents/airflowalura/venv/lib/python3.9/site-packages/airflow/example_dags/example_task_group.py
[2024-12-18 22:29:41,462] {processor.py:651} INFO - DAG(s) dict_keys(['example_task_group']) retrieved from /home/patriciacorreia/Documents/airflowalura/venv/lib/python3.9/site-packages/airflow/example_dags/example_task_group.py
[2024-12-18 22:29:41,485] {logging_mixin.py:115} INFO - [2024-12-18 22:29:41,485] {dag.py:2379} INFO - Sync 1 DAGs
[2024-12-18 22:29:41,512] {logging_mixin.py:115} INFO - [2024-12-18 22:29:41,512] {dag.py:2927} INFO - Setting next_dagrun for example_task_group to 2024-12-18T01:29:41.512247+00:00, run_after=2024-12-19T01:29:41.512247+00:00
[2024-12-18 22:29:41,528] {processor.py:161} INFO - Processing /home/patriciacorreia/Documents/airflowalura/venv/lib/python3.9/site-packages/airflow/example_dags/example_task_group.py took 0.083 seconds
[2024-12-18 22:30:17,617] {processor.py:153} INFO - Started process (PID=20937) to work on /home/patriciacorreia/Documents/airflowalura/venv/lib/python3.9/site-packages/airflow/example_dags/example_task_group.py
[2024-12-18 22:30:17,620] {processor.py:641} INFO - Processing file /home/patriciacorreia/Documents/airflowalura/venv/lib/python3.9/site-packages/airflow/example_dags/example_task_group.py for tasks to queue
[2024-12-18 22:30:17,621] {logging_mixin.py:115} INFO - [2024-12-18 22:30:17,621] {dagbag.py:507} INFO - Filling up the DagBag from /home/patriciacorreia/Documents/airflowalura/venv/lib/python3.9/site-packages/airflow/example_dags/example_task_group.py
[2024-12-18 22:30:17,635] {processor.py:651} INFO - DAG(s) dict_keys(['example_task_group']) retrieved from /home/patriciacorreia/Documents/airflowalura/venv/lib/python3.9/site-packages/airflow/example_dags/example_task_group.py
[2024-12-18 22:30:17,662] {logging_mixin.py:115} INFO - [2024-12-18 22:30:17,662] {dag.py:2379} INFO - Sync 1 DAGs
[2024-12-18 22:30:17,691] {logging_mixin.py:115} INFO - [2024-12-18 22:30:17,691] {dag.py:2927} INFO - Setting next_dagrun for example_task_group to 2024-12-18T01:30:17.691467+00:00, run_after=2024-12-19T01:30:17.691467+00:00
[2024-12-18 22:30:17,713] {processor.py:161} INFO - Processing /home/patriciacorreia/Documents/airflowalura/venv/lib/python3.9/site-packages/airflow/example_dags/example_task_group.py took 0.100 seconds
[2024-12-18 22:30:51,862] {processor.py:153} INFO - Started process (PID=21125) to work on /home/patriciacorreia/Documents/airflowalura/venv/lib/python3.9/site-packages/airflow/example_dags/example_task_group.py
[2024-12-18 22:30:51,863] {processor.py:641} INFO - Processing file /home/patriciacorreia/Documents/airflowalura/venv/lib/python3.9/site-packages/airflow/example_dags/example_task_group.py for tasks to queue
[2024-12-18 22:30:51,864] {logging_mixin.py:115} INFO - [2024-12-18 22:30:51,864] {dagbag.py:507} INFO - Filling up the DagBag from /home/patriciacorreia/Documents/airflowalura/venv/lib/python3.9/site-packages/airflow/example_dags/example_task_group.py
[2024-12-18 22:30:51,874] {processor.py:651} INFO - DAG(s) dict_keys(['example_task_group']) retrieved from /home/patriciacorreia/Documents/airflowalura/venv/lib/python3.9/site-packages/airflow/example_dags/example_task_group.py
[2024-12-18 22:30:51,900] {logging_mixin.py:115} INFO - [2024-12-18 22:30:51,900] {dag.py:2379} INFO - Sync 1 DAGs
[2024-12-18 22:30:51,936] {logging_mixin.py:115} INFO - [2024-12-18 22:30:51,936] {dag.py:2927} INFO - Setting next_dagrun for example_task_group to 2024-12-18T01:30:51.935700+00:00, run_after=2024-12-19T01:30:51.935700+00:00
[2024-12-18 22:30:51,957] {processor.py:161} INFO - Processing /home/patriciacorreia/Documents/airflowalura/venv/lib/python3.9/site-packages/airflow/example_dags/example_task_group.py took 0.100 seconds
[2024-12-18 22:31:26,888] {processor.py:153} INFO - Started process (PID=21303) to work on /home/patriciacorreia/Documents/airflowalura/venv/lib/python3.9/site-packages/airflow/example_dags/example_task_group.py
[2024-12-18 22:31:26,889] {processor.py:641} INFO - Processing file /home/patriciacorreia/Documents/airflowalura/venv/lib/python3.9/site-packages/airflow/example_dags/example_task_group.py for tasks to queue
[2024-12-18 22:31:26,890] {logging_mixin.py:115} INFO - [2024-12-18 22:31:26,890] {dagbag.py:507} INFO - Filling up the DagBag from /home/patriciacorreia/Documents/airflowalura/venv/lib/python3.9/site-packages/airflow/example_dags/example_task_group.py
[2024-12-18 22:31:26,907] {processor.py:651} INFO - DAG(s) dict_keys(['example_task_group']) retrieved from /home/patriciacorreia/Documents/airflowalura/venv/lib/python3.9/site-packages/airflow/example_dags/example_task_group.py
[2024-12-18 22:31:26,944] {logging_mixin.py:115} INFO - [2024-12-18 22:31:26,944] {dag.py:2379} INFO - Sync 1 DAGs
[2024-12-18 22:31:26,982] {logging_mixin.py:115} INFO - [2024-12-18 22:31:26,982] {dag.py:2927} INFO - Setting next_dagrun for example_task_group to 2024-12-18T01:31:26.981907+00:00, run_after=2024-12-19T01:31:26.981907+00:00
[2024-12-18 22:31:26,999] {processor.py:161} INFO - Processing /home/patriciacorreia/Documents/airflowalura/venv/lib/python3.9/site-packages/airflow/example_dags/example_task_group.py took 0.118 seconds
[2024-12-18 22:32:03,934] {processor.py:153} INFO - Started process (PID=21492) to work on /home/patriciacorreia/Documents/airflowalura/venv/lib/python3.9/site-packages/airflow/example_dags/example_task_group.py
[2024-12-18 22:32:03,937] {processor.py:641} INFO - Processing file /home/patriciacorreia/Documents/airflowalura/venv/lib/python3.9/site-packages/airflow/example_dags/example_task_group.py for tasks to queue
[2024-12-18 22:32:03,938] {logging_mixin.py:115} INFO - [2024-12-18 22:32:03,938] {dagbag.py:507} INFO - Filling up the DagBag from /home/patriciacorreia/Documents/airflowalura/venv/lib/python3.9/site-packages/airflow/example_dags/example_task_group.py
[2024-12-18 22:32:03,962] {processor.py:651} INFO - DAG(s) dict_keys(['example_task_group']) retrieved from /home/patriciacorreia/Documents/airflowalura/venv/lib/python3.9/site-packages/airflow/example_dags/example_task_group.py
[2024-12-18 22:32:04,006] {logging_mixin.py:115} INFO - [2024-12-18 22:32:04,006] {dag.py:2379} INFO - Sync 1 DAGs
[2024-12-18 22:32:04,033] {logging_mixin.py:115} INFO - [2024-12-18 22:32:04,033] {dag.py:2927} INFO - Setting next_dagrun for example_task_group to 2024-12-18T01:32:04.032752+00:00, run_after=2024-12-19T01:32:04.032752+00:00
[2024-12-18 22:32:04,050] {processor.py:161} INFO - Processing /home/patriciacorreia/Documents/airflowalura/venv/lib/python3.9/site-packages/airflow/example_dags/example_task_group.py took 0.129 seconds
[2024-12-18 22:32:41,986] {processor.py:153} INFO - Started process (PID=21678) to work on /home/patriciacorreia/Documents/airflowalura/venv/lib/python3.9/site-packages/airflow/example_dags/example_task_group.py
[2024-12-18 22:32:41,989] {processor.py:641} INFO - Processing file /home/patriciacorreia/Documents/airflowalura/venv/lib/python3.9/site-packages/airflow/example_dags/example_task_group.py for tasks to queue
[2024-12-18 22:32:41,991] {logging_mixin.py:115} INFO - [2024-12-18 22:32:41,991] {dagbag.py:507} INFO - Filling up the DagBag from /home/patriciacorreia/Documents/airflowalura/venv/lib/python3.9/site-packages/airflow/example_dags/example_task_group.py
[2024-12-18 22:32:42,022] {processor.py:651} INFO - DAG(s) dict_keys(['example_task_group']) retrieved from /home/patriciacorreia/Documents/airflowalura/venv/lib/python3.9/site-packages/airflow/example_dags/example_task_group.py
[2024-12-18 22:32:42,097] {logging_mixin.py:115} INFO - [2024-12-18 22:32:42,096] {dag.py:2379} INFO - Sync 1 DAGs
[2024-12-18 22:32:42,135] {logging_mixin.py:115} INFO - [2024-12-18 22:32:42,135] {dag.py:2927} INFO - Setting next_dagrun for example_task_group to 2024-12-18T01:32:42.135409+00:00, run_after=2024-12-19T01:32:42.135409+00:00
[2024-12-18 22:32:42,161] {processor.py:161} INFO - Processing /home/patriciacorreia/Documents/airflowalura/venv/lib/python3.9/site-packages/airflow/example_dags/example_task_group.py took 0.187 seconds
[2024-12-18 22:33:21,910] {processor.py:153} INFO - Started process (PID=21858) to work on /home/patriciacorreia/Documents/airflowalura/venv/lib/python3.9/site-packages/airflow/example_dags/example_task_group.py
[2024-12-18 22:33:21,914] {processor.py:641} INFO - Processing file /home/patriciacorreia/Documents/airflowalura/venv/lib/python3.9/site-packages/airflow/example_dags/example_task_group.py for tasks to queue
[2024-12-18 22:33:21,920] {logging_mixin.py:115} INFO - [2024-12-18 22:33:21,919] {dagbag.py:507} INFO - Filling up the DagBag from /home/patriciacorreia/Documents/airflowalura/venv/lib/python3.9/site-packages/airflow/example_dags/example_task_group.py
[2024-12-18 22:33:21,961] {processor.py:651} INFO - DAG(s) dict_keys(['example_task_group']) retrieved from /home/patriciacorreia/Documents/airflowalura/venv/lib/python3.9/site-packages/airflow/example_dags/example_task_group.py
[2024-12-18 22:33:22,036] {logging_mixin.py:115} INFO - [2024-12-18 22:33:22,035] {dag.py:2379} INFO - Sync 1 DAGs
[2024-12-18 22:33:22,097] {logging_mixin.py:115} INFO - [2024-12-18 22:33:22,097] {dag.py:2927} INFO - Setting next_dagrun for example_task_group to 2024-12-18T01:33:22.096824+00:00, run_after=2024-12-19T01:33:22.096824+00:00
[2024-12-18 22:33:22,139] {processor.py:161} INFO - Processing /home/patriciacorreia/Documents/airflowalura/venv/lib/python3.9/site-packages/airflow/example_dags/example_task_group.py took 0.245 seconds
[2024-12-18 22:34:10,490] {processor.py:153} INFO - Started process (PID=22076) to work on /home/patriciacorreia/Documents/airflowalura/venv/lib/python3.9/site-packages/airflow/example_dags/example_task_group.py
[2024-12-18 22:34:10,493] {processor.py:641} INFO - Processing file /home/patriciacorreia/Documents/airflowalura/venv/lib/python3.9/site-packages/airflow/example_dags/example_task_group.py for tasks to queue
[2024-12-18 22:34:10,494] {logging_mixin.py:115} INFO - [2024-12-18 22:34:10,494] {dagbag.py:507} INFO - Filling up the DagBag from /home/patriciacorreia/Documents/airflowalura/venv/lib/python3.9/site-packages/airflow/example_dags/example_task_group.py
[2024-12-18 22:34:10,526] {processor.py:651} INFO - DAG(s) dict_keys(['example_task_group']) retrieved from /home/patriciacorreia/Documents/airflowalura/venv/lib/python3.9/site-packages/airflow/example_dags/example_task_group.py
[2024-12-18 22:34:10,595] {logging_mixin.py:115} INFO - [2024-12-18 22:34:10,595] {dag.py:2379} INFO - Sync 1 DAGs
[2024-12-18 22:34:10,676] {logging_mixin.py:115} INFO - [2024-12-18 22:34:10,675] {dag.py:2927} INFO - Setting next_dagrun for example_task_group to 2024-12-18T01:34:10.674612+00:00, run_after=2024-12-19T01:34:10.674612+00:00
[2024-12-18 22:34:10,726] {processor.py:161} INFO - Processing /home/patriciacorreia/Documents/airflowalura/venv/lib/python3.9/site-packages/airflow/example_dags/example_task_group.py took 0.250 seconds
[2024-12-18 22:34:57,969] {processor.py:153} INFO - Started process (PID=22287) to work on /home/patriciacorreia/Documents/airflowalura/venv/lib/python3.9/site-packages/airflow/example_dags/example_task_group.py
[2024-12-18 22:34:57,973] {processor.py:641} INFO - Processing file /home/patriciacorreia/Documents/airflowalura/venv/lib/python3.9/site-packages/airflow/example_dags/example_task_group.py for tasks to queue
[2024-12-18 22:34:57,977] {logging_mixin.py:115} INFO - [2024-12-18 22:34:57,976] {dagbag.py:507} INFO - Filling up the DagBag from /home/patriciacorreia/Documents/airflowalura/venv/lib/python3.9/site-packages/airflow/example_dags/example_task_group.py
[2024-12-18 22:34:58,013] {processor.py:651} INFO - DAG(s) dict_keys(['example_task_group']) retrieved from /home/patriciacorreia/Documents/airflowalura/venv/lib/python3.9/site-packages/airflow/example_dags/example_task_group.py
[2024-12-18 22:34:58,107] {logging_mixin.py:115} INFO - [2024-12-18 22:34:58,106] {dag.py:2379} INFO - Sync 1 DAGs
[2024-12-18 22:34:58,174] {logging_mixin.py:115} INFO - [2024-12-18 22:34:58,174] {dag.py:2927} INFO - Setting next_dagrun for example_task_group to 2024-12-18T01:34:58.174074+00:00, run_after=2024-12-19T01:34:58.174074+00:00
[2024-12-18 22:34:58,203] {processor.py:161} INFO - Processing /home/patriciacorreia/Documents/airflowalura/venv/lib/python3.9/site-packages/airflow/example_dags/example_task_group.py took 0.247 seconds
[2024-12-18 22:35:38,450] {processor.py:153} INFO - Started process (PID=22470) to work on /home/patriciacorreia/Documents/airflowalura/venv/lib/python3.9/site-packages/airflow/example_dags/example_task_group.py
[2024-12-18 22:35:38,453] {processor.py:641} INFO - Processing file /home/patriciacorreia/Documents/airflowalura/venv/lib/python3.9/site-packages/airflow/example_dags/example_task_group.py for tasks to queue
[2024-12-18 22:35:38,456] {logging_mixin.py:115} INFO - [2024-12-18 22:35:38,456] {dagbag.py:507} INFO - Filling up the DagBag from /home/patriciacorreia/Documents/airflowalura/venv/lib/python3.9/site-packages/airflow/example_dags/example_task_group.py
[2024-12-18 22:35:38,493] {processor.py:651} INFO - DAG(s) dict_keys(['example_task_group']) retrieved from /home/patriciacorreia/Documents/airflowalura/venv/lib/python3.9/site-packages/airflow/example_dags/example_task_group.py
[2024-12-18 22:35:38,593] {logging_mixin.py:115} INFO - [2024-12-18 22:35:38,592] {dag.py:2379} INFO - Sync 1 DAGs
[2024-12-18 22:35:38,693] {logging_mixin.py:115} INFO - [2024-12-18 22:35:38,693] {dag.py:2927} INFO - Setting next_dagrun for example_task_group to 2024-12-18T01:35:38.692470+00:00, run_after=2024-12-19T01:35:38.692470+00:00
[2024-12-18 22:35:38,715] {processor.py:161} INFO - Processing /home/patriciacorreia/Documents/airflowalura/venv/lib/python3.9/site-packages/airflow/example_dags/example_task_group.py took 0.282 seconds
[2024-12-18 22:36:25,701] {processor.py:153} INFO - Started process (PID=22684) to work on /home/patriciacorreia/Documents/airflowalura/venv/lib/python3.9/site-packages/airflow/example_dags/example_task_group.py
[2024-12-18 22:36:25,705] {processor.py:641} INFO - Processing file /home/patriciacorreia/Documents/airflowalura/venv/lib/python3.9/site-packages/airflow/example_dags/example_task_group.py for tasks to queue
[2024-12-18 22:36:25,707] {logging_mixin.py:115} INFO - [2024-12-18 22:36:25,707] {dagbag.py:507} INFO - Filling up the DagBag from /home/patriciacorreia/Documents/airflowalura/venv/lib/python3.9/site-packages/airflow/example_dags/example_task_group.py
[2024-12-18 22:36:25,740] {processor.py:651} INFO - DAG(s) dict_keys(['example_task_group']) retrieved from /home/patriciacorreia/Documents/airflowalura/venv/lib/python3.9/site-packages/airflow/example_dags/example_task_group.py
[2024-12-18 22:36:25,813] {logging_mixin.py:115} INFO - [2024-12-18 22:36:25,813] {dag.py:2379} INFO - Sync 1 DAGs
[2024-12-18 22:36:25,902] {logging_mixin.py:115} INFO - [2024-12-18 22:36:25,902] {dag.py:2927} INFO - Setting next_dagrun for example_task_group to 2024-12-18T01:36:25.900970+00:00, run_after=2024-12-19T01:36:25.900970+00:00
[2024-12-18 22:36:25,970] {processor.py:161} INFO - Processing /home/patriciacorreia/Documents/airflowalura/venv/lib/python3.9/site-packages/airflow/example_dags/example_task_group.py took 0.284 seconds
[2024-12-18 22:37:06,189] {processor.py:153} INFO - Started process (PID=22865) to work on /home/patriciacorreia/Documents/airflowalura/venv/lib/python3.9/site-packages/airflow/example_dags/example_task_group.py
[2024-12-18 22:37:06,191] {processor.py:641} INFO - Processing file /home/patriciacorreia/Documents/airflowalura/venv/lib/python3.9/site-packages/airflow/example_dags/example_task_group.py for tasks to queue
[2024-12-18 22:37:06,192] {logging_mixin.py:115} INFO - [2024-12-18 22:37:06,191] {dagbag.py:507} INFO - Filling up the DagBag from /home/patriciacorreia/Documents/airflowalura/venv/lib/python3.9/site-packages/airflow/example_dags/example_task_group.py
[2024-12-18 22:37:06,211] {processor.py:651} INFO - DAG(s) dict_keys(['example_task_group']) retrieved from /home/patriciacorreia/Documents/airflowalura/venv/lib/python3.9/site-packages/airflow/example_dags/example_task_group.py
[2024-12-18 22:37:06,257] {logging_mixin.py:115} INFO - [2024-12-18 22:37:06,256] {dag.py:2379} INFO - Sync 1 DAGs
[2024-12-18 22:37:06,313] {logging_mixin.py:115} INFO - [2024-12-18 22:37:06,313] {dag.py:2927} INFO - Setting next_dagrun for example_task_group to 2024-12-18T01:37:06.312356+00:00, run_after=2024-12-19T01:37:06.312356+00:00
[2024-12-18 22:37:06,349] {processor.py:161} INFO - Processing /home/patriciacorreia/Documents/airflowalura/venv/lib/python3.9/site-packages/airflow/example_dags/example_task_group.py took 0.168 seconds
[2024-12-18 22:37:49,336] {processor.py:153} INFO - Started process (PID=23057) to work on /home/patriciacorreia/Documents/airflowalura/venv/lib/python3.9/site-packages/airflow/example_dags/example_task_group.py
[2024-12-18 22:37:49,339] {processor.py:641} INFO - Processing file /home/patriciacorreia/Documents/airflowalura/venv/lib/python3.9/site-packages/airflow/example_dags/example_task_group.py for tasks to queue
[2024-12-18 22:37:49,344] {logging_mixin.py:115} INFO - [2024-12-18 22:37:49,344] {dagbag.py:507} INFO - Filling up the DagBag from /home/patriciacorreia/Documents/airflowalura/venv/lib/python3.9/site-packages/airflow/example_dags/example_task_group.py
[2024-12-18 22:37:49,386] {processor.py:651} INFO - DAG(s) dict_keys(['example_task_group']) retrieved from /home/patriciacorreia/Documents/airflowalura/venv/lib/python3.9/site-packages/airflow/example_dags/example_task_group.py
[2024-12-18 22:37:49,479] {logging_mixin.py:115} INFO - [2024-12-18 22:37:49,479] {dag.py:2379} INFO - Sync 1 DAGs
[2024-12-18 22:37:49,572] {logging_mixin.py:115} INFO - [2024-12-18 22:37:49,572] {dag.py:2927} INFO - Setting next_dagrun for example_task_group to 2024-12-18T01:37:49.571478+00:00, run_after=2024-12-19T01:37:49.571478+00:00
[2024-12-18 22:37:49,598] {processor.py:161} INFO - Processing /home/patriciacorreia/Documents/airflowalura/venv/lib/python3.9/site-packages/airflow/example_dags/example_task_group.py took 0.279 seconds
[2024-12-18 22:38:30,767] {processor.py:153} INFO - Started process (PID=23246) to work on /home/patriciacorreia/Documents/airflowalura/venv/lib/python3.9/site-packages/airflow/example_dags/example_task_group.py
[2024-12-18 22:38:30,771] {processor.py:641} INFO - Processing file /home/patriciacorreia/Documents/airflowalura/venv/lib/python3.9/site-packages/airflow/example_dags/example_task_group.py for tasks to queue
[2024-12-18 22:38:30,774] {logging_mixin.py:115} INFO - [2024-12-18 22:38:30,773] {dagbag.py:507} INFO - Filling up the DagBag from /home/patriciacorreia/Documents/airflowalura/venv/lib/python3.9/site-packages/airflow/example_dags/example_task_group.py
[2024-12-18 22:38:30,812] {processor.py:651} INFO - DAG(s) dict_keys(['example_task_group']) retrieved from /home/patriciacorreia/Documents/airflowalura/venv/lib/python3.9/site-packages/airflow/example_dags/example_task_group.py
[2024-12-18 22:38:30,897] {logging_mixin.py:115} INFO - [2024-12-18 22:38:30,897] {dag.py:2379} INFO - Sync 1 DAGs
[2024-12-18 22:38:30,984] {logging_mixin.py:115} INFO - [2024-12-18 22:38:30,984] {dag.py:2927} INFO - Setting next_dagrun for example_task_group to 2024-12-18T01:38:30.982957+00:00, run_after=2024-12-19T01:38:30.982957+00:00
[2024-12-18 22:38:31,038] {processor.py:161} INFO - Processing /home/patriciacorreia/Documents/airflowalura/venv/lib/python3.9/site-packages/airflow/example_dags/example_task_group.py took 0.286 seconds
[2024-12-18 22:39:09,140] {processor.py:153} INFO - Started process (PID=23427) to work on /home/patriciacorreia/Documents/airflowalura/venv/lib/python3.9/site-packages/airflow/example_dags/example_task_group.py
[2024-12-18 22:39:09,145] {processor.py:641} INFO - Processing file /home/patriciacorreia/Documents/airflowalura/venv/lib/python3.9/site-packages/airflow/example_dags/example_task_group.py for tasks to queue
[2024-12-18 22:39:09,148] {logging_mixin.py:115} INFO - [2024-12-18 22:39:09,147] {dagbag.py:507} INFO - Filling up the DagBag from /home/patriciacorreia/Documents/airflowalura/venv/lib/python3.9/site-packages/airflow/example_dags/example_task_group.py
[2024-12-18 22:39:09,179] {processor.py:651} INFO - DAG(s) dict_keys(['example_task_group']) retrieved from /home/patriciacorreia/Documents/airflowalura/venv/lib/python3.9/site-packages/airflow/example_dags/example_task_group.py
[2024-12-18 22:39:09,265] {logging_mixin.py:115} INFO - [2024-12-18 22:39:09,264] {dag.py:2379} INFO - Sync 1 DAGs
[2024-12-18 22:39:09,350] {logging_mixin.py:115} INFO - [2024-12-18 22:39:09,350] {dag.py:2927} INFO - Setting next_dagrun for example_task_group to 2024-12-18T01:39:09.349437+00:00, run_after=2024-12-19T01:39:09.349437+00:00
[2024-12-18 22:39:09,404] {processor.py:161} INFO - Processing /home/patriciacorreia/Documents/airflowalura/venv/lib/python3.9/site-packages/airflow/example_dags/example_task_group.py took 0.281 seconds
[2024-12-18 22:39:58,214] {processor.py:153} INFO - Started process (PID=23652) to work on /home/patriciacorreia/Documents/airflowalura/venv/lib/python3.9/site-packages/airflow/example_dags/example_task_group.py
[2024-12-18 22:39:58,218] {processor.py:641} INFO - Processing file /home/patriciacorreia/Documents/airflowalura/venv/lib/python3.9/site-packages/airflow/example_dags/example_task_group.py for tasks to queue
[2024-12-18 22:39:58,220] {logging_mixin.py:115} INFO - [2024-12-18 22:39:58,220] {dagbag.py:507} INFO - Filling up the DagBag from /home/patriciacorreia/Documents/airflowalura/venv/lib/python3.9/site-packages/airflow/example_dags/example_task_group.py
[2024-12-18 22:39:58,253] {processor.py:651} INFO - DAG(s) dict_keys(['example_task_group']) retrieved from /home/patriciacorreia/Documents/airflowalura/venv/lib/python3.9/site-packages/airflow/example_dags/example_task_group.py
[2024-12-18 22:39:58,345] {logging_mixin.py:115} INFO - [2024-12-18 22:39:58,344] {dag.py:2379} INFO - Sync 1 DAGs
[2024-12-18 22:39:58,425] {logging_mixin.py:115} INFO - [2024-12-18 22:39:58,424] {dag.py:2927} INFO - Setting next_dagrun for example_task_group to 2024-12-18T01:39:58.423393+00:00, run_after=2024-12-19T01:39:58.423393+00:00
[2024-12-18 22:39:58,483] {processor.py:161} INFO - Processing /home/patriciacorreia/Documents/airflowalura/venv/lib/python3.9/site-packages/airflow/example_dags/example_task_group.py took 0.283 seconds
[2024-12-18 22:40:37,221] {processor.py:153} INFO - Started process (PID=23872) to work on /home/patriciacorreia/Documents/airflowalura/venv/lib/python3.9/site-packages/airflow/example_dags/example_task_group.py
[2024-12-18 22:40:37,222] {processor.py:641} INFO - Processing file /home/patriciacorreia/Documents/airflowalura/venv/lib/python3.9/site-packages/airflow/example_dags/example_task_group.py for tasks to queue
[2024-12-18 22:40:37,223] {logging_mixin.py:115} INFO - [2024-12-18 22:40:37,223] {dagbag.py:507} INFO - Filling up the DagBag from /home/patriciacorreia/Documents/airflowalura/venv/lib/python3.9/site-packages/airflow/example_dags/example_task_group.py
[2024-12-18 22:40:37,236] {processor.py:651} INFO - DAG(s) dict_keys(['example_task_group']) retrieved from /home/patriciacorreia/Documents/airflowalura/venv/lib/python3.9/site-packages/airflow/example_dags/example_task_group.py
[2024-12-18 22:40:37,270] {logging_mixin.py:115} INFO - [2024-12-18 22:40:37,270] {dag.py:2379} INFO - Sync 1 DAGs
[2024-12-18 22:40:37,320] {logging_mixin.py:115} INFO - [2024-12-18 22:40:37,320] {dag.py:2927} INFO - Setting next_dagrun for example_task_group to 2024-12-18T01:40:37.319954+00:00, run_after=2024-12-19T01:40:37.319954+00:00
[2024-12-18 22:40:37,346] {processor.py:161} INFO - Processing /home/patriciacorreia/Documents/airflowalura/venv/lib/python3.9/site-packages/airflow/example_dags/example_task_group.py took 0.132 seconds
