[2024-12-18 22:05:47,204] {processor.py:153} INFO - Started process (PID=13876) to work on /home/patriciacorreia/Documents/airflowalura/venv/lib/python3.9/site-packages/airflow/example_dags/example_dag_decorator.py
[2024-12-18 22:05:47,205] {processor.py:641} INFO - Processing file /home/patriciacorreia/Documents/airflowalura/venv/lib/python3.9/site-packages/airflow/example_dags/example_dag_decorator.py for tasks to queue
[2024-12-18 22:05:47,206] {logging_mixin.py:115} INFO - [2024-12-18 22:05:47,205] {dagbag.py:507} INFO - Filling up the DagBag from /home/patriciacorreia/Documents/airflowalura/venv/lib/python3.9/site-packages/airflow/example_dags/example_dag_decorator.py
[2024-12-18 22:05:47,239] {processor.py:651} INFO - DAG(s) dict_keys(['example_dag_decorator']) retrieved from /home/patriciacorreia/Documents/airflowalura/venv/lib/python3.9/site-packages/airflow/example_dags/example_dag_decorator.py
[2024-12-18 22:05:47,331] {logging_mixin.py:115} INFO - [2024-12-18 22:05:47,331] {manager.py:508} INFO - Created Permission View: can read on DAG:example_dag_decorator
[2024-12-18 22:05:47,343] {logging_mixin.py:115} INFO - [2024-12-18 22:05:47,343] {manager.py:508} INFO - Created Permission View: can delete on DAG:example_dag_decorator
[2024-12-18 22:05:47,353] {logging_mixin.py:115} INFO - [2024-12-18 22:05:47,352] {manager.py:508} INFO - Created Permission View: can edit on DAG:example_dag_decorator
[2024-12-18 22:05:47,353] {logging_mixin.py:115} INFO - [2024-12-18 22:05:47,353] {dag.py:2379} INFO - Sync 1 DAGs
[2024-12-18 22:05:47,362] {logging_mixin.py:115} INFO - [2024-12-18 22:05:47,362] {dag.py:2398} INFO - Creating ORM DAG for example_dag_decorator
[2024-12-18 22:05:47,373] {logging_mixin.py:115} INFO - [2024-12-18 22:05:47,373] {dag.py:2927} INFO - Setting next_dagrun for example_dag_decorator to None, run_after=None
[2024-12-18 22:05:47,396] {processor.py:161} INFO - Processing /home/patriciacorreia/Documents/airflowalura/venv/lib/python3.9/site-packages/airflow/example_dags/example_dag_decorator.py took 0.195 seconds
[2024-12-18 22:06:23,223] {processor.py:153} INFO - Started process (PID=13989) to work on /home/patriciacorreia/Documents/airflowalura/venv/lib/python3.9/site-packages/airflow/example_dags/example_dag_decorator.py
[2024-12-18 22:06:23,225] {processor.py:641} INFO - Processing file /home/patriciacorreia/Documents/airflowalura/venv/lib/python3.9/site-packages/airflow/example_dags/example_dag_decorator.py for tasks to queue
[2024-12-18 22:06:23,226] {logging_mixin.py:115} INFO - [2024-12-18 22:06:23,226] {dagbag.py:507} INFO - Filling up the DagBag from /home/patriciacorreia/Documents/airflowalura/venv/lib/python3.9/site-packages/airflow/example_dags/example_dag_decorator.py
[2024-12-18 22:06:23,286] {processor.py:651} INFO - DAG(s) dict_keys(['example_dag_decorator']) retrieved from /home/patriciacorreia/Documents/airflowalura/venv/lib/python3.9/site-packages/airflow/example_dags/example_dag_decorator.py
[2024-12-18 22:06:23,351] {logging_mixin.py:115} INFO - [2024-12-18 22:06:23,351] {dag.py:2379} INFO - Sync 1 DAGs
[2024-12-18 22:06:23,372] {logging_mixin.py:115} INFO - [2024-12-18 22:06:23,372] {dag.py:2927} INFO - Setting next_dagrun for example_dag_decorator to None, run_after=None
[2024-12-18 22:06:23,389] {processor.py:161} INFO - Processing /home/patriciacorreia/Documents/airflowalura/venv/lib/python3.9/site-packages/airflow/example_dags/example_dag_decorator.py took 0.172 seconds
[2024-12-18 22:07:00,772] {processor.py:153} INFO - Started process (PID=14136) to work on /home/patriciacorreia/Documents/airflowalura/venv/lib/python3.9/site-packages/airflow/example_dags/example_dag_decorator.py
[2024-12-18 22:07:00,774] {processor.py:641} INFO - Processing file /home/patriciacorreia/Documents/airflowalura/venv/lib/python3.9/site-packages/airflow/example_dags/example_dag_decorator.py for tasks to queue
[2024-12-18 22:07:00,775] {logging_mixin.py:115} INFO - [2024-12-18 22:07:00,775] {dagbag.py:507} INFO - Filling up the DagBag from /home/patriciacorreia/Documents/airflowalura/venv/lib/python3.9/site-packages/airflow/example_dags/example_dag_decorator.py
[2024-12-18 22:07:00,842] {processor.py:651} INFO - DAG(s) dict_keys(['example_dag_decorator']) retrieved from /home/patriciacorreia/Documents/airflowalura/venv/lib/python3.9/site-packages/airflow/example_dags/example_dag_decorator.py
[2024-12-18 22:07:00,898] {logging_mixin.py:115} INFO - [2024-12-18 22:07:00,898] {dag.py:2379} INFO - Sync 1 DAGs
[2024-12-18 22:07:00,992] {logging_mixin.py:115} INFO - [2024-12-18 22:07:00,991] {dag.py:2927} INFO - Setting next_dagrun for example_dag_decorator to None, run_after=None
[2024-12-18 22:07:01,032] {processor.py:161} INFO - Processing /home/patriciacorreia/Documents/airflowalura/venv/lib/python3.9/site-packages/airflow/example_dags/example_dag_decorator.py took 0.268 seconds
[2024-12-18 22:07:40,384] {processor.py:153} INFO - Started process (PID=14206) to work on /home/patriciacorreia/Documents/airflowalura/venv/lib/python3.9/site-packages/airflow/example_dags/example_dag_decorator.py
[2024-12-18 22:07:40,386] {processor.py:641} INFO - Processing file /home/patriciacorreia/Documents/airflowalura/venv/lib/python3.9/site-packages/airflow/example_dags/example_dag_decorator.py for tasks to queue
[2024-12-18 22:07:40,387] {logging_mixin.py:115} INFO - [2024-12-18 22:07:40,386] {dagbag.py:507} INFO - Filling up the DagBag from /home/patriciacorreia/Documents/airflowalura/venv/lib/python3.9/site-packages/airflow/example_dags/example_dag_decorator.py
[2024-12-18 22:07:40,427] {processor.py:651} INFO - DAG(s) dict_keys(['example_dag_decorator']) retrieved from /home/patriciacorreia/Documents/airflowalura/venv/lib/python3.9/site-packages/airflow/example_dags/example_dag_decorator.py
[2024-12-18 22:07:40,517] {logging_mixin.py:115} INFO - [2024-12-18 22:07:40,517] {dag.py:2379} INFO - Sync 1 DAGs
[2024-12-18 22:07:40,547] {logging_mixin.py:115} INFO - [2024-12-18 22:07:40,547] {dag.py:2927} INFO - Setting next_dagrun for example_dag_decorator to None, run_after=None
[2024-12-18 22:07:40,574] {processor.py:161} INFO - Processing /home/patriciacorreia/Documents/airflowalura/venv/lib/python3.9/site-packages/airflow/example_dags/example_dag_decorator.py took 0.195 seconds
[2024-12-18 22:08:21,635] {processor.py:153} INFO - Started process (PID=14321) to work on /home/patriciacorreia/Documents/airflowalura/venv/lib/python3.9/site-packages/airflow/example_dags/example_dag_decorator.py
[2024-12-18 22:08:21,637] {processor.py:641} INFO - Processing file /home/patriciacorreia/Documents/airflowalura/venv/lib/python3.9/site-packages/airflow/example_dags/example_dag_decorator.py for tasks to queue
[2024-12-18 22:08:21,638] {logging_mixin.py:115} INFO - [2024-12-18 22:08:21,638] {dagbag.py:507} INFO - Filling up the DagBag from /home/patriciacorreia/Documents/airflowalura/venv/lib/python3.9/site-packages/airflow/example_dags/example_dag_decorator.py
[2024-12-18 22:08:21,684] {processor.py:651} INFO - DAG(s) dict_keys(['example_dag_decorator']) retrieved from /home/patriciacorreia/Documents/airflowalura/venv/lib/python3.9/site-packages/airflow/example_dags/example_dag_decorator.py
[2024-12-18 22:08:21,767] {logging_mixin.py:115} INFO - [2024-12-18 22:08:21,767] {dag.py:2379} INFO - Sync 1 DAGs
[2024-12-18 22:08:21,796] {logging_mixin.py:115} INFO - [2024-12-18 22:08:21,796] {dag.py:2927} INFO - Setting next_dagrun for example_dag_decorator to None, run_after=None
[2024-12-18 22:08:21,822] {processor.py:161} INFO - Processing /home/patriciacorreia/Documents/airflowalura/venv/lib/python3.9/site-packages/airflow/example_dags/example_dag_decorator.py took 0.193 seconds
[2024-12-18 22:08:59,537] {processor.py:153} INFO - Started process (PID=14481) to work on /home/patriciacorreia/Documents/airflowalura/venv/lib/python3.9/site-packages/airflow/example_dags/example_dag_decorator.py
[2024-12-18 22:08:59,539] {processor.py:641} INFO - Processing file /home/patriciacorreia/Documents/airflowalura/venv/lib/python3.9/site-packages/airflow/example_dags/example_dag_decorator.py for tasks to queue
[2024-12-18 22:08:59,540] {logging_mixin.py:115} INFO - [2024-12-18 22:08:59,540] {dagbag.py:507} INFO - Filling up the DagBag from /home/patriciacorreia/Documents/airflowalura/venv/lib/python3.9/site-packages/airflow/example_dags/example_dag_decorator.py
[2024-12-18 22:08:59,619] {processor.py:651} INFO - DAG(s) dict_keys(['example_dag_decorator']) retrieved from /home/patriciacorreia/Documents/airflowalura/venv/lib/python3.9/site-packages/airflow/example_dags/example_dag_decorator.py
[2024-12-18 22:08:59,750] {logging_mixin.py:115} INFO - [2024-12-18 22:08:59,750] {dag.py:2379} INFO - Sync 1 DAGs
[2024-12-18 22:08:59,793] {logging_mixin.py:115} INFO - [2024-12-18 22:08:59,793] {dag.py:2927} INFO - Setting next_dagrun for example_dag_decorator to None, run_after=None
[2024-12-18 22:08:59,830] {processor.py:161} INFO - Processing /home/patriciacorreia/Documents/airflowalura/venv/lib/python3.9/site-packages/airflow/example_dags/example_dag_decorator.py took 0.303 seconds
[2024-12-18 22:09:39,412] {processor.py:153} INFO - Started process (PID=14643) to work on /home/patriciacorreia/Documents/airflowalura/venv/lib/python3.9/site-packages/airflow/example_dags/example_dag_decorator.py
[2024-12-18 22:09:39,414] {processor.py:641} INFO - Processing file /home/patriciacorreia/Documents/airflowalura/venv/lib/python3.9/site-packages/airflow/example_dags/example_dag_decorator.py for tasks to queue
[2024-12-18 22:09:39,414] {logging_mixin.py:115} INFO - [2024-12-18 22:09:39,414] {dagbag.py:507} INFO - Filling up the DagBag from /home/patriciacorreia/Documents/airflowalura/venv/lib/python3.9/site-packages/airflow/example_dags/example_dag_decorator.py
[2024-12-18 22:09:39,455] {processor.py:651} INFO - DAG(s) dict_keys(['example_dag_decorator']) retrieved from /home/patriciacorreia/Documents/airflowalura/venv/lib/python3.9/site-packages/airflow/example_dags/example_dag_decorator.py
[2024-12-18 22:09:39,561] {logging_mixin.py:115} INFO - [2024-12-18 22:09:39,561] {dag.py:2379} INFO - Sync 1 DAGs
[2024-12-18 22:09:39,591] {logging_mixin.py:115} INFO - [2024-12-18 22:09:39,591] {dag.py:2927} INFO - Setting next_dagrun for example_dag_decorator to None, run_after=None
[2024-12-18 22:09:39,608] {processor.py:161} INFO - Processing /home/patriciacorreia/Documents/airflowalura/venv/lib/python3.9/site-packages/airflow/example_dags/example_dag_decorator.py took 0.200 seconds
[2024-12-18 22:10:16,585] {processor.py:153} INFO - Started process (PID=14892) to work on /home/patriciacorreia/Documents/airflowalura/venv/lib/python3.9/site-packages/airflow/example_dags/example_dag_decorator.py
[2024-12-18 22:10:16,587] {processor.py:641} INFO - Processing file /home/patriciacorreia/Documents/airflowalura/venv/lib/python3.9/site-packages/airflow/example_dags/example_dag_decorator.py for tasks to queue
[2024-12-18 22:10:16,589] {logging_mixin.py:115} INFO - [2024-12-18 22:10:16,588] {dagbag.py:507} INFO - Filling up the DagBag from /home/patriciacorreia/Documents/airflowalura/venv/lib/python3.9/site-packages/airflow/example_dags/example_dag_decorator.py
[2024-12-18 22:10:16,643] {processor.py:651} INFO - DAG(s) dict_keys(['example_dag_decorator']) retrieved from /home/patriciacorreia/Documents/airflowalura/venv/lib/python3.9/site-packages/airflow/example_dags/example_dag_decorator.py
[2024-12-18 22:10:16,738] {logging_mixin.py:115} INFO - [2024-12-18 22:10:16,738] {dag.py:2379} INFO - Sync 1 DAGs
[2024-12-18 22:10:16,761] {logging_mixin.py:115} INFO - [2024-12-18 22:10:16,761] {dag.py:2927} INFO - Setting next_dagrun for example_dag_decorator to None, run_after=None
[2024-12-18 22:10:16,780] {processor.py:161} INFO - Processing /home/patriciacorreia/Documents/airflowalura/venv/lib/python3.9/site-packages/airflow/example_dags/example_dag_decorator.py took 0.202 seconds
[2024-12-18 22:10:57,950] {processor.py:153} INFO - Started process (PID=15375) to work on /home/patriciacorreia/Documents/airflowalura/venv/lib/python3.9/site-packages/airflow/example_dags/example_dag_decorator.py
[2024-12-18 22:10:57,954] {processor.py:641} INFO - Processing file /home/patriciacorreia/Documents/airflowalura/venv/lib/python3.9/site-packages/airflow/example_dags/example_dag_decorator.py for tasks to queue
[2024-12-18 22:10:57,956] {logging_mixin.py:115} INFO - [2024-12-18 22:10:57,955] {dagbag.py:507} INFO - Filling up the DagBag from /home/patriciacorreia/Documents/airflowalura/venv/lib/python3.9/site-packages/airflow/example_dags/example_dag_decorator.py
[2024-12-18 22:10:58,056] {processor.py:651} INFO - DAG(s) dict_keys(['example_dag_decorator']) retrieved from /home/patriciacorreia/Documents/airflowalura/venv/lib/python3.9/site-packages/airflow/example_dags/example_dag_decorator.py
[2024-12-18 22:10:58,160] {logging_mixin.py:115} INFO - [2024-12-18 22:10:58,160] {dag.py:2379} INFO - Sync 1 DAGs
[2024-12-18 22:10:58,241] {logging_mixin.py:115} INFO - [2024-12-18 22:10:58,241] {dag.py:2927} INFO - Setting next_dagrun for example_dag_decorator to None, run_after=None
[2024-12-18 22:10:58,301] {processor.py:161} INFO - Processing /home/patriciacorreia/Documents/airflowalura/venv/lib/python3.9/site-packages/airflow/example_dags/example_dag_decorator.py took 0.366 seconds
[2024-12-18 22:11:46,762] {processor.py:153} INFO - Started process (PID=15581) to work on /home/patriciacorreia/Documents/airflowalura/venv/lib/python3.9/site-packages/airflow/example_dags/example_dag_decorator.py
[2024-12-18 22:11:46,763] {processor.py:641} INFO - Processing file /home/patriciacorreia/Documents/airflowalura/venv/lib/python3.9/site-packages/airflow/example_dags/example_dag_decorator.py for tasks to queue
[2024-12-18 22:11:46,764] {logging_mixin.py:115} INFO - [2024-12-18 22:11:46,764] {dagbag.py:507} INFO - Filling up the DagBag from /home/patriciacorreia/Documents/airflowalura/venv/lib/python3.9/site-packages/airflow/example_dags/example_dag_decorator.py
[2024-12-18 22:11:46,815] {processor.py:651} INFO - DAG(s) dict_keys(['example_dag_decorator']) retrieved from /home/patriciacorreia/Documents/airflowalura/venv/lib/python3.9/site-packages/airflow/example_dags/example_dag_decorator.py
[2024-12-18 22:11:46,855] {logging_mixin.py:115} INFO - [2024-12-18 22:11:46,855] {dag.py:2379} INFO - Sync 1 DAGs
[2024-12-18 22:11:46,888] {logging_mixin.py:115} INFO - [2024-12-18 22:11:46,888] {dag.py:2927} INFO - Setting next_dagrun for example_dag_decorator to None, run_after=None
[2024-12-18 22:11:46,911] {processor.py:161} INFO - Processing /home/patriciacorreia/Documents/airflowalura/venv/lib/python3.9/site-packages/airflow/example_dags/example_dag_decorator.py took 0.155 seconds
[2024-12-18 22:12:27,941] {processor.py:153} INFO - Started process (PID=15766) to work on /home/patriciacorreia/Documents/airflowalura/venv/lib/python3.9/site-packages/airflow/example_dags/example_dag_decorator.py
[2024-12-18 22:12:27,944] {processor.py:641} INFO - Processing file /home/patriciacorreia/Documents/airflowalura/venv/lib/python3.9/site-packages/airflow/example_dags/example_dag_decorator.py for tasks to queue
[2024-12-18 22:12:27,946] {logging_mixin.py:115} INFO - [2024-12-18 22:12:27,946] {dagbag.py:507} INFO - Filling up the DagBag from /home/patriciacorreia/Documents/airflowalura/venv/lib/python3.9/site-packages/airflow/example_dags/example_dag_decorator.py
[2024-12-18 22:12:28,034] {processor.py:651} INFO - DAG(s) dict_keys(['example_dag_decorator']) retrieved from /home/patriciacorreia/Documents/airflowalura/venv/lib/python3.9/site-packages/airflow/example_dags/example_dag_decorator.py
[2024-12-18 22:12:28,092] {logging_mixin.py:115} INFO - [2024-12-18 22:12:28,092] {dag.py:2379} INFO - Sync 1 DAGs
[2024-12-18 22:12:28,115] {logging_mixin.py:115} INFO - [2024-12-18 22:12:28,114] {dag.py:2927} INFO - Setting next_dagrun for example_dag_decorator to None, run_after=None
[2024-12-18 22:12:28,131] {processor.py:161} INFO - Processing /home/patriciacorreia/Documents/airflowalura/venv/lib/python3.9/site-packages/airflow/example_dags/example_dag_decorator.py took 0.203 seconds
[2024-12-18 22:13:11,929] {processor.py:153} INFO - Started process (PID=15963) to work on /home/patriciacorreia/Documents/airflowalura/venv/lib/python3.9/site-packages/airflow/example_dags/example_dag_decorator.py
[2024-12-18 22:13:11,934] {processor.py:641} INFO - Processing file /home/patriciacorreia/Documents/airflowalura/venv/lib/python3.9/site-packages/airflow/example_dags/example_dag_decorator.py for tasks to queue
[2024-12-18 22:13:11,936] {logging_mixin.py:115} INFO - [2024-12-18 22:13:11,936] {dagbag.py:507} INFO - Filling up the DagBag from /home/patriciacorreia/Documents/airflowalura/venv/lib/python3.9/site-packages/airflow/example_dags/example_dag_decorator.py
[2024-12-18 22:13:12,036] {processor.py:651} INFO - DAG(s) dict_keys(['example_dag_decorator']) retrieved from /home/patriciacorreia/Documents/airflowalura/venv/lib/python3.9/site-packages/airflow/example_dags/example_dag_decorator.py
[2024-12-18 22:13:12,074] {logging_mixin.py:115} INFO - [2024-12-18 22:13:12,074] {dag.py:2379} INFO - Sync 1 DAGs
[2024-12-18 22:13:12,108] {logging_mixin.py:115} INFO - [2024-12-18 22:13:12,108] {dag.py:2927} INFO - Setting next_dagrun for example_dag_decorator to None, run_after=None
[2024-12-18 22:13:12,133] {processor.py:161} INFO - Processing /home/patriciacorreia/Documents/airflowalura/venv/lib/python3.9/site-packages/airflow/example_dags/example_dag_decorator.py took 0.223 seconds
[2024-12-18 22:13:56,699] {processor.py:153} INFO - Started process (PID=16184) to work on /home/patriciacorreia/Documents/airflowalura/venv/lib/python3.9/site-packages/airflow/example_dags/example_dag_decorator.py
[2024-12-18 22:13:56,703] {processor.py:641} INFO - Processing file /home/patriciacorreia/Documents/airflowalura/venv/lib/python3.9/site-packages/airflow/example_dags/example_dag_decorator.py for tasks to queue
[2024-12-18 22:13:56,706] {logging_mixin.py:115} INFO - [2024-12-18 22:13:56,706] {dagbag.py:507} INFO - Filling up the DagBag from /home/patriciacorreia/Documents/airflowalura/venv/lib/python3.9/site-packages/airflow/example_dags/example_dag_decorator.py
[2024-12-18 22:13:56,812] {processor.py:651} INFO - DAG(s) dict_keys(['example_dag_decorator']) retrieved from /home/patriciacorreia/Documents/airflowalura/venv/lib/python3.9/site-packages/airflow/example_dags/example_dag_decorator.py
[2024-12-18 22:13:56,845] {logging_mixin.py:115} INFO - [2024-12-18 22:13:56,845] {dag.py:2379} INFO - Sync 1 DAGs
[2024-12-18 22:13:56,872] {logging_mixin.py:115} INFO - [2024-12-18 22:13:56,872] {dag.py:2927} INFO - Setting next_dagrun for example_dag_decorator to None, run_after=None
[2024-12-18 22:13:56,892] {processor.py:161} INFO - Processing /home/patriciacorreia/Documents/airflowalura/venv/lib/python3.9/site-packages/airflow/example_dags/example_dag_decorator.py took 0.207 seconds
[2024-12-18 22:14:40,809] {processor.py:153} INFO - Started process (PID=16395) to work on /home/patriciacorreia/Documents/airflowalura/venv/lib/python3.9/site-packages/airflow/example_dags/example_dag_decorator.py
[2024-12-18 22:14:40,813] {processor.py:641} INFO - Processing file /home/patriciacorreia/Documents/airflowalura/venv/lib/python3.9/site-packages/airflow/example_dags/example_dag_decorator.py for tasks to queue
[2024-12-18 22:14:40,816] {logging_mixin.py:115} INFO - [2024-12-18 22:14:40,815] {dagbag.py:507} INFO - Filling up the DagBag from /home/patriciacorreia/Documents/airflowalura/venv/lib/python3.9/site-packages/airflow/example_dags/example_dag_decorator.py
[2024-12-18 22:14:40,876] {processor.py:651} INFO - DAG(s) dict_keys(['example_dag_decorator']) retrieved from /home/patriciacorreia/Documents/airflowalura/venv/lib/python3.9/site-packages/airflow/example_dags/example_dag_decorator.py
[2024-12-18 22:14:40,919] {logging_mixin.py:115} INFO - [2024-12-18 22:14:40,919] {dag.py:2379} INFO - Sync 1 DAGs
[2024-12-18 22:14:40,951] {logging_mixin.py:115} INFO - [2024-12-18 22:14:40,951] {dag.py:2927} INFO - Setting next_dagrun for example_dag_decorator to None, run_after=None
[2024-12-18 22:14:40,974] {processor.py:161} INFO - Processing /home/patriciacorreia/Documents/airflowalura/venv/lib/python3.9/site-packages/airflow/example_dags/example_dag_decorator.py took 0.183 seconds
[2024-12-18 22:15:21,969] {processor.py:153} INFO - Started process (PID=16591) to work on /home/patriciacorreia/Documents/airflowalura/venv/lib/python3.9/site-packages/airflow/example_dags/example_dag_decorator.py
[2024-12-18 22:15:21,970] {processor.py:641} INFO - Processing file /home/patriciacorreia/Documents/airflowalura/venv/lib/python3.9/site-packages/airflow/example_dags/example_dag_decorator.py for tasks to queue
[2024-12-18 22:15:21,972] {logging_mixin.py:115} INFO - [2024-12-18 22:15:21,972] {dagbag.py:507} INFO - Filling up the DagBag from /home/patriciacorreia/Documents/airflowalura/venv/lib/python3.9/site-packages/airflow/example_dags/example_dag_decorator.py
[2024-12-18 22:15:22,015] {processor.py:651} INFO - DAG(s) dict_keys(['example_dag_decorator']) retrieved from /home/patriciacorreia/Documents/airflowalura/venv/lib/python3.9/site-packages/airflow/example_dags/example_dag_decorator.py
[2024-12-18 22:15:22,077] {logging_mixin.py:115} INFO - [2024-12-18 22:15:22,077] {dag.py:2379} INFO - Sync 1 DAGs
[2024-12-18 22:15:22,098] {logging_mixin.py:115} INFO - [2024-12-18 22:15:22,098] {dag.py:2927} INFO - Setting next_dagrun for example_dag_decorator to None, run_after=None
[2024-12-18 22:15:22,116] {processor.py:161} INFO - Processing /home/patriciacorreia/Documents/airflowalura/venv/lib/python3.9/site-packages/airflow/example_dags/example_dag_decorator.py took 0.151 seconds
[2024-12-18 22:16:03,405] {processor.py:153} INFO - Started process (PID=16803) to work on /home/patriciacorreia/Documents/airflowalura/venv/lib/python3.9/site-packages/airflow/example_dags/example_dag_decorator.py
[2024-12-18 22:16:03,412] {processor.py:641} INFO - Processing file /home/patriciacorreia/Documents/airflowalura/venv/lib/python3.9/site-packages/airflow/example_dags/example_dag_decorator.py for tasks to queue
[2024-12-18 22:16:03,415] {logging_mixin.py:115} INFO - [2024-12-18 22:16:03,415] {dagbag.py:507} INFO - Filling up the DagBag from /home/patriciacorreia/Documents/airflowalura/venv/lib/python3.9/site-packages/airflow/example_dags/example_dag_decorator.py
[2024-12-18 22:16:03,492] {processor.py:651} INFO - DAG(s) dict_keys(['example_dag_decorator']) retrieved from /home/patriciacorreia/Documents/airflowalura/venv/lib/python3.9/site-packages/airflow/example_dags/example_dag_decorator.py
[2024-12-18 22:16:03,524] {logging_mixin.py:115} INFO - [2024-12-18 22:16:03,523] {dag.py:2379} INFO - Sync 1 DAGs
[2024-12-18 22:16:03,554] {logging_mixin.py:115} INFO - [2024-12-18 22:16:03,554] {dag.py:2927} INFO - Setting next_dagrun for example_dag_decorator to None, run_after=None
[2024-12-18 22:16:03,575] {processor.py:161} INFO - Processing /home/patriciacorreia/Documents/airflowalura/venv/lib/python3.9/site-packages/airflow/example_dags/example_dag_decorator.py took 0.189 seconds
[2024-12-18 22:16:56,124] {processor.py:153} INFO - Started process (PID=17118) to work on /home/patriciacorreia/Documents/airflowalura/venv/lib/python3.9/site-packages/airflow/example_dags/example_dag_decorator.py
[2024-12-18 22:16:56,129] {processor.py:641} INFO - Processing file /home/patriciacorreia/Documents/airflowalura/venv/lib/python3.9/site-packages/airflow/example_dags/example_dag_decorator.py for tasks to queue
[2024-12-18 22:16:56,131] {logging_mixin.py:115} INFO - [2024-12-18 22:16:56,131] {dagbag.py:507} INFO - Filling up the DagBag from /home/patriciacorreia/Documents/airflowalura/venv/lib/python3.9/site-packages/airflow/example_dags/example_dag_decorator.py
[2024-12-18 22:16:56,250] {processor.py:651} INFO - DAG(s) dict_keys(['example_dag_decorator']) retrieved from /home/patriciacorreia/Documents/airflowalura/venv/lib/python3.9/site-packages/airflow/example_dags/example_dag_decorator.py
[2024-12-18 22:16:56,333] {logging_mixin.py:115} INFO - [2024-12-18 22:16:56,332] {dag.py:2379} INFO - Sync 1 DAGs
[2024-12-18 22:16:56,411] {logging_mixin.py:115} INFO - [2024-12-18 22:16:56,411] {dag.py:2927} INFO - Setting next_dagrun for example_dag_decorator to None, run_after=None
[2024-12-18 22:16:56,433] {processor.py:161} INFO - Processing /home/patriciacorreia/Documents/airflowalura/venv/lib/python3.9/site-packages/airflow/example_dags/example_dag_decorator.py took 0.325 seconds
[2024-12-18 22:17:37,570] {processor.py:153} INFO - Started process (PID=17335) to work on /home/patriciacorreia/Documents/airflowalura/venv/lib/python3.9/site-packages/airflow/example_dags/example_dag_decorator.py
[2024-12-18 22:17:37,573] {processor.py:641} INFO - Processing file /home/patriciacorreia/Documents/airflowalura/venv/lib/python3.9/site-packages/airflow/example_dags/example_dag_decorator.py for tasks to queue
[2024-12-18 22:17:37,575] {logging_mixin.py:115} INFO - [2024-12-18 22:17:37,575] {dagbag.py:507} INFO - Filling up the DagBag from /home/patriciacorreia/Documents/airflowalura/venv/lib/python3.9/site-packages/airflow/example_dags/example_dag_decorator.py
[2024-12-18 22:17:37,680] {processor.py:651} INFO - DAG(s) dict_keys(['example_dag_decorator']) retrieved from /home/patriciacorreia/Documents/airflowalura/venv/lib/python3.9/site-packages/airflow/example_dags/example_dag_decorator.py
[2024-12-18 22:17:37,788] {logging_mixin.py:115} INFO - [2024-12-18 22:17:37,787] {dag.py:2379} INFO - Sync 1 DAGs
[2024-12-18 22:17:37,880] {logging_mixin.py:115} INFO - [2024-12-18 22:17:37,879] {dag.py:2927} INFO - Setting next_dagrun for example_dag_decorator to None, run_after=None
[2024-12-18 22:17:37,911] {processor.py:161} INFO - Processing /home/patriciacorreia/Documents/airflowalura/venv/lib/python3.9/site-packages/airflow/example_dags/example_dag_decorator.py took 0.355 seconds
[2024-12-18 22:18:24,881] {processor.py:153} INFO - Started process (PID=17547) to work on /home/patriciacorreia/Documents/airflowalura/venv/lib/python3.9/site-packages/airflow/example_dags/example_dag_decorator.py
[2024-12-18 22:18:24,885] {processor.py:641} INFO - Processing file /home/patriciacorreia/Documents/airflowalura/venv/lib/python3.9/site-packages/airflow/example_dags/example_dag_decorator.py for tasks to queue
[2024-12-18 22:18:24,887] {logging_mixin.py:115} INFO - [2024-12-18 22:18:24,887] {dagbag.py:507} INFO - Filling up the DagBag from /home/patriciacorreia/Documents/airflowalura/venv/lib/python3.9/site-packages/airflow/example_dags/example_dag_decorator.py
[2024-12-18 22:18:24,975] {processor.py:651} INFO - DAG(s) dict_keys(['example_dag_decorator']) retrieved from /home/patriciacorreia/Documents/airflowalura/venv/lib/python3.9/site-packages/airflow/example_dags/example_dag_decorator.py
[2024-12-18 22:18:25,047] {logging_mixin.py:115} INFO - [2024-12-18 22:18:25,046] {dag.py:2379} INFO - Sync 1 DAGs
[2024-12-18 22:18:25,111] {logging_mixin.py:115} INFO - [2024-12-18 22:18:25,111] {dag.py:2927} INFO - Setting next_dagrun for example_dag_decorator to None, run_after=None
[2024-12-18 22:18:25,157] {processor.py:161} INFO - Processing /home/patriciacorreia/Documents/airflowalura/venv/lib/python3.9/site-packages/airflow/example_dags/example_dag_decorator.py took 0.289 seconds
[2024-12-18 22:19:58,095] {processor.py:153} INFO - Started process (PID=17966) to work on /home/patriciacorreia/Documents/airflowalura/venv/lib/python3.9/site-packages/airflow/example_dags/example_dag_decorator.py
[2024-12-18 22:19:58,097] {processor.py:641} INFO - Processing file /home/patriciacorreia/Documents/airflowalura/venv/lib/python3.9/site-packages/airflow/example_dags/example_dag_decorator.py for tasks to queue
[2024-12-18 22:19:58,098] {logging_mixin.py:115} INFO - [2024-12-18 22:19:58,098] {dagbag.py:507} INFO - Filling up the DagBag from /home/patriciacorreia/Documents/airflowalura/venv/lib/python3.9/site-packages/airflow/example_dags/example_dag_decorator.py
[2024-12-18 22:19:58,140] {processor.py:651} INFO - DAG(s) dict_keys(['example_dag_decorator']) retrieved from /home/patriciacorreia/Documents/airflowalura/venv/lib/python3.9/site-packages/airflow/example_dags/example_dag_decorator.py
[2024-12-18 22:19:58,213] {logging_mixin.py:115} INFO - [2024-12-18 22:19:58,213] {dag.py:2379} INFO - Sync 1 DAGs
[2024-12-18 22:19:58,232] {logging_mixin.py:115} INFO - [2024-12-18 22:19:58,232] {dag.py:2927} INFO - Setting next_dagrun for example_dag_decorator to None, run_after=None
[2024-12-18 22:19:58,255] {processor.py:161} INFO - Processing /home/patriciacorreia/Documents/airflowalura/venv/lib/python3.9/site-packages/airflow/example_dags/example_dag_decorator.py took 0.166 seconds
[2024-12-18 22:20:38,470] {processor.py:153} INFO - Started process (PID=18163) to work on /home/patriciacorreia/Documents/airflowalura/venv/lib/python3.9/site-packages/airflow/example_dags/example_dag_decorator.py
[2024-12-18 22:20:38,472] {processor.py:641} INFO - Processing file /home/patriciacorreia/Documents/airflowalura/venv/lib/python3.9/site-packages/airflow/example_dags/example_dag_decorator.py for tasks to queue
[2024-12-18 22:20:38,473] {logging_mixin.py:115} INFO - [2024-12-18 22:20:38,472] {dagbag.py:507} INFO - Filling up the DagBag from /home/patriciacorreia/Documents/airflowalura/venv/lib/python3.9/site-packages/airflow/example_dags/example_dag_decorator.py
[2024-12-18 22:20:38,510] {processor.py:651} INFO - DAG(s) dict_keys(['example_dag_decorator']) retrieved from /home/patriciacorreia/Documents/airflowalura/venv/lib/python3.9/site-packages/airflow/example_dags/example_dag_decorator.py
[2024-12-18 22:20:38,582] {logging_mixin.py:115} INFO - [2024-12-18 22:20:38,581] {dag.py:2379} INFO - Sync 1 DAGs
[2024-12-18 22:20:38,605] {logging_mixin.py:115} INFO - [2024-12-18 22:20:38,605] {dag.py:2927} INFO - Setting next_dagrun for example_dag_decorator to None, run_after=None
[2024-12-18 22:20:38,626] {processor.py:161} INFO - Processing /home/patriciacorreia/Documents/airflowalura/venv/lib/python3.9/site-packages/airflow/example_dags/example_dag_decorator.py took 0.161 seconds
[2024-12-18 22:21:24,231] {processor.py:153} INFO - Started process (PID=18381) to work on /home/patriciacorreia/Documents/airflowalura/venv/lib/python3.9/site-packages/airflow/example_dags/example_dag_decorator.py
[2024-12-18 22:21:24,235] {processor.py:641} INFO - Processing file /home/patriciacorreia/Documents/airflowalura/venv/lib/python3.9/site-packages/airflow/example_dags/example_dag_decorator.py for tasks to queue
[2024-12-18 22:21:24,236] {logging_mixin.py:115} INFO - [2024-12-18 22:21:24,236] {dagbag.py:507} INFO - Filling up the DagBag from /home/patriciacorreia/Documents/airflowalura/venv/lib/python3.9/site-packages/airflow/example_dags/example_dag_decorator.py
[2024-12-18 22:21:24,299] {processor.py:651} INFO - DAG(s) dict_keys(['example_dag_decorator']) retrieved from /home/patriciacorreia/Documents/airflowalura/venv/lib/python3.9/site-packages/airflow/example_dags/example_dag_decorator.py
[2024-12-18 22:21:24,408] {logging_mixin.py:115} INFO - [2024-12-18 22:21:24,408] {dag.py:2379} INFO - Sync 1 DAGs
[2024-12-18 22:21:24,440] {logging_mixin.py:115} INFO - [2024-12-18 22:21:24,440] {dag.py:2927} INFO - Setting next_dagrun for example_dag_decorator to None, run_after=None
[2024-12-18 22:21:24,467] {processor.py:161} INFO - Processing /home/patriciacorreia/Documents/airflowalura/venv/lib/python3.9/site-packages/airflow/example_dags/example_dag_decorator.py took 0.243 seconds
[2024-12-18 22:22:11,277] {processor.py:153} INFO - Started process (PID=18601) to work on /home/patriciacorreia/Documents/airflowalura/venv/lib/python3.9/site-packages/airflow/example_dags/example_dag_decorator.py
[2024-12-18 22:22:11,282] {processor.py:641} INFO - Processing file /home/patriciacorreia/Documents/airflowalura/venv/lib/python3.9/site-packages/airflow/example_dags/example_dag_decorator.py for tasks to queue
[2024-12-18 22:22:11,287] {logging_mixin.py:115} INFO - [2024-12-18 22:22:11,286] {dagbag.py:507} INFO - Filling up the DagBag from /home/patriciacorreia/Documents/airflowalura/venv/lib/python3.9/site-packages/airflow/example_dags/example_dag_decorator.py
[2024-12-18 22:22:11,425] {processor.py:651} INFO - DAG(s) dict_keys(['example_dag_decorator']) retrieved from /home/patriciacorreia/Documents/airflowalura/venv/lib/python3.9/site-packages/airflow/example_dags/example_dag_decorator.py
[2024-12-18 22:22:11,520] {logging_mixin.py:115} INFO - [2024-12-18 22:22:11,520] {dag.py:2379} INFO - Sync 1 DAGs
[2024-12-18 22:22:11,620] {logging_mixin.py:115} INFO - [2024-12-18 22:22:11,619] {dag.py:2927} INFO - Setting next_dagrun for example_dag_decorator to None, run_after=None
[2024-12-18 22:22:11,711] {processor.py:161} INFO - Processing /home/patriciacorreia/Documents/airflowalura/venv/lib/python3.9/site-packages/airflow/example_dags/example_dag_decorator.py took 0.454 seconds
[2024-12-18 22:22:55,080] {processor.py:153} INFO - Started process (PID=18805) to work on /home/patriciacorreia/Documents/airflowalura/venv/lib/python3.9/site-packages/airflow/example_dags/example_dag_decorator.py
[2024-12-18 22:22:55,086] {processor.py:641} INFO - Processing file /home/patriciacorreia/Documents/airflowalura/venv/lib/python3.9/site-packages/airflow/example_dags/example_dag_decorator.py for tasks to queue
[2024-12-18 22:22:55,090] {logging_mixin.py:115} INFO - [2024-12-18 22:22:55,089] {dagbag.py:507} INFO - Filling up the DagBag from /home/patriciacorreia/Documents/airflowalura/venv/lib/python3.9/site-packages/airflow/example_dags/example_dag_decorator.py
[2024-12-18 22:22:55,183] {processor.py:651} INFO - DAG(s) dict_keys(['example_dag_decorator']) retrieved from /home/patriciacorreia/Documents/airflowalura/venv/lib/python3.9/site-packages/airflow/example_dags/example_dag_decorator.py
[2024-12-18 22:22:55,254] {logging_mixin.py:115} INFO - [2024-12-18 22:22:55,254] {dag.py:2379} INFO - Sync 1 DAGs
[2024-12-18 22:22:55,277] {logging_mixin.py:115} INFO - [2024-12-18 22:22:55,277] {dag.py:2927} INFO - Setting next_dagrun for example_dag_decorator to None, run_after=None
[2024-12-18 22:22:55,304] {processor.py:161} INFO - Processing /home/patriciacorreia/Documents/airflowalura/venv/lib/python3.9/site-packages/airflow/example_dags/example_dag_decorator.py took 0.243 seconds
[2024-12-18 22:23:37,660] {processor.py:153} INFO - Started process (PID=19001) to work on /home/patriciacorreia/Documents/airflowalura/venv/lib/python3.9/site-packages/airflow/example_dags/example_dag_decorator.py
[2024-12-18 22:23:37,662] {processor.py:641} INFO - Processing file /home/patriciacorreia/Documents/airflowalura/venv/lib/python3.9/site-packages/airflow/example_dags/example_dag_decorator.py for tasks to queue
[2024-12-18 22:23:37,663] {logging_mixin.py:115} INFO - [2024-12-18 22:23:37,663] {dagbag.py:507} INFO - Filling up the DagBag from /home/patriciacorreia/Documents/airflowalura/venv/lib/python3.9/site-packages/airflow/example_dags/example_dag_decorator.py
[2024-12-18 22:23:37,710] {processor.py:651} INFO - DAG(s) dict_keys(['example_dag_decorator']) retrieved from /home/patriciacorreia/Documents/airflowalura/venv/lib/python3.9/site-packages/airflow/example_dags/example_dag_decorator.py
[2024-12-18 22:23:37,787] {logging_mixin.py:115} INFO - [2024-12-18 22:23:37,787] {dag.py:2379} INFO - Sync 1 DAGs
[2024-12-18 22:23:37,811] {logging_mixin.py:115} INFO - [2024-12-18 22:23:37,811] {dag.py:2927} INFO - Setting next_dagrun for example_dag_decorator to None, run_after=None
[2024-12-18 22:23:37,831] {processor.py:161} INFO - Processing /home/patriciacorreia/Documents/airflowalura/venv/lib/python3.9/site-packages/airflow/example_dags/example_dag_decorator.py took 0.177 seconds
[2024-12-18 22:24:25,057] {processor.py:153} INFO - Started process (PID=19220) to work on /home/patriciacorreia/Documents/airflowalura/venv/lib/python3.9/site-packages/airflow/example_dags/example_dag_decorator.py
[2024-12-18 22:24:25,062] {processor.py:641} INFO - Processing file /home/patriciacorreia/Documents/airflowalura/venv/lib/python3.9/site-packages/airflow/example_dags/example_dag_decorator.py for tasks to queue
[2024-12-18 22:24:25,064] {logging_mixin.py:115} INFO - [2024-12-18 22:24:25,064] {dagbag.py:507} INFO - Filling up the DagBag from /home/patriciacorreia/Documents/airflowalura/venv/lib/python3.9/site-packages/airflow/example_dags/example_dag_decorator.py
[2024-12-18 22:24:25,216] {processor.py:651} INFO - DAG(s) dict_keys(['example_dag_decorator']) retrieved from /home/patriciacorreia/Documents/airflowalura/venv/lib/python3.9/site-packages/airflow/example_dags/example_dag_decorator.py
[2024-12-18 22:24:25,466] {logging_mixin.py:115} INFO - [2024-12-18 22:24:25,466] {dag.py:2379} INFO - Sync 1 DAGs
[2024-12-18 22:24:25,548] {logging_mixin.py:115} INFO - [2024-12-18 22:24:25,548] {dag.py:2927} INFO - Setting next_dagrun for example_dag_decorator to None, run_after=None
[2024-12-18 22:24:25,627] {processor.py:161} INFO - Processing /home/patriciacorreia/Documents/airflowalura/venv/lib/python3.9/site-packages/airflow/example_dags/example_dag_decorator.py took 0.589 seconds
[2024-12-18 22:25:11,449] {processor.py:153} INFO - Started process (PID=19470) to work on /home/patriciacorreia/Documents/airflowalura/venv/lib/python3.9/site-packages/airflow/example_dags/example_dag_decorator.py
[2024-12-18 22:25:11,452] {processor.py:641} INFO - Processing file /home/patriciacorreia/Documents/airflowalura/venv/lib/python3.9/site-packages/airflow/example_dags/example_dag_decorator.py for tasks to queue
[2024-12-18 22:25:11,454] {logging_mixin.py:115} INFO - [2024-12-18 22:25:11,453] {dagbag.py:507} INFO - Filling up the DagBag from /home/patriciacorreia/Documents/airflowalura/venv/lib/python3.9/site-packages/airflow/example_dags/example_dag_decorator.py
[2024-12-18 22:25:11,543] {processor.py:651} INFO - DAG(s) dict_keys(['example_dag_decorator']) retrieved from /home/patriciacorreia/Documents/airflowalura/venv/lib/python3.9/site-packages/airflow/example_dags/example_dag_decorator.py
[2024-12-18 22:25:11,621] {logging_mixin.py:115} INFO - [2024-12-18 22:25:11,620] {dag.py:2379} INFO - Sync 1 DAGs
[2024-12-18 22:25:11,644] {logging_mixin.py:115} INFO - [2024-12-18 22:25:11,644] {dag.py:2927} INFO - Setting next_dagrun for example_dag_decorator to None, run_after=None
[2024-12-18 22:25:11,668] {processor.py:161} INFO - Processing /home/patriciacorreia/Documents/airflowalura/venv/lib/python3.9/site-packages/airflow/example_dags/example_dag_decorator.py took 0.233 seconds
[2024-12-18 22:26:03,489] {processor.py:153} INFO - Started process (PID=19704) to work on /home/patriciacorreia/Documents/airflowalura/venv/lib/python3.9/site-packages/airflow/example_dags/example_dag_decorator.py
[2024-12-18 22:26:03,491] {processor.py:641} INFO - Processing file /home/patriciacorreia/Documents/airflowalura/venv/lib/python3.9/site-packages/airflow/example_dags/example_dag_decorator.py for tasks to queue
[2024-12-18 22:26:03,492] {logging_mixin.py:115} INFO - [2024-12-18 22:26:03,492] {dagbag.py:507} INFO - Filling up the DagBag from /home/patriciacorreia/Documents/airflowalura/venv/lib/python3.9/site-packages/airflow/example_dags/example_dag_decorator.py
[2024-12-18 22:26:03,631] {processor.py:651} INFO - DAG(s) dict_keys(['example_dag_decorator']) retrieved from /home/patriciacorreia/Documents/airflowalura/venv/lib/python3.9/site-packages/airflow/example_dags/example_dag_decorator.py
[2024-12-18 22:26:03,716] {logging_mixin.py:115} INFO - [2024-12-18 22:26:03,716] {dag.py:2379} INFO - Sync 1 DAGs
[2024-12-18 22:26:03,737] {logging_mixin.py:115} INFO - [2024-12-18 22:26:03,737] {dag.py:2927} INFO - Setting next_dagrun for example_dag_decorator to None, run_after=None
[2024-12-18 22:26:03,764] {processor.py:161} INFO - Processing /home/patriciacorreia/Documents/airflowalura/venv/lib/python3.9/site-packages/airflow/example_dags/example_dag_decorator.py took 0.281 seconds
[2024-12-18 22:26:48,977] {processor.py:153} INFO - Started process (PID=19903) to work on /home/patriciacorreia/Documents/airflowalura/venv/lib/python3.9/site-packages/airflow/example_dags/example_dag_decorator.py
[2024-12-18 22:26:48,982] {processor.py:641} INFO - Processing file /home/patriciacorreia/Documents/airflowalura/venv/lib/python3.9/site-packages/airflow/example_dags/example_dag_decorator.py for tasks to queue
[2024-12-18 22:26:48,988] {logging_mixin.py:115} INFO - [2024-12-18 22:26:48,987] {dagbag.py:507} INFO - Filling up the DagBag from /home/patriciacorreia/Documents/airflowalura/venv/lib/python3.9/site-packages/airflow/example_dags/example_dag_decorator.py
[2024-12-18 22:26:49,126] {processor.py:651} INFO - DAG(s) dict_keys(['example_dag_decorator']) retrieved from /home/patriciacorreia/Documents/airflowalura/venv/lib/python3.9/site-packages/airflow/example_dags/example_dag_decorator.py
[2024-12-18 22:26:49,220] {logging_mixin.py:115} INFO - [2024-12-18 22:26:49,219] {dag.py:2379} INFO - Sync 1 DAGs
[2024-12-18 22:26:49,324] {logging_mixin.py:115} INFO - [2024-12-18 22:26:49,324] {dag.py:2927} INFO - Setting next_dagrun for example_dag_decorator to None, run_after=None
[2024-12-18 22:26:49,379] {processor.py:161} INFO - Processing /home/patriciacorreia/Documents/airflowalura/venv/lib/python3.9/site-packages/airflow/example_dags/example_dag_decorator.py took 0.419 seconds
[2024-12-18 22:27:32,596] {processor.py:153} INFO - Started process (PID=20105) to work on /home/patriciacorreia/Documents/airflowalura/venv/lib/python3.9/site-packages/airflow/example_dags/example_dag_decorator.py
[2024-12-18 22:27:32,598] {processor.py:641} INFO - Processing file /home/patriciacorreia/Documents/airflowalura/venv/lib/python3.9/site-packages/airflow/example_dags/example_dag_decorator.py for tasks to queue
[2024-12-18 22:27:32,599] {logging_mixin.py:115} INFO - [2024-12-18 22:27:32,599] {dagbag.py:507} INFO - Filling up the DagBag from /home/patriciacorreia/Documents/airflowalura/venv/lib/python3.9/site-packages/airflow/example_dags/example_dag_decorator.py
[2024-12-18 22:27:32,655] {processor.py:651} INFO - DAG(s) dict_keys(['example_dag_decorator']) retrieved from /home/patriciacorreia/Documents/airflowalura/venv/lib/python3.9/site-packages/airflow/example_dags/example_dag_decorator.py
[2024-12-18 22:27:32,767] {logging_mixin.py:115} INFO - [2024-12-18 22:27:32,766] {dag.py:2379} INFO - Sync 1 DAGs
[2024-12-18 22:27:32,804] {logging_mixin.py:115} INFO - [2024-12-18 22:27:32,803] {dag.py:2927} INFO - Setting next_dagrun for example_dag_decorator to None, run_after=None
[2024-12-18 22:27:32,833] {processor.py:161} INFO - Processing /home/patriciacorreia/Documents/airflowalura/venv/lib/python3.9/site-packages/airflow/example_dags/example_dag_decorator.py took 0.244 seconds
[2024-12-18 22:28:10,719] {processor.py:153} INFO - Started process (PID=20300) to work on /home/patriciacorreia/Documents/airflowalura/venv/lib/python3.9/site-packages/airflow/example_dags/example_dag_decorator.py
[2024-12-18 22:28:10,722] {processor.py:641} INFO - Processing file /home/patriciacorreia/Documents/airflowalura/venv/lib/python3.9/site-packages/airflow/example_dags/example_dag_decorator.py for tasks to queue
[2024-12-18 22:28:10,725] {logging_mixin.py:115} INFO - [2024-12-18 22:28:10,724] {dagbag.py:507} INFO - Filling up the DagBag from /home/patriciacorreia/Documents/airflowalura/venv/lib/python3.9/site-packages/airflow/example_dags/example_dag_decorator.py
[2024-12-18 22:28:10,805] {processor.py:651} INFO - DAG(s) dict_keys(['example_dag_decorator']) retrieved from /home/patriciacorreia/Documents/airflowalura/venv/lib/python3.9/site-packages/airflow/example_dags/example_dag_decorator.py
[2024-12-18 22:28:10,857] {logging_mixin.py:115} INFO - [2024-12-18 22:28:10,857] {dag.py:2379} INFO - Sync 1 DAGs
[2024-12-18 22:28:10,901] {logging_mixin.py:115} INFO - [2024-12-18 22:28:10,900] {dag.py:2927} INFO - Setting next_dagrun for example_dag_decorator to None, run_after=None
[2024-12-18 22:28:10,933] {processor.py:161} INFO - Processing /home/patriciacorreia/Documents/airflowalura/venv/lib/python3.9/site-packages/airflow/example_dags/example_dag_decorator.py took 0.226 seconds
[2024-12-18 22:28:57,165] {processor.py:153} INFO - Started process (PID=20525) to work on /home/patriciacorreia/Documents/airflowalura/venv/lib/python3.9/site-packages/airflow/example_dags/example_dag_decorator.py
[2024-12-18 22:28:57,166] {processor.py:641} INFO - Processing file /home/patriciacorreia/Documents/airflowalura/venv/lib/python3.9/site-packages/airflow/example_dags/example_dag_decorator.py for tasks to queue
[2024-12-18 22:28:57,167] {logging_mixin.py:115} INFO - [2024-12-18 22:28:57,167] {dagbag.py:507} INFO - Filling up the DagBag from /home/patriciacorreia/Documents/airflowalura/venv/lib/python3.9/site-packages/airflow/example_dags/example_dag_decorator.py
[2024-12-18 22:28:57,224] {processor.py:651} INFO - DAG(s) dict_keys(['example_dag_decorator']) retrieved from /home/patriciacorreia/Documents/airflowalura/venv/lib/python3.9/site-packages/airflow/example_dags/example_dag_decorator.py
[2024-12-18 22:28:57,263] {logging_mixin.py:115} INFO - [2024-12-18 22:28:57,263] {dag.py:2379} INFO - Sync 1 DAGs
[2024-12-18 22:28:57,300] {logging_mixin.py:115} INFO - [2024-12-18 22:28:57,299] {dag.py:2927} INFO - Setting next_dagrun for example_dag_decorator to None, run_after=None
[2024-12-18 22:28:57,328] {processor.py:161} INFO - Processing /home/patriciacorreia/Documents/airflowalura/venv/lib/python3.9/site-packages/airflow/example_dags/example_dag_decorator.py took 0.171 seconds
[2024-12-18 22:29:35,174] {processor.py:153} INFO - Started process (PID=20721) to work on /home/patriciacorreia/Documents/airflowalura/venv/lib/python3.9/site-packages/airflow/example_dags/example_dag_decorator.py
[2024-12-18 22:29:35,177] {processor.py:641} INFO - Processing file /home/patriciacorreia/Documents/airflowalura/venv/lib/python3.9/site-packages/airflow/example_dags/example_dag_decorator.py for tasks to queue
[2024-12-18 22:29:35,179] {logging_mixin.py:115} INFO - [2024-12-18 22:29:35,179] {dagbag.py:507} INFO - Filling up the DagBag from /home/patriciacorreia/Documents/airflowalura/venv/lib/python3.9/site-packages/airflow/example_dags/example_dag_decorator.py
[2024-12-18 22:29:35,253] {processor.py:651} INFO - DAG(s) dict_keys(['example_dag_decorator']) retrieved from /home/patriciacorreia/Documents/airflowalura/venv/lib/python3.9/site-packages/airflow/example_dags/example_dag_decorator.py
[2024-12-18 22:29:35,324] {logging_mixin.py:115} INFO - [2024-12-18 22:29:35,324] {dag.py:2379} INFO - Sync 1 DAGs
[2024-12-18 22:29:35,341] {logging_mixin.py:115} INFO - [2024-12-18 22:29:35,341] {dag.py:2927} INFO - Setting next_dagrun for example_dag_decorator to None, run_after=None
[2024-12-18 22:29:35,358] {processor.py:161} INFO - Processing /home/patriciacorreia/Documents/airflowalura/venv/lib/python3.9/site-packages/airflow/example_dags/example_dag_decorator.py took 0.196 seconds
[2024-12-18 22:30:19,483] {processor.py:153} INFO - Started process (PID=20944) to work on /home/patriciacorreia/Documents/airflowalura/venv/lib/python3.9/site-packages/airflow/example_dags/example_dag_decorator.py
[2024-12-18 22:30:19,486] {processor.py:641} INFO - Processing file /home/patriciacorreia/Documents/airflowalura/venv/lib/python3.9/site-packages/airflow/example_dags/example_dag_decorator.py for tasks to queue
[2024-12-18 22:30:19,488] {logging_mixin.py:115} INFO - [2024-12-18 22:30:19,487] {dagbag.py:507} INFO - Filling up the DagBag from /home/patriciacorreia/Documents/airflowalura/venv/lib/python3.9/site-packages/airflow/example_dags/example_dag_decorator.py
[2024-12-18 22:30:19,543] {processor.py:651} INFO - DAG(s) dict_keys(['example_dag_decorator']) retrieved from /home/patriciacorreia/Documents/airflowalura/venv/lib/python3.9/site-packages/airflow/example_dags/example_dag_decorator.py
[2024-12-18 22:30:19,569] {logging_mixin.py:115} INFO - [2024-12-18 22:30:19,569] {dag.py:2379} INFO - Sync 1 DAGs
[2024-12-18 22:30:19,599] {logging_mixin.py:115} INFO - [2024-12-18 22:30:19,599] {dag.py:2927} INFO - Setting next_dagrun for example_dag_decorator to None, run_after=None
[2024-12-18 22:30:19,629] {processor.py:161} INFO - Processing /home/patriciacorreia/Documents/airflowalura/venv/lib/python3.9/site-packages/airflow/example_dags/example_dag_decorator.py took 0.158 seconds
[2024-12-18 22:31:02,114] {processor.py:153} INFO - Started process (PID=21173) to work on /home/patriciacorreia/Documents/airflowalura/venv/lib/python3.9/site-packages/airflow/example_dags/example_dag_decorator.py
[2024-12-18 22:31:02,116] {processor.py:641} INFO - Processing file /home/patriciacorreia/Documents/airflowalura/venv/lib/python3.9/site-packages/airflow/example_dags/example_dag_decorator.py for tasks to queue
[2024-12-18 22:31:02,117] {logging_mixin.py:115} INFO - [2024-12-18 22:31:02,117] {dagbag.py:507} INFO - Filling up the DagBag from /home/patriciacorreia/Documents/airflowalura/venv/lib/python3.9/site-packages/airflow/example_dags/example_dag_decorator.py
[2024-12-18 22:31:02,172] {processor.py:651} INFO - DAG(s) dict_keys(['example_dag_decorator']) retrieved from /home/patriciacorreia/Documents/airflowalura/venv/lib/python3.9/site-packages/airflow/example_dags/example_dag_decorator.py
[2024-12-18 22:31:02,215] {logging_mixin.py:115} INFO - [2024-12-18 22:31:02,215] {dag.py:2379} INFO - Sync 1 DAGs
[2024-12-18 22:31:02,284] {logging_mixin.py:115} INFO - [2024-12-18 22:31:02,284] {dag.py:2927} INFO - Setting next_dagrun for example_dag_decorator to None, run_after=None
[2024-12-18 22:31:02,310] {processor.py:161} INFO - Processing /home/patriciacorreia/Documents/airflowalura/venv/lib/python3.9/site-packages/airflow/example_dags/example_dag_decorator.py took 0.205 seconds
[2024-12-18 22:31:37,351] {processor.py:153} INFO - Started process (PID=21358) to work on /home/patriciacorreia/Documents/airflowalura/venv/lib/python3.9/site-packages/airflow/example_dags/example_dag_decorator.py
[2024-12-18 22:31:37,355] {processor.py:641} INFO - Processing file /home/patriciacorreia/Documents/airflowalura/venv/lib/python3.9/site-packages/airflow/example_dags/example_dag_decorator.py for tasks to queue
[2024-12-18 22:31:37,357] {logging_mixin.py:115} INFO - [2024-12-18 22:31:37,357] {dagbag.py:507} INFO - Filling up the DagBag from /home/patriciacorreia/Documents/airflowalura/venv/lib/python3.9/site-packages/airflow/example_dags/example_dag_decorator.py
[2024-12-18 22:31:37,438] {processor.py:651} INFO - DAG(s) dict_keys(['example_dag_decorator']) retrieved from /home/patriciacorreia/Documents/airflowalura/venv/lib/python3.9/site-packages/airflow/example_dags/example_dag_decorator.py
[2024-12-18 22:31:37,470] {logging_mixin.py:115} INFO - [2024-12-18 22:31:37,470] {dag.py:2379} INFO - Sync 1 DAGs
[2024-12-18 22:31:37,490] {logging_mixin.py:115} INFO - [2024-12-18 22:31:37,490] {dag.py:2927} INFO - Setting next_dagrun for example_dag_decorator to None, run_after=None
[2024-12-18 22:31:37,505] {processor.py:161} INFO - Processing /home/patriciacorreia/Documents/airflowalura/venv/lib/python3.9/site-packages/airflow/example_dags/example_dag_decorator.py took 0.169 seconds
[2024-12-18 22:32:18,149] {processor.py:153} INFO - Started process (PID=21557) to work on /home/patriciacorreia/Documents/airflowalura/venv/lib/python3.9/site-packages/airflow/example_dags/example_dag_decorator.py
[2024-12-18 22:32:18,152] {processor.py:641} INFO - Processing file /home/patriciacorreia/Documents/airflowalura/venv/lib/python3.9/site-packages/airflow/example_dags/example_dag_decorator.py for tasks to queue
[2024-12-18 22:32:18,155] {logging_mixin.py:115} INFO - [2024-12-18 22:32:18,154] {dagbag.py:507} INFO - Filling up the DagBag from /home/patriciacorreia/Documents/airflowalura/venv/lib/python3.9/site-packages/airflow/example_dags/example_dag_decorator.py
[2024-12-18 22:32:18,250] {processor.py:651} INFO - DAG(s) dict_keys(['example_dag_decorator']) retrieved from /home/patriciacorreia/Documents/airflowalura/venv/lib/python3.9/site-packages/airflow/example_dags/example_dag_decorator.py
[2024-12-18 22:32:18,288] {logging_mixin.py:115} INFO - [2024-12-18 22:32:18,287] {dag.py:2379} INFO - Sync 1 DAGs
[2024-12-18 22:32:18,328] {logging_mixin.py:115} INFO - [2024-12-18 22:32:18,328] {dag.py:2927} INFO - Setting next_dagrun for example_dag_decorator to None, run_after=None
[2024-12-18 22:32:18,354] {processor.py:161} INFO - Processing /home/patriciacorreia/Documents/airflowalura/venv/lib/python3.9/site-packages/airflow/example_dags/example_dag_decorator.py took 0.218 seconds
[2024-12-18 22:33:00,504] {processor.py:153} INFO - Started process (PID=21761) to work on /home/patriciacorreia/Documents/airflowalura/venv/lib/python3.9/site-packages/airflow/example_dags/example_dag_decorator.py
[2024-12-18 22:33:00,508] {processor.py:641} INFO - Processing file /home/patriciacorreia/Documents/airflowalura/venv/lib/python3.9/site-packages/airflow/example_dags/example_dag_decorator.py for tasks to queue
[2024-12-18 22:33:00,510] {logging_mixin.py:115} INFO - [2024-12-18 22:33:00,510] {dagbag.py:507} INFO - Filling up the DagBag from /home/patriciacorreia/Documents/airflowalura/venv/lib/python3.9/site-packages/airflow/example_dags/example_dag_decorator.py
[2024-12-18 22:33:00,626] {processor.py:651} INFO - DAG(s) dict_keys(['example_dag_decorator']) retrieved from /home/patriciacorreia/Documents/airflowalura/venv/lib/python3.9/site-packages/airflow/example_dags/example_dag_decorator.py
[2024-12-18 22:33:00,671] {logging_mixin.py:115} INFO - [2024-12-18 22:33:00,671] {dag.py:2379} INFO - Sync 1 DAGs
[2024-12-18 22:33:00,700] {logging_mixin.py:115} INFO - [2024-12-18 22:33:00,700] {dag.py:2927} INFO - Setting next_dagrun for example_dag_decorator to None, run_after=None
[2024-12-18 22:33:00,720] {processor.py:161} INFO - Processing /home/patriciacorreia/Documents/airflowalura/venv/lib/python3.9/site-packages/airflow/example_dags/example_dag_decorator.py took 0.229 seconds
[2024-12-18 22:33:46,542] {processor.py:153} INFO - Started process (PID=21970) to work on /home/patriciacorreia/Documents/airflowalura/venv/lib/python3.9/site-packages/airflow/example_dags/example_dag_decorator.py
[2024-12-18 22:33:46,545] {processor.py:641} INFO - Processing file /home/patriciacorreia/Documents/airflowalura/venv/lib/python3.9/site-packages/airflow/example_dags/example_dag_decorator.py for tasks to queue
[2024-12-18 22:33:46,547] {logging_mixin.py:115} INFO - [2024-12-18 22:33:46,547] {dagbag.py:507} INFO - Filling up the DagBag from /home/patriciacorreia/Documents/airflowalura/venv/lib/python3.9/site-packages/airflow/example_dags/example_dag_decorator.py
[2024-12-18 22:33:46,664] {processor.py:651} INFO - DAG(s) dict_keys(['example_dag_decorator']) retrieved from /home/patriciacorreia/Documents/airflowalura/venv/lib/python3.9/site-packages/airflow/example_dags/example_dag_decorator.py
[2024-12-18 22:33:46,761] {logging_mixin.py:115} INFO - [2024-12-18 22:33:46,760] {dag.py:2379} INFO - Sync 1 DAGs
[2024-12-18 22:33:46,840] {logging_mixin.py:115} INFO - [2024-12-18 22:33:46,839] {dag.py:2927} INFO - Setting next_dagrun for example_dag_decorator to None, run_after=None
[2024-12-18 22:33:46,899] {processor.py:161} INFO - Processing /home/patriciacorreia/Documents/airflowalura/venv/lib/python3.9/site-packages/airflow/example_dags/example_dag_decorator.py took 0.374 seconds
[2024-12-18 22:34:34,442] {processor.py:153} INFO - Started process (PID=22182) to work on /home/patriciacorreia/Documents/airflowalura/venv/lib/python3.9/site-packages/airflow/example_dags/example_dag_decorator.py
[2024-12-18 22:34:34,446] {processor.py:641} INFO - Processing file /home/patriciacorreia/Documents/airflowalura/venv/lib/python3.9/site-packages/airflow/example_dags/example_dag_decorator.py for tasks to queue
[2024-12-18 22:34:34,449] {logging_mixin.py:115} INFO - [2024-12-18 22:34:34,449] {dagbag.py:507} INFO - Filling up the DagBag from /home/patriciacorreia/Documents/airflowalura/venv/lib/python3.9/site-packages/airflow/example_dags/example_dag_decorator.py
[2024-12-18 22:34:34,573] {processor.py:651} INFO - DAG(s) dict_keys(['example_dag_decorator']) retrieved from /home/patriciacorreia/Documents/airflowalura/venv/lib/python3.9/site-packages/airflow/example_dags/example_dag_decorator.py
[2024-12-18 22:34:34,702] {logging_mixin.py:115} INFO - [2024-12-18 22:34:34,702] {dag.py:2379} INFO - Sync 1 DAGs
[2024-12-18 22:34:34,753] {logging_mixin.py:115} INFO - [2024-12-18 22:34:34,752] {dag.py:2927} INFO - Setting next_dagrun for example_dag_decorator to None, run_after=None
[2024-12-18 22:34:34,791] {processor.py:161} INFO - Processing /home/patriciacorreia/Documents/airflowalura/venv/lib/python3.9/site-packages/airflow/example_dags/example_dag_decorator.py took 0.369 seconds
[2024-12-18 22:35:27,163] {processor.py:153} INFO - Started process (PID=22421) to work on /home/patriciacorreia/Documents/airflowalura/venv/lib/python3.9/site-packages/airflow/example_dags/example_dag_decorator.py
[2024-12-18 22:35:27,164] {processor.py:641} INFO - Processing file /home/patriciacorreia/Documents/airflowalura/venv/lib/python3.9/site-packages/airflow/example_dags/example_dag_decorator.py for tasks to queue
[2024-12-18 22:35:27,165] {logging_mixin.py:115} INFO - [2024-12-18 22:35:27,165] {dagbag.py:507} INFO - Filling up the DagBag from /home/patriciacorreia/Documents/airflowalura/venv/lib/python3.9/site-packages/airflow/example_dags/example_dag_decorator.py
[2024-12-18 22:35:27,214] {processor.py:651} INFO - DAG(s) dict_keys(['example_dag_decorator']) retrieved from /home/patriciacorreia/Documents/airflowalura/venv/lib/python3.9/site-packages/airflow/example_dags/example_dag_decorator.py
[2024-12-18 22:35:27,291] {logging_mixin.py:115} INFO - [2024-12-18 22:35:27,291] {dag.py:2379} INFO - Sync 1 DAGs
[2024-12-18 22:35:27,326] {logging_mixin.py:115} INFO - [2024-12-18 22:35:27,325] {dag.py:2927} INFO - Setting next_dagrun for example_dag_decorator to None, run_after=None
[2024-12-18 22:35:27,355] {processor.py:161} INFO - Processing /home/patriciacorreia/Documents/airflowalura/venv/lib/python3.9/site-packages/airflow/example_dags/example_dag_decorator.py took 0.197 seconds
[2024-12-18 22:36:16,752] {processor.py:153} INFO - Started process (PID=22646) to work on /home/patriciacorreia/Documents/airflowalura/venv/lib/python3.9/site-packages/airflow/example_dags/example_dag_decorator.py
[2024-12-18 22:36:16,756] {processor.py:641} INFO - Processing file /home/patriciacorreia/Documents/airflowalura/venv/lib/python3.9/site-packages/airflow/example_dags/example_dag_decorator.py for tasks to queue
[2024-12-18 22:36:16,759] {logging_mixin.py:115} INFO - [2024-12-18 22:36:16,758] {dagbag.py:507} INFO - Filling up the DagBag from /home/patriciacorreia/Documents/airflowalura/venv/lib/python3.9/site-packages/airflow/example_dags/example_dag_decorator.py
[2024-12-18 22:36:16,871] {processor.py:651} INFO - DAG(s) dict_keys(['example_dag_decorator']) retrieved from /home/patriciacorreia/Documents/airflowalura/venv/lib/python3.9/site-packages/airflow/example_dags/example_dag_decorator.py
[2024-12-18 22:36:16,900] {logging_mixin.py:115} INFO - [2024-12-18 22:36:16,900] {dag.py:2379} INFO - Sync 1 DAGs
[2024-12-18 22:36:16,937] {logging_mixin.py:115} INFO - [2024-12-18 22:36:16,937] {dag.py:2927} INFO - Setting next_dagrun for example_dag_decorator to None, run_after=None
[2024-12-18 22:36:16,953] {processor.py:161} INFO - Processing /home/patriciacorreia/Documents/airflowalura/venv/lib/python3.9/site-packages/airflow/example_dags/example_dag_decorator.py took 0.218 seconds
[2024-12-18 22:37:10,206] {processor.py:153} INFO - Started process (PID=22881) to work on /home/patriciacorreia/Documents/airflowalura/venv/lib/python3.9/site-packages/airflow/example_dags/example_dag_decorator.py
[2024-12-18 22:37:10,210] {processor.py:641} INFO - Processing file /home/patriciacorreia/Documents/airflowalura/venv/lib/python3.9/site-packages/airflow/example_dags/example_dag_decorator.py for tasks to queue
[2024-12-18 22:37:10,212] {logging_mixin.py:115} INFO - [2024-12-18 22:37:10,212] {dagbag.py:507} INFO - Filling up the DagBag from /home/patriciacorreia/Documents/airflowalura/venv/lib/python3.9/site-packages/airflow/example_dags/example_dag_decorator.py
[2024-12-18 22:37:10,339] {processor.py:651} INFO - DAG(s) dict_keys(['example_dag_decorator']) retrieved from /home/patriciacorreia/Documents/airflowalura/venv/lib/python3.9/site-packages/airflow/example_dags/example_dag_decorator.py
[2024-12-18 22:37:10,427] {logging_mixin.py:115} INFO - [2024-12-18 22:37:10,427] {dag.py:2379} INFO - Sync 1 DAGs
[2024-12-18 22:37:10,452] {logging_mixin.py:115} INFO - [2024-12-18 22:37:10,451] {dag.py:2927} INFO - Setting next_dagrun for example_dag_decorator to None, run_after=None
[2024-12-18 22:37:10,474] {processor.py:161} INFO - Processing /home/patriciacorreia/Documents/airflowalura/venv/lib/python3.9/site-packages/airflow/example_dags/example_dag_decorator.py took 0.284 seconds
[2024-12-18 22:37:53,331] {processor.py:153} INFO - Started process (PID=23075) to work on /home/patriciacorreia/Documents/airflowalura/venv/lib/python3.9/site-packages/airflow/example_dags/example_dag_decorator.py
[2024-12-18 22:37:53,335] {processor.py:641} INFO - Processing file /home/patriciacorreia/Documents/airflowalura/venv/lib/python3.9/site-packages/airflow/example_dags/example_dag_decorator.py for tasks to queue
[2024-12-18 22:37:53,337] {logging_mixin.py:115} INFO - [2024-12-18 22:37:53,336] {dagbag.py:507} INFO - Filling up the DagBag from /home/patriciacorreia/Documents/airflowalura/venv/lib/python3.9/site-packages/airflow/example_dags/example_dag_decorator.py
[2024-12-18 22:37:53,474] {processor.py:651} INFO - DAG(s) dict_keys(['example_dag_decorator']) retrieved from /home/patriciacorreia/Documents/airflowalura/venv/lib/python3.9/site-packages/airflow/example_dags/example_dag_decorator.py
[2024-12-18 22:37:53,542] {logging_mixin.py:115} INFO - [2024-12-18 22:37:53,542] {dag.py:2379} INFO - Sync 1 DAGs
[2024-12-18 22:37:53,619] {logging_mixin.py:115} INFO - [2024-12-18 22:37:53,619] {dag.py:2927} INFO - Setting next_dagrun for example_dag_decorator to None, run_after=None
[2024-12-18 22:37:53,657] {processor.py:161} INFO - Processing /home/patriciacorreia/Documents/airflowalura/venv/lib/python3.9/site-packages/airflow/example_dags/example_dag_decorator.py took 0.343 seconds
[2024-12-18 22:38:36,181] {processor.py:153} INFO - Started process (PID=23271) to work on /home/patriciacorreia/Documents/airflowalura/venv/lib/python3.9/site-packages/airflow/example_dags/example_dag_decorator.py
[2024-12-18 22:38:36,183] {processor.py:641} INFO - Processing file /home/patriciacorreia/Documents/airflowalura/venv/lib/python3.9/site-packages/airflow/example_dags/example_dag_decorator.py for tasks to queue
[2024-12-18 22:38:36,184] {logging_mixin.py:115} INFO - [2024-12-18 22:38:36,184] {dagbag.py:507} INFO - Filling up the DagBag from /home/patriciacorreia/Documents/airflowalura/venv/lib/python3.9/site-packages/airflow/example_dags/example_dag_decorator.py
[2024-12-18 22:38:36,240] {processor.py:651} INFO - DAG(s) dict_keys(['example_dag_decorator']) retrieved from /home/patriciacorreia/Documents/airflowalura/venv/lib/python3.9/site-packages/airflow/example_dags/example_dag_decorator.py
[2024-12-18 22:38:36,275] {logging_mixin.py:115} INFO - [2024-12-18 22:38:36,275] {dag.py:2379} INFO - Sync 1 DAGs
[2024-12-18 22:38:36,314] {logging_mixin.py:115} INFO - [2024-12-18 22:38:36,314] {dag.py:2927} INFO - Setting next_dagrun for example_dag_decorator to None, run_after=None
[2024-12-18 22:38:36,345] {processor.py:161} INFO - Processing /home/patriciacorreia/Documents/airflowalura/venv/lib/python3.9/site-packages/airflow/example_dags/example_dag_decorator.py took 0.171 seconds
[2024-12-18 22:39:25,414] {processor.py:153} INFO - Started process (PID=23498) to work on /home/patriciacorreia/Documents/airflowalura/venv/lib/python3.9/site-packages/airflow/example_dags/example_dag_decorator.py
[2024-12-18 22:39:25,418] {processor.py:641} INFO - Processing file /home/patriciacorreia/Documents/airflowalura/venv/lib/python3.9/site-packages/airflow/example_dags/example_dag_decorator.py for tasks to queue
[2024-12-18 22:39:25,420] {logging_mixin.py:115} INFO - [2024-12-18 22:39:25,420] {dagbag.py:507} INFO - Filling up the DagBag from /home/patriciacorreia/Documents/airflowalura/venv/lib/python3.9/site-packages/airflow/example_dags/example_dag_decorator.py
[2024-12-18 22:39:25,499] {processor.py:651} INFO - DAG(s) dict_keys(['example_dag_decorator']) retrieved from /home/patriciacorreia/Documents/airflowalura/venv/lib/python3.9/site-packages/airflow/example_dags/example_dag_decorator.py
[2024-12-18 22:39:25,625] {logging_mixin.py:115} INFO - [2024-12-18 22:39:25,625] {dag.py:2379} INFO - Sync 1 DAGs
[2024-12-18 22:39:25,650] {logging_mixin.py:115} INFO - [2024-12-18 22:39:25,650] {dag.py:2927} INFO - Setting next_dagrun for example_dag_decorator to None, run_after=None
[2024-12-18 22:39:25,671] {processor.py:161} INFO - Processing /home/patriciacorreia/Documents/airflowalura/venv/lib/python3.9/site-packages/airflow/example_dags/example_dag_decorator.py took 0.271 seconds
[2024-12-18 22:40:11,402] {processor.py:153} INFO - Started process (PID=23716) to work on /home/patriciacorreia/Documents/airflowalura/venv/lib/python3.9/site-packages/airflow/example_dags/example_dag_decorator.py
[2024-12-18 22:40:11,408] {processor.py:641} INFO - Processing file /home/patriciacorreia/Documents/airflowalura/venv/lib/python3.9/site-packages/airflow/example_dags/example_dag_decorator.py for tasks to queue
[2024-12-18 22:40:11,411] {logging_mixin.py:115} INFO - [2024-12-18 22:40:11,411] {dagbag.py:507} INFO - Filling up the DagBag from /home/patriciacorreia/Documents/airflowalura/venv/lib/python3.9/site-packages/airflow/example_dags/example_dag_decorator.py
[2024-12-18 22:40:11,580] {processor.py:651} INFO - DAG(s) dict_keys(['example_dag_decorator']) retrieved from /home/patriciacorreia/Documents/airflowalura/venv/lib/python3.9/site-packages/airflow/example_dags/example_dag_decorator.py
[2024-12-18 22:40:11,664] {logging_mixin.py:115} INFO - [2024-12-18 22:40:11,663] {dag.py:2379} INFO - Sync 1 DAGs
[2024-12-18 22:40:11,699] {logging_mixin.py:115} INFO - [2024-12-18 22:40:11,698] {dag.py:2927} INFO - Setting next_dagrun for example_dag_decorator to None, run_after=None
[2024-12-18 22:40:11,741] {processor.py:161} INFO - Processing /home/patriciacorreia/Documents/airflowalura/venv/lib/python3.9/site-packages/airflow/example_dags/example_dag_decorator.py took 0.356 seconds
