[2024-12-18 22:05:26,046] {processor.py:153} INFO - Started process (PID=13805) to work on /home/patriciacorreia/Documents/airflowalura/venv/lib/python3.9/site-packages/airflow/example_dags/example_skip_dag.py
[2024-12-18 22:05:26,047] {processor.py:641} INFO - Processing file /home/patriciacorreia/Documents/airflowalura/venv/lib/python3.9/site-packages/airflow/example_dags/example_skip_dag.py for tasks to queue
[2024-12-18 22:05:26,048] {logging_mixin.py:115} INFO - [2024-12-18 22:05:26,047] {dagbag.py:507} INFO - Filling up the DagBag from /home/patriciacorreia/Documents/airflowalura/venv/lib/python3.9/site-packages/airflow/example_dags/example_skip_dag.py
[2024-12-18 22:05:26,064] {processor.py:651} INFO - DAG(s) dict_keys(['example_skip_dag']) retrieved from /home/patriciacorreia/Documents/airflowalura/venv/lib/python3.9/site-packages/airflow/example_dags/example_skip_dag.py
[2024-12-18 22:05:26,168] {logging_mixin.py:115} INFO - [2024-12-18 22:05:26,168] {manager.py:508} INFO - Created Permission View: can read on DAG:example_skip_dag
[2024-12-18 22:05:26,181] {logging_mixin.py:115} INFO - [2024-12-18 22:05:26,181] {manager.py:508} INFO - Created Permission View: can delete on DAG:example_skip_dag
[2024-12-18 22:05:26,192] {logging_mixin.py:115} INFO - [2024-12-18 22:05:26,192] {manager.py:508} INFO - Created Permission View: can edit on DAG:example_skip_dag
[2024-12-18 22:05:26,193] {logging_mixin.py:115} INFO - [2024-12-18 22:05:26,192] {dag.py:2379} INFO - Sync 1 DAGs
[2024-12-18 22:05:26,202] {logging_mixin.py:115} INFO - [2024-12-18 22:05:26,202] {dag.py:2398} INFO - Creating ORM DAG for example_skip_dag
[2024-12-18 22:05:26,213] {logging_mixin.py:115} INFO - [2024-12-18 22:05:26,213] {dag.py:2927} INFO - Setting next_dagrun for example_skip_dag to 2024-12-18T01:05:26.213489+00:00, run_after=2024-12-19T01:05:26.213489+00:00
[2024-12-18 22:05:26,231] {processor.py:161} INFO - Processing /home/patriciacorreia/Documents/airflowalura/venv/lib/python3.9/site-packages/airflow/example_dags/example_skip_dag.py took 0.190 seconds
[2024-12-18 22:06:03,761] {processor.py:153} INFO - Started process (PID=13929) to work on /home/patriciacorreia/Documents/airflowalura/venv/lib/python3.9/site-packages/airflow/example_dags/example_skip_dag.py
[2024-12-18 22:06:03,763] {processor.py:641} INFO - Processing file /home/patriciacorreia/Documents/airflowalura/venv/lib/python3.9/site-packages/airflow/example_dags/example_skip_dag.py for tasks to queue
[2024-12-18 22:06:03,765] {logging_mixin.py:115} INFO - [2024-12-18 22:06:03,764] {dagbag.py:507} INFO - Filling up the DagBag from /home/patriciacorreia/Documents/airflowalura/venv/lib/python3.9/site-packages/airflow/example_dags/example_skip_dag.py
[2024-12-18 22:06:03,777] {processor.py:651} INFO - DAG(s) dict_keys(['example_skip_dag']) retrieved from /home/patriciacorreia/Documents/airflowalura/venv/lib/python3.9/site-packages/airflow/example_dags/example_skip_dag.py
[2024-12-18 22:06:03,808] {logging_mixin.py:115} INFO - [2024-12-18 22:06:03,808] {dag.py:2379} INFO - Sync 1 DAGs
[2024-12-18 22:06:03,843] {logging_mixin.py:115} INFO - [2024-12-18 22:06:03,842] {dag.py:2927} INFO - Setting next_dagrun for example_skip_dag to 2024-12-18T01:06:03.841924+00:00, run_after=2024-12-19T01:06:03.841924+00:00
[2024-12-18 22:06:03,867] {processor.py:161} INFO - Processing /home/patriciacorreia/Documents/airflowalura/venv/lib/python3.9/site-packages/airflow/example_dags/example_skip_dag.py took 0.111 seconds
[2024-12-18 22:06:38,695] {processor.py:153} INFO - Started process (PID=14060) to work on /home/patriciacorreia/Documents/airflowalura/venv/lib/python3.9/site-packages/airflow/example_dags/example_skip_dag.py
[2024-12-18 22:06:38,696] {processor.py:641} INFO - Processing file /home/patriciacorreia/Documents/airflowalura/venv/lib/python3.9/site-packages/airflow/example_dags/example_skip_dag.py for tasks to queue
[2024-12-18 22:06:38,697] {logging_mixin.py:115} INFO - [2024-12-18 22:06:38,697] {dagbag.py:507} INFO - Filling up the DagBag from /home/patriciacorreia/Documents/airflowalura/venv/lib/python3.9/site-packages/airflow/example_dags/example_skip_dag.py
[2024-12-18 22:06:38,708] {processor.py:651} INFO - DAG(s) dict_keys(['example_skip_dag']) retrieved from /home/patriciacorreia/Documents/airflowalura/venv/lib/python3.9/site-packages/airflow/example_dags/example_skip_dag.py
[2024-12-18 22:06:38,733] {logging_mixin.py:115} INFO - [2024-12-18 22:06:38,733] {dag.py:2379} INFO - Sync 1 DAGs
[2024-12-18 22:06:38,778] {logging_mixin.py:115} INFO - [2024-12-18 22:06:38,777] {dag.py:2927} INFO - Setting next_dagrun for example_skip_dag to 2024-12-18T01:06:38.777458+00:00, run_after=2024-12-19T01:06:38.777458+00:00
[2024-12-18 22:06:38,820] {processor.py:161} INFO - Processing /home/patriciacorreia/Documents/airflowalura/venv/lib/python3.9/site-packages/airflow/example_dags/example_skip_dag.py took 0.130 seconds
[2024-12-18 22:07:15,946] {processor.py:153} INFO - Started process (PID=14166) to work on /home/patriciacorreia/Documents/airflowalura/venv/lib/python3.9/site-packages/airflow/example_dags/example_skip_dag.py
[2024-12-18 22:07:15,958] {processor.py:641} INFO - Processing file /home/patriciacorreia/Documents/airflowalura/venv/lib/python3.9/site-packages/airflow/example_dags/example_skip_dag.py for tasks to queue
[2024-12-18 22:07:15,959] {logging_mixin.py:115} INFO - [2024-12-18 22:07:15,959] {dagbag.py:507} INFO - Filling up the DagBag from /home/patriciacorreia/Documents/airflowalura/venv/lib/python3.9/site-packages/airflow/example_dags/example_skip_dag.py
[2024-12-18 22:07:15,980] {processor.py:651} INFO - DAG(s) dict_keys(['example_skip_dag']) retrieved from /home/patriciacorreia/Documents/airflowalura/venv/lib/python3.9/site-packages/airflow/example_dags/example_skip_dag.py
[2024-12-18 22:07:16,043] {logging_mixin.py:115} INFO - [2024-12-18 22:07:16,043] {dag.py:2379} INFO - Sync 1 DAGs
[2024-12-18 22:07:16,095] {logging_mixin.py:115} INFO - [2024-12-18 22:07:16,095] {dag.py:2927} INFO - Setting next_dagrun for example_skip_dag to 2024-12-18T01:07:16.094631+00:00, run_after=2024-12-19T01:07:16.094631+00:00
[2024-12-18 22:07:16,130] {processor.py:161} INFO - Processing /home/patriciacorreia/Documents/airflowalura/venv/lib/python3.9/site-packages/airflow/example_dags/example_skip_dag.py took 0.193 seconds
[2024-12-18 22:07:54,660] {processor.py:153} INFO - Started process (PID=14231) to work on /home/patriciacorreia/Documents/airflowalura/venv/lib/python3.9/site-packages/airflow/example_dags/example_skip_dag.py
[2024-12-18 22:07:54,663] {processor.py:641} INFO - Processing file /home/patriciacorreia/Documents/airflowalura/venv/lib/python3.9/site-packages/airflow/example_dags/example_skip_dag.py for tasks to queue
[2024-12-18 22:07:54,664] {logging_mixin.py:115} INFO - [2024-12-18 22:07:54,664] {dagbag.py:507} INFO - Filling up the DagBag from /home/patriciacorreia/Documents/airflowalura/venv/lib/python3.9/site-packages/airflow/example_dags/example_skip_dag.py
[2024-12-18 22:07:54,689] {processor.py:651} INFO - DAG(s) dict_keys(['example_skip_dag']) retrieved from /home/patriciacorreia/Documents/airflowalura/venv/lib/python3.9/site-packages/airflow/example_dags/example_skip_dag.py
[2024-12-18 22:07:54,761] {logging_mixin.py:115} INFO - [2024-12-18 22:07:54,761] {dag.py:2379} INFO - Sync 1 DAGs
[2024-12-18 22:07:54,827] {logging_mixin.py:115} INFO - [2024-12-18 22:07:54,826] {dag.py:2927} INFO - Setting next_dagrun for example_skip_dag to 2024-12-18T01:07:54.826419+00:00, run_after=2024-12-19T01:07:54.826419+00:00
[2024-12-18 22:07:54,910] {processor.py:161} INFO - Processing /home/patriciacorreia/Documents/airflowalura/venv/lib/python3.9/site-packages/airflow/example_dags/example_skip_dag.py took 0.258 seconds
[2024-12-18 22:08:33,080] {processor.py:153} INFO - Started process (PID=14362) to work on /home/patriciacorreia/Documents/airflowalura/venv/lib/python3.9/site-packages/airflow/example_dags/example_skip_dag.py
[2024-12-18 22:08:33,082] {processor.py:641} INFO - Processing file /home/patriciacorreia/Documents/airflowalura/venv/lib/python3.9/site-packages/airflow/example_dags/example_skip_dag.py for tasks to queue
[2024-12-18 22:08:33,084] {logging_mixin.py:115} INFO - [2024-12-18 22:08:33,083] {dagbag.py:507} INFO - Filling up the DagBag from /home/patriciacorreia/Documents/airflowalura/venv/lib/python3.9/site-packages/airflow/example_dags/example_skip_dag.py
[2024-12-18 22:08:33,094] {processor.py:651} INFO - DAG(s) dict_keys(['example_skip_dag']) retrieved from /home/patriciacorreia/Documents/airflowalura/venv/lib/python3.9/site-packages/airflow/example_dags/example_skip_dag.py
[2024-12-18 22:08:33,138] {logging_mixin.py:115} INFO - [2024-12-18 22:08:33,138] {dag.py:2379} INFO - Sync 1 DAGs
[2024-12-18 22:08:33,180] {logging_mixin.py:115} INFO - [2024-12-18 22:08:33,180] {dag.py:2927} INFO - Setting next_dagrun for example_skip_dag to 2024-12-18T01:08:33.179749+00:00, run_after=2024-12-19T01:08:33.179749+00:00
[2024-12-18 22:08:33,224] {processor.py:161} INFO - Processing /home/patriciacorreia/Documents/airflowalura/venv/lib/python3.9/site-packages/airflow/example_dags/example_skip_dag.py took 0.150 seconds
[2024-12-18 22:09:10,309] {processor.py:153} INFO - Started process (PID=14520) to work on /home/patriciacorreia/Documents/airflowalura/venv/lib/python3.9/site-packages/airflow/example_dags/example_skip_dag.py
[2024-12-18 22:09:10,310] {processor.py:641} INFO - Processing file /home/patriciacorreia/Documents/airflowalura/venv/lib/python3.9/site-packages/airflow/example_dags/example_skip_dag.py for tasks to queue
[2024-12-18 22:09:10,311] {logging_mixin.py:115} INFO - [2024-12-18 22:09:10,311] {dagbag.py:507} INFO - Filling up the DagBag from /home/patriciacorreia/Documents/airflowalura/venv/lib/python3.9/site-packages/airflow/example_dags/example_skip_dag.py
[2024-12-18 22:09:10,321] {processor.py:651} INFO - DAG(s) dict_keys(['example_skip_dag']) retrieved from /home/patriciacorreia/Documents/airflowalura/venv/lib/python3.9/site-packages/airflow/example_dags/example_skip_dag.py
[2024-12-18 22:09:10,353] {logging_mixin.py:115} INFO - [2024-12-18 22:09:10,353] {dag.py:2379} INFO - Sync 1 DAGs
[2024-12-18 22:09:10,390] {logging_mixin.py:115} INFO - [2024-12-18 22:09:10,390] {dag.py:2927} INFO - Setting next_dagrun for example_skip_dag to 2024-12-18T01:09:10.389611+00:00, run_after=2024-12-19T01:09:10.389611+00:00
[2024-12-18 22:09:10,418] {processor.py:161} INFO - Processing /home/patriciacorreia/Documents/airflowalura/venv/lib/python3.9/site-packages/airflow/example_dags/example_skip_dag.py took 0.115 seconds
[2024-12-18 22:09:44,635] {processor.py:153} INFO - Started process (PID=14697) to work on /home/patriciacorreia/Documents/airflowalura/venv/lib/python3.9/site-packages/airflow/example_dags/example_skip_dag.py
[2024-12-18 22:09:44,636] {processor.py:641} INFO - Processing file /home/patriciacorreia/Documents/airflowalura/venv/lib/python3.9/site-packages/airflow/example_dags/example_skip_dag.py for tasks to queue
[2024-12-18 22:09:44,637] {logging_mixin.py:115} INFO - [2024-12-18 22:09:44,637] {dagbag.py:507} INFO - Filling up the DagBag from /home/patriciacorreia/Documents/airflowalura/venv/lib/python3.9/site-packages/airflow/example_dags/example_skip_dag.py
[2024-12-18 22:09:44,648] {processor.py:651} INFO - DAG(s) dict_keys(['example_skip_dag']) retrieved from /home/patriciacorreia/Documents/airflowalura/venv/lib/python3.9/site-packages/airflow/example_dags/example_skip_dag.py
[2024-12-18 22:09:44,675] {logging_mixin.py:115} INFO - [2024-12-18 22:09:44,675] {dag.py:2379} INFO - Sync 1 DAGs
[2024-12-18 22:09:44,704] {logging_mixin.py:115} INFO - [2024-12-18 22:09:44,704] {dag.py:2927} INFO - Setting next_dagrun for example_skip_dag to 2024-12-18T01:09:44.703943+00:00, run_after=2024-12-19T01:09:44.703943+00:00
[2024-12-18 22:09:44,724] {processor.py:161} INFO - Processing /home/patriciacorreia/Documents/airflowalura/venv/lib/python3.9/site-packages/airflow/example_dags/example_skip_dag.py took 0.094 seconds
[2024-12-18 22:10:21,087] {processor.py:153} INFO - Started process (PID=14948) to work on /home/patriciacorreia/Documents/airflowalura/venv/lib/python3.9/site-packages/airflow/example_dags/example_skip_dag.py
[2024-12-18 22:10:21,089] {processor.py:641} INFO - Processing file /home/patriciacorreia/Documents/airflowalura/venv/lib/python3.9/site-packages/airflow/example_dags/example_skip_dag.py for tasks to queue
[2024-12-18 22:10:21,090] {logging_mixin.py:115} INFO - [2024-12-18 22:10:21,090] {dagbag.py:507} INFO - Filling up the DagBag from /home/patriciacorreia/Documents/airflowalura/venv/lib/python3.9/site-packages/airflow/example_dags/example_skip_dag.py
[2024-12-18 22:10:21,101] {processor.py:651} INFO - DAG(s) dict_keys(['example_skip_dag']) retrieved from /home/patriciacorreia/Documents/airflowalura/venv/lib/python3.9/site-packages/airflow/example_dags/example_skip_dag.py
[2024-12-18 22:10:21,142] {logging_mixin.py:115} INFO - [2024-12-18 22:10:21,141] {dag.py:2379} INFO - Sync 1 DAGs
[2024-12-18 22:10:21,190] {logging_mixin.py:115} INFO - [2024-12-18 22:10:21,190] {dag.py:2927} INFO - Setting next_dagrun for example_skip_dag to 2024-12-18T01:10:21.190091+00:00, run_after=2024-12-19T01:10:21.190091+00:00
[2024-12-18 22:10:21,220] {processor.py:161} INFO - Processing /home/patriciacorreia/Documents/airflowalura/venv/lib/python3.9/site-packages/airflow/example_dags/example_skip_dag.py took 0.141 seconds
[2024-12-18 22:11:02,006] {processor.py:153} INFO - Started process (PID=15391) to work on /home/patriciacorreia/Documents/airflowalura/venv/lib/python3.9/site-packages/airflow/example_dags/example_skip_dag.py
[2024-12-18 22:11:02,008] {processor.py:641} INFO - Processing file /home/patriciacorreia/Documents/airflowalura/venv/lib/python3.9/site-packages/airflow/example_dags/example_skip_dag.py for tasks to queue
[2024-12-18 22:11:02,009] {logging_mixin.py:115} INFO - [2024-12-18 22:11:02,009] {dagbag.py:507} INFO - Filling up the DagBag from /home/patriciacorreia/Documents/airflowalura/venv/lib/python3.9/site-packages/airflow/example_dags/example_skip_dag.py
[2024-12-18 22:11:02,020] {processor.py:651} INFO - DAG(s) dict_keys(['example_skip_dag']) retrieved from /home/patriciacorreia/Documents/airflowalura/venv/lib/python3.9/site-packages/airflow/example_dags/example_skip_dag.py
[2024-12-18 22:11:02,048] {logging_mixin.py:115} INFO - [2024-12-18 22:11:02,048] {dag.py:2379} INFO - Sync 1 DAGs
[2024-12-18 22:11:02,086] {logging_mixin.py:115} INFO - [2024-12-18 22:11:02,086] {dag.py:2927} INFO - Setting next_dagrun for example_skip_dag to 2024-12-18T01:11:02.086083+00:00, run_after=2024-12-19T01:11:02.086083+00:00
[2024-12-18 22:11:02,127] {processor.py:161} INFO - Processing /home/patriciacorreia/Documents/airflowalura/venv/lib/python3.9/site-packages/airflow/example_dags/example_skip_dag.py took 0.129 seconds
[2024-12-18 22:11:37,960] {processor.py:153} INFO - Started process (PID=15543) to work on /home/patriciacorreia/Documents/airflowalura/venv/lib/python3.9/site-packages/airflow/example_dags/example_skip_dag.py
[2024-12-18 22:11:37,962] {processor.py:641} INFO - Processing file /home/patriciacorreia/Documents/airflowalura/venv/lib/python3.9/site-packages/airflow/example_dags/example_skip_dag.py for tasks to queue
[2024-12-18 22:11:37,964] {logging_mixin.py:115} INFO - [2024-12-18 22:11:37,964] {dagbag.py:507} INFO - Filling up the DagBag from /home/patriciacorreia/Documents/airflowalura/venv/lib/python3.9/site-packages/airflow/example_dags/example_skip_dag.py
[2024-12-18 22:11:37,984] {processor.py:651} INFO - DAG(s) dict_keys(['example_skip_dag']) retrieved from /home/patriciacorreia/Documents/airflowalura/venv/lib/python3.9/site-packages/airflow/example_dags/example_skip_dag.py
[2024-12-18 22:11:38,025] {logging_mixin.py:115} INFO - [2024-12-18 22:11:38,025] {dag.py:2379} INFO - Sync 1 DAGs
[2024-12-18 22:11:38,051] {logging_mixin.py:115} INFO - [2024-12-18 22:11:38,051] {dag.py:2927} INFO - Setting next_dagrun for example_skip_dag to 2024-12-18T01:11:38.051274+00:00, run_after=2024-12-19T01:11:38.051274+00:00
[2024-12-18 22:11:38,066] {processor.py:161} INFO - Processing /home/patriciacorreia/Documents/airflowalura/venv/lib/python3.9/site-packages/airflow/example_dags/example_skip_dag.py took 0.119 seconds
[2024-12-18 22:12:13,399] {processor.py:153} INFO - Started process (PID=15701) to work on /home/patriciacorreia/Documents/airflowalura/venv/lib/python3.9/site-packages/airflow/example_dags/example_skip_dag.py
[2024-12-18 22:12:13,402] {processor.py:641} INFO - Processing file /home/patriciacorreia/Documents/airflowalura/venv/lib/python3.9/site-packages/airflow/example_dags/example_skip_dag.py for tasks to queue
[2024-12-18 22:12:13,405] {logging_mixin.py:115} INFO - [2024-12-18 22:12:13,405] {dagbag.py:507} INFO - Filling up the DagBag from /home/patriciacorreia/Documents/airflowalura/venv/lib/python3.9/site-packages/airflow/example_dags/example_skip_dag.py
[2024-12-18 22:12:13,427] {processor.py:651} INFO - DAG(s) dict_keys(['example_skip_dag']) retrieved from /home/patriciacorreia/Documents/airflowalura/venv/lib/python3.9/site-packages/airflow/example_dags/example_skip_dag.py
[2024-12-18 22:12:13,473] {logging_mixin.py:115} INFO - [2024-12-18 22:12:13,472] {dag.py:2379} INFO - Sync 1 DAGs
[2024-12-18 22:12:13,502] {logging_mixin.py:115} INFO - [2024-12-18 22:12:13,502] {dag.py:2927} INFO - Setting next_dagrun for example_skip_dag to 2024-12-18T01:12:13.502050+00:00, run_after=2024-12-19T01:12:13.502050+00:00
[2024-12-18 22:12:13,518] {processor.py:161} INFO - Processing /home/patriciacorreia/Documents/airflowalura/venv/lib/python3.9/site-packages/airflow/example_dags/example_skip_dag.py took 0.129 seconds
[2024-12-18 22:12:55,113] {processor.py:153} INFO - Started process (PID=15892) to work on /home/patriciacorreia/Documents/airflowalura/venv/lib/python3.9/site-packages/airflow/example_dags/example_skip_dag.py
[2024-12-18 22:12:55,116] {processor.py:641} INFO - Processing file /home/patriciacorreia/Documents/airflowalura/venv/lib/python3.9/site-packages/airflow/example_dags/example_skip_dag.py for tasks to queue
[2024-12-18 22:12:55,118] {logging_mixin.py:115} INFO - [2024-12-18 22:12:55,118] {dagbag.py:507} INFO - Filling up the DagBag from /home/patriciacorreia/Documents/airflowalura/venv/lib/python3.9/site-packages/airflow/example_dags/example_skip_dag.py
[2024-12-18 22:12:55,144] {processor.py:651} INFO - DAG(s) dict_keys(['example_skip_dag']) retrieved from /home/patriciacorreia/Documents/airflowalura/venv/lib/python3.9/site-packages/airflow/example_dags/example_skip_dag.py
[2024-12-18 22:12:55,223] {logging_mixin.py:115} INFO - [2024-12-18 22:12:55,222] {dag.py:2379} INFO - Sync 1 DAGs
[2024-12-18 22:12:55,309] {logging_mixin.py:115} INFO - [2024-12-18 22:12:55,309] {dag.py:2927} INFO - Setting next_dagrun for example_skip_dag to 2024-12-18T01:12:55.307833+00:00, run_after=2024-12-19T01:12:55.307833+00:00
[2024-12-18 22:12:55,355] {processor.py:161} INFO - Processing /home/patriciacorreia/Documents/airflowalura/venv/lib/python3.9/site-packages/airflow/example_dags/example_skip_dag.py took 0.256 seconds
[2024-12-18 22:13:35,737] {processor.py:153} INFO - Started process (PID=16073) to work on /home/patriciacorreia/Documents/airflowalura/venv/lib/python3.9/site-packages/airflow/example_dags/example_skip_dag.py
[2024-12-18 22:13:35,741] {processor.py:641} INFO - Processing file /home/patriciacorreia/Documents/airflowalura/venv/lib/python3.9/site-packages/airflow/example_dags/example_skip_dag.py for tasks to queue
[2024-12-18 22:13:35,743] {logging_mixin.py:115} INFO - [2024-12-18 22:13:35,743] {dagbag.py:507} INFO - Filling up the DagBag from /home/patriciacorreia/Documents/airflowalura/venv/lib/python3.9/site-packages/airflow/example_dags/example_skip_dag.py
[2024-12-18 22:13:35,757] {processor.py:651} INFO - DAG(s) dict_keys(['example_skip_dag']) retrieved from /home/patriciacorreia/Documents/airflowalura/venv/lib/python3.9/site-packages/airflow/example_dags/example_skip_dag.py
[2024-12-18 22:13:35,794] {logging_mixin.py:115} INFO - [2024-12-18 22:13:35,794] {dag.py:2379} INFO - Sync 1 DAGs
[2024-12-18 22:13:35,837] {logging_mixin.py:115} INFO - [2024-12-18 22:13:35,837] {dag.py:2927} INFO - Setting next_dagrun for example_skip_dag to 2024-12-18T01:13:35.836970+00:00, run_after=2024-12-19T01:13:35.836970+00:00
[2024-12-18 22:13:35,865] {processor.py:161} INFO - Processing /home/patriciacorreia/Documents/airflowalura/venv/lib/python3.9/site-packages/airflow/example_dags/example_skip_dag.py took 0.140 seconds
[2024-12-18 22:14:11,393] {processor.py:153} INFO - Started process (PID=16251) to work on /home/patriciacorreia/Documents/airflowalura/venv/lib/python3.9/site-packages/airflow/example_dags/example_skip_dag.py
[2024-12-18 22:14:11,396] {processor.py:641} INFO - Processing file /home/patriciacorreia/Documents/airflowalura/venv/lib/python3.9/site-packages/airflow/example_dags/example_skip_dag.py for tasks to queue
[2024-12-18 22:14:11,397] {logging_mixin.py:115} INFO - [2024-12-18 22:14:11,397] {dagbag.py:507} INFO - Filling up the DagBag from /home/patriciacorreia/Documents/airflowalura/venv/lib/python3.9/site-packages/airflow/example_dags/example_skip_dag.py
[2024-12-18 22:14:11,411] {processor.py:651} INFO - DAG(s) dict_keys(['example_skip_dag']) retrieved from /home/patriciacorreia/Documents/airflowalura/venv/lib/python3.9/site-packages/airflow/example_dags/example_skip_dag.py
[2024-12-18 22:14:11,470] {logging_mixin.py:115} INFO - [2024-12-18 22:14:11,469] {dag.py:2379} INFO - Sync 1 DAGs
[2024-12-18 22:14:11,554] {logging_mixin.py:115} INFO - [2024-12-18 22:14:11,553] {dag.py:2927} INFO - Setting next_dagrun for example_skip_dag to 2024-12-18T01:14:11.552842+00:00, run_after=2024-12-19T01:14:11.552842+00:00
[2024-12-18 22:14:11,600] {processor.py:161} INFO - Processing /home/patriciacorreia/Documents/airflowalura/venv/lib/python3.9/site-packages/airflow/example_dags/example_skip_dag.py took 0.215 seconds
[2024-12-18 22:14:45,380] {processor.py:153} INFO - Started process (PID=16413) to work on /home/patriciacorreia/Documents/airflowalura/venv/lib/python3.9/site-packages/airflow/example_dags/example_skip_dag.py
[2024-12-18 22:14:45,384] {processor.py:641} INFO - Processing file /home/patriciacorreia/Documents/airflowalura/venv/lib/python3.9/site-packages/airflow/example_dags/example_skip_dag.py for tasks to queue
[2024-12-18 22:14:45,391] {logging_mixin.py:115} INFO - [2024-12-18 22:14:45,390] {dagbag.py:507} INFO - Filling up the DagBag from /home/patriciacorreia/Documents/airflowalura/venv/lib/python3.9/site-packages/airflow/example_dags/example_skip_dag.py
[2024-12-18 22:14:45,428] {processor.py:651} INFO - DAG(s) dict_keys(['example_skip_dag']) retrieved from /home/patriciacorreia/Documents/airflowalura/venv/lib/python3.9/site-packages/airflow/example_dags/example_skip_dag.py
[2024-12-18 22:14:45,469] {logging_mixin.py:115} INFO - [2024-12-18 22:14:45,468] {dag.py:2379} INFO - Sync 1 DAGs
[2024-12-18 22:14:45,513] {logging_mixin.py:115} INFO - [2024-12-18 22:14:45,512] {dag.py:2927} INFO - Setting next_dagrun for example_skip_dag to 2024-12-18T01:14:45.512369+00:00, run_after=2024-12-19T01:14:45.512369+00:00
[2024-12-18 22:14:45,534] {processor.py:161} INFO - Processing /home/patriciacorreia/Documents/airflowalura/venv/lib/python3.9/site-packages/airflow/example_dags/example_skip_dag.py took 0.174 seconds
[2024-12-18 22:15:23,837] {processor.py:153} INFO - Started process (PID=16599) to work on /home/patriciacorreia/Documents/airflowalura/venv/lib/python3.9/site-packages/airflow/example_dags/example_skip_dag.py
[2024-12-18 22:15:23,841] {processor.py:641} INFO - Processing file /home/patriciacorreia/Documents/airflowalura/venv/lib/python3.9/site-packages/airflow/example_dags/example_skip_dag.py for tasks to queue
[2024-12-18 22:15:23,844] {logging_mixin.py:115} INFO - [2024-12-18 22:15:23,844] {dagbag.py:507} INFO - Filling up the DagBag from /home/patriciacorreia/Documents/airflowalura/venv/lib/python3.9/site-packages/airflow/example_dags/example_skip_dag.py
[2024-12-18 22:15:23,875] {processor.py:651} INFO - DAG(s) dict_keys(['example_skip_dag']) retrieved from /home/patriciacorreia/Documents/airflowalura/venv/lib/python3.9/site-packages/airflow/example_dags/example_skip_dag.py
[2024-12-18 22:15:23,941] {logging_mixin.py:115} INFO - [2024-12-18 22:15:23,941] {dag.py:2379} INFO - Sync 1 DAGs
[2024-12-18 22:15:24,025] {logging_mixin.py:115} INFO - [2024-12-18 22:15:24,024] {dag.py:2927} INFO - Setting next_dagrun for example_skip_dag to 2024-12-18T01:15:24.022965+00:00, run_after=2024-12-19T01:15:24.022965+00:00
[2024-12-18 22:15:24,091] {processor.py:161} INFO - Processing /home/patriciacorreia/Documents/airflowalura/venv/lib/python3.9/site-packages/airflow/example_dags/example_skip_dag.py took 0.273 seconds
[2024-12-18 22:16:06,477] {processor.py:153} INFO - Started process (PID=16819) to work on /home/patriciacorreia/Documents/airflowalura/venv/lib/python3.9/site-packages/airflow/example_dags/example_skip_dag.py
[2024-12-18 22:16:06,482] {processor.py:641} INFO - Processing file /home/patriciacorreia/Documents/airflowalura/venv/lib/python3.9/site-packages/airflow/example_dags/example_skip_dag.py for tasks to queue
[2024-12-18 22:16:06,484] {logging_mixin.py:115} INFO - [2024-12-18 22:16:06,484] {dagbag.py:507} INFO - Filling up the DagBag from /home/patriciacorreia/Documents/airflowalura/venv/lib/python3.9/site-packages/airflow/example_dags/example_skip_dag.py
[2024-12-18 22:16:06,519] {processor.py:651} INFO - DAG(s) dict_keys(['example_skip_dag']) retrieved from /home/patriciacorreia/Documents/airflowalura/venv/lib/python3.9/site-packages/airflow/example_dags/example_skip_dag.py
[2024-12-18 22:16:06,632] {logging_mixin.py:115} INFO - [2024-12-18 22:16:06,632] {dag.py:2379} INFO - Sync 1 DAGs
[2024-12-18 22:16:06,704] {logging_mixin.py:115} INFO - [2024-12-18 22:16:06,704] {dag.py:2927} INFO - Setting next_dagrun for example_skip_dag to 2024-12-18T01:16:06.703150+00:00, run_after=2024-12-19T01:16:06.703150+00:00
[2024-12-18 22:16:06,738] {processor.py:161} INFO - Processing /home/patriciacorreia/Documents/airflowalura/venv/lib/python3.9/site-packages/airflow/example_dags/example_skip_dag.py took 0.278 seconds
[2024-12-18 22:16:47,461] {processor.py:153} INFO - Started process (PID=17082) to work on /home/patriciacorreia/Documents/airflowalura/venv/lib/python3.9/site-packages/airflow/example_dags/example_skip_dag.py
[2024-12-18 22:16:47,471] {processor.py:641} INFO - Processing file /home/patriciacorreia/Documents/airflowalura/venv/lib/python3.9/site-packages/airflow/example_dags/example_skip_dag.py for tasks to queue
[2024-12-18 22:16:47,476] {logging_mixin.py:115} INFO - [2024-12-18 22:16:47,475] {dagbag.py:507} INFO - Filling up the DagBag from /home/patriciacorreia/Documents/airflowalura/venv/lib/python3.9/site-packages/airflow/example_dags/example_skip_dag.py
[2024-12-18 22:16:47,522] {processor.py:651} INFO - DAG(s) dict_keys(['example_skip_dag']) retrieved from /home/patriciacorreia/Documents/airflowalura/venv/lib/python3.9/site-packages/airflow/example_dags/example_skip_dag.py
[2024-12-18 22:16:47,561] {logging_mixin.py:115} INFO - [2024-12-18 22:16:47,561] {dag.py:2379} INFO - Sync 1 DAGs
[2024-12-18 22:16:47,594] {logging_mixin.py:115} INFO - [2024-12-18 22:16:47,594] {dag.py:2927} INFO - Setting next_dagrun for example_skip_dag to 2024-12-18T01:16:47.594356+00:00, run_after=2024-12-19T01:16:47.594356+00:00
[2024-12-18 22:16:47,614] {processor.py:161} INFO - Processing /home/patriciacorreia/Documents/airflowalura/venv/lib/python3.9/site-packages/airflow/example_dags/example_skip_dag.py took 0.173 seconds
[2024-12-18 22:17:29,056] {processor.py:153} INFO - Started process (PID=17291) to work on /home/patriciacorreia/Documents/airflowalura/venv/lib/python3.9/site-packages/airflow/example_dags/example_skip_dag.py
[2024-12-18 22:17:29,058] {processor.py:641} INFO - Processing file /home/patriciacorreia/Documents/airflowalura/venv/lib/python3.9/site-packages/airflow/example_dags/example_skip_dag.py for tasks to queue
[2024-12-18 22:17:29,060] {logging_mixin.py:115} INFO - [2024-12-18 22:17:29,059] {dagbag.py:507} INFO - Filling up the DagBag from /home/patriciacorreia/Documents/airflowalura/venv/lib/python3.9/site-packages/airflow/example_dags/example_skip_dag.py
[2024-12-18 22:17:29,076] {processor.py:651} INFO - DAG(s) dict_keys(['example_skip_dag']) retrieved from /home/patriciacorreia/Documents/airflowalura/venv/lib/python3.9/site-packages/airflow/example_dags/example_skip_dag.py
[2024-12-18 22:17:29,118] {logging_mixin.py:115} INFO - [2024-12-18 22:17:29,117] {dag.py:2379} INFO - Sync 1 DAGs
[2024-12-18 22:17:29,163] {logging_mixin.py:115} INFO - [2024-12-18 22:17:29,163] {dag.py:2927} INFO - Setting next_dagrun for example_skip_dag to 2024-12-18T01:17:29.162657+00:00, run_after=2024-12-19T01:17:29.162657+00:00
[2024-12-18 22:17:29,195] {processor.py:161} INFO - Processing /home/patriciacorreia/Documents/airflowalura/venv/lib/python3.9/site-packages/airflow/example_dags/example_skip_dag.py took 0.148 seconds
[2024-12-18 22:18:04,368] {processor.py:153} INFO - Started process (PID=17457) to work on /home/patriciacorreia/Documents/airflowalura/venv/lib/python3.9/site-packages/airflow/example_dags/example_skip_dag.py
[2024-12-18 22:18:04,372] {processor.py:641} INFO - Processing file /home/patriciacorreia/Documents/airflowalura/venv/lib/python3.9/site-packages/airflow/example_dags/example_skip_dag.py for tasks to queue
[2024-12-18 22:18:04,375] {logging_mixin.py:115} INFO - [2024-12-18 22:18:04,374] {dagbag.py:507} INFO - Filling up the DagBag from /home/patriciacorreia/Documents/airflowalura/venv/lib/python3.9/site-packages/airflow/example_dags/example_skip_dag.py
[2024-12-18 22:18:04,399] {processor.py:651} INFO - DAG(s) dict_keys(['example_skip_dag']) retrieved from /home/patriciacorreia/Documents/airflowalura/venv/lib/python3.9/site-packages/airflow/example_dags/example_skip_dag.py
[2024-12-18 22:18:04,457] {logging_mixin.py:115} INFO - [2024-12-18 22:18:04,457] {dag.py:2379} INFO - Sync 1 DAGs
[2024-12-18 22:18:04,542] {logging_mixin.py:115} INFO - [2024-12-18 22:18:04,542] {dag.py:2927} INFO - Setting next_dagrun for example_skip_dag to 2024-12-18T01:18:04.541105+00:00, run_after=2024-12-19T01:18:04.541105+00:00
[2024-12-18 22:18:04,589] {processor.py:161} INFO - Processing /home/patriciacorreia/Documents/airflowalura/venv/lib/python3.9/site-packages/airflow/example_dags/example_skip_dag.py took 0.234 seconds
[2024-12-18 22:18:42,883] {processor.py:153} INFO - Started process (PID=17631) to work on /home/patriciacorreia/Documents/airflowalura/venv/lib/python3.9/site-packages/airflow/example_dags/example_skip_dag.py
[2024-12-18 22:18:42,886] {processor.py:641} INFO - Processing file /home/patriciacorreia/Documents/airflowalura/venv/lib/python3.9/site-packages/airflow/example_dags/example_skip_dag.py for tasks to queue
[2024-12-18 22:18:42,888] {logging_mixin.py:115} INFO - [2024-12-18 22:18:42,887] {dagbag.py:507} INFO - Filling up the DagBag from /home/patriciacorreia/Documents/airflowalura/venv/lib/python3.9/site-packages/airflow/example_dags/example_skip_dag.py
[2024-12-18 22:18:42,907] {processor.py:651} INFO - DAG(s) dict_keys(['example_skip_dag']) retrieved from /home/patriciacorreia/Documents/airflowalura/venv/lib/python3.9/site-packages/airflow/example_dags/example_skip_dag.py
[2024-12-18 22:18:42,966] {logging_mixin.py:115} INFO - [2024-12-18 22:18:42,966] {dag.py:2379} INFO - Sync 1 DAGs
[2024-12-18 22:18:43,070] {logging_mixin.py:115} INFO - [2024-12-18 22:18:43,069] {dag.py:2927} INFO - Setting next_dagrun for example_skip_dag to 2024-12-18T01:18:43.067381+00:00, run_after=2024-12-19T01:18:43.067381+00:00
[2024-12-18 22:18:43,119] {processor.py:161} INFO - Processing /home/patriciacorreia/Documents/airflowalura/venv/lib/python3.9/site-packages/airflow/example_dags/example_skip_dag.py took 0.248 seconds
[2024-12-18 22:19:35,606] {processor.py:153} INFO - Started process (PID=17851) to work on /home/patriciacorreia/Documents/airflowalura/venv/lib/python3.9/site-packages/airflow/example_dags/example_skip_dag.py
[2024-12-18 22:19:35,610] {processor.py:641} INFO - Processing file /home/patriciacorreia/Documents/airflowalura/venv/lib/python3.9/site-packages/airflow/example_dags/example_skip_dag.py for tasks to queue
[2024-12-18 22:19:35,612] {logging_mixin.py:115} INFO - [2024-12-18 22:19:35,612] {dagbag.py:507} INFO - Filling up the DagBag from /home/patriciacorreia/Documents/airflowalura/venv/lib/python3.9/site-packages/airflow/example_dags/example_skip_dag.py
[2024-12-18 22:19:35,626] {processor.py:651} INFO - DAG(s) dict_keys(['example_skip_dag']) retrieved from /home/patriciacorreia/Documents/airflowalura/venv/lib/python3.9/site-packages/airflow/example_dags/example_skip_dag.py
[2024-12-18 22:19:35,660] {logging_mixin.py:115} INFO - [2024-12-18 22:19:35,660] {dag.py:2379} INFO - Sync 1 DAGs
[2024-12-18 22:19:35,702] {logging_mixin.py:115} INFO - [2024-12-18 22:19:35,702] {dag.py:2927} INFO - Setting next_dagrun for example_skip_dag to 2024-12-18T01:19:35.701306+00:00, run_after=2024-12-19T01:19:35.701306+00:00
[2024-12-18 22:19:35,737] {processor.py:161} INFO - Processing /home/patriciacorreia/Documents/airflowalura/venv/lib/python3.9/site-packages/airflow/example_dags/example_skip_dag.py took 0.144 seconds
[2024-12-18 22:20:16,671] {processor.py:153} INFO - Started process (PID=18052) to work on /home/patriciacorreia/Documents/airflowalura/venv/lib/python3.9/site-packages/airflow/example_dags/example_skip_dag.py
[2024-12-18 22:20:16,673] {processor.py:641} INFO - Processing file /home/patriciacorreia/Documents/airflowalura/venv/lib/python3.9/site-packages/airflow/example_dags/example_skip_dag.py for tasks to queue
[2024-12-18 22:20:16,674] {logging_mixin.py:115} INFO - [2024-12-18 22:20:16,673] {dagbag.py:507} INFO - Filling up the DagBag from /home/patriciacorreia/Documents/airflowalura/venv/lib/python3.9/site-packages/airflow/example_dags/example_skip_dag.py
[2024-12-18 22:20:16,693] {processor.py:651} INFO - DAG(s) dict_keys(['example_skip_dag']) retrieved from /home/patriciacorreia/Documents/airflowalura/venv/lib/python3.9/site-packages/airflow/example_dags/example_skip_dag.py
[2024-12-18 22:20:16,734] {logging_mixin.py:115} INFO - [2024-12-18 22:20:16,734] {dag.py:2379} INFO - Sync 1 DAGs
[2024-12-18 22:20:16,765] {logging_mixin.py:115} INFO - [2024-12-18 22:20:16,765] {dag.py:2927} INFO - Setting next_dagrun for example_skip_dag to 2024-12-18T01:20:16.765150+00:00, run_after=2024-12-19T01:20:16.765150+00:00
[2024-12-18 22:20:16,782] {processor.py:161} INFO - Processing /home/patriciacorreia/Documents/airflowalura/venv/lib/python3.9/site-packages/airflow/example_dags/example_skip_dag.py took 0.122 seconds
[2024-12-18 22:20:54,522] {processor.py:153} INFO - Started process (PID=18244) to work on /home/patriciacorreia/Documents/airflowalura/venv/lib/python3.9/site-packages/airflow/example_dags/example_skip_dag.py
[2024-12-18 22:20:54,524] {processor.py:641} INFO - Processing file /home/patriciacorreia/Documents/airflowalura/venv/lib/python3.9/site-packages/airflow/example_dags/example_skip_dag.py for tasks to queue
[2024-12-18 22:20:54,525] {logging_mixin.py:115} INFO - [2024-12-18 22:20:54,525] {dagbag.py:507} INFO - Filling up the DagBag from /home/patriciacorreia/Documents/airflowalura/venv/lib/python3.9/site-packages/airflow/example_dags/example_skip_dag.py
[2024-12-18 22:20:54,534] {processor.py:651} INFO - DAG(s) dict_keys(['example_skip_dag']) retrieved from /home/patriciacorreia/Documents/airflowalura/venv/lib/python3.9/site-packages/airflow/example_dags/example_skip_dag.py
[2024-12-18 22:20:54,560] {logging_mixin.py:115} INFO - [2024-12-18 22:20:54,560] {dag.py:2379} INFO - Sync 1 DAGs
[2024-12-18 22:20:54,594] {logging_mixin.py:115} INFO - [2024-12-18 22:20:54,594] {dag.py:2927} INFO - Setting next_dagrun for example_skip_dag to 2024-12-18T01:20:54.594167+00:00, run_after=2024-12-19T01:20:54.594167+00:00
[2024-12-18 22:20:54,617] {processor.py:161} INFO - Processing /home/patriciacorreia/Documents/airflowalura/venv/lib/python3.9/site-packages/airflow/example_dags/example_skip_dag.py took 0.104 seconds
[2024-12-18 22:21:32,811] {processor.py:153} INFO - Started process (PID=18423) to work on /home/patriciacorreia/Documents/airflowalura/venv/lib/python3.9/site-packages/airflow/example_dags/example_skip_dag.py
[2024-12-18 22:21:32,817] {processor.py:641} INFO - Processing file /home/patriciacorreia/Documents/airflowalura/venv/lib/python3.9/site-packages/airflow/example_dags/example_skip_dag.py for tasks to queue
[2024-12-18 22:21:32,820] {logging_mixin.py:115} INFO - [2024-12-18 22:21:32,820] {dagbag.py:507} INFO - Filling up the DagBag from /home/patriciacorreia/Documents/airflowalura/venv/lib/python3.9/site-packages/airflow/example_dags/example_skip_dag.py
[2024-12-18 22:21:32,855] {processor.py:651} INFO - DAG(s) dict_keys(['example_skip_dag']) retrieved from /home/patriciacorreia/Documents/airflowalura/venv/lib/python3.9/site-packages/airflow/example_dags/example_skip_dag.py
[2024-12-18 22:21:32,975] {logging_mixin.py:115} INFO - [2024-12-18 22:21:32,975] {dag.py:2379} INFO - Sync 1 DAGs
[2024-12-18 22:21:33,012] {logging_mixin.py:115} INFO - [2024-12-18 22:21:33,011] {dag.py:2927} INFO - Setting next_dagrun for example_skip_dag to 2024-12-18T01:21:33.011579+00:00, run_after=2024-12-19T01:21:33.011579+00:00
[2024-12-18 22:21:33,029] {processor.py:161} INFO - Processing /home/patriciacorreia/Documents/airflowalura/venv/lib/python3.9/site-packages/airflow/example_dags/example_skip_dag.py took 0.236 seconds
[2024-12-18 22:22:14,171] {processor.py:153} INFO - Started process (PID=18611) to work on /home/patriciacorreia/Documents/airflowalura/venv/lib/python3.9/site-packages/airflow/example_dags/example_skip_dag.py
[2024-12-18 22:22:14,174] {processor.py:641} INFO - Processing file /home/patriciacorreia/Documents/airflowalura/venv/lib/python3.9/site-packages/airflow/example_dags/example_skip_dag.py for tasks to queue
[2024-12-18 22:22:14,175] {logging_mixin.py:115} INFO - [2024-12-18 22:22:14,174] {dagbag.py:507} INFO - Filling up the DagBag from /home/patriciacorreia/Documents/airflowalura/venv/lib/python3.9/site-packages/airflow/example_dags/example_skip_dag.py
[2024-12-18 22:22:14,186] {processor.py:651} INFO - DAG(s) dict_keys(['example_skip_dag']) retrieved from /home/patriciacorreia/Documents/airflowalura/venv/lib/python3.9/site-packages/airflow/example_dags/example_skip_dag.py
[2024-12-18 22:22:14,212] {logging_mixin.py:115} INFO - [2024-12-18 22:22:14,212] {dag.py:2379} INFO - Sync 1 DAGs
[2024-12-18 22:22:14,243] {logging_mixin.py:115} INFO - [2024-12-18 22:22:14,243] {dag.py:2927} INFO - Setting next_dagrun for example_skip_dag to 2024-12-18T01:22:14.242974+00:00, run_after=2024-12-19T01:22:14.242974+00:00
[2024-12-18 22:22:14,264] {processor.py:161} INFO - Processing /home/patriciacorreia/Documents/airflowalura/venv/lib/python3.9/site-packages/airflow/example_dags/example_skip_dag.py took 0.106 seconds
[2024-12-18 22:22:48,359] {processor.py:153} INFO - Started process (PID=18774) to work on /home/patriciacorreia/Documents/airflowalura/venv/lib/python3.9/site-packages/airflow/example_dags/example_skip_dag.py
[2024-12-18 22:22:48,361] {processor.py:641} INFO - Processing file /home/patriciacorreia/Documents/airflowalura/venv/lib/python3.9/site-packages/airflow/example_dags/example_skip_dag.py for tasks to queue
[2024-12-18 22:22:48,362] {logging_mixin.py:115} INFO - [2024-12-18 22:22:48,362] {dagbag.py:507} INFO - Filling up the DagBag from /home/patriciacorreia/Documents/airflowalura/venv/lib/python3.9/site-packages/airflow/example_dags/example_skip_dag.py
[2024-12-18 22:22:48,371] {processor.py:651} INFO - DAG(s) dict_keys(['example_skip_dag']) retrieved from /home/patriciacorreia/Documents/airflowalura/venv/lib/python3.9/site-packages/airflow/example_dags/example_skip_dag.py
[2024-12-18 22:22:48,405] {logging_mixin.py:115} INFO - [2024-12-18 22:22:48,404] {dag.py:2379} INFO - Sync 1 DAGs
[2024-12-18 22:22:48,441] {logging_mixin.py:115} INFO - [2024-12-18 22:22:48,441] {dag.py:2927} INFO - Setting next_dagrun for example_skip_dag to 2024-12-18T01:22:48.441045+00:00, run_after=2024-12-19T01:22:48.441045+00:00
[2024-12-18 22:22:48,471] {processor.py:161} INFO - Processing /home/patriciacorreia/Documents/airflowalura/venv/lib/python3.9/site-packages/airflow/example_dags/example_skip_dag.py took 0.117 seconds
[2024-12-18 22:23:31,106] {processor.py:153} INFO - Started process (PID=18973) to work on /home/patriciacorreia/Documents/airflowalura/venv/lib/python3.9/site-packages/airflow/example_dags/example_skip_dag.py
[2024-12-18 22:23:31,108] {processor.py:641} INFO - Processing file /home/patriciacorreia/Documents/airflowalura/venv/lib/python3.9/site-packages/airflow/example_dags/example_skip_dag.py for tasks to queue
[2024-12-18 22:23:31,109] {logging_mixin.py:115} INFO - [2024-12-18 22:23:31,108] {dagbag.py:507} INFO - Filling up the DagBag from /home/patriciacorreia/Documents/airflowalura/venv/lib/python3.9/site-packages/airflow/example_dags/example_skip_dag.py
[2024-12-18 22:23:31,116] {processor.py:651} INFO - DAG(s) dict_keys(['example_skip_dag']) retrieved from /home/patriciacorreia/Documents/airflowalura/venv/lib/python3.9/site-packages/airflow/example_dags/example_skip_dag.py
[2024-12-18 22:23:31,146] {logging_mixin.py:115} INFO - [2024-12-18 22:23:31,146] {dag.py:2379} INFO - Sync 1 DAGs
[2024-12-18 22:23:31,182] {logging_mixin.py:115} INFO - [2024-12-18 22:23:31,182] {dag.py:2927} INFO - Setting next_dagrun for example_skip_dag to 2024-12-18T01:23:31.181945+00:00, run_after=2024-12-19T01:23:31.181945+00:00
[2024-12-18 22:23:31,202] {processor.py:161} INFO - Processing /home/patriciacorreia/Documents/airflowalura/venv/lib/python3.9/site-packages/airflow/example_dags/example_skip_dag.py took 0.102 seconds
[2024-12-18 22:24:05,862] {processor.py:153} INFO - Started process (PID=19139) to work on /home/patriciacorreia/Documents/airflowalura/venv/lib/python3.9/site-packages/airflow/example_dags/example_skip_dag.py
[2024-12-18 22:24:05,866] {processor.py:641} INFO - Processing file /home/patriciacorreia/Documents/airflowalura/venv/lib/python3.9/site-packages/airflow/example_dags/example_skip_dag.py for tasks to queue
[2024-12-18 22:24:05,869] {logging_mixin.py:115} INFO - [2024-12-18 22:24:05,868] {dagbag.py:507} INFO - Filling up the DagBag from /home/patriciacorreia/Documents/airflowalura/venv/lib/python3.9/site-packages/airflow/example_dags/example_skip_dag.py
[2024-12-18 22:24:05,902] {processor.py:651} INFO - DAG(s) dict_keys(['example_skip_dag']) retrieved from /home/patriciacorreia/Documents/airflowalura/venv/lib/python3.9/site-packages/airflow/example_dags/example_skip_dag.py
[2024-12-18 22:24:05,969] {logging_mixin.py:115} INFO - [2024-12-18 22:24:05,968] {dag.py:2379} INFO - Sync 1 DAGs
[2024-12-18 22:24:06,044] {logging_mixin.py:115} INFO - [2024-12-18 22:24:06,044] {dag.py:2927} INFO - Setting next_dagrun for example_skip_dag to 2024-12-18T01:24:06.043844+00:00, run_after=2024-12-19T01:24:06.043844+00:00
[2024-12-18 22:24:06,082] {processor.py:161} INFO - Processing /home/patriciacorreia/Documents/airflowalura/venv/lib/python3.9/site-packages/airflow/example_dags/example_skip_dag.py took 0.237 seconds
[2024-12-18 22:24:41,678] {processor.py:153} INFO - Started process (PID=19299) to work on /home/patriciacorreia/Documents/airflowalura/venv/lib/python3.9/site-packages/airflow/example_dags/example_skip_dag.py
[2024-12-18 22:24:41,679] {processor.py:641} INFO - Processing file /home/patriciacorreia/Documents/airflowalura/venv/lib/python3.9/site-packages/airflow/example_dags/example_skip_dag.py for tasks to queue
[2024-12-18 22:24:41,680] {logging_mixin.py:115} INFO - [2024-12-18 22:24:41,680] {dagbag.py:507} INFO - Filling up the DagBag from /home/patriciacorreia/Documents/airflowalura/venv/lib/python3.9/site-packages/airflow/example_dags/example_skip_dag.py
[2024-12-18 22:24:41,687] {processor.py:651} INFO - DAG(s) dict_keys(['example_skip_dag']) retrieved from /home/patriciacorreia/Documents/airflowalura/venv/lib/python3.9/site-packages/airflow/example_dags/example_skip_dag.py
[2024-12-18 22:24:41,718] {logging_mixin.py:115} INFO - [2024-12-18 22:24:41,718] {dag.py:2379} INFO - Sync 1 DAGs
[2024-12-18 22:24:41,755] {logging_mixin.py:115} INFO - [2024-12-18 22:24:41,755] {dag.py:2927} INFO - Setting next_dagrun for example_skip_dag to 2024-12-18T01:24:41.754788+00:00, run_after=2024-12-19T01:24:41.754788+00:00
[2024-12-18 22:24:41,775] {processor.py:161} INFO - Processing /home/patriciacorreia/Documents/airflowalura/venv/lib/python3.9/site-packages/airflow/example_dags/example_skip_dag.py took 0.102 seconds
[2024-12-18 22:25:15,339] {processor.py:153} INFO - Started process (PID=19491) to work on /home/patriciacorreia/Documents/airflowalura/venv/lib/python3.9/site-packages/airflow/example_dags/example_skip_dag.py
[2024-12-18 22:25:15,341] {processor.py:641} INFO - Processing file /home/patriciacorreia/Documents/airflowalura/venv/lib/python3.9/site-packages/airflow/example_dags/example_skip_dag.py for tasks to queue
[2024-12-18 22:25:15,343] {logging_mixin.py:115} INFO - [2024-12-18 22:25:15,343] {dagbag.py:507} INFO - Filling up the DagBag from /home/patriciacorreia/Documents/airflowalura/venv/lib/python3.9/site-packages/airflow/example_dags/example_skip_dag.py
[2024-12-18 22:25:15,356] {processor.py:651} INFO - DAG(s) dict_keys(['example_skip_dag']) retrieved from /home/patriciacorreia/Documents/airflowalura/venv/lib/python3.9/site-packages/airflow/example_dags/example_skip_dag.py
[2024-12-18 22:25:15,398] {logging_mixin.py:115} INFO - [2024-12-18 22:25:15,398] {dag.py:2379} INFO - Sync 1 DAGs
[2024-12-18 22:25:15,448] {logging_mixin.py:115} INFO - [2024-12-18 22:25:15,448] {dag.py:2927} INFO - Setting next_dagrun for example_skip_dag to 2024-12-18T01:25:15.448111+00:00, run_after=2024-12-19T01:25:15.448111+00:00
[2024-12-18 22:25:15,480] {processor.py:161} INFO - Processing /home/patriciacorreia/Documents/airflowalura/venv/lib/python3.9/site-packages/airflow/example_dags/example_skip_dag.py took 0.150 seconds
[2024-12-18 22:25:56,764] {processor.py:153} INFO - Started process (PID=19672) to work on /home/patriciacorreia/Documents/airflowalura/venv/lib/python3.9/site-packages/airflow/example_dags/example_skip_dag.py
[2024-12-18 22:25:56,769] {processor.py:641} INFO - Processing file /home/patriciacorreia/Documents/airflowalura/venv/lib/python3.9/site-packages/airflow/example_dags/example_skip_dag.py for tasks to queue
[2024-12-18 22:25:56,772] {logging_mixin.py:115} INFO - [2024-12-18 22:25:56,771] {dagbag.py:507} INFO - Filling up the DagBag from /home/patriciacorreia/Documents/airflowalura/venv/lib/python3.9/site-packages/airflow/example_dags/example_skip_dag.py
[2024-12-18 22:25:56,808] {processor.py:651} INFO - DAG(s) dict_keys(['example_skip_dag']) retrieved from /home/patriciacorreia/Documents/airflowalura/venv/lib/python3.9/site-packages/airflow/example_dags/example_skip_dag.py
[2024-12-18 22:25:56,939] {logging_mixin.py:115} INFO - [2024-12-18 22:25:56,939] {dag.py:2379} INFO - Sync 1 DAGs
[2024-12-18 22:25:56,999] {logging_mixin.py:115} INFO - [2024-12-18 22:25:56,999] {dag.py:2927} INFO - Setting next_dagrun for example_skip_dag to 2024-12-18T01:25:56.999256+00:00, run_after=2024-12-19T01:25:56.999256+00:00
[2024-12-18 22:25:57,022] {processor.py:161} INFO - Processing /home/patriciacorreia/Documents/airflowalura/venv/lib/python3.9/site-packages/airflow/example_dags/example_skip_dag.py took 0.281 seconds
[2024-12-18 22:26:35,862] {processor.py:153} INFO - Started process (PID=19848) to work on /home/patriciacorreia/Documents/airflowalura/venv/lib/python3.9/site-packages/airflow/example_dags/example_skip_dag.py
[2024-12-18 22:26:35,870] {processor.py:641} INFO - Processing file /home/patriciacorreia/Documents/airflowalura/venv/lib/python3.9/site-packages/airflow/example_dags/example_skip_dag.py for tasks to queue
[2024-12-18 22:26:35,873] {logging_mixin.py:115} INFO - [2024-12-18 22:26:35,872] {dagbag.py:507} INFO - Filling up the DagBag from /home/patriciacorreia/Documents/airflowalura/venv/lib/python3.9/site-packages/airflow/example_dags/example_skip_dag.py
[2024-12-18 22:26:35,902] {processor.py:651} INFO - DAG(s) dict_keys(['example_skip_dag']) retrieved from /home/patriciacorreia/Documents/airflowalura/venv/lib/python3.9/site-packages/airflow/example_dags/example_skip_dag.py
[2024-12-18 22:26:36,018] {logging_mixin.py:115} INFO - [2024-12-18 22:26:36,018] {dag.py:2379} INFO - Sync 1 DAGs
[2024-12-18 22:26:36,082] {logging_mixin.py:115} INFO - [2024-12-18 22:26:36,082] {dag.py:2927} INFO - Setting next_dagrun for example_skip_dag to 2024-12-18T01:26:36.082038+00:00, run_after=2024-12-19T01:26:36.082038+00:00
[2024-12-18 22:26:36,113] {processor.py:161} INFO - Processing /home/patriciacorreia/Documents/airflowalura/venv/lib/python3.9/site-packages/airflow/example_dags/example_skip_dag.py took 0.269 seconds
[2024-12-18 22:27:19,507] {processor.py:153} INFO - Started process (PID=20042) to work on /home/patriciacorreia/Documents/airflowalura/venv/lib/python3.9/site-packages/airflow/example_dags/example_skip_dag.py
[2024-12-18 22:27:19,511] {processor.py:641} INFO - Processing file /home/patriciacorreia/Documents/airflowalura/venv/lib/python3.9/site-packages/airflow/example_dags/example_skip_dag.py for tasks to queue
[2024-12-18 22:27:19,514] {logging_mixin.py:115} INFO - [2024-12-18 22:27:19,514] {dagbag.py:507} INFO - Filling up the DagBag from /home/patriciacorreia/Documents/airflowalura/venv/lib/python3.9/site-packages/airflow/example_dags/example_skip_dag.py
[2024-12-18 22:27:19,538] {processor.py:651} INFO - DAG(s) dict_keys(['example_skip_dag']) retrieved from /home/patriciacorreia/Documents/airflowalura/venv/lib/python3.9/site-packages/airflow/example_dags/example_skip_dag.py
[2024-12-18 22:27:19,605] {logging_mixin.py:115} INFO - [2024-12-18 22:27:19,605] {dag.py:2379} INFO - Sync 1 DAGs
[2024-12-18 22:27:19,654] {logging_mixin.py:115} INFO - [2024-12-18 22:27:19,653] {dag.py:2927} INFO - Setting next_dagrun for example_skip_dag to 2024-12-18T01:27:19.653212+00:00, run_after=2024-12-19T01:27:19.653212+00:00
[2024-12-18 22:27:19,679] {processor.py:161} INFO - Processing /home/patriciacorreia/Documents/airflowalura/venv/lib/python3.9/site-packages/airflow/example_dags/example_skip_dag.py took 0.188 seconds
[2024-12-18 22:28:00,231] {processor.py:153} INFO - Started process (PID=20245) to work on /home/patriciacorreia/Documents/airflowalura/venv/lib/python3.9/site-packages/airflow/example_dags/example_skip_dag.py
[2024-12-18 22:28:00,232] {processor.py:641} INFO - Processing file /home/patriciacorreia/Documents/airflowalura/venv/lib/python3.9/site-packages/airflow/example_dags/example_skip_dag.py for tasks to queue
[2024-12-18 22:28:00,234] {logging_mixin.py:115} INFO - [2024-12-18 22:28:00,234] {dagbag.py:507} INFO - Filling up the DagBag from /home/patriciacorreia/Documents/airflowalura/venv/lib/python3.9/site-packages/airflow/example_dags/example_skip_dag.py
[2024-12-18 22:28:00,244] {processor.py:651} INFO - DAG(s) dict_keys(['example_skip_dag']) retrieved from /home/patriciacorreia/Documents/airflowalura/venv/lib/python3.9/site-packages/airflow/example_dags/example_skip_dag.py
[2024-12-18 22:28:00,280] {logging_mixin.py:115} INFO - [2024-12-18 22:28:00,280] {dag.py:2379} INFO - Sync 1 DAGs
[2024-12-18 22:28:00,322] {logging_mixin.py:115} INFO - [2024-12-18 22:28:00,322] {dag.py:2927} INFO - Setting next_dagrun for example_skip_dag to 2024-12-18T01:28:00.322125+00:00, run_after=2024-12-19T01:28:00.322125+00:00
[2024-12-18 22:28:00,354] {processor.py:161} INFO - Processing /home/patriciacorreia/Documents/airflowalura/venv/lib/python3.9/site-packages/airflow/example_dags/example_skip_dag.py took 0.130 seconds
[2024-12-18 22:28:32,934] {processor.py:153} INFO - Started process (PID=20405) to work on /home/patriciacorreia/Documents/airflowalura/venv/lib/python3.9/site-packages/airflow/example_dags/example_skip_dag.py
[2024-12-18 22:28:32,936] {processor.py:641} INFO - Processing file /home/patriciacorreia/Documents/airflowalura/venv/lib/python3.9/site-packages/airflow/example_dags/example_skip_dag.py for tasks to queue
[2024-12-18 22:28:32,937] {logging_mixin.py:115} INFO - [2024-12-18 22:28:32,937] {dagbag.py:507} INFO - Filling up the DagBag from /home/patriciacorreia/Documents/airflowalura/venv/lib/python3.9/site-packages/airflow/example_dags/example_skip_dag.py
[2024-12-18 22:28:32,948] {processor.py:651} INFO - DAG(s) dict_keys(['example_skip_dag']) retrieved from /home/patriciacorreia/Documents/airflowalura/venv/lib/python3.9/site-packages/airflow/example_dags/example_skip_dag.py
[2024-12-18 22:28:32,982] {logging_mixin.py:115} INFO - [2024-12-18 22:28:32,981] {dag.py:2379} INFO - Sync 1 DAGs
[2024-12-18 22:28:33,013] {logging_mixin.py:115} INFO - [2024-12-18 22:28:33,013] {dag.py:2927} INFO - Setting next_dagrun for example_skip_dag to 2024-12-18T01:28:33.013127+00:00, run_after=2024-12-19T01:28:33.013127+00:00
[2024-12-18 22:28:33,033] {processor.py:161} INFO - Processing /home/patriciacorreia/Documents/airflowalura/venv/lib/python3.9/site-packages/airflow/example_dags/example_skip_dag.py took 0.105 seconds
[2024-12-18 22:29:10,964] {processor.py:153} INFO - Started process (PID=20596) to work on /home/patriciacorreia/Documents/airflowalura/venv/lib/python3.9/site-packages/airflow/example_dags/example_skip_dag.py
[2024-12-18 22:29:10,967] {processor.py:641} INFO - Processing file /home/patriciacorreia/Documents/airflowalura/venv/lib/python3.9/site-packages/airflow/example_dags/example_skip_dag.py for tasks to queue
[2024-12-18 22:29:10,970] {logging_mixin.py:115} INFO - [2024-12-18 22:29:10,970] {dagbag.py:507} INFO - Filling up the DagBag from /home/patriciacorreia/Documents/airflowalura/venv/lib/python3.9/site-packages/airflow/example_dags/example_skip_dag.py
[2024-12-18 22:29:10,988] {processor.py:651} INFO - DAG(s) dict_keys(['example_skip_dag']) retrieved from /home/patriciacorreia/Documents/airflowalura/venv/lib/python3.9/site-packages/airflow/example_dags/example_skip_dag.py
[2024-12-18 22:29:11,044] {logging_mixin.py:115} INFO - [2024-12-18 22:29:11,043] {dag.py:2379} INFO - Sync 1 DAGs
[2024-12-18 22:29:11,072] {logging_mixin.py:115} INFO - [2024-12-18 22:29:11,071] {dag.py:2927} INFO - Setting next_dagrun for example_skip_dag to 2024-12-18T01:29:11.071443+00:00, run_after=2024-12-19T01:29:11.071443+00:00
[2024-12-18 22:29:11,089] {processor.py:161} INFO - Processing /home/patriciacorreia/Documents/airflowalura/venv/lib/python3.9/site-packages/airflow/example_dags/example_skip_dag.py took 0.137 seconds
[2024-12-18 22:29:47,213] {processor.py:153} INFO - Started process (PID=20784) to work on /home/patriciacorreia/Documents/airflowalura/venv/lib/python3.9/site-packages/airflow/example_dags/example_skip_dag.py
[2024-12-18 22:29:47,215] {processor.py:641} INFO - Processing file /home/patriciacorreia/Documents/airflowalura/venv/lib/python3.9/site-packages/airflow/example_dags/example_skip_dag.py for tasks to queue
[2024-12-18 22:29:47,216] {logging_mixin.py:115} INFO - [2024-12-18 22:29:47,215] {dagbag.py:507} INFO - Filling up the DagBag from /home/patriciacorreia/Documents/airflowalura/venv/lib/python3.9/site-packages/airflow/example_dags/example_skip_dag.py
[2024-12-18 22:29:47,226] {processor.py:651} INFO - DAG(s) dict_keys(['example_skip_dag']) retrieved from /home/patriciacorreia/Documents/airflowalura/venv/lib/python3.9/site-packages/airflow/example_dags/example_skip_dag.py
[2024-12-18 22:29:47,263] {logging_mixin.py:115} INFO - [2024-12-18 22:29:47,263] {dag.py:2379} INFO - Sync 1 DAGs
[2024-12-18 22:29:47,304] {logging_mixin.py:115} INFO - [2024-12-18 22:29:47,304] {dag.py:2927} INFO - Setting next_dagrun for example_skip_dag to 2024-12-18T01:29:47.303482+00:00, run_after=2024-12-19T01:29:47.303482+00:00
[2024-12-18 22:29:47,330] {processor.py:161} INFO - Processing /home/patriciacorreia/Documents/airflowalura/venv/lib/python3.9/site-packages/airflow/example_dags/example_skip_dag.py took 0.124 seconds
[2024-12-18 22:30:25,362] {processor.py:153} INFO - Started process (PID=20979) to work on /home/patriciacorreia/Documents/airflowalura/venv/lib/python3.9/site-packages/airflow/example_dags/example_skip_dag.py
[2024-12-18 22:30:25,364] {processor.py:641} INFO - Processing file /home/patriciacorreia/Documents/airflowalura/venv/lib/python3.9/site-packages/airflow/example_dags/example_skip_dag.py for tasks to queue
[2024-12-18 22:30:25,365] {logging_mixin.py:115} INFO - [2024-12-18 22:30:25,364] {dagbag.py:507} INFO - Filling up the DagBag from /home/patriciacorreia/Documents/airflowalura/venv/lib/python3.9/site-packages/airflow/example_dags/example_skip_dag.py
[2024-12-18 22:30:25,374] {processor.py:651} INFO - DAG(s) dict_keys(['example_skip_dag']) retrieved from /home/patriciacorreia/Documents/airflowalura/venv/lib/python3.9/site-packages/airflow/example_dags/example_skip_dag.py
[2024-12-18 22:30:25,399] {logging_mixin.py:115} INFO - [2024-12-18 22:30:25,399] {dag.py:2379} INFO - Sync 1 DAGs
[2024-12-18 22:30:25,432] {logging_mixin.py:115} INFO - [2024-12-18 22:30:25,432] {dag.py:2927} INFO - Setting next_dagrun for example_skip_dag to 2024-12-18T01:30:25.431444+00:00, run_after=2024-12-19T01:30:25.431444+00:00
[2024-12-18 22:30:25,451] {processor.py:161} INFO - Processing /home/patriciacorreia/Documents/airflowalura/venv/lib/python3.9/site-packages/airflow/example_dags/example_skip_dag.py took 0.095 seconds
[2024-12-18 22:30:59,800] {processor.py:153} INFO - Started process (PID=21163) to work on /home/patriciacorreia/Documents/airflowalura/venv/lib/python3.9/site-packages/airflow/example_dags/example_skip_dag.py
[2024-12-18 22:30:59,801] {processor.py:641} INFO - Processing file /home/patriciacorreia/Documents/airflowalura/venv/lib/python3.9/site-packages/airflow/example_dags/example_skip_dag.py for tasks to queue
[2024-12-18 22:30:59,802] {logging_mixin.py:115} INFO - [2024-12-18 22:30:59,802] {dagbag.py:507} INFO - Filling up the DagBag from /home/patriciacorreia/Documents/airflowalura/venv/lib/python3.9/site-packages/airflow/example_dags/example_skip_dag.py
[2024-12-18 22:30:59,808] {processor.py:651} INFO - DAG(s) dict_keys(['example_skip_dag']) retrieved from /home/patriciacorreia/Documents/airflowalura/venv/lib/python3.9/site-packages/airflow/example_dags/example_skip_dag.py
[2024-12-18 22:30:59,891] {logging_mixin.py:115} INFO - [2024-12-18 22:30:59,890] {dag.py:2379} INFO - Sync 1 DAGs
[2024-12-18 22:30:59,976] {logging_mixin.py:115} INFO - [2024-12-18 22:30:59,976] {dag.py:2927} INFO - Setting next_dagrun for example_skip_dag to 2024-12-18T01:30:59.975204+00:00, run_after=2024-12-19T01:30:59.975204+00:00
[2024-12-18 22:31:00,014] {processor.py:161} INFO - Processing /home/patriciacorreia/Documents/airflowalura/venv/lib/python3.9/site-packages/airflow/example_dags/example_skip_dag.py took 0.218 seconds
[2024-12-18 22:31:35,209] {processor.py:153} INFO - Started process (PID=21346) to work on /home/patriciacorreia/Documents/airflowalura/venv/lib/python3.9/site-packages/airflow/example_dags/example_skip_dag.py
[2024-12-18 22:31:35,211] {processor.py:641} INFO - Processing file /home/patriciacorreia/Documents/airflowalura/venv/lib/python3.9/site-packages/airflow/example_dags/example_skip_dag.py for tasks to queue
[2024-12-18 22:31:35,212] {logging_mixin.py:115} INFO - [2024-12-18 22:31:35,212] {dagbag.py:507} INFO - Filling up the DagBag from /home/patriciacorreia/Documents/airflowalura/venv/lib/python3.9/site-packages/airflow/example_dags/example_skip_dag.py
[2024-12-18 22:31:35,225] {processor.py:651} INFO - DAG(s) dict_keys(['example_skip_dag']) retrieved from /home/patriciacorreia/Documents/airflowalura/venv/lib/python3.9/site-packages/airflow/example_dags/example_skip_dag.py
[2024-12-18 22:31:35,266] {logging_mixin.py:115} INFO - [2024-12-18 22:31:35,266] {dag.py:2379} INFO - Sync 1 DAGs
[2024-12-18 22:31:35,306] {logging_mixin.py:115} INFO - [2024-12-18 22:31:35,306] {dag.py:2927} INFO - Setting next_dagrun for example_skip_dag to 2024-12-18T01:31:35.305645+00:00, run_after=2024-12-19T01:31:35.305645+00:00
[2024-12-18 22:31:35,323] {processor.py:161} INFO - Processing /home/patriciacorreia/Documents/airflowalura/venv/lib/python3.9/site-packages/airflow/example_dags/example_skip_dag.py took 0.121 seconds
[2024-12-18 22:32:12,962] {processor.py:153} INFO - Started process (PID=21533) to work on /home/patriciacorreia/Documents/airflowalura/venv/lib/python3.9/site-packages/airflow/example_dags/example_skip_dag.py
[2024-12-18 22:32:12,966] {processor.py:641} INFO - Processing file /home/patriciacorreia/Documents/airflowalura/venv/lib/python3.9/site-packages/airflow/example_dags/example_skip_dag.py for tasks to queue
[2024-12-18 22:32:12,968] {logging_mixin.py:115} INFO - [2024-12-18 22:32:12,968] {dagbag.py:507} INFO - Filling up the DagBag from /home/patriciacorreia/Documents/airflowalura/venv/lib/python3.9/site-packages/airflow/example_dags/example_skip_dag.py
[2024-12-18 22:32:12,988] {processor.py:651} INFO - DAG(s) dict_keys(['example_skip_dag']) retrieved from /home/patriciacorreia/Documents/airflowalura/venv/lib/python3.9/site-packages/airflow/example_dags/example_skip_dag.py
[2024-12-18 22:32:13,051] {logging_mixin.py:115} INFO - [2024-12-18 22:32:13,051] {dag.py:2379} INFO - Sync 1 DAGs
[2024-12-18 22:32:13,085] {logging_mixin.py:115} INFO - [2024-12-18 22:32:13,085] {dag.py:2927} INFO - Setting next_dagrun for example_skip_dag to 2024-12-18T01:32:13.084898+00:00, run_after=2024-12-19T01:32:13.084898+00:00
[2024-12-18 22:32:13,103] {processor.py:161} INFO - Processing /home/patriciacorreia/Documents/airflowalura/venv/lib/python3.9/site-packages/airflow/example_dags/example_skip_dag.py took 0.154 seconds
[2024-12-18 22:32:49,872] {processor.py:153} INFO - Started process (PID=21714) to work on /home/patriciacorreia/Documents/airflowalura/venv/lib/python3.9/site-packages/airflow/example_dags/example_skip_dag.py
[2024-12-18 22:32:49,876] {processor.py:641} INFO - Processing file /home/patriciacorreia/Documents/airflowalura/venv/lib/python3.9/site-packages/airflow/example_dags/example_skip_dag.py for tasks to queue
[2024-12-18 22:32:49,879] {logging_mixin.py:115} INFO - [2024-12-18 22:32:49,878] {dagbag.py:507} INFO - Filling up the DagBag from /home/patriciacorreia/Documents/airflowalura/venv/lib/python3.9/site-packages/airflow/example_dags/example_skip_dag.py
[2024-12-18 22:32:49,910] {processor.py:651} INFO - DAG(s) dict_keys(['example_skip_dag']) retrieved from /home/patriciacorreia/Documents/airflowalura/venv/lib/python3.9/site-packages/airflow/example_dags/example_skip_dag.py
[2024-12-18 22:32:50,007] {logging_mixin.py:115} INFO - [2024-12-18 22:32:50,006] {dag.py:2379} INFO - Sync 1 DAGs
[2024-12-18 22:32:50,131] {logging_mixin.py:115} INFO - [2024-12-18 22:32:50,130] {dag.py:2927} INFO - Setting next_dagrun for example_skip_dag to 2024-12-18T01:32:50.128679+00:00, run_after=2024-12-19T01:32:50.128679+00:00
[2024-12-18 22:32:50,162] {processor.py:161} INFO - Processing /home/patriciacorreia/Documents/airflowalura/venv/lib/python3.9/site-packages/airflow/example_dags/example_skip_dag.py took 0.310 seconds
[2024-12-18 22:33:30,861] {processor.py:153} INFO - Started process (PID=21901) to work on /home/patriciacorreia/Documents/airflowalura/venv/lib/python3.9/site-packages/airflow/example_dags/example_skip_dag.py
[2024-12-18 22:33:30,866] {processor.py:641} INFO - Processing file /home/patriciacorreia/Documents/airflowalura/venv/lib/python3.9/site-packages/airflow/example_dags/example_skip_dag.py for tasks to queue
[2024-12-18 22:33:30,869] {logging_mixin.py:115} INFO - [2024-12-18 22:33:30,869] {dagbag.py:507} INFO - Filling up the DagBag from /home/patriciacorreia/Documents/airflowalura/venv/lib/python3.9/site-packages/airflow/example_dags/example_skip_dag.py
[2024-12-18 22:33:30,894] {processor.py:651} INFO - DAG(s) dict_keys(['example_skip_dag']) retrieved from /home/patriciacorreia/Documents/airflowalura/venv/lib/python3.9/site-packages/airflow/example_dags/example_skip_dag.py
[2024-12-18 22:33:30,979] {logging_mixin.py:115} INFO - [2024-12-18 22:33:30,979] {dag.py:2379} INFO - Sync 1 DAGs
[2024-12-18 22:33:31,046] {logging_mixin.py:115} INFO - [2024-12-18 22:33:31,046] {dag.py:2927} INFO - Setting next_dagrun for example_skip_dag to 2024-12-18T01:33:31.046057+00:00, run_after=2024-12-19T01:33:31.046057+00:00
[2024-12-18 22:33:31,070] {processor.py:161} INFO - Processing /home/patriciacorreia/Documents/airflowalura/venv/lib/python3.9/site-packages/airflow/example_dags/example_skip_dag.py took 0.223 seconds
[2024-12-18 22:34:08,638] {processor.py:153} INFO - Started process (PID=22068) to work on /home/patriciacorreia/Documents/airflowalura/venv/lib/python3.9/site-packages/airflow/example_dags/example_skip_dag.py
[2024-12-18 22:34:08,642] {processor.py:641} INFO - Processing file /home/patriciacorreia/Documents/airflowalura/venv/lib/python3.9/site-packages/airflow/example_dags/example_skip_dag.py for tasks to queue
[2024-12-18 22:34:08,646] {logging_mixin.py:115} INFO - [2024-12-18 22:34:08,645] {dagbag.py:507} INFO - Filling up the DagBag from /home/patriciacorreia/Documents/airflowalura/venv/lib/python3.9/site-packages/airflow/example_dags/example_skip_dag.py
[2024-12-18 22:34:08,676] {processor.py:651} INFO - DAG(s) dict_keys(['example_skip_dag']) retrieved from /home/patriciacorreia/Documents/airflowalura/venv/lib/python3.9/site-packages/airflow/example_dags/example_skip_dag.py
[2024-12-18 22:34:08,734] {logging_mixin.py:115} INFO - [2024-12-18 22:34:08,733] {dag.py:2379} INFO - Sync 1 DAGs
[2024-12-18 22:34:08,780] {logging_mixin.py:115} INFO - [2024-12-18 22:34:08,780] {dag.py:2927} INFO - Setting next_dagrun for example_skip_dag to 2024-12-18T01:34:08.780176+00:00, run_after=2024-12-19T01:34:08.780176+00:00
[2024-12-18 22:34:08,807] {processor.py:161} INFO - Processing /home/patriciacorreia/Documents/airflowalura/venv/lib/python3.9/site-packages/airflow/example_dags/example_skip_dag.py took 0.187 seconds
[2024-12-18 22:34:55,035] {processor.py:153} INFO - Started process (PID=22276) to work on /home/patriciacorreia/Documents/airflowalura/venv/lib/python3.9/site-packages/airflow/example_dags/example_skip_dag.py
[2024-12-18 22:34:55,038] {processor.py:641} INFO - Processing file /home/patriciacorreia/Documents/airflowalura/venv/lib/python3.9/site-packages/airflow/example_dags/example_skip_dag.py for tasks to queue
[2024-12-18 22:34:55,042] {logging_mixin.py:115} INFO - [2024-12-18 22:34:55,041] {dagbag.py:507} INFO - Filling up the DagBag from /home/patriciacorreia/Documents/airflowalura/venv/lib/python3.9/site-packages/airflow/example_dags/example_skip_dag.py
[2024-12-18 22:34:55,069] {processor.py:651} INFO - DAG(s) dict_keys(['example_skip_dag']) retrieved from /home/patriciacorreia/Documents/airflowalura/venv/lib/python3.9/site-packages/airflow/example_dags/example_skip_dag.py
[2024-12-18 22:34:55,146] {logging_mixin.py:115} INFO - [2024-12-18 22:34:55,146] {dag.py:2379} INFO - Sync 1 DAGs
[2024-12-18 22:34:55,243] {logging_mixin.py:115} INFO - [2024-12-18 22:34:55,242] {dag.py:2927} INFO - Setting next_dagrun for example_skip_dag to 2024-12-18T01:34:55.241909+00:00, run_after=2024-12-19T01:34:55.241909+00:00
[2024-12-18 22:34:55,297] {processor.py:161} INFO - Processing /home/patriciacorreia/Documents/airflowalura/venv/lib/python3.9/site-packages/airflow/example_dags/example_skip_dag.py took 0.275 seconds
[2024-12-18 22:35:35,729] {processor.py:153} INFO - Started process (PID=22458) to work on /home/patriciacorreia/Documents/airflowalura/venv/lib/python3.9/site-packages/airflow/example_dags/example_skip_dag.py
[2024-12-18 22:35:35,732] {processor.py:641} INFO - Processing file /home/patriciacorreia/Documents/airflowalura/venv/lib/python3.9/site-packages/airflow/example_dags/example_skip_dag.py for tasks to queue
[2024-12-18 22:35:35,734] {logging_mixin.py:115} INFO - [2024-12-18 22:35:35,734] {dagbag.py:507} INFO - Filling up the DagBag from /home/patriciacorreia/Documents/airflowalura/venv/lib/python3.9/site-packages/airflow/example_dags/example_skip_dag.py
[2024-12-18 22:35:35,755] {processor.py:651} INFO - DAG(s) dict_keys(['example_skip_dag']) retrieved from /home/patriciacorreia/Documents/airflowalura/venv/lib/python3.9/site-packages/airflow/example_dags/example_skip_dag.py
[2024-12-18 22:35:35,791] {logging_mixin.py:115} INFO - [2024-12-18 22:35:35,791] {dag.py:2379} INFO - Sync 1 DAGs
[2024-12-18 22:35:35,824] {logging_mixin.py:115} INFO - [2024-12-18 22:35:35,824] {dag.py:2927} INFO - Setting next_dagrun for example_skip_dag to 2024-12-18T01:35:35.824184+00:00, run_after=2024-12-19T01:35:35.824184+00:00
[2024-12-18 22:35:35,848] {processor.py:161} INFO - Processing /home/patriciacorreia/Documents/airflowalura/venv/lib/python3.9/site-packages/airflow/example_dags/example_skip_dag.py took 0.139 seconds
[2024-12-18 22:36:12,769] {processor.py:153} INFO - Started process (PID=22629) to work on /home/patriciacorreia/Documents/airflowalura/venv/lib/python3.9/site-packages/airflow/example_dags/example_skip_dag.py
[2024-12-18 22:36:12,771] {processor.py:641} INFO - Processing file /home/patriciacorreia/Documents/airflowalura/venv/lib/python3.9/site-packages/airflow/example_dags/example_skip_dag.py for tasks to queue
[2024-12-18 22:36:12,772] {logging_mixin.py:115} INFO - [2024-12-18 22:36:12,772] {dagbag.py:507} INFO - Filling up the DagBag from /home/patriciacorreia/Documents/airflowalura/venv/lib/python3.9/site-packages/airflow/example_dags/example_skip_dag.py
[2024-12-18 22:36:12,782] {processor.py:651} INFO - DAG(s) dict_keys(['example_skip_dag']) retrieved from /home/patriciacorreia/Documents/airflowalura/venv/lib/python3.9/site-packages/airflow/example_dags/example_skip_dag.py
[2024-12-18 22:36:12,809] {logging_mixin.py:115} INFO - [2024-12-18 22:36:12,809] {dag.py:2379} INFO - Sync 1 DAGs
[2024-12-18 22:36:12,836] {logging_mixin.py:115} INFO - [2024-12-18 22:36:12,836] {dag.py:2927} INFO - Setting next_dagrun for example_skip_dag to 2024-12-18T01:36:12.835670+00:00, run_after=2024-12-19T01:36:12.835670+00:00
[2024-12-18 22:36:12,857] {processor.py:161} INFO - Processing /home/patriciacorreia/Documents/airflowalura/venv/lib/python3.9/site-packages/airflow/example_dags/example_skip_dag.py took 0.093 seconds
[2024-12-18 22:36:50,569] {processor.py:153} INFO - Started process (PID=22794) to work on /home/patriciacorreia/Documents/airflowalura/venv/lib/python3.9/site-packages/airflow/example_dags/example_skip_dag.py
[2024-12-18 22:36:50,574] {processor.py:641} INFO - Processing file /home/patriciacorreia/Documents/airflowalura/venv/lib/python3.9/site-packages/airflow/example_dags/example_skip_dag.py for tasks to queue
[2024-12-18 22:36:50,577] {logging_mixin.py:115} INFO - [2024-12-18 22:36:50,576] {dagbag.py:507} INFO - Filling up the DagBag from /home/patriciacorreia/Documents/airflowalura/venv/lib/python3.9/site-packages/airflow/example_dags/example_skip_dag.py
[2024-12-18 22:36:50,601] {processor.py:651} INFO - DAG(s) dict_keys(['example_skip_dag']) retrieved from /home/patriciacorreia/Documents/airflowalura/venv/lib/python3.9/site-packages/airflow/example_dags/example_skip_dag.py
[2024-12-18 22:36:50,691] {logging_mixin.py:115} INFO - [2024-12-18 22:36:50,690] {dag.py:2379} INFO - Sync 1 DAGs
[2024-12-18 22:36:50,785] {logging_mixin.py:115} INFO - [2024-12-18 22:36:50,784] {dag.py:2927} INFO - Setting next_dagrun for example_skip_dag to 2024-12-18T01:36:50.783636+00:00, run_after=2024-12-19T01:36:50.783636+00:00
[2024-12-18 22:36:50,808] {processor.py:161} INFO - Processing /home/patriciacorreia/Documents/airflowalura/venv/lib/python3.9/site-packages/airflow/example_dags/example_skip_dag.py took 0.254 seconds
[2024-12-18 22:37:34,479] {processor.py:153} INFO - Started process (PID=22987) to work on /home/patriciacorreia/Documents/airflowalura/venv/lib/python3.9/site-packages/airflow/example_dags/example_skip_dag.py
[2024-12-18 22:37:34,483] {processor.py:641} INFO - Processing file /home/patriciacorreia/Documents/airflowalura/venv/lib/python3.9/site-packages/airflow/example_dags/example_skip_dag.py for tasks to queue
[2024-12-18 22:37:34,487] {logging_mixin.py:115} INFO - [2024-12-18 22:37:34,487] {dagbag.py:507} INFO - Filling up the DagBag from /home/patriciacorreia/Documents/airflowalura/venv/lib/python3.9/site-packages/airflow/example_dags/example_skip_dag.py
[2024-12-18 22:37:34,515] {processor.py:651} INFO - DAG(s) dict_keys(['example_skip_dag']) retrieved from /home/patriciacorreia/Documents/airflowalura/venv/lib/python3.9/site-packages/airflow/example_dags/example_skip_dag.py
[2024-12-18 22:37:34,597] {logging_mixin.py:115} INFO - [2024-12-18 22:37:34,597] {dag.py:2379} INFO - Sync 1 DAGs
[2024-12-18 22:37:34,697] {logging_mixin.py:115} INFO - [2024-12-18 22:37:34,696] {dag.py:2927} INFO - Setting next_dagrun for example_skip_dag to 2024-12-18T01:37:34.694828+00:00, run_after=2024-12-19T01:37:34.694828+00:00
[2024-12-18 22:37:34,752] {processor.py:161} INFO - Processing /home/patriciacorreia/Documents/airflowalura/venv/lib/python3.9/site-packages/airflow/example_dags/example_skip_dag.py took 0.289 seconds
[2024-12-18 22:38:15,755] {processor.py:153} INFO - Started process (PID=23178) to work on /home/patriciacorreia/Documents/airflowalura/venv/lib/python3.9/site-packages/airflow/example_dags/example_skip_dag.py
[2024-12-18 22:38:15,758] {processor.py:641} INFO - Processing file /home/patriciacorreia/Documents/airflowalura/venv/lib/python3.9/site-packages/airflow/example_dags/example_skip_dag.py for tasks to queue
[2024-12-18 22:38:15,761] {logging_mixin.py:115} INFO - [2024-12-18 22:38:15,760] {dagbag.py:507} INFO - Filling up the DagBag from /home/patriciacorreia/Documents/airflowalura/venv/lib/python3.9/site-packages/airflow/example_dags/example_skip_dag.py
[2024-12-18 22:38:15,784] {processor.py:651} INFO - DAG(s) dict_keys(['example_skip_dag']) retrieved from /home/patriciacorreia/Documents/airflowalura/venv/lib/python3.9/site-packages/airflow/example_dags/example_skip_dag.py
[2024-12-18 22:38:15,866] {logging_mixin.py:115} INFO - [2024-12-18 22:38:15,866] {dag.py:2379} INFO - Sync 1 DAGs
[2024-12-18 22:38:15,927] {logging_mixin.py:115} INFO - [2024-12-18 22:38:15,927] {dag.py:2927} INFO - Setting next_dagrun for example_skip_dag to 2024-12-18T01:38:15.927015+00:00, run_after=2024-12-19T01:38:15.927015+00:00
[2024-12-18 22:38:15,957] {processor.py:161} INFO - Processing /home/patriciacorreia/Documents/airflowalura/venv/lib/python3.9/site-packages/airflow/example_dags/example_skip_dag.py took 0.220 seconds
[2024-12-18 22:38:56,766] {processor.py:153} INFO - Started process (PID=23363) to work on /home/patriciacorreia/Documents/airflowalura/venv/lib/python3.9/site-packages/airflow/example_dags/example_skip_dag.py
[2024-12-18 22:38:56,770] {processor.py:641} INFO - Processing file /home/patriciacorreia/Documents/airflowalura/venv/lib/python3.9/site-packages/airflow/example_dags/example_skip_dag.py for tasks to queue
[2024-12-18 22:38:56,772] {logging_mixin.py:115} INFO - [2024-12-18 22:38:56,772] {dagbag.py:507} INFO - Filling up the DagBag from /home/patriciacorreia/Documents/airflowalura/venv/lib/python3.9/site-packages/airflow/example_dags/example_skip_dag.py
[2024-12-18 22:38:56,799] {processor.py:651} INFO - DAG(s) dict_keys(['example_skip_dag']) retrieved from /home/patriciacorreia/Documents/airflowalura/venv/lib/python3.9/site-packages/airflow/example_dags/example_skip_dag.py
[2024-12-18 22:38:56,878] {logging_mixin.py:115} INFO - [2024-12-18 22:38:56,877] {dag.py:2379} INFO - Sync 1 DAGs
[2024-12-18 22:38:56,938] {logging_mixin.py:115} INFO - [2024-12-18 22:38:56,937] {dag.py:2927} INFO - Setting next_dagrun for example_skip_dag to 2024-12-18T01:38:56.937017+00:00, run_after=2024-12-19T01:38:56.937017+00:00
[2024-12-18 22:38:56,964] {processor.py:161} INFO - Processing /home/patriciacorreia/Documents/airflowalura/venv/lib/python3.9/site-packages/airflow/example_dags/example_skip_dag.py took 0.213 seconds
[2024-12-18 22:39:40,949] {processor.py:153} INFO - Started process (PID=23569) to work on /home/patriciacorreia/Documents/airflowalura/venv/lib/python3.9/site-packages/airflow/example_dags/example_skip_dag.py
[2024-12-18 22:39:40,953] {processor.py:641} INFO - Processing file /home/patriciacorreia/Documents/airflowalura/venv/lib/python3.9/site-packages/airflow/example_dags/example_skip_dag.py for tasks to queue
[2024-12-18 22:39:40,955] {logging_mixin.py:115} INFO - [2024-12-18 22:39:40,955] {dagbag.py:507} INFO - Filling up the DagBag from /home/patriciacorreia/Documents/airflowalura/venv/lib/python3.9/site-packages/airflow/example_dags/example_skip_dag.py
[2024-12-18 22:39:40,984] {processor.py:651} INFO - DAG(s) dict_keys(['example_skip_dag']) retrieved from /home/patriciacorreia/Documents/airflowalura/venv/lib/python3.9/site-packages/airflow/example_dags/example_skip_dag.py
[2024-12-18 22:39:41,075] {logging_mixin.py:115} INFO - [2024-12-18 22:39:41,074] {dag.py:2379} INFO - Sync 1 DAGs
[2024-12-18 22:39:41,169] {logging_mixin.py:115} INFO - [2024-12-18 22:39:41,169] {dag.py:2927} INFO - Setting next_dagrun for example_skip_dag to 2024-12-18T01:39:41.168180+00:00, run_after=2024-12-19T01:39:41.168180+00:00
[2024-12-18 22:39:41,224] {processor.py:161} INFO - Processing /home/patriciacorreia/Documents/airflowalura/venv/lib/python3.9/site-packages/airflow/example_dags/example_skip_dag.py took 0.293 seconds
[2024-12-18 22:40:15,506] {processor.py:153} INFO - Started process (PID=23734) to work on /home/patriciacorreia/Documents/airflowalura/venv/lib/python3.9/site-packages/airflow/example_dags/example_skip_dag.py
[2024-12-18 22:40:15,507] {processor.py:641} INFO - Processing file /home/patriciacorreia/Documents/airflowalura/venv/lib/python3.9/site-packages/airflow/example_dags/example_skip_dag.py for tasks to queue
[2024-12-18 22:40:15,508] {logging_mixin.py:115} INFO - [2024-12-18 22:40:15,508] {dagbag.py:507} INFO - Filling up the DagBag from /home/patriciacorreia/Documents/airflowalura/venv/lib/python3.9/site-packages/airflow/example_dags/example_skip_dag.py
[2024-12-18 22:40:15,525] {processor.py:651} INFO - DAG(s) dict_keys(['example_skip_dag']) retrieved from /home/patriciacorreia/Documents/airflowalura/venv/lib/python3.9/site-packages/airflow/example_dags/example_skip_dag.py
[2024-12-18 22:40:15,569] {logging_mixin.py:115} INFO - [2024-12-18 22:40:15,569] {dag.py:2379} INFO - Sync 1 DAGs
[2024-12-18 22:40:15,610] {logging_mixin.py:115} INFO - [2024-12-18 22:40:15,610] {dag.py:2927} INFO - Setting next_dagrun for example_skip_dag to 2024-12-18T01:40:15.609884+00:00, run_after=2024-12-19T01:40:15.609884+00:00
[2024-12-18 22:40:15,633] {processor.py:161} INFO - Processing /home/patriciacorreia/Documents/airflowalura/venv/lib/python3.9/site-packages/airflow/example_dags/example_skip_dag.py took 0.141 seconds
