[2024-12-18 22:05:27,288] {processor.py:153} INFO - Started process (PID=13807) to work on /home/patriciacorreia/Documents/airflowalura/venv/lib/python3.9/site-packages/airflow/example_dags/example_latest_only_with_trigger.py
[2024-12-18 22:05:27,289] {processor.py:641} INFO - Processing file /home/patriciacorreia/Documents/airflowalura/venv/lib/python3.9/site-packages/airflow/example_dags/example_latest_only_with_trigger.py for tasks to queue
[2024-12-18 22:05:27,290] {logging_mixin.py:115} INFO - [2024-12-18 22:05:27,290] {dagbag.py:507} INFO - Filling up the DagBag from /home/patriciacorreia/Documents/airflowalura/venv/lib/python3.9/site-packages/airflow/example_dags/example_latest_only_with_trigger.py
[2024-12-18 22:05:27,303] {processor.py:651} INFO - DAG(s) dict_keys(['latest_only_with_trigger']) retrieved from /home/patriciacorreia/Documents/airflowalura/venv/lib/python3.9/site-packages/airflow/example_dags/example_latest_only_with_trigger.py
[2024-12-18 22:05:27,398] {logging_mixin.py:115} INFO - [2024-12-18 22:05:27,398] {manager.py:508} INFO - Created Permission View: can read on DAG:latest_only_with_trigger
[2024-12-18 22:05:27,410] {logging_mixin.py:115} INFO - [2024-12-18 22:05:27,410] {manager.py:508} INFO - Created Permission View: can delete on DAG:latest_only_with_trigger
[2024-12-18 22:05:27,421] {logging_mixin.py:115} INFO - [2024-12-18 22:05:27,421] {manager.py:508} INFO - Created Permission View: can edit on DAG:latest_only_with_trigger
[2024-12-18 22:05:27,421] {logging_mixin.py:115} INFO - [2024-12-18 22:05:27,421] {dag.py:2379} INFO - Sync 1 DAGs
[2024-12-18 22:05:27,447] {logging_mixin.py:115} INFO - [2024-12-18 22:05:27,447] {dag.py:2398} INFO - Creating ORM DAG for latest_only_with_trigger
[2024-12-18 22:05:27,483] {logging_mixin.py:115} INFO - [2024-12-18 22:05:27,483] {dag.py:2927} INFO - Setting next_dagrun for latest_only_with_trigger to 2024-12-18T21:05:27.481626+00:00, run_after=2024-12-19T01:05:27.481626+00:00
[2024-12-18 22:05:27,513] {processor.py:161} INFO - Processing /home/patriciacorreia/Documents/airflowalura/venv/lib/python3.9/site-packages/airflow/example_dags/example_latest_only_with_trigger.py took 0.233 seconds
[2024-12-18 22:06:04,992] {processor.py:153} INFO - Started process (PID=13930) to work on /home/patriciacorreia/Documents/airflowalura/venv/lib/python3.9/site-packages/airflow/example_dags/example_latest_only_with_trigger.py
[2024-12-18 22:06:04,994] {processor.py:641} INFO - Processing file /home/patriciacorreia/Documents/airflowalura/venv/lib/python3.9/site-packages/airflow/example_dags/example_latest_only_with_trigger.py for tasks to queue
[2024-12-18 22:06:04,995] {logging_mixin.py:115} INFO - [2024-12-18 22:06:04,994] {dagbag.py:507} INFO - Filling up the DagBag from /home/patriciacorreia/Documents/airflowalura/venv/lib/python3.9/site-packages/airflow/example_dags/example_latest_only_with_trigger.py
[2024-12-18 22:06:05,002] {processor.py:651} INFO - DAG(s) dict_keys(['latest_only_with_trigger']) retrieved from /home/patriciacorreia/Documents/airflowalura/venv/lib/python3.9/site-packages/airflow/example_dags/example_latest_only_with_trigger.py
[2024-12-18 22:06:05,023] {logging_mixin.py:115} INFO - [2024-12-18 22:06:05,023] {dag.py:2379} INFO - Sync 1 DAGs
[2024-12-18 22:06:05,045] {logging_mixin.py:115} INFO - [2024-12-18 22:06:05,045] {dag.py:2927} INFO - Setting next_dagrun for latest_only_with_trigger to 2024-12-18T21:06:05.045005+00:00, run_after=2024-12-19T01:06:05.045005+00:00
[2024-12-18 22:06:05,064] {processor.py:161} INFO - Processing /home/patriciacorreia/Documents/airflowalura/venv/lib/python3.9/site-packages/airflow/example_dags/example_latest_only_with_trigger.py took 0.076 seconds
[2024-12-18 22:06:39,293] {processor.py:153} INFO - Started process (PID=14061) to work on /home/patriciacorreia/Documents/airflowalura/venv/lib/python3.9/site-packages/airflow/example_dags/example_latest_only_with_trigger.py
[2024-12-18 22:06:39,294] {processor.py:641} INFO - Processing file /home/patriciacorreia/Documents/airflowalura/venv/lib/python3.9/site-packages/airflow/example_dags/example_latest_only_with_trigger.py for tasks to queue
[2024-12-18 22:06:39,295] {logging_mixin.py:115} INFO - [2024-12-18 22:06:39,295] {dagbag.py:507} INFO - Filling up the DagBag from /home/patriciacorreia/Documents/airflowalura/venv/lib/python3.9/site-packages/airflow/example_dags/example_latest_only_with_trigger.py
[2024-12-18 22:06:39,305] {processor.py:651} INFO - DAG(s) dict_keys(['latest_only_with_trigger']) retrieved from /home/patriciacorreia/Documents/airflowalura/venv/lib/python3.9/site-packages/airflow/example_dags/example_latest_only_with_trigger.py
[2024-12-18 22:06:39,336] {logging_mixin.py:115} INFO - [2024-12-18 22:06:39,336] {dag.py:2379} INFO - Sync 1 DAGs
[2024-12-18 22:06:39,359] {logging_mixin.py:115} INFO - [2024-12-18 22:06:39,359] {dag.py:2927} INFO - Setting next_dagrun for latest_only_with_trigger to 2024-12-18T21:06:39.359348+00:00, run_after=2024-12-19T01:06:39.359348+00:00
[2024-12-18 22:06:39,378] {processor.py:161} INFO - Processing /home/patriciacorreia/Documents/airflowalura/venv/lib/python3.9/site-packages/airflow/example_dags/example_latest_only_with_trigger.py took 0.089 seconds
[2024-12-18 22:07:17,218] {processor.py:153} INFO - Started process (PID=14167) to work on /home/patriciacorreia/Documents/airflowalura/venv/lib/python3.9/site-packages/airflow/example_dags/example_latest_only_with_trigger.py
[2024-12-18 22:07:17,219] {processor.py:641} INFO - Processing file /home/patriciacorreia/Documents/airflowalura/venv/lib/python3.9/site-packages/airflow/example_dags/example_latest_only_with_trigger.py for tasks to queue
[2024-12-18 22:07:17,221] {logging_mixin.py:115} INFO - [2024-12-18 22:07:17,220] {dagbag.py:507} INFO - Filling up the DagBag from /home/patriciacorreia/Documents/airflowalura/venv/lib/python3.9/site-packages/airflow/example_dags/example_latest_only_with_trigger.py
[2024-12-18 22:07:17,235] {processor.py:651} INFO - DAG(s) dict_keys(['latest_only_with_trigger']) retrieved from /home/patriciacorreia/Documents/airflowalura/venv/lib/python3.9/site-packages/airflow/example_dags/example_latest_only_with_trigger.py
[2024-12-18 22:07:17,267] {logging_mixin.py:115} INFO - [2024-12-18 22:07:17,267] {dag.py:2379} INFO - Sync 1 DAGs
[2024-12-18 22:07:17,300] {logging_mixin.py:115} INFO - [2024-12-18 22:07:17,299] {dag.py:2927} INFO - Setting next_dagrun for latest_only_with_trigger to 2024-12-18T21:07:17.299541+00:00, run_after=2024-12-19T01:07:17.299541+00:00
[2024-12-18 22:07:17,329] {processor.py:161} INFO - Processing /home/patriciacorreia/Documents/airflowalura/venv/lib/python3.9/site-packages/airflow/example_dags/example_latest_only_with_trigger.py took 0.121 seconds
[2024-12-18 22:07:55,650] {processor.py:153} INFO - Started process (PID=14248) to work on /home/patriciacorreia/Documents/airflowalura/venv/lib/python3.9/site-packages/airflow/example_dags/example_latest_only_with_trigger.py
[2024-12-18 22:07:55,652] {processor.py:641} INFO - Processing file /home/patriciacorreia/Documents/airflowalura/venv/lib/python3.9/site-packages/airflow/example_dags/example_latest_only_with_trigger.py for tasks to queue
[2024-12-18 22:07:55,653] {logging_mixin.py:115} INFO - [2024-12-18 22:07:55,653] {dagbag.py:507} INFO - Filling up the DagBag from /home/patriciacorreia/Documents/airflowalura/venv/lib/python3.9/site-packages/airflow/example_dags/example_latest_only_with_trigger.py
[2024-12-18 22:07:55,665] {processor.py:651} INFO - DAG(s) dict_keys(['latest_only_with_trigger']) retrieved from /home/patriciacorreia/Documents/airflowalura/venv/lib/python3.9/site-packages/airflow/example_dags/example_latest_only_with_trigger.py
[2024-12-18 22:07:55,705] {logging_mixin.py:115} INFO - [2024-12-18 22:07:55,704] {dag.py:2379} INFO - Sync 1 DAGs
[2024-12-18 22:07:55,744] {logging_mixin.py:115} INFO - [2024-12-18 22:07:55,744] {dag.py:2927} INFO - Setting next_dagrun for latest_only_with_trigger to 2024-12-18T21:07:55.743867+00:00, run_after=2024-12-19T01:07:55.743867+00:00
[2024-12-18 22:07:55,770] {processor.py:161} INFO - Processing /home/patriciacorreia/Documents/airflowalura/venv/lib/python3.9/site-packages/airflow/example_dags/example_latest_only_with_trigger.py took 0.126 seconds
[2024-12-18 22:08:33,437] {processor.py:153} INFO - Started process (PID=14363) to work on /home/patriciacorreia/Documents/airflowalura/venv/lib/python3.9/site-packages/airflow/example_dags/example_latest_only_with_trigger.py
[2024-12-18 22:08:33,439] {processor.py:641} INFO - Processing file /home/patriciacorreia/Documents/airflowalura/venv/lib/python3.9/site-packages/airflow/example_dags/example_latest_only_with_trigger.py for tasks to queue
[2024-12-18 22:08:33,440] {logging_mixin.py:115} INFO - [2024-12-18 22:08:33,440] {dagbag.py:507} INFO - Filling up the DagBag from /home/patriciacorreia/Documents/airflowalura/venv/lib/python3.9/site-packages/airflow/example_dags/example_latest_only_with_trigger.py
[2024-12-18 22:08:33,454] {processor.py:651} INFO - DAG(s) dict_keys(['latest_only_with_trigger']) retrieved from /home/patriciacorreia/Documents/airflowalura/venv/lib/python3.9/site-packages/airflow/example_dags/example_latest_only_with_trigger.py
[2024-12-18 22:08:33,481] {logging_mixin.py:115} INFO - [2024-12-18 22:08:33,481] {dag.py:2379} INFO - Sync 1 DAGs
[2024-12-18 22:08:33,515] {logging_mixin.py:115} INFO - [2024-12-18 22:08:33,515] {dag.py:2927} INFO - Setting next_dagrun for latest_only_with_trigger to 2024-12-18T21:08:33.514476+00:00, run_after=2024-12-19T01:08:33.514476+00:00
[2024-12-18 22:08:33,546] {processor.py:161} INFO - Processing /home/patriciacorreia/Documents/airflowalura/venv/lib/python3.9/site-packages/airflow/example_dags/example_latest_only_with_trigger.py took 0.116 seconds
[2024-12-18 22:09:11,610] {processor.py:153} INFO - Started process (PID=14521) to work on /home/patriciacorreia/Documents/airflowalura/venv/lib/python3.9/site-packages/airflow/example_dags/example_latest_only_with_trigger.py
[2024-12-18 22:09:11,612] {processor.py:641} INFO - Processing file /home/patriciacorreia/Documents/airflowalura/venv/lib/python3.9/site-packages/airflow/example_dags/example_latest_only_with_trigger.py for tasks to queue
[2024-12-18 22:09:11,613] {logging_mixin.py:115} INFO - [2024-12-18 22:09:11,613] {dagbag.py:507} INFO - Filling up the DagBag from /home/patriciacorreia/Documents/airflowalura/venv/lib/python3.9/site-packages/airflow/example_dags/example_latest_only_with_trigger.py
[2024-12-18 22:09:11,628] {processor.py:651} INFO - DAG(s) dict_keys(['latest_only_with_trigger']) retrieved from /home/patriciacorreia/Documents/airflowalura/venv/lib/python3.9/site-packages/airflow/example_dags/example_latest_only_with_trigger.py
[2024-12-18 22:09:11,690] {logging_mixin.py:115} INFO - [2024-12-18 22:09:11,690] {dag.py:2379} INFO - Sync 1 DAGs
[2024-12-18 22:09:11,735] {logging_mixin.py:115} INFO - [2024-12-18 22:09:11,735] {dag.py:2927} INFO - Setting next_dagrun for latest_only_with_trigger to 2024-12-18T21:09:11.734911+00:00, run_after=2024-12-19T01:09:11.734911+00:00
[2024-12-18 22:09:11,773] {processor.py:161} INFO - Processing /home/patriciacorreia/Documents/airflowalura/venv/lib/python3.9/site-packages/airflow/example_dags/example_latest_only_with_trigger.py took 0.170 seconds
[2024-12-18 22:09:51,258] {processor.py:153} INFO - Started process (PID=14735) to work on /home/patriciacorreia/Documents/airflowalura/venv/lib/python3.9/site-packages/airflow/example_dags/example_latest_only_with_trigger.py
[2024-12-18 22:09:51,262] {processor.py:641} INFO - Processing file /home/patriciacorreia/Documents/airflowalura/venv/lib/python3.9/site-packages/airflow/example_dags/example_latest_only_with_trigger.py for tasks to queue
[2024-12-18 22:09:51,265] {logging_mixin.py:115} INFO - [2024-12-18 22:09:51,264] {dagbag.py:507} INFO - Filling up the DagBag from /home/patriciacorreia/Documents/airflowalura/venv/lib/python3.9/site-packages/airflow/example_dags/example_latest_only_with_trigger.py
[2024-12-18 22:09:51,296] {processor.py:651} INFO - DAG(s) dict_keys(['latest_only_with_trigger']) retrieved from /home/patriciacorreia/Documents/airflowalura/venv/lib/python3.9/site-packages/airflow/example_dags/example_latest_only_with_trigger.py
[2024-12-18 22:09:51,365] {logging_mixin.py:115} INFO - [2024-12-18 22:09:51,365] {dag.py:2379} INFO - Sync 1 DAGs
[2024-12-18 22:09:51,396] {logging_mixin.py:115} INFO - [2024-12-18 22:09:51,396] {dag.py:2927} INFO - Setting next_dagrun for latest_only_with_trigger to 2024-12-18T21:09:51.395929+00:00, run_after=2024-12-19T01:09:51.395929+00:00
[2024-12-18 22:09:51,418] {processor.py:161} INFO - Processing /home/patriciacorreia/Documents/airflowalura/venv/lib/python3.9/site-packages/airflow/example_dags/example_latest_only_with_trigger.py took 0.174 seconds
[2024-12-18 22:10:26,919] {processor.py:153} INFO - Started process (PID=15008) to work on /home/patriciacorreia/Documents/airflowalura/venv/lib/python3.9/site-packages/airflow/example_dags/example_latest_only_with_trigger.py
[2024-12-18 22:10:26,921] {processor.py:641} INFO - Processing file /home/patriciacorreia/Documents/airflowalura/venv/lib/python3.9/site-packages/airflow/example_dags/example_latest_only_with_trigger.py for tasks to queue
[2024-12-18 22:10:26,922] {logging_mixin.py:115} INFO - [2024-12-18 22:10:26,921] {dagbag.py:507} INFO - Filling up the DagBag from /home/patriciacorreia/Documents/airflowalura/venv/lib/python3.9/site-packages/airflow/example_dags/example_latest_only_with_trigger.py
[2024-12-18 22:10:26,929] {processor.py:651} INFO - DAG(s) dict_keys(['latest_only_with_trigger']) retrieved from /home/patriciacorreia/Documents/airflowalura/venv/lib/python3.9/site-packages/airflow/example_dags/example_latest_only_with_trigger.py
[2024-12-18 22:10:26,951] {logging_mixin.py:115} INFO - [2024-12-18 22:10:26,951] {dag.py:2379} INFO - Sync 1 DAGs
[2024-12-18 22:10:26,978] {logging_mixin.py:115} INFO - [2024-12-18 22:10:26,977] {dag.py:2927} INFO - Setting next_dagrun for latest_only_with_trigger to 2024-12-18T21:10:26.977525+00:00, run_after=2024-12-19T01:10:26.977525+00:00
[2024-12-18 22:10:26,994] {processor.py:161} INFO - Processing /home/patriciacorreia/Documents/airflowalura/venv/lib/python3.9/site-packages/airflow/example_dags/example_latest_only_with_trigger.py took 0.078 seconds
[2024-12-18 22:11:03,248] {processor.py:153} INFO - Started process (PID=15396) to work on /home/patriciacorreia/Documents/airflowalura/venv/lib/python3.9/site-packages/airflow/example_dags/example_latest_only_with_trigger.py
[2024-12-18 22:11:03,250] {processor.py:641} INFO - Processing file /home/patriciacorreia/Documents/airflowalura/venv/lib/python3.9/site-packages/airflow/example_dags/example_latest_only_with_trigger.py for tasks to queue
[2024-12-18 22:11:03,251] {logging_mixin.py:115} INFO - [2024-12-18 22:11:03,250] {dagbag.py:507} INFO - Filling up the DagBag from /home/patriciacorreia/Documents/airflowalura/venv/lib/python3.9/site-packages/airflow/example_dags/example_latest_only_with_trigger.py
[2024-12-18 22:11:03,265] {processor.py:651} INFO - DAG(s) dict_keys(['latest_only_with_trigger']) retrieved from /home/patriciacorreia/Documents/airflowalura/venv/lib/python3.9/site-packages/airflow/example_dags/example_latest_only_with_trigger.py
[2024-12-18 22:11:03,301] {logging_mixin.py:115} INFO - [2024-12-18 22:11:03,301] {dag.py:2379} INFO - Sync 1 DAGs
[2024-12-18 22:11:03,346] {logging_mixin.py:115} INFO - [2024-12-18 22:11:03,346] {dag.py:2927} INFO - Setting next_dagrun for latest_only_with_trigger to 2024-12-18T21:11:03.345985+00:00, run_after=2024-12-19T01:11:03.345985+00:00
[2024-12-18 22:11:03,371] {processor.py:161} INFO - Processing /home/patriciacorreia/Documents/airflowalura/venv/lib/python3.9/site-packages/airflow/example_dags/example_latest_only_with_trigger.py took 0.130 seconds
[2024-12-18 22:11:39,210] {processor.py:153} INFO - Started process (PID=15552) to work on /home/patriciacorreia/Documents/airflowalura/venv/lib/python3.9/site-packages/airflow/example_dags/example_latest_only_with_trigger.py
[2024-12-18 22:11:39,213] {processor.py:641} INFO - Processing file /home/patriciacorreia/Documents/airflowalura/venv/lib/python3.9/site-packages/airflow/example_dags/example_latest_only_with_trigger.py for tasks to queue
[2024-12-18 22:11:39,215] {logging_mixin.py:115} INFO - [2024-12-18 22:11:39,215] {dagbag.py:507} INFO - Filling up the DagBag from /home/patriciacorreia/Documents/airflowalura/venv/lib/python3.9/site-packages/airflow/example_dags/example_latest_only_with_trigger.py
[2024-12-18 22:11:39,230] {processor.py:651} INFO - DAG(s) dict_keys(['latest_only_with_trigger']) retrieved from /home/patriciacorreia/Documents/airflowalura/venv/lib/python3.9/site-packages/airflow/example_dags/example_latest_only_with_trigger.py
[2024-12-18 22:11:39,269] {logging_mixin.py:115} INFO - [2024-12-18 22:11:39,269] {dag.py:2379} INFO - Sync 1 DAGs
[2024-12-18 22:11:39,304] {logging_mixin.py:115} INFO - [2024-12-18 22:11:39,304] {dag.py:2927} INFO - Setting next_dagrun for latest_only_with_trigger to 2024-12-18T21:11:39.304380+00:00, run_after=2024-12-19T01:11:39.304380+00:00
[2024-12-18 22:11:39,315] {processor.py:161} INFO - Processing /home/patriciacorreia/Documents/airflowalura/venv/lib/python3.9/site-packages/airflow/example_dags/example_latest_only_with_trigger.py took 0.115 seconds
[2024-12-18 22:12:19,809] {processor.py:153} INFO - Started process (PID=15732) to work on /home/patriciacorreia/Documents/airflowalura/venv/lib/python3.9/site-packages/airflow/example_dags/example_latest_only_with_trigger.py
[2024-12-18 22:12:19,810] {processor.py:641} INFO - Processing file /home/patriciacorreia/Documents/airflowalura/venv/lib/python3.9/site-packages/airflow/example_dags/example_latest_only_with_trigger.py for tasks to queue
[2024-12-18 22:12:19,811] {logging_mixin.py:115} INFO - [2024-12-18 22:12:19,811] {dagbag.py:507} INFO - Filling up the DagBag from /home/patriciacorreia/Documents/airflowalura/venv/lib/python3.9/site-packages/airflow/example_dags/example_latest_only_with_trigger.py
[2024-12-18 22:12:19,819] {processor.py:651} INFO - DAG(s) dict_keys(['latest_only_with_trigger']) retrieved from /home/patriciacorreia/Documents/airflowalura/venv/lib/python3.9/site-packages/airflow/example_dags/example_latest_only_with_trigger.py
[2024-12-18 22:12:19,845] {logging_mixin.py:115} INFO - [2024-12-18 22:12:19,845] {dag.py:2379} INFO - Sync 1 DAGs
[2024-12-18 22:12:19,889] {logging_mixin.py:115} INFO - [2024-12-18 22:12:19,889] {dag.py:2927} INFO - Setting next_dagrun for latest_only_with_trigger to 2024-12-18T21:12:19.887599+00:00, run_after=2024-12-19T01:12:19.887599+00:00
[2024-12-18 22:12:19,916] {processor.py:161} INFO - Processing /home/patriciacorreia/Documents/airflowalura/venv/lib/python3.9/site-packages/airflow/example_dags/example_latest_only_with_trigger.py took 0.111 seconds
[2024-12-18 22:13:04,322] {processor.py:153} INFO - Started process (PID=15932) to work on /home/patriciacorreia/Documents/airflowalura/venv/lib/python3.9/site-packages/airflow/example_dags/example_latest_only_with_trigger.py
[2024-12-18 22:13:04,325] {processor.py:641} INFO - Processing file /home/patriciacorreia/Documents/airflowalura/venv/lib/python3.9/site-packages/airflow/example_dags/example_latest_only_with_trigger.py for tasks to queue
[2024-12-18 22:13:04,326] {logging_mixin.py:115} INFO - [2024-12-18 22:13:04,326] {dagbag.py:507} INFO - Filling up the DagBag from /home/patriciacorreia/Documents/airflowalura/venv/lib/python3.9/site-packages/airflow/example_dags/example_latest_only_with_trigger.py
[2024-12-18 22:13:04,344] {processor.py:651} INFO - DAG(s) dict_keys(['latest_only_with_trigger']) retrieved from /home/patriciacorreia/Documents/airflowalura/venv/lib/python3.9/site-packages/airflow/example_dags/example_latest_only_with_trigger.py
[2024-12-18 22:13:04,371] {logging_mixin.py:115} INFO - [2024-12-18 22:13:04,371] {dag.py:2379} INFO - Sync 1 DAGs
[2024-12-18 22:13:04,397] {logging_mixin.py:115} INFO - [2024-12-18 22:13:04,397] {dag.py:2927} INFO - Setting next_dagrun for latest_only_with_trigger to 2024-12-18T21:13:04.396932+00:00, run_after=2024-12-19T01:13:04.396932+00:00
[2024-12-18 22:13:04,412] {processor.py:161} INFO - Processing /home/patriciacorreia/Documents/airflowalura/venv/lib/python3.9/site-packages/airflow/example_dags/example_latest_only_with_trigger.py took 0.099 seconds
[2024-12-18 22:13:41,398] {processor.py:153} INFO - Started process (PID=16099) to work on /home/patriciacorreia/Documents/airflowalura/venv/lib/python3.9/site-packages/airflow/example_dags/example_latest_only_with_trigger.py
[2024-12-18 22:13:41,400] {processor.py:641} INFO - Processing file /home/patriciacorreia/Documents/airflowalura/venv/lib/python3.9/site-packages/airflow/example_dags/example_latest_only_with_trigger.py for tasks to queue
[2024-12-18 22:13:41,400] {logging_mixin.py:115} INFO - [2024-12-18 22:13:41,400] {dagbag.py:507} INFO - Filling up the DagBag from /home/patriciacorreia/Documents/airflowalura/venv/lib/python3.9/site-packages/airflow/example_dags/example_latest_only_with_trigger.py
[2024-12-18 22:13:41,408] {processor.py:651} INFO - DAG(s) dict_keys(['latest_only_with_trigger']) retrieved from /home/patriciacorreia/Documents/airflowalura/venv/lib/python3.9/site-packages/airflow/example_dags/example_latest_only_with_trigger.py
[2024-12-18 22:13:41,432] {logging_mixin.py:115} INFO - [2024-12-18 22:13:41,431] {dag.py:2379} INFO - Sync 1 DAGs
[2024-12-18 22:13:41,458] {logging_mixin.py:115} INFO - [2024-12-18 22:13:41,457] {dag.py:2927} INFO - Setting next_dagrun for latest_only_with_trigger to 2024-12-18T21:13:41.457528+00:00, run_after=2024-12-19T01:13:41.457528+00:00
[2024-12-18 22:13:41,479] {processor.py:161} INFO - Processing /home/patriciacorreia/Documents/airflowalura/venv/lib/python3.9/site-packages/airflow/example_dags/example_latest_only_with_trigger.py took 0.085 seconds
[2024-12-18 22:14:19,363] {processor.py:153} INFO - Started process (PID=16288) to work on /home/patriciacorreia/Documents/airflowalura/venv/lib/python3.9/site-packages/airflow/example_dags/example_latest_only_with_trigger.py
[2024-12-18 22:14:19,369] {processor.py:641} INFO - Processing file /home/patriciacorreia/Documents/airflowalura/venv/lib/python3.9/site-packages/airflow/example_dags/example_latest_only_with_trigger.py for tasks to queue
[2024-12-18 22:14:19,372] {logging_mixin.py:115} INFO - [2024-12-18 22:14:19,371] {dagbag.py:507} INFO - Filling up the DagBag from /home/patriciacorreia/Documents/airflowalura/venv/lib/python3.9/site-packages/airflow/example_dags/example_latest_only_with_trigger.py
[2024-12-18 22:14:19,421] {processor.py:651} INFO - DAG(s) dict_keys(['latest_only_with_trigger']) retrieved from /home/patriciacorreia/Documents/airflowalura/venv/lib/python3.9/site-packages/airflow/example_dags/example_latest_only_with_trigger.py
[2024-12-18 22:14:19,499] {logging_mixin.py:115} INFO - [2024-12-18 22:14:19,499] {dag.py:2379} INFO - Sync 1 DAGs
[2024-12-18 22:14:19,534] {logging_mixin.py:115} INFO - [2024-12-18 22:14:19,534] {dag.py:2927} INFO - Setting next_dagrun for latest_only_with_trigger to 2024-12-18T21:14:19.533566+00:00, run_after=2024-12-19T01:14:19.533566+00:00
[2024-12-18 22:14:19,554] {processor.py:161} INFO - Processing /home/patriciacorreia/Documents/airflowalura/venv/lib/python3.9/site-packages/airflow/example_dags/example_latest_only_with_trigger.py took 0.229 seconds
[2024-12-18 22:14:54,445] {processor.py:153} INFO - Started process (PID=16463) to work on /home/patriciacorreia/Documents/airflowalura/venv/lib/python3.9/site-packages/airflow/example_dags/example_latest_only_with_trigger.py
[2024-12-18 22:14:54,449] {processor.py:641} INFO - Processing file /home/patriciacorreia/Documents/airflowalura/venv/lib/python3.9/site-packages/airflow/example_dags/example_latest_only_with_trigger.py for tasks to queue
[2024-12-18 22:14:54,451] {logging_mixin.py:115} INFO - [2024-12-18 22:14:54,451] {dagbag.py:507} INFO - Filling up the DagBag from /home/patriciacorreia/Documents/airflowalura/venv/lib/python3.9/site-packages/airflow/example_dags/example_latest_only_with_trigger.py
[2024-12-18 22:14:54,478] {processor.py:651} INFO - DAG(s) dict_keys(['latest_only_with_trigger']) retrieved from /home/patriciacorreia/Documents/airflowalura/venv/lib/python3.9/site-packages/airflow/example_dags/example_latest_only_with_trigger.py
[2024-12-18 22:14:54,557] {logging_mixin.py:115} INFO - [2024-12-18 22:14:54,557] {dag.py:2379} INFO - Sync 1 DAGs
[2024-12-18 22:14:54,635] {logging_mixin.py:115} INFO - [2024-12-18 22:14:54,635] {dag.py:2927} INFO - Setting next_dagrun for latest_only_with_trigger to 2024-12-18T21:14:54.634918+00:00, run_after=2024-12-19T01:14:54.634918+00:00
[2024-12-18 22:14:54,660] {processor.py:161} INFO - Processing /home/patriciacorreia/Documents/airflowalura/venv/lib/python3.9/site-packages/airflow/example_dags/example_latest_only_with_trigger.py took 0.227 seconds
[2024-12-18 22:15:33,631] {processor.py:153} INFO - Started process (PID=16653) to work on /home/patriciacorreia/Documents/airflowalura/venv/lib/python3.9/site-packages/airflow/example_dags/example_latest_only_with_trigger.py
[2024-12-18 22:15:33,634] {processor.py:641} INFO - Processing file /home/patriciacorreia/Documents/airflowalura/venv/lib/python3.9/site-packages/airflow/example_dags/example_latest_only_with_trigger.py for tasks to queue
[2024-12-18 22:15:33,636] {logging_mixin.py:115} INFO - [2024-12-18 22:15:33,635] {dagbag.py:507} INFO - Filling up the DagBag from /home/patriciacorreia/Documents/airflowalura/venv/lib/python3.9/site-packages/airflow/example_dags/example_latest_only_with_trigger.py
[2024-12-18 22:15:33,650] {processor.py:651} INFO - DAG(s) dict_keys(['latest_only_with_trigger']) retrieved from /home/patriciacorreia/Documents/airflowalura/venv/lib/python3.9/site-packages/airflow/example_dags/example_latest_only_with_trigger.py
[2024-12-18 22:15:33,686] {logging_mixin.py:115} INFO - [2024-12-18 22:15:33,685] {dag.py:2379} INFO - Sync 1 DAGs
[2024-12-18 22:15:33,771] {logging_mixin.py:115} INFO - [2024-12-18 22:15:33,771] {dag.py:2927} INFO - Setting next_dagrun for latest_only_with_trigger to 2024-12-18T21:15:33.771253+00:00, run_after=2024-12-19T01:15:33.771253+00:00
[2024-12-18 22:15:33,812] {processor.py:161} INFO - Processing /home/patriciacorreia/Documents/airflowalura/venv/lib/python3.9/site-packages/airflow/example_dags/example_latest_only_with_trigger.py took 0.188 seconds
[2024-12-18 22:16:07,403] {processor.py:153} INFO - Started process (PID=16824) to work on /home/patriciacorreia/Documents/airflowalura/venv/lib/python3.9/site-packages/airflow/example_dags/example_latest_only_with_trigger.py
[2024-12-18 22:16:07,406] {processor.py:641} INFO - Processing file /home/patriciacorreia/Documents/airflowalura/venv/lib/python3.9/site-packages/airflow/example_dags/example_latest_only_with_trigger.py for tasks to queue
[2024-12-18 22:16:07,411] {logging_mixin.py:115} INFO - [2024-12-18 22:16:07,410] {dagbag.py:507} INFO - Filling up the DagBag from /home/patriciacorreia/Documents/airflowalura/venv/lib/python3.9/site-packages/airflow/example_dags/example_latest_only_with_trigger.py
[2024-12-18 22:16:07,447] {processor.py:651} INFO - DAG(s) dict_keys(['latest_only_with_trigger']) retrieved from /home/patriciacorreia/Documents/airflowalura/venv/lib/python3.9/site-packages/airflow/example_dags/example_latest_only_with_trigger.py
[2024-12-18 22:16:07,550] {logging_mixin.py:115} INFO - [2024-12-18 22:16:07,550] {dag.py:2379} INFO - Sync 1 DAGs
[2024-12-18 22:16:07,621] {logging_mixin.py:115} INFO - [2024-12-18 22:16:07,621] {dag.py:2927} INFO - Setting next_dagrun for latest_only_with_trigger to 2024-12-18T21:16:07.620746+00:00, run_after=2024-12-19T01:16:07.620746+00:00
[2024-12-18 22:16:07,650] {processor.py:161} INFO - Processing /home/patriciacorreia/Documents/airflowalura/venv/lib/python3.9/site-packages/airflow/example_dags/example_latest_only_with_trigger.py took 0.262 seconds
[2024-12-18 22:16:48,701] {processor.py:153} INFO - Started process (PID=17087) to work on /home/patriciacorreia/Documents/airflowalura/venv/lib/python3.9/site-packages/airflow/example_dags/example_latest_only_with_trigger.py
[2024-12-18 22:16:48,704] {processor.py:641} INFO - Processing file /home/patriciacorreia/Documents/airflowalura/venv/lib/python3.9/site-packages/airflow/example_dags/example_latest_only_with_trigger.py for tasks to queue
[2024-12-18 22:16:48,707] {logging_mixin.py:115} INFO - [2024-12-18 22:16:48,707] {dagbag.py:507} INFO - Filling up the DagBag from /home/patriciacorreia/Documents/airflowalura/venv/lib/python3.9/site-packages/airflow/example_dags/example_latest_only_with_trigger.py
[2024-12-18 22:16:48,742] {processor.py:651} INFO - DAG(s) dict_keys(['latest_only_with_trigger']) retrieved from /home/patriciacorreia/Documents/airflowalura/venv/lib/python3.9/site-packages/airflow/example_dags/example_latest_only_with_trigger.py
[2024-12-18 22:16:48,847] {logging_mixin.py:115} INFO - [2024-12-18 22:16:48,846] {dag.py:2379} INFO - Sync 1 DAGs
[2024-12-18 22:16:48,903] {logging_mixin.py:115} INFO - [2024-12-18 22:16:48,903] {dag.py:2927} INFO - Setting next_dagrun for latest_only_with_trigger to 2024-12-18T21:16:48.903001+00:00, run_after=2024-12-19T01:16:48.903001+00:00
[2024-12-18 22:16:48,924] {processor.py:161} INFO - Processing /home/patriciacorreia/Documents/airflowalura/venv/lib/python3.9/site-packages/airflow/example_dags/example_latest_only_with_trigger.py took 0.238 seconds
[2024-12-18 22:17:30,337] {processor.py:153} INFO - Started process (PID=17296) to work on /home/patriciacorreia/Documents/airflowalura/venv/lib/python3.9/site-packages/airflow/example_dags/example_latest_only_with_trigger.py
[2024-12-18 22:17:30,339] {processor.py:641} INFO - Processing file /home/patriciacorreia/Documents/airflowalura/venv/lib/python3.9/site-packages/airflow/example_dags/example_latest_only_with_trigger.py for tasks to queue
[2024-12-18 22:17:30,340] {logging_mixin.py:115} INFO - [2024-12-18 22:17:30,340] {dagbag.py:507} INFO - Filling up the DagBag from /home/patriciacorreia/Documents/airflowalura/venv/lib/python3.9/site-packages/airflow/example_dags/example_latest_only_with_trigger.py
[2024-12-18 22:17:30,361] {processor.py:651} INFO - DAG(s) dict_keys(['latest_only_with_trigger']) retrieved from /home/patriciacorreia/Documents/airflowalura/venv/lib/python3.9/site-packages/airflow/example_dags/example_latest_only_with_trigger.py
[2024-12-18 22:17:30,401] {logging_mixin.py:115} INFO - [2024-12-18 22:17:30,401] {dag.py:2379} INFO - Sync 1 DAGs
[2024-12-18 22:17:30,439] {logging_mixin.py:115} INFO - [2024-12-18 22:17:30,439] {dag.py:2927} INFO - Setting next_dagrun for latest_only_with_trigger to 2024-12-18T21:17:30.439091+00:00, run_after=2024-12-19T01:17:30.439091+00:00
[2024-12-18 22:17:30,460] {processor.py:161} INFO - Processing /home/patriciacorreia/Documents/airflowalura/venv/lib/python3.9/site-packages/airflow/example_dags/example_latest_only_with_trigger.py took 0.132 seconds
[2024-12-18 22:18:05,754] {processor.py:153} INFO - Started process (PID=17465) to work on /home/patriciacorreia/Documents/airflowalura/venv/lib/python3.9/site-packages/airflow/example_dags/example_latest_only_with_trigger.py
[2024-12-18 22:18:05,756] {processor.py:641} INFO - Processing file /home/patriciacorreia/Documents/airflowalura/venv/lib/python3.9/site-packages/airflow/example_dags/example_latest_only_with_trigger.py for tasks to queue
[2024-12-18 22:18:05,757] {logging_mixin.py:115} INFO - [2024-12-18 22:18:05,757] {dagbag.py:507} INFO - Filling up the DagBag from /home/patriciacorreia/Documents/airflowalura/venv/lib/python3.9/site-packages/airflow/example_dags/example_latest_only_with_trigger.py
[2024-12-18 22:18:05,768] {processor.py:651} INFO - DAG(s) dict_keys(['latest_only_with_trigger']) retrieved from /home/patriciacorreia/Documents/airflowalura/venv/lib/python3.9/site-packages/airflow/example_dags/example_latest_only_with_trigger.py
[2024-12-18 22:18:05,789] {logging_mixin.py:115} INFO - [2024-12-18 22:18:05,789] {dag.py:2379} INFO - Sync 1 DAGs
[2024-12-18 22:18:05,814] {logging_mixin.py:115} INFO - [2024-12-18 22:18:05,814] {dag.py:2927} INFO - Setting next_dagrun for latest_only_with_trigger to 2024-12-18T21:18:05.813819+00:00, run_after=2024-12-19T01:18:05.813819+00:00
[2024-12-18 22:18:05,833] {processor.py:161} INFO - Processing /home/patriciacorreia/Documents/airflowalura/venv/lib/python3.9/site-packages/airflow/example_dags/example_latest_only_with_trigger.py took 0.083 seconds
[2024-12-18 22:18:44,254] {processor.py:153} INFO - Started process (PID=17635) to work on /home/patriciacorreia/Documents/airflowalura/venv/lib/python3.9/site-packages/airflow/example_dags/example_latest_only_with_trigger.py
[2024-12-18 22:18:44,258] {processor.py:641} INFO - Processing file /home/patriciacorreia/Documents/airflowalura/venv/lib/python3.9/site-packages/airflow/example_dags/example_latest_only_with_trigger.py for tasks to queue
[2024-12-18 22:18:44,260] {logging_mixin.py:115} INFO - [2024-12-18 22:18:44,259] {dagbag.py:507} INFO - Filling up the DagBag from /home/patriciacorreia/Documents/airflowalura/venv/lib/python3.9/site-packages/airflow/example_dags/example_latest_only_with_trigger.py
[2024-12-18 22:18:44,299] {processor.py:651} INFO - DAG(s) dict_keys(['latest_only_with_trigger']) retrieved from /home/patriciacorreia/Documents/airflowalura/venv/lib/python3.9/site-packages/airflow/example_dags/example_latest_only_with_trigger.py
[2024-12-18 22:18:44,385] {logging_mixin.py:115} INFO - [2024-12-18 22:18:44,385] {dag.py:2379} INFO - Sync 1 DAGs
[2024-12-18 22:18:44,424] {logging_mixin.py:115} INFO - [2024-12-18 22:18:44,424] {dag.py:2927} INFO - Setting next_dagrun for latest_only_with_trigger to 2024-12-18T21:18:44.423957+00:00, run_after=2024-12-19T01:18:44.423957+00:00
[2024-12-18 22:18:44,445] {processor.py:161} INFO - Processing /home/patriciacorreia/Documents/airflowalura/venv/lib/python3.9/site-packages/airflow/example_dags/example_latest_only_with_trigger.py took 0.212 seconds
[2024-12-18 22:19:36,886] {processor.py:153} INFO - Started process (PID=17855) to work on /home/patriciacorreia/Documents/airflowalura/venv/lib/python3.9/site-packages/airflow/example_dags/example_latest_only_with_trigger.py
[2024-12-18 22:19:36,890] {processor.py:641} INFO - Processing file /home/patriciacorreia/Documents/airflowalura/venv/lib/python3.9/site-packages/airflow/example_dags/example_latest_only_with_trigger.py for tasks to queue
[2024-12-18 22:19:36,893] {logging_mixin.py:115} INFO - [2024-12-18 22:19:36,893] {dagbag.py:507} INFO - Filling up the DagBag from /home/patriciacorreia/Documents/airflowalura/venv/lib/python3.9/site-packages/airflow/example_dags/example_latest_only_with_trigger.py
[2024-12-18 22:19:36,920] {processor.py:651} INFO - DAG(s) dict_keys(['latest_only_with_trigger']) retrieved from /home/patriciacorreia/Documents/airflowalura/venv/lib/python3.9/site-packages/airflow/example_dags/example_latest_only_with_trigger.py
[2024-12-18 22:19:36,985] {logging_mixin.py:115} INFO - [2024-12-18 22:19:36,985] {dag.py:2379} INFO - Sync 1 DAGs
[2024-12-18 22:19:37,052] {logging_mixin.py:115} INFO - [2024-12-18 22:19:37,052] {dag.py:2927} INFO - Setting next_dagrun for latest_only_with_trigger to 2024-12-18T21:19:37.051919+00:00, run_after=2024-12-19T01:19:37.051919+00:00
[2024-12-18 22:19:37,075] {processor.py:161} INFO - Processing /home/patriciacorreia/Documents/airflowalura/venv/lib/python3.9/site-packages/airflow/example_dags/example_latest_only_with_trigger.py took 0.204 seconds
[2024-12-18 22:20:17,902] {processor.py:153} INFO - Started process (PID=18057) to work on /home/patriciacorreia/Documents/airflowalura/venv/lib/python3.9/site-packages/airflow/example_dags/example_latest_only_with_trigger.py
[2024-12-18 22:20:17,903] {processor.py:641} INFO - Processing file /home/patriciacorreia/Documents/airflowalura/venv/lib/python3.9/site-packages/airflow/example_dags/example_latest_only_with_trigger.py for tasks to queue
[2024-12-18 22:20:17,904] {logging_mixin.py:115} INFO - [2024-12-18 22:20:17,904] {dagbag.py:507} INFO - Filling up the DagBag from /home/patriciacorreia/Documents/airflowalura/venv/lib/python3.9/site-packages/airflow/example_dags/example_latest_only_with_trigger.py
[2024-12-18 22:20:17,912] {processor.py:651} INFO - DAG(s) dict_keys(['latest_only_with_trigger']) retrieved from /home/patriciacorreia/Documents/airflowalura/venv/lib/python3.9/site-packages/airflow/example_dags/example_latest_only_with_trigger.py
[2024-12-18 22:20:17,937] {logging_mixin.py:115} INFO - [2024-12-18 22:20:17,937] {dag.py:2379} INFO - Sync 1 DAGs
[2024-12-18 22:20:17,970] {logging_mixin.py:115} INFO - [2024-12-18 22:20:17,970] {dag.py:2927} INFO - Setting next_dagrun for latest_only_with_trigger to 2024-12-18T21:20:17.969827+00:00, run_after=2024-12-19T01:20:17.969827+00:00
[2024-12-18 22:20:17,986] {processor.py:161} INFO - Processing /home/patriciacorreia/Documents/airflowalura/venv/lib/python3.9/site-packages/airflow/example_dags/example_latest_only_with_trigger.py took 0.090 seconds
[2024-12-18 22:20:55,805] {processor.py:153} INFO - Started process (PID=18253) to work on /home/patriciacorreia/Documents/airflowalura/venv/lib/python3.9/site-packages/airflow/example_dags/example_latest_only_with_trigger.py
[2024-12-18 22:20:55,809] {processor.py:641} INFO - Processing file /home/patriciacorreia/Documents/airflowalura/venv/lib/python3.9/site-packages/airflow/example_dags/example_latest_only_with_trigger.py for tasks to queue
[2024-12-18 22:20:55,811] {logging_mixin.py:115} INFO - [2024-12-18 22:20:55,810] {dagbag.py:507} INFO - Filling up the DagBag from /home/patriciacorreia/Documents/airflowalura/venv/lib/python3.9/site-packages/airflow/example_dags/example_latest_only_with_trigger.py
[2024-12-18 22:20:55,840] {processor.py:651} INFO - DAG(s) dict_keys(['latest_only_with_trigger']) retrieved from /home/patriciacorreia/Documents/airflowalura/venv/lib/python3.9/site-packages/airflow/example_dags/example_latest_only_with_trigger.py
[2024-12-18 22:20:55,917] {logging_mixin.py:115} INFO - [2024-12-18 22:20:55,916] {dag.py:2379} INFO - Sync 1 DAGs
[2024-12-18 22:20:56,023] {logging_mixin.py:115} INFO - [2024-12-18 22:20:56,022] {dag.py:2927} INFO - Setting next_dagrun for latest_only_with_trigger to 2024-12-18T21:20:56.021595+00:00, run_after=2024-12-19T01:20:56.021595+00:00
[2024-12-18 22:20:56,095] {processor.py:161} INFO - Processing /home/patriciacorreia/Documents/airflowalura/venv/lib/python3.9/site-packages/airflow/example_dags/example_latest_only_with_trigger.py took 0.306 seconds
[2024-12-18 22:21:37,151] {processor.py:153} INFO - Started process (PID=18445) to work on /home/patriciacorreia/Documents/airflowalura/venv/lib/python3.9/site-packages/airflow/example_dags/example_latest_only_with_trigger.py
[2024-12-18 22:21:37,153] {processor.py:641} INFO - Processing file /home/patriciacorreia/Documents/airflowalura/venv/lib/python3.9/site-packages/airflow/example_dags/example_latest_only_with_trigger.py for tasks to queue
[2024-12-18 22:21:37,154] {logging_mixin.py:115} INFO - [2024-12-18 22:21:37,154] {dagbag.py:507} INFO - Filling up the DagBag from /home/patriciacorreia/Documents/airflowalura/venv/lib/python3.9/site-packages/airflow/example_dags/example_latest_only_with_trigger.py
[2024-12-18 22:21:37,163] {processor.py:651} INFO - DAG(s) dict_keys(['latest_only_with_trigger']) retrieved from /home/patriciacorreia/Documents/airflowalura/venv/lib/python3.9/site-packages/airflow/example_dags/example_latest_only_with_trigger.py
[2024-12-18 22:21:37,196] {logging_mixin.py:115} INFO - [2024-12-18 22:21:37,196] {dag.py:2379} INFO - Sync 1 DAGs
[2024-12-18 22:21:37,241] {logging_mixin.py:115} INFO - [2024-12-18 22:21:37,240] {dag.py:2927} INFO - Setting next_dagrun for latest_only_with_trigger to 2024-12-18T21:21:37.240302+00:00, run_after=2024-12-19T01:21:37.240302+00:00
[2024-12-18 22:21:37,268] {processor.py:161} INFO - Processing /home/patriciacorreia/Documents/airflowalura/venv/lib/python3.9/site-packages/airflow/example_dags/example_latest_only_with_trigger.py took 0.124 seconds
[2024-12-18 22:22:15,469] {processor.py:153} INFO - Started process (PID=18616) to work on /home/patriciacorreia/Documents/airflowalura/venv/lib/python3.9/site-packages/airflow/example_dags/example_latest_only_with_trigger.py
[2024-12-18 22:22:15,470] {processor.py:641} INFO - Processing file /home/patriciacorreia/Documents/airflowalura/venv/lib/python3.9/site-packages/airflow/example_dags/example_latest_only_with_trigger.py for tasks to queue
[2024-12-18 22:22:15,471] {logging_mixin.py:115} INFO - [2024-12-18 22:22:15,471] {dagbag.py:507} INFO - Filling up the DagBag from /home/patriciacorreia/Documents/airflowalura/venv/lib/python3.9/site-packages/airflow/example_dags/example_latest_only_with_trigger.py
[2024-12-18 22:22:15,479] {processor.py:651} INFO - DAG(s) dict_keys(['latest_only_with_trigger']) retrieved from /home/patriciacorreia/Documents/airflowalura/venv/lib/python3.9/site-packages/airflow/example_dags/example_latest_only_with_trigger.py
[2024-12-18 22:22:15,506] {logging_mixin.py:115} INFO - [2024-12-18 22:22:15,506] {dag.py:2379} INFO - Sync 1 DAGs
[2024-12-18 22:22:15,541] {logging_mixin.py:115} INFO - [2024-12-18 22:22:15,541] {dag.py:2927} INFO - Setting next_dagrun for latest_only_with_trigger to 2024-12-18T21:22:15.540655+00:00, run_after=2024-12-19T01:22:15.540655+00:00
[2024-12-18 22:22:15,559] {processor.py:161} INFO - Processing /home/patriciacorreia/Documents/airflowalura/venv/lib/python3.9/site-packages/airflow/example_dags/example_latest_only_with_trigger.py took 0.095 seconds
[2024-12-18 22:22:49,685] {processor.py:153} INFO - Started process (PID=18781) to work on /home/patriciacorreia/Documents/airflowalura/venv/lib/python3.9/site-packages/airflow/example_dags/example_latest_only_with_trigger.py
[2024-12-18 22:22:49,690] {processor.py:641} INFO - Processing file /home/patriciacorreia/Documents/airflowalura/venv/lib/python3.9/site-packages/airflow/example_dags/example_latest_only_with_trigger.py for tasks to queue
[2024-12-18 22:22:49,694] {logging_mixin.py:115} INFO - [2024-12-18 22:22:49,693] {dagbag.py:507} INFO - Filling up the DagBag from /home/patriciacorreia/Documents/airflowalura/venv/lib/python3.9/site-packages/airflow/example_dags/example_latest_only_with_trigger.py
[2024-12-18 22:22:49,726] {processor.py:651} INFO - DAG(s) dict_keys(['latest_only_with_trigger']) retrieved from /home/patriciacorreia/Documents/airflowalura/venv/lib/python3.9/site-packages/airflow/example_dags/example_latest_only_with_trigger.py
[2024-12-18 22:22:49,823] {logging_mixin.py:115} INFO - [2024-12-18 22:22:49,823] {dag.py:2379} INFO - Sync 1 DAGs
[2024-12-18 22:22:49,940] {logging_mixin.py:115} INFO - [2024-12-18 22:22:49,939] {dag.py:2927} INFO - Setting next_dagrun for latest_only_with_trigger to 2024-12-18T21:22:49.936007+00:00, run_after=2024-12-19T01:22:49.936007+00:00
[2024-12-18 22:22:50,053] {processor.py:161} INFO - Processing /home/patriciacorreia/Documents/airflowalura/venv/lib/python3.9/site-packages/airflow/example_dags/example_latest_only_with_trigger.py took 0.390 seconds
[2024-12-18 22:23:32,423] {processor.py:153} INFO - Started process (PID=18980) to work on /home/patriciacorreia/Documents/airflowalura/venv/lib/python3.9/site-packages/airflow/example_dags/example_latest_only_with_trigger.py
[2024-12-18 22:23:32,428] {processor.py:641} INFO - Processing file /home/patriciacorreia/Documents/airflowalura/venv/lib/python3.9/site-packages/airflow/example_dags/example_latest_only_with_trigger.py for tasks to queue
[2024-12-18 22:23:32,431] {logging_mixin.py:115} INFO - [2024-12-18 22:23:32,430] {dagbag.py:507} INFO - Filling up the DagBag from /home/patriciacorreia/Documents/airflowalura/venv/lib/python3.9/site-packages/airflow/example_dags/example_latest_only_with_trigger.py
[2024-12-18 22:23:32,467] {processor.py:651} INFO - DAG(s) dict_keys(['latest_only_with_trigger']) retrieved from /home/patriciacorreia/Documents/airflowalura/venv/lib/python3.9/site-packages/airflow/example_dags/example_latest_only_with_trigger.py
[2024-12-18 22:23:32,511] {logging_mixin.py:115} INFO - [2024-12-18 22:23:32,511] {dag.py:2379} INFO - Sync 1 DAGs
[2024-12-18 22:23:32,545] {logging_mixin.py:115} INFO - [2024-12-18 22:23:32,545] {dag.py:2927} INFO - Setting next_dagrun for latest_only_with_trigger to 2024-12-18T21:23:32.544784+00:00, run_after=2024-12-19T01:23:32.544784+00:00
[2024-12-18 22:23:32,566] {processor.py:161} INFO - Processing /home/patriciacorreia/Documents/airflowalura/venv/lib/python3.9/site-packages/airflow/example_dags/example_latest_only_with_trigger.py took 0.160 seconds
[2024-12-18 22:24:07,251] {processor.py:153} INFO - Started process (PID=19143) to work on /home/patriciacorreia/Documents/airflowalura/venv/lib/python3.9/site-packages/airflow/example_dags/example_latest_only_with_trigger.py
[2024-12-18 22:24:07,260] {processor.py:641} INFO - Processing file /home/patriciacorreia/Documents/airflowalura/venv/lib/python3.9/site-packages/airflow/example_dags/example_latest_only_with_trigger.py for tasks to queue
[2024-12-18 22:24:07,262] {logging_mixin.py:115} INFO - [2024-12-18 22:24:07,262] {dagbag.py:507} INFO - Filling up the DagBag from /home/patriciacorreia/Documents/airflowalura/venv/lib/python3.9/site-packages/airflow/example_dags/example_latest_only_with_trigger.py
[2024-12-18 22:24:07,304] {processor.py:651} INFO - DAG(s) dict_keys(['latest_only_with_trigger']) retrieved from /home/patriciacorreia/Documents/airflowalura/venv/lib/python3.9/site-packages/airflow/example_dags/example_latest_only_with_trigger.py
[2024-12-18 22:24:07,354] {logging_mixin.py:115} INFO - [2024-12-18 22:24:07,354] {dag.py:2379} INFO - Sync 1 DAGs
[2024-12-18 22:24:07,382] {logging_mixin.py:115} INFO - [2024-12-18 22:24:07,382] {dag.py:2927} INFO - Setting next_dagrun for latest_only_with_trigger to 2024-12-18T21:24:07.382507+00:00, run_after=2024-12-19T01:24:07.382507+00:00
[2024-12-18 22:24:07,400] {processor.py:161} INFO - Processing /home/patriciacorreia/Documents/airflowalura/venv/lib/python3.9/site-packages/airflow/example_dags/example_latest_only_with_trigger.py took 0.169 seconds
[2024-12-18 22:24:42,936] {processor.py:153} INFO - Started process (PID=19306) to work on /home/patriciacorreia/Documents/airflowalura/venv/lib/python3.9/site-packages/airflow/example_dags/example_latest_only_with_trigger.py
[2024-12-18 22:24:42,939] {processor.py:641} INFO - Processing file /home/patriciacorreia/Documents/airflowalura/venv/lib/python3.9/site-packages/airflow/example_dags/example_latest_only_with_trigger.py for tasks to queue
[2024-12-18 22:24:42,942] {logging_mixin.py:115} INFO - [2024-12-18 22:24:42,941] {dagbag.py:507} INFO - Filling up the DagBag from /home/patriciacorreia/Documents/airflowalura/venv/lib/python3.9/site-packages/airflow/example_dags/example_latest_only_with_trigger.py
[2024-12-18 22:24:42,960] {processor.py:651} INFO - DAG(s) dict_keys(['latest_only_with_trigger']) retrieved from /home/patriciacorreia/Documents/airflowalura/venv/lib/python3.9/site-packages/airflow/example_dags/example_latest_only_with_trigger.py
[2024-12-18 22:24:43,005] {logging_mixin.py:115} INFO - [2024-12-18 22:24:43,005] {dag.py:2379} INFO - Sync 1 DAGs
[2024-12-18 22:24:43,045] {logging_mixin.py:115} INFO - [2024-12-18 22:24:43,044] {dag.py:2927} INFO - Setting next_dagrun for latest_only_with_trigger to 2024-12-18T21:24:43.044527+00:00, run_after=2024-12-19T01:24:43.044527+00:00
[2024-12-18 22:24:43,076] {processor.py:161} INFO - Processing /home/patriciacorreia/Documents/airflowalura/venv/lib/python3.9/site-packages/airflow/example_dags/example_latest_only_with_trigger.py took 0.148 seconds
[2024-12-18 22:25:28,674] {processor.py:153} INFO - Started process (PID=19549) to work on /home/patriciacorreia/Documents/airflowalura/venv/lib/python3.9/site-packages/airflow/example_dags/example_latest_only_with_trigger.py
[2024-12-18 22:25:28,675] {processor.py:641} INFO - Processing file /home/patriciacorreia/Documents/airflowalura/venv/lib/python3.9/site-packages/airflow/example_dags/example_latest_only_with_trigger.py for tasks to queue
[2024-12-18 22:25:28,677] {logging_mixin.py:115} INFO - [2024-12-18 22:25:28,677] {dagbag.py:507} INFO - Filling up the DagBag from /home/patriciacorreia/Documents/airflowalura/venv/lib/python3.9/site-packages/airflow/example_dags/example_latest_only_with_trigger.py
[2024-12-18 22:25:28,689] {processor.py:651} INFO - DAG(s) dict_keys(['latest_only_with_trigger']) retrieved from /home/patriciacorreia/Documents/airflowalura/venv/lib/python3.9/site-packages/airflow/example_dags/example_latest_only_with_trigger.py
[2024-12-18 22:25:28,722] {logging_mixin.py:115} INFO - [2024-12-18 22:25:28,722] {dag.py:2379} INFO - Sync 1 DAGs
[2024-12-18 22:25:28,759] {logging_mixin.py:115} INFO - [2024-12-18 22:25:28,759] {dag.py:2927} INFO - Setting next_dagrun for latest_only_with_trigger to 2024-12-18T21:25:28.758518+00:00, run_after=2024-12-19T01:25:28.758518+00:00
[2024-12-18 22:25:28,782] {processor.py:161} INFO - Processing /home/patriciacorreia/Documents/airflowalura/venv/lib/python3.9/site-packages/airflow/example_dags/example_latest_only_with_trigger.py took 0.114 seconds
[2024-12-18 22:26:15,021] {processor.py:153} INFO - Started process (PID=19752) to work on /home/patriciacorreia/Documents/airflowalura/venv/lib/python3.9/site-packages/airflow/example_dags/example_latest_only_with_trigger.py
[2024-12-18 22:26:15,026] {processor.py:641} INFO - Processing file /home/patriciacorreia/Documents/airflowalura/venv/lib/python3.9/site-packages/airflow/example_dags/example_latest_only_with_trigger.py for tasks to queue
[2024-12-18 22:26:15,032] {logging_mixin.py:115} INFO - [2024-12-18 22:26:15,031] {dagbag.py:507} INFO - Filling up the DagBag from /home/patriciacorreia/Documents/airflowalura/venv/lib/python3.9/site-packages/airflow/example_dags/example_latest_only_with_trigger.py
[2024-12-18 22:26:15,069] {processor.py:651} INFO - DAG(s) dict_keys(['latest_only_with_trigger']) retrieved from /home/patriciacorreia/Documents/airflowalura/venv/lib/python3.9/site-packages/airflow/example_dags/example_latest_only_with_trigger.py
[2024-12-18 22:26:15,173] {logging_mixin.py:115} INFO - [2024-12-18 22:26:15,172] {dag.py:2379} INFO - Sync 1 DAGs
[2024-12-18 22:26:15,304] {logging_mixin.py:115} INFO - [2024-12-18 22:26:15,304] {dag.py:2927} INFO - Setting next_dagrun for latest_only_with_trigger to 2024-12-18T21:26:15.302312+00:00, run_after=2024-12-19T01:26:15.302312+00:00
[2024-12-18 22:26:15,345] {processor.py:161} INFO - Processing /home/patriciacorreia/Documents/airflowalura/venv/lib/python3.9/site-packages/airflow/example_dags/example_latest_only_with_trigger.py took 0.342 seconds
[2024-12-18 22:26:57,783] {processor.py:153} INFO - Started process (PID=19944) to work on /home/patriciacorreia/Documents/airflowalura/venv/lib/python3.9/site-packages/airflow/example_dags/example_latest_only_with_trigger.py
[2024-12-18 22:26:57,787] {processor.py:641} INFO - Processing file /home/patriciacorreia/Documents/airflowalura/venv/lib/python3.9/site-packages/airflow/example_dags/example_latest_only_with_trigger.py for tasks to queue
[2024-12-18 22:26:57,789] {logging_mixin.py:115} INFO - [2024-12-18 22:26:57,789] {dagbag.py:507} INFO - Filling up the DagBag from /home/patriciacorreia/Documents/airflowalura/venv/lib/python3.9/site-packages/airflow/example_dags/example_latest_only_with_trigger.py
[2024-12-18 22:26:57,811] {processor.py:651} INFO - DAG(s) dict_keys(['latest_only_with_trigger']) retrieved from /home/patriciacorreia/Documents/airflowalura/venv/lib/python3.9/site-packages/airflow/example_dags/example_latest_only_with_trigger.py
[2024-12-18 22:26:57,876] {logging_mixin.py:115} INFO - [2024-12-18 22:26:57,876] {dag.py:2379} INFO - Sync 1 DAGs
[2024-12-18 22:26:57,967] {logging_mixin.py:115} INFO - [2024-12-18 22:26:57,966] {dag.py:2927} INFO - Setting next_dagrun for latest_only_with_trigger to 2024-12-18T21:26:57.965547+00:00, run_after=2024-12-19T01:26:57.965547+00:00
[2024-12-18 22:26:58,011] {processor.py:161} INFO - Processing /home/patriciacorreia/Documents/airflowalura/venv/lib/python3.9/site-packages/airflow/example_dags/example_latest_only_with_trigger.py took 0.240 seconds
[2024-12-18 22:27:40,533] {processor.py:153} INFO - Started process (PID=20146) to work on /home/patriciacorreia/Documents/airflowalura/venv/lib/python3.9/site-packages/airflow/example_dags/example_latest_only_with_trigger.py
[2024-12-18 22:27:40,538] {processor.py:641} INFO - Processing file /home/patriciacorreia/Documents/airflowalura/venv/lib/python3.9/site-packages/airflow/example_dags/example_latest_only_with_trigger.py for tasks to queue
[2024-12-18 22:27:40,541] {logging_mixin.py:115} INFO - [2024-12-18 22:27:40,540] {dagbag.py:507} INFO - Filling up the DagBag from /home/patriciacorreia/Documents/airflowalura/venv/lib/python3.9/site-packages/airflow/example_dags/example_latest_only_with_trigger.py
[2024-12-18 22:27:40,582] {processor.py:651} INFO - DAG(s) dict_keys(['latest_only_with_trigger']) retrieved from /home/patriciacorreia/Documents/airflowalura/venv/lib/python3.9/site-packages/airflow/example_dags/example_latest_only_with_trigger.py
[2024-12-18 22:27:40,656] {logging_mixin.py:115} INFO - [2024-12-18 22:27:40,655] {dag.py:2379} INFO - Sync 1 DAGs
[2024-12-18 22:27:40,695] {logging_mixin.py:115} INFO - [2024-12-18 22:27:40,695] {dag.py:2927} INFO - Setting next_dagrun for latest_only_with_trigger to 2024-12-18T21:27:40.695323+00:00, run_after=2024-12-19T01:27:40.695323+00:00
[2024-12-18 22:27:40,712] {processor.py:161} INFO - Processing /home/patriciacorreia/Documents/airflowalura/venv/lib/python3.9/site-packages/airflow/example_dags/example_latest_only_with_trigger.py took 0.192 seconds
[2024-12-18 22:28:17,679] {processor.py:153} INFO - Started process (PID=20328) to work on /home/patriciacorreia/Documents/airflowalura/venv/lib/python3.9/site-packages/airflow/example_dags/example_latest_only_with_trigger.py
[2024-12-18 22:28:17,681] {processor.py:641} INFO - Processing file /home/patriciacorreia/Documents/airflowalura/venv/lib/python3.9/site-packages/airflow/example_dags/example_latest_only_with_trigger.py for tasks to queue
[2024-12-18 22:28:17,682] {logging_mixin.py:115} INFO - [2024-12-18 22:28:17,682] {dagbag.py:507} INFO - Filling up the DagBag from /home/patriciacorreia/Documents/airflowalura/venv/lib/python3.9/site-packages/airflow/example_dags/example_latest_only_with_trigger.py
[2024-12-18 22:28:17,693] {processor.py:651} INFO - DAG(s) dict_keys(['latest_only_with_trigger']) retrieved from /home/patriciacorreia/Documents/airflowalura/venv/lib/python3.9/site-packages/airflow/example_dags/example_latest_only_with_trigger.py
[2024-12-18 22:28:17,720] {logging_mixin.py:115} INFO - [2024-12-18 22:28:17,720] {dag.py:2379} INFO - Sync 1 DAGs
[2024-12-18 22:28:17,752] {logging_mixin.py:115} INFO - [2024-12-18 22:28:17,752] {dag.py:2927} INFO - Setting next_dagrun for latest_only_with_trigger to 2024-12-18T21:28:17.751837+00:00, run_after=2024-12-19T01:28:17.751837+00:00
[2024-12-18 22:28:17,773] {processor.py:161} INFO - Processing /home/patriciacorreia/Documents/airflowalura/venv/lib/python3.9/site-packages/airflow/example_dags/example_latest_only_with_trigger.py took 0.102 seconds
[2024-12-18 22:28:53,367] {processor.py:153} INFO - Started process (PID=20505) to work on /home/patriciacorreia/Documents/airflowalura/venv/lib/python3.9/site-packages/airflow/example_dags/example_latest_only_with_trigger.py
[2024-12-18 22:28:53,371] {processor.py:641} INFO - Processing file /home/patriciacorreia/Documents/airflowalura/venv/lib/python3.9/site-packages/airflow/example_dags/example_latest_only_with_trigger.py for tasks to queue
[2024-12-18 22:28:53,373] {logging_mixin.py:115} INFO - [2024-12-18 22:28:53,373] {dagbag.py:507} INFO - Filling up the DagBag from /home/patriciacorreia/Documents/airflowalura/venv/lib/python3.9/site-packages/airflow/example_dags/example_latest_only_with_trigger.py
[2024-12-18 22:28:53,400] {processor.py:651} INFO - DAG(s) dict_keys(['latest_only_with_trigger']) retrieved from /home/patriciacorreia/Documents/airflowalura/venv/lib/python3.9/site-packages/airflow/example_dags/example_latest_only_with_trigger.py
[2024-12-18 22:28:53,461] {logging_mixin.py:115} INFO - [2024-12-18 22:28:53,460] {dag.py:2379} INFO - Sync 1 DAGs
[2024-12-18 22:28:53,522] {logging_mixin.py:115} INFO - [2024-12-18 22:28:53,522] {dag.py:2927} INFO - Setting next_dagrun for latest_only_with_trigger to 2024-12-18T21:28:53.522113+00:00, run_after=2024-12-19T01:28:53.522113+00:00
[2024-12-18 22:28:53,542] {processor.py:161} INFO - Processing /home/patriciacorreia/Documents/airflowalura/venv/lib/python3.9/site-packages/airflow/example_dags/example_latest_only_with_trigger.py took 0.188 seconds
[2024-12-18 22:29:27,481] {processor.py:153} INFO - Started process (PID=20674) to work on /home/patriciacorreia/Documents/airflowalura/venv/lib/python3.9/site-packages/airflow/example_dags/example_latest_only_with_trigger.py
[2024-12-18 22:29:27,483] {processor.py:641} INFO - Processing file /home/patriciacorreia/Documents/airflowalura/venv/lib/python3.9/site-packages/airflow/example_dags/example_latest_only_with_trigger.py for tasks to queue
[2024-12-18 22:29:27,484] {logging_mixin.py:115} INFO - [2024-12-18 22:29:27,484] {dagbag.py:507} INFO - Filling up the DagBag from /home/patriciacorreia/Documents/airflowalura/venv/lib/python3.9/site-packages/airflow/example_dags/example_latest_only_with_trigger.py
[2024-12-18 22:29:27,498] {processor.py:651} INFO - DAG(s) dict_keys(['latest_only_with_trigger']) retrieved from /home/patriciacorreia/Documents/airflowalura/venv/lib/python3.9/site-packages/airflow/example_dags/example_latest_only_with_trigger.py
[2024-12-18 22:29:27,530] {logging_mixin.py:115} INFO - [2024-12-18 22:29:27,530] {dag.py:2379} INFO - Sync 1 DAGs
[2024-12-18 22:29:27,557] {logging_mixin.py:115} INFO - [2024-12-18 22:29:27,556] {dag.py:2927} INFO - Setting next_dagrun for latest_only_with_trigger to 2024-12-18T21:29:27.556533+00:00, run_after=2024-12-19T01:29:27.556533+00:00
[2024-12-18 22:29:27,573] {processor.py:161} INFO - Processing /home/patriciacorreia/Documents/airflowalura/venv/lib/python3.9/site-packages/airflow/example_dags/example_latest_only_with_trigger.py took 0.099 seconds
[2024-12-18 22:30:01,931] {processor.py:153} INFO - Started process (PID=20863) to work on /home/patriciacorreia/Documents/airflowalura/venv/lib/python3.9/site-packages/airflow/example_dags/example_latest_only_with_trigger.py
[2024-12-18 22:30:01,932] {processor.py:641} INFO - Processing file /home/patriciacorreia/Documents/airflowalura/venv/lib/python3.9/site-packages/airflow/example_dags/example_latest_only_with_trigger.py for tasks to queue
[2024-12-18 22:30:01,933] {logging_mixin.py:115} INFO - [2024-12-18 22:30:01,933] {dagbag.py:507} INFO - Filling up the DagBag from /home/patriciacorreia/Documents/airflowalura/venv/lib/python3.9/site-packages/airflow/example_dags/example_latest_only_with_trigger.py
[2024-12-18 22:30:01,941] {processor.py:651} INFO - DAG(s) dict_keys(['latest_only_with_trigger']) retrieved from /home/patriciacorreia/Documents/airflowalura/venv/lib/python3.9/site-packages/airflow/example_dags/example_latest_only_with_trigger.py
[2024-12-18 22:30:01,962] {logging_mixin.py:115} INFO - [2024-12-18 22:30:01,962] {dag.py:2379} INFO - Sync 1 DAGs
[2024-12-18 22:30:01,986] {logging_mixin.py:115} INFO - [2024-12-18 22:30:01,986] {dag.py:2927} INFO - Setting next_dagrun for latest_only_with_trigger to 2024-12-18T21:30:01.985985+00:00, run_after=2024-12-19T01:30:01.985985+00:00
[2024-12-18 22:30:02,000] {processor.py:161} INFO - Processing /home/patriciacorreia/Documents/airflowalura/venv/lib/python3.9/site-packages/airflow/example_dags/example_latest_only_with_trigger.py took 0.073 seconds
[2024-12-18 22:30:42,885] {processor.py:153} INFO - Started process (PID=21072) to work on /home/patriciacorreia/Documents/airflowalura/venv/lib/python3.9/site-packages/airflow/example_dags/example_latest_only_with_trigger.py
[2024-12-18 22:30:42,890] {processor.py:641} INFO - Processing file /home/patriciacorreia/Documents/airflowalura/venv/lib/python3.9/site-packages/airflow/example_dags/example_latest_only_with_trigger.py for tasks to queue
[2024-12-18 22:30:42,892] {logging_mixin.py:115} INFO - [2024-12-18 22:30:42,891] {dagbag.py:507} INFO - Filling up the DagBag from /home/patriciacorreia/Documents/airflowalura/venv/lib/python3.9/site-packages/airflow/example_dags/example_latest_only_with_trigger.py
[2024-12-18 22:30:42,918] {processor.py:651} INFO - DAG(s) dict_keys(['latest_only_with_trigger']) retrieved from /home/patriciacorreia/Documents/airflowalura/venv/lib/python3.9/site-packages/airflow/example_dags/example_latest_only_with_trigger.py
[2024-12-18 22:30:42,976] {logging_mixin.py:115} INFO - [2024-12-18 22:30:42,976] {dag.py:2379} INFO - Sync 1 DAGs
[2024-12-18 22:30:43,056] {logging_mixin.py:115} INFO - [2024-12-18 22:30:43,056] {dag.py:2927} INFO - Setting next_dagrun for latest_only_with_trigger to 2024-12-18T21:30:43.054993+00:00, run_after=2024-12-19T01:30:43.054993+00:00
[2024-12-18 22:30:43,086] {processor.py:161} INFO - Processing /home/patriciacorreia/Documents/airflowalura/venv/lib/python3.9/site-packages/airflow/example_dags/example_latest_only_with_trigger.py took 0.212 seconds
[2024-12-18 22:31:17,920] {processor.py:153} INFO - Started process (PID=21256) to work on /home/patriciacorreia/Documents/airflowalura/venv/lib/python3.9/site-packages/airflow/example_dags/example_latest_only_with_trigger.py
[2024-12-18 22:31:17,922] {processor.py:641} INFO - Processing file /home/patriciacorreia/Documents/airflowalura/venv/lib/python3.9/site-packages/airflow/example_dags/example_latest_only_with_trigger.py for tasks to queue
[2024-12-18 22:31:17,924] {logging_mixin.py:115} INFO - [2024-12-18 22:31:17,923] {dagbag.py:507} INFO - Filling up the DagBag from /home/patriciacorreia/Documents/airflowalura/venv/lib/python3.9/site-packages/airflow/example_dags/example_latest_only_with_trigger.py
[2024-12-18 22:31:17,937] {processor.py:651} INFO - DAG(s) dict_keys(['latest_only_with_trigger']) retrieved from /home/patriciacorreia/Documents/airflowalura/venv/lib/python3.9/site-packages/airflow/example_dags/example_latest_only_with_trigger.py
[2024-12-18 22:31:17,974] {logging_mixin.py:115} INFO - [2024-12-18 22:31:17,974] {dag.py:2379} INFO - Sync 1 DAGs
[2024-12-18 22:31:18,013] {logging_mixin.py:115} INFO - [2024-12-18 22:31:18,012] {dag.py:2927} INFO - Setting next_dagrun for latest_only_with_trigger to 2024-12-18T21:31:18.012171+00:00, run_after=2024-12-19T01:31:18.012171+00:00
[2024-12-18 22:31:18,035] {processor.py:161} INFO - Processing /home/patriciacorreia/Documents/airflowalura/venv/lib/python3.9/site-packages/airflow/example_dags/example_latest_only_with_trigger.py took 0.124 seconds
[2024-12-18 22:31:53,676] {processor.py:153} INFO - Started process (PID=21441) to work on /home/patriciacorreia/Documents/airflowalura/venv/lib/python3.9/site-packages/airflow/example_dags/example_latest_only_with_trigger.py
[2024-12-18 22:31:53,678] {processor.py:641} INFO - Processing file /home/patriciacorreia/Documents/airflowalura/venv/lib/python3.9/site-packages/airflow/example_dags/example_latest_only_with_trigger.py for tasks to queue
[2024-12-18 22:31:53,679] {logging_mixin.py:115} INFO - [2024-12-18 22:31:53,679] {dagbag.py:507} INFO - Filling up the DagBag from /home/patriciacorreia/Documents/airflowalura/venv/lib/python3.9/site-packages/airflow/example_dags/example_latest_only_with_trigger.py
[2024-12-18 22:31:53,692] {processor.py:651} INFO - DAG(s) dict_keys(['latest_only_with_trigger']) retrieved from /home/patriciacorreia/Documents/airflowalura/venv/lib/python3.9/site-packages/airflow/example_dags/example_latest_only_with_trigger.py
[2024-12-18 22:31:53,726] {logging_mixin.py:115} INFO - [2024-12-18 22:31:53,726] {dag.py:2379} INFO - Sync 1 DAGs
[2024-12-18 22:31:53,765] {logging_mixin.py:115} INFO - [2024-12-18 22:31:53,765] {dag.py:2927} INFO - Setting next_dagrun for latest_only_with_trigger to 2024-12-18T21:31:53.764900+00:00, run_after=2024-12-19T01:31:53.764900+00:00
[2024-12-18 22:31:53,786] {processor.py:161} INFO - Processing /home/patriciacorreia/Documents/airflowalura/venv/lib/python3.9/site-packages/airflow/example_dags/example_latest_only_with_trigger.py took 0.117 seconds
[2024-12-18 22:32:32,558] {processor.py:153} INFO - Started process (PID=21629) to work on /home/patriciacorreia/Documents/airflowalura/venv/lib/python3.9/site-packages/airflow/example_dags/example_latest_only_with_trigger.py
[2024-12-18 22:32:32,559] {processor.py:641} INFO - Processing file /home/patriciacorreia/Documents/airflowalura/venv/lib/python3.9/site-packages/airflow/example_dags/example_latest_only_with_trigger.py for tasks to queue
[2024-12-18 22:32:32,560] {logging_mixin.py:115} INFO - [2024-12-18 22:32:32,560] {dagbag.py:507} INFO - Filling up the DagBag from /home/patriciacorreia/Documents/airflowalura/venv/lib/python3.9/site-packages/airflow/example_dags/example_latest_only_with_trigger.py
[2024-12-18 22:32:32,568] {processor.py:651} INFO - DAG(s) dict_keys(['latest_only_with_trigger']) retrieved from /home/patriciacorreia/Documents/airflowalura/venv/lib/python3.9/site-packages/airflow/example_dags/example_latest_only_with_trigger.py
[2024-12-18 22:32:32,592] {logging_mixin.py:115} INFO - [2024-12-18 22:32:32,592] {dag.py:2379} INFO - Sync 1 DAGs
[2024-12-18 22:32:32,617] {logging_mixin.py:115} INFO - [2024-12-18 22:32:32,617] {dag.py:2927} INFO - Setting next_dagrun for latest_only_with_trigger to 2024-12-18T21:32:32.617482+00:00, run_after=2024-12-19T01:32:32.617482+00:00
[2024-12-18 22:32:32,635] {processor.py:161} INFO - Processing /home/patriciacorreia/Documents/airflowalura/venv/lib/python3.9/site-packages/airflow/example_dags/example_latest_only_with_trigger.py took 0.081 seconds
[2024-12-18 22:33:07,759] {processor.py:153} INFO - Started process (PID=21795) to work on /home/patriciacorreia/Documents/airflowalura/venv/lib/python3.9/site-packages/airflow/example_dags/example_latest_only_with_trigger.py
[2024-12-18 22:33:07,763] {processor.py:641} INFO - Processing file /home/patriciacorreia/Documents/airflowalura/venv/lib/python3.9/site-packages/airflow/example_dags/example_latest_only_with_trigger.py for tasks to queue
[2024-12-18 22:33:07,767] {logging_mixin.py:115} INFO - [2024-12-18 22:33:07,767] {dagbag.py:507} INFO - Filling up the DagBag from /home/patriciacorreia/Documents/airflowalura/venv/lib/python3.9/site-packages/airflow/example_dags/example_latest_only_with_trigger.py
[2024-12-18 22:33:07,795] {processor.py:651} INFO - DAG(s) dict_keys(['latest_only_with_trigger']) retrieved from /home/patriciacorreia/Documents/airflowalura/venv/lib/python3.9/site-packages/airflow/example_dags/example_latest_only_with_trigger.py
[2024-12-18 22:33:07,885] {logging_mixin.py:115} INFO - [2024-12-18 22:33:07,884] {dag.py:2379} INFO - Sync 1 DAGs
[2024-12-18 22:33:07,993] {logging_mixin.py:115} INFO - [2024-12-18 22:33:07,993] {dag.py:2927} INFO - Setting next_dagrun for latest_only_with_trigger to 2024-12-18T21:33:07.991967+00:00, run_after=2024-12-19T01:33:07.991967+00:00
[2024-12-18 22:33:08,048] {processor.py:161} INFO - Processing /home/patriciacorreia/Documents/airflowalura/venv/lib/python3.9/site-packages/airflow/example_dags/example_latest_only_with_trigger.py took 0.305 seconds
[2024-12-18 22:33:49,452] {processor.py:153} INFO - Started process (PID=21979) to work on /home/patriciacorreia/Documents/airflowalura/venv/lib/python3.9/site-packages/airflow/example_dags/example_latest_only_with_trigger.py
[2024-12-18 22:33:49,457] {processor.py:641} INFO - Processing file /home/patriciacorreia/Documents/airflowalura/venv/lib/python3.9/site-packages/airflow/example_dags/example_latest_only_with_trigger.py for tasks to queue
[2024-12-18 22:33:49,460] {logging_mixin.py:115} INFO - [2024-12-18 22:33:49,460] {dagbag.py:507} INFO - Filling up the DagBag from /home/patriciacorreia/Documents/airflowalura/venv/lib/python3.9/site-packages/airflow/example_dags/example_latest_only_with_trigger.py
[2024-12-18 22:33:49,492] {processor.py:651} INFO - DAG(s) dict_keys(['latest_only_with_trigger']) retrieved from /home/patriciacorreia/Documents/airflowalura/venv/lib/python3.9/site-packages/airflow/example_dags/example_latest_only_with_trigger.py
[2024-12-18 22:33:49,572] {logging_mixin.py:115} INFO - [2024-12-18 22:33:49,571] {dag.py:2379} INFO - Sync 1 DAGs
[2024-12-18 22:33:49,634] {logging_mixin.py:115} INFO - [2024-12-18 22:33:49,634] {dag.py:2927} INFO - Setting next_dagrun for latest_only_with_trigger to 2024-12-18T21:33:49.634314+00:00, run_after=2024-12-19T01:33:49.634314+00:00
[2024-12-18 22:33:49,653] {processor.py:161} INFO - Processing /home/patriciacorreia/Documents/airflowalura/venv/lib/python3.9/site-packages/airflow/example_dags/example_latest_only_with_trigger.py took 0.223 seconds
[2024-12-18 22:34:25,909] {processor.py:153} INFO - Started process (PID=22139) to work on /home/patriciacorreia/Documents/airflowalura/venv/lib/python3.9/site-packages/airflow/example_dags/example_latest_only_with_trigger.py
[2024-12-18 22:34:25,911] {processor.py:641} INFO - Processing file /home/patriciacorreia/Documents/airflowalura/venv/lib/python3.9/site-packages/airflow/example_dags/example_latest_only_with_trigger.py for tasks to queue
[2024-12-18 22:34:25,917] {logging_mixin.py:115} INFO - [2024-12-18 22:34:25,917] {dagbag.py:507} INFO - Filling up the DagBag from /home/patriciacorreia/Documents/airflowalura/venv/lib/python3.9/site-packages/airflow/example_dags/example_latest_only_with_trigger.py
[2024-12-18 22:34:25,948] {processor.py:651} INFO - DAG(s) dict_keys(['latest_only_with_trigger']) retrieved from /home/patriciacorreia/Documents/airflowalura/venv/lib/python3.9/site-packages/airflow/example_dags/example_latest_only_with_trigger.py
[2024-12-18 22:34:25,996] {logging_mixin.py:115} INFO - [2024-12-18 22:34:25,995] {dag.py:2379} INFO - Sync 1 DAGs
[2024-12-18 22:34:26,028] {logging_mixin.py:115} INFO - [2024-12-18 22:34:26,028] {dag.py:2927} INFO - Setting next_dagrun for latest_only_with_trigger to 2024-12-18T21:34:26.028395+00:00, run_after=2024-12-19T01:34:26.028395+00:00
[2024-12-18 22:34:26,055] {processor.py:161} INFO - Processing /home/patriciacorreia/Documents/airflowalura/venv/lib/python3.9/site-packages/airflow/example_dags/example_latest_only_with_trigger.py took 0.166 seconds
[2024-12-18 22:35:04,264] {processor.py:153} INFO - Started process (PID=22318) to work on /home/patriciacorreia/Documents/airflowalura/venv/lib/python3.9/site-packages/airflow/example_dags/example_latest_only_with_trigger.py
[2024-12-18 22:35:04,268] {processor.py:641} INFO - Processing file /home/patriciacorreia/Documents/airflowalura/venv/lib/python3.9/site-packages/airflow/example_dags/example_latest_only_with_trigger.py for tasks to queue
[2024-12-18 22:35:04,273] {logging_mixin.py:115} INFO - [2024-12-18 22:35:04,272] {dagbag.py:507} INFO - Filling up the DagBag from /home/patriciacorreia/Documents/airflowalura/venv/lib/python3.9/site-packages/airflow/example_dags/example_latest_only_with_trigger.py
[2024-12-18 22:35:04,293] {processor.py:651} INFO - DAG(s) dict_keys(['latest_only_with_trigger']) retrieved from /home/patriciacorreia/Documents/airflowalura/venv/lib/python3.9/site-packages/airflow/example_dags/example_latest_only_with_trigger.py
[2024-12-18 22:35:04,324] {logging_mixin.py:115} INFO - [2024-12-18 22:35:04,323] {dag.py:2379} INFO - Sync 1 DAGs
[2024-12-18 22:35:04,359] {logging_mixin.py:115} INFO - [2024-12-18 22:35:04,359] {dag.py:2927} INFO - Setting next_dagrun for latest_only_with_trigger to 2024-12-18T21:35:04.359210+00:00, run_after=2024-12-19T01:35:04.359210+00:00
[2024-12-18 22:35:04,379] {processor.py:161} INFO - Processing /home/patriciacorreia/Documents/airflowalura/venv/lib/python3.9/site-packages/airflow/example_dags/example_latest_only_with_trigger.py took 0.135 seconds
[2024-12-18 22:35:44,917] {processor.py:153} INFO - Started process (PID=22503) to work on /home/patriciacorreia/Documents/airflowalura/venv/lib/python3.9/site-packages/airflow/example_dags/example_latest_only_with_trigger.py
[2024-12-18 22:35:44,922] {processor.py:641} INFO - Processing file /home/patriciacorreia/Documents/airflowalura/venv/lib/python3.9/site-packages/airflow/example_dags/example_latest_only_with_trigger.py for tasks to queue
[2024-12-18 22:35:44,928] {logging_mixin.py:115} INFO - [2024-12-18 22:35:44,927] {dagbag.py:507} INFO - Filling up the DagBag from /home/patriciacorreia/Documents/airflowalura/venv/lib/python3.9/site-packages/airflow/example_dags/example_latest_only_with_trigger.py
[2024-12-18 22:35:44,955] {processor.py:651} INFO - DAG(s) dict_keys(['latest_only_with_trigger']) retrieved from /home/patriciacorreia/Documents/airflowalura/venv/lib/python3.9/site-packages/airflow/example_dags/example_latest_only_with_trigger.py
[2024-12-18 22:35:45,036] {logging_mixin.py:115} INFO - [2024-12-18 22:35:45,035] {dag.py:2379} INFO - Sync 1 DAGs
[2024-12-18 22:35:45,082] {logging_mixin.py:115} INFO - [2024-12-18 22:35:45,082] {dag.py:2927} INFO - Setting next_dagrun for latest_only_with_trigger to 2024-12-18T21:35:45.081830+00:00, run_after=2024-12-19T01:35:45.081830+00:00
[2024-12-18 22:35:45,103] {processor.py:161} INFO - Processing /home/patriciacorreia/Documents/airflowalura/venv/lib/python3.9/site-packages/airflow/example_dags/example_latest_only_with_trigger.py took 0.203 seconds
[2024-12-18 22:36:21,560] {processor.py:153} INFO - Started process (PID=22666) to work on /home/patriciacorreia/Documents/airflowalura/venv/lib/python3.9/site-packages/airflow/example_dags/example_latest_only_with_trigger.py
[2024-12-18 22:36:21,567] {processor.py:641} INFO - Processing file /home/patriciacorreia/Documents/airflowalura/venv/lib/python3.9/site-packages/airflow/example_dags/example_latest_only_with_trigger.py for tasks to queue
[2024-12-18 22:36:21,575] {logging_mixin.py:115} INFO - [2024-12-18 22:36:21,574] {dagbag.py:507} INFO - Filling up the DagBag from /home/patriciacorreia/Documents/airflowalura/venv/lib/python3.9/site-packages/airflow/example_dags/example_latest_only_with_trigger.py
[2024-12-18 22:36:21,628] {processor.py:651} INFO - DAG(s) dict_keys(['latest_only_with_trigger']) retrieved from /home/patriciacorreia/Documents/airflowalura/venv/lib/python3.9/site-packages/airflow/example_dags/example_latest_only_with_trigger.py
[2024-12-18 22:36:21,700] {logging_mixin.py:115} INFO - [2024-12-18 22:36:21,700] {dag.py:2379} INFO - Sync 1 DAGs
[2024-12-18 22:36:21,804] {logging_mixin.py:115} INFO - [2024-12-18 22:36:21,803] {dag.py:2927} INFO - Setting next_dagrun for latest_only_with_trigger to 2024-12-18T21:36:21.803007+00:00, run_after=2024-12-19T01:36:21.803007+00:00
[2024-12-18 22:36:21,832] {processor.py:161} INFO - Processing /home/patriciacorreia/Documents/airflowalura/venv/lib/python3.9/site-packages/airflow/example_dags/example_latest_only_with_trigger.py took 0.296 seconds
[2024-12-18 22:37:00,668] {processor.py:153} INFO - Started process (PID=22840) to work on /home/patriciacorreia/Documents/airflowalura/venv/lib/python3.9/site-packages/airflow/example_dags/example_latest_only_with_trigger.py
[2024-12-18 22:37:00,670] {processor.py:641} INFO - Processing file /home/patriciacorreia/Documents/airflowalura/venv/lib/python3.9/site-packages/airflow/example_dags/example_latest_only_with_trigger.py for tasks to queue
[2024-12-18 22:37:00,671] {logging_mixin.py:115} INFO - [2024-12-18 22:37:00,671] {dagbag.py:507} INFO - Filling up the DagBag from /home/patriciacorreia/Documents/airflowalura/venv/lib/python3.9/site-packages/airflow/example_dags/example_latest_only_with_trigger.py
[2024-12-18 22:37:00,683] {processor.py:651} INFO - DAG(s) dict_keys(['latest_only_with_trigger']) retrieved from /home/patriciacorreia/Documents/airflowalura/venv/lib/python3.9/site-packages/airflow/example_dags/example_latest_only_with_trigger.py
[2024-12-18 22:37:00,736] {logging_mixin.py:115} INFO - [2024-12-18 22:37:00,735] {dag.py:2379} INFO - Sync 1 DAGs
[2024-12-18 22:37:00,790] {logging_mixin.py:115} INFO - [2024-12-18 22:37:00,789] {dag.py:2927} INFO - Setting next_dagrun for latest_only_with_trigger to 2024-12-18T21:37:00.788573+00:00, run_after=2024-12-19T01:37:00.788573+00:00
[2024-12-18 22:37:00,819] {processor.py:161} INFO - Processing /home/patriciacorreia/Documents/airflowalura/venv/lib/python3.9/site-packages/airflow/example_dags/example_latest_only_with_trigger.py took 0.158 seconds
[2024-12-18 22:37:44,904] {processor.py:153} INFO - Started process (PID=23034) to work on /home/patriciacorreia/Documents/airflowalura/venv/lib/python3.9/site-packages/airflow/example_dags/example_latest_only_with_trigger.py
[2024-12-18 22:37:44,908] {processor.py:641} INFO - Processing file /home/patriciacorreia/Documents/airflowalura/venv/lib/python3.9/site-packages/airflow/example_dags/example_latest_only_with_trigger.py for tasks to queue
[2024-12-18 22:37:44,912] {logging_mixin.py:115} INFO - [2024-12-18 22:37:44,911] {dagbag.py:507} INFO - Filling up the DagBag from /home/patriciacorreia/Documents/airflowalura/venv/lib/python3.9/site-packages/airflow/example_dags/example_latest_only_with_trigger.py
[2024-12-18 22:37:44,942] {processor.py:651} INFO - DAG(s) dict_keys(['latest_only_with_trigger']) retrieved from /home/patriciacorreia/Documents/airflowalura/venv/lib/python3.9/site-packages/airflow/example_dags/example_latest_only_with_trigger.py
[2024-12-18 22:37:44,976] {logging_mixin.py:115} INFO - [2024-12-18 22:37:44,976] {dag.py:2379} INFO - Sync 1 DAGs
[2024-12-18 22:37:45,006] {logging_mixin.py:115} INFO - [2024-12-18 22:37:45,006] {dag.py:2927} INFO - Setting next_dagrun for latest_only_with_trigger to 2024-12-18T21:37:45.006096+00:00, run_after=2024-12-19T01:37:45.006096+00:00
[2024-12-18 22:37:45,029] {processor.py:161} INFO - Processing /home/patriciacorreia/Documents/airflowalura/venv/lib/python3.9/site-packages/airflow/example_dags/example_latest_only_with_trigger.py took 0.144 seconds
[2024-12-18 22:38:26,077] {processor.py:153} INFO - Started process (PID=23223) to work on /home/patriciacorreia/Documents/airflowalura/venv/lib/python3.9/site-packages/airflow/example_dags/example_latest_only_with_trigger.py
[2024-12-18 22:38:26,079] {processor.py:641} INFO - Processing file /home/patriciacorreia/Documents/airflowalura/venv/lib/python3.9/site-packages/airflow/example_dags/example_latest_only_with_trigger.py for tasks to queue
[2024-12-18 22:38:26,081] {logging_mixin.py:115} INFO - [2024-12-18 22:38:26,080] {dagbag.py:507} INFO - Filling up the DagBag from /home/patriciacorreia/Documents/airflowalura/venv/lib/python3.9/site-packages/airflow/example_dags/example_latest_only_with_trigger.py
[2024-12-18 22:38:26,093] {processor.py:651} INFO - DAG(s) dict_keys(['latest_only_with_trigger']) retrieved from /home/patriciacorreia/Documents/airflowalura/venv/lib/python3.9/site-packages/airflow/example_dags/example_latest_only_with_trigger.py
[2024-12-18 22:38:26,139] {logging_mixin.py:115} INFO - [2024-12-18 22:38:26,138] {dag.py:2379} INFO - Sync 1 DAGs
[2024-12-18 22:38:26,211] {logging_mixin.py:115} INFO - [2024-12-18 22:38:26,211] {dag.py:2927} INFO - Setting next_dagrun for latest_only_with_trigger to 2024-12-18T21:38:26.209862+00:00, run_after=2024-12-19T01:38:26.209862+00:00
[2024-12-18 22:38:26,250] {processor.py:161} INFO - Processing /home/patriciacorreia/Documents/airflowalura/venv/lib/python3.9/site-packages/airflow/example_dags/example_latest_only_with_trigger.py took 0.179 seconds
[2024-12-18 22:39:05,262] {processor.py:153} INFO - Started process (PID=23405) to work on /home/patriciacorreia/Documents/airflowalura/venv/lib/python3.9/site-packages/airflow/example_dags/example_latest_only_with_trigger.py
[2024-12-18 22:39:05,266] {processor.py:641} INFO - Processing file /home/patriciacorreia/Documents/airflowalura/venv/lib/python3.9/site-packages/airflow/example_dags/example_latest_only_with_trigger.py for tasks to queue
[2024-12-18 22:39:05,267] {logging_mixin.py:115} INFO - [2024-12-18 22:39:05,267] {dagbag.py:507} INFO - Filling up the DagBag from /home/patriciacorreia/Documents/airflowalura/venv/lib/python3.9/site-packages/airflow/example_dags/example_latest_only_with_trigger.py
[2024-12-18 22:39:05,300] {processor.py:651} INFO - DAG(s) dict_keys(['latest_only_with_trigger']) retrieved from /home/patriciacorreia/Documents/airflowalura/venv/lib/python3.9/site-packages/airflow/example_dags/example_latest_only_with_trigger.py
[2024-12-18 22:39:05,375] {logging_mixin.py:115} INFO - [2024-12-18 22:39:05,374] {dag.py:2379} INFO - Sync 1 DAGs
[2024-12-18 22:39:05,483] {logging_mixin.py:115} INFO - [2024-12-18 22:39:05,483] {dag.py:2927} INFO - Setting next_dagrun for latest_only_with_trigger to 2024-12-18T21:39:05.482524+00:00, run_after=2024-12-19T01:39:05.482524+00:00
[2024-12-18 22:39:05,515] {processor.py:161} INFO - Processing /home/patriciacorreia/Documents/airflowalura/venv/lib/python3.9/site-packages/airflow/example_dags/example_latest_only_with_trigger.py took 0.266 seconds
[2024-12-18 22:39:42,476] {processor.py:153} INFO - Started process (PID=23575) to work on /home/patriciacorreia/Documents/airflowalura/venv/lib/python3.9/site-packages/airflow/example_dags/example_latest_only_with_trigger.py
[2024-12-18 22:39:42,479] {processor.py:641} INFO - Processing file /home/patriciacorreia/Documents/airflowalura/venv/lib/python3.9/site-packages/airflow/example_dags/example_latest_only_with_trigger.py for tasks to queue
[2024-12-18 22:39:42,481] {logging_mixin.py:115} INFO - [2024-12-18 22:39:42,480] {dagbag.py:507} INFO - Filling up the DagBag from /home/patriciacorreia/Documents/airflowalura/venv/lib/python3.9/site-packages/airflow/example_dags/example_latest_only_with_trigger.py
[2024-12-18 22:39:42,496] {processor.py:651} INFO - DAG(s) dict_keys(['latest_only_with_trigger']) retrieved from /home/patriciacorreia/Documents/airflowalura/venv/lib/python3.9/site-packages/airflow/example_dags/example_latest_only_with_trigger.py
[2024-12-18 22:39:42,537] {logging_mixin.py:115} INFO - [2024-12-18 22:39:42,537] {dag.py:2379} INFO - Sync 1 DAGs
[2024-12-18 22:39:42,576] {logging_mixin.py:115} INFO - [2024-12-18 22:39:42,576] {dag.py:2927} INFO - Setting next_dagrun for latest_only_with_trigger to 2024-12-18T21:39:42.575465+00:00, run_after=2024-12-19T01:39:42.575465+00:00
[2024-12-18 22:39:42,605] {processor.py:161} INFO - Processing /home/patriciacorreia/Documents/airflowalura/venv/lib/python3.9/site-packages/airflow/example_dags/example_latest_only_with_trigger.py took 0.139 seconds
[2024-12-18 22:40:16,747] {processor.py:153} INFO - Started process (PID=23740) to work on /home/patriciacorreia/Documents/airflowalura/venv/lib/python3.9/site-packages/airflow/example_dags/example_latest_only_with_trigger.py
[2024-12-18 22:40:16,748] {processor.py:641} INFO - Processing file /home/patriciacorreia/Documents/airflowalura/venv/lib/python3.9/site-packages/airflow/example_dags/example_latest_only_with_trigger.py for tasks to queue
[2024-12-18 22:40:16,749] {logging_mixin.py:115} INFO - [2024-12-18 22:40:16,749] {dagbag.py:507} INFO - Filling up the DagBag from /home/patriciacorreia/Documents/airflowalura/venv/lib/python3.9/site-packages/airflow/example_dags/example_latest_only_with_trigger.py
[2024-12-18 22:40:16,758] {processor.py:651} INFO - DAG(s) dict_keys(['latest_only_with_trigger']) retrieved from /home/patriciacorreia/Documents/airflowalura/venv/lib/python3.9/site-packages/airflow/example_dags/example_latest_only_with_trigger.py
[2024-12-18 22:40:16,784] {logging_mixin.py:115} INFO - [2024-12-18 22:40:16,784] {dag.py:2379} INFO - Sync 1 DAGs
[2024-12-18 22:40:16,809] {logging_mixin.py:115} INFO - [2024-12-18 22:40:16,809] {dag.py:2927} INFO - Setting next_dagrun for latest_only_with_trigger to 2024-12-18T21:40:16.808818+00:00, run_after=2024-12-19T01:40:16.808818+00:00
[2024-12-18 22:40:16,825] {processor.py:161} INFO - Processing /home/patriciacorreia/Documents/airflowalura/venv/lib/python3.9/site-packages/airflow/example_dags/example_latest_only_with_trigger.py took 0.084 seconds
