[2024-12-18 22:05:38,043] {processor.py:153} INFO - Started process (PID=13843) to work on /home/patriciacorreia/Documents/airflowalura/venv/lib/python3.9/site-packages/airflow/example_dags/example_time_delta_sensor_async.py
[2024-12-18 22:05:38,043] {processor.py:641} INFO - Processing file /home/patriciacorreia/Documents/airflowalura/venv/lib/python3.9/site-packages/airflow/example_dags/example_time_delta_sensor_async.py for tasks to queue
[2024-12-18 22:05:38,044] {logging_mixin.py:115} INFO - [2024-12-18 22:05:38,044] {dagbag.py:507} INFO - Filling up the DagBag from /home/patriciacorreia/Documents/airflowalura/venv/lib/python3.9/site-packages/airflow/example_dags/example_time_delta_sensor_async.py
[2024-12-18 22:05:38,051] {processor.py:651} INFO - DAG(s) dict_keys(['example_time_delta_sensor_async']) retrieved from /home/patriciacorreia/Documents/airflowalura/venv/lib/python3.9/site-packages/airflow/example_dags/example_time_delta_sensor_async.py
[2024-12-18 22:05:38,140] {logging_mixin.py:115} INFO - [2024-12-18 22:05:38,140] {manager.py:508} INFO - Created Permission View: can read on DAG:example_time_delta_sensor_async
[2024-12-18 22:05:38,152] {logging_mixin.py:115} INFO - [2024-12-18 22:05:38,152] {manager.py:508} INFO - Created Permission View: can delete on DAG:example_time_delta_sensor_async
[2024-12-18 22:05:38,169] {logging_mixin.py:115} INFO - [2024-12-18 22:05:38,169] {manager.py:508} INFO - Created Permission View: can edit on DAG:example_time_delta_sensor_async
[2024-12-18 22:05:38,169] {logging_mixin.py:115} INFO - [2024-12-18 22:05:38,169] {dag.py:2379} INFO - Sync 1 DAGs
[2024-12-18 22:05:38,188] {logging_mixin.py:115} INFO - [2024-12-18 22:05:38,188] {dag.py:2398} INFO - Creating ORM DAG for example_time_delta_sensor_async
[2024-12-18 22:05:38,201] {logging_mixin.py:115} INFO - [2024-12-18 22:05:38,201] {dag.py:2927} INFO - Setting next_dagrun for example_time_delta_sensor_async to None, run_after=None
[2024-12-18 22:05:38,220] {processor.py:161} INFO - Processing /home/patriciacorreia/Documents/airflowalura/venv/lib/python3.9/site-packages/airflow/example_dags/example_time_delta_sensor_async.py took 0.181 seconds
[2024-12-18 22:06:14,068] {processor.py:153} INFO - Started process (PID=13969) to work on /home/patriciacorreia/Documents/airflowalura/venv/lib/python3.9/site-packages/airflow/example_dags/example_time_delta_sensor_async.py
[2024-12-18 22:06:14,070] {processor.py:641} INFO - Processing file /home/patriciacorreia/Documents/airflowalura/venv/lib/python3.9/site-packages/airflow/example_dags/example_time_delta_sensor_async.py for tasks to queue
[2024-12-18 22:06:14,071] {logging_mixin.py:115} INFO - [2024-12-18 22:06:14,071] {dagbag.py:507} INFO - Filling up the DagBag from /home/patriciacorreia/Documents/airflowalura/venv/lib/python3.9/site-packages/airflow/example_dags/example_time_delta_sensor_async.py
[2024-12-18 22:06:14,083] {processor.py:651} INFO - DAG(s) dict_keys(['example_time_delta_sensor_async']) retrieved from /home/patriciacorreia/Documents/airflowalura/venv/lib/python3.9/site-packages/airflow/example_dags/example_time_delta_sensor_async.py
[2024-12-18 22:06:14,127] {logging_mixin.py:115} INFO - [2024-12-18 22:06:14,127] {dag.py:2379} INFO - Sync 1 DAGs
[2024-12-18 22:06:14,155] {logging_mixin.py:115} INFO - [2024-12-18 22:06:14,154] {dag.py:2927} INFO - Setting next_dagrun for example_time_delta_sensor_async to None, run_after=None
[2024-12-18 22:06:14,173] {processor.py:161} INFO - Processing /home/patriciacorreia/Documents/airflowalura/venv/lib/python3.9/site-packages/airflow/example_dags/example_time_delta_sensor_async.py took 0.111 seconds
[2024-12-18 22:06:49,365] {processor.py:153} INFO - Started process (PID=14100) to work on /home/patriciacorreia/Documents/airflowalura/venv/lib/python3.9/site-packages/airflow/example_dags/example_time_delta_sensor_async.py
[2024-12-18 22:06:49,367] {processor.py:641} INFO - Processing file /home/patriciacorreia/Documents/airflowalura/venv/lib/python3.9/site-packages/airflow/example_dags/example_time_delta_sensor_async.py for tasks to queue
[2024-12-18 22:06:49,368] {logging_mixin.py:115} INFO - [2024-12-18 22:06:49,368] {dagbag.py:507} INFO - Filling up the DagBag from /home/patriciacorreia/Documents/airflowalura/venv/lib/python3.9/site-packages/airflow/example_dags/example_time_delta_sensor_async.py
[2024-12-18 22:06:49,380] {processor.py:651} INFO - DAG(s) dict_keys(['example_time_delta_sensor_async']) retrieved from /home/patriciacorreia/Documents/airflowalura/venv/lib/python3.9/site-packages/airflow/example_dags/example_time_delta_sensor_async.py
[2024-12-18 22:06:49,409] {logging_mixin.py:115} INFO - [2024-12-18 22:06:49,409] {dag.py:2379} INFO - Sync 1 DAGs
[2024-12-18 22:06:49,431] {logging_mixin.py:115} INFO - [2024-12-18 22:06:49,431] {dag.py:2927} INFO - Setting next_dagrun for example_time_delta_sensor_async to None, run_after=None
[2024-12-18 22:06:49,449] {processor.py:161} INFO - Processing /home/patriciacorreia/Documents/airflowalura/venv/lib/python3.9/site-packages/airflow/example_dags/example_time_delta_sensor_async.py took 0.091 seconds
[2024-12-18 22:07:28,249] {processor.py:153} INFO - Started process (PID=14193) to work on /home/patriciacorreia/Documents/airflowalura/venv/lib/python3.9/site-packages/airflow/example_dags/example_time_delta_sensor_async.py
[2024-12-18 22:07:28,251] {processor.py:641} INFO - Processing file /home/patriciacorreia/Documents/airflowalura/venv/lib/python3.9/site-packages/airflow/example_dags/example_time_delta_sensor_async.py for tasks to queue
[2024-12-18 22:07:28,252] {logging_mixin.py:115} INFO - [2024-12-18 22:07:28,252] {dagbag.py:507} INFO - Filling up the DagBag from /home/patriciacorreia/Documents/airflowalura/venv/lib/python3.9/site-packages/airflow/example_dags/example_time_delta_sensor_async.py
[2024-12-18 22:07:28,265] {processor.py:651} INFO - DAG(s) dict_keys(['example_time_delta_sensor_async']) retrieved from /home/patriciacorreia/Documents/airflowalura/venv/lib/python3.9/site-packages/airflow/example_dags/example_time_delta_sensor_async.py
[2024-12-18 22:07:28,316] {logging_mixin.py:115} INFO - [2024-12-18 22:07:28,316] {dag.py:2379} INFO - Sync 1 DAGs
[2024-12-18 22:07:28,365] {logging_mixin.py:115} INFO - [2024-12-18 22:07:28,365] {dag.py:2927} INFO - Setting next_dagrun for example_time_delta_sensor_async to None, run_after=None
[2024-12-18 22:07:28,429] {processor.py:161} INFO - Processing /home/patriciacorreia/Documents/airflowalura/venv/lib/python3.9/site-packages/airflow/example_dags/example_time_delta_sensor_async.py took 0.195 seconds
[2024-12-18 22:08:06,382] {processor.py:153} INFO - Started process (PID=14270) to work on /home/patriciacorreia/Documents/airflowalura/venv/lib/python3.9/site-packages/airflow/example_dags/example_time_delta_sensor_async.py
[2024-12-18 22:08:06,384] {processor.py:641} INFO - Processing file /home/patriciacorreia/Documents/airflowalura/venv/lib/python3.9/site-packages/airflow/example_dags/example_time_delta_sensor_async.py for tasks to queue
[2024-12-18 22:08:06,385] {logging_mixin.py:115} INFO - [2024-12-18 22:08:06,385] {dagbag.py:507} INFO - Filling up the DagBag from /home/patriciacorreia/Documents/airflowalura/venv/lib/python3.9/site-packages/airflow/example_dags/example_time_delta_sensor_async.py
[2024-12-18 22:08:06,396] {processor.py:651} INFO - DAG(s) dict_keys(['example_time_delta_sensor_async']) retrieved from /home/patriciacorreia/Documents/airflowalura/venv/lib/python3.9/site-packages/airflow/example_dags/example_time_delta_sensor_async.py
[2024-12-18 22:08:06,429] {logging_mixin.py:115} INFO - [2024-12-18 22:08:06,429] {dag.py:2379} INFO - Sync 1 DAGs
[2024-12-18 22:08:06,463] {logging_mixin.py:115} INFO - [2024-12-18 22:08:06,463] {dag.py:2927} INFO - Setting next_dagrun for example_time_delta_sensor_async to None, run_after=None
[2024-12-18 22:08:06,489] {processor.py:161} INFO - Processing /home/patriciacorreia/Documents/airflowalura/venv/lib/python3.9/site-packages/airflow/example_dags/example_time_delta_sensor_async.py took 0.117 seconds
[2024-12-18 22:08:45,163] {processor.py:153} INFO - Started process (PID=14419) to work on /home/patriciacorreia/Documents/airflowalura/venv/lib/python3.9/site-packages/airflow/example_dags/example_time_delta_sensor_async.py
[2024-12-18 22:08:45,166] {processor.py:641} INFO - Processing file /home/patriciacorreia/Documents/airflowalura/venv/lib/python3.9/site-packages/airflow/example_dags/example_time_delta_sensor_async.py for tasks to queue
[2024-12-18 22:08:45,169] {logging_mixin.py:115} INFO - [2024-12-18 22:08:45,169] {dagbag.py:507} INFO - Filling up the DagBag from /home/patriciacorreia/Documents/airflowalura/venv/lib/python3.9/site-packages/airflow/example_dags/example_time_delta_sensor_async.py
[2024-12-18 22:08:45,188] {processor.py:651} INFO - DAG(s) dict_keys(['example_time_delta_sensor_async']) retrieved from /home/patriciacorreia/Documents/airflowalura/venv/lib/python3.9/site-packages/airflow/example_dags/example_time_delta_sensor_async.py
[2024-12-18 22:08:45,260] {logging_mixin.py:115} INFO - [2024-12-18 22:08:45,259] {dag.py:2379} INFO - Sync 1 DAGs
[2024-12-18 22:08:45,312] {logging_mixin.py:115} INFO - [2024-12-18 22:08:45,312] {dag.py:2927} INFO - Setting next_dagrun for example_time_delta_sensor_async to None, run_after=None
[2024-12-18 22:08:45,337] {processor.py:161} INFO - Processing /home/patriciacorreia/Documents/airflowalura/venv/lib/python3.9/site-packages/airflow/example_dags/example_time_delta_sensor_async.py took 0.185 seconds
[2024-12-18 22:09:24,342] {processor.py:153} INFO - Started process (PID=14576) to work on /home/patriciacorreia/Documents/airflowalura/venv/lib/python3.9/site-packages/airflow/example_dags/example_time_delta_sensor_async.py
[2024-12-18 22:09:24,344] {processor.py:641} INFO - Processing file /home/patriciacorreia/Documents/airflowalura/venv/lib/python3.9/site-packages/airflow/example_dags/example_time_delta_sensor_async.py for tasks to queue
[2024-12-18 22:09:24,345] {logging_mixin.py:115} INFO - [2024-12-18 22:09:24,345] {dagbag.py:507} INFO - Filling up the DagBag from /home/patriciacorreia/Documents/airflowalura/venv/lib/python3.9/site-packages/airflow/example_dags/example_time_delta_sensor_async.py
[2024-12-18 22:09:24,354] {processor.py:651} INFO - DAG(s) dict_keys(['example_time_delta_sensor_async']) retrieved from /home/patriciacorreia/Documents/airflowalura/venv/lib/python3.9/site-packages/airflow/example_dags/example_time_delta_sensor_async.py
[2024-12-18 22:09:24,386] {logging_mixin.py:115} INFO - [2024-12-18 22:09:24,386] {dag.py:2379} INFO - Sync 1 DAGs
[2024-12-18 22:09:24,410] {logging_mixin.py:115} INFO - [2024-12-18 22:09:24,409] {dag.py:2927} INFO - Setting next_dagrun for example_time_delta_sensor_async to None, run_after=None
[2024-12-18 22:09:24,430] {processor.py:161} INFO - Processing /home/patriciacorreia/Documents/airflowalura/venv/lib/python3.9/site-packages/airflow/example_dags/example_time_delta_sensor_async.py took 0.093 seconds
[2024-12-18 22:10:01,888] {processor.py:153} INFO - Started process (PID=14791) to work on /home/patriciacorreia/Documents/airflowalura/venv/lib/python3.9/site-packages/airflow/example_dags/example_time_delta_sensor_async.py
[2024-12-18 22:10:01,891] {processor.py:641} INFO - Processing file /home/patriciacorreia/Documents/airflowalura/venv/lib/python3.9/site-packages/airflow/example_dags/example_time_delta_sensor_async.py for tasks to queue
[2024-12-18 22:10:01,892] {logging_mixin.py:115} INFO - [2024-12-18 22:10:01,892] {dagbag.py:507} INFO - Filling up the DagBag from /home/patriciacorreia/Documents/airflowalura/venv/lib/python3.9/site-packages/airflow/example_dags/example_time_delta_sensor_async.py
[2024-12-18 22:10:01,905] {processor.py:651} INFO - DAG(s) dict_keys(['example_time_delta_sensor_async']) retrieved from /home/patriciacorreia/Documents/airflowalura/venv/lib/python3.9/site-packages/airflow/example_dags/example_time_delta_sensor_async.py
[2024-12-18 22:10:01,967] {logging_mixin.py:115} INFO - [2024-12-18 22:10:01,967] {dag.py:2379} INFO - Sync 1 DAGs
[2024-12-18 22:10:02,002] {logging_mixin.py:115} INFO - [2024-12-18 22:10:02,002] {dag.py:2927} INFO - Setting next_dagrun for example_time_delta_sensor_async to None, run_after=None
[2024-12-18 22:10:02,029] {processor.py:161} INFO - Processing /home/patriciacorreia/Documents/airflowalura/venv/lib/python3.9/site-packages/airflow/example_dags/example_time_delta_sensor_async.py took 0.156 seconds
[2024-12-18 22:10:39,565] {processor.py:153} INFO - Started process (PID=15153) to work on /home/patriciacorreia/Documents/airflowalura/venv/lib/python3.9/site-packages/airflow/example_dags/example_time_delta_sensor_async.py
[2024-12-18 22:10:39,567] {processor.py:641} INFO - Processing file /home/patriciacorreia/Documents/airflowalura/venv/lib/python3.9/site-packages/airflow/example_dags/example_time_delta_sensor_async.py for tasks to queue
[2024-12-18 22:10:39,569] {logging_mixin.py:115} INFO - [2024-12-18 22:10:39,569] {dagbag.py:507} INFO - Filling up the DagBag from /home/patriciacorreia/Documents/airflowalura/venv/lib/python3.9/site-packages/airflow/example_dags/example_time_delta_sensor_async.py
[2024-12-18 22:10:39,583] {processor.py:651} INFO - DAG(s) dict_keys(['example_time_delta_sensor_async']) retrieved from /home/patriciacorreia/Documents/airflowalura/venv/lib/python3.9/site-packages/airflow/example_dags/example_time_delta_sensor_async.py
[2024-12-18 22:10:39,646] {logging_mixin.py:115} INFO - [2024-12-18 22:10:39,646] {dag.py:2379} INFO - Sync 1 DAGs
[2024-12-18 22:10:39,716] {logging_mixin.py:115} INFO - [2024-12-18 22:10:39,716] {dag.py:2927} INFO - Setting next_dagrun for example_time_delta_sensor_async to None, run_after=None
[2024-12-18 22:10:39,767] {processor.py:161} INFO - Processing /home/patriciacorreia/Documents/airflowalura/venv/lib/python3.9/site-packages/airflow/example_dags/example_time_delta_sensor_async.py took 0.209 seconds
[2024-12-18 22:11:21,345] {processor.py:153} INFO - Started process (PID=15473) to work on /home/patriciacorreia/Documents/airflowalura/venv/lib/python3.9/site-packages/airflow/example_dags/example_time_delta_sensor_async.py
[2024-12-18 22:11:21,346] {processor.py:641} INFO - Processing file /home/patriciacorreia/Documents/airflowalura/venv/lib/python3.9/site-packages/airflow/example_dags/example_time_delta_sensor_async.py for tasks to queue
[2024-12-18 22:11:21,347] {logging_mixin.py:115} INFO - [2024-12-18 22:11:21,347] {dagbag.py:507} INFO - Filling up the DagBag from /home/patriciacorreia/Documents/airflowalura/venv/lib/python3.9/site-packages/airflow/example_dags/example_time_delta_sensor_async.py
[2024-12-18 22:11:21,361] {processor.py:651} INFO - DAG(s) dict_keys(['example_time_delta_sensor_async']) retrieved from /home/patriciacorreia/Documents/airflowalura/venv/lib/python3.9/site-packages/airflow/example_dags/example_time_delta_sensor_async.py
[2024-12-18 22:11:21,410] {logging_mixin.py:115} INFO - [2024-12-18 22:11:21,410] {dag.py:2379} INFO - Sync 1 DAGs
[2024-12-18 22:11:21,444] {logging_mixin.py:115} INFO - [2024-12-18 22:11:21,443] {dag.py:2927} INFO - Setting next_dagrun for example_time_delta_sensor_async to None, run_after=None
[2024-12-18 22:11:21,463] {processor.py:161} INFO - Processing /home/patriciacorreia/Documents/airflowalura/venv/lib/python3.9/site-packages/airflow/example_dags/example_time_delta_sensor_async.py took 0.124 seconds
[2024-12-18 22:12:06,810] {processor.py:153} INFO - Started process (PID=15670) to work on /home/patriciacorreia/Documents/airflowalura/venv/lib/python3.9/site-packages/airflow/example_dags/example_time_delta_sensor_async.py
[2024-12-18 22:12:06,813] {processor.py:641} INFO - Processing file /home/patriciacorreia/Documents/airflowalura/venv/lib/python3.9/site-packages/airflow/example_dags/example_time_delta_sensor_async.py for tasks to queue
[2024-12-18 22:12:06,815] {logging_mixin.py:115} INFO - [2024-12-18 22:12:06,815] {dagbag.py:507} INFO - Filling up the DagBag from /home/patriciacorreia/Documents/airflowalura/venv/lib/python3.9/site-packages/airflow/example_dags/example_time_delta_sensor_async.py
[2024-12-18 22:12:06,840] {processor.py:651} INFO - DAG(s) dict_keys(['example_time_delta_sensor_async']) retrieved from /home/patriciacorreia/Documents/airflowalura/venv/lib/python3.9/site-packages/airflow/example_dags/example_time_delta_sensor_async.py
[2024-12-18 22:12:06,941] {logging_mixin.py:115} INFO - [2024-12-18 22:12:06,940] {dag.py:2379} INFO - Sync 1 DAGs
[2024-12-18 22:12:07,015] {logging_mixin.py:115} INFO - [2024-12-18 22:12:07,015] {dag.py:2927} INFO - Setting next_dagrun for example_time_delta_sensor_async to None, run_after=None
[2024-12-18 22:12:07,032] {processor.py:161} INFO - Processing /home/patriciacorreia/Documents/airflowalura/venv/lib/python3.9/site-packages/airflow/example_dags/example_time_delta_sensor_async.py took 0.237 seconds
[2024-12-18 22:12:47,443] {processor.py:153} INFO - Started process (PID=15857) to work on /home/patriciacorreia/Documents/airflowalura/venv/lib/python3.9/site-packages/airflow/example_dags/example_time_delta_sensor_async.py
[2024-12-18 22:12:47,445] {processor.py:641} INFO - Processing file /home/patriciacorreia/Documents/airflowalura/venv/lib/python3.9/site-packages/airflow/example_dags/example_time_delta_sensor_async.py for tasks to queue
[2024-12-18 22:12:47,445] {logging_mixin.py:115} INFO - [2024-12-18 22:12:47,445] {dagbag.py:507} INFO - Filling up the DagBag from /home/patriciacorreia/Documents/airflowalura/venv/lib/python3.9/site-packages/airflow/example_dags/example_time_delta_sensor_async.py
[2024-12-18 22:12:47,452] {processor.py:651} INFO - DAG(s) dict_keys(['example_time_delta_sensor_async']) retrieved from /home/patriciacorreia/Documents/airflowalura/venv/lib/python3.9/site-packages/airflow/example_dags/example_time_delta_sensor_async.py
[2024-12-18 22:12:47,482] {logging_mixin.py:115} INFO - [2024-12-18 22:12:47,481] {dag.py:2379} INFO - Sync 1 DAGs
[2024-12-18 22:12:47,506] {logging_mixin.py:115} INFO - [2024-12-18 22:12:47,506] {dag.py:2927} INFO - Setting next_dagrun for example_time_delta_sensor_async to None, run_after=None
[2024-12-18 22:12:47,522] {processor.py:161} INFO - Processing /home/patriciacorreia/Documents/airflowalura/venv/lib/python3.9/site-packages/airflow/example_dags/example_time_delta_sensor_async.py took 0.084 seconds
[2024-12-18 22:13:30,871] {processor.py:153} INFO - Started process (PID=16050) to work on /home/patriciacorreia/Documents/airflowalura/venv/lib/python3.9/site-packages/airflow/example_dags/example_time_delta_sensor_async.py
[2024-12-18 22:13:30,873] {processor.py:641} INFO - Processing file /home/patriciacorreia/Documents/airflowalura/venv/lib/python3.9/site-packages/airflow/example_dags/example_time_delta_sensor_async.py for tasks to queue
[2024-12-18 22:13:30,874] {logging_mixin.py:115} INFO - [2024-12-18 22:13:30,874] {dagbag.py:507} INFO - Filling up the DagBag from /home/patriciacorreia/Documents/airflowalura/venv/lib/python3.9/site-packages/airflow/example_dags/example_time_delta_sensor_async.py
[2024-12-18 22:13:30,886] {processor.py:651} INFO - DAG(s) dict_keys(['example_time_delta_sensor_async']) retrieved from /home/patriciacorreia/Documents/airflowalura/venv/lib/python3.9/site-packages/airflow/example_dags/example_time_delta_sensor_async.py
[2024-12-18 22:13:30,947] {logging_mixin.py:115} INFO - [2024-12-18 22:13:30,947] {dag.py:2379} INFO - Sync 1 DAGs
[2024-12-18 22:13:30,999] {logging_mixin.py:115} INFO - [2024-12-18 22:13:30,999] {dag.py:2927} INFO - Setting next_dagrun for example_time_delta_sensor_async to None, run_after=None
[2024-12-18 22:13:31,019] {processor.py:161} INFO - Processing /home/patriciacorreia/Documents/airflowalura/venv/lib/python3.9/site-packages/airflow/example_dags/example_time_delta_sensor_async.py took 0.156 seconds
[2024-12-18 22:14:14,415] {processor.py:153} INFO - Started process (PID=16265) to work on /home/patriciacorreia/Documents/airflowalura/venv/lib/python3.9/site-packages/airflow/example_dags/example_time_delta_sensor_async.py
[2024-12-18 22:14:14,418] {processor.py:641} INFO - Processing file /home/patriciacorreia/Documents/airflowalura/venv/lib/python3.9/site-packages/airflow/example_dags/example_time_delta_sensor_async.py for tasks to queue
[2024-12-18 22:14:14,420] {logging_mixin.py:115} INFO - [2024-12-18 22:14:14,419] {dagbag.py:507} INFO - Filling up the DagBag from /home/patriciacorreia/Documents/airflowalura/venv/lib/python3.9/site-packages/airflow/example_dags/example_time_delta_sensor_async.py
[2024-12-18 22:14:14,436] {processor.py:651} INFO - DAG(s) dict_keys(['example_time_delta_sensor_async']) retrieved from /home/patriciacorreia/Documents/airflowalura/venv/lib/python3.9/site-packages/airflow/example_dags/example_time_delta_sensor_async.py
[2024-12-18 22:14:14,498] {logging_mixin.py:115} INFO - [2024-12-18 22:14:14,498] {dag.py:2379} INFO - Sync 1 DAGs
[2024-12-18 22:14:14,537] {logging_mixin.py:115} INFO - [2024-12-18 22:14:14,537] {dag.py:2927} INFO - Setting next_dagrun for example_time_delta_sensor_async to None, run_after=None
[2024-12-18 22:14:14,558] {processor.py:161} INFO - Processing /home/patriciacorreia/Documents/airflowalura/venv/lib/python3.9/site-packages/airflow/example_dags/example_time_delta_sensor_async.py took 0.152 seconds
[2024-12-18 22:14:59,395] {processor.py:153} INFO - Started process (PID=16485) to work on /home/patriciacorreia/Documents/airflowalura/venv/lib/python3.9/site-packages/airflow/example_dags/example_time_delta_sensor_async.py
[2024-12-18 22:14:59,399] {processor.py:641} INFO - Processing file /home/patriciacorreia/Documents/airflowalura/venv/lib/python3.9/site-packages/airflow/example_dags/example_time_delta_sensor_async.py for tasks to queue
[2024-12-18 22:14:59,401] {logging_mixin.py:115} INFO - [2024-12-18 22:14:59,401] {dagbag.py:507} INFO - Filling up the DagBag from /home/patriciacorreia/Documents/airflowalura/venv/lib/python3.9/site-packages/airflow/example_dags/example_time_delta_sensor_async.py
[2024-12-18 22:14:59,420] {processor.py:651} INFO - DAG(s) dict_keys(['example_time_delta_sensor_async']) retrieved from /home/patriciacorreia/Documents/airflowalura/venv/lib/python3.9/site-packages/airflow/example_dags/example_time_delta_sensor_async.py
[2024-12-18 22:14:59,511] {logging_mixin.py:115} INFO - [2024-12-18 22:14:59,510] {dag.py:2379} INFO - Sync 1 DAGs
[2024-12-18 22:14:59,603] {logging_mixin.py:115} INFO - [2024-12-18 22:14:59,602] {dag.py:2927} INFO - Setting next_dagrun for example_time_delta_sensor_async to None, run_after=None
[2024-12-18 22:14:59,655] {processor.py:161} INFO - Processing /home/patriciacorreia/Documents/airflowalura/venv/lib/python3.9/site-packages/airflow/example_dags/example_time_delta_sensor_async.py took 0.272 seconds
[2024-12-18 22:15:38,349] {processor.py:153} INFO - Started process (PID=16679) to work on /home/patriciacorreia/Documents/airflowalura/venv/lib/python3.9/site-packages/airflow/example_dags/example_time_delta_sensor_async.py
[2024-12-18 22:15:38,350] {processor.py:641} INFO - Processing file /home/patriciacorreia/Documents/airflowalura/venv/lib/python3.9/site-packages/airflow/example_dags/example_time_delta_sensor_async.py for tasks to queue
[2024-12-18 22:15:38,351] {logging_mixin.py:115} INFO - [2024-12-18 22:15:38,351] {dagbag.py:507} INFO - Filling up the DagBag from /home/patriciacorreia/Documents/airflowalura/venv/lib/python3.9/site-packages/airflow/example_dags/example_time_delta_sensor_async.py
[2024-12-18 22:15:38,360] {processor.py:651} INFO - DAG(s) dict_keys(['example_time_delta_sensor_async']) retrieved from /home/patriciacorreia/Documents/airflowalura/venv/lib/python3.9/site-packages/airflow/example_dags/example_time_delta_sensor_async.py
[2024-12-18 22:15:38,387] {logging_mixin.py:115} INFO - [2024-12-18 22:15:38,387] {dag.py:2379} INFO - Sync 1 DAGs
[2024-12-18 22:15:38,412] {logging_mixin.py:115} INFO - [2024-12-18 22:15:38,411] {dag.py:2927} INFO - Setting next_dagrun for example_time_delta_sensor_async to None, run_after=None
[2024-12-18 22:15:38,425] {processor.py:161} INFO - Processing /home/patriciacorreia/Documents/airflowalura/venv/lib/python3.9/site-packages/airflow/example_dags/example_time_delta_sensor_async.py took 0.082 seconds
[2024-12-18 22:16:24,923] {processor.py:153} INFO - Started process (PID=16946) to work on /home/patriciacorreia/Documents/airflowalura/venv/lib/python3.9/site-packages/airflow/example_dags/example_time_delta_sensor_async.py
[2024-12-18 22:16:24,925] {processor.py:641} INFO - Processing file /home/patriciacorreia/Documents/airflowalura/venv/lib/python3.9/site-packages/airflow/example_dags/example_time_delta_sensor_async.py for tasks to queue
[2024-12-18 22:16:24,926] {logging_mixin.py:115} INFO - [2024-12-18 22:16:24,926] {dagbag.py:507} INFO - Filling up the DagBag from /home/patriciacorreia/Documents/airflowalura/venv/lib/python3.9/site-packages/airflow/example_dags/example_time_delta_sensor_async.py
[2024-12-18 22:16:24,937] {processor.py:651} INFO - DAG(s) dict_keys(['example_time_delta_sensor_async']) retrieved from /home/patriciacorreia/Documents/airflowalura/venv/lib/python3.9/site-packages/airflow/example_dags/example_time_delta_sensor_async.py
[2024-12-18 22:16:25,141] {logging_mixin.py:115} INFO - [2024-12-18 22:16:25,140] {dag.py:2379} INFO - Sync 1 DAGs
[2024-12-18 22:16:25,550] {logging_mixin.py:115} INFO - [2024-12-18 22:16:25,550] {dag.py:2927} INFO - Setting next_dagrun for example_time_delta_sensor_async to None, run_after=None
[2024-12-18 22:16:25,619] {processor.py:161} INFO - Processing /home/patriciacorreia/Documents/airflowalura/venv/lib/python3.9/site-packages/airflow/example_dags/example_time_delta_sensor_async.py took 0.703 seconds
[2024-12-18 22:17:07,955] {processor.py:153} INFO - Started process (PID=17196) to work on /home/patriciacorreia/Documents/airflowalura/venv/lib/python3.9/site-packages/airflow/example_dags/example_time_delta_sensor_async.py
[2024-12-18 22:17:07,956] {processor.py:641} INFO - Processing file /home/patriciacorreia/Documents/airflowalura/venv/lib/python3.9/site-packages/airflow/example_dags/example_time_delta_sensor_async.py for tasks to queue
[2024-12-18 22:17:07,957] {logging_mixin.py:115} INFO - [2024-12-18 22:17:07,957] {dagbag.py:507} INFO - Filling up the DagBag from /home/patriciacorreia/Documents/airflowalura/venv/lib/python3.9/site-packages/airflow/example_dags/example_time_delta_sensor_async.py
[2024-12-18 22:17:07,966] {processor.py:651} INFO - DAG(s) dict_keys(['example_time_delta_sensor_async']) retrieved from /home/patriciacorreia/Documents/airflowalura/venv/lib/python3.9/site-packages/airflow/example_dags/example_time_delta_sensor_async.py
[2024-12-18 22:17:08,001] {logging_mixin.py:115} INFO - [2024-12-18 22:17:08,001] {dag.py:2379} INFO - Sync 1 DAGs
[2024-12-18 22:17:08,031] {logging_mixin.py:115} INFO - [2024-12-18 22:17:08,031] {dag.py:2927} INFO - Setting next_dagrun for example_time_delta_sensor_async to None, run_after=None
[2024-12-18 22:17:08,049] {processor.py:161} INFO - Processing /home/patriciacorreia/Documents/airflowalura/venv/lib/python3.9/site-packages/airflow/example_dags/example_time_delta_sensor_async.py took 0.099 seconds
[2024-12-18 22:17:46,334] {processor.py:153} INFO - Started process (PID=17374) to work on /home/patriciacorreia/Documents/airflowalura/venv/lib/python3.9/site-packages/airflow/example_dags/example_time_delta_sensor_async.py
[2024-12-18 22:17:46,336] {processor.py:641} INFO - Processing file /home/patriciacorreia/Documents/airflowalura/venv/lib/python3.9/site-packages/airflow/example_dags/example_time_delta_sensor_async.py for tasks to queue
[2024-12-18 22:17:46,337] {logging_mixin.py:115} INFO - [2024-12-18 22:17:46,337] {dagbag.py:507} INFO - Filling up the DagBag from /home/patriciacorreia/Documents/airflowalura/venv/lib/python3.9/site-packages/airflow/example_dags/example_time_delta_sensor_async.py
[2024-12-18 22:17:46,351] {processor.py:651} INFO - DAG(s) dict_keys(['example_time_delta_sensor_async']) retrieved from /home/patriciacorreia/Documents/airflowalura/venv/lib/python3.9/site-packages/airflow/example_dags/example_time_delta_sensor_async.py
[2024-12-18 22:17:46,394] {logging_mixin.py:115} INFO - [2024-12-18 22:17:46,394] {dag.py:2379} INFO - Sync 1 DAGs
[2024-12-18 22:17:46,439] {logging_mixin.py:115} INFO - [2024-12-18 22:17:46,439] {dag.py:2927} INFO - Setting next_dagrun for example_time_delta_sensor_async to None, run_after=None
[2024-12-18 22:17:46,465] {processor.py:161} INFO - Processing /home/patriciacorreia/Documents/airflowalura/venv/lib/python3.9/site-packages/airflow/example_dags/example_time_delta_sensor_async.py took 0.138 seconds
[2024-12-18 22:18:35,071] {processor.py:153} INFO - Started process (PID=17593) to work on /home/patriciacorreia/Documents/airflowalura/venv/lib/python3.9/site-packages/airflow/example_dags/example_time_delta_sensor_async.py
[2024-12-18 22:18:35,073] {processor.py:641} INFO - Processing file /home/patriciacorreia/Documents/airflowalura/venv/lib/python3.9/site-packages/airflow/example_dags/example_time_delta_sensor_async.py for tasks to queue
[2024-12-18 22:18:35,074] {logging_mixin.py:115} INFO - [2024-12-18 22:18:35,074] {dagbag.py:507} INFO - Filling up the DagBag from /home/patriciacorreia/Documents/airflowalura/venv/lib/python3.9/site-packages/airflow/example_dags/example_time_delta_sensor_async.py
[2024-12-18 22:18:35,092] {processor.py:651} INFO - DAG(s) dict_keys(['example_time_delta_sensor_async']) retrieved from /home/patriciacorreia/Documents/airflowalura/venv/lib/python3.9/site-packages/airflow/example_dags/example_time_delta_sensor_async.py
[2024-12-18 22:18:35,153] {logging_mixin.py:115} INFO - [2024-12-18 22:18:35,152] {dag.py:2379} INFO - Sync 1 DAGs
[2024-12-18 22:18:35,197] {logging_mixin.py:115} INFO - [2024-12-18 22:18:35,197] {dag.py:2927} INFO - Setting next_dagrun for example_time_delta_sensor_async to None, run_after=None
[2024-12-18 22:18:35,222] {processor.py:161} INFO - Processing /home/patriciacorreia/Documents/airflowalura/venv/lib/python3.9/site-packages/airflow/example_dags/example_time_delta_sensor_async.py took 0.158 seconds
[2024-12-18 22:19:46,253] {processor.py:153} INFO - Started process (PID=17910) to work on /home/patriciacorreia/Documents/airflowalura/venv/lib/python3.9/site-packages/airflow/example_dags/example_time_delta_sensor_async.py
[2024-12-18 22:19:46,255] {processor.py:641} INFO - Processing file /home/patriciacorreia/Documents/airflowalura/venv/lib/python3.9/site-packages/airflow/example_dags/example_time_delta_sensor_async.py for tasks to queue
[2024-12-18 22:19:46,256] {logging_mixin.py:115} INFO - [2024-12-18 22:19:46,256] {dagbag.py:507} INFO - Filling up the DagBag from /home/patriciacorreia/Documents/airflowalura/venv/lib/python3.9/site-packages/airflow/example_dags/example_time_delta_sensor_async.py
[2024-12-18 22:19:46,269] {processor.py:651} INFO - DAG(s) dict_keys(['example_time_delta_sensor_async']) retrieved from /home/patriciacorreia/Documents/airflowalura/venv/lib/python3.9/site-packages/airflow/example_dags/example_time_delta_sensor_async.py
[2024-12-18 22:19:46,318] {logging_mixin.py:115} INFO - [2024-12-18 22:19:46,317] {dag.py:2379} INFO - Sync 1 DAGs
[2024-12-18 22:19:46,360] {logging_mixin.py:115} INFO - [2024-12-18 22:19:46,360] {dag.py:2927} INFO - Setting next_dagrun for example_time_delta_sensor_async to None, run_after=None
[2024-12-18 22:19:46,387] {processor.py:161} INFO - Processing /home/patriciacorreia/Documents/airflowalura/venv/lib/python3.9/site-packages/airflow/example_dags/example_time_delta_sensor_async.py took 0.142 seconds
[2024-12-18 22:20:28,431] {processor.py:153} INFO - Started process (PID=18108) to work on /home/patriciacorreia/Documents/airflowalura/venv/lib/python3.9/site-packages/airflow/example_dags/example_time_delta_sensor_async.py
[2024-12-18 22:20:28,456] {processor.py:641} INFO - Processing file /home/patriciacorreia/Documents/airflowalura/venv/lib/python3.9/site-packages/airflow/example_dags/example_time_delta_sensor_async.py for tasks to queue
[2024-12-18 22:20:28,459] {logging_mixin.py:115} INFO - [2024-12-18 22:20:28,458] {dagbag.py:507} INFO - Filling up the DagBag from /home/patriciacorreia/Documents/airflowalura/venv/lib/python3.9/site-packages/airflow/example_dags/example_time_delta_sensor_async.py
[2024-12-18 22:20:28,496] {processor.py:651} INFO - DAG(s) dict_keys(['example_time_delta_sensor_async']) retrieved from /home/patriciacorreia/Documents/airflowalura/venv/lib/python3.9/site-packages/airflow/example_dags/example_time_delta_sensor_async.py
[2024-12-18 22:20:28,585] {logging_mixin.py:115} INFO - [2024-12-18 22:20:28,585] {dag.py:2379} INFO - Sync 1 DAGs
[2024-12-18 22:20:28,695] {logging_mixin.py:115} INFO - [2024-12-18 22:20:28,695] {dag.py:2927} INFO - Setting next_dagrun for example_time_delta_sensor_async to None, run_after=None
[2024-12-18 22:20:28,812] {processor.py:161} INFO - Processing /home/patriciacorreia/Documents/airflowalura/venv/lib/python3.9/site-packages/airflow/example_dags/example_time_delta_sensor_async.py took 0.389 seconds
[2024-12-18 22:21:07,340] {processor.py:153} INFO - Started process (PID=18306) to work on /home/patriciacorreia/Documents/airflowalura/venv/lib/python3.9/site-packages/airflow/example_dags/example_time_delta_sensor_async.py
[2024-12-18 22:21:07,346] {processor.py:641} INFO - Processing file /home/patriciacorreia/Documents/airflowalura/venv/lib/python3.9/site-packages/airflow/example_dags/example_time_delta_sensor_async.py for tasks to queue
[2024-12-18 22:21:07,351] {logging_mixin.py:115} INFO - [2024-12-18 22:21:07,350] {dagbag.py:507} INFO - Filling up the DagBag from /home/patriciacorreia/Documents/airflowalura/venv/lib/python3.9/site-packages/airflow/example_dags/example_time_delta_sensor_async.py
[2024-12-18 22:21:07,387] {processor.py:651} INFO - DAG(s) dict_keys(['example_time_delta_sensor_async']) retrieved from /home/patriciacorreia/Documents/airflowalura/venv/lib/python3.9/site-packages/airflow/example_dags/example_time_delta_sensor_async.py
[2024-12-18 22:21:07,459] {logging_mixin.py:115} INFO - [2024-12-18 22:21:07,458] {dag.py:2379} INFO - Sync 1 DAGs
[2024-12-18 22:21:07,488] {logging_mixin.py:115} INFO - [2024-12-18 22:21:07,487] {dag.py:2927} INFO - Setting next_dagrun for example_time_delta_sensor_async to None, run_after=None
[2024-12-18 22:21:07,504] {processor.py:161} INFO - Processing /home/patriciacorreia/Documents/airflowalura/venv/lib/python3.9/site-packages/airflow/example_dags/example_time_delta_sensor_async.py took 0.188 seconds
[2024-12-18 22:21:54,509] {processor.py:153} INFO - Started process (PID=18522) to work on /home/patriciacorreia/Documents/airflowalura/venv/lib/python3.9/site-packages/airflow/example_dags/example_time_delta_sensor_async.py
[2024-12-18 22:21:54,510] {processor.py:641} INFO - Processing file /home/patriciacorreia/Documents/airflowalura/venv/lib/python3.9/site-packages/airflow/example_dags/example_time_delta_sensor_async.py for tasks to queue
[2024-12-18 22:21:54,511] {logging_mixin.py:115} INFO - [2024-12-18 22:21:54,511] {dagbag.py:507} INFO - Filling up the DagBag from /home/patriciacorreia/Documents/airflowalura/venv/lib/python3.9/site-packages/airflow/example_dags/example_time_delta_sensor_async.py
[2024-12-18 22:21:54,523] {processor.py:651} INFO - DAG(s) dict_keys(['example_time_delta_sensor_async']) retrieved from /home/patriciacorreia/Documents/airflowalura/venv/lib/python3.9/site-packages/airflow/example_dags/example_time_delta_sensor_async.py
[2024-12-18 22:21:54,573] {logging_mixin.py:115} INFO - [2024-12-18 22:21:54,573] {dag.py:2379} INFO - Sync 1 DAGs
[2024-12-18 22:21:54,615] {logging_mixin.py:115} INFO - [2024-12-18 22:21:54,615] {dag.py:2927} INFO - Setting next_dagrun for example_time_delta_sensor_async to None, run_after=None
[2024-12-18 22:21:54,639] {processor.py:161} INFO - Processing /home/patriciacorreia/Documents/airflowalura/venv/lib/python3.9/site-packages/airflow/example_dags/example_time_delta_sensor_async.py took 0.137 seconds
[2024-12-18 22:22:33,741] {processor.py:153} INFO - Started process (PID=18705) to work on /home/patriciacorreia/Documents/airflowalura/venv/lib/python3.9/site-packages/airflow/example_dags/example_time_delta_sensor_async.py
[2024-12-18 22:22:33,746] {processor.py:641} INFO - Processing file /home/patriciacorreia/Documents/airflowalura/venv/lib/python3.9/site-packages/airflow/example_dags/example_time_delta_sensor_async.py for tasks to queue
[2024-12-18 22:22:33,754] {logging_mixin.py:115} INFO - [2024-12-18 22:22:33,752] {dagbag.py:507} INFO - Filling up the DagBag from /home/patriciacorreia/Documents/airflowalura/venv/lib/python3.9/site-packages/airflow/example_dags/example_time_delta_sensor_async.py
[2024-12-18 22:22:33,779] {processor.py:651} INFO - DAG(s) dict_keys(['example_time_delta_sensor_async']) retrieved from /home/patriciacorreia/Documents/airflowalura/venv/lib/python3.9/site-packages/airflow/example_dags/example_time_delta_sensor_async.py
[2024-12-18 22:22:33,907] {logging_mixin.py:115} INFO - [2024-12-18 22:22:33,906] {dag.py:2379} INFO - Sync 1 DAGs
[2024-12-18 22:22:34,006] {logging_mixin.py:115} INFO - [2024-12-18 22:22:34,006] {dag.py:2927} INFO - Setting next_dagrun for example_time_delta_sensor_async to None, run_after=None
[2024-12-18 22:22:34,089] {processor.py:161} INFO - Processing /home/patriciacorreia/Documents/airflowalura/venv/lib/python3.9/site-packages/airflow/example_dags/example_time_delta_sensor_async.py took 0.370 seconds
[2024-12-18 22:23:16,443] {processor.py:153} INFO - Started process (PID=18904) to work on /home/patriciacorreia/Documents/airflowalura/venv/lib/python3.9/site-packages/airflow/example_dags/example_time_delta_sensor_async.py
[2024-12-18 22:23:16,448] {processor.py:641} INFO - Processing file /home/patriciacorreia/Documents/airflowalura/venv/lib/python3.9/site-packages/airflow/example_dags/example_time_delta_sensor_async.py for tasks to queue
[2024-12-18 22:23:16,453] {logging_mixin.py:115} INFO - [2024-12-18 22:23:16,452] {dagbag.py:507} INFO - Filling up the DagBag from /home/patriciacorreia/Documents/airflowalura/venv/lib/python3.9/site-packages/airflow/example_dags/example_time_delta_sensor_async.py
[2024-12-18 22:23:16,485] {processor.py:651} INFO - DAG(s) dict_keys(['example_time_delta_sensor_async']) retrieved from /home/patriciacorreia/Documents/airflowalura/venv/lib/python3.9/site-packages/airflow/example_dags/example_time_delta_sensor_async.py
[2024-12-18 22:23:16,621] {logging_mixin.py:115} INFO - [2024-12-18 22:23:16,621] {dag.py:2379} INFO - Sync 1 DAGs
[2024-12-18 22:23:16,699] {logging_mixin.py:115} INFO - [2024-12-18 22:23:16,698] {dag.py:2927} INFO - Setting next_dagrun for example_time_delta_sensor_async to None, run_after=None
[2024-12-18 22:23:16,741] {processor.py:161} INFO - Processing /home/patriciacorreia/Documents/airflowalura/venv/lib/python3.9/site-packages/airflow/example_dags/example_time_delta_sensor_async.py took 0.316 seconds
[2024-12-18 22:24:01,529] {processor.py:153} INFO - Started process (PID=19120) to work on /home/patriciacorreia/Documents/airflowalura/venv/lib/python3.9/site-packages/airflow/example_dags/example_time_delta_sensor_async.py
[2024-12-18 22:24:01,535] {processor.py:641} INFO - Processing file /home/patriciacorreia/Documents/airflowalura/venv/lib/python3.9/site-packages/airflow/example_dags/example_time_delta_sensor_async.py for tasks to queue
[2024-12-18 22:24:01,541] {logging_mixin.py:115} INFO - [2024-12-18 22:24:01,541] {dagbag.py:507} INFO - Filling up the DagBag from /home/patriciacorreia/Documents/airflowalura/venv/lib/python3.9/site-packages/airflow/example_dags/example_time_delta_sensor_async.py
[2024-12-18 22:24:01,568] {processor.py:651} INFO - DAG(s) dict_keys(['example_time_delta_sensor_async']) retrieved from /home/patriciacorreia/Documents/airflowalura/venv/lib/python3.9/site-packages/airflow/example_dags/example_time_delta_sensor_async.py
[2024-12-18 22:24:01,690] {logging_mixin.py:115} INFO - [2024-12-18 22:24:01,689] {dag.py:2379} INFO - Sync 1 DAGs
[2024-12-18 22:24:01,742] {logging_mixin.py:115} INFO - [2024-12-18 22:24:01,742] {dag.py:2927} INFO - Setting next_dagrun for example_time_delta_sensor_async to None, run_after=None
[2024-12-18 22:24:01,774] {processor.py:161} INFO - Processing /home/patriciacorreia/Documents/airflowalura/venv/lib/python3.9/site-packages/airflow/example_dags/example_time_delta_sensor_async.py took 0.274 seconds
[2024-12-18 22:24:49,097] {processor.py:153} INFO - Started process (PID=19334) to work on /home/patriciacorreia/Documents/airflowalura/venv/lib/python3.9/site-packages/airflow/example_dags/example_time_delta_sensor_async.py
[2024-12-18 22:24:49,101] {processor.py:641} INFO - Processing file /home/patriciacorreia/Documents/airflowalura/venv/lib/python3.9/site-packages/airflow/example_dags/example_time_delta_sensor_async.py for tasks to queue
[2024-12-18 22:24:49,106] {logging_mixin.py:115} INFO - [2024-12-18 22:24:49,106] {dagbag.py:507} INFO - Filling up the DagBag from /home/patriciacorreia/Documents/airflowalura/venv/lib/python3.9/site-packages/airflow/example_dags/example_time_delta_sensor_async.py
[2024-12-18 22:24:49,134] {processor.py:651} INFO - DAG(s) dict_keys(['example_time_delta_sensor_async']) retrieved from /home/patriciacorreia/Documents/airflowalura/venv/lib/python3.9/site-packages/airflow/example_dags/example_time_delta_sensor_async.py
[2024-12-18 22:24:49,246] {logging_mixin.py:115} INFO - [2024-12-18 22:24:49,246] {dag.py:2379} INFO - Sync 1 DAGs
[2024-12-18 22:24:49,355] {logging_mixin.py:115} INFO - [2024-12-18 22:24:49,355] {dag.py:2927} INFO - Setting next_dagrun for example_time_delta_sensor_async to None, run_after=None
[2024-12-18 22:24:49,383] {processor.py:161} INFO - Processing /home/patriciacorreia/Documents/airflowalura/venv/lib/python3.9/site-packages/airflow/example_dags/example_time_delta_sensor_async.py took 0.302 seconds
[2024-12-18 22:25:35,101] {processor.py:153} INFO - Started process (PID=19586) to work on /home/patriciacorreia/Documents/airflowalura/venv/lib/python3.9/site-packages/airflow/example_dags/example_time_delta_sensor_async.py
[2024-12-18 22:25:35,105] {processor.py:641} INFO - Processing file /home/patriciacorreia/Documents/airflowalura/venv/lib/python3.9/site-packages/airflow/example_dags/example_time_delta_sensor_async.py for tasks to queue
[2024-12-18 22:25:35,108] {logging_mixin.py:115} INFO - [2024-12-18 22:25:35,107] {dagbag.py:507} INFO - Filling up the DagBag from /home/patriciacorreia/Documents/airflowalura/venv/lib/python3.9/site-packages/airflow/example_dags/example_time_delta_sensor_async.py
[2024-12-18 22:25:35,139] {processor.py:651} INFO - DAG(s) dict_keys(['example_time_delta_sensor_async']) retrieved from /home/patriciacorreia/Documents/airflowalura/venv/lib/python3.9/site-packages/airflow/example_dags/example_time_delta_sensor_async.py
[2024-12-18 22:25:35,196] {logging_mixin.py:115} INFO - [2024-12-18 22:25:35,196] {dag.py:2379} INFO - Sync 1 DAGs
[2024-12-18 22:25:35,232] {logging_mixin.py:115} INFO - [2024-12-18 22:25:35,231] {dag.py:2927} INFO - Setting next_dagrun for example_time_delta_sensor_async to None, run_after=None
[2024-12-18 22:25:35,269] {processor.py:161} INFO - Processing /home/patriciacorreia/Documents/airflowalura/venv/lib/python3.9/site-packages/airflow/example_dags/example_time_delta_sensor_async.py took 0.192 seconds
[2024-12-18 22:26:20,956] {processor.py:153} INFO - Started process (PID=19777) to work on /home/patriciacorreia/Documents/airflowalura/venv/lib/python3.9/site-packages/airflow/example_dags/example_time_delta_sensor_async.py
[2024-12-18 22:26:20,960] {processor.py:641} INFO - Processing file /home/patriciacorreia/Documents/airflowalura/venv/lib/python3.9/site-packages/airflow/example_dags/example_time_delta_sensor_async.py for tasks to queue
[2024-12-18 22:26:20,962] {logging_mixin.py:115} INFO - [2024-12-18 22:26:20,962] {dagbag.py:507} INFO - Filling up the DagBag from /home/patriciacorreia/Documents/airflowalura/venv/lib/python3.9/site-packages/airflow/example_dags/example_time_delta_sensor_async.py
[2024-12-18 22:26:20,994] {processor.py:651} INFO - DAG(s) dict_keys(['example_time_delta_sensor_async']) retrieved from /home/patriciacorreia/Documents/airflowalura/venv/lib/python3.9/site-packages/airflow/example_dags/example_time_delta_sensor_async.py
[2024-12-18 22:26:21,121] {logging_mixin.py:115} INFO - [2024-12-18 22:26:21,121] {dag.py:2379} INFO - Sync 1 DAGs
[2024-12-18 22:26:21,249] {logging_mixin.py:115} INFO - [2024-12-18 22:26:21,248] {dag.py:2927} INFO - Setting next_dagrun for example_time_delta_sensor_async to None, run_after=None
[2024-12-18 22:26:21,341] {processor.py:161} INFO - Processing /home/patriciacorreia/Documents/airflowalura/venv/lib/python3.9/site-packages/airflow/example_dags/example_time_delta_sensor_async.py took 0.403 seconds
[2024-12-18 22:27:04,253] {processor.py:153} INFO - Started process (PID=19974) to work on /home/patriciacorreia/Documents/airflowalura/venv/lib/python3.9/site-packages/airflow/example_dags/example_time_delta_sensor_async.py
[2024-12-18 22:27:04,257] {processor.py:641} INFO - Processing file /home/patriciacorreia/Documents/airflowalura/venv/lib/python3.9/site-packages/airflow/example_dags/example_time_delta_sensor_async.py for tasks to queue
[2024-12-18 22:27:04,259] {logging_mixin.py:115} INFO - [2024-12-18 22:27:04,258] {dagbag.py:507} INFO - Filling up the DagBag from /home/patriciacorreia/Documents/airflowalura/venv/lib/python3.9/site-packages/airflow/example_dags/example_time_delta_sensor_async.py
[2024-12-18 22:27:04,279] {processor.py:651} INFO - DAG(s) dict_keys(['example_time_delta_sensor_async']) retrieved from /home/patriciacorreia/Documents/airflowalura/venv/lib/python3.9/site-packages/airflow/example_dags/example_time_delta_sensor_async.py
[2024-12-18 22:27:04,363] {logging_mixin.py:115} INFO - [2024-12-18 22:27:04,363] {dag.py:2379} INFO - Sync 1 DAGs
[2024-12-18 22:27:04,415] {logging_mixin.py:115} INFO - [2024-12-18 22:27:04,415] {dag.py:2927} INFO - Setting next_dagrun for example_time_delta_sensor_async to None, run_after=None
[2024-12-18 22:27:04,449] {processor.py:161} INFO - Processing /home/patriciacorreia/Documents/airflowalura/venv/lib/python3.9/site-packages/airflow/example_dags/example_time_delta_sensor_async.py took 0.208 seconds
[2024-12-18 22:27:47,091] {processor.py:153} INFO - Started process (PID=20176) to work on /home/patriciacorreia/Documents/airflowalura/venv/lib/python3.9/site-packages/airflow/example_dags/example_time_delta_sensor_async.py
[2024-12-18 22:27:47,094] {processor.py:641} INFO - Processing file /home/patriciacorreia/Documents/airflowalura/venv/lib/python3.9/site-packages/airflow/example_dags/example_time_delta_sensor_async.py for tasks to queue
[2024-12-18 22:27:47,097] {logging_mixin.py:115} INFO - [2024-12-18 22:27:47,097] {dagbag.py:507} INFO - Filling up the DagBag from /home/patriciacorreia/Documents/airflowalura/venv/lib/python3.9/site-packages/airflow/example_dags/example_time_delta_sensor_async.py
[2024-12-18 22:27:47,124] {processor.py:651} INFO - DAG(s) dict_keys(['example_time_delta_sensor_async']) retrieved from /home/patriciacorreia/Documents/airflowalura/venv/lib/python3.9/site-packages/airflow/example_dags/example_time_delta_sensor_async.py
[2024-12-18 22:27:47,211] {logging_mixin.py:115} INFO - [2024-12-18 22:27:47,211] {dag.py:2379} INFO - Sync 1 DAGs
[2024-12-18 22:27:47,254] {logging_mixin.py:115} INFO - [2024-12-18 22:27:47,253] {dag.py:2927} INFO - Setting next_dagrun for example_time_delta_sensor_async to None, run_after=None
[2024-12-18 22:27:47,276] {processor.py:161} INFO - Processing /home/patriciacorreia/Documents/airflowalura/venv/lib/python3.9/site-packages/airflow/example_dags/example_time_delta_sensor_async.py took 0.200 seconds
[2024-12-18 22:28:30,048] {processor.py:153} INFO - Started process (PID=20386) to work on /home/patriciacorreia/Documents/airflowalura/venv/lib/python3.9/site-packages/airflow/example_dags/example_time_delta_sensor_async.py
[2024-12-18 22:28:30,050] {processor.py:641} INFO - Processing file /home/patriciacorreia/Documents/airflowalura/venv/lib/python3.9/site-packages/airflow/example_dags/example_time_delta_sensor_async.py for tasks to queue
[2024-12-18 22:28:30,051] {logging_mixin.py:115} INFO - [2024-12-18 22:28:30,051] {dagbag.py:507} INFO - Filling up the DagBag from /home/patriciacorreia/Documents/airflowalura/venv/lib/python3.9/site-packages/airflow/example_dags/example_time_delta_sensor_async.py
[2024-12-18 22:28:30,067] {processor.py:651} INFO - DAG(s) dict_keys(['example_time_delta_sensor_async']) retrieved from /home/patriciacorreia/Documents/airflowalura/venv/lib/python3.9/site-packages/airflow/example_dags/example_time_delta_sensor_async.py
[2024-12-18 22:28:30,136] {logging_mixin.py:115} INFO - [2024-12-18 22:28:30,136] {dag.py:2379} INFO - Sync 1 DAGs
[2024-12-18 22:28:30,178] {logging_mixin.py:115} INFO - [2024-12-18 22:28:30,178] {dag.py:2927} INFO - Setting next_dagrun for example_time_delta_sensor_async to None, run_after=None
[2024-12-18 22:28:30,203] {processor.py:161} INFO - Processing /home/patriciacorreia/Documents/airflowalura/venv/lib/python3.9/site-packages/airflow/example_dags/example_time_delta_sensor_async.py took 0.162 seconds
[2024-12-18 22:29:06,346] {processor.py:153} INFO - Started process (PID=20575) to work on /home/patriciacorreia/Documents/airflowalura/venv/lib/python3.9/site-packages/airflow/example_dags/example_time_delta_sensor_async.py
[2024-12-18 22:29:06,349] {processor.py:641} INFO - Processing file /home/patriciacorreia/Documents/airflowalura/venv/lib/python3.9/site-packages/airflow/example_dags/example_time_delta_sensor_async.py for tasks to queue
[2024-12-18 22:29:06,351] {logging_mixin.py:115} INFO - [2024-12-18 22:29:06,351] {dagbag.py:507} INFO - Filling up the DagBag from /home/patriciacorreia/Documents/airflowalura/venv/lib/python3.9/site-packages/airflow/example_dags/example_time_delta_sensor_async.py
[2024-12-18 22:29:06,372] {processor.py:651} INFO - DAG(s) dict_keys(['example_time_delta_sensor_async']) retrieved from /home/patriciacorreia/Documents/airflowalura/venv/lib/python3.9/site-packages/airflow/example_dags/example_time_delta_sensor_async.py
[2024-12-18 22:29:06,475] {logging_mixin.py:115} INFO - [2024-12-18 22:29:06,475] {dag.py:2379} INFO - Sync 1 DAGs
[2024-12-18 22:29:06,519] {logging_mixin.py:115} INFO - [2024-12-18 22:29:06,518] {dag.py:2927} INFO - Setting next_dagrun for example_time_delta_sensor_async to None, run_after=None
[2024-12-18 22:29:06,546] {processor.py:161} INFO - Processing /home/patriciacorreia/Documents/airflowalura/venv/lib/python3.9/site-packages/airflow/example_dags/example_time_delta_sensor_async.py took 0.213 seconds
[2024-12-18 22:29:42,587] {processor.py:153} INFO - Started process (PID=20759) to work on /home/patriciacorreia/Documents/airflowalura/venv/lib/python3.9/site-packages/airflow/example_dags/example_time_delta_sensor_async.py
[2024-12-18 22:29:42,588] {processor.py:641} INFO - Processing file /home/patriciacorreia/Documents/airflowalura/venv/lib/python3.9/site-packages/airflow/example_dags/example_time_delta_sensor_async.py for tasks to queue
[2024-12-18 22:29:42,589] {logging_mixin.py:115} INFO - [2024-12-18 22:29:42,589] {dagbag.py:507} INFO - Filling up the DagBag from /home/patriciacorreia/Documents/airflowalura/venv/lib/python3.9/site-packages/airflow/example_dags/example_time_delta_sensor_async.py
[2024-12-18 22:29:42,595] {processor.py:651} INFO - DAG(s) dict_keys(['example_time_delta_sensor_async']) retrieved from /home/patriciacorreia/Documents/airflowalura/venv/lib/python3.9/site-packages/airflow/example_dags/example_time_delta_sensor_async.py
[2024-12-18 22:29:42,628] {logging_mixin.py:115} INFO - [2024-12-18 22:29:42,628] {dag.py:2379} INFO - Sync 1 DAGs
[2024-12-18 22:29:42,652] {logging_mixin.py:115} INFO - [2024-12-18 22:29:42,652] {dag.py:2927} INFO - Setting next_dagrun for example_time_delta_sensor_async to None, run_after=None
[2024-12-18 22:29:42,667] {processor.py:161} INFO - Processing /home/patriciacorreia/Documents/airflowalura/venv/lib/python3.9/site-packages/airflow/example_dags/example_time_delta_sensor_async.py took 0.085 seconds
[2024-12-18 22:30:18,960] {processor.py:153} INFO - Started process (PID=20942) to work on /home/patriciacorreia/Documents/airflowalura/venv/lib/python3.9/site-packages/airflow/example_dags/example_time_delta_sensor_async.py
[2024-12-18 22:30:18,964] {processor.py:641} INFO - Processing file /home/patriciacorreia/Documents/airflowalura/venv/lib/python3.9/site-packages/airflow/example_dags/example_time_delta_sensor_async.py for tasks to queue
[2024-12-18 22:30:18,968] {logging_mixin.py:115} INFO - [2024-12-18 22:30:18,967] {dagbag.py:507} INFO - Filling up the DagBag from /home/patriciacorreia/Documents/airflowalura/venv/lib/python3.9/site-packages/airflow/example_dags/example_time_delta_sensor_async.py
[2024-12-18 22:30:18,991] {processor.py:651} INFO - DAG(s) dict_keys(['example_time_delta_sensor_async']) retrieved from /home/patriciacorreia/Documents/airflowalura/venv/lib/python3.9/site-packages/airflow/example_dags/example_time_delta_sensor_async.py
[2024-12-18 22:30:19,043] {logging_mixin.py:115} INFO - [2024-12-18 22:30:19,042] {dag.py:2379} INFO - Sync 1 DAGs
[2024-12-18 22:30:19,067] {logging_mixin.py:115} INFO - [2024-12-18 22:30:19,067] {dag.py:2927} INFO - Setting next_dagrun for example_time_delta_sensor_async to None, run_after=None
[2024-12-18 22:30:19,084] {processor.py:161} INFO - Processing /home/patriciacorreia/Documents/airflowalura/venv/lib/python3.9/site-packages/airflow/example_dags/example_time_delta_sensor_async.py took 0.139 seconds
[2024-12-18 22:31:01,199] {processor.py:153} INFO - Started process (PID=21169) to work on /home/patriciacorreia/Documents/airflowalura/venv/lib/python3.9/site-packages/airflow/example_dags/example_time_delta_sensor_async.py
[2024-12-18 22:31:01,202] {processor.py:641} INFO - Processing file /home/patriciacorreia/Documents/airflowalura/venv/lib/python3.9/site-packages/airflow/example_dags/example_time_delta_sensor_async.py for tasks to queue
[2024-12-18 22:31:01,204] {logging_mixin.py:115} INFO - [2024-12-18 22:31:01,204] {dagbag.py:507} INFO - Filling up the DagBag from /home/patriciacorreia/Documents/airflowalura/venv/lib/python3.9/site-packages/airflow/example_dags/example_time_delta_sensor_async.py
[2024-12-18 22:31:01,216] {processor.py:651} INFO - DAG(s) dict_keys(['example_time_delta_sensor_async']) retrieved from /home/patriciacorreia/Documents/airflowalura/venv/lib/python3.9/site-packages/airflow/example_dags/example_time_delta_sensor_async.py
[2024-12-18 22:31:01,255] {logging_mixin.py:115} INFO - [2024-12-18 22:31:01,255] {dag.py:2379} INFO - Sync 1 DAGs
[2024-12-18 22:31:01,290] {logging_mixin.py:115} INFO - [2024-12-18 22:31:01,290] {dag.py:2927} INFO - Setting next_dagrun for example_time_delta_sensor_async to None, run_after=None
[2024-12-18 22:31:01,320] {processor.py:161} INFO - Processing /home/patriciacorreia/Documents/airflowalura/venv/lib/python3.9/site-packages/airflow/example_dags/example_time_delta_sensor_async.py took 0.156 seconds
[2024-12-18 22:31:36,084] {processor.py:153} INFO - Started process (PID=21352) to work on /home/patriciacorreia/Documents/airflowalura/venv/lib/python3.9/site-packages/airflow/example_dags/example_time_delta_sensor_async.py
[2024-12-18 22:31:36,088] {processor.py:641} INFO - Processing file /home/patriciacorreia/Documents/airflowalura/venv/lib/python3.9/site-packages/airflow/example_dags/example_time_delta_sensor_async.py for tasks to queue
[2024-12-18 22:31:36,090] {logging_mixin.py:115} INFO - [2024-12-18 22:31:36,089] {dagbag.py:507} INFO - Filling up the DagBag from /home/patriciacorreia/Documents/airflowalura/venv/lib/python3.9/site-packages/airflow/example_dags/example_time_delta_sensor_async.py
[2024-12-18 22:31:36,109] {processor.py:651} INFO - DAG(s) dict_keys(['example_time_delta_sensor_async']) retrieved from /home/patriciacorreia/Documents/airflowalura/venv/lib/python3.9/site-packages/airflow/example_dags/example_time_delta_sensor_async.py
[2024-12-18 22:31:36,171] {logging_mixin.py:115} INFO - [2024-12-18 22:31:36,171] {dag.py:2379} INFO - Sync 1 DAGs
[2024-12-18 22:31:36,197] {logging_mixin.py:115} INFO - [2024-12-18 22:31:36,197] {dag.py:2927} INFO - Setting next_dagrun for example_time_delta_sensor_async to None, run_after=None
[2024-12-18 22:31:36,212] {processor.py:161} INFO - Processing /home/patriciacorreia/Documents/airflowalura/venv/lib/python3.9/site-packages/airflow/example_dags/example_time_delta_sensor_async.py took 0.139 seconds
[2024-12-18 22:32:14,178] {processor.py:153} INFO - Started process (PID=21538) to work on /home/patriciacorreia/Documents/airflowalura/venv/lib/python3.9/site-packages/airflow/example_dags/example_time_delta_sensor_async.py
[2024-12-18 22:32:14,181] {processor.py:641} INFO - Processing file /home/patriciacorreia/Documents/airflowalura/venv/lib/python3.9/site-packages/airflow/example_dags/example_time_delta_sensor_async.py for tasks to queue
[2024-12-18 22:32:14,183] {logging_mixin.py:115} INFO - [2024-12-18 22:32:14,183] {dagbag.py:507} INFO - Filling up the DagBag from /home/patriciacorreia/Documents/airflowalura/venv/lib/python3.9/site-packages/airflow/example_dags/example_time_delta_sensor_async.py
[2024-12-18 22:32:14,203] {processor.py:651} INFO - DAG(s) dict_keys(['example_time_delta_sensor_async']) retrieved from /home/patriciacorreia/Documents/airflowalura/venv/lib/python3.9/site-packages/airflow/example_dags/example_time_delta_sensor_async.py
[2024-12-18 22:32:14,283] {logging_mixin.py:115} INFO - [2024-12-18 22:32:14,283] {dag.py:2379} INFO - Sync 1 DAGs
[2024-12-18 22:32:14,343] {logging_mixin.py:115} INFO - [2024-12-18 22:32:14,343] {dag.py:2927} INFO - Setting next_dagrun for example_time_delta_sensor_async to None, run_after=None
[2024-12-18 22:32:14,370] {processor.py:161} INFO - Processing /home/patriciacorreia/Documents/airflowalura/venv/lib/python3.9/site-packages/airflow/example_dags/example_time_delta_sensor_async.py took 0.204 seconds
[2024-12-18 22:32:51,382] {processor.py:153} INFO - Started process (PID=21720) to work on /home/patriciacorreia/Documents/airflowalura/venv/lib/python3.9/site-packages/airflow/example_dags/example_time_delta_sensor_async.py
[2024-12-18 22:32:51,385] {processor.py:641} INFO - Processing file /home/patriciacorreia/Documents/airflowalura/venv/lib/python3.9/site-packages/airflow/example_dags/example_time_delta_sensor_async.py for tasks to queue
[2024-12-18 22:32:51,386] {logging_mixin.py:115} INFO - [2024-12-18 22:32:51,386] {dagbag.py:507} INFO - Filling up the DagBag from /home/patriciacorreia/Documents/airflowalura/venv/lib/python3.9/site-packages/airflow/example_dags/example_time_delta_sensor_async.py
[2024-12-18 22:32:51,397] {processor.py:651} INFO - DAG(s) dict_keys(['example_time_delta_sensor_async']) retrieved from /home/patriciacorreia/Documents/airflowalura/venv/lib/python3.9/site-packages/airflow/example_dags/example_time_delta_sensor_async.py
[2024-12-18 22:32:51,437] {logging_mixin.py:115} INFO - [2024-12-18 22:32:51,437] {dag.py:2379} INFO - Sync 1 DAGs
[2024-12-18 22:32:51,473] {logging_mixin.py:115} INFO - [2024-12-18 22:32:51,473] {dag.py:2927} INFO - Setting next_dagrun for example_time_delta_sensor_async to None, run_after=None
[2024-12-18 22:32:51,498] {processor.py:161} INFO - Processing /home/patriciacorreia/Documents/airflowalura/venv/lib/python3.9/site-packages/airflow/example_dags/example_time_delta_sensor_async.py took 0.125 seconds
[2024-12-18 22:33:32,213] {processor.py:153} INFO - Started process (PID=21907) to work on /home/patriciacorreia/Documents/airflowalura/venv/lib/python3.9/site-packages/airflow/example_dags/example_time_delta_sensor_async.py
[2024-12-18 22:33:32,218] {processor.py:641} INFO - Processing file /home/patriciacorreia/Documents/airflowalura/venv/lib/python3.9/site-packages/airflow/example_dags/example_time_delta_sensor_async.py for tasks to queue
[2024-12-18 22:33:32,222] {logging_mixin.py:115} INFO - [2024-12-18 22:33:32,221] {dagbag.py:507} INFO - Filling up the DagBag from /home/patriciacorreia/Documents/airflowalura/venv/lib/python3.9/site-packages/airflow/example_dags/example_time_delta_sensor_async.py
[2024-12-18 22:33:32,248] {processor.py:651} INFO - DAG(s) dict_keys(['example_time_delta_sensor_async']) retrieved from /home/patriciacorreia/Documents/airflowalura/venv/lib/python3.9/site-packages/airflow/example_dags/example_time_delta_sensor_async.py
[2024-12-18 22:33:32,341] {logging_mixin.py:115} INFO - [2024-12-18 22:33:32,341] {dag.py:2379} INFO - Sync 1 DAGs
[2024-12-18 22:33:32,370] {logging_mixin.py:115} INFO - [2024-12-18 22:33:32,370] {dag.py:2927} INFO - Setting next_dagrun for example_time_delta_sensor_async to None, run_after=None
[2024-12-18 22:33:32,397] {processor.py:161} INFO - Processing /home/patriciacorreia/Documents/airflowalura/venv/lib/python3.9/site-packages/airflow/example_dags/example_time_delta_sensor_async.py took 0.199 seconds
[2024-12-18 22:34:21,549] {processor.py:153} INFO - Started process (PID=22119) to work on /home/patriciacorreia/Documents/airflowalura/venv/lib/python3.9/site-packages/airflow/example_dags/example_time_delta_sensor_async.py
[2024-12-18 22:34:21,554] {processor.py:641} INFO - Processing file /home/patriciacorreia/Documents/airflowalura/venv/lib/python3.9/site-packages/airflow/example_dags/example_time_delta_sensor_async.py for tasks to queue
[2024-12-18 22:34:21,557] {logging_mixin.py:115} INFO - [2024-12-18 22:34:21,557] {dagbag.py:507} INFO - Filling up the DagBag from /home/patriciacorreia/Documents/airflowalura/venv/lib/python3.9/site-packages/airflow/example_dags/example_time_delta_sensor_async.py
[2024-12-18 22:34:21,581] {processor.py:651} INFO - DAG(s) dict_keys(['example_time_delta_sensor_async']) retrieved from /home/patriciacorreia/Documents/airflowalura/venv/lib/python3.9/site-packages/airflow/example_dags/example_time_delta_sensor_async.py
[2024-12-18 22:34:21,692] {logging_mixin.py:115} INFO - [2024-12-18 22:34:21,692] {dag.py:2379} INFO - Sync 1 DAGs
[2024-12-18 22:34:21,796] {logging_mixin.py:115} INFO - [2024-12-18 22:34:21,795] {dag.py:2927} INFO - Setting next_dagrun for example_time_delta_sensor_async to None, run_after=None
[2024-12-18 22:34:21,859] {processor.py:161} INFO - Processing /home/patriciacorreia/Documents/airflowalura/venv/lib/python3.9/site-packages/airflow/example_dags/example_time_delta_sensor_async.py took 0.331 seconds
[2024-12-18 22:35:10,468] {processor.py:153} INFO - Started process (PID=22347) to work on /home/patriciacorreia/Documents/airflowalura/venv/lib/python3.9/site-packages/airflow/example_dags/example_time_delta_sensor_async.py
[2024-12-18 22:35:10,474] {processor.py:641} INFO - Processing file /home/patriciacorreia/Documents/airflowalura/venv/lib/python3.9/site-packages/airflow/example_dags/example_time_delta_sensor_async.py for tasks to queue
[2024-12-18 22:35:10,476] {logging_mixin.py:115} INFO - [2024-12-18 22:35:10,476] {dagbag.py:507} INFO - Filling up the DagBag from /home/patriciacorreia/Documents/airflowalura/venv/lib/python3.9/site-packages/airflow/example_dags/example_time_delta_sensor_async.py
[2024-12-18 22:35:10,500] {processor.py:651} INFO - DAG(s) dict_keys(['example_time_delta_sensor_async']) retrieved from /home/patriciacorreia/Documents/airflowalura/venv/lib/python3.9/site-packages/airflow/example_dags/example_time_delta_sensor_async.py
[2024-12-18 22:35:10,596] {logging_mixin.py:115} INFO - [2024-12-18 22:35:10,596] {dag.py:2379} INFO - Sync 1 DAGs
[2024-12-18 22:35:10,692] {logging_mixin.py:115} INFO - [2024-12-18 22:35:10,692] {dag.py:2927} INFO - Setting next_dagrun for example_time_delta_sensor_async to None, run_after=None
[2024-12-18 22:35:10,742] {processor.py:161} INFO - Processing /home/patriciacorreia/Documents/airflowalura/venv/lib/python3.9/site-packages/airflow/example_dags/example_time_delta_sensor_async.py took 0.289 seconds
[2024-12-18 22:35:51,583] {processor.py:153} INFO - Started process (PID=22530) to work on /home/patriciacorreia/Documents/airflowalura/venv/lib/python3.9/site-packages/airflow/example_dags/example_time_delta_sensor_async.py
[2024-12-18 22:35:51,586] {processor.py:641} INFO - Processing file /home/patriciacorreia/Documents/airflowalura/venv/lib/python3.9/site-packages/airflow/example_dags/example_time_delta_sensor_async.py for tasks to queue
[2024-12-18 22:35:51,588] {logging_mixin.py:115} INFO - [2024-12-18 22:35:51,588] {dagbag.py:507} INFO - Filling up the DagBag from /home/patriciacorreia/Documents/airflowalura/venv/lib/python3.9/site-packages/airflow/example_dags/example_time_delta_sensor_async.py
[2024-12-18 22:35:51,604] {processor.py:651} INFO - DAG(s) dict_keys(['example_time_delta_sensor_async']) retrieved from /home/patriciacorreia/Documents/airflowalura/venv/lib/python3.9/site-packages/airflow/example_dags/example_time_delta_sensor_async.py
[2024-12-18 22:35:51,664] {logging_mixin.py:115} INFO - [2024-12-18 22:35:51,664] {dag.py:2379} INFO - Sync 1 DAGs
[2024-12-18 22:35:51,713] {logging_mixin.py:115} INFO - [2024-12-18 22:35:51,713] {dag.py:2927} INFO - Setting next_dagrun for example_time_delta_sensor_async to None, run_after=None
[2024-12-18 22:35:51,748] {processor.py:161} INFO - Processing /home/patriciacorreia/Documents/airflowalura/venv/lib/python3.9/site-packages/airflow/example_dags/example_time_delta_sensor_async.py took 0.175 seconds
[2024-12-18 22:36:40,031] {processor.py:153} INFO - Started process (PID=22750) to work on /home/patriciacorreia/Documents/airflowalura/venv/lib/python3.9/site-packages/airflow/example_dags/example_time_delta_sensor_async.py
[2024-12-18 22:36:40,034] {processor.py:641} INFO - Processing file /home/patriciacorreia/Documents/airflowalura/venv/lib/python3.9/site-packages/airflow/example_dags/example_time_delta_sensor_async.py for tasks to queue
[2024-12-18 22:36:40,036] {logging_mixin.py:115} INFO - [2024-12-18 22:36:40,036] {dagbag.py:507} INFO - Filling up the DagBag from /home/patriciacorreia/Documents/airflowalura/venv/lib/python3.9/site-packages/airflow/example_dags/example_time_delta_sensor_async.py
[2024-12-18 22:36:40,051] {processor.py:651} INFO - DAG(s) dict_keys(['example_time_delta_sensor_async']) retrieved from /home/patriciacorreia/Documents/airflowalura/venv/lib/python3.9/site-packages/airflow/example_dags/example_time_delta_sensor_async.py
[2024-12-18 22:36:40,095] {logging_mixin.py:115} INFO - [2024-12-18 22:36:40,095] {dag.py:2379} INFO - Sync 1 DAGs
[2024-12-18 22:36:40,134] {logging_mixin.py:115} INFO - [2024-12-18 22:36:40,134] {dag.py:2927} INFO - Setting next_dagrun for example_time_delta_sensor_async to None, run_after=None
[2024-12-18 22:36:40,152] {processor.py:161} INFO - Processing /home/patriciacorreia/Documents/airflowalura/venv/lib/python3.9/site-packages/airflow/example_dags/example_time_delta_sensor_async.py took 0.138 seconds
[2024-12-18 22:37:22,348] {processor.py:153} INFO - Started process (PID=22936) to work on /home/patriciacorreia/Documents/airflowalura/venv/lib/python3.9/site-packages/airflow/example_dags/example_time_delta_sensor_async.py
[2024-12-18 22:37:22,351] {processor.py:641} INFO - Processing file /home/patriciacorreia/Documents/airflowalura/venv/lib/python3.9/site-packages/airflow/example_dags/example_time_delta_sensor_async.py for tasks to queue
[2024-12-18 22:37:22,354] {logging_mixin.py:115} INFO - [2024-12-18 22:37:22,354] {dagbag.py:507} INFO - Filling up the DagBag from /home/patriciacorreia/Documents/airflowalura/venv/lib/python3.9/site-packages/airflow/example_dags/example_time_delta_sensor_async.py
[2024-12-18 22:37:22,384] {processor.py:651} INFO - DAG(s) dict_keys(['example_time_delta_sensor_async']) retrieved from /home/patriciacorreia/Documents/airflowalura/venv/lib/python3.9/site-packages/airflow/example_dags/example_time_delta_sensor_async.py
[2024-12-18 22:37:22,458] {logging_mixin.py:115} INFO - [2024-12-18 22:37:22,457] {dag.py:2379} INFO - Sync 1 DAGs
[2024-12-18 22:37:22,505] {logging_mixin.py:115} INFO - [2024-12-18 22:37:22,505] {dag.py:2927} INFO - Setting next_dagrun for example_time_delta_sensor_async to None, run_after=None
[2024-12-18 22:37:22,536] {processor.py:161} INFO - Processing /home/patriciacorreia/Documents/airflowalura/venv/lib/python3.9/site-packages/airflow/example_dags/example_time_delta_sensor_async.py took 0.206 seconds
[2024-12-18 22:38:05,389] {processor.py:153} INFO - Started process (PID=23129) to work on /home/patriciacorreia/Documents/airflowalura/venv/lib/python3.9/site-packages/airflow/example_dags/example_time_delta_sensor_async.py
[2024-12-18 22:38:05,393] {processor.py:641} INFO - Processing file /home/patriciacorreia/Documents/airflowalura/venv/lib/python3.9/site-packages/airflow/example_dags/example_time_delta_sensor_async.py for tasks to queue
[2024-12-18 22:38:05,397] {logging_mixin.py:115} INFO - [2024-12-18 22:38:05,396] {dagbag.py:507} INFO - Filling up the DagBag from /home/patriciacorreia/Documents/airflowalura/venv/lib/python3.9/site-packages/airflow/example_dags/example_time_delta_sensor_async.py
[2024-12-18 22:38:05,424] {processor.py:651} INFO - DAG(s) dict_keys(['example_time_delta_sensor_async']) retrieved from /home/patriciacorreia/Documents/airflowalura/venv/lib/python3.9/site-packages/airflow/example_dags/example_time_delta_sensor_async.py
[2024-12-18 22:38:05,533] {logging_mixin.py:115} INFO - [2024-12-18 22:38:05,533] {dag.py:2379} INFO - Sync 1 DAGs
[2024-12-18 22:38:05,582] {logging_mixin.py:115} INFO - [2024-12-18 22:38:05,582] {dag.py:2927} INFO - Setting next_dagrun for example_time_delta_sensor_async to None, run_after=None
[2024-12-18 22:38:05,604] {processor.py:161} INFO - Processing /home/patriciacorreia/Documents/airflowalura/venv/lib/python3.9/site-packages/airflow/example_dags/example_time_delta_sensor_async.py took 0.227 seconds
[2024-12-18 22:38:46,483] {processor.py:153} INFO - Started process (PID=23316) to work on /home/patriciacorreia/Documents/airflowalura/venv/lib/python3.9/site-packages/airflow/example_dags/example_time_delta_sensor_async.py
[2024-12-18 22:38:46,486] {processor.py:641} INFO - Processing file /home/patriciacorreia/Documents/airflowalura/venv/lib/python3.9/site-packages/airflow/example_dags/example_time_delta_sensor_async.py for tasks to queue
[2024-12-18 22:38:46,488] {logging_mixin.py:115} INFO - [2024-12-18 22:38:46,488] {dagbag.py:507} INFO - Filling up the DagBag from /home/patriciacorreia/Documents/airflowalura/venv/lib/python3.9/site-packages/airflow/example_dags/example_time_delta_sensor_async.py
[2024-12-18 22:38:46,510] {processor.py:651} INFO - DAG(s) dict_keys(['example_time_delta_sensor_async']) retrieved from /home/patriciacorreia/Documents/airflowalura/venv/lib/python3.9/site-packages/airflow/example_dags/example_time_delta_sensor_async.py
[2024-12-18 22:38:46,558] {logging_mixin.py:115} INFO - [2024-12-18 22:38:46,558] {dag.py:2379} INFO - Sync 1 DAGs
[2024-12-18 22:38:46,591] {logging_mixin.py:115} INFO - [2024-12-18 22:38:46,591] {dag.py:2927} INFO - Setting next_dagrun for example_time_delta_sensor_async to None, run_after=None
[2024-12-18 22:38:46,614] {processor.py:161} INFO - Processing /home/patriciacorreia/Documents/airflowalura/venv/lib/python3.9/site-packages/airflow/example_dags/example_time_delta_sensor_async.py took 0.145 seconds
[2024-12-18 22:39:34,375] {processor.py:153} INFO - Started process (PID=23540) to work on /home/patriciacorreia/Documents/airflowalura/venv/lib/python3.9/site-packages/airflow/example_dags/example_time_delta_sensor_async.py
[2024-12-18 22:39:34,378] {processor.py:641} INFO - Processing file /home/patriciacorreia/Documents/airflowalura/venv/lib/python3.9/site-packages/airflow/example_dags/example_time_delta_sensor_async.py for tasks to queue
[2024-12-18 22:39:34,384] {logging_mixin.py:115} INFO - [2024-12-18 22:39:34,383] {dagbag.py:507} INFO - Filling up the DagBag from /home/patriciacorreia/Documents/airflowalura/venv/lib/python3.9/site-packages/airflow/example_dags/example_time_delta_sensor_async.py
[2024-12-18 22:39:34,409] {processor.py:651} INFO - DAG(s) dict_keys(['example_time_delta_sensor_async']) retrieved from /home/patriciacorreia/Documents/airflowalura/venv/lib/python3.9/site-packages/airflow/example_dags/example_time_delta_sensor_async.py
[2024-12-18 22:39:34,522] {logging_mixin.py:115} INFO - [2024-12-18 22:39:34,521] {dag.py:2379} INFO - Sync 1 DAGs
[2024-12-18 22:39:34,625] {logging_mixin.py:115} INFO - [2024-12-18 22:39:34,625] {dag.py:2927} INFO - Setting next_dagrun for example_time_delta_sensor_async to None, run_after=None
[2024-12-18 22:39:34,659] {processor.py:161} INFO - Processing /home/patriciacorreia/Documents/airflowalura/venv/lib/python3.9/site-packages/airflow/example_dags/example_time_delta_sensor_async.py took 0.300 seconds
[2024-12-18 22:40:18,407] {processor.py:153} INFO - Started process (PID=23750) to work on /home/patriciacorreia/Documents/airflowalura/venv/lib/python3.9/site-packages/airflow/example_dags/example_time_delta_sensor_async.py
[2024-12-18 22:40:18,411] {processor.py:641} INFO - Processing file /home/patriciacorreia/Documents/airflowalura/venv/lib/python3.9/site-packages/airflow/example_dags/example_time_delta_sensor_async.py for tasks to queue
[2024-12-18 22:40:18,414] {logging_mixin.py:115} INFO - [2024-12-18 22:40:18,413] {dagbag.py:507} INFO - Filling up the DagBag from /home/patriciacorreia/Documents/airflowalura/venv/lib/python3.9/site-packages/airflow/example_dags/example_time_delta_sensor_async.py
[2024-12-18 22:40:18,435] {processor.py:651} INFO - DAG(s) dict_keys(['example_time_delta_sensor_async']) retrieved from /home/patriciacorreia/Documents/airflowalura/venv/lib/python3.9/site-packages/airflow/example_dags/example_time_delta_sensor_async.py
[2024-12-18 22:40:18,498] {logging_mixin.py:115} INFO - [2024-12-18 22:40:18,498] {dag.py:2379} INFO - Sync 1 DAGs
[2024-12-18 22:40:18,540] {logging_mixin.py:115} INFO - [2024-12-18 22:40:18,540] {dag.py:2927} INFO - Setting next_dagrun for example_time_delta_sensor_async to None, run_after=None
[2024-12-18 22:40:18,572] {processor.py:161} INFO - Processing /home/patriciacorreia/Documents/airflowalura/venv/lib/python3.9/site-packages/airflow/example_dags/example_time_delta_sensor_async.py took 0.178 seconds
