[2024-12-18 22:05:15,787] {processor.py:153} INFO - Started process (PID=13794) to work on /home/patriciacorreia/Documents/airflowalura/venv/lib/python3.9/site-packages/airflow/example_dags/tutorial_etl_dag.py
[2024-12-18 22:05:15,802] {processor.py:641} INFO - Processing file /home/patriciacorreia/Documents/airflowalura/venv/lib/python3.9/site-packages/airflow/example_dags/tutorial_etl_dag.py for tasks to queue
[2024-12-18 22:05:15,807] {logging_mixin.py:115} INFO - [2024-12-18 22:05:15,807] {dagbag.py:507} INFO - Filling up the DagBag from /home/patriciacorreia/Documents/airflowalura/venv/lib/python3.9/site-packages/airflow/example_dags/tutorial_etl_dag.py
[2024-12-18 22:05:16,000] {processor.py:651} INFO - DAG(s) dict_keys(['tutorial_etl_dag']) retrieved from /home/patriciacorreia/Documents/airflowalura/venv/lib/python3.9/site-packages/airflow/example_dags/tutorial_etl_dag.py
[2024-12-18 22:05:16,810] {logging_mixin.py:115} INFO - [2024-12-18 22:05:16,809] {manager.py:508} INFO - Created Permission View: can read on DAG:tutorial_etl_dag
[2024-12-18 22:05:16,843] {logging_mixin.py:115} INFO - [2024-12-18 22:05:16,843] {manager.py:508} INFO - Created Permission View: can delete on DAG:tutorial_etl_dag
[2024-12-18 22:05:16,883] {logging_mixin.py:115} INFO - [2024-12-18 22:05:16,883] {manager.py:508} INFO - Created Permission View: can edit on DAG:tutorial_etl_dag
[2024-12-18 22:05:16,884] {logging_mixin.py:115} INFO - [2024-12-18 22:05:16,883] {dag.py:2379} INFO - Sync 1 DAGs
[2024-12-18 22:05:16,981] {logging_mixin.py:115} INFO - [2024-12-18 22:05:16,981] {dag.py:2398} INFO - Creating ORM DAG for tutorial_etl_dag
[2024-12-18 22:05:17,025] {logging_mixin.py:115} INFO - [2024-12-18 22:05:17,025] {dag.py:2927} INFO - Setting next_dagrun for tutorial_etl_dag to None, run_after=None
[2024-12-18 22:05:17,063] {processor.py:161} INFO - Processing /home/patriciacorreia/Documents/airflowalura/venv/lib/python3.9/site-packages/airflow/example_dags/tutorial_etl_dag.py took 1.373 seconds
[2024-12-18 22:05:55,054] {processor.py:153} INFO - Started process (PID=13903) to work on /home/patriciacorreia/Documents/airflowalura/venv/lib/python3.9/site-packages/airflow/example_dags/tutorial_etl_dag.py
[2024-12-18 22:05:55,056] {processor.py:641} INFO - Processing file /home/patriciacorreia/Documents/airflowalura/venv/lib/python3.9/site-packages/airflow/example_dags/tutorial_etl_dag.py for tasks to queue
[2024-12-18 22:05:55,056] {logging_mixin.py:115} INFO - [2024-12-18 22:05:55,056] {dagbag.py:507} INFO - Filling up the DagBag from /home/patriciacorreia/Documents/airflowalura/venv/lib/python3.9/site-packages/airflow/example_dags/tutorial_etl_dag.py
[2024-12-18 22:05:55,069] {processor.py:651} INFO - DAG(s) dict_keys(['tutorial_etl_dag']) retrieved from /home/patriciacorreia/Documents/airflowalura/venv/lib/python3.9/site-packages/airflow/example_dags/tutorial_etl_dag.py
[2024-12-18 22:05:55,097] {logging_mixin.py:115} INFO - [2024-12-18 22:05:55,097] {dag.py:2379} INFO - Sync 1 DAGs
[2024-12-18 22:05:55,124] {logging_mixin.py:115} INFO - [2024-12-18 22:05:55,124] {dag.py:2927} INFO - Setting next_dagrun for tutorial_etl_dag to None, run_after=None
[2024-12-18 22:05:55,139] {processor.py:161} INFO - Processing /home/patriciacorreia/Documents/airflowalura/venv/lib/python3.9/site-packages/airflow/example_dags/tutorial_etl_dag.py took 0.089 seconds
[2024-12-18 22:06:30,270] {processor.py:153} INFO - Started process (PID=14027) to work on /home/patriciacorreia/Documents/airflowalura/venv/lib/python3.9/site-packages/airflow/example_dags/tutorial_etl_dag.py
[2024-12-18 22:06:30,271] {processor.py:641} INFO - Processing file /home/patriciacorreia/Documents/airflowalura/venv/lib/python3.9/site-packages/airflow/example_dags/tutorial_etl_dag.py for tasks to queue
[2024-12-18 22:06:30,272] {logging_mixin.py:115} INFO - [2024-12-18 22:06:30,272] {dagbag.py:507} INFO - Filling up the DagBag from /home/patriciacorreia/Documents/airflowalura/venv/lib/python3.9/site-packages/airflow/example_dags/tutorial_etl_dag.py
[2024-12-18 22:06:30,285] {processor.py:651} INFO - DAG(s) dict_keys(['tutorial_etl_dag']) retrieved from /home/patriciacorreia/Documents/airflowalura/venv/lib/python3.9/site-packages/airflow/example_dags/tutorial_etl_dag.py
[2024-12-18 22:06:30,306] {logging_mixin.py:115} INFO - [2024-12-18 22:06:30,306] {dag.py:2379} INFO - Sync 1 DAGs
[2024-12-18 22:06:30,330] {logging_mixin.py:115} INFO - [2024-12-18 22:06:30,330] {dag.py:2927} INFO - Setting next_dagrun for tutorial_etl_dag to None, run_after=None
[2024-12-18 22:06:30,344] {processor.py:161} INFO - Processing /home/patriciacorreia/Documents/airflowalura/venv/lib/python3.9/site-packages/airflow/example_dags/tutorial_etl_dag.py took 0.078 seconds
[2024-12-18 22:07:07,999] {processor.py:153} INFO - Started process (PID=14150) to work on /home/patriciacorreia/Documents/airflowalura/venv/lib/python3.9/site-packages/airflow/example_dags/tutorial_etl_dag.py
[2024-12-18 22:07:08,002] {processor.py:641} INFO - Processing file /home/patriciacorreia/Documents/airflowalura/venv/lib/python3.9/site-packages/airflow/example_dags/tutorial_etl_dag.py for tasks to queue
[2024-12-18 22:07:08,003] {logging_mixin.py:115} INFO - [2024-12-18 22:07:08,003] {dagbag.py:507} INFO - Filling up the DagBag from /home/patriciacorreia/Documents/airflowalura/venv/lib/python3.9/site-packages/airflow/example_dags/tutorial_etl_dag.py
[2024-12-18 22:07:08,020] {processor.py:651} INFO - DAG(s) dict_keys(['tutorial_etl_dag']) retrieved from /home/patriciacorreia/Documents/airflowalura/venv/lib/python3.9/site-packages/airflow/example_dags/tutorial_etl_dag.py
[2024-12-18 22:07:08,076] {logging_mixin.py:115} INFO - [2024-12-18 22:07:08,075] {dag.py:2379} INFO - Sync 1 DAGs
[2024-12-18 22:07:08,140] {logging_mixin.py:115} INFO - [2024-12-18 22:07:08,139] {dag.py:2927} INFO - Setting next_dagrun for tutorial_etl_dag to None, run_after=None
[2024-12-18 22:07:08,189] {processor.py:161} INFO - Processing /home/patriciacorreia/Documents/airflowalura/venv/lib/python3.9/site-packages/airflow/example_dags/tutorial_etl_dag.py took 0.205 seconds
[2024-12-18 22:07:42,010] {processor.py:153} INFO - Started process (PID=14216) to work on /home/patriciacorreia/Documents/airflowalura/venv/lib/python3.9/site-packages/airflow/example_dags/tutorial_etl_dag.py
[2024-12-18 22:07:42,013] {processor.py:641} INFO - Processing file /home/patriciacorreia/Documents/airflowalura/venv/lib/python3.9/site-packages/airflow/example_dags/tutorial_etl_dag.py for tasks to queue
[2024-12-18 22:07:42,014] {logging_mixin.py:115} INFO - [2024-12-18 22:07:42,014] {dagbag.py:507} INFO - Filling up the DagBag from /home/patriciacorreia/Documents/airflowalura/venv/lib/python3.9/site-packages/airflow/example_dags/tutorial_etl_dag.py
[2024-12-18 22:07:42,048] {processor.py:651} INFO - DAG(s) dict_keys(['tutorial_etl_dag']) retrieved from /home/patriciacorreia/Documents/airflowalura/venv/lib/python3.9/site-packages/airflow/example_dags/tutorial_etl_dag.py
[2024-12-18 22:07:42,087] {logging_mixin.py:115} INFO - [2024-12-18 22:07:42,087] {dag.py:2379} INFO - Sync 1 DAGs
[2024-12-18 22:07:42,128] {logging_mixin.py:115} INFO - [2024-12-18 22:07:42,127] {dag.py:2927} INFO - Setting next_dagrun for tutorial_etl_dag to None, run_after=None
[2024-12-18 22:07:42,151] {processor.py:161} INFO - Processing /home/patriciacorreia/Documents/airflowalura/venv/lib/python3.9/site-packages/airflow/example_dags/tutorial_etl_dag.py took 0.155 seconds
[2024-12-18 22:08:15,451] {processor.py:153} INFO - Started process (PID=14299) to work on /home/patriciacorreia/Documents/airflowalura/venv/lib/python3.9/site-packages/airflow/example_dags/tutorial_etl_dag.py
[2024-12-18 22:08:15,452] {processor.py:641} INFO - Processing file /home/patriciacorreia/Documents/airflowalura/venv/lib/python3.9/site-packages/airflow/example_dags/tutorial_etl_dag.py for tasks to queue
[2024-12-18 22:08:15,453] {logging_mixin.py:115} INFO - [2024-12-18 22:08:15,453] {dagbag.py:507} INFO - Filling up the DagBag from /home/patriciacorreia/Documents/airflowalura/venv/lib/python3.9/site-packages/airflow/example_dags/tutorial_etl_dag.py
[2024-12-18 22:08:15,463] {processor.py:651} INFO - DAG(s) dict_keys(['tutorial_etl_dag']) retrieved from /home/patriciacorreia/Documents/airflowalura/venv/lib/python3.9/site-packages/airflow/example_dags/tutorial_etl_dag.py
[2024-12-18 22:08:15,489] {logging_mixin.py:115} INFO - [2024-12-18 22:08:15,489] {dag.py:2379} INFO - Sync 1 DAGs
[2024-12-18 22:08:15,524] {logging_mixin.py:115} INFO - [2024-12-18 22:08:15,524] {dag.py:2927} INFO - Setting next_dagrun for tutorial_etl_dag to None, run_after=None
[2024-12-18 22:08:15,548] {processor.py:161} INFO - Processing /home/patriciacorreia/Documents/airflowalura/venv/lib/python3.9/site-packages/airflow/example_dags/tutorial_etl_dag.py took 0.101 seconds
[2024-12-18 22:08:47,660] {processor.py:153} INFO - Started process (PID=14430) to work on /home/patriciacorreia/Documents/airflowalura/venv/lib/python3.9/site-packages/airflow/example_dags/tutorial_etl_dag.py
[2024-12-18 22:08:47,662] {processor.py:641} INFO - Processing file /home/patriciacorreia/Documents/airflowalura/venv/lib/python3.9/site-packages/airflow/example_dags/tutorial_etl_dag.py for tasks to queue
[2024-12-18 22:08:47,663] {logging_mixin.py:115} INFO - [2024-12-18 22:08:47,663] {dagbag.py:507} INFO - Filling up the DagBag from /home/patriciacorreia/Documents/airflowalura/venv/lib/python3.9/site-packages/airflow/example_dags/tutorial_etl_dag.py
[2024-12-18 22:08:47,679] {processor.py:651} INFO - DAG(s) dict_keys(['tutorial_etl_dag']) retrieved from /home/patriciacorreia/Documents/airflowalura/venv/lib/python3.9/site-packages/airflow/example_dags/tutorial_etl_dag.py
[2024-12-18 22:08:47,714] {logging_mixin.py:115} INFO - [2024-12-18 22:08:47,713] {dag.py:2379} INFO - Sync 1 DAGs
[2024-12-18 22:08:47,762] {logging_mixin.py:115} INFO - [2024-12-18 22:08:47,761] {dag.py:2927} INFO - Setting next_dagrun for tutorial_etl_dag to None, run_after=None
[2024-12-18 22:08:47,790] {processor.py:161} INFO - Processing /home/patriciacorreia/Documents/airflowalura/venv/lib/python3.9/site-packages/airflow/example_dags/tutorial_etl_dag.py took 0.139 seconds
[2024-12-18 22:09:25,491] {processor.py:153} INFO - Started process (PID=14577) to work on /home/patriciacorreia/Documents/airflowalura/venv/lib/python3.9/site-packages/airflow/example_dags/tutorial_etl_dag.py
[2024-12-18 22:09:25,492] {processor.py:641} INFO - Processing file /home/patriciacorreia/Documents/airflowalura/venv/lib/python3.9/site-packages/airflow/example_dags/tutorial_etl_dag.py for tasks to queue
[2024-12-18 22:09:25,493] {logging_mixin.py:115} INFO - [2024-12-18 22:09:25,493] {dagbag.py:507} INFO - Filling up the DagBag from /home/patriciacorreia/Documents/airflowalura/venv/lib/python3.9/site-packages/airflow/example_dags/tutorial_etl_dag.py
[2024-12-18 22:09:25,508] {processor.py:651} INFO - DAG(s) dict_keys(['tutorial_etl_dag']) retrieved from /home/patriciacorreia/Documents/airflowalura/venv/lib/python3.9/site-packages/airflow/example_dags/tutorial_etl_dag.py
[2024-12-18 22:09:25,548] {logging_mixin.py:115} INFO - [2024-12-18 22:09:25,548] {dag.py:2379} INFO - Sync 1 DAGs
[2024-12-18 22:09:25,592] {logging_mixin.py:115} INFO - [2024-12-18 22:09:25,592] {dag.py:2927} INFO - Setting next_dagrun for tutorial_etl_dag to None, run_after=None
[2024-12-18 22:09:25,620] {processor.py:161} INFO - Processing /home/patriciacorreia/Documents/airflowalura/venv/lib/python3.9/site-packages/airflow/example_dags/tutorial_etl_dag.py took 0.135 seconds
[2024-12-18 22:09:55,932] {processor.py:153} INFO - Started process (PID=14771) to work on /home/patriciacorreia/Documents/airflowalura/venv/lib/python3.9/site-packages/airflow/example_dags/tutorial_etl_dag.py
[2024-12-18 22:09:55,934] {processor.py:641} INFO - Processing file /home/patriciacorreia/Documents/airflowalura/venv/lib/python3.9/site-packages/airflow/example_dags/tutorial_etl_dag.py for tasks to queue
[2024-12-18 22:09:55,935] {logging_mixin.py:115} INFO - [2024-12-18 22:09:55,935] {dagbag.py:507} INFO - Filling up the DagBag from /home/patriciacorreia/Documents/airflowalura/venv/lib/python3.9/site-packages/airflow/example_dags/tutorial_etl_dag.py
[2024-12-18 22:09:55,953] {processor.py:651} INFO - DAG(s) dict_keys(['tutorial_etl_dag']) retrieved from /home/patriciacorreia/Documents/airflowalura/venv/lib/python3.9/site-packages/airflow/example_dags/tutorial_etl_dag.py
[2024-12-18 22:09:55,988] {logging_mixin.py:115} INFO - [2024-12-18 22:09:55,988] {dag.py:2379} INFO - Sync 1 DAGs
[2024-12-18 22:09:56,032] {logging_mixin.py:115} INFO - [2024-12-18 22:09:56,032] {dag.py:2927} INFO - Setting next_dagrun for tutorial_etl_dag to None, run_after=None
[2024-12-18 22:09:56,061] {processor.py:161} INFO - Processing /home/patriciacorreia/Documents/airflowalura/venv/lib/python3.9/site-packages/airflow/example_dags/tutorial_etl_dag.py took 0.136 seconds
[2024-12-18 22:10:31,603] {processor.py:153} INFO - Started process (PID=15057) to work on /home/patriciacorreia/Documents/airflowalura/venv/lib/python3.9/site-packages/airflow/example_dags/tutorial_etl_dag.py
[2024-12-18 22:10:31,605] {processor.py:641} INFO - Processing file /home/patriciacorreia/Documents/airflowalura/venv/lib/python3.9/site-packages/airflow/example_dags/tutorial_etl_dag.py for tasks to queue
[2024-12-18 22:10:31,605] {logging_mixin.py:115} INFO - [2024-12-18 22:10:31,605] {dagbag.py:507} INFO - Filling up the DagBag from /home/patriciacorreia/Documents/airflowalura/venv/lib/python3.9/site-packages/airflow/example_dags/tutorial_etl_dag.py
[2024-12-18 22:10:31,615] {processor.py:651} INFO - DAG(s) dict_keys(['tutorial_etl_dag']) retrieved from /home/patriciacorreia/Documents/airflowalura/venv/lib/python3.9/site-packages/airflow/example_dags/tutorial_etl_dag.py
[2024-12-18 22:10:31,636] {logging_mixin.py:115} INFO - [2024-12-18 22:10:31,635] {dag.py:2379} INFO - Sync 1 DAGs
[2024-12-18 22:10:31,681] {logging_mixin.py:115} INFO - [2024-12-18 22:10:31,681] {dag.py:2927} INFO - Setting next_dagrun for tutorial_etl_dag to None, run_after=None
[2024-12-18 22:10:31,698] {processor.py:161} INFO - Processing /home/patriciacorreia/Documents/airflowalura/venv/lib/python3.9/site-packages/airflow/example_dags/tutorial_etl_dag.py took 0.101 seconds
[2024-12-18 22:11:12,221] {processor.py:153} INFO - Started process (PID=15434) to work on /home/patriciacorreia/Documents/airflowalura/venv/lib/python3.9/site-packages/airflow/example_dags/tutorial_etl_dag.py
[2024-12-18 22:11:12,224] {processor.py:641} INFO - Processing file /home/patriciacorreia/Documents/airflowalura/venv/lib/python3.9/site-packages/airflow/example_dags/tutorial_etl_dag.py for tasks to queue
[2024-12-18 22:11:12,227] {logging_mixin.py:115} INFO - [2024-12-18 22:11:12,226] {dagbag.py:507} INFO - Filling up the DagBag from /home/patriciacorreia/Documents/airflowalura/venv/lib/python3.9/site-packages/airflow/example_dags/tutorial_etl_dag.py
[2024-12-18 22:11:12,263] {processor.py:651} INFO - DAG(s) dict_keys(['tutorial_etl_dag']) retrieved from /home/patriciacorreia/Documents/airflowalura/venv/lib/python3.9/site-packages/airflow/example_dags/tutorial_etl_dag.py
[2024-12-18 22:11:12,331] {logging_mixin.py:115} INFO - [2024-12-18 22:11:12,331] {dag.py:2379} INFO - Sync 1 DAGs
[2024-12-18 22:11:12,406] {logging_mixin.py:115} INFO - [2024-12-18 22:11:12,405] {dag.py:2927} INFO - Setting next_dagrun for tutorial_etl_dag to None, run_after=None
[2024-12-18 22:11:12,447] {processor.py:161} INFO - Processing /home/patriciacorreia/Documents/airflowalura/venv/lib/python3.9/site-packages/airflow/example_dags/tutorial_etl_dag.py took 0.244 seconds
[2024-12-18 22:11:48,031] {processor.py:153} INFO - Started process (PID=15589) to work on /home/patriciacorreia/Documents/airflowalura/venv/lib/python3.9/site-packages/airflow/example_dags/tutorial_etl_dag.py
[2024-12-18 22:11:48,038] {processor.py:641} INFO - Processing file /home/patriciacorreia/Documents/airflowalura/venv/lib/python3.9/site-packages/airflow/example_dags/tutorial_etl_dag.py for tasks to queue
[2024-12-18 22:11:48,040] {logging_mixin.py:115} INFO - [2024-12-18 22:11:48,039] {dagbag.py:507} INFO - Filling up the DagBag from /home/patriciacorreia/Documents/airflowalura/venv/lib/python3.9/site-packages/airflow/example_dags/tutorial_etl_dag.py
[2024-12-18 22:11:48,072] {processor.py:651} INFO - DAG(s) dict_keys(['tutorial_etl_dag']) retrieved from /home/patriciacorreia/Documents/airflowalura/venv/lib/python3.9/site-packages/airflow/example_dags/tutorial_etl_dag.py
[2024-12-18 22:11:48,174] {logging_mixin.py:115} INFO - [2024-12-18 22:11:48,174] {dag.py:2379} INFO - Sync 1 DAGs
[2024-12-18 22:11:48,204] {logging_mixin.py:115} INFO - [2024-12-18 22:11:48,204] {dag.py:2927} INFO - Setting next_dagrun for tutorial_etl_dag to None, run_after=None
[2024-12-18 22:11:48,220] {processor.py:161} INFO - Processing /home/patriciacorreia/Documents/airflowalura/venv/lib/python3.9/site-packages/airflow/example_dags/tutorial_etl_dag.py took 0.202 seconds
[2024-12-18 22:12:19,242] {processor.py:153} INFO - Started process (PID=15727) to work on /home/patriciacorreia/Documents/airflowalura/venv/lib/python3.9/site-packages/airflow/example_dags/tutorial_etl_dag.py
[2024-12-18 22:12:19,245] {processor.py:641} INFO - Processing file /home/patriciacorreia/Documents/airflowalura/venv/lib/python3.9/site-packages/airflow/example_dags/tutorial_etl_dag.py for tasks to queue
[2024-12-18 22:12:19,246] {logging_mixin.py:115} INFO - [2024-12-18 22:12:19,246] {dagbag.py:507} INFO - Filling up the DagBag from /home/patriciacorreia/Documents/airflowalura/venv/lib/python3.9/site-packages/airflow/example_dags/tutorial_etl_dag.py
[2024-12-18 22:12:19,268] {processor.py:651} INFO - DAG(s) dict_keys(['tutorial_etl_dag']) retrieved from /home/patriciacorreia/Documents/airflowalura/venv/lib/python3.9/site-packages/airflow/example_dags/tutorial_etl_dag.py
[2024-12-18 22:12:19,322] {logging_mixin.py:115} INFO - [2024-12-18 22:12:19,322] {dag.py:2379} INFO - Sync 1 DAGs
[2024-12-18 22:12:19,389] {logging_mixin.py:115} INFO - [2024-12-18 22:12:19,389] {dag.py:2927} INFO - Setting next_dagrun for tutorial_etl_dag to None, run_after=None
[2024-12-18 22:12:19,429] {processor.py:161} INFO - Processing /home/patriciacorreia/Documents/airflowalura/venv/lib/python3.9/site-packages/airflow/example_dags/tutorial_etl_dag.py took 0.195 seconds
[2024-12-18 22:12:51,108] {processor.py:153} INFO - Started process (PID=15875) to work on /home/patriciacorreia/Documents/airflowalura/venv/lib/python3.9/site-packages/airflow/example_dags/tutorial_etl_dag.py
[2024-12-18 22:12:51,112] {processor.py:641} INFO - Processing file /home/patriciacorreia/Documents/airflowalura/venv/lib/python3.9/site-packages/airflow/example_dags/tutorial_etl_dag.py for tasks to queue
[2024-12-18 22:12:51,115] {logging_mixin.py:115} INFO - [2024-12-18 22:12:51,115] {dagbag.py:507} INFO - Filling up the DagBag from /home/patriciacorreia/Documents/airflowalura/venv/lib/python3.9/site-packages/airflow/example_dags/tutorial_etl_dag.py
[2024-12-18 22:12:51,147] {processor.py:651} INFO - DAG(s) dict_keys(['tutorial_etl_dag']) retrieved from /home/patriciacorreia/Documents/airflowalura/venv/lib/python3.9/site-packages/airflow/example_dags/tutorial_etl_dag.py
[2024-12-18 22:12:51,214] {logging_mixin.py:115} INFO - [2024-12-18 22:12:51,213] {dag.py:2379} INFO - Sync 1 DAGs
[2024-12-18 22:12:51,299] {logging_mixin.py:115} INFO - [2024-12-18 22:12:51,299] {dag.py:2927} INFO - Setting next_dagrun for tutorial_etl_dag to None, run_after=None
[2024-12-18 22:12:51,345] {processor.py:161} INFO - Processing /home/patriciacorreia/Documents/airflowalura/venv/lib/python3.9/site-packages/airflow/example_dags/tutorial_etl_dag.py took 0.250 seconds
[2024-12-18 22:13:25,312] {processor.py:153} INFO - Started process (PID=16022) to work on /home/patriciacorreia/Documents/airflowalura/venv/lib/python3.9/site-packages/airflow/example_dags/tutorial_etl_dag.py
[2024-12-18 22:13:25,316] {processor.py:641} INFO - Processing file /home/patriciacorreia/Documents/airflowalura/venv/lib/python3.9/site-packages/airflow/example_dags/tutorial_etl_dag.py for tasks to queue
[2024-12-18 22:13:25,318] {logging_mixin.py:115} INFO - [2024-12-18 22:13:25,318] {dagbag.py:507} INFO - Filling up the DagBag from /home/patriciacorreia/Documents/airflowalura/venv/lib/python3.9/site-packages/airflow/example_dags/tutorial_etl_dag.py
[2024-12-18 22:13:25,346] {processor.py:651} INFO - DAG(s) dict_keys(['tutorial_etl_dag']) retrieved from /home/patriciacorreia/Documents/airflowalura/venv/lib/python3.9/site-packages/airflow/example_dags/tutorial_etl_dag.py
[2024-12-18 22:13:25,417] {logging_mixin.py:115} INFO - [2024-12-18 22:13:25,417] {dag.py:2379} INFO - Sync 1 DAGs
[2024-12-18 22:13:25,495] {logging_mixin.py:115} INFO - [2024-12-18 22:13:25,495] {dag.py:2927} INFO - Setting next_dagrun for tutorial_etl_dag to None, run_after=None
[2024-12-18 22:13:25,544] {processor.py:161} INFO - Processing /home/patriciacorreia/Documents/airflowalura/venv/lib/python3.9/site-packages/airflow/example_dags/tutorial_etl_dag.py took 0.244 seconds
[2024-12-18 22:13:59,398] {processor.py:153} INFO - Started process (PID=16195) to work on /home/patriciacorreia/Documents/airflowalura/venv/lib/python3.9/site-packages/airflow/example_dags/tutorial_etl_dag.py
[2024-12-18 22:13:59,401] {processor.py:641} INFO - Processing file /home/patriciacorreia/Documents/airflowalura/venv/lib/python3.9/site-packages/airflow/example_dags/tutorial_etl_dag.py for tasks to queue
[2024-12-18 22:13:59,402] {logging_mixin.py:115} INFO - [2024-12-18 22:13:59,401] {dagbag.py:507} INFO - Filling up the DagBag from /home/patriciacorreia/Documents/airflowalura/venv/lib/python3.9/site-packages/airflow/example_dags/tutorial_etl_dag.py
[2024-12-18 22:13:59,416] {processor.py:651} INFO - DAG(s) dict_keys(['tutorial_etl_dag']) retrieved from /home/patriciacorreia/Documents/airflowalura/venv/lib/python3.9/site-packages/airflow/example_dags/tutorial_etl_dag.py
[2024-12-18 22:13:59,442] {logging_mixin.py:115} INFO - [2024-12-18 22:13:59,442] {dag.py:2379} INFO - Sync 1 DAGs
[2024-12-18 22:13:59,470] {logging_mixin.py:115} INFO - [2024-12-18 22:13:59,470] {dag.py:2927} INFO - Setting next_dagrun for tutorial_etl_dag to None, run_after=None
[2024-12-18 22:13:59,487] {processor.py:161} INFO - Processing /home/patriciacorreia/Documents/airflowalura/venv/lib/python3.9/site-packages/airflow/example_dags/tutorial_etl_dag.py took 0.097 seconds
[2024-12-18 22:14:32,529] {processor.py:153} INFO - Started process (PID=16357) to work on /home/patriciacorreia/Documents/airflowalura/venv/lib/python3.9/site-packages/airflow/example_dags/tutorial_etl_dag.py
[2024-12-18 22:14:32,530] {processor.py:641} INFO - Processing file /home/patriciacorreia/Documents/airflowalura/venv/lib/python3.9/site-packages/airflow/example_dags/tutorial_etl_dag.py for tasks to queue
[2024-12-18 22:14:32,531] {logging_mixin.py:115} INFO - [2024-12-18 22:14:32,531] {dagbag.py:507} INFO - Filling up the DagBag from /home/patriciacorreia/Documents/airflowalura/venv/lib/python3.9/site-packages/airflow/example_dags/tutorial_etl_dag.py
[2024-12-18 22:14:32,544] {processor.py:651} INFO - DAG(s) dict_keys(['tutorial_etl_dag']) retrieved from /home/patriciacorreia/Documents/airflowalura/venv/lib/python3.9/site-packages/airflow/example_dags/tutorial_etl_dag.py
[2024-12-18 22:14:32,566] {logging_mixin.py:115} INFO - [2024-12-18 22:14:32,566] {dag.py:2379} INFO - Sync 1 DAGs
[2024-12-18 22:14:32,593] {logging_mixin.py:115} INFO - [2024-12-18 22:14:32,592] {dag.py:2927} INFO - Setting next_dagrun for tutorial_etl_dag to None, run_after=None
[2024-12-18 22:14:32,609] {processor.py:161} INFO - Processing /home/patriciacorreia/Documents/airflowalura/venv/lib/python3.9/site-packages/airflow/example_dags/tutorial_etl_dag.py took 0.090 seconds
[2024-12-18 22:15:04,634] {processor.py:153} INFO - Started process (PID=16510) to work on /home/patriciacorreia/Documents/airflowalura/venv/lib/python3.9/site-packages/airflow/example_dags/tutorial_etl_dag.py
[2024-12-18 22:15:04,636] {processor.py:641} INFO - Processing file /home/patriciacorreia/Documents/airflowalura/venv/lib/python3.9/site-packages/airflow/example_dags/tutorial_etl_dag.py for tasks to queue
[2024-12-18 22:15:04,636] {logging_mixin.py:115} INFO - [2024-12-18 22:15:04,636] {dagbag.py:507} INFO - Filling up the DagBag from /home/patriciacorreia/Documents/airflowalura/venv/lib/python3.9/site-packages/airflow/example_dags/tutorial_etl_dag.py
[2024-12-18 22:15:04,653] {processor.py:651} INFO - DAG(s) dict_keys(['tutorial_etl_dag']) retrieved from /home/patriciacorreia/Documents/airflowalura/venv/lib/python3.9/site-packages/airflow/example_dags/tutorial_etl_dag.py
[2024-12-18 22:15:04,713] {logging_mixin.py:115} INFO - [2024-12-18 22:15:04,713] {dag.py:2379} INFO - Sync 1 DAGs
[2024-12-18 22:15:04,825] {logging_mixin.py:115} INFO - [2024-12-18 22:15:04,824] {dag.py:2927} INFO - Setting next_dagrun for tutorial_etl_dag to None, run_after=None
[2024-12-18 22:15:04,857] {processor.py:161} INFO - Processing /home/patriciacorreia/Documents/airflowalura/venv/lib/python3.9/site-packages/airflow/example_dags/tutorial_etl_dag.py took 0.228 seconds
[2024-12-18 22:15:44,693] {processor.py:153} INFO - Started process (PID=16711) to work on /home/patriciacorreia/Documents/airflowalura/venv/lib/python3.9/site-packages/airflow/example_dags/tutorial_etl_dag.py
[2024-12-18 22:15:44,696] {processor.py:641} INFO - Processing file /home/patriciacorreia/Documents/airflowalura/venv/lib/python3.9/site-packages/airflow/example_dags/tutorial_etl_dag.py for tasks to queue
[2024-12-18 22:15:44,698] {logging_mixin.py:115} INFO - [2024-12-18 22:15:44,698] {dagbag.py:507} INFO - Filling up the DagBag from /home/patriciacorreia/Documents/airflowalura/venv/lib/python3.9/site-packages/airflow/example_dags/tutorial_etl_dag.py
[2024-12-18 22:15:44,717] {processor.py:651} INFO - DAG(s) dict_keys(['tutorial_etl_dag']) retrieved from /home/patriciacorreia/Documents/airflowalura/venv/lib/python3.9/site-packages/airflow/example_dags/tutorial_etl_dag.py
[2024-12-18 22:15:44,762] {logging_mixin.py:115} INFO - [2024-12-18 22:15:44,762] {dag.py:2379} INFO - Sync 1 DAGs
[2024-12-18 22:15:44,826] {logging_mixin.py:115} INFO - [2024-12-18 22:15:44,826] {dag.py:2927} INFO - Setting next_dagrun for tutorial_etl_dag to None, run_after=None
[2024-12-18 22:15:44,868] {processor.py:161} INFO - Processing /home/patriciacorreia/Documents/airflowalura/venv/lib/python3.9/site-packages/airflow/example_dags/tutorial_etl_dag.py took 0.185 seconds
[2024-12-18 22:16:19,610] {processor.py:153} INFO - Started process (PID=16905) to work on /home/patriciacorreia/Documents/airflowalura/venv/lib/python3.9/site-packages/airflow/example_dags/tutorial_etl_dag.py
[2024-12-18 22:16:19,612] {processor.py:641} INFO - Processing file /home/patriciacorreia/Documents/airflowalura/venv/lib/python3.9/site-packages/airflow/example_dags/tutorial_etl_dag.py for tasks to queue
[2024-12-18 22:16:19,613] {logging_mixin.py:115} INFO - [2024-12-18 22:16:19,613] {dagbag.py:507} INFO - Filling up the DagBag from /home/patriciacorreia/Documents/airflowalura/venv/lib/python3.9/site-packages/airflow/example_dags/tutorial_etl_dag.py
[2024-12-18 22:16:19,630] {processor.py:651} INFO - DAG(s) dict_keys(['tutorial_etl_dag']) retrieved from /home/patriciacorreia/Documents/airflowalura/venv/lib/python3.9/site-packages/airflow/example_dags/tutorial_etl_dag.py
[2024-12-18 22:16:19,675] {logging_mixin.py:115} INFO - [2024-12-18 22:16:19,674] {dag.py:2379} INFO - Sync 1 DAGs
[2024-12-18 22:16:19,722] {logging_mixin.py:115} INFO - [2024-12-18 22:16:19,722] {dag.py:2927} INFO - Setting next_dagrun for tutorial_etl_dag to None, run_after=None
[2024-12-18 22:16:19,759] {processor.py:161} INFO - Processing /home/patriciacorreia/Documents/airflowalura/venv/lib/python3.9/site-packages/airflow/example_dags/tutorial_etl_dag.py took 0.158 seconds
[2024-12-18 22:17:02,881] {processor.py:153} INFO - Started process (PID=17170) to work on /home/patriciacorreia/Documents/airflowalura/venv/lib/python3.9/site-packages/airflow/example_dags/tutorial_etl_dag.py
[2024-12-18 22:17:02,884] {processor.py:641} INFO - Processing file /home/patriciacorreia/Documents/airflowalura/venv/lib/python3.9/site-packages/airflow/example_dags/tutorial_etl_dag.py for tasks to queue
[2024-12-18 22:17:02,886] {logging_mixin.py:115} INFO - [2024-12-18 22:17:02,886] {dagbag.py:507} INFO - Filling up the DagBag from /home/patriciacorreia/Documents/airflowalura/venv/lib/python3.9/site-packages/airflow/example_dags/tutorial_etl_dag.py
[2024-12-18 22:17:02,919] {processor.py:651} INFO - DAG(s) dict_keys(['tutorial_etl_dag']) retrieved from /home/patriciacorreia/Documents/airflowalura/venv/lib/python3.9/site-packages/airflow/example_dags/tutorial_etl_dag.py
[2024-12-18 22:17:03,005] {logging_mixin.py:115} INFO - [2024-12-18 22:17:03,005] {dag.py:2379} INFO - Sync 1 DAGs
[2024-12-18 22:17:03,119] {logging_mixin.py:115} INFO - [2024-12-18 22:17:03,119] {dag.py:2927} INFO - Setting next_dagrun for tutorial_etl_dag to None, run_after=None
[2024-12-18 22:17:03,149] {processor.py:161} INFO - Processing /home/patriciacorreia/Documents/airflowalura/venv/lib/python3.9/site-packages/airflow/example_dags/tutorial_etl_dag.py took 0.283 seconds
[2024-12-18 22:17:41,196] {processor.py:153} INFO - Started process (PID=17351) to work on /home/patriciacorreia/Documents/airflowalura/venv/lib/python3.9/site-packages/airflow/example_dags/tutorial_etl_dag.py
[2024-12-18 22:17:41,197] {processor.py:641} INFO - Processing file /home/patriciacorreia/Documents/airflowalura/venv/lib/python3.9/site-packages/airflow/example_dags/tutorial_etl_dag.py for tasks to queue
[2024-12-18 22:17:41,198] {logging_mixin.py:115} INFO - [2024-12-18 22:17:41,198] {dagbag.py:507} INFO - Filling up the DagBag from /home/patriciacorreia/Documents/airflowalura/venv/lib/python3.9/site-packages/airflow/example_dags/tutorial_etl_dag.py
[2024-12-18 22:17:41,216] {processor.py:651} INFO - DAG(s) dict_keys(['tutorial_etl_dag']) retrieved from /home/patriciacorreia/Documents/airflowalura/venv/lib/python3.9/site-packages/airflow/example_dags/tutorial_etl_dag.py
[2024-12-18 22:17:41,264] {logging_mixin.py:115} INFO - [2024-12-18 22:17:41,264] {dag.py:2379} INFO - Sync 1 DAGs
[2024-12-18 22:17:41,358] {logging_mixin.py:115} INFO - [2024-12-18 22:17:41,358] {dag.py:2927} INFO - Setting next_dagrun for tutorial_etl_dag to None, run_after=None
[2024-12-18 22:17:41,394] {processor.py:161} INFO - Processing /home/patriciacorreia/Documents/airflowalura/venv/lib/python3.9/site-packages/airflow/example_dags/tutorial_etl_dag.py took 0.205 seconds
[2024-12-18 22:18:16,641] {processor.py:153} INFO - Started process (PID=17511) to work on /home/patriciacorreia/Documents/airflowalura/venv/lib/python3.9/site-packages/airflow/example_dags/tutorial_etl_dag.py
[2024-12-18 22:18:16,649] {processor.py:641} INFO - Processing file /home/patriciacorreia/Documents/airflowalura/venv/lib/python3.9/site-packages/airflow/example_dags/tutorial_etl_dag.py for tasks to queue
[2024-12-18 22:18:16,660] {logging_mixin.py:115} INFO - [2024-12-18 22:18:16,655] {dagbag.py:507} INFO - Filling up the DagBag from /home/patriciacorreia/Documents/airflowalura/venv/lib/python3.9/site-packages/airflow/example_dags/tutorial_etl_dag.py
[2024-12-18 22:18:16,706] {processor.py:651} INFO - DAG(s) dict_keys(['tutorial_etl_dag']) retrieved from /home/patriciacorreia/Documents/airflowalura/venv/lib/python3.9/site-packages/airflow/example_dags/tutorial_etl_dag.py
[2024-12-18 22:18:16,775] {logging_mixin.py:115} INFO - [2024-12-18 22:18:16,775] {dag.py:2379} INFO - Sync 1 DAGs
[2024-12-18 22:18:16,873] {logging_mixin.py:115} INFO - [2024-12-18 22:18:16,872] {dag.py:2927} INFO - Setting next_dagrun for tutorial_etl_dag to None, run_after=None
[2024-12-18 22:18:16,921] {processor.py:161} INFO - Processing /home/patriciacorreia/Documents/airflowalura/venv/lib/python3.9/site-packages/airflow/example_dags/tutorial_etl_dag.py took 0.300 seconds
[2024-12-18 22:19:26,494] {processor.py:153} INFO - Started process (PID=17805) to work on /home/patriciacorreia/Documents/airflowalura/venv/lib/python3.9/site-packages/airflow/example_dags/tutorial_etl_dag.py
[2024-12-18 22:19:26,497] {processor.py:641} INFO - Processing file /home/patriciacorreia/Documents/airflowalura/venv/lib/python3.9/site-packages/airflow/example_dags/tutorial_etl_dag.py for tasks to queue
[2024-12-18 22:19:26,497] {logging_mixin.py:115} INFO - [2024-12-18 22:19:26,497] {dagbag.py:507} INFO - Filling up the DagBag from /home/patriciacorreia/Documents/airflowalura/venv/lib/python3.9/site-packages/airflow/example_dags/tutorial_etl_dag.py
[2024-12-18 22:19:26,512] {processor.py:651} INFO - DAG(s) dict_keys(['tutorial_etl_dag']) retrieved from /home/patriciacorreia/Documents/airflowalura/venv/lib/python3.9/site-packages/airflow/example_dags/tutorial_etl_dag.py
[2024-12-18 22:19:26,540] {logging_mixin.py:115} INFO - [2024-12-18 22:19:26,539] {dag.py:2379} INFO - Sync 1 DAGs
[2024-12-18 22:19:26,568] {logging_mixin.py:115} INFO - [2024-12-18 22:19:26,568] {dag.py:2927} INFO - Setting next_dagrun for tutorial_etl_dag to None, run_after=None
[2024-12-18 22:19:26,597] {processor.py:161} INFO - Processing /home/patriciacorreia/Documents/airflowalura/venv/lib/python3.9/site-packages/airflow/example_dags/tutorial_etl_dag.py took 0.106 seconds
[2024-12-18 22:20:07,949] {processor.py:153} INFO - Started process (PID=18007) to work on /home/patriciacorreia/Documents/airflowalura/venv/lib/python3.9/site-packages/airflow/example_dags/tutorial_etl_dag.py
[2024-12-18 22:20:07,954] {processor.py:641} INFO - Processing file /home/patriciacorreia/Documents/airflowalura/venv/lib/python3.9/site-packages/airflow/example_dags/tutorial_etl_dag.py for tasks to queue
[2024-12-18 22:20:07,957] {logging_mixin.py:115} INFO - [2024-12-18 22:20:07,956] {dagbag.py:507} INFO - Filling up the DagBag from /home/patriciacorreia/Documents/airflowalura/venv/lib/python3.9/site-packages/airflow/example_dags/tutorial_etl_dag.py
[2024-12-18 22:20:07,989] {processor.py:651} INFO - DAG(s) dict_keys(['tutorial_etl_dag']) retrieved from /home/patriciacorreia/Documents/airflowalura/venv/lib/python3.9/site-packages/airflow/example_dags/tutorial_etl_dag.py
[2024-12-18 22:20:08,054] {logging_mixin.py:115} INFO - [2024-12-18 22:20:08,054] {dag.py:2379} INFO - Sync 1 DAGs
[2024-12-18 22:20:08,162] {logging_mixin.py:115} INFO - [2024-12-18 22:20:08,162] {dag.py:2927} INFO - Setting next_dagrun for tutorial_etl_dag to None, run_after=None
[2024-12-18 22:20:08,223] {processor.py:161} INFO - Processing /home/patriciacorreia/Documents/airflowalura/venv/lib/python3.9/site-packages/airflow/example_dags/tutorial_etl_dag.py took 0.284 seconds
[2024-12-18 22:20:42,679] {processor.py:153} INFO - Started process (PID=18186) to work on /home/patriciacorreia/Documents/airflowalura/venv/lib/python3.9/site-packages/airflow/example_dags/tutorial_etl_dag.py
[2024-12-18 22:20:42,681] {processor.py:641} INFO - Processing file /home/patriciacorreia/Documents/airflowalura/venv/lib/python3.9/site-packages/airflow/example_dags/tutorial_etl_dag.py for tasks to queue
[2024-12-18 22:20:42,684] {logging_mixin.py:115} INFO - [2024-12-18 22:20:42,684] {dagbag.py:507} INFO - Filling up the DagBag from /home/patriciacorreia/Documents/airflowalura/venv/lib/python3.9/site-packages/airflow/example_dags/tutorial_etl_dag.py
[2024-12-18 22:20:42,738] {processor.py:651} INFO - DAG(s) dict_keys(['tutorial_etl_dag']) retrieved from /home/patriciacorreia/Documents/airflowalura/venv/lib/python3.9/site-packages/airflow/example_dags/tutorial_etl_dag.py
[2024-12-18 22:20:42,776] {logging_mixin.py:115} INFO - [2024-12-18 22:20:42,775] {dag.py:2379} INFO - Sync 1 DAGs
[2024-12-18 22:20:42,821] {logging_mixin.py:115} INFO - [2024-12-18 22:20:42,821] {dag.py:2927} INFO - Setting next_dagrun for tutorial_etl_dag to None, run_after=None
[2024-12-18 22:20:42,854] {processor.py:161} INFO - Processing /home/patriciacorreia/Documents/airflowalura/venv/lib/python3.9/site-packages/airflow/example_dags/tutorial_etl_dag.py took 0.187 seconds
[2024-12-18 22:21:18,198] {processor.py:153} INFO - Started process (PID=18354) to work on /home/patriciacorreia/Documents/airflowalura/venv/lib/python3.9/site-packages/airflow/example_dags/tutorial_etl_dag.py
[2024-12-18 22:21:18,219] {processor.py:641} INFO - Processing file /home/patriciacorreia/Documents/airflowalura/venv/lib/python3.9/site-packages/airflow/example_dags/tutorial_etl_dag.py for tasks to queue
[2024-12-18 22:21:18,221] {logging_mixin.py:115} INFO - [2024-12-18 22:21:18,220] {dagbag.py:507} INFO - Filling up the DagBag from /home/patriciacorreia/Documents/airflowalura/venv/lib/python3.9/site-packages/airflow/example_dags/tutorial_etl_dag.py
[2024-12-18 22:21:18,243] {processor.py:651} INFO - DAG(s) dict_keys(['tutorial_etl_dag']) retrieved from /home/patriciacorreia/Documents/airflowalura/venv/lib/python3.9/site-packages/airflow/example_dags/tutorial_etl_dag.py
[2024-12-18 22:21:18,298] {logging_mixin.py:115} INFO - [2024-12-18 22:21:18,298] {dag.py:2379} INFO - Sync 1 DAGs
[2024-12-18 22:21:18,349] {logging_mixin.py:115} INFO - [2024-12-18 22:21:18,349] {dag.py:2927} INFO - Setting next_dagrun for tutorial_etl_dag to None, run_after=None
[2024-12-18 22:21:18,374] {processor.py:161} INFO - Processing /home/patriciacorreia/Documents/airflowalura/venv/lib/python3.9/site-packages/airflow/example_dags/tutorial_etl_dag.py took 0.185 seconds
[2024-12-18 22:21:53,029] {processor.py:153} INFO - Started process (PID=18514) to work on /home/patriciacorreia/Documents/airflowalura/venv/lib/python3.9/site-packages/airflow/example_dags/tutorial_etl_dag.py
[2024-12-18 22:21:53,031] {processor.py:641} INFO - Processing file /home/patriciacorreia/Documents/airflowalura/venv/lib/python3.9/site-packages/airflow/example_dags/tutorial_etl_dag.py for tasks to queue
[2024-12-18 22:21:53,033] {logging_mixin.py:115} INFO - [2024-12-18 22:21:53,033] {dagbag.py:507} INFO - Filling up the DagBag from /home/patriciacorreia/Documents/airflowalura/venv/lib/python3.9/site-packages/airflow/example_dags/tutorial_etl_dag.py
[2024-12-18 22:21:53,052] {processor.py:651} INFO - DAG(s) dict_keys(['tutorial_etl_dag']) retrieved from /home/patriciacorreia/Documents/airflowalura/venv/lib/python3.9/site-packages/airflow/example_dags/tutorial_etl_dag.py
[2024-12-18 22:21:53,084] {logging_mixin.py:115} INFO - [2024-12-18 22:21:53,083] {dag.py:2379} INFO - Sync 1 DAGs
[2024-12-18 22:21:53,257] {logging_mixin.py:115} INFO - [2024-12-18 22:21:53,257] {dag.py:2927} INFO - Setting next_dagrun for tutorial_etl_dag to None, run_after=None
[2024-12-18 22:21:53,362] {processor.py:161} INFO - Processing /home/patriciacorreia/Documents/airflowalura/venv/lib/python3.9/site-packages/airflow/example_dags/tutorial_etl_dag.py took 0.342 seconds
[2024-12-18 22:22:27,510] {processor.py:153} INFO - Started process (PID=18678) to work on /home/patriciacorreia/Documents/airflowalura/venv/lib/python3.9/site-packages/airflow/example_dags/tutorial_etl_dag.py
[2024-12-18 22:22:27,512] {processor.py:641} INFO - Processing file /home/patriciacorreia/Documents/airflowalura/venv/lib/python3.9/site-packages/airflow/example_dags/tutorial_etl_dag.py for tasks to queue
[2024-12-18 22:22:27,514] {logging_mixin.py:115} INFO - [2024-12-18 22:22:27,513] {dagbag.py:507} INFO - Filling up the DagBag from /home/patriciacorreia/Documents/airflowalura/venv/lib/python3.9/site-packages/airflow/example_dags/tutorial_etl_dag.py
[2024-12-18 22:22:27,537] {processor.py:651} INFO - DAG(s) dict_keys(['tutorial_etl_dag']) retrieved from /home/patriciacorreia/Documents/airflowalura/venv/lib/python3.9/site-packages/airflow/example_dags/tutorial_etl_dag.py
[2024-12-18 22:22:27,581] {logging_mixin.py:115} INFO - [2024-12-18 22:22:27,581] {dag.py:2379} INFO - Sync 1 DAGs
[2024-12-18 22:22:27,635] {logging_mixin.py:115} INFO - [2024-12-18 22:22:27,635] {dag.py:2927} INFO - Setting next_dagrun for tutorial_etl_dag to None, run_after=None
[2024-12-18 22:22:27,655] {processor.py:161} INFO - Processing /home/patriciacorreia/Documents/airflowalura/venv/lib/python3.9/site-packages/airflow/example_dags/tutorial_etl_dag.py took 0.153 seconds
[2024-12-18 22:23:08,056] {processor.py:153} INFO - Started process (PID=18866) to work on /home/patriciacorreia/Documents/airflowalura/venv/lib/python3.9/site-packages/airflow/example_dags/tutorial_etl_dag.py
[2024-12-18 22:23:08,058] {processor.py:641} INFO - Processing file /home/patriciacorreia/Documents/airflowalura/venv/lib/python3.9/site-packages/airflow/example_dags/tutorial_etl_dag.py for tasks to queue
[2024-12-18 22:23:08,059] {logging_mixin.py:115} INFO - [2024-12-18 22:23:08,059] {dagbag.py:507} INFO - Filling up the DagBag from /home/patriciacorreia/Documents/airflowalura/venv/lib/python3.9/site-packages/airflow/example_dags/tutorial_etl_dag.py
[2024-12-18 22:23:08,072] {processor.py:651} INFO - DAG(s) dict_keys(['tutorial_etl_dag']) retrieved from /home/patriciacorreia/Documents/airflowalura/venv/lib/python3.9/site-packages/airflow/example_dags/tutorial_etl_dag.py
[2024-12-18 22:23:08,098] {logging_mixin.py:115} INFO - [2024-12-18 22:23:08,097] {dag.py:2379} INFO - Sync 1 DAGs
[2024-12-18 22:23:08,143] {logging_mixin.py:115} INFO - [2024-12-18 22:23:08,142] {dag.py:2927} INFO - Setting next_dagrun for tutorial_etl_dag to None, run_after=None
[2024-12-18 22:23:08,170] {processor.py:161} INFO - Processing /home/patriciacorreia/Documents/airflowalura/venv/lib/python3.9/site-packages/airflow/example_dags/tutorial_etl_dag.py took 0.122 seconds
[2024-12-18 22:23:39,319] {processor.py:153} INFO - Started process (PID=19009) to work on /home/patriciacorreia/Documents/airflowalura/venv/lib/python3.9/site-packages/airflow/example_dags/tutorial_etl_dag.py
[2024-12-18 22:23:39,321] {processor.py:641} INFO - Processing file /home/patriciacorreia/Documents/airflowalura/venv/lib/python3.9/site-packages/airflow/example_dags/tutorial_etl_dag.py for tasks to queue
[2024-12-18 22:23:39,322] {logging_mixin.py:115} INFO - [2024-12-18 22:23:39,322] {dagbag.py:507} INFO - Filling up the DagBag from /home/patriciacorreia/Documents/airflowalura/venv/lib/python3.9/site-packages/airflow/example_dags/tutorial_etl_dag.py
[2024-12-18 22:23:39,348] {processor.py:651} INFO - DAG(s) dict_keys(['tutorial_etl_dag']) retrieved from /home/patriciacorreia/Documents/airflowalura/venv/lib/python3.9/site-packages/airflow/example_dags/tutorial_etl_dag.py
[2024-12-18 22:23:39,377] {logging_mixin.py:115} INFO - [2024-12-18 22:23:39,376] {dag.py:2379} INFO - Sync 1 DAGs
[2024-12-18 22:23:39,413] {logging_mixin.py:115} INFO - [2024-12-18 22:23:39,412] {dag.py:2927} INFO - Setting next_dagrun for tutorial_etl_dag to None, run_after=None
[2024-12-18 22:23:39,430] {processor.py:161} INFO - Processing /home/patriciacorreia/Documents/airflowalura/venv/lib/python3.9/site-packages/airflow/example_dags/tutorial_etl_dag.py took 0.138 seconds
[2024-12-18 22:24:15,609] {processor.py:153} INFO - Started process (PID=19181) to work on /home/patriciacorreia/Documents/airflowalura/venv/lib/python3.9/site-packages/airflow/example_dags/tutorial_etl_dag.py
[2024-12-18 22:24:15,613] {processor.py:641} INFO - Processing file /home/patriciacorreia/Documents/airflowalura/venv/lib/python3.9/site-packages/airflow/example_dags/tutorial_etl_dag.py for tasks to queue
[2024-12-18 22:24:15,616] {logging_mixin.py:115} INFO - [2024-12-18 22:24:15,615] {dagbag.py:507} INFO - Filling up the DagBag from /home/patriciacorreia/Documents/airflowalura/venv/lib/python3.9/site-packages/airflow/example_dags/tutorial_etl_dag.py
[2024-12-18 22:24:15,665] {processor.py:651} INFO - DAG(s) dict_keys(['tutorial_etl_dag']) retrieved from /home/patriciacorreia/Documents/airflowalura/venv/lib/python3.9/site-packages/airflow/example_dags/tutorial_etl_dag.py
[2024-12-18 22:24:15,717] {logging_mixin.py:115} INFO - [2024-12-18 22:24:15,717] {dag.py:2379} INFO - Sync 1 DAGs
[2024-12-18 22:24:15,761] {logging_mixin.py:115} INFO - [2024-12-18 22:24:15,761] {dag.py:2927} INFO - Setting next_dagrun for tutorial_etl_dag to None, run_after=None
[2024-12-18 22:24:15,789] {processor.py:161} INFO - Processing /home/patriciacorreia/Documents/airflowalura/venv/lib/python3.9/site-packages/airflow/example_dags/tutorial_etl_dag.py took 0.204 seconds
[2024-12-18 22:24:51,851] {processor.py:153} INFO - Started process (PID=19348) to work on /home/patriciacorreia/Documents/airflowalura/venv/lib/python3.9/site-packages/airflow/example_dags/tutorial_etl_dag.py
[2024-12-18 22:24:51,853] {processor.py:641} INFO - Processing file /home/patriciacorreia/Documents/airflowalura/venv/lib/python3.9/site-packages/airflow/example_dags/tutorial_etl_dag.py for tasks to queue
[2024-12-18 22:24:51,854] {logging_mixin.py:115} INFO - [2024-12-18 22:24:51,854] {dagbag.py:507} INFO - Filling up the DagBag from /home/patriciacorreia/Documents/airflowalura/venv/lib/python3.9/site-packages/airflow/example_dags/tutorial_etl_dag.py
[2024-12-18 22:24:51,867] {processor.py:651} INFO - DAG(s) dict_keys(['tutorial_etl_dag']) retrieved from /home/patriciacorreia/Documents/airflowalura/venv/lib/python3.9/site-packages/airflow/example_dags/tutorial_etl_dag.py
[2024-12-18 22:24:51,901] {logging_mixin.py:115} INFO - [2024-12-18 22:24:51,901] {dag.py:2379} INFO - Sync 1 DAGs
[2024-12-18 22:24:51,935] {logging_mixin.py:115} INFO - [2024-12-18 22:24:51,935] {dag.py:2927} INFO - Setting next_dagrun for tutorial_etl_dag to None, run_after=None
[2024-12-18 22:24:51,960] {processor.py:161} INFO - Processing /home/patriciacorreia/Documents/airflowalura/venv/lib/python3.9/site-packages/airflow/example_dags/tutorial_etl_dag.py took 0.117 seconds
[2024-12-18 22:25:25,487] {processor.py:153} INFO - Started process (PID=19529) to work on /home/patriciacorreia/Documents/airflowalura/venv/lib/python3.9/site-packages/airflow/example_dags/tutorial_etl_dag.py
[2024-12-18 22:25:25,491] {processor.py:641} INFO - Processing file /home/patriciacorreia/Documents/airflowalura/venv/lib/python3.9/site-packages/airflow/example_dags/tutorial_etl_dag.py for tasks to queue
[2024-12-18 22:25:25,495] {logging_mixin.py:115} INFO - [2024-12-18 22:25:25,494] {dagbag.py:507} INFO - Filling up the DagBag from /home/patriciacorreia/Documents/airflowalura/venv/lib/python3.9/site-packages/airflow/example_dags/tutorial_etl_dag.py
[2024-12-18 22:25:25,535] {processor.py:651} INFO - DAG(s) dict_keys(['tutorial_etl_dag']) retrieved from /home/patriciacorreia/Documents/airflowalura/venv/lib/python3.9/site-packages/airflow/example_dags/tutorial_etl_dag.py
[2024-12-18 22:25:25,634] {logging_mixin.py:115} INFO - [2024-12-18 22:25:25,634] {dag.py:2379} INFO - Sync 1 DAGs
[2024-12-18 22:25:25,743] {logging_mixin.py:115} INFO - [2024-12-18 22:25:25,743] {dag.py:2927} INFO - Setting next_dagrun for tutorial_etl_dag to None, run_after=None
[2024-12-18 22:25:25,818] {processor.py:161} INFO - Processing /home/patriciacorreia/Documents/airflowalura/venv/lib/python3.9/site-packages/airflow/example_dags/tutorial_etl_dag.py took 0.347 seconds
[2024-12-18 22:26:10,402] {processor.py:153} INFO - Started process (PID=19731) to work on /home/patriciacorreia/Documents/airflowalura/venv/lib/python3.9/site-packages/airflow/example_dags/tutorial_etl_dag.py
[2024-12-18 22:26:10,406] {processor.py:641} INFO - Processing file /home/patriciacorreia/Documents/airflowalura/venv/lib/python3.9/site-packages/airflow/example_dags/tutorial_etl_dag.py for tasks to queue
[2024-12-18 22:26:10,410] {logging_mixin.py:115} INFO - [2024-12-18 22:26:10,409] {dagbag.py:507} INFO - Filling up the DagBag from /home/patriciacorreia/Documents/airflowalura/venv/lib/python3.9/site-packages/airflow/example_dags/tutorial_etl_dag.py
[2024-12-18 22:26:10,455] {processor.py:651} INFO - DAG(s) dict_keys(['tutorial_etl_dag']) retrieved from /home/patriciacorreia/Documents/airflowalura/venv/lib/python3.9/site-packages/airflow/example_dags/tutorial_etl_dag.py
[2024-12-18 22:26:10,559] {logging_mixin.py:115} INFO - [2024-12-18 22:26:10,559] {dag.py:2379} INFO - Sync 1 DAGs
[2024-12-18 22:26:10,674] {logging_mixin.py:115} INFO - [2024-12-18 22:26:10,674] {dag.py:2927} INFO - Setting next_dagrun for tutorial_etl_dag to None, run_after=None
[2024-12-18 22:26:10,715] {processor.py:161} INFO - Processing /home/patriciacorreia/Documents/airflowalura/venv/lib/python3.9/site-packages/airflow/example_dags/tutorial_etl_dag.py took 0.331 seconds
[2024-12-18 22:26:44,919] {processor.py:153} INFO - Started process (PID=19886) to work on /home/patriciacorreia/Documents/airflowalura/venv/lib/python3.9/site-packages/airflow/example_dags/tutorial_etl_dag.py
[2024-12-18 22:26:44,920] {processor.py:641} INFO - Processing file /home/patriciacorreia/Documents/airflowalura/venv/lib/python3.9/site-packages/airflow/example_dags/tutorial_etl_dag.py for tasks to queue
[2024-12-18 22:26:44,922] {logging_mixin.py:115} INFO - [2024-12-18 22:26:44,922] {dagbag.py:507} INFO - Filling up the DagBag from /home/patriciacorreia/Documents/airflowalura/venv/lib/python3.9/site-packages/airflow/example_dags/tutorial_etl_dag.py
[2024-12-18 22:26:44,939] {processor.py:651} INFO - DAG(s) dict_keys(['tutorial_etl_dag']) retrieved from /home/patriciacorreia/Documents/airflowalura/venv/lib/python3.9/site-packages/airflow/example_dags/tutorial_etl_dag.py
[2024-12-18 22:26:44,972] {logging_mixin.py:115} INFO - [2024-12-18 22:26:44,972] {dag.py:2379} INFO - Sync 1 DAGs
[2024-12-18 22:26:45,008] {logging_mixin.py:115} INFO - [2024-12-18 22:26:45,008] {dag.py:2927} INFO - Setting next_dagrun for tutorial_etl_dag to None, run_after=None
[2024-12-18 22:26:45,029] {processor.py:161} INFO - Processing /home/patriciacorreia/Documents/airflowalura/venv/lib/python3.9/site-packages/airflow/example_dags/tutorial_etl_dag.py took 0.122 seconds
[2024-12-18 22:27:16,903] {processor.py:153} INFO - Started process (PID=20032) to work on /home/patriciacorreia/Documents/airflowalura/venv/lib/python3.9/site-packages/airflow/example_dags/tutorial_etl_dag.py
[2024-12-18 22:27:16,904] {processor.py:641} INFO - Processing file /home/patriciacorreia/Documents/airflowalura/venv/lib/python3.9/site-packages/airflow/example_dags/tutorial_etl_dag.py for tasks to queue
[2024-12-18 22:27:16,906] {logging_mixin.py:115} INFO - [2024-12-18 22:27:16,906] {dagbag.py:507} INFO - Filling up the DagBag from /home/patriciacorreia/Documents/airflowalura/venv/lib/python3.9/site-packages/airflow/example_dags/tutorial_etl_dag.py
[2024-12-18 22:27:16,923] {processor.py:651} INFO - DAG(s) dict_keys(['tutorial_etl_dag']) retrieved from /home/patriciacorreia/Documents/airflowalura/venv/lib/python3.9/site-packages/airflow/example_dags/tutorial_etl_dag.py
[2024-12-18 22:27:16,961] {logging_mixin.py:115} INFO - [2024-12-18 22:27:16,961] {dag.py:2379} INFO - Sync 1 DAGs
[2024-12-18 22:27:17,005] {logging_mixin.py:115} INFO - [2024-12-18 22:27:17,005] {dag.py:2927} INFO - Setting next_dagrun for tutorial_etl_dag to None, run_after=None
[2024-12-18 22:27:17,032] {processor.py:161} INFO - Processing /home/patriciacorreia/Documents/airflowalura/venv/lib/python3.9/site-packages/airflow/example_dags/tutorial_etl_dag.py took 0.135 seconds
[2024-12-18 22:27:48,564] {processor.py:153} INFO - Started process (PID=20187) to work on /home/patriciacorreia/Documents/airflowalura/venv/lib/python3.9/site-packages/airflow/example_dags/tutorial_etl_dag.py
[2024-12-18 22:27:48,567] {processor.py:641} INFO - Processing file /home/patriciacorreia/Documents/airflowalura/venv/lib/python3.9/site-packages/airflow/example_dags/tutorial_etl_dag.py for tasks to queue
[2024-12-18 22:27:48,569] {logging_mixin.py:115} INFO - [2024-12-18 22:27:48,569] {dagbag.py:507} INFO - Filling up the DagBag from /home/patriciacorreia/Documents/airflowalura/venv/lib/python3.9/site-packages/airflow/example_dags/tutorial_etl_dag.py
[2024-12-18 22:27:48,593] {processor.py:651} INFO - DAG(s) dict_keys(['tutorial_etl_dag']) retrieved from /home/patriciacorreia/Documents/airflowalura/venv/lib/python3.9/site-packages/airflow/example_dags/tutorial_etl_dag.py
[2024-12-18 22:27:48,644] {logging_mixin.py:115} INFO - [2024-12-18 22:27:48,644] {dag.py:2379} INFO - Sync 1 DAGs
[2024-12-18 22:27:48,681] {logging_mixin.py:115} INFO - [2024-12-18 22:27:48,681] {dag.py:2927} INFO - Setting next_dagrun for tutorial_etl_dag to None, run_after=None
[2024-12-18 22:27:48,702] {processor.py:161} INFO - Processing /home/patriciacorreia/Documents/airflowalura/venv/lib/python3.9/site-packages/airflow/example_dags/tutorial_etl_dag.py took 0.149 seconds
[2024-12-18 22:28:23,609] {processor.py:153} INFO - Started process (PID=20357) to work on /home/patriciacorreia/Documents/airflowalura/venv/lib/python3.9/site-packages/airflow/example_dags/tutorial_etl_dag.py
[2024-12-18 22:28:23,612] {processor.py:641} INFO - Processing file /home/patriciacorreia/Documents/airflowalura/venv/lib/python3.9/site-packages/airflow/example_dags/tutorial_etl_dag.py for tasks to queue
[2024-12-18 22:28:23,614] {logging_mixin.py:115} INFO - [2024-12-18 22:28:23,614] {dagbag.py:507} INFO - Filling up the DagBag from /home/patriciacorreia/Documents/airflowalura/venv/lib/python3.9/site-packages/airflow/example_dags/tutorial_etl_dag.py
[2024-12-18 22:28:23,651] {processor.py:651} INFO - DAG(s) dict_keys(['tutorial_etl_dag']) retrieved from /home/patriciacorreia/Documents/airflowalura/venv/lib/python3.9/site-packages/airflow/example_dags/tutorial_etl_dag.py
[2024-12-18 22:28:23,714] {logging_mixin.py:115} INFO - [2024-12-18 22:28:23,714] {dag.py:2379} INFO - Sync 1 DAGs
[2024-12-18 22:28:23,788] {logging_mixin.py:115} INFO - [2024-12-18 22:28:23,788] {dag.py:2927} INFO - Setting next_dagrun for tutorial_etl_dag to None, run_after=None
[2024-12-18 22:28:23,820] {processor.py:161} INFO - Processing /home/patriciacorreia/Documents/airflowalura/venv/lib/python3.9/site-packages/airflow/example_dags/tutorial_etl_dag.py took 0.225 seconds
[2024-12-18 22:29:01,168] {processor.py:153} INFO - Started process (PID=20544) to work on /home/patriciacorreia/Documents/airflowalura/venv/lib/python3.9/site-packages/airflow/example_dags/tutorial_etl_dag.py
[2024-12-18 22:29:01,169] {processor.py:641} INFO - Processing file /home/patriciacorreia/Documents/airflowalura/venv/lib/python3.9/site-packages/airflow/example_dags/tutorial_etl_dag.py for tasks to queue
[2024-12-18 22:29:01,170] {logging_mixin.py:115} INFO - [2024-12-18 22:29:01,170] {dagbag.py:507} INFO - Filling up the DagBag from /home/patriciacorreia/Documents/airflowalura/venv/lib/python3.9/site-packages/airflow/example_dags/tutorial_etl_dag.py
[2024-12-18 22:29:01,181] {processor.py:651} INFO - DAG(s) dict_keys(['tutorial_etl_dag']) retrieved from /home/patriciacorreia/Documents/airflowalura/venv/lib/python3.9/site-packages/airflow/example_dags/tutorial_etl_dag.py
[2024-12-18 22:29:01,204] {logging_mixin.py:115} INFO - [2024-12-18 22:29:01,203] {dag.py:2379} INFO - Sync 1 DAGs
[2024-12-18 22:29:01,232] {logging_mixin.py:115} INFO - [2024-12-18 22:29:01,232] {dag.py:2927} INFO - Setting next_dagrun for tutorial_etl_dag to None, run_after=None
[2024-12-18 22:29:01,248] {processor.py:161} INFO - Processing /home/patriciacorreia/Documents/airflowalura/venv/lib/python3.9/site-packages/airflow/example_dags/tutorial_etl_dag.py took 0.089 seconds
[2024-12-18 22:29:32,569] {processor.py:153} INFO - Started process (PID=20703) to work on /home/patriciacorreia/Documents/airflowalura/venv/lib/python3.9/site-packages/airflow/example_dags/tutorial_etl_dag.py
[2024-12-18 22:29:32,572] {processor.py:641} INFO - Processing file /home/patriciacorreia/Documents/airflowalura/venv/lib/python3.9/site-packages/airflow/example_dags/tutorial_etl_dag.py for tasks to queue
[2024-12-18 22:29:32,574] {logging_mixin.py:115} INFO - [2024-12-18 22:29:32,574] {dagbag.py:507} INFO - Filling up the DagBag from /home/patriciacorreia/Documents/airflowalura/venv/lib/python3.9/site-packages/airflow/example_dags/tutorial_etl_dag.py
[2024-12-18 22:29:32,603] {processor.py:651} INFO - DAG(s) dict_keys(['tutorial_etl_dag']) retrieved from /home/patriciacorreia/Documents/airflowalura/venv/lib/python3.9/site-packages/airflow/example_dags/tutorial_etl_dag.py
[2024-12-18 22:29:32,656] {logging_mixin.py:115} INFO - [2024-12-18 22:29:32,655] {dag.py:2379} INFO - Sync 1 DAGs
[2024-12-18 22:29:32,698] {logging_mixin.py:115} INFO - [2024-12-18 22:29:32,698] {dag.py:2927} INFO - Setting next_dagrun for tutorial_etl_dag to None, run_after=None
[2024-12-18 22:29:32,715] {processor.py:161} INFO - Processing /home/patriciacorreia/Documents/airflowalura/venv/lib/python3.9/site-packages/airflow/example_dags/tutorial_etl_dag.py took 0.159 seconds
[2024-12-18 22:30:06,727] {processor.py:153} INFO - Started process (PID=20887) to work on /home/patriciacorreia/Documents/airflowalura/venv/lib/python3.9/site-packages/airflow/example_dags/tutorial_etl_dag.py
[2024-12-18 22:30:06,730] {processor.py:641} INFO - Processing file /home/patriciacorreia/Documents/airflowalura/venv/lib/python3.9/site-packages/airflow/example_dags/tutorial_etl_dag.py for tasks to queue
[2024-12-18 22:30:06,731] {logging_mixin.py:115} INFO - [2024-12-18 22:30:06,731] {dagbag.py:507} INFO - Filling up the DagBag from /home/patriciacorreia/Documents/airflowalura/venv/lib/python3.9/site-packages/airflow/example_dags/tutorial_etl_dag.py
[2024-12-18 22:30:06,747] {processor.py:651} INFO - DAG(s) dict_keys(['tutorial_etl_dag']) retrieved from /home/patriciacorreia/Documents/airflowalura/venv/lib/python3.9/site-packages/airflow/example_dags/tutorial_etl_dag.py
[2024-12-18 22:30:06,779] {logging_mixin.py:115} INFO - [2024-12-18 22:30:06,779] {dag.py:2379} INFO - Sync 1 DAGs
[2024-12-18 22:30:06,803] {logging_mixin.py:115} INFO - [2024-12-18 22:30:06,803] {dag.py:2927} INFO - Setting next_dagrun for tutorial_etl_dag to None, run_after=None
[2024-12-18 22:30:06,820] {processor.py:161} INFO - Processing /home/patriciacorreia/Documents/airflowalura/venv/lib/python3.9/site-packages/airflow/example_dags/tutorial_etl_dag.py took 0.103 seconds
[2024-12-18 22:30:40,864] {processor.py:153} INFO - Started process (PID=21060) to work on /home/patriciacorreia/Documents/airflowalura/venv/lib/python3.9/site-packages/airflow/example_dags/tutorial_etl_dag.py
[2024-12-18 22:30:40,868] {processor.py:641} INFO - Processing file /home/patriciacorreia/Documents/airflowalura/venv/lib/python3.9/site-packages/airflow/example_dags/tutorial_etl_dag.py for tasks to queue
[2024-12-18 22:30:40,870] {logging_mixin.py:115} INFO - [2024-12-18 22:30:40,870] {dagbag.py:507} INFO - Filling up the DagBag from /home/patriciacorreia/Documents/airflowalura/venv/lib/python3.9/site-packages/airflow/example_dags/tutorial_etl_dag.py
[2024-12-18 22:30:40,899] {processor.py:651} INFO - DAG(s) dict_keys(['tutorial_etl_dag']) retrieved from /home/patriciacorreia/Documents/airflowalura/venv/lib/python3.9/site-packages/airflow/example_dags/tutorial_etl_dag.py
[2024-12-18 22:30:40,953] {logging_mixin.py:115} INFO - [2024-12-18 22:30:40,952] {dag.py:2379} INFO - Sync 1 DAGs
[2024-12-18 22:30:40,988] {logging_mixin.py:115} INFO - [2024-12-18 22:30:40,988] {dag.py:2927} INFO - Setting next_dagrun for tutorial_etl_dag to None, run_after=None
[2024-12-18 22:30:41,011] {processor.py:161} INFO - Processing /home/patriciacorreia/Documents/airflowalura/venv/lib/python3.9/site-packages/airflow/example_dags/tutorial_etl_dag.py took 0.159 seconds
[2024-12-18 22:31:16,306] {processor.py:153} INFO - Started process (PID=21246) to work on /home/patriciacorreia/Documents/airflowalura/venv/lib/python3.9/site-packages/airflow/example_dags/tutorial_etl_dag.py
[2024-12-18 22:31:16,308] {processor.py:641} INFO - Processing file /home/patriciacorreia/Documents/airflowalura/venv/lib/python3.9/site-packages/airflow/example_dags/tutorial_etl_dag.py for tasks to queue
[2024-12-18 22:31:16,309] {logging_mixin.py:115} INFO - [2024-12-18 22:31:16,309] {dagbag.py:507} INFO - Filling up the DagBag from /home/patriciacorreia/Documents/airflowalura/venv/lib/python3.9/site-packages/airflow/example_dags/tutorial_etl_dag.py
[2024-12-18 22:31:16,323] {processor.py:651} INFO - DAG(s) dict_keys(['tutorial_etl_dag']) retrieved from /home/patriciacorreia/Documents/airflowalura/venv/lib/python3.9/site-packages/airflow/example_dags/tutorial_etl_dag.py
[2024-12-18 22:31:16,345] {logging_mixin.py:115} INFO - [2024-12-18 22:31:16,345] {dag.py:2379} INFO - Sync 1 DAGs
[2024-12-18 22:31:16,370] {logging_mixin.py:115} INFO - [2024-12-18 22:31:16,369] {dag.py:2927} INFO - Setting next_dagrun for tutorial_etl_dag to None, run_after=None
[2024-12-18 22:31:16,387] {processor.py:161} INFO - Processing /home/patriciacorreia/Documents/airflowalura/venv/lib/python3.9/site-packages/airflow/example_dags/tutorial_etl_dag.py took 0.090 seconds
[2024-12-18 22:31:51,329] {processor.py:153} INFO - Started process (PID=21429) to work on /home/patriciacorreia/Documents/airflowalura/venv/lib/python3.9/site-packages/airflow/example_dags/tutorial_etl_dag.py
[2024-12-18 22:31:51,331] {processor.py:641} INFO - Processing file /home/patriciacorreia/Documents/airflowalura/venv/lib/python3.9/site-packages/airflow/example_dags/tutorial_etl_dag.py for tasks to queue
[2024-12-18 22:31:51,332] {logging_mixin.py:115} INFO - [2024-12-18 22:31:51,331] {dagbag.py:507} INFO - Filling up the DagBag from /home/patriciacorreia/Documents/airflowalura/venv/lib/python3.9/site-packages/airflow/example_dags/tutorial_etl_dag.py
[2024-12-18 22:31:51,343] {processor.py:651} INFO - DAG(s) dict_keys(['tutorial_etl_dag']) retrieved from /home/patriciacorreia/Documents/airflowalura/venv/lib/python3.9/site-packages/airflow/example_dags/tutorial_etl_dag.py
[2024-12-18 22:31:51,370] {logging_mixin.py:115} INFO - [2024-12-18 22:31:51,370] {dag.py:2379} INFO - Sync 1 DAGs
[2024-12-18 22:31:51,405] {logging_mixin.py:115} INFO - [2024-12-18 22:31:51,405] {dag.py:2927} INFO - Setting next_dagrun for tutorial_etl_dag to None, run_after=None
[2024-12-18 22:31:51,430] {processor.py:161} INFO - Processing /home/patriciacorreia/Documents/airflowalura/venv/lib/python3.9/site-packages/airflow/example_dags/tutorial_etl_dag.py took 0.106 seconds
[2024-12-18 22:32:29,985] {processor.py:153} INFO - Started process (PID=21614) to work on /home/patriciacorreia/Documents/airflowalura/venv/lib/python3.9/site-packages/airflow/example_dags/tutorial_etl_dag.py
[2024-12-18 22:32:29,987] {processor.py:641} INFO - Processing file /home/patriciacorreia/Documents/airflowalura/venv/lib/python3.9/site-packages/airflow/example_dags/tutorial_etl_dag.py for tasks to queue
[2024-12-18 22:32:29,990] {logging_mixin.py:115} INFO - [2024-12-18 22:32:29,989] {dagbag.py:507} INFO - Filling up the DagBag from /home/patriciacorreia/Documents/airflowalura/venv/lib/python3.9/site-packages/airflow/example_dags/tutorial_etl_dag.py
[2024-12-18 22:32:30,009] {processor.py:651} INFO - DAG(s) dict_keys(['tutorial_etl_dag']) retrieved from /home/patriciacorreia/Documents/airflowalura/venv/lib/python3.9/site-packages/airflow/example_dags/tutorial_etl_dag.py
[2024-12-18 22:32:30,054] {logging_mixin.py:115} INFO - [2024-12-18 22:32:30,054] {dag.py:2379} INFO - Sync 1 DAGs
[2024-12-18 22:32:30,111] {logging_mixin.py:115} INFO - [2024-12-18 22:32:30,110] {dag.py:2927} INFO - Setting next_dagrun for tutorial_etl_dag to None, run_after=None
[2024-12-18 22:32:30,181] {processor.py:161} INFO - Processing /home/patriciacorreia/Documents/airflowalura/venv/lib/python3.9/site-packages/airflow/example_dags/tutorial_etl_dag.py took 0.208 seconds
[2024-12-18 22:33:03,020] {processor.py:153} INFO - Started process (PID=21774) to work on /home/patriciacorreia/Documents/airflowalura/venv/lib/python3.9/site-packages/airflow/example_dags/tutorial_etl_dag.py
[2024-12-18 22:33:03,024] {processor.py:641} INFO - Processing file /home/patriciacorreia/Documents/airflowalura/venv/lib/python3.9/site-packages/airflow/example_dags/tutorial_etl_dag.py for tasks to queue
[2024-12-18 22:33:03,026] {logging_mixin.py:115} INFO - [2024-12-18 22:33:03,026] {dagbag.py:507} INFO - Filling up the DagBag from /home/patriciacorreia/Documents/airflowalura/venv/lib/python3.9/site-packages/airflow/example_dags/tutorial_etl_dag.py
[2024-12-18 22:33:03,088] {processor.py:651} INFO - DAG(s) dict_keys(['tutorial_etl_dag']) retrieved from /home/patriciacorreia/Documents/airflowalura/venv/lib/python3.9/site-packages/airflow/example_dags/tutorial_etl_dag.py
[2024-12-18 22:33:03,137] {logging_mixin.py:115} INFO - [2024-12-18 22:33:03,137] {dag.py:2379} INFO - Sync 1 DAGs
[2024-12-18 22:33:03,179] {logging_mixin.py:115} INFO - [2024-12-18 22:33:03,179] {dag.py:2927} INFO - Setting next_dagrun for tutorial_etl_dag to None, run_after=None
[2024-12-18 22:33:03,206] {processor.py:161} INFO - Processing /home/patriciacorreia/Documents/airflowalura/venv/lib/python3.9/site-packages/airflow/example_dags/tutorial_etl_dag.py took 0.204 seconds
[2024-12-18 22:33:38,529] {processor.py:153} INFO - Started process (PID=21937) to work on /home/patriciacorreia/Documents/airflowalura/venv/lib/python3.9/site-packages/airflow/example_dags/tutorial_etl_dag.py
[2024-12-18 22:33:38,534] {processor.py:641} INFO - Processing file /home/patriciacorreia/Documents/airflowalura/venv/lib/python3.9/site-packages/airflow/example_dags/tutorial_etl_dag.py for tasks to queue
[2024-12-18 22:33:38,538] {logging_mixin.py:115} INFO - [2024-12-18 22:33:38,537] {dagbag.py:507} INFO - Filling up the DagBag from /home/patriciacorreia/Documents/airflowalura/venv/lib/python3.9/site-packages/airflow/example_dags/tutorial_etl_dag.py
[2024-12-18 22:33:38,576] {processor.py:651} INFO - DAG(s) dict_keys(['tutorial_etl_dag']) retrieved from /home/patriciacorreia/Documents/airflowalura/venv/lib/python3.9/site-packages/airflow/example_dags/tutorial_etl_dag.py
[2024-12-18 22:33:38,674] {logging_mixin.py:115} INFO - [2024-12-18 22:33:38,673] {dag.py:2379} INFO - Sync 1 DAGs
[2024-12-18 22:33:38,714] {logging_mixin.py:115} INFO - [2024-12-18 22:33:38,714] {dag.py:2927} INFO - Setting next_dagrun for tutorial_etl_dag to None, run_after=None
[2024-12-18 22:33:38,738] {processor.py:161} INFO - Processing /home/patriciacorreia/Documents/airflowalura/venv/lib/python3.9/site-packages/airflow/example_dags/tutorial_etl_dag.py took 0.225 seconds
[2024-12-18 22:34:15,819] {processor.py:153} INFO - Started process (PID=22098) to work on /home/patriciacorreia/Documents/airflowalura/venv/lib/python3.9/site-packages/airflow/example_dags/tutorial_etl_dag.py
[2024-12-18 22:34:15,823] {processor.py:641} INFO - Processing file /home/patriciacorreia/Documents/airflowalura/venv/lib/python3.9/site-packages/airflow/example_dags/tutorial_etl_dag.py for tasks to queue
[2024-12-18 22:34:15,827] {logging_mixin.py:115} INFO - [2024-12-18 22:34:15,826] {dagbag.py:507} INFO - Filling up the DagBag from /home/patriciacorreia/Documents/airflowalura/venv/lib/python3.9/site-packages/airflow/example_dags/tutorial_etl_dag.py
[2024-12-18 22:34:15,862] {processor.py:651} INFO - DAG(s) dict_keys(['tutorial_etl_dag']) retrieved from /home/patriciacorreia/Documents/airflowalura/venv/lib/python3.9/site-packages/airflow/example_dags/tutorial_etl_dag.py
[2024-12-18 22:34:15,925] {logging_mixin.py:115} INFO - [2024-12-18 22:34:15,925] {dag.py:2379} INFO - Sync 1 DAGs
[2024-12-18 22:34:15,963] {logging_mixin.py:115} INFO - [2024-12-18 22:34:15,963] {dag.py:2927} INFO - Setting next_dagrun for tutorial_etl_dag to None, run_after=None
[2024-12-18 22:34:15,986] {processor.py:161} INFO - Processing /home/patriciacorreia/Documents/airflowalura/venv/lib/python3.9/site-packages/airflow/example_dags/tutorial_etl_dag.py took 0.179 seconds
[2024-12-18 22:34:50,028] {processor.py:153} INFO - Started process (PID=22254) to work on /home/patriciacorreia/Documents/airflowalura/venv/lib/python3.9/site-packages/airflow/example_dags/tutorial_etl_dag.py
[2024-12-18 22:34:50,031] {processor.py:641} INFO - Processing file /home/patriciacorreia/Documents/airflowalura/venv/lib/python3.9/site-packages/airflow/example_dags/tutorial_etl_dag.py for tasks to queue
[2024-12-18 22:34:50,034] {logging_mixin.py:115} INFO - [2024-12-18 22:34:50,033] {dagbag.py:507} INFO - Filling up the DagBag from /home/patriciacorreia/Documents/airflowalura/venv/lib/python3.9/site-packages/airflow/example_dags/tutorial_etl_dag.py
[2024-12-18 22:34:50,064] {processor.py:651} INFO - DAG(s) dict_keys(['tutorial_etl_dag']) retrieved from /home/patriciacorreia/Documents/airflowalura/venv/lib/python3.9/site-packages/airflow/example_dags/tutorial_etl_dag.py
[2024-12-18 22:34:50,131] {logging_mixin.py:115} INFO - [2024-12-18 22:34:50,130] {dag.py:2379} INFO - Sync 1 DAGs
[2024-12-18 22:34:50,204] {logging_mixin.py:115} INFO - [2024-12-18 22:34:50,203] {dag.py:2927} INFO - Setting next_dagrun for tutorial_etl_dag to None, run_after=None
[2024-12-18 22:34:50,228] {processor.py:161} INFO - Processing /home/patriciacorreia/Documents/airflowalura/venv/lib/python3.9/site-packages/airflow/example_dags/tutorial_etl_dag.py took 0.212 seconds
[2024-12-18 22:35:30,479] {processor.py:153} INFO - Started process (PID=22435) to work on /home/patriciacorreia/Documents/airflowalura/venv/lib/python3.9/site-packages/airflow/example_dags/tutorial_etl_dag.py
[2024-12-18 22:35:30,480] {processor.py:641} INFO - Processing file /home/patriciacorreia/Documents/airflowalura/venv/lib/python3.9/site-packages/airflow/example_dags/tutorial_etl_dag.py for tasks to queue
[2024-12-18 22:35:30,481] {logging_mixin.py:115} INFO - [2024-12-18 22:35:30,481] {dagbag.py:507} INFO - Filling up the DagBag from /home/patriciacorreia/Documents/airflowalura/venv/lib/python3.9/site-packages/airflow/example_dags/tutorial_etl_dag.py
[2024-12-18 22:35:30,496] {processor.py:651} INFO - DAG(s) dict_keys(['tutorial_etl_dag']) retrieved from /home/patriciacorreia/Documents/airflowalura/venv/lib/python3.9/site-packages/airflow/example_dags/tutorial_etl_dag.py
[2024-12-18 22:35:30,526] {logging_mixin.py:115} INFO - [2024-12-18 22:35:30,526] {dag.py:2379} INFO - Sync 1 DAGs
[2024-12-18 22:35:30,557] {logging_mixin.py:115} INFO - [2024-12-18 22:35:30,557] {dag.py:2927} INFO - Setting next_dagrun for tutorial_etl_dag to None, run_after=None
[2024-12-18 22:35:30,580] {processor.py:161} INFO - Processing /home/patriciacorreia/Documents/airflowalura/venv/lib/python3.9/site-packages/airflow/example_dags/tutorial_etl_dag.py took 0.109 seconds
[2024-12-18 22:36:08,791] {processor.py:153} INFO - Started process (PID=22612) to work on /home/patriciacorreia/Documents/airflowalura/venv/lib/python3.9/site-packages/airflow/example_dags/tutorial_etl_dag.py
[2024-12-18 22:36:08,795] {processor.py:641} INFO - Processing file /home/patriciacorreia/Documents/airflowalura/venv/lib/python3.9/site-packages/airflow/example_dags/tutorial_etl_dag.py for tasks to queue
[2024-12-18 22:36:08,797] {logging_mixin.py:115} INFO - [2024-12-18 22:36:08,796] {dagbag.py:507} INFO - Filling up the DagBag from /home/patriciacorreia/Documents/airflowalura/venv/lib/python3.9/site-packages/airflow/example_dags/tutorial_etl_dag.py
[2024-12-18 22:36:08,831] {processor.py:651} INFO - DAG(s) dict_keys(['tutorial_etl_dag']) retrieved from /home/patriciacorreia/Documents/airflowalura/venv/lib/python3.9/site-packages/airflow/example_dags/tutorial_etl_dag.py
[2024-12-18 22:36:08,898] {logging_mixin.py:115} INFO - [2024-12-18 22:36:08,898] {dag.py:2379} INFO - Sync 1 DAGs
[2024-12-18 22:36:08,981] {logging_mixin.py:115} INFO - [2024-12-18 22:36:08,981] {dag.py:2927} INFO - Setting next_dagrun for tutorial_etl_dag to None, run_after=None
[2024-12-18 22:36:09,026] {processor.py:161} INFO - Processing /home/patriciacorreia/Documents/airflowalura/venv/lib/python3.9/site-packages/airflow/example_dags/tutorial_etl_dag.py took 0.249 seconds
[2024-12-18 22:36:45,294] {processor.py:153} INFO - Started process (PID=22773) to work on /home/patriciacorreia/Documents/airflowalura/venv/lib/python3.9/site-packages/airflow/example_dags/tutorial_etl_dag.py
[2024-12-18 22:36:45,297] {processor.py:641} INFO - Processing file /home/patriciacorreia/Documents/airflowalura/venv/lib/python3.9/site-packages/airflow/example_dags/tutorial_etl_dag.py for tasks to queue
[2024-12-18 22:36:45,299] {logging_mixin.py:115} INFO - [2024-12-18 22:36:45,298] {dagbag.py:507} INFO - Filling up the DagBag from /home/patriciacorreia/Documents/airflowalura/venv/lib/python3.9/site-packages/airflow/example_dags/tutorial_etl_dag.py
[2024-12-18 22:36:45,320] {processor.py:651} INFO - DAG(s) dict_keys(['tutorial_etl_dag']) retrieved from /home/patriciacorreia/Documents/airflowalura/venv/lib/python3.9/site-packages/airflow/example_dags/tutorial_etl_dag.py
[2024-12-18 22:36:45,358] {logging_mixin.py:115} INFO - [2024-12-18 22:36:45,357] {dag.py:2379} INFO - Sync 1 DAGs
[2024-12-18 22:36:45,395] {logging_mixin.py:115} INFO - [2024-12-18 22:36:45,395] {dag.py:2927} INFO - Setting next_dagrun for tutorial_etl_dag to None, run_after=None
[2024-12-18 22:36:45,420] {processor.py:161} INFO - Processing /home/patriciacorreia/Documents/airflowalura/venv/lib/python3.9/site-packages/airflow/example_dags/tutorial_etl_dag.py took 0.141 seconds
[2024-12-18 22:37:29,531] {processor.py:153} INFO - Started process (PID=22966) to work on /home/patriciacorreia/Documents/airflowalura/venv/lib/python3.9/site-packages/airflow/example_dags/tutorial_etl_dag.py
[2024-12-18 22:37:29,535] {processor.py:641} INFO - Processing file /home/patriciacorreia/Documents/airflowalura/venv/lib/python3.9/site-packages/airflow/example_dags/tutorial_etl_dag.py for tasks to queue
[2024-12-18 22:37:29,538] {logging_mixin.py:115} INFO - [2024-12-18 22:37:29,538] {dagbag.py:507} INFO - Filling up the DagBag from /home/patriciacorreia/Documents/airflowalura/venv/lib/python3.9/site-packages/airflow/example_dags/tutorial_etl_dag.py
[2024-12-18 22:37:29,573] {processor.py:651} INFO - DAG(s) dict_keys(['tutorial_etl_dag']) retrieved from /home/patriciacorreia/Documents/airflowalura/venv/lib/python3.9/site-packages/airflow/example_dags/tutorial_etl_dag.py
[2024-12-18 22:37:29,648] {logging_mixin.py:115} INFO - [2024-12-18 22:37:29,647] {dag.py:2379} INFO - Sync 1 DAGs
[2024-12-18 22:37:29,701] {logging_mixin.py:115} INFO - [2024-12-18 22:37:29,701] {dag.py:2927} INFO - Setting next_dagrun for tutorial_etl_dag to None, run_after=None
[2024-12-18 22:37:29,731] {processor.py:161} INFO - Processing /home/patriciacorreia/Documents/airflowalura/venv/lib/python3.9/site-packages/airflow/example_dags/tutorial_etl_dag.py took 0.216 seconds
[2024-12-18 22:38:12,317] {processor.py:153} INFO - Started process (PID=23158) to work on /home/patriciacorreia/Documents/airflowalura/venv/lib/python3.9/site-packages/airflow/example_dags/tutorial_etl_dag.py
[2024-12-18 22:38:12,320] {processor.py:641} INFO - Processing file /home/patriciacorreia/Documents/airflowalura/venv/lib/python3.9/site-packages/airflow/example_dags/tutorial_etl_dag.py for tasks to queue
[2024-12-18 22:38:12,323] {logging_mixin.py:115} INFO - [2024-12-18 22:38:12,322] {dagbag.py:507} INFO - Filling up the DagBag from /home/patriciacorreia/Documents/airflowalura/venv/lib/python3.9/site-packages/airflow/example_dags/tutorial_etl_dag.py
[2024-12-18 22:38:12,355] {processor.py:651} INFO - DAG(s) dict_keys(['tutorial_etl_dag']) retrieved from /home/patriciacorreia/Documents/airflowalura/venv/lib/python3.9/site-packages/airflow/example_dags/tutorial_etl_dag.py
[2024-12-18 22:38:12,400] {logging_mixin.py:115} INFO - [2024-12-18 22:38:12,400] {dag.py:2379} INFO - Sync 1 DAGs
[2024-12-18 22:38:12,431] {logging_mixin.py:115} INFO - [2024-12-18 22:38:12,431] {dag.py:2927} INFO - Setting next_dagrun for tutorial_etl_dag to None, run_after=None
[2024-12-18 22:38:12,449] {processor.py:161} INFO - Processing /home/patriciacorreia/Documents/airflowalura/venv/lib/python3.9/site-packages/airflow/example_dags/tutorial_etl_dag.py took 0.152 seconds
[2024-12-18 22:38:51,765] {processor.py:153} INFO - Started process (PID=23339) to work on /home/patriciacorreia/Documents/airflowalura/venv/lib/python3.9/site-packages/airflow/example_dags/tutorial_etl_dag.py
[2024-12-18 22:38:51,769] {processor.py:641} INFO - Processing file /home/patriciacorreia/Documents/airflowalura/venv/lib/python3.9/site-packages/airflow/example_dags/tutorial_etl_dag.py for tasks to queue
[2024-12-18 22:38:51,772] {logging_mixin.py:115} INFO - [2024-12-18 22:38:51,771] {dagbag.py:507} INFO - Filling up the DagBag from /home/patriciacorreia/Documents/airflowalura/venv/lib/python3.9/site-packages/airflow/example_dags/tutorial_etl_dag.py
[2024-12-18 22:38:51,808] {processor.py:651} INFO - DAG(s) dict_keys(['tutorial_etl_dag']) retrieved from /home/patriciacorreia/Documents/airflowalura/venv/lib/python3.9/site-packages/airflow/example_dags/tutorial_etl_dag.py
[2024-12-18 22:38:51,889] {logging_mixin.py:115} INFO - [2024-12-18 22:38:51,888] {dag.py:2379} INFO - Sync 1 DAGs
[2024-12-18 22:38:51,979] {logging_mixin.py:115} INFO - [2024-12-18 22:38:51,979] {dag.py:2927} INFO - Setting next_dagrun for tutorial_etl_dag to None, run_after=None
[2024-12-18 22:38:52,007] {processor.py:161} INFO - Processing /home/patriciacorreia/Documents/airflowalura/venv/lib/python3.9/site-packages/airflow/example_dags/tutorial_etl_dag.py took 0.257 seconds
[2024-12-18 22:39:27,780] {processor.py:153} INFO - Started process (PID=23513) to work on /home/patriciacorreia/Documents/airflowalura/venv/lib/python3.9/site-packages/airflow/example_dags/tutorial_etl_dag.py
[2024-12-18 22:39:27,785] {processor.py:641} INFO - Processing file /home/patriciacorreia/Documents/airflowalura/venv/lib/python3.9/site-packages/airflow/example_dags/tutorial_etl_dag.py for tasks to queue
[2024-12-18 22:39:27,787] {logging_mixin.py:115} INFO - [2024-12-18 22:39:27,787] {dagbag.py:507} INFO - Filling up the DagBag from /home/patriciacorreia/Documents/airflowalura/venv/lib/python3.9/site-packages/airflow/example_dags/tutorial_etl_dag.py
[2024-12-18 22:39:27,829] {processor.py:651} INFO - DAG(s) dict_keys(['tutorial_etl_dag']) retrieved from /home/patriciacorreia/Documents/airflowalura/venv/lib/python3.9/site-packages/airflow/example_dags/tutorial_etl_dag.py
[2024-12-18 22:39:27,907] {logging_mixin.py:115} INFO - [2024-12-18 22:39:27,907] {dag.py:2379} INFO - Sync 1 DAGs
[2024-12-18 22:39:28,003] {logging_mixin.py:115} INFO - [2024-12-18 22:39:28,003] {dag.py:2927} INFO - Setting next_dagrun for tutorial_etl_dag to None, run_after=None
[2024-12-18 22:39:28,063] {processor.py:161} INFO - Processing /home/patriciacorreia/Documents/airflowalura/venv/lib/python3.9/site-packages/airflow/example_dags/tutorial_etl_dag.py took 0.301 seconds
[2024-12-18 22:40:03,369] {processor.py:153} INFO - Started process (PID=23682) to work on /home/patriciacorreia/Documents/airflowalura/venv/lib/python3.9/site-packages/airflow/example_dags/tutorial_etl_dag.py
[2024-12-18 22:40:03,373] {processor.py:641} INFO - Processing file /home/patriciacorreia/Documents/airflowalura/venv/lib/python3.9/site-packages/airflow/example_dags/tutorial_etl_dag.py for tasks to queue
[2024-12-18 22:40:03,374] {logging_mixin.py:115} INFO - [2024-12-18 22:40:03,373] {dagbag.py:507} INFO - Filling up the DagBag from /home/patriciacorreia/Documents/airflowalura/venv/lib/python3.9/site-packages/airflow/example_dags/tutorial_etl_dag.py
[2024-12-18 22:40:03,439] {processor.py:651} INFO - DAG(s) dict_keys(['tutorial_etl_dag']) retrieved from /home/patriciacorreia/Documents/airflowalura/venv/lib/python3.9/site-packages/airflow/example_dags/tutorial_etl_dag.py
[2024-12-18 22:40:03,516] {logging_mixin.py:115} INFO - [2024-12-18 22:40:03,516] {dag.py:2379} INFO - Sync 1 DAGs
[2024-12-18 22:40:03,571] {logging_mixin.py:115} INFO - [2024-12-18 22:40:03,571] {dag.py:2927} INFO - Setting next_dagrun for tutorial_etl_dag to None, run_after=None
[2024-12-18 22:40:03,595] {processor.py:161} INFO - Processing /home/patriciacorreia/Documents/airflowalura/venv/lib/python3.9/site-packages/airflow/example_dags/tutorial_etl_dag.py took 0.236 seconds
[2024-12-18 22:40:42,803] {processor.py:153} INFO - Started process (PID=23923) to work on /home/patriciacorreia/Documents/airflowalura/venv/lib/python3.9/site-packages/airflow/example_dags/tutorial_etl_dag.py
[2024-12-18 22:40:42,807] {processor.py:641} INFO - Processing file /home/patriciacorreia/Documents/airflowalura/venv/lib/python3.9/site-packages/airflow/example_dags/tutorial_etl_dag.py for tasks to queue
[2024-12-18 22:40:42,810] {logging_mixin.py:115} INFO - [2024-12-18 22:40:42,809] {dagbag.py:507} INFO - Filling up the DagBag from /home/patriciacorreia/Documents/airflowalura/venv/lib/python3.9/site-packages/airflow/example_dags/tutorial_etl_dag.py
[2024-12-18 22:40:42,847] {processor.py:651} INFO - DAG(s) dict_keys(['tutorial_etl_dag']) retrieved from /home/patriciacorreia/Documents/airflowalura/venv/lib/python3.9/site-packages/airflow/example_dags/tutorial_etl_dag.py
[2024-12-18 22:40:42,913] {logging_mixin.py:115} INFO - [2024-12-18 22:40:42,912] {dag.py:2379} INFO - Sync 1 DAGs
[2024-12-18 22:40:42,982] {logging_mixin.py:115} INFO - [2024-12-18 22:40:42,982] {dag.py:2927} INFO - Setting next_dagrun for tutorial_etl_dag to None, run_after=None
[2024-12-18 22:40:43,012] {processor.py:161} INFO - Processing /home/patriciacorreia/Documents/airflowalura/venv/lib/python3.9/site-packages/airflow/example_dags/tutorial_etl_dag.py took 0.223 seconds
