[2024-12-18 22:05:20,896] {processor.py:153} INFO - Started process (PID=13798) to work on /home/patriciacorreia/Documents/airflowalura/venv/lib/python3.9/site-packages/airflow/example_dags/tutorial_taskflow_api_etl_virtualenv.py
[2024-12-18 22:05:20,897] {processor.py:641} INFO - Processing file /home/patriciacorreia/Documents/airflowalura/venv/lib/python3.9/site-packages/airflow/example_dags/tutorial_taskflow_api_etl_virtualenv.py for tasks to queue
[2024-12-18 22:05:20,897] {logging_mixin.py:115} INFO - [2024-12-18 22:05:20,897] {dagbag.py:507} INFO - Filling up the DagBag from /home/patriciacorreia/Documents/airflowalura/venv/lib/python3.9/site-packages/airflow/example_dags/tutorial_taskflow_api_etl_virtualenv.py
[2024-12-18 22:05:20,916] {logging_mixin.py:115} INFO - [2024-12-18 22:05:20,916] {tutorial_taskflow_api_etl_virtualenv.py:29} WARNING - The tutorial_taskflow_api_etl_virtualenv example DAG requires virtualenv, please install it.
[2024-12-18 22:05:20,916] {processor.py:653} WARNING - No viable dags retrieved from /home/patriciacorreia/Documents/airflowalura/venv/lib/python3.9/site-packages/airflow/example_dags/tutorial_taskflow_api_etl_virtualenv.py
[2024-12-18 22:05:20,930] {processor.py:161} INFO - Processing /home/patriciacorreia/Documents/airflowalura/venv/lib/python3.9/site-packages/airflow/example_dags/tutorial_taskflow_api_etl_virtualenv.py took 0.038 seconds
[2024-12-18 22:05:58,602] {processor.py:153} INFO - Started process (PID=13924) to work on /home/patriciacorreia/Documents/airflowalura/venv/lib/python3.9/site-packages/airflow/example_dags/tutorial_taskflow_api_etl_virtualenv.py
[2024-12-18 22:05:58,603] {processor.py:641} INFO - Processing file /home/patriciacorreia/Documents/airflowalura/venv/lib/python3.9/site-packages/airflow/example_dags/tutorial_taskflow_api_etl_virtualenv.py for tasks to queue
[2024-12-18 22:05:58,604] {logging_mixin.py:115} INFO - [2024-12-18 22:05:58,603] {dagbag.py:507} INFO - Filling up the DagBag from /home/patriciacorreia/Documents/airflowalura/venv/lib/python3.9/site-packages/airflow/example_dags/tutorial_taskflow_api_etl_virtualenv.py
[2024-12-18 22:05:58,621] {logging_mixin.py:115} INFO - [2024-12-18 22:05:58,621] {tutorial_taskflow_api_etl_virtualenv.py:29} WARNING - The tutorial_taskflow_api_etl_virtualenv example DAG requires virtualenv, please install it.
[2024-12-18 22:05:58,621] {processor.py:653} WARNING - No viable dags retrieved from /home/patriciacorreia/Documents/airflowalura/venv/lib/python3.9/site-packages/airflow/example_dags/tutorial_taskflow_api_etl_virtualenv.py
[2024-12-18 22:05:58,635] {processor.py:161} INFO - Processing /home/patriciacorreia/Documents/airflowalura/venv/lib/python3.9/site-packages/airflow/example_dags/tutorial_taskflow_api_etl_virtualenv.py took 0.037 seconds
[2024-12-18 22:06:33,530] {processor.py:153} INFO - Started process (PID=14046) to work on /home/patriciacorreia/Documents/airflowalura/venv/lib/python3.9/site-packages/airflow/example_dags/tutorial_taskflow_api_etl_virtualenv.py
[2024-12-18 22:06:33,531] {processor.py:641} INFO - Processing file /home/patriciacorreia/Documents/airflowalura/venv/lib/python3.9/site-packages/airflow/example_dags/tutorial_taskflow_api_etl_virtualenv.py for tasks to queue
[2024-12-18 22:06:33,532] {logging_mixin.py:115} INFO - [2024-12-18 22:06:33,532] {dagbag.py:507} INFO - Filling up the DagBag from /home/patriciacorreia/Documents/airflowalura/venv/lib/python3.9/site-packages/airflow/example_dags/tutorial_taskflow_api_etl_virtualenv.py
[2024-12-18 22:06:33,553] {logging_mixin.py:115} INFO - [2024-12-18 22:06:33,553] {tutorial_taskflow_api_etl_virtualenv.py:29} WARNING - The tutorial_taskflow_api_etl_virtualenv example DAG requires virtualenv, please install it.
[2024-12-18 22:06:33,553] {processor.py:653} WARNING - No viable dags retrieved from /home/patriciacorreia/Documents/airflowalura/venv/lib/python3.9/site-packages/airflow/example_dags/tutorial_taskflow_api_etl_virtualenv.py
[2024-12-18 22:06:33,569] {processor.py:161} INFO - Processing /home/patriciacorreia/Documents/airflowalura/venv/lib/python3.9/site-packages/airflow/example_dags/tutorial_taskflow_api_etl_virtualenv.py took 0.045 seconds
[2024-12-18 22:07:10,865] {processor.py:153} INFO - Started process (PID=14161) to work on /home/patriciacorreia/Documents/airflowalura/venv/lib/python3.9/site-packages/airflow/example_dags/tutorial_taskflow_api_etl_virtualenv.py
[2024-12-18 22:07:10,867] {processor.py:641} INFO - Processing file /home/patriciacorreia/Documents/airflowalura/venv/lib/python3.9/site-packages/airflow/example_dags/tutorial_taskflow_api_etl_virtualenv.py for tasks to queue
[2024-12-18 22:07:10,868] {logging_mixin.py:115} INFO - [2024-12-18 22:07:10,867] {dagbag.py:507} INFO - Filling up the DagBag from /home/patriciacorreia/Documents/airflowalura/venv/lib/python3.9/site-packages/airflow/example_dags/tutorial_taskflow_api_etl_virtualenv.py
[2024-12-18 22:07:10,900] {logging_mixin.py:115} INFO - [2024-12-18 22:07:10,900] {tutorial_taskflow_api_etl_virtualenv.py:29} WARNING - The tutorial_taskflow_api_etl_virtualenv example DAG requires virtualenv, please install it.
[2024-12-18 22:07:10,901] {processor.py:653} WARNING - No viable dags retrieved from /home/patriciacorreia/Documents/airflowalura/venv/lib/python3.9/site-packages/airflow/example_dags/tutorial_taskflow_api_etl_virtualenv.py
[2024-12-18 22:07:10,924] {processor.py:161} INFO - Processing /home/patriciacorreia/Documents/airflowalura/venv/lib/python3.9/site-packages/airflow/example_dags/tutorial_taskflow_api_etl_virtualenv.py took 0.063 seconds
[2024-12-18 22:07:45,845] {processor.py:153} INFO - Started process (PID=14220) to work on /home/patriciacorreia/Documents/airflowalura/venv/lib/python3.9/site-packages/airflow/example_dags/tutorial_taskflow_api_etl_virtualenv.py
[2024-12-18 22:07:45,847] {processor.py:641} INFO - Processing file /home/patriciacorreia/Documents/airflowalura/venv/lib/python3.9/site-packages/airflow/example_dags/tutorial_taskflow_api_etl_virtualenv.py for tasks to queue
[2024-12-18 22:07:45,848] {logging_mixin.py:115} INFO - [2024-12-18 22:07:45,848] {dagbag.py:507} INFO - Filling up the DagBag from /home/patriciacorreia/Documents/airflowalura/venv/lib/python3.9/site-packages/airflow/example_dags/tutorial_taskflow_api_etl_virtualenv.py
[2024-12-18 22:07:45,892] {logging_mixin.py:115} INFO - [2024-12-18 22:07:45,892] {tutorial_taskflow_api_etl_virtualenv.py:29} WARNING - The tutorial_taskflow_api_etl_virtualenv example DAG requires virtualenv, please install it.
[2024-12-18 22:07:45,892] {processor.py:653} WARNING - No viable dags retrieved from /home/patriciacorreia/Documents/airflowalura/venv/lib/python3.9/site-packages/airflow/example_dags/tutorial_taskflow_api_etl_virtualenv.py
[2024-12-18 22:07:45,923] {processor.py:161} INFO - Processing /home/patriciacorreia/Documents/airflowalura/venv/lib/python3.9/site-packages/airflow/example_dags/tutorial_taskflow_api_etl_virtualenv.py took 0.086 seconds
[2024-12-18 22:08:24,162] {processor.py:153} INFO - Started process (PID=14331) to work on /home/patriciacorreia/Documents/airflowalura/venv/lib/python3.9/site-packages/airflow/example_dags/tutorial_taskflow_api_etl_virtualenv.py
[2024-12-18 22:08:24,163] {processor.py:641} INFO - Processing file /home/patriciacorreia/Documents/airflowalura/venv/lib/python3.9/site-packages/airflow/example_dags/tutorial_taskflow_api_etl_virtualenv.py for tasks to queue
[2024-12-18 22:08:24,165] {logging_mixin.py:115} INFO - [2024-12-18 22:08:24,164] {dagbag.py:507} INFO - Filling up the DagBag from /home/patriciacorreia/Documents/airflowalura/venv/lib/python3.9/site-packages/airflow/example_dags/tutorial_taskflow_api_etl_virtualenv.py
[2024-12-18 22:08:24,190] {logging_mixin.py:115} INFO - [2024-12-18 22:08:24,190] {tutorial_taskflow_api_etl_virtualenv.py:29} WARNING - The tutorial_taskflow_api_etl_virtualenv example DAG requires virtualenv, please install it.
[2024-12-18 22:08:24,190] {processor.py:653} WARNING - No viable dags retrieved from /home/patriciacorreia/Documents/airflowalura/venv/lib/python3.9/site-packages/airflow/example_dags/tutorial_taskflow_api_etl_virtualenv.py
[2024-12-18 22:08:24,208] {processor.py:161} INFO - Processing /home/patriciacorreia/Documents/airflowalura/venv/lib/python3.9/site-packages/airflow/example_dags/tutorial_taskflow_api_etl_virtualenv.py took 0.051 seconds
[2024-12-18 22:09:01,010] {processor.py:153} INFO - Started process (PID=14482) to work on /home/patriciacorreia/Documents/airflowalura/venv/lib/python3.9/site-packages/airflow/example_dags/tutorial_taskflow_api_etl_virtualenv.py
[2024-12-18 22:09:01,012] {processor.py:641} INFO - Processing file /home/patriciacorreia/Documents/airflowalura/venv/lib/python3.9/site-packages/airflow/example_dags/tutorial_taskflow_api_etl_virtualenv.py for tasks to queue
[2024-12-18 22:09:01,013] {logging_mixin.py:115} INFO - [2024-12-18 22:09:01,013] {dagbag.py:507} INFO - Filling up the DagBag from /home/patriciacorreia/Documents/airflowalura/venv/lib/python3.9/site-packages/airflow/example_dags/tutorial_taskflow_api_etl_virtualenv.py
[2024-12-18 22:09:01,041] {logging_mixin.py:115} INFO - [2024-12-18 22:09:01,041] {tutorial_taskflow_api_etl_virtualenv.py:29} WARNING - The tutorial_taskflow_api_etl_virtualenv example DAG requires virtualenv, please install it.
[2024-12-18 22:09:01,041] {processor.py:653} WARNING - No viable dags retrieved from /home/patriciacorreia/Documents/airflowalura/venv/lib/python3.9/site-packages/airflow/example_dags/tutorial_taskflow_api_etl_virtualenv.py
[2024-12-18 22:09:01,063] {processor.py:161} INFO - Processing /home/patriciacorreia/Documents/airflowalura/venv/lib/python3.9/site-packages/airflow/example_dags/tutorial_taskflow_api_etl_virtualenv.py took 0.060 seconds
[2024-12-18 22:09:34,141] {processor.py:153} INFO - Started process (PID=14610) to work on /home/patriciacorreia/Documents/airflowalura/venv/lib/python3.9/site-packages/airflow/example_dags/tutorial_taskflow_api_etl_virtualenv.py
[2024-12-18 22:09:34,142] {processor.py:641} INFO - Processing file /home/patriciacorreia/Documents/airflowalura/venv/lib/python3.9/site-packages/airflow/example_dags/tutorial_taskflow_api_etl_virtualenv.py for tasks to queue
[2024-12-18 22:09:34,143] {logging_mixin.py:115} INFO - [2024-12-18 22:09:34,143] {dagbag.py:507} INFO - Filling up the DagBag from /home/patriciacorreia/Documents/airflowalura/venv/lib/python3.9/site-packages/airflow/example_dags/tutorial_taskflow_api_etl_virtualenv.py
[2024-12-18 22:09:34,172] {logging_mixin.py:115} INFO - [2024-12-18 22:09:34,171] {tutorial_taskflow_api_etl_virtualenv.py:29} WARNING - The tutorial_taskflow_api_etl_virtualenv example DAG requires virtualenv, please install it.
[2024-12-18 22:09:34,172] {processor.py:653} WARNING - No viable dags retrieved from /home/patriciacorreia/Documents/airflowalura/venv/lib/python3.9/site-packages/airflow/example_dags/tutorial_taskflow_api_etl_virtualenv.py
[2024-12-18 22:09:34,194] {processor.py:161} INFO - Processing /home/patriciacorreia/Documents/airflowalura/venv/lib/python3.9/site-packages/airflow/example_dags/tutorial_taskflow_api_etl_virtualenv.py took 0.060 seconds
[2024-12-18 22:10:12,100] {processor.py:153} INFO - Started process (PID=14840) to work on /home/patriciacorreia/Documents/airflowalura/venv/lib/python3.9/site-packages/airflow/example_dags/tutorial_taskflow_api_etl_virtualenv.py
[2024-12-18 22:10:12,103] {processor.py:641} INFO - Processing file /home/patriciacorreia/Documents/airflowalura/venv/lib/python3.9/site-packages/airflow/example_dags/tutorial_taskflow_api_etl_virtualenv.py for tasks to queue
[2024-12-18 22:10:12,104] {logging_mixin.py:115} INFO - [2024-12-18 22:10:12,104] {dagbag.py:507} INFO - Filling up the DagBag from /home/patriciacorreia/Documents/airflowalura/venv/lib/python3.9/site-packages/airflow/example_dags/tutorial_taskflow_api_etl_virtualenv.py
[2024-12-18 22:10:12,135] {logging_mixin.py:115} INFO - [2024-12-18 22:10:12,135] {tutorial_taskflow_api_etl_virtualenv.py:29} WARNING - The tutorial_taskflow_api_etl_virtualenv example DAG requires virtualenv, please install it.
[2024-12-18 22:10:12,135] {processor.py:653} WARNING - No viable dags retrieved from /home/patriciacorreia/Documents/airflowalura/venv/lib/python3.9/site-packages/airflow/example_dags/tutorial_taskflow_api_etl_virtualenv.py
[2024-12-18 22:10:12,158] {processor.py:161} INFO - Processing /home/patriciacorreia/Documents/airflowalura/venv/lib/python3.9/site-packages/airflow/example_dags/tutorial_taskflow_api_etl_virtualenv.py took 0.065 seconds
[2024-12-18 22:10:43,963] {processor.py:153} INFO - Started process (PID=15195) to work on /home/patriciacorreia/Documents/airflowalura/venv/lib/python3.9/site-packages/airflow/example_dags/tutorial_taskflow_api_etl_virtualenv.py
[2024-12-18 22:10:43,965] {processor.py:641} INFO - Processing file /home/patriciacorreia/Documents/airflowalura/venv/lib/python3.9/site-packages/airflow/example_dags/tutorial_taskflow_api_etl_virtualenv.py for tasks to queue
[2024-12-18 22:10:43,966] {logging_mixin.py:115} INFO - [2024-12-18 22:10:43,966] {dagbag.py:507} INFO - Filling up the DagBag from /home/patriciacorreia/Documents/airflowalura/venv/lib/python3.9/site-packages/airflow/example_dags/tutorial_taskflow_api_etl_virtualenv.py
[2024-12-18 22:10:44,006] {logging_mixin.py:115} INFO - [2024-12-18 22:10:44,006] {tutorial_taskflow_api_etl_virtualenv.py:29} WARNING - The tutorial_taskflow_api_etl_virtualenv example DAG requires virtualenv, please install it.
[2024-12-18 22:10:44,007] {processor.py:653} WARNING - No viable dags retrieved from /home/patriciacorreia/Documents/airflowalura/venv/lib/python3.9/site-packages/airflow/example_dags/tutorial_taskflow_api_etl_virtualenv.py
[2024-12-18 22:10:44,043] {processor.py:161} INFO - Processing /home/patriciacorreia/Documents/airflowalura/venv/lib/python3.9/site-packages/airflow/example_dags/tutorial_taskflow_api_etl_virtualenv.py took 0.090 seconds
[2024-12-18 22:11:25,512] {processor.py:153} INFO - Started process (PID=15489) to work on /home/patriciacorreia/Documents/airflowalura/venv/lib/python3.9/site-packages/airflow/example_dags/tutorial_taskflow_api_etl_virtualenv.py
[2024-12-18 22:11:25,515] {processor.py:641} INFO - Processing file /home/patriciacorreia/Documents/airflowalura/venv/lib/python3.9/site-packages/airflow/example_dags/tutorial_taskflow_api_etl_virtualenv.py for tasks to queue
[2024-12-18 22:11:25,517] {logging_mixin.py:115} INFO - [2024-12-18 22:11:25,517] {dagbag.py:507} INFO - Filling up the DagBag from /home/patriciacorreia/Documents/airflowalura/venv/lib/python3.9/site-packages/airflow/example_dags/tutorial_taskflow_api_etl_virtualenv.py
[2024-12-18 22:11:25,574] {logging_mixin.py:115} INFO - [2024-12-18 22:11:25,574] {tutorial_taskflow_api_etl_virtualenv.py:29} WARNING - The tutorial_taskflow_api_etl_virtualenv example DAG requires virtualenv, please install it.
[2024-12-18 22:11:25,575] {processor.py:653} WARNING - No viable dags retrieved from /home/patriciacorreia/Documents/airflowalura/venv/lib/python3.9/site-packages/airflow/example_dags/tutorial_taskflow_api_etl_virtualenv.py
[2024-12-18 22:11:25,612] {processor.py:161} INFO - Processing /home/patriciacorreia/Documents/airflowalura/venv/lib/python3.9/site-packages/airflow/example_dags/tutorial_taskflow_api_etl_virtualenv.py took 0.110 seconds
[2024-12-18 22:11:59,396] {processor.py:153} INFO - Started process (PID=15641) to work on /home/patriciacorreia/Documents/airflowalura/venv/lib/python3.9/site-packages/airflow/example_dags/tutorial_taskflow_api_etl_virtualenv.py
[2024-12-18 22:11:59,399] {processor.py:641} INFO - Processing file /home/patriciacorreia/Documents/airflowalura/venv/lib/python3.9/site-packages/airflow/example_dags/tutorial_taskflow_api_etl_virtualenv.py for tasks to queue
[2024-12-18 22:11:59,401] {logging_mixin.py:115} INFO - [2024-12-18 22:11:59,400] {dagbag.py:507} INFO - Filling up the DagBag from /home/patriciacorreia/Documents/airflowalura/venv/lib/python3.9/site-packages/airflow/example_dags/tutorial_taskflow_api_etl_virtualenv.py
[2024-12-18 22:11:59,443] {logging_mixin.py:115} INFO - [2024-12-18 22:11:59,443] {tutorial_taskflow_api_etl_virtualenv.py:29} WARNING - The tutorial_taskflow_api_etl_virtualenv example DAG requires virtualenv, please install it.
[2024-12-18 22:11:59,444] {processor.py:653} WARNING - No viable dags retrieved from /home/patriciacorreia/Documents/airflowalura/venv/lib/python3.9/site-packages/airflow/example_dags/tutorial_taskflow_api_etl_virtualenv.py
[2024-12-18 22:11:59,458] {processor.py:161} INFO - Processing /home/patriciacorreia/Documents/airflowalura/venv/lib/python3.9/site-packages/airflow/example_dags/tutorial_taskflow_api_etl_virtualenv.py took 0.075 seconds
[2024-12-18 22:12:39,919] {processor.py:153} INFO - Started process (PID=15824) to work on /home/patriciacorreia/Documents/airflowalura/venv/lib/python3.9/site-packages/airflow/example_dags/tutorial_taskflow_api_etl_virtualenv.py
[2024-12-18 22:12:39,921] {processor.py:641} INFO - Processing file /home/patriciacorreia/Documents/airflowalura/venv/lib/python3.9/site-packages/airflow/example_dags/tutorial_taskflow_api_etl_virtualenv.py for tasks to queue
[2024-12-18 22:12:39,922] {logging_mixin.py:115} INFO - [2024-12-18 22:12:39,922] {dagbag.py:507} INFO - Filling up the DagBag from /home/patriciacorreia/Documents/airflowalura/venv/lib/python3.9/site-packages/airflow/example_dags/tutorial_taskflow_api_etl_virtualenv.py
[2024-12-18 22:12:39,952] {logging_mixin.py:115} INFO - [2024-12-18 22:12:39,952] {tutorial_taskflow_api_etl_virtualenv.py:29} WARNING - The tutorial_taskflow_api_etl_virtualenv example DAG requires virtualenv, please install it.
[2024-12-18 22:12:39,953] {processor.py:653} WARNING - No viable dags retrieved from /home/patriciacorreia/Documents/airflowalura/venv/lib/python3.9/site-packages/airflow/example_dags/tutorial_taskflow_api_etl_virtualenv.py
[2024-12-18 22:12:39,969] {processor.py:161} INFO - Processing /home/patriciacorreia/Documents/airflowalura/venv/lib/python3.9/site-packages/airflow/example_dags/tutorial_taskflow_api_etl_virtualenv.py took 0.058 seconds
[2024-12-18 22:13:14,633] {processor.py:153} INFO - Started process (PID=15974) to work on /home/patriciacorreia/Documents/airflowalura/venv/lib/python3.9/site-packages/airflow/example_dags/tutorial_taskflow_api_etl_virtualenv.py
[2024-12-18 22:13:14,635] {processor.py:641} INFO - Processing file /home/patriciacorreia/Documents/airflowalura/venv/lib/python3.9/site-packages/airflow/example_dags/tutorial_taskflow_api_etl_virtualenv.py for tasks to queue
[2024-12-18 22:13:14,636] {logging_mixin.py:115} INFO - [2024-12-18 22:13:14,635] {dagbag.py:507} INFO - Filling up the DagBag from /home/patriciacorreia/Documents/airflowalura/venv/lib/python3.9/site-packages/airflow/example_dags/tutorial_taskflow_api_etl_virtualenv.py
[2024-12-18 22:13:14,666] {logging_mixin.py:115} INFO - [2024-12-18 22:13:14,666] {tutorial_taskflow_api_etl_virtualenv.py:29} WARNING - The tutorial_taskflow_api_etl_virtualenv example DAG requires virtualenv, please install it.
[2024-12-18 22:13:14,666] {processor.py:653} WARNING - No viable dags retrieved from /home/patriciacorreia/Documents/airflowalura/venv/lib/python3.9/site-packages/airflow/example_dags/tutorial_taskflow_api_etl_virtualenv.py
[2024-12-18 22:13:14,687] {processor.py:161} INFO - Processing /home/patriciacorreia/Documents/airflowalura/venv/lib/python3.9/site-packages/airflow/example_dags/tutorial_taskflow_api_etl_virtualenv.py took 0.060 seconds
[2024-12-18 22:13:50,231] {processor.py:153} INFO - Started process (PID=16139) to work on /home/patriciacorreia/Documents/airflowalura/venv/lib/python3.9/site-packages/airflow/example_dags/tutorial_taskflow_api_etl_virtualenv.py
[2024-12-18 22:13:50,233] {processor.py:641} INFO - Processing file /home/patriciacorreia/Documents/airflowalura/venv/lib/python3.9/site-packages/airflow/example_dags/tutorial_taskflow_api_etl_virtualenv.py for tasks to queue
[2024-12-18 22:13:50,234] {logging_mixin.py:115} INFO - [2024-12-18 22:13:50,234] {dagbag.py:507} INFO - Filling up the DagBag from /home/patriciacorreia/Documents/airflowalura/venv/lib/python3.9/site-packages/airflow/example_dags/tutorial_taskflow_api_etl_virtualenv.py
[2024-12-18 22:13:50,252] {logging_mixin.py:115} INFO - [2024-12-18 22:13:50,252] {tutorial_taskflow_api_etl_virtualenv.py:29} WARNING - The tutorial_taskflow_api_etl_virtualenv example DAG requires virtualenv, please install it.
[2024-12-18 22:13:50,252] {processor.py:653} WARNING - No viable dags retrieved from /home/patriciacorreia/Documents/airflowalura/venv/lib/python3.9/site-packages/airflow/example_dags/tutorial_taskflow_api_etl_virtualenv.py
[2024-12-18 22:13:50,267] {processor.py:161} INFO - Processing /home/patriciacorreia/Documents/airflowalura/venv/lib/python3.9/site-packages/airflow/example_dags/tutorial_taskflow_api_etl_virtualenv.py took 0.042 seconds
[2024-12-18 22:14:33,817] {processor.py:153} INFO - Started process (PID=16365) to work on /home/patriciacorreia/Documents/airflowalura/venv/lib/python3.9/site-packages/airflow/example_dags/tutorial_taskflow_api_etl_virtualenv.py
[2024-12-18 22:14:33,822] {processor.py:641} INFO - Processing file /home/patriciacorreia/Documents/airflowalura/venv/lib/python3.9/site-packages/airflow/example_dags/tutorial_taskflow_api_etl_virtualenv.py for tasks to queue
[2024-12-18 22:14:33,824] {logging_mixin.py:115} INFO - [2024-12-18 22:14:33,824] {dagbag.py:507} INFO - Filling up the DagBag from /home/patriciacorreia/Documents/airflowalura/venv/lib/python3.9/site-packages/airflow/example_dags/tutorial_taskflow_api_etl_virtualenv.py
[2024-12-18 22:14:33,869] {logging_mixin.py:115} INFO - [2024-12-18 22:14:33,869] {tutorial_taskflow_api_etl_virtualenv.py:29} WARNING - The tutorial_taskflow_api_etl_virtualenv example DAG requires virtualenv, please install it.
[2024-12-18 22:14:33,869] {processor.py:653} WARNING - No viable dags retrieved from /home/patriciacorreia/Documents/airflowalura/venv/lib/python3.9/site-packages/airflow/example_dags/tutorial_taskflow_api_etl_virtualenv.py
[2024-12-18 22:14:33,891] {processor.py:161} INFO - Processing /home/patriciacorreia/Documents/airflowalura/venv/lib/python3.9/site-packages/airflow/example_dags/tutorial_taskflow_api_etl_virtualenv.py took 0.093 seconds
[2024-12-18 22:15:15,602] {processor.py:153} INFO - Started process (PID=16561) to work on /home/patriciacorreia/Documents/airflowalura/venv/lib/python3.9/site-packages/airflow/example_dags/tutorial_taskflow_api_etl_virtualenv.py
[2024-12-18 22:15:15,604] {processor.py:641} INFO - Processing file /home/patriciacorreia/Documents/airflowalura/venv/lib/python3.9/site-packages/airflow/example_dags/tutorial_taskflow_api_etl_virtualenv.py for tasks to queue
[2024-12-18 22:15:15,606] {logging_mixin.py:115} INFO - [2024-12-18 22:15:15,606] {dagbag.py:507} INFO - Filling up the DagBag from /home/patriciacorreia/Documents/airflowalura/venv/lib/python3.9/site-packages/airflow/example_dags/tutorial_taskflow_api_etl_virtualenv.py
[2024-12-18 22:15:15,632] {logging_mixin.py:115} INFO - [2024-12-18 22:15:15,632] {tutorial_taskflow_api_etl_virtualenv.py:29} WARNING - The tutorial_taskflow_api_etl_virtualenv example DAG requires virtualenv, please install it.
[2024-12-18 22:15:15,633] {processor.py:653} WARNING - No viable dags retrieved from /home/patriciacorreia/Documents/airflowalura/venv/lib/python3.9/site-packages/airflow/example_dags/tutorial_taskflow_api_etl_virtualenv.py
[2024-12-18 22:15:15,648] {processor.py:161} INFO - Processing /home/patriciacorreia/Documents/airflowalura/venv/lib/python3.9/site-packages/airflow/example_dags/tutorial_taskflow_api_etl_virtualenv.py took 0.057 seconds
[2024-12-18 22:15:54,965] {processor.py:153} INFO - Started process (PID=16764) to work on /home/patriciacorreia/Documents/airflowalura/venv/lib/python3.9/site-packages/airflow/example_dags/tutorial_taskflow_api_etl_virtualenv.py
[2024-12-18 22:15:54,967] {processor.py:641} INFO - Processing file /home/patriciacorreia/Documents/airflowalura/venv/lib/python3.9/site-packages/airflow/example_dags/tutorial_taskflow_api_etl_virtualenv.py for tasks to queue
[2024-12-18 22:15:54,969] {logging_mixin.py:115} INFO - [2024-12-18 22:15:54,968] {dagbag.py:507} INFO - Filling up the DagBag from /home/patriciacorreia/Documents/airflowalura/venv/lib/python3.9/site-packages/airflow/example_dags/tutorial_taskflow_api_etl_virtualenv.py
[2024-12-18 22:15:55,001] {logging_mixin.py:115} INFO - [2024-12-18 22:15:55,000] {tutorial_taskflow_api_etl_virtualenv.py:29} WARNING - The tutorial_taskflow_api_etl_virtualenv example DAG requires virtualenv, please install it.
[2024-12-18 22:15:55,001] {processor.py:653} WARNING - No viable dags retrieved from /home/patriciacorreia/Documents/airflowalura/venv/lib/python3.9/site-packages/airflow/example_dags/tutorial_taskflow_api_etl_virtualenv.py
[2024-12-18 22:15:55,024] {processor.py:161} INFO - Processing /home/patriciacorreia/Documents/airflowalura/venv/lib/python3.9/site-packages/airflow/example_dags/tutorial_taskflow_api_etl_virtualenv.py took 0.068 seconds
[2024-12-18 22:16:33,707] {processor.py:153} INFO - Started process (PID=17023) to work on /home/patriciacorreia/Documents/airflowalura/venv/lib/python3.9/site-packages/airflow/example_dags/tutorial_taskflow_api_etl_virtualenv.py
[2024-12-18 22:16:33,709] {processor.py:641} INFO - Processing file /home/patriciacorreia/Documents/airflowalura/venv/lib/python3.9/site-packages/airflow/example_dags/tutorial_taskflow_api_etl_virtualenv.py for tasks to queue
[2024-12-18 22:16:33,710] {logging_mixin.py:115} INFO - [2024-12-18 22:16:33,710] {dagbag.py:507} INFO - Filling up the DagBag from /home/patriciacorreia/Documents/airflowalura/venv/lib/python3.9/site-packages/airflow/example_dags/tutorial_taskflow_api_etl_virtualenv.py
[2024-12-18 22:16:33,757] {logging_mixin.py:115} INFO - [2024-12-18 22:16:33,757] {tutorial_taskflow_api_etl_virtualenv.py:29} WARNING - The tutorial_taskflow_api_etl_virtualenv example DAG requires virtualenv, please install it.
[2024-12-18 22:16:33,758] {processor.py:653} WARNING - No viable dags retrieved from /home/patriciacorreia/Documents/airflowalura/venv/lib/python3.9/site-packages/airflow/example_dags/tutorial_taskflow_api_etl_virtualenv.py
[2024-12-18 22:16:33,863] {processor.py:161} INFO - Processing /home/patriciacorreia/Documents/airflowalura/venv/lib/python3.9/site-packages/airflow/example_dags/tutorial_taskflow_api_etl_virtualenv.py took 0.166 seconds
[2024-12-18 22:17:16,991] {processor.py:153} INFO - Started process (PID=17231) to work on /home/patriciacorreia/Documents/airflowalura/venv/lib/python3.9/site-packages/airflow/example_dags/tutorial_taskflow_api_etl_virtualenv.py
[2024-12-18 22:17:16,995] {processor.py:641} INFO - Processing file /home/patriciacorreia/Documents/airflowalura/venv/lib/python3.9/site-packages/airflow/example_dags/tutorial_taskflow_api_etl_virtualenv.py for tasks to queue
[2024-12-18 22:17:16,998] {logging_mixin.py:115} INFO - [2024-12-18 22:17:16,998] {dagbag.py:507} INFO - Filling up the DagBag from /home/patriciacorreia/Documents/airflowalura/venv/lib/python3.9/site-packages/airflow/example_dags/tutorial_taskflow_api_etl_virtualenv.py
[2024-12-18 22:17:17,055] {logging_mixin.py:115} INFO - [2024-12-18 22:17:17,055] {tutorial_taskflow_api_etl_virtualenv.py:29} WARNING - The tutorial_taskflow_api_etl_virtualenv example DAG requires virtualenv, please install it.
[2024-12-18 22:17:17,056] {processor.py:653} WARNING - No viable dags retrieved from /home/patriciacorreia/Documents/airflowalura/venv/lib/python3.9/site-packages/airflow/example_dags/tutorial_taskflow_api_etl_virtualenv.py
[2024-12-18 22:17:17,100] {processor.py:161} INFO - Processing /home/patriciacorreia/Documents/airflowalura/venv/lib/python3.9/site-packages/airflow/example_dags/tutorial_taskflow_api_etl_virtualenv.py took 0.123 seconds
[2024-12-18 22:17:51,593] {processor.py:153} INFO - Started process (PID=17402) to work on /home/patriciacorreia/Documents/airflowalura/venv/lib/python3.9/site-packages/airflow/example_dags/tutorial_taskflow_api_etl_virtualenv.py
[2024-12-18 22:17:51,597] {processor.py:641} INFO - Processing file /home/patriciacorreia/Documents/airflowalura/venv/lib/python3.9/site-packages/airflow/example_dags/tutorial_taskflow_api_etl_virtualenv.py for tasks to queue
[2024-12-18 22:17:51,599] {logging_mixin.py:115} INFO - [2024-12-18 22:17:51,599] {dagbag.py:507} INFO - Filling up the DagBag from /home/patriciacorreia/Documents/airflowalura/venv/lib/python3.9/site-packages/airflow/example_dags/tutorial_taskflow_api_etl_virtualenv.py
[2024-12-18 22:17:51,657] {logging_mixin.py:115} INFO - [2024-12-18 22:17:51,657] {tutorial_taskflow_api_etl_virtualenv.py:29} WARNING - The tutorial_taskflow_api_etl_virtualenv example DAG requires virtualenv, please install it.
[2024-12-18 22:17:51,658] {processor.py:653} WARNING - No viable dags retrieved from /home/patriciacorreia/Documents/airflowalura/venv/lib/python3.9/site-packages/airflow/example_dags/tutorial_taskflow_api_etl_virtualenv.py
[2024-12-18 22:17:51,701] {processor.py:161} INFO - Processing /home/patriciacorreia/Documents/airflowalura/venv/lib/python3.9/site-packages/airflow/example_dags/tutorial_taskflow_api_etl_virtualenv.py took 0.121 seconds
[2024-12-18 22:18:28,671] {processor.py:153} INFO - Started process (PID=17565) to work on /home/patriciacorreia/Documents/airflowalura/venv/lib/python3.9/site-packages/airflow/example_dags/tutorial_taskflow_api_etl_virtualenv.py
[2024-12-18 22:18:28,672] {processor.py:641} INFO - Processing file /home/patriciacorreia/Documents/airflowalura/venv/lib/python3.9/site-packages/airflow/example_dags/tutorial_taskflow_api_etl_virtualenv.py for tasks to queue
[2024-12-18 22:18:28,673] {logging_mixin.py:115} INFO - [2024-12-18 22:18:28,673] {dagbag.py:507} INFO - Filling up the DagBag from /home/patriciacorreia/Documents/airflowalura/venv/lib/python3.9/site-packages/airflow/example_dags/tutorial_taskflow_api_etl_virtualenv.py
[2024-12-18 22:18:28,712] {logging_mixin.py:115} INFO - [2024-12-18 22:18:28,712] {tutorial_taskflow_api_etl_virtualenv.py:29} WARNING - The tutorial_taskflow_api_etl_virtualenv example DAG requires virtualenv, please install it.
[2024-12-18 22:18:28,713] {processor.py:653} WARNING - No viable dags retrieved from /home/patriciacorreia/Documents/airflowalura/venv/lib/python3.9/site-packages/airflow/example_dags/tutorial_taskflow_api_etl_virtualenv.py
[2024-12-18 22:18:28,779] {processor.py:161} INFO - Processing /home/patriciacorreia/Documents/airflowalura/venv/lib/python3.9/site-packages/airflow/example_dags/tutorial_taskflow_api_etl_virtualenv.py took 0.114 seconds
[2024-12-18 22:19:30,313] {processor.py:153} INFO - Started process (PID=17822) to work on /home/patriciacorreia/Documents/airflowalura/venv/lib/python3.9/site-packages/airflow/example_dags/tutorial_taskflow_api_etl_virtualenv.py
[2024-12-18 22:19:30,317] {processor.py:641} INFO - Processing file /home/patriciacorreia/Documents/airflowalura/venv/lib/python3.9/site-packages/airflow/example_dags/tutorial_taskflow_api_etl_virtualenv.py for tasks to queue
[2024-12-18 22:19:30,320] {logging_mixin.py:115} INFO - [2024-12-18 22:19:30,319] {dagbag.py:507} INFO - Filling up the DagBag from /home/patriciacorreia/Documents/airflowalura/venv/lib/python3.9/site-packages/airflow/example_dags/tutorial_taskflow_api_etl_virtualenv.py
[2024-12-18 22:19:30,370] {logging_mixin.py:115} INFO - [2024-12-18 22:19:30,370] {tutorial_taskflow_api_etl_virtualenv.py:29} WARNING - The tutorial_taskflow_api_etl_virtualenv example DAG requires virtualenv, please install it.
[2024-12-18 22:19:30,370] {processor.py:653} WARNING - No viable dags retrieved from /home/patriciacorreia/Documents/airflowalura/venv/lib/python3.9/site-packages/airflow/example_dags/tutorial_taskflow_api_etl_virtualenv.py
[2024-12-18 22:19:30,392] {processor.py:161} INFO - Processing /home/patriciacorreia/Documents/airflowalura/venv/lib/python3.9/site-packages/airflow/example_dags/tutorial_taskflow_api_etl_virtualenv.py took 0.093 seconds
[2024-12-18 22:20:11,464] {processor.py:153} INFO - Started process (PID=18027) to work on /home/patriciacorreia/Documents/airflowalura/venv/lib/python3.9/site-packages/airflow/example_dags/tutorial_taskflow_api_etl_virtualenv.py
[2024-12-18 22:20:11,469] {processor.py:641} INFO - Processing file /home/patriciacorreia/Documents/airflowalura/venv/lib/python3.9/site-packages/airflow/example_dags/tutorial_taskflow_api_etl_virtualenv.py for tasks to queue
[2024-12-18 22:20:11,473] {logging_mixin.py:115} INFO - [2024-12-18 22:20:11,472] {dagbag.py:507} INFO - Filling up the DagBag from /home/patriciacorreia/Documents/airflowalura/venv/lib/python3.9/site-packages/airflow/example_dags/tutorial_taskflow_api_etl_virtualenv.py
[2024-12-18 22:20:11,541] {logging_mixin.py:115} INFO - [2024-12-18 22:20:11,541] {tutorial_taskflow_api_etl_virtualenv.py:29} WARNING - The tutorial_taskflow_api_etl_virtualenv example DAG requires virtualenv, please install it.
[2024-12-18 22:20:11,542] {processor.py:653} WARNING - No viable dags retrieved from /home/patriciacorreia/Documents/airflowalura/venv/lib/python3.9/site-packages/airflow/example_dags/tutorial_taskflow_api_etl_virtualenv.py
[2024-12-18 22:20:11,584] {processor.py:161} INFO - Processing /home/patriciacorreia/Documents/airflowalura/venv/lib/python3.9/site-packages/airflow/example_dags/tutorial_taskflow_api_etl_virtualenv.py took 0.134 seconds
[2024-12-18 22:20:49,346] {processor.py:153} INFO - Started process (PID=18220) to work on /home/patriciacorreia/Documents/airflowalura/venv/lib/python3.9/site-packages/airflow/example_dags/tutorial_taskflow_api_etl_virtualenv.py
[2024-12-18 22:20:49,349] {processor.py:641} INFO - Processing file /home/patriciacorreia/Documents/airflowalura/venv/lib/python3.9/site-packages/airflow/example_dags/tutorial_taskflow_api_etl_virtualenv.py for tasks to queue
[2024-12-18 22:20:49,351] {logging_mixin.py:115} INFO - [2024-12-18 22:20:49,351] {dagbag.py:507} INFO - Filling up the DagBag from /home/patriciacorreia/Documents/airflowalura/venv/lib/python3.9/site-packages/airflow/example_dags/tutorial_taskflow_api_etl_virtualenv.py
[2024-12-18 22:20:49,386] {logging_mixin.py:115} INFO - [2024-12-18 22:20:49,385] {tutorial_taskflow_api_etl_virtualenv.py:29} WARNING - The tutorial_taskflow_api_etl_virtualenv example DAG requires virtualenv, please install it.
[2024-12-18 22:20:49,386] {processor.py:653} WARNING - No viable dags retrieved from /home/patriciacorreia/Documents/airflowalura/venv/lib/python3.9/site-packages/airflow/example_dags/tutorial_taskflow_api_etl_virtualenv.py
[2024-12-18 22:20:49,410] {processor.py:161} INFO - Processing /home/patriciacorreia/Documents/airflowalura/venv/lib/python3.9/site-packages/airflow/example_dags/tutorial_taskflow_api_etl_virtualenv.py took 0.072 seconds
[2024-12-18 22:21:26,894] {processor.py:153} INFO - Started process (PID=18397) to work on /home/patriciacorreia/Documents/airflowalura/venv/lib/python3.9/site-packages/airflow/example_dags/tutorial_taskflow_api_etl_virtualenv.py
[2024-12-18 22:21:26,901] {processor.py:641} INFO - Processing file /home/patriciacorreia/Documents/airflowalura/venv/lib/python3.9/site-packages/airflow/example_dags/tutorial_taskflow_api_etl_virtualenv.py for tasks to queue
[2024-12-18 22:21:26,906] {logging_mixin.py:115} INFO - [2024-12-18 22:21:26,906] {dagbag.py:507} INFO - Filling up the DagBag from /home/patriciacorreia/Documents/airflowalura/venv/lib/python3.9/site-packages/airflow/example_dags/tutorial_taskflow_api_etl_virtualenv.py
[2024-12-18 22:21:26,972] {logging_mixin.py:115} INFO - [2024-12-18 22:21:26,972] {tutorial_taskflow_api_etl_virtualenv.py:29} WARNING - The tutorial_taskflow_api_etl_virtualenv example DAG requires virtualenv, please install it.
[2024-12-18 22:21:26,973] {processor.py:653} WARNING - No viable dags retrieved from /home/patriciacorreia/Documents/airflowalura/venv/lib/python3.9/site-packages/airflow/example_dags/tutorial_taskflow_api_etl_virtualenv.py
[2024-12-18 22:21:27,022] {processor.py:161} INFO - Processing /home/patriciacorreia/Documents/airflowalura/venv/lib/python3.9/site-packages/airflow/example_dags/tutorial_taskflow_api_etl_virtualenv.py took 0.145 seconds
[2024-12-18 22:22:03,674] {processor.py:153} INFO - Started process (PID=18566) to work on /home/patriciacorreia/Documents/airflowalura/venv/lib/python3.9/site-packages/airflow/example_dags/tutorial_taskflow_api_etl_virtualenv.py
[2024-12-18 22:22:03,676] {processor.py:641} INFO - Processing file /home/patriciacorreia/Documents/airflowalura/venv/lib/python3.9/site-packages/airflow/example_dags/tutorial_taskflow_api_etl_virtualenv.py for tasks to queue
[2024-12-18 22:22:03,678] {logging_mixin.py:115} INFO - [2024-12-18 22:22:03,678] {dagbag.py:507} INFO - Filling up the DagBag from /home/patriciacorreia/Documents/airflowalura/venv/lib/python3.9/site-packages/airflow/example_dags/tutorial_taskflow_api_etl_virtualenv.py
[2024-12-18 22:22:03,709] {logging_mixin.py:115} INFO - [2024-12-18 22:22:03,709] {tutorial_taskflow_api_etl_virtualenv.py:29} WARNING - The tutorial_taskflow_api_etl_virtualenv example DAG requires virtualenv, please install it.
[2024-12-18 22:22:03,710] {processor.py:653} WARNING - No viable dags retrieved from /home/patriciacorreia/Documents/airflowalura/venv/lib/python3.9/site-packages/airflow/example_dags/tutorial_taskflow_api_etl_virtualenv.py
[2024-12-18 22:22:03,730] {processor.py:161} INFO - Processing /home/patriciacorreia/Documents/airflowalura/venv/lib/python3.9/site-packages/airflow/example_dags/tutorial_taskflow_api_etl_virtualenv.py took 0.069 seconds
[2024-12-18 22:22:37,734] {processor.py:153} INFO - Started process (PID=18720) to work on /home/patriciacorreia/Documents/airflowalura/venv/lib/python3.9/site-packages/airflow/example_dags/tutorial_taskflow_api_etl_virtualenv.py
[2024-12-18 22:22:37,736] {processor.py:641} INFO - Processing file /home/patriciacorreia/Documents/airflowalura/venv/lib/python3.9/site-packages/airflow/example_dags/tutorial_taskflow_api_etl_virtualenv.py for tasks to queue
[2024-12-18 22:22:37,738] {logging_mixin.py:115} INFO - [2024-12-18 22:22:37,737] {dagbag.py:507} INFO - Filling up the DagBag from /home/patriciacorreia/Documents/airflowalura/venv/lib/python3.9/site-packages/airflow/example_dags/tutorial_taskflow_api_etl_virtualenv.py
[2024-12-18 22:22:37,760] {logging_mixin.py:115} INFO - [2024-12-18 22:22:37,759] {tutorial_taskflow_api_etl_virtualenv.py:29} WARNING - The tutorial_taskflow_api_etl_virtualenv example DAG requires virtualenv, please install it.
[2024-12-18 22:22:37,760] {processor.py:653} WARNING - No viable dags retrieved from /home/patriciacorreia/Documents/airflowalura/venv/lib/python3.9/site-packages/airflow/example_dags/tutorial_taskflow_api_etl_virtualenv.py
[2024-12-18 22:22:37,776] {processor.py:161} INFO - Processing /home/patriciacorreia/Documents/airflowalura/venv/lib/python3.9/site-packages/airflow/example_dags/tutorial_taskflow_api_etl_virtualenv.py took 0.053 seconds
[2024-12-18 22:23:17,931] {processor.py:153} INFO - Started process (PID=18909) to work on /home/patriciacorreia/Documents/airflowalura/venv/lib/python3.9/site-packages/airflow/example_dags/tutorial_taskflow_api_etl_virtualenv.py
[2024-12-18 22:23:17,937] {processor.py:641} INFO - Processing file /home/patriciacorreia/Documents/airflowalura/venv/lib/python3.9/site-packages/airflow/example_dags/tutorial_taskflow_api_etl_virtualenv.py for tasks to queue
[2024-12-18 22:23:17,940] {logging_mixin.py:115} INFO - [2024-12-18 22:23:17,940] {dagbag.py:507} INFO - Filling up the DagBag from /home/patriciacorreia/Documents/airflowalura/venv/lib/python3.9/site-packages/airflow/example_dags/tutorial_taskflow_api_etl_virtualenv.py
[2024-12-18 22:23:18,028] {logging_mixin.py:115} INFO - [2024-12-18 22:23:18,028] {tutorial_taskflow_api_etl_virtualenv.py:29} WARNING - The tutorial_taskflow_api_etl_virtualenv example DAG requires virtualenv, please install it.
[2024-12-18 22:23:18,029] {processor.py:653} WARNING - No viable dags retrieved from /home/patriciacorreia/Documents/airflowalura/venv/lib/python3.9/site-packages/airflow/example_dags/tutorial_taskflow_api_etl_virtualenv.py
[2024-12-18 22:23:18,073] {processor.py:161} INFO - Processing /home/patriciacorreia/Documents/airflowalura/venv/lib/python3.9/site-packages/airflow/example_dags/tutorial_taskflow_api_etl_virtualenv.py took 0.163 seconds
[2024-12-18 22:23:52,531] {processor.py:153} INFO - Started process (PID=19069) to work on /home/patriciacorreia/Documents/airflowalura/venv/lib/python3.9/site-packages/airflow/example_dags/tutorial_taskflow_api_etl_virtualenv.py
[2024-12-18 22:23:52,536] {processor.py:641} INFO - Processing file /home/patriciacorreia/Documents/airflowalura/venv/lib/python3.9/site-packages/airflow/example_dags/tutorial_taskflow_api_etl_virtualenv.py for tasks to queue
[2024-12-18 22:23:52,540] {logging_mixin.py:115} INFO - [2024-12-18 22:23:52,539] {dagbag.py:507} INFO - Filling up the DagBag from /home/patriciacorreia/Documents/airflowalura/venv/lib/python3.9/site-packages/airflow/example_dags/tutorial_taskflow_api_etl_virtualenv.py
[2024-12-18 22:23:52,630] {logging_mixin.py:115} INFO - [2024-12-18 22:23:52,630] {tutorial_taskflow_api_etl_virtualenv.py:29} WARNING - The tutorial_taskflow_api_etl_virtualenv example DAG requires virtualenv, please install it.
[2024-12-18 22:23:52,631] {processor.py:653} WARNING - No viable dags retrieved from /home/patriciacorreia/Documents/airflowalura/venv/lib/python3.9/site-packages/airflow/example_dags/tutorial_taskflow_api_etl_virtualenv.py
[2024-12-18 22:23:52,696] {processor.py:161} INFO - Processing /home/patriciacorreia/Documents/airflowalura/venv/lib/python3.9/site-packages/airflow/example_dags/tutorial_taskflow_api_etl_virtualenv.py took 0.182 seconds
[2024-12-18 22:24:28,198] {processor.py:153} INFO - Started process (PID=19234) to work on /home/patriciacorreia/Documents/airflowalura/venv/lib/python3.9/site-packages/airflow/example_dags/tutorial_taskflow_api_etl_virtualenv.py
[2024-12-18 22:24:28,202] {processor.py:641} INFO - Processing file /home/patriciacorreia/Documents/airflowalura/venv/lib/python3.9/site-packages/airflow/example_dags/tutorial_taskflow_api_etl_virtualenv.py for tasks to queue
[2024-12-18 22:24:28,205] {logging_mixin.py:115} INFO - [2024-12-18 22:24:28,204] {dagbag.py:507} INFO - Filling up the DagBag from /home/patriciacorreia/Documents/airflowalura/venv/lib/python3.9/site-packages/airflow/example_dags/tutorial_taskflow_api_etl_virtualenv.py
[2024-12-18 22:24:28,298] {logging_mixin.py:115} INFO - [2024-12-18 22:24:28,298] {tutorial_taskflow_api_etl_virtualenv.py:29} WARNING - The tutorial_taskflow_api_etl_virtualenv example DAG requires virtualenv, please install it.
[2024-12-18 22:24:28,300] {processor.py:653} WARNING - No viable dags retrieved from /home/patriciacorreia/Documents/airflowalura/venv/lib/python3.9/site-packages/airflow/example_dags/tutorial_taskflow_api_etl_virtualenv.py
[2024-12-18 22:24:28,332] {processor.py:161} INFO - Processing /home/patriciacorreia/Documents/airflowalura/venv/lib/python3.9/site-packages/airflow/example_dags/tutorial_taskflow_api_etl_virtualenv.py took 0.153 seconds
[2024-12-18 22:25:02,558] {processor.py:153} INFO - Started process (PID=19421) to work on /home/patriciacorreia/Documents/airflowalura/venv/lib/python3.9/site-packages/airflow/example_dags/tutorial_taskflow_api_etl_virtualenv.py
[2024-12-18 22:25:02,560] {processor.py:641} INFO - Processing file /home/patriciacorreia/Documents/airflowalura/venv/lib/python3.9/site-packages/airflow/example_dags/tutorial_taskflow_api_etl_virtualenv.py for tasks to queue
[2024-12-18 22:25:02,560] {logging_mixin.py:115} INFO - [2024-12-18 22:25:02,560] {dagbag.py:507} INFO - Filling up the DagBag from /home/patriciacorreia/Documents/airflowalura/venv/lib/python3.9/site-packages/airflow/example_dags/tutorial_taskflow_api_etl_virtualenv.py
[2024-12-18 22:25:02,583] {logging_mixin.py:115} INFO - [2024-12-18 22:25:02,583] {tutorial_taskflow_api_etl_virtualenv.py:29} WARNING - The tutorial_taskflow_api_etl_virtualenv example DAG requires virtualenv, please install it.
[2024-12-18 22:25:02,583] {processor.py:653} WARNING - No viable dags retrieved from /home/patriciacorreia/Documents/airflowalura/venv/lib/python3.9/site-packages/airflow/example_dags/tutorial_taskflow_api_etl_virtualenv.py
[2024-12-18 22:25:02,603] {processor.py:161} INFO - Processing /home/patriciacorreia/Documents/airflowalura/venv/lib/python3.9/site-packages/airflow/example_dags/tutorial_taskflow_api_etl_virtualenv.py took 0.051 seconds
[2024-12-18 22:25:38,219] {processor.py:153} INFO - Started process (PID=19598) to work on /home/patriciacorreia/Documents/airflowalura/venv/lib/python3.9/site-packages/airflow/example_dags/tutorial_taskflow_api_etl_virtualenv.py
[2024-12-18 22:25:38,222] {processor.py:641} INFO - Processing file /home/patriciacorreia/Documents/airflowalura/venv/lib/python3.9/site-packages/airflow/example_dags/tutorial_taskflow_api_etl_virtualenv.py for tasks to queue
[2024-12-18 22:25:38,224] {logging_mixin.py:115} INFO - [2024-12-18 22:25:38,224] {dagbag.py:507} INFO - Filling up the DagBag from /home/patriciacorreia/Documents/airflowalura/venv/lib/python3.9/site-packages/airflow/example_dags/tutorial_taskflow_api_etl_virtualenv.py
[2024-12-18 22:25:38,255] {logging_mixin.py:115} INFO - [2024-12-18 22:25:38,255] {tutorial_taskflow_api_etl_virtualenv.py:29} WARNING - The tutorial_taskflow_api_etl_virtualenv example DAG requires virtualenv, please install it.
[2024-12-18 22:25:38,255] {processor.py:653} WARNING - No viable dags retrieved from /home/patriciacorreia/Documents/airflowalura/venv/lib/python3.9/site-packages/airflow/example_dags/tutorial_taskflow_api_etl_virtualenv.py
[2024-12-18 22:25:38,272] {processor.py:161} INFO - Processing /home/patriciacorreia/Documents/airflowalura/venv/lib/python3.9/site-packages/airflow/example_dags/tutorial_taskflow_api_etl_virtualenv.py took 0.065 seconds
[2024-12-18 22:26:14,317] {processor.py:153} INFO - Started process (PID=19748) to work on /home/patriciacorreia/Documents/airflowalura/venv/lib/python3.9/site-packages/airflow/example_dags/tutorial_taskflow_api_etl_virtualenv.py
[2024-12-18 22:26:14,321] {processor.py:641} INFO - Processing file /home/patriciacorreia/Documents/airflowalura/venv/lib/python3.9/site-packages/airflow/example_dags/tutorial_taskflow_api_etl_virtualenv.py for tasks to queue
[2024-12-18 22:26:14,323] {logging_mixin.py:115} INFO - [2024-12-18 22:26:14,323] {dagbag.py:507} INFO - Filling up the DagBag from /home/patriciacorreia/Documents/airflowalura/venv/lib/python3.9/site-packages/airflow/example_dags/tutorial_taskflow_api_etl_virtualenv.py
[2024-12-18 22:26:14,408] {logging_mixin.py:115} INFO - [2024-12-18 22:26:14,408] {tutorial_taskflow_api_etl_virtualenv.py:29} WARNING - The tutorial_taskflow_api_etl_virtualenv example DAG requires virtualenv, please install it.
[2024-12-18 22:26:14,409] {processor.py:653} WARNING - No viable dags retrieved from /home/patriciacorreia/Documents/airflowalura/venv/lib/python3.9/site-packages/airflow/example_dags/tutorial_taskflow_api_etl_virtualenv.py
[2024-12-18 22:26:14,475] {processor.py:161} INFO - Processing /home/patriciacorreia/Documents/airflowalura/venv/lib/python3.9/site-packages/airflow/example_dags/tutorial_taskflow_api_etl_virtualenv.py took 0.178 seconds
[2024-12-18 22:26:54,061] {processor.py:153} INFO - Started process (PID=19925) to work on /home/patriciacorreia/Documents/airflowalura/venv/lib/python3.9/site-packages/airflow/example_dags/tutorial_taskflow_api_etl_virtualenv.py
[2024-12-18 22:26:54,063] {processor.py:641} INFO - Processing file /home/patriciacorreia/Documents/airflowalura/venv/lib/python3.9/site-packages/airflow/example_dags/tutorial_taskflow_api_etl_virtualenv.py for tasks to queue
[2024-12-18 22:26:54,065] {logging_mixin.py:115} INFO - [2024-12-18 22:26:54,064] {dagbag.py:507} INFO - Filling up the DagBag from /home/patriciacorreia/Documents/airflowalura/venv/lib/python3.9/site-packages/airflow/example_dags/tutorial_taskflow_api_etl_virtualenv.py
[2024-12-18 22:26:54,099] {logging_mixin.py:115} INFO - [2024-12-18 22:26:54,099] {tutorial_taskflow_api_etl_virtualenv.py:29} WARNING - The tutorial_taskflow_api_etl_virtualenv example DAG requires virtualenv, please install it.
[2024-12-18 22:26:54,099] {processor.py:653} WARNING - No viable dags retrieved from /home/patriciacorreia/Documents/airflowalura/venv/lib/python3.9/site-packages/airflow/example_dags/tutorial_taskflow_api_etl_virtualenv.py
[2024-12-18 22:26:54,118] {processor.py:161} INFO - Processing /home/patriciacorreia/Documents/airflowalura/venv/lib/python3.9/site-packages/airflow/example_dags/tutorial_taskflow_api_etl_virtualenv.py took 0.068 seconds
[2024-12-18 22:27:29,897] {processor.py:153} INFO - Started process (PID=20088) to work on /home/patriciacorreia/Documents/airflowalura/venv/lib/python3.9/site-packages/airflow/example_dags/tutorial_taskflow_api_etl_virtualenv.py
[2024-12-18 22:27:29,900] {processor.py:641} INFO - Processing file /home/patriciacorreia/Documents/airflowalura/venv/lib/python3.9/site-packages/airflow/example_dags/tutorial_taskflow_api_etl_virtualenv.py for tasks to queue
[2024-12-18 22:27:29,902] {logging_mixin.py:115} INFO - [2024-12-18 22:27:29,902] {dagbag.py:507} INFO - Filling up the DagBag from /home/patriciacorreia/Documents/airflowalura/venv/lib/python3.9/site-packages/airflow/example_dags/tutorial_taskflow_api_etl_virtualenv.py
[2024-12-18 22:27:29,959] {logging_mixin.py:115} INFO - [2024-12-18 22:27:29,959] {tutorial_taskflow_api_etl_virtualenv.py:29} WARNING - The tutorial_taskflow_api_etl_virtualenv example DAG requires virtualenv, please install it.
[2024-12-18 22:27:29,959] {processor.py:653} WARNING - No viable dags retrieved from /home/patriciacorreia/Documents/airflowalura/venv/lib/python3.9/site-packages/airflow/example_dags/tutorial_taskflow_api_etl_virtualenv.py
[2024-12-18 22:27:30,009] {processor.py:161} INFO - Processing /home/patriciacorreia/Documents/airflowalura/venv/lib/python3.9/site-packages/airflow/example_dags/tutorial_taskflow_api_etl_virtualenv.py took 0.126 seconds
[2024-12-18 22:28:08,034] {processor.py:153} INFO - Started process (PID=20284) to work on /home/patriciacorreia/Documents/airflowalura/venv/lib/python3.9/site-packages/airflow/example_dags/tutorial_taskflow_api_etl_virtualenv.py
[2024-12-18 22:28:08,036] {processor.py:641} INFO - Processing file /home/patriciacorreia/Documents/airflowalura/venv/lib/python3.9/site-packages/airflow/example_dags/tutorial_taskflow_api_etl_virtualenv.py for tasks to queue
[2024-12-18 22:28:08,038] {logging_mixin.py:115} INFO - [2024-12-18 22:28:08,038] {dagbag.py:507} INFO - Filling up the DagBag from /home/patriciacorreia/Documents/airflowalura/venv/lib/python3.9/site-packages/airflow/example_dags/tutorial_taskflow_api_etl_virtualenv.py
[2024-12-18 22:28:08,072] {logging_mixin.py:115} INFO - [2024-12-18 22:28:08,071] {tutorial_taskflow_api_etl_virtualenv.py:29} WARNING - The tutorial_taskflow_api_etl_virtualenv example DAG requires virtualenv, please install it.
[2024-12-18 22:28:08,072] {processor.py:653} WARNING - No viable dags retrieved from /home/patriciacorreia/Documents/airflowalura/venv/lib/python3.9/site-packages/airflow/example_dags/tutorial_taskflow_api_etl_virtualenv.py
[2024-12-18 22:28:08,092] {processor.py:161} INFO - Processing /home/patriciacorreia/Documents/airflowalura/venv/lib/python3.9/site-packages/airflow/example_dags/tutorial_taskflow_api_etl_virtualenv.py took 0.067 seconds
[2024-12-18 22:28:41,591] {processor.py:153} INFO - Started process (PID=20447) to work on /home/patriciacorreia/Documents/airflowalura/venv/lib/python3.9/site-packages/airflow/example_dags/tutorial_taskflow_api_etl_virtualenv.py
[2024-12-18 22:28:41,593] {processor.py:641} INFO - Processing file /home/patriciacorreia/Documents/airflowalura/venv/lib/python3.9/site-packages/airflow/example_dags/tutorial_taskflow_api_etl_virtualenv.py for tasks to queue
[2024-12-18 22:28:41,594] {logging_mixin.py:115} INFO - [2024-12-18 22:28:41,594] {dagbag.py:507} INFO - Filling up the DagBag from /home/patriciacorreia/Documents/airflowalura/venv/lib/python3.9/site-packages/airflow/example_dags/tutorial_taskflow_api_etl_virtualenv.py
[2024-12-18 22:28:41,631] {logging_mixin.py:115} INFO - [2024-12-18 22:28:41,631] {tutorial_taskflow_api_etl_virtualenv.py:29} WARNING - The tutorial_taskflow_api_etl_virtualenv example DAG requires virtualenv, please install it.
[2024-12-18 22:28:41,632] {processor.py:653} WARNING - No viable dags retrieved from /home/patriciacorreia/Documents/airflowalura/venv/lib/python3.9/site-packages/airflow/example_dags/tutorial_taskflow_api_etl_virtualenv.py
[2024-12-18 22:28:41,654] {processor.py:161} INFO - Processing /home/patriciacorreia/Documents/airflowalura/venv/lib/python3.9/site-packages/airflow/example_dags/tutorial_taskflow_api_etl_virtualenv.py took 0.069 seconds
[2024-12-18 22:29:16,985] {processor.py:153} INFO - Started process (PID=20623) to work on /home/patriciacorreia/Documents/airflowalura/venv/lib/python3.9/site-packages/airflow/example_dags/tutorial_taskflow_api_etl_virtualenv.py
[2024-12-18 22:29:16,987] {processor.py:641} INFO - Processing file /home/patriciacorreia/Documents/airflowalura/venv/lib/python3.9/site-packages/airflow/example_dags/tutorial_taskflow_api_etl_virtualenv.py for tasks to queue
[2024-12-18 22:29:16,987] {logging_mixin.py:115} INFO - [2024-12-18 22:29:16,987] {dagbag.py:507} INFO - Filling up the DagBag from /home/patriciacorreia/Documents/airflowalura/venv/lib/python3.9/site-packages/airflow/example_dags/tutorial_taskflow_api_etl_virtualenv.py
[2024-12-18 22:29:17,007] {logging_mixin.py:115} INFO - [2024-12-18 22:29:17,007] {tutorial_taskflow_api_etl_virtualenv.py:29} WARNING - The tutorial_taskflow_api_etl_virtualenv example DAG requires virtualenv, please install it.
[2024-12-18 22:29:17,008] {processor.py:653} WARNING - No viable dags retrieved from /home/patriciacorreia/Documents/airflowalura/venv/lib/python3.9/site-packages/airflow/example_dags/tutorial_taskflow_api_etl_virtualenv.py
[2024-12-18 22:29:17,021] {processor.py:161} INFO - Processing /home/patriciacorreia/Documents/airflowalura/venv/lib/python3.9/site-packages/airflow/example_dags/tutorial_taskflow_api_etl_virtualenv.py took 0.042 seconds
[2024-12-18 22:29:52,912] {processor.py:153} INFO - Started process (PID=20812) to work on /home/patriciacorreia/Documents/airflowalura/venv/lib/python3.9/site-packages/airflow/example_dags/tutorial_taskflow_api_etl_virtualenv.py
[2024-12-18 22:29:52,914] {processor.py:641} INFO - Processing file /home/patriciacorreia/Documents/airflowalura/venv/lib/python3.9/site-packages/airflow/example_dags/tutorial_taskflow_api_etl_virtualenv.py for tasks to queue
[2024-12-18 22:29:52,915] {logging_mixin.py:115} INFO - [2024-12-18 22:29:52,915] {dagbag.py:507} INFO - Filling up the DagBag from /home/patriciacorreia/Documents/airflowalura/venv/lib/python3.9/site-packages/airflow/example_dags/tutorial_taskflow_api_etl_virtualenv.py
[2024-12-18 22:29:52,936] {logging_mixin.py:115} INFO - [2024-12-18 22:29:52,936] {tutorial_taskflow_api_etl_virtualenv.py:29} WARNING - The tutorial_taskflow_api_etl_virtualenv example DAG requires virtualenv, please install it.
[2024-12-18 22:29:52,937] {processor.py:653} WARNING - No viable dags retrieved from /home/patriciacorreia/Documents/airflowalura/venv/lib/python3.9/site-packages/airflow/example_dags/tutorial_taskflow_api_etl_virtualenv.py
[2024-12-18 22:29:52,950] {processor.py:161} INFO - Processing /home/patriciacorreia/Documents/airflowalura/venv/lib/python3.9/site-packages/airflow/example_dags/tutorial_taskflow_api_etl_virtualenv.py took 0.046 seconds
[2024-12-18 22:30:32,626] {processor.py:153} INFO - Started process (PID=21020) to work on /home/patriciacorreia/Documents/airflowalura/venv/lib/python3.9/site-packages/airflow/example_dags/tutorial_taskflow_api_etl_virtualenv.py
[2024-12-18 22:30:32,629] {processor.py:641} INFO - Processing file /home/patriciacorreia/Documents/airflowalura/venv/lib/python3.9/site-packages/airflow/example_dags/tutorial_taskflow_api_etl_virtualenv.py for tasks to queue
[2024-12-18 22:30:32,631] {logging_mixin.py:115} INFO - [2024-12-18 22:30:32,631] {dagbag.py:507} INFO - Filling up the DagBag from /home/patriciacorreia/Documents/airflowalura/venv/lib/python3.9/site-packages/airflow/example_dags/tutorial_taskflow_api_etl_virtualenv.py
[2024-12-18 22:30:32,677] {logging_mixin.py:115} INFO - [2024-12-18 22:30:32,676] {tutorial_taskflow_api_etl_virtualenv.py:29} WARNING - The tutorial_taskflow_api_etl_virtualenv example DAG requires virtualenv, please install it.
[2024-12-18 22:30:32,677] {processor.py:653} WARNING - No viable dags retrieved from /home/patriciacorreia/Documents/airflowalura/venv/lib/python3.9/site-packages/airflow/example_dags/tutorial_taskflow_api_etl_virtualenv.py
[2024-12-18 22:30:32,703] {processor.py:161} INFO - Processing /home/patriciacorreia/Documents/airflowalura/venv/lib/python3.9/site-packages/airflow/example_dags/tutorial_taskflow_api_etl_virtualenv.py took 0.088 seconds
[2024-12-18 22:31:07,479] {processor.py:153} INFO - Started process (PID=21203) to work on /home/patriciacorreia/Documents/airflowalura/venv/lib/python3.9/site-packages/airflow/example_dags/tutorial_taskflow_api_etl_virtualenv.py
[2024-12-18 22:31:07,481] {processor.py:641} INFO - Processing file /home/patriciacorreia/Documents/airflowalura/venv/lib/python3.9/site-packages/airflow/example_dags/tutorial_taskflow_api_etl_virtualenv.py for tasks to queue
[2024-12-18 22:31:07,482] {logging_mixin.py:115} INFO - [2024-12-18 22:31:07,482] {dagbag.py:507} INFO - Filling up the DagBag from /home/patriciacorreia/Documents/airflowalura/venv/lib/python3.9/site-packages/airflow/example_dags/tutorial_taskflow_api_etl_virtualenv.py
[2024-12-18 22:31:07,516] {logging_mixin.py:115} INFO - [2024-12-18 22:31:07,516] {tutorial_taskflow_api_etl_virtualenv.py:29} WARNING - The tutorial_taskflow_api_etl_virtualenv example DAG requires virtualenv, please install it.
[2024-12-18 22:31:07,517] {processor.py:653} WARNING - No viable dags retrieved from /home/patriciacorreia/Documents/airflowalura/venv/lib/python3.9/site-packages/airflow/example_dags/tutorial_taskflow_api_etl_virtualenv.py
[2024-12-18 22:31:07,540] {processor.py:161} INFO - Processing /home/patriciacorreia/Documents/airflowalura/venv/lib/python3.9/site-packages/airflow/example_dags/tutorial_taskflow_api_etl_virtualenv.py took 0.068 seconds
[2024-12-18 22:31:42,856] {processor.py:153} INFO - Started process (PID=21384) to work on /home/patriciacorreia/Documents/airflowalura/venv/lib/python3.9/site-packages/airflow/example_dags/tutorial_taskflow_api_etl_virtualenv.py
[2024-12-18 22:31:42,859] {processor.py:641} INFO - Processing file /home/patriciacorreia/Documents/airflowalura/venv/lib/python3.9/site-packages/airflow/example_dags/tutorial_taskflow_api_etl_virtualenv.py for tasks to queue
[2024-12-18 22:31:42,862] {logging_mixin.py:115} INFO - [2024-12-18 22:31:42,861] {dagbag.py:507} INFO - Filling up the DagBag from /home/patriciacorreia/Documents/airflowalura/venv/lib/python3.9/site-packages/airflow/example_dags/tutorial_taskflow_api_etl_virtualenv.py
[2024-12-18 22:31:42,913] {logging_mixin.py:115} INFO - [2024-12-18 22:31:42,913] {tutorial_taskflow_api_etl_virtualenv.py:29} WARNING - The tutorial_taskflow_api_etl_virtualenv example DAG requires virtualenv, please install it.
[2024-12-18 22:31:42,914] {processor.py:653} WARNING - No viable dags retrieved from /home/patriciacorreia/Documents/airflowalura/venv/lib/python3.9/site-packages/airflow/example_dags/tutorial_taskflow_api_etl_virtualenv.py
[2024-12-18 22:31:42,953] {processor.py:161} INFO - Processing /home/patriciacorreia/Documents/airflowalura/venv/lib/python3.9/site-packages/airflow/example_dags/tutorial_taskflow_api_etl_virtualenv.py took 0.109 seconds
[2024-12-18 22:32:23,099] {processor.py:153} INFO - Started process (PID=21582) to work on /home/patriciacorreia/Documents/airflowalura/venv/lib/python3.9/site-packages/airflow/example_dags/tutorial_taskflow_api_etl_virtualenv.py
[2024-12-18 22:32:23,100] {processor.py:641} INFO - Processing file /home/patriciacorreia/Documents/airflowalura/venv/lib/python3.9/site-packages/airflow/example_dags/tutorial_taskflow_api_etl_virtualenv.py for tasks to queue
[2024-12-18 22:32:23,101] {logging_mixin.py:115} INFO - [2024-12-18 22:32:23,101] {dagbag.py:507} INFO - Filling up the DagBag from /home/patriciacorreia/Documents/airflowalura/venv/lib/python3.9/site-packages/airflow/example_dags/tutorial_taskflow_api_etl_virtualenv.py
[2024-12-18 22:32:23,117] {logging_mixin.py:115} INFO - [2024-12-18 22:32:23,117] {tutorial_taskflow_api_etl_virtualenv.py:29} WARNING - The tutorial_taskflow_api_etl_virtualenv example DAG requires virtualenv, please install it.
[2024-12-18 22:32:23,118] {processor.py:653} WARNING - No viable dags retrieved from /home/patriciacorreia/Documents/airflowalura/venv/lib/python3.9/site-packages/airflow/example_dags/tutorial_taskflow_api_etl_virtualenv.py
[2024-12-18 22:32:23,130] {processor.py:161} INFO - Processing /home/patriciacorreia/Documents/airflowalura/venv/lib/python3.9/site-packages/airflow/example_dags/tutorial_taskflow_api_etl_virtualenv.py took 0.035 seconds
[2024-12-18 22:32:57,779] {processor.py:153} INFO - Started process (PID=21749) to work on /home/patriciacorreia/Documents/airflowalura/venv/lib/python3.9/site-packages/airflow/example_dags/tutorial_taskflow_api_etl_virtualenv.py
[2024-12-18 22:32:57,780] {processor.py:641} INFO - Processing file /home/patriciacorreia/Documents/airflowalura/venv/lib/python3.9/site-packages/airflow/example_dags/tutorial_taskflow_api_etl_virtualenv.py for tasks to queue
[2024-12-18 22:32:57,781] {logging_mixin.py:115} INFO - [2024-12-18 22:32:57,781] {dagbag.py:507} INFO - Filling up the DagBag from /home/patriciacorreia/Documents/airflowalura/venv/lib/python3.9/site-packages/airflow/example_dags/tutorial_taskflow_api_etl_virtualenv.py
[2024-12-18 22:32:57,813] {logging_mixin.py:115} INFO - [2024-12-18 22:32:57,813] {tutorial_taskflow_api_etl_virtualenv.py:29} WARNING - The tutorial_taskflow_api_etl_virtualenv example DAG requires virtualenv, please install it.
[2024-12-18 22:32:57,814] {processor.py:653} WARNING - No viable dags retrieved from /home/patriciacorreia/Documents/airflowalura/venv/lib/python3.9/site-packages/airflow/example_dags/tutorial_taskflow_api_etl_virtualenv.py
[2024-12-18 22:32:57,846] {processor.py:161} INFO - Processing /home/patriciacorreia/Documents/airflowalura/venv/lib/python3.9/site-packages/airflow/example_dags/tutorial_taskflow_api_etl_virtualenv.py took 0.073 seconds
[2024-12-18 22:33:39,903] {processor.py:153} INFO - Started process (PID=21943) to work on /home/patriciacorreia/Documents/airflowalura/venv/lib/python3.9/site-packages/airflow/example_dags/tutorial_taskflow_api_etl_virtualenv.py
[2024-12-18 22:33:39,906] {processor.py:641} INFO - Processing file /home/patriciacorreia/Documents/airflowalura/venv/lib/python3.9/site-packages/airflow/example_dags/tutorial_taskflow_api_etl_virtualenv.py for tasks to queue
[2024-12-18 22:33:39,909] {logging_mixin.py:115} INFO - [2024-12-18 22:33:39,908] {dagbag.py:507} INFO - Filling up the DagBag from /home/patriciacorreia/Documents/airflowalura/venv/lib/python3.9/site-packages/airflow/example_dags/tutorial_taskflow_api_etl_virtualenv.py
[2024-12-18 22:33:39,978] {logging_mixin.py:115} INFO - [2024-12-18 22:33:39,978] {tutorial_taskflow_api_etl_virtualenv.py:29} WARNING - The tutorial_taskflow_api_etl_virtualenv example DAG requires virtualenv, please install it.
[2024-12-18 22:33:39,979] {processor.py:653} WARNING - No viable dags retrieved from /home/patriciacorreia/Documents/airflowalura/venv/lib/python3.9/site-packages/airflow/example_dags/tutorial_taskflow_api_etl_virtualenv.py
[2024-12-18 22:33:40,001] {processor.py:161} INFO - Processing /home/patriciacorreia/Documents/airflowalura/venv/lib/python3.9/site-packages/airflow/example_dags/tutorial_taskflow_api_etl_virtualenv.py took 0.120 seconds
[2024-12-18 22:34:17,008] {processor.py:153} INFO - Started process (PID=22104) to work on /home/patriciacorreia/Documents/airflowalura/venv/lib/python3.9/site-packages/airflow/example_dags/tutorial_taskflow_api_etl_virtualenv.py
[2024-12-18 22:34:17,011] {processor.py:641} INFO - Processing file /home/patriciacorreia/Documents/airflowalura/venv/lib/python3.9/site-packages/airflow/example_dags/tutorial_taskflow_api_etl_virtualenv.py for tasks to queue
[2024-12-18 22:34:17,013] {logging_mixin.py:115} INFO - [2024-12-18 22:34:17,013] {dagbag.py:507} INFO - Filling up the DagBag from /home/patriciacorreia/Documents/airflowalura/venv/lib/python3.9/site-packages/airflow/example_dags/tutorial_taskflow_api_etl_virtualenv.py
[2024-12-18 22:34:17,062] {logging_mixin.py:115} INFO - [2024-12-18 22:34:17,062] {tutorial_taskflow_api_etl_virtualenv.py:29} WARNING - The tutorial_taskflow_api_etl_virtualenv example DAG requires virtualenv, please install it.
[2024-12-18 22:34:17,063] {processor.py:653} WARNING - No viable dags retrieved from /home/patriciacorreia/Documents/airflowalura/venv/lib/python3.9/site-packages/airflow/example_dags/tutorial_taskflow_api_etl_virtualenv.py
[2024-12-18 22:34:17,100] {processor.py:161} INFO - Processing /home/patriciacorreia/Documents/airflowalura/venv/lib/python3.9/site-packages/airflow/example_dags/tutorial_taskflow_api_etl_virtualenv.py took 0.105 seconds
[2024-12-18 22:34:51,408] {processor.py:153} INFO - Started process (PID=22259) to work on /home/patriciacorreia/Documents/airflowalura/venv/lib/python3.9/site-packages/airflow/example_dags/tutorial_taskflow_api_etl_virtualenv.py
[2024-12-18 22:34:51,412] {processor.py:641} INFO - Processing file /home/patriciacorreia/Documents/airflowalura/venv/lib/python3.9/site-packages/airflow/example_dags/tutorial_taskflow_api_etl_virtualenv.py for tasks to queue
[2024-12-18 22:34:51,415] {logging_mixin.py:115} INFO - [2024-12-18 22:34:51,415] {dagbag.py:507} INFO - Filling up the DagBag from /home/patriciacorreia/Documents/airflowalura/venv/lib/python3.9/site-packages/airflow/example_dags/tutorial_taskflow_api_etl_virtualenv.py
[2024-12-18 22:34:51,486] {logging_mixin.py:115} INFO - [2024-12-18 22:34:51,486] {tutorial_taskflow_api_etl_virtualenv.py:29} WARNING - The tutorial_taskflow_api_etl_virtualenv example DAG requires virtualenv, please install it.
[2024-12-18 22:34:51,487] {processor.py:653} WARNING - No viable dags retrieved from /home/patriciacorreia/Documents/airflowalura/venv/lib/python3.9/site-packages/airflow/example_dags/tutorial_taskflow_api_etl_virtualenv.py
[2024-12-18 22:34:51,542] {processor.py:161} INFO - Processing /home/patriciacorreia/Documents/airflowalura/venv/lib/python3.9/site-packages/airflow/example_dags/tutorial_taskflow_api_etl_virtualenv.py took 0.151 seconds
[2024-12-18 22:35:31,804] {processor.py:153} INFO - Started process (PID=22443) to work on /home/patriciacorreia/Documents/airflowalura/venv/lib/python3.9/site-packages/airflow/example_dags/tutorial_taskflow_api_etl_virtualenv.py
[2024-12-18 22:35:31,808] {processor.py:641} INFO - Processing file /home/patriciacorreia/Documents/airflowalura/venv/lib/python3.9/site-packages/airflow/example_dags/tutorial_taskflow_api_etl_virtualenv.py for tasks to queue
[2024-12-18 22:35:31,812] {logging_mixin.py:115} INFO - [2024-12-18 22:35:31,811] {dagbag.py:507} INFO - Filling up the DagBag from /home/patriciacorreia/Documents/airflowalura/venv/lib/python3.9/site-packages/airflow/example_dags/tutorial_taskflow_api_etl_virtualenv.py
[2024-12-18 22:35:31,889] {logging_mixin.py:115} INFO - [2024-12-18 22:35:31,889] {tutorial_taskflow_api_etl_virtualenv.py:29} WARNING - The tutorial_taskflow_api_etl_virtualenv example DAG requires virtualenv, please install it.
[2024-12-18 22:35:31,890] {processor.py:653} WARNING - No viable dags retrieved from /home/patriciacorreia/Documents/airflowalura/venv/lib/python3.9/site-packages/airflow/example_dags/tutorial_taskflow_api_etl_virtualenv.py
[2024-12-18 22:35:31,948] {processor.py:161} INFO - Processing /home/patriciacorreia/Documents/airflowalura/venv/lib/python3.9/site-packages/airflow/example_dags/tutorial_taskflow_api_etl_virtualenv.py took 0.161 seconds
[2024-12-18 22:36:10,184] {processor.py:153} INFO - Started process (PID=22617) to work on /home/patriciacorreia/Documents/airflowalura/venv/lib/python3.9/site-packages/airflow/example_dags/tutorial_taskflow_api_etl_virtualenv.py
[2024-12-18 22:36:10,188] {processor.py:641} INFO - Processing file /home/patriciacorreia/Documents/airflowalura/venv/lib/python3.9/site-packages/airflow/example_dags/tutorial_taskflow_api_etl_virtualenv.py for tasks to queue
[2024-12-18 22:36:10,191] {logging_mixin.py:115} INFO - [2024-12-18 22:36:10,190] {dagbag.py:507} INFO - Filling up the DagBag from /home/patriciacorreia/Documents/airflowalura/venv/lib/python3.9/site-packages/airflow/example_dags/tutorial_taskflow_api_etl_virtualenv.py
[2024-12-18 22:36:10,256] {logging_mixin.py:115} INFO - [2024-12-18 22:36:10,256] {tutorial_taskflow_api_etl_virtualenv.py:29} WARNING - The tutorial_taskflow_api_etl_virtualenv example DAG requires virtualenv, please install it.
[2024-12-18 22:36:10,257] {processor.py:653} WARNING - No viable dags retrieved from /home/patriciacorreia/Documents/airflowalura/venv/lib/python3.9/site-packages/airflow/example_dags/tutorial_taskflow_api_etl_virtualenv.py
[2024-12-18 22:36:10,308] {processor.py:161} INFO - Processing /home/patriciacorreia/Documents/airflowalura/venv/lib/python3.9/site-packages/airflow/example_dags/tutorial_taskflow_api_etl_virtualenv.py took 0.135 seconds
[2024-12-18 22:36:46,616] {processor.py:153} INFO - Started process (PID=22779) to work on /home/patriciacorreia/Documents/airflowalura/venv/lib/python3.9/site-packages/airflow/example_dags/tutorial_taskflow_api_etl_virtualenv.py
[2024-12-18 22:36:46,619] {processor.py:641} INFO - Processing file /home/patriciacorreia/Documents/airflowalura/venv/lib/python3.9/site-packages/airflow/example_dags/tutorial_taskflow_api_etl_virtualenv.py for tasks to queue
[2024-12-18 22:36:46,623] {logging_mixin.py:115} INFO - [2024-12-18 22:36:46,622] {dagbag.py:507} INFO - Filling up the DagBag from /home/patriciacorreia/Documents/airflowalura/venv/lib/python3.9/site-packages/airflow/example_dags/tutorial_taskflow_api_etl_virtualenv.py
[2024-12-18 22:36:46,686] {logging_mixin.py:115} INFO - [2024-12-18 22:36:46,685] {tutorial_taskflow_api_etl_virtualenv.py:29} WARNING - The tutorial_taskflow_api_etl_virtualenv example DAG requires virtualenv, please install it.
[2024-12-18 22:36:46,686] {processor.py:653} WARNING - No viable dags retrieved from /home/patriciacorreia/Documents/airflowalura/venv/lib/python3.9/site-packages/airflow/example_dags/tutorial_taskflow_api_etl_virtualenv.py
[2024-12-18 22:36:46,738] {processor.py:161} INFO - Processing /home/patriciacorreia/Documents/airflowalura/venv/lib/python3.9/site-packages/airflow/example_dags/tutorial_taskflow_api_etl_virtualenv.py took 0.136 seconds
[2024-12-18 22:37:30,900] {processor.py:153} INFO - Started process (PID=22971) to work on /home/patriciacorreia/Documents/airflowalura/venv/lib/python3.9/site-packages/airflow/example_dags/tutorial_taskflow_api_etl_virtualenv.py
[2024-12-18 22:37:30,904] {processor.py:641} INFO - Processing file /home/patriciacorreia/Documents/airflowalura/venv/lib/python3.9/site-packages/airflow/example_dags/tutorial_taskflow_api_etl_virtualenv.py for tasks to queue
[2024-12-18 22:37:30,906] {logging_mixin.py:115} INFO - [2024-12-18 22:37:30,905] {dagbag.py:507} INFO - Filling up the DagBag from /home/patriciacorreia/Documents/airflowalura/venv/lib/python3.9/site-packages/airflow/example_dags/tutorial_taskflow_api_etl_virtualenv.py
[2024-12-18 22:37:30,971] {logging_mixin.py:115} INFO - [2024-12-18 22:37:30,970] {tutorial_taskflow_api_etl_virtualenv.py:29} WARNING - The tutorial_taskflow_api_etl_virtualenv example DAG requires virtualenv, please install it.
[2024-12-18 22:37:30,971] {processor.py:653} WARNING - No viable dags retrieved from /home/patriciacorreia/Documents/airflowalura/venv/lib/python3.9/site-packages/airflow/example_dags/tutorial_taskflow_api_etl_virtualenv.py
[2024-12-18 22:37:31,022] {processor.py:161} INFO - Processing /home/patriciacorreia/Documents/airflowalura/venv/lib/python3.9/site-packages/airflow/example_dags/tutorial_taskflow_api_etl_virtualenv.py took 0.140 seconds
[2024-12-18 22:38:13,607] {processor.py:153} INFO - Started process (PID=23163) to work on /home/patriciacorreia/Documents/airflowalura/venv/lib/python3.9/site-packages/airflow/example_dags/tutorial_taskflow_api_etl_virtualenv.py
[2024-12-18 22:38:13,613] {processor.py:641} INFO - Processing file /home/patriciacorreia/Documents/airflowalura/venv/lib/python3.9/site-packages/airflow/example_dags/tutorial_taskflow_api_etl_virtualenv.py for tasks to queue
[2024-12-18 22:38:13,615] {logging_mixin.py:115} INFO - [2024-12-18 22:38:13,615] {dagbag.py:507} INFO - Filling up the DagBag from /home/patriciacorreia/Documents/airflowalura/venv/lib/python3.9/site-packages/airflow/example_dags/tutorial_taskflow_api_etl_virtualenv.py
[2024-12-18 22:38:13,674] {logging_mixin.py:115} INFO - [2024-12-18 22:38:13,672] {tutorial_taskflow_api_etl_virtualenv.py:29} WARNING - The tutorial_taskflow_api_etl_virtualenv example DAG requires virtualenv, please install it.
[2024-12-18 22:38:13,675] {processor.py:653} WARNING - No viable dags retrieved from /home/patriciacorreia/Documents/airflowalura/venv/lib/python3.9/site-packages/airflow/example_dags/tutorial_taskflow_api_etl_virtualenv.py
[2024-12-18 22:38:13,713] {processor.py:161} INFO - Processing /home/patriciacorreia/Documents/airflowalura/venv/lib/python3.9/site-packages/airflow/example_dags/tutorial_taskflow_api_etl_virtualenv.py took 0.118 seconds
[2024-12-18 22:38:53,239] {processor.py:153} INFO - Started process (PID=23348) to work on /home/patriciacorreia/Documents/airflowalura/venv/lib/python3.9/site-packages/airflow/example_dags/tutorial_taskflow_api_etl_virtualenv.py
[2024-12-18 22:38:53,246] {processor.py:641} INFO - Processing file /home/patriciacorreia/Documents/airflowalura/venv/lib/python3.9/site-packages/airflow/example_dags/tutorial_taskflow_api_etl_virtualenv.py for tasks to queue
[2024-12-18 22:38:53,248] {logging_mixin.py:115} INFO - [2024-12-18 22:38:53,247] {dagbag.py:507} INFO - Filling up the DagBag from /home/patriciacorreia/Documents/airflowalura/venv/lib/python3.9/site-packages/airflow/example_dags/tutorial_taskflow_api_etl_virtualenv.py
[2024-12-18 22:38:53,311] {logging_mixin.py:115} INFO - [2024-12-18 22:38:53,310] {tutorial_taskflow_api_etl_virtualenv.py:29} WARNING - The tutorial_taskflow_api_etl_virtualenv example DAG requires virtualenv, please install it.
[2024-12-18 22:38:53,311] {processor.py:653} WARNING - No viable dags retrieved from /home/patriciacorreia/Documents/airflowalura/venv/lib/python3.9/site-packages/airflow/example_dags/tutorial_taskflow_api_etl_virtualenv.py
[2024-12-18 22:38:53,361] {processor.py:161} INFO - Processing /home/patriciacorreia/Documents/airflowalura/venv/lib/python3.9/site-packages/airflow/example_dags/tutorial_taskflow_api_etl_virtualenv.py took 0.140 seconds
[2024-12-18 22:39:29,279] {processor.py:153} INFO - Started process (PID=23518) to work on /home/patriciacorreia/Documents/airflowalura/venv/lib/python3.9/site-packages/airflow/example_dags/tutorial_taskflow_api_etl_virtualenv.py
[2024-12-18 22:39:29,282] {processor.py:641} INFO - Processing file /home/patriciacorreia/Documents/airflowalura/venv/lib/python3.9/site-packages/airflow/example_dags/tutorial_taskflow_api_etl_virtualenv.py for tasks to queue
[2024-12-18 22:39:29,284] {logging_mixin.py:115} INFO - [2024-12-18 22:39:29,284] {dagbag.py:507} INFO - Filling up the DagBag from /home/patriciacorreia/Documents/airflowalura/venv/lib/python3.9/site-packages/airflow/example_dags/tutorial_taskflow_api_etl_virtualenv.py
[2024-12-18 22:39:29,315] {logging_mixin.py:115} INFO - [2024-12-18 22:39:29,315] {tutorial_taskflow_api_etl_virtualenv.py:29} WARNING - The tutorial_taskflow_api_etl_virtualenv example DAG requires virtualenv, please install it.
[2024-12-18 22:39:29,316] {processor.py:653} WARNING - No viable dags retrieved from /home/patriciacorreia/Documents/airflowalura/venv/lib/python3.9/site-packages/airflow/example_dags/tutorial_taskflow_api_etl_virtualenv.py
[2024-12-18 22:39:29,345] {processor.py:161} INFO - Processing /home/patriciacorreia/Documents/airflowalura/venv/lib/python3.9/site-packages/airflow/example_dags/tutorial_taskflow_api_etl_virtualenv.py took 0.073 seconds
[2024-12-18 22:40:04,726] {processor.py:153} INFO - Started process (PID=23689) to work on /home/patriciacorreia/Documents/airflowalura/venv/lib/python3.9/site-packages/airflow/example_dags/tutorial_taskflow_api_etl_virtualenv.py
[2024-12-18 22:40:04,729] {processor.py:641} INFO - Processing file /home/patriciacorreia/Documents/airflowalura/venv/lib/python3.9/site-packages/airflow/example_dags/tutorial_taskflow_api_etl_virtualenv.py for tasks to queue
[2024-12-18 22:40:04,732] {logging_mixin.py:115} INFO - [2024-12-18 22:40:04,732] {dagbag.py:507} INFO - Filling up the DagBag from /home/patriciacorreia/Documents/airflowalura/venv/lib/python3.9/site-packages/airflow/example_dags/tutorial_taskflow_api_etl_virtualenv.py
[2024-12-18 22:40:04,787] {logging_mixin.py:115} INFO - [2024-12-18 22:40:04,787] {tutorial_taskflow_api_etl_virtualenv.py:29} WARNING - The tutorial_taskflow_api_etl_virtualenv example DAG requires virtualenv, please install it.
[2024-12-18 22:40:04,788] {processor.py:653} WARNING - No viable dags retrieved from /home/patriciacorreia/Documents/airflowalura/venv/lib/python3.9/site-packages/airflow/example_dags/tutorial_taskflow_api_etl_virtualenv.py
[2024-12-18 22:40:04,830] {processor.py:161} INFO - Processing /home/patriciacorreia/Documents/airflowalura/venv/lib/python3.9/site-packages/airflow/example_dags/tutorial_taskflow_api_etl_virtualenv.py took 0.116 seconds
[2024-12-18 22:40:43,740] {processor.py:153} INFO - Started process (PID=23929) to work on /home/patriciacorreia/Documents/airflowalura/venv/lib/python3.9/site-packages/airflow/example_dags/tutorial_taskflow_api_etl_virtualenv.py
[2024-12-18 22:40:43,742] {processor.py:641} INFO - Processing file /home/patriciacorreia/Documents/airflowalura/venv/lib/python3.9/site-packages/airflow/example_dags/tutorial_taskflow_api_etl_virtualenv.py for tasks to queue
[2024-12-18 22:40:43,743] {logging_mixin.py:115} INFO - [2024-12-18 22:40:43,743] {dagbag.py:507} INFO - Filling up the DagBag from /home/patriciacorreia/Documents/airflowalura/venv/lib/python3.9/site-packages/airflow/example_dags/tutorial_taskflow_api_etl_virtualenv.py
[2024-12-18 22:40:43,773] {logging_mixin.py:115} INFO - [2024-12-18 22:40:43,773] {tutorial_taskflow_api_etl_virtualenv.py:29} WARNING - The tutorial_taskflow_api_etl_virtualenv example DAG requires virtualenv, please install it.
[2024-12-18 22:40:43,774] {processor.py:653} WARNING - No viable dags retrieved from /home/patriciacorreia/Documents/airflowalura/venv/lib/python3.9/site-packages/airflow/example_dags/tutorial_taskflow_api_etl_virtualenv.py
[2024-12-18 22:40:43,798] {processor.py:161} INFO - Processing /home/patriciacorreia/Documents/airflowalura/venv/lib/python3.9/site-packages/airflow/example_dags/tutorial_taskflow_api_etl_virtualenv.py took 0.065 seconds
