[2024-12-18 22:05:10,171] {processor.py:153} INFO - Started process (PID=13788) to work on /home/patriciacorreia/Documents/airflowalura/venv/lib/python3.9/site-packages/airflow/example_dags/tutorial_taskflow_api_etl.py
[2024-12-18 22:05:10,181] {processor.py:641} INFO - Processing file /home/patriciacorreia/Documents/airflowalura/venv/lib/python3.9/site-packages/airflow/example_dags/tutorial_taskflow_api_etl.py for tasks to queue
[2024-12-18 22:05:10,189] {logging_mixin.py:115} INFO - [2024-12-18 22:05:10,189] {dagbag.py:507} INFO - Filling up the DagBag from /home/patriciacorreia/Documents/airflowalura/venv/lib/python3.9/site-packages/airflow/example_dags/tutorial_taskflow_api_etl.py
[2024-12-18 22:05:10,407] {processor.py:651} INFO - DAG(s) dict_keys(['tutorial_taskflow_api_etl']) retrieved from /home/patriciacorreia/Documents/airflowalura/venv/lib/python3.9/site-packages/airflow/example_dags/tutorial_taskflow_api_etl.py
[2024-12-18 22:05:11,246] {logging_mixin.py:115} INFO - [2024-12-18 22:05:11,246] {manager.py:508} INFO - Created Permission View: can read on DAG:tutorial_taskflow_api_etl
[2024-12-18 22:05:11,283] {logging_mixin.py:115} INFO - [2024-12-18 22:05:11,283] {manager.py:508} INFO - Created Permission View: can delete on DAG:tutorial_taskflow_api_etl
[2024-12-18 22:05:11,304] {logging_mixin.py:115} INFO - [2024-12-18 22:05:11,303] {manager.py:508} INFO - Created Permission View: can edit on DAG:tutorial_taskflow_api_etl
[2024-12-18 22:05:11,304] {logging_mixin.py:115} INFO - [2024-12-18 22:05:11,304] {dag.py:2379} INFO - Sync 1 DAGs
[2024-12-18 22:05:11,403] {logging_mixin.py:115} INFO - [2024-12-18 22:05:11,403] {dag.py:2398} INFO - Creating ORM DAG for tutorial_taskflow_api_etl
[2024-12-18 22:05:11,474] {logging_mixin.py:115} INFO - [2024-12-18 22:05:11,474] {dag.py:2927} INFO - Setting next_dagrun for tutorial_taskflow_api_etl to None, run_after=None
[2024-12-18 22:05:11,513] {processor.py:161} INFO - Processing /home/patriciacorreia/Documents/airflowalura/venv/lib/python3.9/site-packages/airflow/example_dags/tutorial_taskflow_api_etl.py took 1.419 seconds
[2024-12-18 22:05:53,372] {processor.py:153} INFO - Started process (PID=13894) to work on /home/patriciacorreia/Documents/airflowalura/venv/lib/python3.9/site-packages/airflow/example_dags/tutorial_taskflow_api_etl.py
[2024-12-18 22:05:53,374] {processor.py:641} INFO - Processing file /home/patriciacorreia/Documents/airflowalura/venv/lib/python3.9/site-packages/airflow/example_dags/tutorial_taskflow_api_etl.py for tasks to queue
[2024-12-18 22:05:53,375] {logging_mixin.py:115} INFO - [2024-12-18 22:05:53,375] {dagbag.py:507} INFO - Filling up the DagBag from /home/patriciacorreia/Documents/airflowalura/venv/lib/python3.9/site-packages/airflow/example_dags/tutorial_taskflow_api_etl.py
[2024-12-18 22:05:53,405] {processor.py:651} INFO - DAG(s) dict_keys(['tutorial_taskflow_api_etl']) retrieved from /home/patriciacorreia/Documents/airflowalura/venv/lib/python3.9/site-packages/airflow/example_dags/tutorial_taskflow_api_etl.py
[2024-12-18 22:05:53,464] {logging_mixin.py:115} INFO - [2024-12-18 22:05:53,464] {dag.py:2379} INFO - Sync 1 DAGs
[2024-12-18 22:05:53,488] {logging_mixin.py:115} INFO - [2024-12-18 22:05:53,488] {dag.py:2927} INFO - Setting next_dagrun for tutorial_taskflow_api_etl to None, run_after=None
[2024-12-18 22:05:53,505] {processor.py:161} INFO - Processing /home/patriciacorreia/Documents/airflowalura/venv/lib/python3.9/site-packages/airflow/example_dags/tutorial_taskflow_api_etl.py took 0.138 seconds
[2024-12-18 22:06:28,373] {processor.py:153} INFO - Started process (PID=14023) to work on /home/patriciacorreia/Documents/airflowalura/venv/lib/python3.9/site-packages/airflow/example_dags/tutorial_taskflow_api_etl.py
[2024-12-18 22:06:28,374] {processor.py:641} INFO - Processing file /home/patriciacorreia/Documents/airflowalura/venv/lib/python3.9/site-packages/airflow/example_dags/tutorial_taskflow_api_etl.py for tasks to queue
[2024-12-18 22:06:28,375] {logging_mixin.py:115} INFO - [2024-12-18 22:06:28,375] {dagbag.py:507} INFO - Filling up the DagBag from /home/patriciacorreia/Documents/airflowalura/venv/lib/python3.9/site-packages/airflow/example_dags/tutorial_taskflow_api_etl.py
[2024-12-18 22:06:28,398] {processor.py:651} INFO - DAG(s) dict_keys(['tutorial_taskflow_api_etl']) retrieved from /home/patriciacorreia/Documents/airflowalura/venv/lib/python3.9/site-packages/airflow/example_dags/tutorial_taskflow_api_etl.py
[2024-12-18 22:06:28,453] {logging_mixin.py:115} INFO - [2024-12-18 22:06:28,453] {dag.py:2379} INFO - Sync 1 DAGs
[2024-12-18 22:06:28,471] {logging_mixin.py:115} INFO - [2024-12-18 22:06:28,471] {dag.py:2927} INFO - Setting next_dagrun for tutorial_taskflow_api_etl to None, run_after=None
[2024-12-18 22:06:28,487] {processor.py:161} INFO - Processing /home/patriciacorreia/Documents/airflowalura/venv/lib/python3.9/site-packages/airflow/example_dags/tutorial_taskflow_api_etl.py took 0.119 seconds
[2024-12-18 22:06:59,826] {processor.py:153} INFO - Started process (PID=14135) to work on /home/patriciacorreia/Documents/airflowalura/venv/lib/python3.9/site-packages/airflow/example_dags/tutorial_taskflow_api_etl.py
[2024-12-18 22:06:59,830] {processor.py:641} INFO - Processing file /home/patriciacorreia/Documents/airflowalura/venv/lib/python3.9/site-packages/airflow/example_dags/tutorial_taskflow_api_etl.py for tasks to queue
[2024-12-18 22:06:59,838] {logging_mixin.py:115} INFO - [2024-12-18 22:06:59,838] {dagbag.py:507} INFO - Filling up the DagBag from /home/patriciacorreia/Documents/airflowalura/venv/lib/python3.9/site-packages/airflow/example_dags/tutorial_taskflow_api_etl.py
[2024-12-18 22:06:59,905] {processor.py:651} INFO - DAG(s) dict_keys(['tutorial_taskflow_api_etl']) retrieved from /home/patriciacorreia/Documents/airflowalura/venv/lib/python3.9/site-packages/airflow/example_dags/tutorial_taskflow_api_etl.py
[2024-12-18 22:07:00,010] {logging_mixin.py:115} INFO - [2024-12-18 22:07:00,010] {dag.py:2379} INFO - Sync 1 DAGs
[2024-12-18 22:07:00,066] {logging_mixin.py:115} INFO - [2024-12-18 22:07:00,066] {dag.py:2927} INFO - Setting next_dagrun for tutorial_taskflow_api_etl to None, run_after=None
[2024-12-18 22:07:00,116] {processor.py:161} INFO - Processing /home/patriciacorreia/Documents/airflowalura/venv/lib/python3.9/site-packages/airflow/example_dags/tutorial_taskflow_api_etl.py took 0.299 seconds
[2024-12-18 22:07:32,986] {processor.py:153} INFO - Started process (PID=14198) to work on /home/patriciacorreia/Documents/airflowalura/venv/lib/python3.9/site-packages/airflow/example_dags/tutorial_taskflow_api_etl.py
[2024-12-18 22:07:32,988] {processor.py:641} INFO - Processing file /home/patriciacorreia/Documents/airflowalura/venv/lib/python3.9/site-packages/airflow/example_dags/tutorial_taskflow_api_etl.py for tasks to queue
[2024-12-18 22:07:32,989] {logging_mixin.py:115} INFO - [2024-12-18 22:07:32,988] {dagbag.py:507} INFO - Filling up the DagBag from /home/patriciacorreia/Documents/airflowalura/venv/lib/python3.9/site-packages/airflow/example_dags/tutorial_taskflow_api_etl.py
[2024-12-18 22:07:33,032] {processor.py:651} INFO - DAG(s) dict_keys(['tutorial_taskflow_api_etl']) retrieved from /home/patriciacorreia/Documents/airflowalura/venv/lib/python3.9/site-packages/airflow/example_dags/tutorial_taskflow_api_etl.py
[2024-12-18 22:07:33,141] {logging_mixin.py:115} INFO - [2024-12-18 22:07:33,141] {dag.py:2379} INFO - Sync 1 DAGs
[2024-12-18 22:07:33,179] {logging_mixin.py:115} INFO - [2024-12-18 22:07:33,179] {dag.py:2927} INFO - Setting next_dagrun for tutorial_taskflow_api_etl to None, run_after=None
[2024-12-18 22:07:33,214] {processor.py:161} INFO - Processing /home/patriciacorreia/Documents/airflowalura/venv/lib/python3.9/site-packages/airflow/example_dags/tutorial_taskflow_api_etl.py took 0.235 seconds
[2024-12-18 22:08:08,484] {processor.py:153} INFO - Started process (PID=14285) to work on /home/patriciacorreia/Documents/airflowalura/venv/lib/python3.9/site-packages/airflow/example_dags/tutorial_taskflow_api_etl.py
[2024-12-18 22:08:08,486] {processor.py:641} INFO - Processing file /home/patriciacorreia/Documents/airflowalura/venv/lib/python3.9/site-packages/airflow/example_dags/tutorial_taskflow_api_etl.py for tasks to queue
[2024-12-18 22:08:08,487] {logging_mixin.py:115} INFO - [2024-12-18 22:08:08,487] {dagbag.py:507} INFO - Filling up the DagBag from /home/patriciacorreia/Documents/airflowalura/venv/lib/python3.9/site-packages/airflow/example_dags/tutorial_taskflow_api_etl.py
[2024-12-18 22:08:08,520] {processor.py:651} INFO - DAG(s) dict_keys(['tutorial_taskflow_api_etl']) retrieved from /home/patriciacorreia/Documents/airflowalura/venv/lib/python3.9/site-packages/airflow/example_dags/tutorial_taskflow_api_etl.py
[2024-12-18 22:08:08,597] {logging_mixin.py:115} INFO - [2024-12-18 22:08:08,597] {dag.py:2379} INFO - Sync 1 DAGs
[2024-12-18 22:08:08,635] {logging_mixin.py:115} INFO - [2024-12-18 22:08:08,635] {dag.py:2927} INFO - Setting next_dagrun for tutorial_taskflow_api_etl to None, run_after=None
[2024-12-18 22:08:08,657] {processor.py:161} INFO - Processing /home/patriciacorreia/Documents/airflowalura/venv/lib/python3.9/site-packages/airflow/example_dags/tutorial_taskflow_api_etl.py took 0.180 seconds
[2024-12-18 22:08:39,879] {processor.py:153} INFO - Started process (PID=14394) to work on /home/patriciacorreia/Documents/airflowalura/venv/lib/python3.9/site-packages/airflow/example_dags/tutorial_taskflow_api_etl.py
[2024-12-18 22:08:39,880] {processor.py:641} INFO - Processing file /home/patriciacorreia/Documents/airflowalura/venv/lib/python3.9/site-packages/airflow/example_dags/tutorial_taskflow_api_etl.py for tasks to queue
[2024-12-18 22:08:39,881] {logging_mixin.py:115} INFO - [2024-12-18 22:08:39,880] {dagbag.py:507} INFO - Filling up the DagBag from /home/patriciacorreia/Documents/airflowalura/venv/lib/python3.9/site-packages/airflow/example_dags/tutorial_taskflow_api_etl.py
[2024-12-18 22:08:39,905] {processor.py:651} INFO - DAG(s) dict_keys(['tutorial_taskflow_api_etl']) retrieved from /home/patriciacorreia/Documents/airflowalura/venv/lib/python3.9/site-packages/airflow/example_dags/tutorial_taskflow_api_etl.py
[2024-12-18 22:08:40,000] {logging_mixin.py:115} INFO - [2024-12-18 22:08:40,000] {dag.py:2379} INFO - Sync 1 DAGs
[2024-12-18 22:08:40,029] {logging_mixin.py:115} INFO - [2024-12-18 22:08:40,029] {dag.py:2927} INFO - Setting next_dagrun for tutorial_taskflow_api_etl to None, run_after=None
[2024-12-18 22:08:40,060] {processor.py:161} INFO - Processing /home/patriciacorreia/Documents/airflowalura/venv/lib/python3.9/site-packages/airflow/example_dags/tutorial_taskflow_api_etl.py took 0.184 seconds
[2024-12-18 22:09:16,777] {processor.py:153} INFO - Started process (PID=14561) to work on /home/patriciacorreia/Documents/airflowalura/venv/lib/python3.9/site-packages/airflow/example_dags/tutorial_taskflow_api_etl.py
[2024-12-18 22:09:16,782] {processor.py:641} INFO - Processing file /home/patriciacorreia/Documents/airflowalura/venv/lib/python3.9/site-packages/airflow/example_dags/tutorial_taskflow_api_etl.py for tasks to queue
[2024-12-18 22:09:16,784] {logging_mixin.py:115} INFO - [2024-12-18 22:09:16,783] {dagbag.py:507} INFO - Filling up the DagBag from /home/patriciacorreia/Documents/airflowalura/venv/lib/python3.9/site-packages/airflow/example_dags/tutorial_taskflow_api_etl.py
[2024-12-18 22:09:16,838] {processor.py:651} INFO - DAG(s) dict_keys(['tutorial_taskflow_api_etl']) retrieved from /home/patriciacorreia/Documents/airflowalura/venv/lib/python3.9/site-packages/airflow/example_dags/tutorial_taskflow_api_etl.py
[2024-12-18 22:09:16,974] {logging_mixin.py:115} INFO - [2024-12-18 22:09:16,974] {dag.py:2379} INFO - Sync 1 DAGs
[2024-12-18 22:09:16,996] {logging_mixin.py:115} INFO - [2024-12-18 22:09:16,996] {dag.py:2927} INFO - Setting next_dagrun for tutorial_taskflow_api_etl to None, run_after=None
[2024-12-18 22:09:17,016] {processor.py:161} INFO - Processing /home/patriciacorreia/Documents/airflowalura/venv/lib/python3.9/site-packages/airflow/example_dags/tutorial_taskflow_api_etl.py took 0.249 seconds
[2024-12-18 22:09:48,748] {processor.py:153} INFO - Started process (PID=14718) to work on /home/patriciacorreia/Documents/airflowalura/venv/lib/python3.9/site-packages/airflow/example_dags/tutorial_taskflow_api_etl.py
[2024-12-18 22:09:48,749] {processor.py:641} INFO - Processing file /home/patriciacorreia/Documents/airflowalura/venv/lib/python3.9/site-packages/airflow/example_dags/tutorial_taskflow_api_etl.py for tasks to queue
[2024-12-18 22:09:48,750] {logging_mixin.py:115} INFO - [2024-12-18 22:09:48,750] {dagbag.py:507} INFO - Filling up the DagBag from /home/patriciacorreia/Documents/airflowalura/venv/lib/python3.9/site-packages/airflow/example_dags/tutorial_taskflow_api_etl.py
[2024-12-18 22:09:48,780] {processor.py:651} INFO - DAG(s) dict_keys(['tutorial_taskflow_api_etl']) retrieved from /home/patriciacorreia/Documents/airflowalura/venv/lib/python3.9/site-packages/airflow/example_dags/tutorial_taskflow_api_etl.py
[2024-12-18 22:09:48,857] {logging_mixin.py:115} INFO - [2024-12-18 22:09:48,856] {dag.py:2379} INFO - Sync 1 DAGs
[2024-12-18 22:09:48,882] {logging_mixin.py:115} INFO - [2024-12-18 22:09:48,882] {dag.py:2927} INFO - Setting next_dagrun for tutorial_taskflow_api_etl to None, run_after=None
[2024-12-18 22:09:48,905] {processor.py:161} INFO - Processing /home/patriciacorreia/Documents/airflowalura/venv/lib/python3.9/site-packages/airflow/example_dags/tutorial_taskflow_api_etl.py took 0.162 seconds
[2024-12-18 22:10:25,089] {processor.py:153} INFO - Started process (PID=14985) to work on /home/patriciacorreia/Documents/airflowalura/venv/lib/python3.9/site-packages/airflow/example_dags/tutorial_taskflow_api_etl.py
[2024-12-18 22:10:25,091] {processor.py:641} INFO - Processing file /home/patriciacorreia/Documents/airflowalura/venv/lib/python3.9/site-packages/airflow/example_dags/tutorial_taskflow_api_etl.py for tasks to queue
[2024-12-18 22:10:25,091] {logging_mixin.py:115} INFO - [2024-12-18 22:10:25,091] {dagbag.py:507} INFO - Filling up the DagBag from /home/patriciacorreia/Documents/airflowalura/venv/lib/python3.9/site-packages/airflow/example_dags/tutorial_taskflow_api_etl.py
[2024-12-18 22:10:25,118] {processor.py:651} INFO - DAG(s) dict_keys(['tutorial_taskflow_api_etl']) retrieved from /home/patriciacorreia/Documents/airflowalura/venv/lib/python3.9/site-packages/airflow/example_dags/tutorial_taskflow_api_etl.py
[2024-12-18 22:10:25,205] {logging_mixin.py:115} INFO - [2024-12-18 22:10:25,205] {dag.py:2379} INFO - Sync 1 DAGs
[2024-12-18 22:10:25,238] {logging_mixin.py:115} INFO - [2024-12-18 22:10:25,238] {dag.py:2927} INFO - Setting next_dagrun for tutorial_taskflow_api_etl to None, run_after=None
[2024-12-18 22:10:25,270] {processor.py:161} INFO - Processing /home/patriciacorreia/Documents/airflowalura/venv/lib/python3.9/site-packages/airflow/example_dags/tutorial_taskflow_api_etl.py took 0.186 seconds
[2024-12-18 22:10:59,394] {processor.py:153} INFO - Started process (PID=15380) to work on /home/patriciacorreia/Documents/airflowalura/venv/lib/python3.9/site-packages/airflow/example_dags/tutorial_taskflow_api_etl.py
[2024-12-18 22:10:59,397] {processor.py:641} INFO - Processing file /home/patriciacorreia/Documents/airflowalura/venv/lib/python3.9/site-packages/airflow/example_dags/tutorial_taskflow_api_etl.py for tasks to queue
[2024-12-18 22:10:59,398] {logging_mixin.py:115} INFO - [2024-12-18 22:10:59,398] {dagbag.py:507} INFO - Filling up the DagBag from /home/patriciacorreia/Documents/airflowalura/venv/lib/python3.9/site-packages/airflow/example_dags/tutorial_taskflow_api_etl.py
[2024-12-18 22:10:59,440] {processor.py:651} INFO - DAG(s) dict_keys(['tutorial_taskflow_api_etl']) retrieved from /home/patriciacorreia/Documents/airflowalura/venv/lib/python3.9/site-packages/airflow/example_dags/tutorial_taskflow_api_etl.py
[2024-12-18 22:10:59,479] {logging_mixin.py:115} INFO - [2024-12-18 22:10:59,479] {dag.py:2379} INFO - Sync 1 DAGs
[2024-12-18 22:10:59,524] {logging_mixin.py:115} INFO - [2024-12-18 22:10:59,524] {dag.py:2927} INFO - Setting next_dagrun for tutorial_taskflow_api_etl to None, run_after=None
[2024-12-18 22:10:59,564] {processor.py:161} INFO - Processing /home/patriciacorreia/Documents/airflowalura/venv/lib/python3.9/site-packages/airflow/example_dags/tutorial_taskflow_api_etl.py took 0.178 seconds
[2024-12-18 22:11:36,411] {processor.py:153} INFO - Started process (PID=15536) to work on /home/patriciacorreia/Documents/airflowalura/venv/lib/python3.9/site-packages/airflow/example_dags/tutorial_taskflow_api_etl.py
[2024-12-18 22:11:36,414] {processor.py:641} INFO - Processing file /home/patriciacorreia/Documents/airflowalura/venv/lib/python3.9/site-packages/airflow/example_dags/tutorial_taskflow_api_etl.py for tasks to queue
[2024-12-18 22:11:36,417] {logging_mixin.py:115} INFO - [2024-12-18 22:11:36,416] {dagbag.py:507} INFO - Filling up the DagBag from /home/patriciacorreia/Documents/airflowalura/venv/lib/python3.9/site-packages/airflow/example_dags/tutorial_taskflow_api_etl.py
[2024-12-18 22:11:36,493] {processor.py:651} INFO - DAG(s) dict_keys(['tutorial_taskflow_api_etl']) retrieved from /home/patriciacorreia/Documents/airflowalura/venv/lib/python3.9/site-packages/airflow/example_dags/tutorial_taskflow_api_etl.py
[2024-12-18 22:11:36,637] {logging_mixin.py:115} INFO - [2024-12-18 22:11:36,637] {dag.py:2379} INFO - Sync 1 DAGs
[2024-12-18 22:11:36,674] {logging_mixin.py:115} INFO - [2024-12-18 22:11:36,674] {dag.py:2927} INFO - Setting next_dagrun for tutorial_taskflow_api_etl to None, run_after=None
[2024-12-18 22:11:36,697] {processor.py:161} INFO - Processing /home/patriciacorreia/Documents/airflowalura/venv/lib/python3.9/site-packages/airflow/example_dags/tutorial_taskflow_api_etl.py took 0.296 seconds
[2024-12-18 22:12:08,753] {processor.py:153} INFO - Started process (PID=15680) to work on /home/patriciacorreia/Documents/airflowalura/venv/lib/python3.9/site-packages/airflow/example_dags/tutorial_taskflow_api_etl.py
[2024-12-18 22:12:08,757] {processor.py:641} INFO - Processing file /home/patriciacorreia/Documents/airflowalura/venv/lib/python3.9/site-packages/airflow/example_dags/tutorial_taskflow_api_etl.py for tasks to queue
[2024-12-18 22:12:08,760] {logging_mixin.py:115} INFO - [2024-12-18 22:12:08,760] {dagbag.py:507} INFO - Filling up the DagBag from /home/patriciacorreia/Documents/airflowalura/venv/lib/python3.9/site-packages/airflow/example_dags/tutorial_taskflow_api_etl.py
[2024-12-18 22:12:08,836] {processor.py:651} INFO - DAG(s) dict_keys(['tutorial_taskflow_api_etl']) retrieved from /home/patriciacorreia/Documents/airflowalura/venv/lib/python3.9/site-packages/airflow/example_dags/tutorial_taskflow_api_etl.py
[2024-12-18 22:12:08,906] {logging_mixin.py:115} INFO - [2024-12-18 22:12:08,906] {dag.py:2379} INFO - Sync 1 DAGs
[2024-12-18 22:12:09,009] {logging_mixin.py:115} INFO - [2024-12-18 22:12:09,008] {dag.py:2927} INFO - Setting next_dagrun for tutorial_taskflow_api_etl to None, run_after=None
[2024-12-18 22:12:09,062] {processor.py:161} INFO - Processing /home/patriciacorreia/Documents/airflowalura/venv/lib/python3.9/site-packages/airflow/example_dags/tutorial_taskflow_api_etl.py took 0.321 seconds
[2024-12-18 22:12:39,540] {processor.py:153} INFO - Started process (PID=15822) to work on /home/patriciacorreia/Documents/airflowalura/venv/lib/python3.9/site-packages/airflow/example_dags/tutorial_taskflow_api_etl.py
[2024-12-18 22:12:39,542] {processor.py:641} INFO - Processing file /home/patriciacorreia/Documents/airflowalura/venv/lib/python3.9/site-packages/airflow/example_dags/tutorial_taskflow_api_etl.py for tasks to queue
[2024-12-18 22:12:39,543] {logging_mixin.py:115} INFO - [2024-12-18 22:12:39,543] {dagbag.py:507} INFO - Filling up the DagBag from /home/patriciacorreia/Documents/airflowalura/venv/lib/python3.9/site-packages/airflow/example_dags/tutorial_taskflow_api_etl.py
[2024-12-18 22:12:39,580] {processor.py:651} INFO - DAG(s) dict_keys(['tutorial_taskflow_api_etl']) retrieved from /home/patriciacorreia/Documents/airflowalura/venv/lib/python3.9/site-packages/airflow/example_dags/tutorial_taskflow_api_etl.py
[2024-12-18 22:12:39,614] {logging_mixin.py:115} INFO - [2024-12-18 22:12:39,613] {dag.py:2379} INFO - Sync 1 DAGs
[2024-12-18 22:12:39,652] {logging_mixin.py:115} INFO - [2024-12-18 22:12:39,651] {dag.py:2927} INFO - Setting next_dagrun for tutorial_taskflow_api_etl to None, run_after=None
[2024-12-18 22:12:39,675] {processor.py:161} INFO - Processing /home/patriciacorreia/Documents/airflowalura/venv/lib/python3.9/site-packages/airflow/example_dags/tutorial_taskflow_api_etl.py took 0.142 seconds
[2024-12-18 22:13:13,293] {processor.py:153} INFO - Started process (PID=15969) to work on /home/patriciacorreia/Documents/airflowalura/venv/lib/python3.9/site-packages/airflow/example_dags/tutorial_taskflow_api_etl.py
[2024-12-18 22:13:13,296] {processor.py:641} INFO - Processing file /home/patriciacorreia/Documents/airflowalura/venv/lib/python3.9/site-packages/airflow/example_dags/tutorial_taskflow_api_etl.py for tasks to queue
[2024-12-18 22:13:13,298] {logging_mixin.py:115} INFO - [2024-12-18 22:13:13,297] {dagbag.py:507} INFO - Filling up the DagBag from /home/patriciacorreia/Documents/airflowalura/venv/lib/python3.9/site-packages/airflow/example_dags/tutorial_taskflow_api_etl.py
[2024-12-18 22:13:13,362] {processor.py:651} INFO - DAG(s) dict_keys(['tutorial_taskflow_api_etl']) retrieved from /home/patriciacorreia/Documents/airflowalura/venv/lib/python3.9/site-packages/airflow/example_dags/tutorial_taskflow_api_etl.py
[2024-12-18 22:13:13,425] {logging_mixin.py:115} INFO - [2024-12-18 22:13:13,424] {dag.py:2379} INFO - Sync 1 DAGs
[2024-12-18 22:13:13,503] {logging_mixin.py:115} INFO - [2024-12-18 22:13:13,503] {dag.py:2927} INFO - Setting next_dagrun for tutorial_taskflow_api_etl to None, run_after=None
[2024-12-18 22:13:13,529] {processor.py:161} INFO - Processing /home/patriciacorreia/Documents/airflowalura/venv/lib/python3.9/site-packages/airflow/example_dags/tutorial_taskflow_api_etl.py took 0.248 seconds
[2024-12-18 22:13:48,887] {processor.py:153} INFO - Started process (PID=16133) to work on /home/patriciacorreia/Documents/airflowalura/venv/lib/python3.9/site-packages/airflow/example_dags/tutorial_taskflow_api_etl.py
[2024-12-18 22:13:48,890] {processor.py:641} INFO - Processing file /home/patriciacorreia/Documents/airflowalura/venv/lib/python3.9/site-packages/airflow/example_dags/tutorial_taskflow_api_etl.py for tasks to queue
[2024-12-18 22:13:48,892] {logging_mixin.py:115} INFO - [2024-12-18 22:13:48,891] {dagbag.py:507} INFO - Filling up the DagBag from /home/patriciacorreia/Documents/airflowalura/venv/lib/python3.9/site-packages/airflow/example_dags/tutorial_taskflow_api_etl.py
[2024-12-18 22:13:48,962] {processor.py:651} INFO - DAG(s) dict_keys(['tutorial_taskflow_api_etl']) retrieved from /home/patriciacorreia/Documents/airflowalura/venv/lib/python3.9/site-packages/airflow/example_dags/tutorial_taskflow_api_etl.py
[2024-12-18 22:13:49,111] {logging_mixin.py:115} INFO - [2024-12-18 22:13:49,111] {dag.py:2379} INFO - Sync 1 DAGs
[2024-12-18 22:13:49,137] {logging_mixin.py:115} INFO - [2024-12-18 22:13:49,137] {dag.py:2927} INFO - Setting next_dagrun for tutorial_taskflow_api_etl to None, run_after=None
[2024-12-18 22:13:49,156] {processor.py:161} INFO - Processing /home/patriciacorreia/Documents/airflowalura/venv/lib/python3.9/site-packages/airflow/example_dags/tutorial_taskflow_api_etl.py took 0.282 seconds
[2024-12-18 22:14:31,300] {processor.py:153} INFO - Started process (PID=16350) to work on /home/patriciacorreia/Documents/airflowalura/venv/lib/python3.9/site-packages/airflow/example_dags/tutorial_taskflow_api_etl.py
[2024-12-18 22:14:31,304] {processor.py:641} INFO - Processing file /home/patriciacorreia/Documents/airflowalura/venv/lib/python3.9/site-packages/airflow/example_dags/tutorial_taskflow_api_etl.py for tasks to queue
[2024-12-18 22:14:31,307] {logging_mixin.py:115} INFO - [2024-12-18 22:14:31,306] {dagbag.py:507} INFO - Filling up the DagBag from /home/patriciacorreia/Documents/airflowalura/venv/lib/python3.9/site-packages/airflow/example_dags/tutorial_taskflow_api_etl.py
[2024-12-18 22:14:31,384] {processor.py:651} INFO - DAG(s) dict_keys(['tutorial_taskflow_api_etl']) retrieved from /home/patriciacorreia/Documents/airflowalura/venv/lib/python3.9/site-packages/airflow/example_dags/tutorial_taskflow_api_etl.py
[2024-12-18 22:14:31,450] {logging_mixin.py:115} INFO - [2024-12-18 22:14:31,449] {dag.py:2379} INFO - Sync 1 DAGs
[2024-12-18 22:14:31,533] {logging_mixin.py:115} INFO - [2024-12-18 22:14:31,532] {dag.py:2927} INFO - Setting next_dagrun for tutorial_taskflow_api_etl to None, run_after=None
[2024-12-18 22:14:31,626] {processor.py:161} INFO - Processing /home/patriciacorreia/Documents/airflowalura/venv/lib/python3.9/site-packages/airflow/example_dags/tutorial_taskflow_api_etl.py took 0.343 seconds
[2024-12-18 22:15:02,778] {processor.py:153} INFO - Started process (PID=16501) to work on /home/patriciacorreia/Documents/airflowalura/venv/lib/python3.9/site-packages/airflow/example_dags/tutorial_taskflow_api_etl.py
[2024-12-18 22:15:02,783] {processor.py:641} INFO - Processing file /home/patriciacorreia/Documents/airflowalura/venv/lib/python3.9/site-packages/airflow/example_dags/tutorial_taskflow_api_etl.py for tasks to queue
[2024-12-18 22:15:02,786] {logging_mixin.py:115} INFO - [2024-12-18 22:15:02,785] {dagbag.py:507} INFO - Filling up the DagBag from /home/patriciacorreia/Documents/airflowalura/venv/lib/python3.9/site-packages/airflow/example_dags/tutorial_taskflow_api_etl.py
[2024-12-18 22:15:02,867] {processor.py:651} INFO - DAG(s) dict_keys(['tutorial_taskflow_api_etl']) retrieved from /home/patriciacorreia/Documents/airflowalura/venv/lib/python3.9/site-packages/airflow/example_dags/tutorial_taskflow_api_etl.py
[2024-12-18 22:15:03,062] {logging_mixin.py:115} INFO - [2024-12-18 22:15:03,061] {dag.py:2379} INFO - Sync 1 DAGs
[2024-12-18 22:15:03,120] {logging_mixin.py:115} INFO - [2024-12-18 22:15:03,119] {dag.py:2927} INFO - Setting next_dagrun for tutorial_taskflow_api_etl to None, run_after=None
[2024-12-18 22:15:03,176] {processor.py:161} INFO - Processing /home/patriciacorreia/Documents/airflowalura/venv/lib/python3.9/site-packages/airflow/example_dags/tutorial_taskflow_api_etl.py took 0.417 seconds
[2024-12-18 22:15:42,095] {processor.py:153} INFO - Started process (PID=16695) to work on /home/patriciacorreia/Documents/airflowalura/venv/lib/python3.9/site-packages/airflow/example_dags/tutorial_taskflow_api_etl.py
[2024-12-18 22:15:42,099] {processor.py:641} INFO - Processing file /home/patriciacorreia/Documents/airflowalura/venv/lib/python3.9/site-packages/airflow/example_dags/tutorial_taskflow_api_etl.py for tasks to queue
[2024-12-18 22:15:42,103] {logging_mixin.py:115} INFO - [2024-12-18 22:15:42,103] {dagbag.py:507} INFO - Filling up the DagBag from /home/patriciacorreia/Documents/airflowalura/venv/lib/python3.9/site-packages/airflow/example_dags/tutorial_taskflow_api_etl.py
[2024-12-18 22:15:42,151] {processor.py:651} INFO - DAG(s) dict_keys(['tutorial_taskflow_api_etl']) retrieved from /home/patriciacorreia/Documents/airflowalura/venv/lib/python3.9/site-packages/airflow/example_dags/tutorial_taskflow_api_etl.py
[2024-12-18 22:15:42,232] {logging_mixin.py:115} INFO - [2024-12-18 22:15:42,232] {dag.py:2379} INFO - Sync 1 DAGs
[2024-12-18 22:15:42,257] {logging_mixin.py:115} INFO - [2024-12-18 22:15:42,257] {dag.py:2927} INFO - Setting next_dagrun for tutorial_taskflow_api_etl to None, run_after=None
[2024-12-18 22:15:42,278] {processor.py:161} INFO - Processing /home/patriciacorreia/Documents/airflowalura/venv/lib/python3.9/site-packages/airflow/example_dags/tutorial_taskflow_api_etl.py took 0.211 seconds
[2024-12-18 22:16:16,766] {processor.py:153} INFO - Started process (PID=16870) to work on /home/patriciacorreia/Documents/airflowalura/venv/lib/python3.9/site-packages/airflow/example_dags/tutorial_taskflow_api_etl.py
[2024-12-18 22:16:16,768] {processor.py:641} INFO - Processing file /home/patriciacorreia/Documents/airflowalura/venv/lib/python3.9/site-packages/airflow/example_dags/tutorial_taskflow_api_etl.py for tasks to queue
[2024-12-18 22:16:16,769] {logging_mixin.py:115} INFO - [2024-12-18 22:16:16,769] {dagbag.py:507} INFO - Filling up the DagBag from /home/patriciacorreia/Documents/airflowalura/venv/lib/python3.9/site-packages/airflow/example_dags/tutorial_taskflow_api_etl.py
[2024-12-18 22:16:16,815] {processor.py:651} INFO - DAG(s) dict_keys(['tutorial_taskflow_api_etl']) retrieved from /home/patriciacorreia/Documents/airflowalura/venv/lib/python3.9/site-packages/airflow/example_dags/tutorial_taskflow_api_etl.py
[2024-12-18 22:16:16,861] {logging_mixin.py:115} INFO - [2024-12-18 22:16:16,861] {dag.py:2379} INFO - Sync 1 DAGs
[2024-12-18 22:16:16,907] {logging_mixin.py:115} INFO - [2024-12-18 22:16:16,907] {dag.py:2927} INFO - Setting next_dagrun for tutorial_taskflow_api_etl to None, run_after=None
[2024-12-18 22:16:16,928] {processor.py:161} INFO - Processing /home/patriciacorreia/Documents/airflowalura/venv/lib/python3.9/site-packages/airflow/example_dags/tutorial_taskflow_api_etl.py took 0.168 seconds
[2024-12-18 22:17:00,397] {processor.py:153} INFO - Started process (PID=17139) to work on /home/patriciacorreia/Documents/airflowalura/venv/lib/python3.9/site-packages/airflow/example_dags/tutorial_taskflow_api_etl.py
[2024-12-18 22:17:00,400] {processor.py:641} INFO - Processing file /home/patriciacorreia/Documents/airflowalura/venv/lib/python3.9/site-packages/airflow/example_dags/tutorial_taskflow_api_etl.py for tasks to queue
[2024-12-18 22:17:00,402] {logging_mixin.py:115} INFO - [2024-12-18 22:17:00,402] {dagbag.py:507} INFO - Filling up the DagBag from /home/patriciacorreia/Documents/airflowalura/venv/lib/python3.9/site-packages/airflow/example_dags/tutorial_taskflow_api_etl.py
[2024-12-18 22:17:00,467] {processor.py:651} INFO - DAG(s) dict_keys(['tutorial_taskflow_api_etl']) retrieved from /home/patriciacorreia/Documents/airflowalura/venv/lib/python3.9/site-packages/airflow/example_dags/tutorial_taskflow_api_etl.py
[2024-12-18 22:17:00,526] {logging_mixin.py:115} INFO - [2024-12-18 22:17:00,526] {dag.py:2379} INFO - Sync 1 DAGs
[2024-12-18 22:17:00,561] {logging_mixin.py:115} INFO - [2024-12-18 22:17:00,561] {dag.py:2927} INFO - Setting next_dagrun for tutorial_taskflow_api_etl to None, run_after=None
[2024-12-18 22:17:00,580] {processor.py:161} INFO - Processing /home/patriciacorreia/Documents/airflowalura/venv/lib/python3.9/site-packages/airflow/example_dags/tutorial_taskflow_api_etl.py took 0.197 seconds
[2024-12-18 22:17:38,308] {processor.py:153} INFO - Started process (PID=17339) to work on /home/patriciacorreia/Documents/airflowalura/venv/lib/python3.9/site-packages/airflow/example_dags/tutorial_taskflow_api_etl.py
[2024-12-18 22:17:38,309] {processor.py:641} INFO - Processing file /home/patriciacorreia/Documents/airflowalura/venv/lib/python3.9/site-packages/airflow/example_dags/tutorial_taskflow_api_etl.py for tasks to queue
[2024-12-18 22:17:38,311] {logging_mixin.py:115} INFO - [2024-12-18 22:17:38,310] {dagbag.py:507} INFO - Filling up the DagBag from /home/patriciacorreia/Documents/airflowalura/venv/lib/python3.9/site-packages/airflow/example_dags/tutorial_taskflow_api_etl.py
[2024-12-18 22:17:38,350] {processor.py:651} INFO - DAG(s) dict_keys(['tutorial_taskflow_api_etl']) retrieved from /home/patriciacorreia/Documents/airflowalura/venv/lib/python3.9/site-packages/airflow/example_dags/tutorial_taskflow_api_etl.py
[2024-12-18 22:17:38,396] {logging_mixin.py:115} INFO - [2024-12-18 22:17:38,396] {dag.py:2379} INFO - Sync 1 DAGs
[2024-12-18 22:17:38,493] {logging_mixin.py:115} INFO - [2024-12-18 22:17:38,493] {dag.py:2927} INFO - Setting next_dagrun for tutorial_taskflow_api_etl to None, run_after=None
[2024-12-18 22:17:38,551] {processor.py:161} INFO - Processing /home/patriciacorreia/Documents/airflowalura/venv/lib/python3.9/site-packages/airflow/example_dags/tutorial_taskflow_api_etl.py took 0.247 seconds
[2024-12-18 22:18:13,787] {processor.py:153} INFO - Started process (PID=17500) to work on /home/patriciacorreia/Documents/airflowalura/venv/lib/python3.9/site-packages/airflow/example_dags/tutorial_taskflow_api_etl.py
[2024-12-18 22:18:13,790] {processor.py:641} INFO - Processing file /home/patriciacorreia/Documents/airflowalura/venv/lib/python3.9/site-packages/airflow/example_dags/tutorial_taskflow_api_etl.py for tasks to queue
[2024-12-18 22:18:13,791] {logging_mixin.py:115} INFO - [2024-12-18 22:18:13,791] {dagbag.py:507} INFO - Filling up the DagBag from /home/patriciacorreia/Documents/airflowalura/venv/lib/python3.9/site-packages/airflow/example_dags/tutorial_taskflow_api_etl.py
[2024-12-18 22:18:13,859] {processor.py:651} INFO - DAG(s) dict_keys(['tutorial_taskflow_api_etl']) retrieved from /home/patriciacorreia/Documents/airflowalura/venv/lib/python3.9/site-packages/airflow/example_dags/tutorial_taskflow_api_etl.py
[2024-12-18 22:18:13,923] {logging_mixin.py:115} INFO - [2024-12-18 22:18:13,923] {dag.py:2379} INFO - Sync 1 DAGs
[2024-12-18 22:18:13,984] {logging_mixin.py:115} INFO - [2024-12-18 22:18:13,984] {dag.py:2927} INFO - Setting next_dagrun for tutorial_taskflow_api_etl to None, run_after=None
[2024-12-18 22:18:14,022] {processor.py:161} INFO - Processing /home/patriciacorreia/Documents/airflowalura/venv/lib/python3.9/site-packages/airflow/example_dags/tutorial_taskflow_api_etl.py took 0.246 seconds
[2024-12-18 22:19:23,838] {processor.py:153} INFO - Started process (PID=17785) to work on /home/patriciacorreia/Documents/airflowalura/venv/lib/python3.9/site-packages/airflow/example_dags/tutorial_taskflow_api_etl.py
[2024-12-18 22:19:23,839] {processor.py:641} INFO - Processing file /home/patriciacorreia/Documents/airflowalura/venv/lib/python3.9/site-packages/airflow/example_dags/tutorial_taskflow_api_etl.py for tasks to queue
[2024-12-18 22:19:23,841] {logging_mixin.py:115} INFO - [2024-12-18 22:19:23,840] {dagbag.py:507} INFO - Filling up the DagBag from /home/patriciacorreia/Documents/airflowalura/venv/lib/python3.9/site-packages/airflow/example_dags/tutorial_taskflow_api_etl.py
[2024-12-18 22:19:23,927] {processor.py:651} INFO - DAG(s) dict_keys(['tutorial_taskflow_api_etl']) retrieved from /home/patriciacorreia/Documents/airflowalura/venv/lib/python3.9/site-packages/airflow/example_dags/tutorial_taskflow_api_etl.py
[2024-12-18 22:19:24,037] {logging_mixin.py:115} INFO - [2024-12-18 22:19:24,037] {dag.py:2379} INFO - Sync 1 DAGs
[2024-12-18 22:19:24,065] {logging_mixin.py:115} INFO - [2024-12-18 22:19:24,065] {dag.py:2927} INFO - Setting next_dagrun for tutorial_taskflow_api_etl to None, run_after=None
[2024-12-18 22:19:24,089] {processor.py:161} INFO - Processing /home/patriciacorreia/Documents/airflowalura/venv/lib/python3.9/site-packages/airflow/example_dags/tutorial_taskflow_api_etl.py took 0.257 seconds
[2024-12-18 22:20:04,544] {processor.py:153} INFO - Started process (PID=17994) to work on /home/patriciacorreia/Documents/airflowalura/venv/lib/python3.9/site-packages/airflow/example_dags/tutorial_taskflow_api_etl.py
[2024-12-18 22:20:04,547] {processor.py:641} INFO - Processing file /home/patriciacorreia/Documents/airflowalura/venv/lib/python3.9/site-packages/airflow/example_dags/tutorial_taskflow_api_etl.py for tasks to queue
[2024-12-18 22:20:04,551] {logging_mixin.py:115} INFO - [2024-12-18 22:20:04,550] {dagbag.py:507} INFO - Filling up the DagBag from /home/patriciacorreia/Documents/airflowalura/venv/lib/python3.9/site-packages/airflow/example_dags/tutorial_taskflow_api_etl.py
[2024-12-18 22:20:04,640] {processor.py:651} INFO - DAG(s) dict_keys(['tutorial_taskflow_api_etl']) retrieved from /home/patriciacorreia/Documents/airflowalura/venv/lib/python3.9/site-packages/airflow/example_dags/tutorial_taskflow_api_etl.py
[2024-12-18 22:20:04,829] {logging_mixin.py:115} INFO - [2024-12-18 22:20:04,828] {dag.py:2379} INFO - Sync 1 DAGs
[2024-12-18 22:20:04,891] {logging_mixin.py:115} INFO - [2024-12-18 22:20:04,890] {dag.py:2927} INFO - Setting next_dagrun for tutorial_taskflow_api_etl to None, run_after=None
[2024-12-18 22:20:04,950] {processor.py:161} INFO - Processing /home/patriciacorreia/Documents/airflowalura/venv/lib/python3.9/site-packages/airflow/example_dags/tutorial_taskflow_api_etl.py took 0.418 seconds
[2024-12-18 22:20:40,889] {processor.py:153} INFO - Started process (PID=18175) to work on /home/patriciacorreia/Documents/airflowalura/venv/lib/python3.9/site-packages/airflow/example_dags/tutorial_taskflow_api_etl.py
[2024-12-18 22:20:40,891] {processor.py:641} INFO - Processing file /home/patriciacorreia/Documents/airflowalura/venv/lib/python3.9/site-packages/airflow/example_dags/tutorial_taskflow_api_etl.py for tasks to queue
[2024-12-18 22:20:40,892] {logging_mixin.py:115} INFO - [2024-12-18 22:20:40,892] {dagbag.py:507} INFO - Filling up the DagBag from /home/patriciacorreia/Documents/airflowalura/venv/lib/python3.9/site-packages/airflow/example_dags/tutorial_taskflow_api_etl.py
[2024-12-18 22:20:40,928] {processor.py:651} INFO - DAG(s) dict_keys(['tutorial_taskflow_api_etl']) retrieved from /home/patriciacorreia/Documents/airflowalura/venv/lib/python3.9/site-packages/airflow/example_dags/tutorial_taskflow_api_etl.py
[2024-12-18 22:20:40,959] {logging_mixin.py:115} INFO - [2024-12-18 22:20:40,959] {dag.py:2379} INFO - Sync 1 DAGs
[2024-12-18 22:20:41,001] {logging_mixin.py:115} INFO - [2024-12-18 22:20:41,001] {dag.py:2927} INFO - Setting next_dagrun for tutorial_taskflow_api_etl to None, run_after=None
[2024-12-18 22:20:41,020] {processor.py:161} INFO - Processing /home/patriciacorreia/Documents/airflowalura/venv/lib/python3.9/site-packages/airflow/example_dags/tutorial_taskflow_api_etl.py took 0.136 seconds
[2024-12-18 22:21:14,961] {processor.py:153} INFO - Started process (PID=18342) to work on /home/patriciacorreia/Documents/airflowalura/venv/lib/python3.9/site-packages/airflow/example_dags/tutorial_taskflow_api_etl.py
[2024-12-18 22:21:14,966] {processor.py:641} INFO - Processing file /home/patriciacorreia/Documents/airflowalura/venv/lib/python3.9/site-packages/airflow/example_dags/tutorial_taskflow_api_etl.py for tasks to queue
[2024-12-18 22:21:14,971] {logging_mixin.py:115} INFO - [2024-12-18 22:21:14,970] {dagbag.py:507} INFO - Filling up the DagBag from /home/patriciacorreia/Documents/airflowalura/venv/lib/python3.9/site-packages/airflow/example_dags/tutorial_taskflow_api_etl.py
[2024-12-18 22:21:15,098] {processor.py:651} INFO - DAG(s) dict_keys(['tutorial_taskflow_api_etl']) retrieved from /home/patriciacorreia/Documents/airflowalura/venv/lib/python3.9/site-packages/airflow/example_dags/tutorial_taskflow_api_etl.py
[2024-12-18 22:21:15,359] {logging_mixin.py:115} INFO - [2024-12-18 22:21:15,359] {dag.py:2379} INFO - Sync 1 DAGs
[2024-12-18 22:21:15,446] {logging_mixin.py:115} INFO - [2024-12-18 22:21:15,445] {dag.py:2927} INFO - Setting next_dagrun for tutorial_taskflow_api_etl to None, run_after=None
[2024-12-18 22:21:15,519] {processor.py:161} INFO - Processing /home/patriciacorreia/Documents/airflowalura/venv/lib/python3.9/site-packages/airflow/example_dags/tutorial_taskflow_api_etl.py took 0.575 seconds
[2024-12-18 22:21:50,310] {processor.py:153} INFO - Started process (PID=18501) to work on /home/patriciacorreia/Documents/airflowalura/venv/lib/python3.9/site-packages/airflow/example_dags/tutorial_taskflow_api_etl.py
[2024-12-18 22:21:50,316] {processor.py:641} INFO - Processing file /home/patriciacorreia/Documents/airflowalura/venv/lib/python3.9/site-packages/airflow/example_dags/tutorial_taskflow_api_etl.py for tasks to queue
[2024-12-18 22:21:50,320] {logging_mixin.py:115} INFO - [2024-12-18 22:21:50,319] {dagbag.py:507} INFO - Filling up the DagBag from /home/patriciacorreia/Documents/airflowalura/venv/lib/python3.9/site-packages/airflow/example_dags/tutorial_taskflow_api_etl.py
[2024-12-18 22:21:50,401] {processor.py:651} INFO - DAG(s) dict_keys(['tutorial_taskflow_api_etl']) retrieved from /home/patriciacorreia/Documents/airflowalura/venv/lib/python3.9/site-packages/airflow/example_dags/tutorial_taskflow_api_etl.py
[2024-12-18 22:21:50,497] {logging_mixin.py:115} INFO - [2024-12-18 22:21:50,497] {dag.py:2379} INFO - Sync 1 DAGs
[2024-12-18 22:21:50,530] {logging_mixin.py:115} INFO - [2024-12-18 22:21:50,529] {dag.py:2927} INFO - Setting next_dagrun for tutorial_taskflow_api_etl to None, run_after=None
[2024-12-18 22:21:50,556] {processor.py:161} INFO - Processing /home/patriciacorreia/Documents/airflowalura/venv/lib/python3.9/site-packages/airflow/example_dags/tutorial_taskflow_api_etl.py took 0.266 seconds
[2024-12-18 22:22:25,606] {processor.py:153} INFO - Started process (PID=18662) to work on /home/patriciacorreia/Documents/airflowalura/venv/lib/python3.9/site-packages/airflow/example_dags/tutorial_taskflow_api_etl.py
[2024-12-18 22:22:25,610] {processor.py:641} INFO - Processing file /home/patriciacorreia/Documents/airflowalura/venv/lib/python3.9/site-packages/airflow/example_dags/tutorial_taskflow_api_etl.py for tasks to queue
[2024-12-18 22:22:25,617] {logging_mixin.py:115} INFO - [2024-12-18 22:22:25,616] {dagbag.py:507} INFO - Filling up the DagBag from /home/patriciacorreia/Documents/airflowalura/venv/lib/python3.9/site-packages/airflow/example_dags/tutorial_taskflow_api_etl.py
[2024-12-18 22:22:25,696] {processor.py:651} INFO - DAG(s) dict_keys(['tutorial_taskflow_api_etl']) retrieved from /home/patriciacorreia/Documents/airflowalura/venv/lib/python3.9/site-packages/airflow/example_dags/tutorial_taskflow_api_etl.py
[2024-12-18 22:22:25,790] {logging_mixin.py:115} INFO - [2024-12-18 22:22:25,790] {dag.py:2379} INFO - Sync 1 DAGs
[2024-12-18 22:22:25,825] {logging_mixin.py:115} INFO - [2024-12-18 22:22:25,825] {dag.py:2927} INFO - Setting next_dagrun for tutorial_taskflow_api_etl to None, run_after=None
[2024-12-18 22:22:25,854] {processor.py:161} INFO - Processing /home/patriciacorreia/Documents/airflowalura/venv/lib/python3.9/site-packages/airflow/example_dags/tutorial_taskflow_api_etl.py took 0.266 seconds
[2024-12-18 22:22:57,455] {processor.py:153} INFO - Started process (PID=18816) to work on /home/patriciacorreia/Documents/airflowalura/venv/lib/python3.9/site-packages/airflow/example_dags/tutorial_taskflow_api_etl.py
[2024-12-18 22:22:57,456] {processor.py:641} INFO - Processing file /home/patriciacorreia/Documents/airflowalura/venv/lib/python3.9/site-packages/airflow/example_dags/tutorial_taskflow_api_etl.py for tasks to queue
[2024-12-18 22:22:57,457] {logging_mixin.py:115} INFO - [2024-12-18 22:22:57,457] {dagbag.py:507} INFO - Filling up the DagBag from /home/patriciacorreia/Documents/airflowalura/venv/lib/python3.9/site-packages/airflow/example_dags/tutorial_taskflow_api_etl.py
[2024-12-18 22:22:57,497] {processor.py:651} INFO - DAG(s) dict_keys(['tutorial_taskflow_api_etl']) retrieved from /home/patriciacorreia/Documents/airflowalura/venv/lib/python3.9/site-packages/airflow/example_dags/tutorial_taskflow_api_etl.py
[2024-12-18 22:22:57,523] {logging_mixin.py:115} INFO - [2024-12-18 22:22:57,522] {dag.py:2379} INFO - Sync 1 DAGs
[2024-12-18 22:22:57,552] {logging_mixin.py:115} INFO - [2024-12-18 22:22:57,552] {dag.py:2927} INFO - Setting next_dagrun for tutorial_taskflow_api_etl to None, run_after=None
[2024-12-18 22:22:57,573] {processor.py:161} INFO - Processing /home/patriciacorreia/Documents/airflowalura/venv/lib/python3.9/site-packages/airflow/example_dags/tutorial_taskflow_api_etl.py took 0.123 seconds
[2024-12-18 22:23:29,040] {processor.py:153} INFO - Started process (PID=18961) to work on /home/patriciacorreia/Documents/airflowalura/venv/lib/python3.9/site-packages/airflow/example_dags/tutorial_taskflow_api_etl.py
[2024-12-18 22:23:29,044] {processor.py:641} INFO - Processing file /home/patriciacorreia/Documents/airflowalura/venv/lib/python3.9/site-packages/airflow/example_dags/tutorial_taskflow_api_etl.py for tasks to queue
[2024-12-18 22:23:29,045] {logging_mixin.py:115} INFO - [2024-12-18 22:23:29,045] {dagbag.py:507} INFO - Filling up the DagBag from /home/patriciacorreia/Documents/airflowalura/venv/lib/python3.9/site-packages/airflow/example_dags/tutorial_taskflow_api_etl.py
[2024-12-18 22:23:29,085] {processor.py:651} INFO - DAG(s) dict_keys(['tutorial_taskflow_api_etl']) retrieved from /home/patriciacorreia/Documents/airflowalura/venv/lib/python3.9/site-packages/airflow/example_dags/tutorial_taskflow_api_etl.py
[2024-12-18 22:23:29,162] {logging_mixin.py:115} INFO - [2024-12-18 22:23:29,161] {dag.py:2379} INFO - Sync 1 DAGs
[2024-12-18 22:23:29,189] {logging_mixin.py:115} INFO - [2024-12-18 22:23:29,189] {dag.py:2927} INFO - Setting next_dagrun for tutorial_taskflow_api_etl to None, run_after=None
[2024-12-18 22:23:29,210] {processor.py:161} INFO - Processing /home/patriciacorreia/Documents/airflowalura/venv/lib/python3.9/site-packages/airflow/example_dags/tutorial_taskflow_api_etl.py took 0.188 seconds
[2024-12-18 22:24:03,176] {processor.py:153} INFO - Started process (PID=19127) to work on /home/patriciacorreia/Documents/airflowalura/venv/lib/python3.9/site-packages/airflow/example_dags/tutorial_taskflow_api_etl.py
[2024-12-18 22:24:03,177] {processor.py:641} INFO - Processing file /home/patriciacorreia/Documents/airflowalura/venv/lib/python3.9/site-packages/airflow/example_dags/tutorial_taskflow_api_etl.py for tasks to queue
[2024-12-18 22:24:03,178] {logging_mixin.py:115} INFO - [2024-12-18 22:24:03,178] {dagbag.py:507} INFO - Filling up the DagBag from /home/patriciacorreia/Documents/airflowalura/venv/lib/python3.9/site-packages/airflow/example_dags/tutorial_taskflow_api_etl.py
[2024-12-18 22:24:03,214] {processor.py:651} INFO - DAG(s) dict_keys(['tutorial_taskflow_api_etl']) retrieved from /home/patriciacorreia/Documents/airflowalura/venv/lib/python3.9/site-packages/airflow/example_dags/tutorial_taskflow_api_etl.py
[2024-12-18 22:24:03,296] {logging_mixin.py:115} INFO - [2024-12-18 22:24:03,296] {dag.py:2379} INFO - Sync 1 DAGs
[2024-12-18 22:24:03,325] {logging_mixin.py:115} INFO - [2024-12-18 22:24:03,324] {dag.py:2927} INFO - Setting next_dagrun for tutorial_taskflow_api_etl to None, run_after=None
[2024-12-18 22:24:03,347] {processor.py:161} INFO - Processing /home/patriciacorreia/Documents/airflowalura/venv/lib/python3.9/site-packages/airflow/example_dags/tutorial_taskflow_api_etl.py took 0.177 seconds
[2024-12-18 22:24:39,903] {processor.py:153} INFO - Started process (PID=19290) to work on /home/patriciacorreia/Documents/airflowalura/venv/lib/python3.9/site-packages/airflow/example_dags/tutorial_taskflow_api_etl.py
[2024-12-18 22:24:39,910] {processor.py:641} INFO - Processing file /home/patriciacorreia/Documents/airflowalura/venv/lib/python3.9/site-packages/airflow/example_dags/tutorial_taskflow_api_etl.py for tasks to queue
[2024-12-18 22:24:39,913] {logging_mixin.py:115} INFO - [2024-12-18 22:24:39,912] {dagbag.py:507} INFO - Filling up the DagBag from /home/patriciacorreia/Documents/airflowalura/venv/lib/python3.9/site-packages/airflow/example_dags/tutorial_taskflow_api_etl.py
[2024-12-18 22:24:39,954] {processor.py:651} INFO - DAG(s) dict_keys(['tutorial_taskflow_api_etl']) retrieved from /home/patriciacorreia/Documents/airflowalura/venv/lib/python3.9/site-packages/airflow/example_dags/tutorial_taskflow_api_etl.py
[2024-12-18 22:24:40,055] {logging_mixin.py:115} INFO - [2024-12-18 22:24:40,055] {dag.py:2379} INFO - Sync 1 DAGs
[2024-12-18 22:24:40,079] {logging_mixin.py:115} INFO - [2024-12-18 22:24:40,079] {dag.py:2927} INFO - Setting next_dagrun for tutorial_taskflow_api_etl to None, run_after=None
[2024-12-18 22:24:40,102] {processor.py:161} INFO - Processing /home/patriciacorreia/Documents/airflowalura/venv/lib/python3.9/site-packages/airflow/example_dags/tutorial_taskflow_api_etl.py took 0.220 seconds
[2024-12-18 22:25:12,922] {processor.py:153} INFO - Started process (PID=19479) to work on /home/patriciacorreia/Documents/airflowalura/venv/lib/python3.9/site-packages/airflow/example_dags/tutorial_taskflow_api_etl.py
[2024-12-18 22:25:12,928] {processor.py:641} INFO - Processing file /home/patriciacorreia/Documents/airflowalura/venv/lib/python3.9/site-packages/airflow/example_dags/tutorial_taskflow_api_etl.py for tasks to queue
[2024-12-18 22:25:12,930] {logging_mixin.py:115} INFO - [2024-12-18 22:25:12,929] {dagbag.py:507} INFO - Filling up the DagBag from /home/patriciacorreia/Documents/airflowalura/venv/lib/python3.9/site-packages/airflow/example_dags/tutorial_taskflow_api_etl.py
[2024-12-18 22:25:12,970] {processor.py:651} INFO - DAG(s) dict_keys(['tutorial_taskflow_api_etl']) retrieved from /home/patriciacorreia/Documents/airflowalura/venv/lib/python3.9/site-packages/airflow/example_dags/tutorial_taskflow_api_etl.py
[2024-12-18 22:25:12,996] {logging_mixin.py:115} INFO - [2024-12-18 22:25:12,996] {dag.py:2379} INFO - Sync 1 DAGs
[2024-12-18 22:25:13,038] {logging_mixin.py:115} INFO - [2024-12-18 22:25:13,038] {dag.py:2927} INFO - Setting next_dagrun for tutorial_taskflow_api_etl to None, run_after=None
[2024-12-18 22:25:13,070] {processor.py:161} INFO - Processing /home/patriciacorreia/Documents/airflowalura/venv/lib/python3.9/site-packages/airflow/example_dags/tutorial_taskflow_api_etl.py took 0.169 seconds
[2024-12-18 22:25:53,703] {processor.py:153} INFO - Started process (PID=19661) to work on /home/patriciacorreia/Documents/airflowalura/venv/lib/python3.9/site-packages/airflow/example_dags/tutorial_taskflow_api_etl.py
[2024-12-18 22:25:53,708] {processor.py:641} INFO - Processing file /home/patriciacorreia/Documents/airflowalura/venv/lib/python3.9/site-packages/airflow/example_dags/tutorial_taskflow_api_etl.py for tasks to queue
[2024-12-18 22:25:53,712] {logging_mixin.py:115} INFO - [2024-12-18 22:25:53,711] {dagbag.py:507} INFO - Filling up the DagBag from /home/patriciacorreia/Documents/airflowalura/venv/lib/python3.9/site-packages/airflow/example_dags/tutorial_taskflow_api_etl.py
[2024-12-18 22:25:53,814] {processor.py:651} INFO - DAG(s) dict_keys(['tutorial_taskflow_api_etl']) retrieved from /home/patriciacorreia/Documents/airflowalura/venv/lib/python3.9/site-packages/airflow/example_dags/tutorial_taskflow_api_etl.py
[2024-12-18 22:25:54,080] {logging_mixin.py:115} INFO - [2024-12-18 22:25:54,079] {dag.py:2379} INFO - Sync 1 DAGs
[2024-12-18 22:25:54,167] {logging_mixin.py:115} INFO - [2024-12-18 22:25:54,167] {dag.py:2927} INFO - Setting next_dagrun for tutorial_taskflow_api_etl to None, run_after=None
[2024-12-18 22:25:54,238] {processor.py:161} INFO - Processing /home/patriciacorreia/Documents/airflowalura/venv/lib/python3.9/site-packages/airflow/example_dags/tutorial_taskflow_api_etl.py took 0.553 seconds
[2024-12-18 22:26:34,107] {processor.py:153} INFO - Started process (PID=19838) to work on /home/patriciacorreia/Documents/airflowalura/venv/lib/python3.9/site-packages/airflow/example_dags/tutorial_taskflow_api_etl.py
[2024-12-18 22:26:34,108] {processor.py:641} INFO - Processing file /home/patriciacorreia/Documents/airflowalura/venv/lib/python3.9/site-packages/airflow/example_dags/tutorial_taskflow_api_etl.py for tasks to queue
[2024-12-18 22:26:34,109] {logging_mixin.py:115} INFO - [2024-12-18 22:26:34,109] {dagbag.py:507} INFO - Filling up the DagBag from /home/patriciacorreia/Documents/airflowalura/venv/lib/python3.9/site-packages/airflow/example_dags/tutorial_taskflow_api_etl.py
[2024-12-18 22:26:34,158] {processor.py:651} INFO - DAG(s) dict_keys(['tutorial_taskflow_api_etl']) retrieved from /home/patriciacorreia/Documents/airflowalura/venv/lib/python3.9/site-packages/airflow/example_dags/tutorial_taskflow_api_etl.py
[2024-12-18 22:26:34,222] {logging_mixin.py:115} INFO - [2024-12-18 22:26:34,222] {dag.py:2379} INFO - Sync 1 DAGs
[2024-12-18 22:26:34,279] {logging_mixin.py:115} INFO - [2024-12-18 22:26:34,278] {dag.py:2927} INFO - Setting next_dagrun for tutorial_taskflow_api_etl to None, run_after=None
[2024-12-18 22:26:34,303] {processor.py:161} INFO - Processing /home/patriciacorreia/Documents/airflowalura/venv/lib/python3.9/site-packages/airflow/example_dags/tutorial_taskflow_api_etl.py took 0.206 seconds
[2024-12-18 22:27:05,942] {processor.py:153} INFO - Started process (PID=19984) to work on /home/patriciacorreia/Documents/airflowalura/venv/lib/python3.9/site-packages/airflow/example_dags/tutorial_taskflow_api_etl.py
[2024-12-18 22:27:05,944] {processor.py:641} INFO - Processing file /home/patriciacorreia/Documents/airflowalura/venv/lib/python3.9/site-packages/airflow/example_dags/tutorial_taskflow_api_etl.py for tasks to queue
[2024-12-18 22:27:05,945] {logging_mixin.py:115} INFO - [2024-12-18 22:27:05,945] {dagbag.py:507} INFO - Filling up the DagBag from /home/patriciacorreia/Documents/airflowalura/venv/lib/python3.9/site-packages/airflow/example_dags/tutorial_taskflow_api_etl.py
[2024-12-18 22:27:05,991] {processor.py:651} INFO - DAG(s) dict_keys(['tutorial_taskflow_api_etl']) retrieved from /home/patriciacorreia/Documents/airflowalura/venv/lib/python3.9/site-packages/airflow/example_dags/tutorial_taskflow_api_etl.py
[2024-12-18 22:27:06,088] {logging_mixin.py:115} INFO - [2024-12-18 22:27:06,088] {dag.py:2379} INFO - Sync 1 DAGs
[2024-12-18 22:27:06,108] {logging_mixin.py:115} INFO - [2024-12-18 22:27:06,108] {dag.py:2927} INFO - Setting next_dagrun for tutorial_taskflow_api_etl to None, run_after=None
[2024-12-18 22:27:06,125] {processor.py:161} INFO - Processing /home/patriciacorreia/Documents/airflowalura/venv/lib/python3.9/site-packages/airflow/example_dags/tutorial_taskflow_api_etl.py took 0.191 seconds
[2024-12-18 22:27:37,965] {processor.py:153} INFO - Started process (PID=20132) to work on /home/patriciacorreia/Documents/airflowalura/venv/lib/python3.9/site-packages/airflow/example_dags/tutorial_taskflow_api_etl.py
[2024-12-18 22:27:37,968] {processor.py:641} INFO - Processing file /home/patriciacorreia/Documents/airflowalura/venv/lib/python3.9/site-packages/airflow/example_dags/tutorial_taskflow_api_etl.py for tasks to queue
[2024-12-18 22:27:37,970] {logging_mixin.py:115} INFO - [2024-12-18 22:27:37,970] {dagbag.py:507} INFO - Filling up the DagBag from /home/patriciacorreia/Documents/airflowalura/venv/lib/python3.9/site-packages/airflow/example_dags/tutorial_taskflow_api_etl.py
[2024-12-18 22:27:38,022] {processor.py:651} INFO - DAG(s) dict_keys(['tutorial_taskflow_api_etl']) retrieved from /home/patriciacorreia/Documents/airflowalura/venv/lib/python3.9/site-packages/airflow/example_dags/tutorial_taskflow_api_etl.py
[2024-12-18 22:27:38,051] {logging_mixin.py:115} INFO - [2024-12-18 22:27:38,051] {dag.py:2379} INFO - Sync 1 DAGs
[2024-12-18 22:27:38,077] {logging_mixin.py:115} INFO - [2024-12-18 22:27:38,077] {dag.py:2927} INFO - Setting next_dagrun for tutorial_taskflow_api_etl to None, run_after=None
[2024-12-18 22:27:38,093] {processor.py:161} INFO - Processing /home/patriciacorreia/Documents/airflowalura/venv/lib/python3.9/site-packages/airflow/example_dags/tutorial_taskflow_api_etl.py took 0.140 seconds
[2024-12-18 22:28:15,907] {processor.py:153} INFO - Started process (PID=20320) to work on /home/patriciacorreia/Documents/airflowalura/venv/lib/python3.9/site-packages/airflow/example_dags/tutorial_taskflow_api_etl.py
[2024-12-18 22:28:15,910] {processor.py:641} INFO - Processing file /home/patriciacorreia/Documents/airflowalura/venv/lib/python3.9/site-packages/airflow/example_dags/tutorial_taskflow_api_etl.py for tasks to queue
[2024-12-18 22:28:15,911] {logging_mixin.py:115} INFO - [2024-12-18 22:28:15,911] {dagbag.py:507} INFO - Filling up the DagBag from /home/patriciacorreia/Documents/airflowalura/venv/lib/python3.9/site-packages/airflow/example_dags/tutorial_taskflow_api_etl.py
[2024-12-18 22:28:15,975] {processor.py:651} INFO - DAG(s) dict_keys(['tutorial_taskflow_api_etl']) retrieved from /home/patriciacorreia/Documents/airflowalura/venv/lib/python3.9/site-packages/airflow/example_dags/tutorial_taskflow_api_etl.py
[2024-12-18 22:28:16,035] {logging_mixin.py:115} INFO - [2024-12-18 22:28:16,035] {dag.py:2379} INFO - Sync 1 DAGs
[2024-12-18 22:28:16,103] {logging_mixin.py:115} INFO - [2024-12-18 22:28:16,103] {dag.py:2927} INFO - Setting next_dagrun for tutorial_taskflow_api_etl to None, run_after=None
[2024-12-18 22:28:16,147] {processor.py:161} INFO - Processing /home/patriciacorreia/Documents/airflowalura/venv/lib/python3.9/site-packages/airflow/example_dags/tutorial_taskflow_api_etl.py took 0.252 seconds
[2024-12-18 22:28:50,862] {processor.py:153} INFO - Started process (PID=20493) to work on /home/patriciacorreia/Documents/airflowalura/venv/lib/python3.9/site-packages/airflow/example_dags/tutorial_taskflow_api_etl.py
[2024-12-18 22:28:50,865] {processor.py:641} INFO - Processing file /home/patriciacorreia/Documents/airflowalura/venv/lib/python3.9/site-packages/airflow/example_dags/tutorial_taskflow_api_etl.py for tasks to queue
[2024-12-18 22:28:50,867] {logging_mixin.py:115} INFO - [2024-12-18 22:28:50,866] {dagbag.py:507} INFO - Filling up the DagBag from /home/patriciacorreia/Documents/airflowalura/venv/lib/python3.9/site-packages/airflow/example_dags/tutorial_taskflow_api_etl.py
[2024-12-18 22:28:50,923] {processor.py:651} INFO - DAG(s) dict_keys(['tutorial_taskflow_api_etl']) retrieved from /home/patriciacorreia/Documents/airflowalura/venv/lib/python3.9/site-packages/airflow/example_dags/tutorial_taskflow_api_etl.py
[2024-12-18 22:28:50,970] {logging_mixin.py:115} INFO - [2024-12-18 22:28:50,970] {dag.py:2379} INFO - Sync 1 DAGs
[2024-12-18 22:28:51,001] {logging_mixin.py:115} INFO - [2024-12-18 22:28:51,000] {dag.py:2927} INFO - Setting next_dagrun for tutorial_taskflow_api_etl to None, run_after=None
[2024-12-18 22:28:51,017] {processor.py:161} INFO - Processing /home/patriciacorreia/Documents/airflowalura/venv/lib/python3.9/site-packages/airflow/example_dags/tutorial_taskflow_api_etl.py took 0.166 seconds
[2024-12-18 22:29:25,011] {processor.py:153} INFO - Started process (PID=20659) to work on /home/patriciacorreia/Documents/airflowalura/venv/lib/python3.9/site-packages/airflow/example_dags/tutorial_taskflow_api_etl.py
[2024-12-18 22:29:25,014] {processor.py:641} INFO - Processing file /home/patriciacorreia/Documents/airflowalura/venv/lib/python3.9/site-packages/airflow/example_dags/tutorial_taskflow_api_etl.py for tasks to queue
[2024-12-18 22:29:25,016] {logging_mixin.py:115} INFO - [2024-12-18 22:29:25,015] {dagbag.py:507} INFO - Filling up the DagBag from /home/patriciacorreia/Documents/airflowalura/venv/lib/python3.9/site-packages/airflow/example_dags/tutorial_taskflow_api_etl.py
[2024-12-18 22:29:25,079] {processor.py:651} INFO - DAG(s) dict_keys(['tutorial_taskflow_api_etl']) retrieved from /home/patriciacorreia/Documents/airflowalura/venv/lib/python3.9/site-packages/airflow/example_dags/tutorial_taskflow_api_etl.py
[2024-12-18 22:29:25,160] {logging_mixin.py:115} INFO - [2024-12-18 22:29:25,160] {dag.py:2379} INFO - Sync 1 DAGs
[2024-12-18 22:29:25,180] {logging_mixin.py:115} INFO - [2024-12-18 22:29:25,180] {dag.py:2927} INFO - Setting next_dagrun for tutorial_taskflow_api_etl to None, run_after=None
[2024-12-18 22:29:25,199] {processor.py:161} INFO - Processing /home/patriciacorreia/Documents/airflowalura/venv/lib/python3.9/site-packages/airflow/example_dags/tutorial_taskflow_api_etl.py took 0.201 seconds
[2024-12-18 22:30:00,157] {processor.py:153} INFO - Started process (PID=20851) to work on /home/patriciacorreia/Documents/airflowalura/venv/lib/python3.9/site-packages/airflow/example_dags/tutorial_taskflow_api_etl.py
[2024-12-18 22:30:00,158] {processor.py:641} INFO - Processing file /home/patriciacorreia/Documents/airflowalura/venv/lib/python3.9/site-packages/airflow/example_dags/tutorial_taskflow_api_etl.py for tasks to queue
[2024-12-18 22:30:00,160] {logging_mixin.py:115} INFO - [2024-12-18 22:30:00,159] {dagbag.py:507} INFO - Filling up the DagBag from /home/patriciacorreia/Documents/airflowalura/venv/lib/python3.9/site-packages/airflow/example_dags/tutorial_taskflow_api_etl.py
[2024-12-18 22:30:00,195] {processor.py:651} INFO - DAG(s) dict_keys(['tutorial_taskflow_api_etl']) retrieved from /home/patriciacorreia/Documents/airflowalura/venv/lib/python3.9/site-packages/airflow/example_dags/tutorial_taskflow_api_etl.py
[2024-12-18 22:30:00,273] {logging_mixin.py:115} INFO - [2024-12-18 22:30:00,273] {dag.py:2379} INFO - Sync 1 DAGs
[2024-12-18 22:30:00,302] {logging_mixin.py:115} INFO - [2024-12-18 22:30:00,302] {dag.py:2927} INFO - Setting next_dagrun for tutorial_taskflow_api_etl to None, run_after=None
[2024-12-18 22:30:00,328] {processor.py:161} INFO - Processing /home/patriciacorreia/Documents/airflowalura/venv/lib/python3.9/site-packages/airflow/example_dags/tutorial_taskflow_api_etl.py took 0.178 seconds
[2024-12-18 22:30:31,367] {processor.py:153} INFO - Started process (PID=21014) to work on /home/patriciacorreia/Documents/airflowalura/venv/lib/python3.9/site-packages/airflow/example_dags/tutorial_taskflow_api_etl.py
[2024-12-18 22:30:31,370] {processor.py:641} INFO - Processing file /home/patriciacorreia/Documents/airflowalura/venv/lib/python3.9/site-packages/airflow/example_dags/tutorial_taskflow_api_etl.py for tasks to queue
[2024-12-18 22:30:31,371] {logging_mixin.py:115} INFO - [2024-12-18 22:30:31,371] {dagbag.py:507} INFO - Filling up the DagBag from /home/patriciacorreia/Documents/airflowalura/venv/lib/python3.9/site-packages/airflow/example_dags/tutorial_taskflow_api_etl.py
[2024-12-18 22:30:31,427] {processor.py:651} INFO - DAG(s) dict_keys(['tutorial_taskflow_api_etl']) retrieved from /home/patriciacorreia/Documents/airflowalura/venv/lib/python3.9/site-packages/airflow/example_dags/tutorial_taskflow_api_etl.py
[2024-12-18 22:30:31,474] {logging_mixin.py:115} INFO - [2024-12-18 22:30:31,474] {dag.py:2379} INFO - Sync 1 DAGs
[2024-12-18 22:30:31,503] {logging_mixin.py:115} INFO - [2024-12-18 22:30:31,503] {dag.py:2927} INFO - Setting next_dagrun for tutorial_taskflow_api_etl to None, run_after=None
[2024-12-18 22:30:31,520] {processor.py:161} INFO - Processing /home/patriciacorreia/Documents/airflowalura/venv/lib/python3.9/site-packages/airflow/example_dags/tutorial_taskflow_api_etl.py took 0.164 seconds
[2024-12-18 22:31:06,841] {processor.py:153} INFO - Started process (PID=21196) to work on /home/patriciacorreia/Documents/airflowalura/venv/lib/python3.9/site-packages/airflow/example_dags/tutorial_taskflow_api_etl.py
[2024-12-18 22:31:06,844] {processor.py:641} INFO - Processing file /home/patriciacorreia/Documents/airflowalura/venv/lib/python3.9/site-packages/airflow/example_dags/tutorial_taskflow_api_etl.py for tasks to queue
[2024-12-18 22:31:06,846] {logging_mixin.py:115} INFO - [2024-12-18 22:31:06,846] {dagbag.py:507} INFO - Filling up the DagBag from /home/patriciacorreia/Documents/airflowalura/venv/lib/python3.9/site-packages/airflow/example_dags/tutorial_taskflow_api_etl.py
[2024-12-18 22:31:06,889] {processor.py:651} INFO - DAG(s) dict_keys(['tutorial_taskflow_api_etl']) retrieved from /home/patriciacorreia/Documents/airflowalura/venv/lib/python3.9/site-packages/airflow/example_dags/tutorial_taskflow_api_etl.py
[2024-12-18 22:31:06,921] {logging_mixin.py:115} INFO - [2024-12-18 22:31:06,921] {dag.py:2379} INFO - Sync 1 DAGs
[2024-12-18 22:31:06,962] {logging_mixin.py:115} INFO - [2024-12-18 22:31:06,962] {dag.py:2927} INFO - Setting next_dagrun for tutorial_taskflow_api_etl to None, run_after=None
[2024-12-18 22:31:06,984] {processor.py:161} INFO - Processing /home/patriciacorreia/Documents/airflowalura/venv/lib/python3.9/site-packages/airflow/example_dags/tutorial_taskflow_api_etl.py took 0.153 seconds
[2024-12-18 22:31:41,579] {processor.py:153} INFO - Started process (PID=21380) to work on /home/patriciacorreia/Documents/airflowalura/venv/lib/python3.9/site-packages/airflow/example_dags/tutorial_taskflow_api_etl.py
[2024-12-18 22:31:41,582] {processor.py:641} INFO - Processing file /home/patriciacorreia/Documents/airflowalura/venv/lib/python3.9/site-packages/airflow/example_dags/tutorial_taskflow_api_etl.py for tasks to queue
[2024-12-18 22:31:41,584] {logging_mixin.py:115} INFO - [2024-12-18 22:31:41,584] {dagbag.py:507} INFO - Filling up the DagBag from /home/patriciacorreia/Documents/airflowalura/venv/lib/python3.9/site-packages/airflow/example_dags/tutorial_taskflow_api_etl.py
[2024-12-18 22:31:41,638] {processor.py:651} INFO - DAG(s) dict_keys(['tutorial_taskflow_api_etl']) retrieved from /home/patriciacorreia/Documents/airflowalura/venv/lib/python3.9/site-packages/airflow/example_dags/tutorial_taskflow_api_etl.py
[2024-12-18 22:31:41,680] {logging_mixin.py:115} INFO - [2024-12-18 22:31:41,679] {dag.py:2379} INFO - Sync 1 DAGs
[2024-12-18 22:31:41,719] {logging_mixin.py:115} INFO - [2024-12-18 22:31:41,719] {dag.py:2927} INFO - Setting next_dagrun for tutorial_taskflow_api_etl to None, run_after=None
[2024-12-18 22:31:41,751] {processor.py:161} INFO - Processing /home/patriciacorreia/Documents/airflowalura/venv/lib/python3.9/site-packages/airflow/example_dags/tutorial_taskflow_api_etl.py took 0.184 seconds
[2024-12-18 22:32:20,870] {processor.py:153} INFO - Started process (PID=21572) to work on /home/patriciacorreia/Documents/airflowalura/venv/lib/python3.9/site-packages/airflow/example_dags/tutorial_taskflow_api_etl.py
[2024-12-18 22:32:20,871] {processor.py:641} INFO - Processing file /home/patriciacorreia/Documents/airflowalura/venv/lib/python3.9/site-packages/airflow/example_dags/tutorial_taskflow_api_etl.py for tasks to queue
[2024-12-18 22:32:20,872] {logging_mixin.py:115} INFO - [2024-12-18 22:32:20,872] {dagbag.py:507} INFO - Filling up the DagBag from /home/patriciacorreia/Documents/airflowalura/venv/lib/python3.9/site-packages/airflow/example_dags/tutorial_taskflow_api_etl.py
[2024-12-18 22:32:20,899] {processor.py:651} INFO - DAG(s) dict_keys(['tutorial_taskflow_api_etl']) retrieved from /home/patriciacorreia/Documents/airflowalura/venv/lib/python3.9/site-packages/airflow/example_dags/tutorial_taskflow_api_etl.py
[2024-12-18 22:32:20,924] {logging_mixin.py:115} INFO - [2024-12-18 22:32:20,924] {dag.py:2379} INFO - Sync 1 DAGs
[2024-12-18 22:32:20,955] {logging_mixin.py:115} INFO - [2024-12-18 22:32:20,955] {dag.py:2927} INFO - Setting next_dagrun for tutorial_taskflow_api_etl to None, run_after=None
[2024-12-18 22:32:20,981] {processor.py:161} INFO - Processing /home/patriciacorreia/Documents/airflowalura/venv/lib/python3.9/site-packages/airflow/example_dags/tutorial_taskflow_api_etl.py took 0.115 seconds
[2024-12-18 22:32:54,967] {processor.py:153} INFO - Started process (PID=21738) to work on /home/patriciacorreia/Documents/airflowalura/venv/lib/python3.9/site-packages/airflow/example_dags/tutorial_taskflow_api_etl.py
[2024-12-18 22:32:54,971] {processor.py:641} INFO - Processing file /home/patriciacorreia/Documents/airflowalura/venv/lib/python3.9/site-packages/airflow/example_dags/tutorial_taskflow_api_etl.py for tasks to queue
[2024-12-18 22:32:54,973] {logging_mixin.py:115} INFO - [2024-12-18 22:32:54,972] {dagbag.py:507} INFO - Filling up the DagBag from /home/patriciacorreia/Documents/airflowalura/venv/lib/python3.9/site-packages/airflow/example_dags/tutorial_taskflow_api_etl.py
[2024-12-18 22:32:55,074] {processor.py:651} INFO - DAG(s) dict_keys(['tutorial_taskflow_api_etl']) retrieved from /home/patriciacorreia/Documents/airflowalura/venv/lib/python3.9/site-packages/airflow/example_dags/tutorial_taskflow_api_etl.py
[2024-12-18 22:32:55,148] {logging_mixin.py:115} INFO - [2024-12-18 22:32:55,148] {dag.py:2379} INFO - Sync 1 DAGs
[2024-12-18 22:32:55,248] {logging_mixin.py:115} INFO - [2024-12-18 22:32:55,247] {dag.py:2927} INFO - Setting next_dagrun for tutorial_taskflow_api_etl to None, run_after=None
[2024-12-18 22:32:55,315] {processor.py:161} INFO - Processing /home/patriciacorreia/Documents/airflowalura/venv/lib/python3.9/site-packages/airflow/example_dags/tutorial_taskflow_api_etl.py took 0.364 seconds
[2024-12-18 22:33:26,012] {processor.py:153} INFO - Started process (PID=21883) to work on /home/patriciacorreia/Documents/airflowalura/venv/lib/python3.9/site-packages/airflow/example_dags/tutorial_taskflow_api_etl.py
[2024-12-18 22:33:26,017] {processor.py:641} INFO - Processing file /home/patriciacorreia/Documents/airflowalura/venv/lib/python3.9/site-packages/airflow/example_dags/tutorial_taskflow_api_etl.py for tasks to queue
[2024-12-18 22:33:26,019] {logging_mixin.py:115} INFO - [2024-12-18 22:33:26,019] {dagbag.py:507} INFO - Filling up the DagBag from /home/patriciacorreia/Documents/airflowalura/venv/lib/python3.9/site-packages/airflow/example_dags/tutorial_taskflow_api_etl.py
[2024-12-18 22:33:26,078] {processor.py:651} INFO - DAG(s) dict_keys(['tutorial_taskflow_api_etl']) retrieved from /home/patriciacorreia/Documents/airflowalura/venv/lib/python3.9/site-packages/airflow/example_dags/tutorial_taskflow_api_etl.py
[2024-12-18 22:33:26,101] {logging_mixin.py:115} INFO - [2024-12-18 22:33:26,100] {dag.py:2379} INFO - Sync 1 DAGs
[2024-12-18 22:33:26,130] {logging_mixin.py:115} INFO - [2024-12-18 22:33:26,130] {dag.py:2927} INFO - Setting next_dagrun for tutorial_taskflow_api_etl to None, run_after=None
[2024-12-18 22:33:26,149] {processor.py:161} INFO - Processing /home/patriciacorreia/Documents/airflowalura/venv/lib/python3.9/site-packages/airflow/example_dags/tutorial_taskflow_api_etl.py took 0.153 seconds
[2024-12-18 22:34:03,484] {processor.py:153} INFO - Started process (PID=22046) to work on /home/patriciacorreia/Documents/airflowalura/venv/lib/python3.9/site-packages/airflow/example_dags/tutorial_taskflow_api_etl.py
[2024-12-18 22:34:03,488] {processor.py:641} INFO - Processing file /home/patriciacorreia/Documents/airflowalura/venv/lib/python3.9/site-packages/airflow/example_dags/tutorial_taskflow_api_etl.py for tasks to queue
[2024-12-18 22:34:03,491] {logging_mixin.py:115} INFO - [2024-12-18 22:34:03,491] {dagbag.py:507} INFO - Filling up the DagBag from /home/patriciacorreia/Documents/airflowalura/venv/lib/python3.9/site-packages/airflow/example_dags/tutorial_taskflow_api_etl.py
[2024-12-18 22:34:03,573] {processor.py:651} INFO - DAG(s) dict_keys(['tutorial_taskflow_api_etl']) retrieved from /home/patriciacorreia/Documents/airflowalura/venv/lib/python3.9/site-packages/airflow/example_dags/tutorial_taskflow_api_etl.py
[2024-12-18 22:34:03,643] {logging_mixin.py:115} INFO - [2024-12-18 22:34:03,642] {dag.py:2379} INFO - Sync 1 DAGs
[2024-12-18 22:34:03,731] {logging_mixin.py:115} INFO - [2024-12-18 22:34:03,731] {dag.py:2927} INFO - Setting next_dagrun for tutorial_taskflow_api_etl to None, run_after=None
[2024-12-18 22:34:03,782] {processor.py:161} INFO - Processing /home/patriciacorreia/Documents/airflowalura/venv/lib/python3.9/site-packages/airflow/example_dags/tutorial_taskflow_api_etl.py took 0.312 seconds
[2024-12-18 22:34:38,123] {processor.py:153} INFO - Started process (PID=22200) to work on /home/patriciacorreia/Documents/airflowalura/venv/lib/python3.9/site-packages/airflow/example_dags/tutorial_taskflow_api_etl.py
[2024-12-18 22:34:38,127] {processor.py:641} INFO - Processing file /home/patriciacorreia/Documents/airflowalura/venv/lib/python3.9/site-packages/airflow/example_dags/tutorial_taskflow_api_etl.py for tasks to queue
[2024-12-18 22:34:38,129] {logging_mixin.py:115} INFO - [2024-12-18 22:34:38,129] {dagbag.py:507} INFO - Filling up the DagBag from /home/patriciacorreia/Documents/airflowalura/venv/lib/python3.9/site-packages/airflow/example_dags/tutorial_taskflow_api_etl.py
[2024-12-18 22:34:38,236] {processor.py:651} INFO - DAG(s) dict_keys(['tutorial_taskflow_api_etl']) retrieved from /home/patriciacorreia/Documents/airflowalura/venv/lib/python3.9/site-packages/airflow/example_dags/tutorial_taskflow_api_etl.py
[2024-12-18 22:34:38,319] {logging_mixin.py:115} INFO - [2024-12-18 22:34:38,318] {dag.py:2379} INFO - Sync 1 DAGs
[2024-12-18 22:34:38,347] {logging_mixin.py:115} INFO - [2024-12-18 22:34:38,346] {dag.py:2927} INFO - Setting next_dagrun for tutorial_taskflow_api_etl to None, run_after=None
[2024-12-18 22:34:38,370] {processor.py:161} INFO - Processing /home/patriciacorreia/Documents/airflowalura/venv/lib/python3.9/site-packages/airflow/example_dags/tutorial_taskflow_api_etl.py took 0.264 seconds
[2024-12-18 22:35:17,013] {processor.py:153} INFO - Started process (PID=22377) to work on /home/patriciacorreia/Documents/airflowalura/venv/lib/python3.9/site-packages/airflow/example_dags/tutorial_taskflow_api_etl.py
[2024-12-18 22:35:17,017] {processor.py:641} INFO - Processing file /home/patriciacorreia/Documents/airflowalura/venv/lib/python3.9/site-packages/airflow/example_dags/tutorial_taskflow_api_etl.py for tasks to queue
[2024-12-18 22:35:17,022] {logging_mixin.py:115} INFO - [2024-12-18 22:35:17,021] {dagbag.py:507} INFO - Filling up the DagBag from /home/patriciacorreia/Documents/airflowalura/venv/lib/python3.9/site-packages/airflow/example_dags/tutorial_taskflow_api_etl.py
[2024-12-18 22:35:17,098] {processor.py:651} INFO - DAG(s) dict_keys(['tutorial_taskflow_api_etl']) retrieved from /home/patriciacorreia/Documents/airflowalura/venv/lib/python3.9/site-packages/airflow/example_dags/tutorial_taskflow_api_etl.py
[2024-12-18 22:35:17,308] {logging_mixin.py:115} INFO - [2024-12-18 22:35:17,307] {dag.py:2379} INFO - Sync 1 DAGs
[2024-12-18 22:35:17,390] {logging_mixin.py:115} INFO - [2024-12-18 22:35:17,390] {dag.py:2927} INFO - Setting next_dagrun for tutorial_taskflow_api_etl to None, run_after=None
[2024-12-18 22:35:17,476] {processor.py:161} INFO - Processing /home/patriciacorreia/Documents/airflowalura/venv/lib/python3.9/site-packages/airflow/example_dags/tutorial_taskflow_api_etl.py took 0.479 seconds
[2024-12-18 22:35:56,284] {processor.py:153} INFO - Started process (PID=22553) to work on /home/patriciacorreia/Documents/airflowalura/venv/lib/python3.9/site-packages/airflow/example_dags/tutorial_taskflow_api_etl.py
[2024-12-18 22:35:56,286] {processor.py:641} INFO - Processing file /home/patriciacorreia/Documents/airflowalura/venv/lib/python3.9/site-packages/airflow/example_dags/tutorial_taskflow_api_etl.py for tasks to queue
[2024-12-18 22:35:56,287] {logging_mixin.py:115} INFO - [2024-12-18 22:35:56,287] {dagbag.py:507} INFO - Filling up the DagBag from /home/patriciacorreia/Documents/airflowalura/venv/lib/python3.9/site-packages/airflow/example_dags/tutorial_taskflow_api_etl.py
[2024-12-18 22:35:56,331] {processor.py:651} INFO - DAG(s) dict_keys(['tutorial_taskflow_api_etl']) retrieved from /home/patriciacorreia/Documents/airflowalura/venv/lib/python3.9/site-packages/airflow/example_dags/tutorial_taskflow_api_etl.py
[2024-12-18 22:35:56,418] {logging_mixin.py:115} INFO - [2024-12-18 22:35:56,418] {dag.py:2379} INFO - Sync 1 DAGs
[2024-12-18 22:35:56,515] {logging_mixin.py:115} INFO - [2024-12-18 22:35:56,515] {dag.py:2927} INFO - Setting next_dagrun for tutorial_taskflow_api_etl to None, run_after=None
[2024-12-18 22:35:56,574] {processor.py:161} INFO - Processing /home/patriciacorreia/Documents/airflowalura/venv/lib/python3.9/site-packages/airflow/example_dags/tutorial_taskflow_api_etl.py took 0.298 seconds
[2024-12-18 22:36:32,046] {processor.py:153} INFO - Started process (PID=22713) to work on /home/patriciacorreia/Documents/airflowalura/venv/lib/python3.9/site-packages/airflow/example_dags/tutorial_taskflow_api_etl.py
[2024-12-18 22:36:32,049] {processor.py:641} INFO - Processing file /home/patriciacorreia/Documents/airflowalura/venv/lib/python3.9/site-packages/airflow/example_dags/tutorial_taskflow_api_etl.py for tasks to queue
[2024-12-18 22:36:32,050] {logging_mixin.py:115} INFO - [2024-12-18 22:36:32,050] {dagbag.py:507} INFO - Filling up the DagBag from /home/patriciacorreia/Documents/airflowalura/venv/lib/python3.9/site-packages/airflow/example_dags/tutorial_taskflow_api_etl.py
[2024-12-18 22:36:32,120] {processor.py:651} INFO - DAG(s) dict_keys(['tutorial_taskflow_api_etl']) retrieved from /home/patriciacorreia/Documents/airflowalura/venv/lib/python3.9/site-packages/airflow/example_dags/tutorial_taskflow_api_etl.py
[2024-12-18 22:36:32,189] {logging_mixin.py:115} INFO - [2024-12-18 22:36:32,189] {dag.py:2379} INFO - Sync 1 DAGs
[2024-12-18 22:36:32,258] {logging_mixin.py:115} INFO - [2024-12-18 22:36:32,256] {dag.py:2927} INFO - Setting next_dagrun for tutorial_taskflow_api_etl to None, run_after=None
[2024-12-18 22:36:32,312] {processor.py:161} INFO - Processing /home/patriciacorreia/Documents/airflowalura/venv/lib/python3.9/site-packages/airflow/example_dags/tutorial_taskflow_api_etl.py took 0.281 seconds
[2024-12-18 22:37:13,686] {processor.py:153} INFO - Started process (PID=22898) to work on /home/patriciacorreia/Documents/airflowalura/venv/lib/python3.9/site-packages/airflow/example_dags/tutorial_taskflow_api_etl.py
[2024-12-18 22:37:13,691] {processor.py:641} INFO - Processing file /home/patriciacorreia/Documents/airflowalura/venv/lib/python3.9/site-packages/airflow/example_dags/tutorial_taskflow_api_etl.py for tasks to queue
[2024-12-18 22:37:13,694] {logging_mixin.py:115} INFO - [2024-12-18 22:37:13,693] {dagbag.py:507} INFO - Filling up the DagBag from /home/patriciacorreia/Documents/airflowalura/venv/lib/python3.9/site-packages/airflow/example_dags/tutorial_taskflow_api_etl.py
[2024-12-18 22:37:13,773] {processor.py:651} INFO - DAG(s) dict_keys(['tutorial_taskflow_api_etl']) retrieved from /home/patriciacorreia/Documents/airflowalura/venv/lib/python3.9/site-packages/airflow/example_dags/tutorial_taskflow_api_etl.py
[2024-12-18 22:37:13,859] {logging_mixin.py:115} INFO - [2024-12-18 22:37:13,858] {dag.py:2379} INFO - Sync 1 DAGs
[2024-12-18 22:37:13,947] {logging_mixin.py:115} INFO - [2024-12-18 22:37:13,947] {dag.py:2927} INFO - Setting next_dagrun for tutorial_taskflow_api_etl to None, run_after=None
[2024-12-18 22:37:14,009] {processor.py:161} INFO - Processing /home/patriciacorreia/Documents/airflowalura/venv/lib/python3.9/site-packages/airflow/example_dags/tutorial_taskflow_api_etl.py took 0.336 seconds
[2024-12-18 22:37:57,652] {processor.py:153} INFO - Started process (PID=23093) to work on /home/patriciacorreia/Documents/airflowalura/venv/lib/python3.9/site-packages/airflow/example_dags/tutorial_taskflow_api_etl.py
[2024-12-18 22:37:57,655] {processor.py:641} INFO - Processing file /home/patriciacorreia/Documents/airflowalura/venv/lib/python3.9/site-packages/airflow/example_dags/tutorial_taskflow_api_etl.py for tasks to queue
[2024-12-18 22:37:57,658] {logging_mixin.py:115} INFO - [2024-12-18 22:37:57,657] {dagbag.py:507} INFO - Filling up the DagBag from /home/patriciacorreia/Documents/airflowalura/venv/lib/python3.9/site-packages/airflow/example_dags/tutorial_taskflow_api_etl.py
[2024-12-18 22:37:57,765] {processor.py:651} INFO - DAG(s) dict_keys(['tutorial_taskflow_api_etl']) retrieved from /home/patriciacorreia/Documents/airflowalura/venv/lib/python3.9/site-packages/airflow/example_dags/tutorial_taskflow_api_etl.py
[2024-12-18 22:37:57,797] {logging_mixin.py:115} INFO - [2024-12-18 22:37:57,797] {dag.py:2379} INFO - Sync 1 DAGs
[2024-12-18 22:37:57,830] {logging_mixin.py:115} INFO - [2024-12-18 22:37:57,829] {dag.py:2927} INFO - Setting next_dagrun for tutorial_taskflow_api_etl to None, run_after=None
[2024-12-18 22:37:57,851] {processor.py:161} INFO - Processing /home/patriciacorreia/Documents/airflowalura/venv/lib/python3.9/site-packages/airflow/example_dags/tutorial_taskflow_api_etl.py took 0.214 seconds
[2024-12-18 22:38:38,702] {processor.py:153} INFO - Started process (PID=23281) to work on /home/patriciacorreia/Documents/airflowalura/venv/lib/python3.9/site-packages/airflow/example_dags/tutorial_taskflow_api_etl.py
[2024-12-18 22:38:38,704] {processor.py:641} INFO - Processing file /home/patriciacorreia/Documents/airflowalura/venv/lib/python3.9/site-packages/airflow/example_dags/tutorial_taskflow_api_etl.py for tasks to queue
[2024-12-18 22:38:38,706] {logging_mixin.py:115} INFO - [2024-12-18 22:38:38,705] {dagbag.py:507} INFO - Filling up the DagBag from /home/patriciacorreia/Documents/airflowalura/venv/lib/python3.9/site-packages/airflow/example_dags/tutorial_taskflow_api_etl.py
[2024-12-18 22:38:38,741] {processor.py:651} INFO - DAG(s) dict_keys(['tutorial_taskflow_api_etl']) retrieved from /home/patriciacorreia/Documents/airflowalura/venv/lib/python3.9/site-packages/airflow/example_dags/tutorial_taskflow_api_etl.py
[2024-12-18 22:38:38,772] {logging_mixin.py:115} INFO - [2024-12-18 22:38:38,772] {dag.py:2379} INFO - Sync 1 DAGs
[2024-12-18 22:38:38,803] {logging_mixin.py:115} INFO - [2024-12-18 22:38:38,803] {dag.py:2927} INFO - Setting next_dagrun for tutorial_taskflow_api_etl to None, run_after=None
[2024-12-18 22:38:38,824] {processor.py:161} INFO - Processing /home/patriciacorreia/Documents/airflowalura/venv/lib/python3.9/site-packages/airflow/example_dags/tutorial_taskflow_api_etl.py took 0.134 seconds
[2024-12-18 22:39:15,746] {processor.py:153} INFO - Started process (PID=23455) to work on /home/patriciacorreia/Documents/airflowalura/venv/lib/python3.9/site-packages/airflow/example_dags/tutorial_taskflow_api_etl.py
[2024-12-18 22:39:15,750] {processor.py:641} INFO - Processing file /home/patriciacorreia/Documents/airflowalura/venv/lib/python3.9/site-packages/airflow/example_dags/tutorial_taskflow_api_etl.py for tasks to queue
[2024-12-18 22:39:15,753] {logging_mixin.py:115} INFO - [2024-12-18 22:39:15,751] {dagbag.py:507} INFO - Filling up the DagBag from /home/patriciacorreia/Documents/airflowalura/venv/lib/python3.9/site-packages/airflow/example_dags/tutorial_taskflow_api_etl.py
[2024-12-18 22:39:15,841] {processor.py:651} INFO - DAG(s) dict_keys(['tutorial_taskflow_api_etl']) retrieved from /home/patriciacorreia/Documents/airflowalura/venv/lib/python3.9/site-packages/airflow/example_dags/tutorial_taskflow_api_etl.py
[2024-12-18 22:39:16,044] {logging_mixin.py:115} INFO - [2024-12-18 22:39:16,043] {dag.py:2379} INFO - Sync 1 DAGs
[2024-12-18 22:39:16,108] {logging_mixin.py:115} INFO - [2024-12-18 22:39:16,107] {dag.py:2927} INFO - Setting next_dagrun for tutorial_taskflow_api_etl to None, run_after=None
[2024-12-18 22:39:16,170] {processor.py:161} INFO - Processing /home/patriciacorreia/Documents/airflowalura/venv/lib/python3.9/site-packages/airflow/example_dags/tutorial_taskflow_api_etl.py took 0.443 seconds
[2024-12-18 22:39:53,000] {processor.py:153} INFO - Started process (PID=23626) to work on /home/patriciacorreia/Documents/airflowalura/venv/lib/python3.9/site-packages/airflow/example_dags/tutorial_taskflow_api_etl.py
[2024-12-18 22:39:53,001] {processor.py:641} INFO - Processing file /home/patriciacorreia/Documents/airflowalura/venv/lib/python3.9/site-packages/airflow/example_dags/tutorial_taskflow_api_etl.py for tasks to queue
[2024-12-18 22:39:53,002] {logging_mixin.py:115} INFO - [2024-12-18 22:39:53,002] {dagbag.py:507} INFO - Filling up the DagBag from /home/patriciacorreia/Documents/airflowalura/venv/lib/python3.9/site-packages/airflow/example_dags/tutorial_taskflow_api_etl.py
[2024-12-18 22:39:53,049] {processor.py:651} INFO - DAG(s) dict_keys(['tutorial_taskflow_api_etl']) retrieved from /home/patriciacorreia/Documents/airflowalura/venv/lib/python3.9/site-packages/airflow/example_dags/tutorial_taskflow_api_etl.py
[2024-12-18 22:39:53,153] {logging_mixin.py:115} INFO - [2024-12-18 22:39:53,153] {dag.py:2379} INFO - Sync 1 DAGs
[2024-12-18 22:39:53,181] {logging_mixin.py:115} INFO - [2024-12-18 22:39:53,181] {dag.py:2927} INFO - Setting next_dagrun for tutorial_taskflow_api_etl to None, run_after=None
[2024-12-18 22:39:53,204] {processor.py:161} INFO - Processing /home/patriciacorreia/Documents/airflowalura/venv/lib/python3.9/site-packages/airflow/example_dags/tutorial_taskflow_api_etl.py took 0.218 seconds
[2024-12-18 22:40:32,316] {processor.py:153} INFO - Started process (PID=23831) to work on /home/patriciacorreia/Documents/airflowalura/venv/lib/python3.9/site-packages/airflow/example_dags/tutorial_taskflow_api_etl.py
[2024-12-18 22:40:32,319] {processor.py:641} INFO - Processing file /home/patriciacorreia/Documents/airflowalura/venv/lib/python3.9/site-packages/airflow/example_dags/tutorial_taskflow_api_etl.py for tasks to queue
[2024-12-18 22:40:32,321] {logging_mixin.py:115} INFO - [2024-12-18 22:40:32,321] {dagbag.py:507} INFO - Filling up the DagBag from /home/patriciacorreia/Documents/airflowalura/venv/lib/python3.9/site-packages/airflow/example_dags/tutorial_taskflow_api_etl.py
[2024-12-18 22:40:32,388] {processor.py:651} INFO - DAG(s) dict_keys(['tutorial_taskflow_api_etl']) retrieved from /home/patriciacorreia/Documents/airflowalura/venv/lib/python3.9/site-packages/airflow/example_dags/tutorial_taskflow_api_etl.py
[2024-12-18 22:40:32,586] {logging_mixin.py:115} INFO - [2024-12-18 22:40:32,585] {dag.py:2379} INFO - Sync 1 DAGs
[2024-12-18 22:40:32,647] {logging_mixin.py:115} INFO - [2024-12-18 22:40:32,646] {dag.py:2927} INFO - Setting next_dagrun for tutorial_taskflow_api_etl to None, run_after=None
[2024-12-18 22:40:32,710] {processor.py:161} INFO - Processing /home/patriciacorreia/Documents/airflowalura/venv/lib/python3.9/site-packages/airflow/example_dags/tutorial_taskflow_api_etl.py took 0.407 seconds
