[2024-12-18 22:05:19,539] {processor.py:153} INFO - Started process (PID=13797) to work on /home/patriciacorreia/Documents/airflowalura/venv/lib/python3.9/site-packages/airflow/example_dags/tutorial.py
[2024-12-18 22:05:19,540] {processor.py:641} INFO - Processing file /home/patriciacorreia/Documents/airflowalura/venv/lib/python3.9/site-packages/airflow/example_dags/tutorial.py for tasks to queue
[2024-12-18 22:05:19,541] {logging_mixin.py:115} INFO - [2024-12-18 22:05:19,541] {dagbag.py:507} INFO - Filling up the DagBag from /home/patriciacorreia/Documents/airflowalura/venv/lib/python3.9/site-packages/airflow/example_dags/tutorial.py
[2024-12-18 22:05:19,553] {processor.py:651} INFO - DAG(s) dict_keys(['tutorial']) retrieved from /home/patriciacorreia/Documents/airflowalura/venv/lib/python3.9/site-packages/airflow/example_dags/tutorial.py
[2024-12-18 22:05:19,695] {logging_mixin.py:115} INFO - [2024-12-18 22:05:19,695] {manager.py:508} INFO - Created Permission View: can read on DAG:tutorial
[2024-12-18 22:05:19,709] {logging_mixin.py:115} INFO - [2024-12-18 22:05:19,708] {manager.py:508} INFO - Created Permission View: can delete on DAG:tutorial
[2024-12-18 22:05:19,719] {logging_mixin.py:115} INFO - [2024-12-18 22:05:19,718] {manager.py:508} INFO - Created Permission View: can edit on DAG:tutorial
[2024-12-18 22:05:19,719] {logging_mixin.py:115} INFO - [2024-12-18 22:05:19,719] {dag.py:2379} INFO - Sync 1 DAGs
[2024-12-18 22:05:19,759] {logging_mixin.py:115} INFO - [2024-12-18 22:05:19,758] {dag.py:2398} INFO - Creating ORM DAG for tutorial
[2024-12-18 22:05:19,794] {logging_mixin.py:115} INFO - [2024-12-18 22:05:19,794] {dag.py:2927} INFO - Setting next_dagrun for tutorial to 2024-12-18T01:05:19.792529+00:00, run_after=2024-12-19T01:05:19.792529+00:00
[2024-12-18 22:05:19,827] {processor.py:161} INFO - Processing /home/patriciacorreia/Documents/airflowalura/venv/lib/python3.9/site-packages/airflow/example_dags/tutorial.py took 0.293 seconds
[2024-12-18 22:05:57,470] {processor.py:153} INFO - Started process (PID=13923) to work on /home/patriciacorreia/Documents/airflowalura/venv/lib/python3.9/site-packages/airflow/example_dags/tutorial.py
[2024-12-18 22:05:57,472] {processor.py:641} INFO - Processing file /home/patriciacorreia/Documents/airflowalura/venv/lib/python3.9/site-packages/airflow/example_dags/tutorial.py for tasks to queue
[2024-12-18 22:05:57,473] {logging_mixin.py:115} INFO - [2024-12-18 22:05:57,473] {dagbag.py:507} INFO - Filling up the DagBag from /home/patriciacorreia/Documents/airflowalura/venv/lib/python3.9/site-packages/airflow/example_dags/tutorial.py
[2024-12-18 22:05:57,489] {processor.py:651} INFO - DAG(s) dict_keys(['tutorial']) retrieved from /home/patriciacorreia/Documents/airflowalura/venv/lib/python3.9/site-packages/airflow/example_dags/tutorial.py
[2024-12-18 22:05:57,513] {logging_mixin.py:115} INFO - [2024-12-18 22:05:57,512] {dag.py:2379} INFO - Sync 1 DAGs
[2024-12-18 22:05:57,534] {logging_mixin.py:115} INFO - [2024-12-18 22:05:57,534] {dag.py:2927} INFO - Setting next_dagrun for tutorial to 2024-12-18T01:05:57.534161+00:00, run_after=2024-12-19T01:05:57.534161+00:00
[2024-12-18 22:05:57,552] {processor.py:161} INFO - Processing /home/patriciacorreia/Documents/airflowalura/venv/lib/python3.9/site-packages/airflow/example_dags/tutorial.py took 0.089 seconds
[2024-12-18 22:06:32,370] {processor.py:153} INFO - Started process (PID=14034) to work on /home/patriciacorreia/Documents/airflowalura/venv/lib/python3.9/site-packages/airflow/example_dags/tutorial.py
[2024-12-18 22:06:32,372] {processor.py:641} INFO - Processing file /home/patriciacorreia/Documents/airflowalura/venv/lib/python3.9/site-packages/airflow/example_dags/tutorial.py for tasks to queue
[2024-12-18 22:06:32,372] {logging_mixin.py:115} INFO - [2024-12-18 22:06:32,372] {dagbag.py:507} INFO - Filling up the DagBag from /home/patriciacorreia/Documents/airflowalura/venv/lib/python3.9/site-packages/airflow/example_dags/tutorial.py
[2024-12-18 22:06:32,380] {processor.py:651} INFO - DAG(s) dict_keys(['tutorial']) retrieved from /home/patriciacorreia/Documents/airflowalura/venv/lib/python3.9/site-packages/airflow/example_dags/tutorial.py
[2024-12-18 22:06:32,401] {logging_mixin.py:115} INFO - [2024-12-18 22:06:32,400] {dag.py:2379} INFO - Sync 1 DAGs
[2024-12-18 22:06:32,422] {logging_mixin.py:115} INFO - [2024-12-18 22:06:32,421] {dag.py:2927} INFO - Setting next_dagrun for tutorial to 2024-12-18T01:06:32.421578+00:00, run_after=2024-12-19T01:06:32.421578+00:00
[2024-12-18 22:06:32,442] {processor.py:161} INFO - Processing /home/patriciacorreia/Documents/airflowalura/venv/lib/python3.9/site-packages/airflow/example_dags/tutorial.py took 0.076 seconds
[2024-12-18 22:07:09,610] {processor.py:153} INFO - Started process (PID=14159) to work on /home/patriciacorreia/Documents/airflowalura/venv/lib/python3.9/site-packages/airflow/example_dags/tutorial.py
[2024-12-18 22:07:09,612] {processor.py:641} INFO - Processing file /home/patriciacorreia/Documents/airflowalura/venv/lib/python3.9/site-packages/airflow/example_dags/tutorial.py for tasks to queue
[2024-12-18 22:07:09,614] {logging_mixin.py:115} INFO - [2024-12-18 22:07:09,613] {dagbag.py:507} INFO - Filling up the DagBag from /home/patriciacorreia/Documents/airflowalura/venv/lib/python3.9/site-packages/airflow/example_dags/tutorial.py
[2024-12-18 22:07:09,623] {processor.py:651} INFO - DAG(s) dict_keys(['tutorial']) retrieved from /home/patriciacorreia/Documents/airflowalura/venv/lib/python3.9/site-packages/airflow/example_dags/tutorial.py
[2024-12-18 22:07:09,661] {logging_mixin.py:115} INFO - [2024-12-18 22:07:09,660] {dag.py:2379} INFO - Sync 1 DAGs
[2024-12-18 22:07:09,706] {logging_mixin.py:115} INFO - [2024-12-18 22:07:09,706] {dag.py:2927} INFO - Setting next_dagrun for tutorial to 2024-12-18T01:07:09.705831+00:00, run_after=2024-12-19T01:07:09.705831+00:00
[2024-12-18 22:07:09,744] {processor.py:161} INFO - Processing /home/patriciacorreia/Documents/airflowalura/venv/lib/python3.9/site-packages/airflow/example_dags/tutorial.py took 0.141 seconds
[2024-12-18 22:07:44,595] {processor.py:153} INFO - Started process (PID=14219) to work on /home/patriciacorreia/Documents/airflowalura/venv/lib/python3.9/site-packages/airflow/example_dags/tutorial.py
[2024-12-18 22:07:44,597] {processor.py:641} INFO - Processing file /home/patriciacorreia/Documents/airflowalura/venv/lib/python3.9/site-packages/airflow/example_dags/tutorial.py for tasks to queue
[2024-12-18 22:07:44,598] {logging_mixin.py:115} INFO - [2024-12-18 22:07:44,598] {dagbag.py:507} INFO - Filling up the DagBag from /home/patriciacorreia/Documents/airflowalura/venv/lib/python3.9/site-packages/airflow/example_dags/tutorial.py
[2024-12-18 22:07:44,610] {processor.py:651} INFO - DAG(s) dict_keys(['tutorial']) retrieved from /home/patriciacorreia/Documents/airflowalura/venv/lib/python3.9/site-packages/airflow/example_dags/tutorial.py
[2024-12-18 22:07:44,642] {logging_mixin.py:115} INFO - [2024-12-18 22:07:44,642] {dag.py:2379} INFO - Sync 1 DAGs
[2024-12-18 22:07:44,676] {logging_mixin.py:115} INFO - [2024-12-18 22:07:44,676] {dag.py:2927} INFO - Setting next_dagrun for tutorial to 2024-12-18T01:07:44.675606+00:00, run_after=2024-12-19T01:07:44.675606+00:00
[2024-12-18 22:07:44,704] {processor.py:161} INFO - Processing /home/patriciacorreia/Documents/airflowalura/venv/lib/python3.9/site-packages/airflow/example_dags/tutorial.py took 0.114 seconds
[2024-12-18 22:08:22,887] {processor.py:153} INFO - Started process (PID=14330) to work on /home/patriciacorreia/Documents/airflowalura/venv/lib/python3.9/site-packages/airflow/example_dags/tutorial.py
[2024-12-18 22:08:22,890] {processor.py:641} INFO - Processing file /home/patriciacorreia/Documents/airflowalura/venv/lib/python3.9/site-packages/airflow/example_dags/tutorial.py for tasks to queue
[2024-12-18 22:08:22,891] {logging_mixin.py:115} INFO - [2024-12-18 22:08:22,891] {dagbag.py:507} INFO - Filling up the DagBag from /home/patriciacorreia/Documents/airflowalura/venv/lib/python3.9/site-packages/airflow/example_dags/tutorial.py
[2024-12-18 22:08:22,910] {processor.py:651} INFO - DAG(s) dict_keys(['tutorial']) retrieved from /home/patriciacorreia/Documents/airflowalura/venv/lib/python3.9/site-packages/airflow/example_dags/tutorial.py
[2024-12-18 22:08:22,945] {logging_mixin.py:115} INFO - [2024-12-18 22:08:22,945] {dag.py:2379} INFO - Sync 1 DAGs
[2024-12-18 22:08:22,992] {logging_mixin.py:115} INFO - [2024-12-18 22:08:22,991] {dag.py:2927} INFO - Setting next_dagrun for tutorial to 2024-12-18T01:08:22.991273+00:00, run_after=2024-12-19T01:08:22.991273+00:00
[2024-12-18 22:08:23,024] {processor.py:161} INFO - Processing /home/patriciacorreia/Documents/airflowalura/venv/lib/python3.9/site-packages/airflow/example_dags/tutorial.py took 0.142 seconds
[2024-12-18 22:08:55,528] {processor.py:153} INFO - Started process (PID=14461) to work on /home/patriciacorreia/Documents/airflowalura/venv/lib/python3.9/site-packages/airflow/example_dags/tutorial.py
[2024-12-18 22:08:55,530] {processor.py:641} INFO - Processing file /home/patriciacorreia/Documents/airflowalura/venv/lib/python3.9/site-packages/airflow/example_dags/tutorial.py for tasks to queue
[2024-12-18 22:08:55,530] {logging_mixin.py:115} INFO - [2024-12-18 22:08:55,530] {dagbag.py:507} INFO - Filling up the DagBag from /home/patriciacorreia/Documents/airflowalura/venv/lib/python3.9/site-packages/airflow/example_dags/tutorial.py
[2024-12-18 22:08:55,540] {processor.py:651} INFO - DAG(s) dict_keys(['tutorial']) retrieved from /home/patriciacorreia/Documents/airflowalura/venv/lib/python3.9/site-packages/airflow/example_dags/tutorial.py
[2024-12-18 22:08:55,564] {logging_mixin.py:115} INFO - [2024-12-18 22:08:55,564] {dag.py:2379} INFO - Sync 1 DAGs
[2024-12-18 22:08:55,592] {logging_mixin.py:115} INFO - [2024-12-18 22:08:55,592] {dag.py:2927} INFO - Setting next_dagrun for tutorial to 2024-12-18T01:08:55.591609+00:00, run_after=2024-12-19T01:08:55.591609+00:00
[2024-12-18 22:08:55,615] {processor.py:161} INFO - Processing /home/patriciacorreia/Documents/airflowalura/venv/lib/python3.9/site-packages/airflow/example_dags/tutorial.py took 0.091 seconds
[2024-12-18 22:09:32,809] {processor.py:153} INFO - Started process (PID=14609) to work on /home/patriciacorreia/Documents/airflowalura/venv/lib/python3.9/site-packages/airflow/example_dags/tutorial.py
[2024-12-18 22:09:32,814] {processor.py:641} INFO - Processing file /home/patriciacorreia/Documents/airflowalura/venv/lib/python3.9/site-packages/airflow/example_dags/tutorial.py for tasks to queue
[2024-12-18 22:09:32,817] {logging_mixin.py:115} INFO - [2024-12-18 22:09:32,816] {dagbag.py:507} INFO - Filling up the DagBag from /home/patriciacorreia/Documents/airflowalura/venv/lib/python3.9/site-packages/airflow/example_dags/tutorial.py
[2024-12-18 22:09:32,848] {processor.py:651} INFO - DAG(s) dict_keys(['tutorial']) retrieved from /home/patriciacorreia/Documents/airflowalura/venv/lib/python3.9/site-packages/airflow/example_dags/tutorial.py
[2024-12-18 22:09:32,926] {logging_mixin.py:115} INFO - [2024-12-18 22:09:32,925] {dag.py:2379} INFO - Sync 1 DAGs
[2024-12-18 22:09:33,012] {logging_mixin.py:115} INFO - [2024-12-18 22:09:33,012] {dag.py:2927} INFO - Setting next_dagrun for tutorial to 2024-12-18T01:09:33.011512+00:00, run_after=2024-12-19T01:09:33.011512+00:00
[2024-12-18 22:09:33,051] {processor.py:161} INFO - Processing /home/patriciacorreia/Documents/airflowalura/venv/lib/python3.9/site-packages/airflow/example_dags/tutorial.py took 0.256 seconds
[2024-12-18 22:10:04,508] {processor.py:153} INFO - Started process (PID=14822) to work on /home/patriciacorreia/Documents/airflowalura/venv/lib/python3.9/site-packages/airflow/example_dags/tutorial.py
[2024-12-18 22:10:04,509] {processor.py:641} INFO - Processing file /home/patriciacorreia/Documents/airflowalura/venv/lib/python3.9/site-packages/airflow/example_dags/tutorial.py for tasks to queue
[2024-12-18 22:10:04,510] {logging_mixin.py:115} INFO - [2024-12-18 22:10:04,510] {dagbag.py:507} INFO - Filling up the DagBag from /home/patriciacorreia/Documents/airflowalura/venv/lib/python3.9/site-packages/airflow/example_dags/tutorial.py
[2024-12-18 22:10:04,525] {processor.py:651} INFO - DAG(s) dict_keys(['tutorial']) retrieved from /home/patriciacorreia/Documents/airflowalura/venv/lib/python3.9/site-packages/airflow/example_dags/tutorial.py
[2024-12-18 22:10:04,563] {logging_mixin.py:115} INFO - [2024-12-18 22:10:04,563] {dag.py:2379} INFO - Sync 1 DAGs
[2024-12-18 22:10:04,607] {logging_mixin.py:115} INFO - [2024-12-18 22:10:04,607] {dag.py:2927} INFO - Setting next_dagrun for tutorial to 2024-12-18T01:10:04.606523+00:00, run_after=2024-12-19T01:10:04.606523+00:00
[2024-12-18 22:10:04,638] {processor.py:161} INFO - Processing /home/patriciacorreia/Documents/airflowalura/venv/lib/python3.9/site-packages/airflow/example_dags/tutorial.py took 0.137 seconds
[2024-12-18 22:10:38,976] {processor.py:153} INFO - Started process (PID=15145) to work on /home/patriciacorreia/Documents/airflowalura/venv/lib/python3.9/site-packages/airflow/example_dags/tutorial.py
[2024-12-18 22:10:38,978] {processor.py:641} INFO - Processing file /home/patriciacorreia/Documents/airflowalura/venv/lib/python3.9/site-packages/airflow/example_dags/tutorial.py for tasks to queue
[2024-12-18 22:10:38,979] {logging_mixin.py:115} INFO - [2024-12-18 22:10:38,979] {dagbag.py:507} INFO - Filling up the DagBag from /home/patriciacorreia/Documents/airflowalura/venv/lib/python3.9/site-packages/airflow/example_dags/tutorial.py
[2024-12-18 22:10:38,995] {processor.py:651} INFO - DAG(s) dict_keys(['tutorial']) retrieved from /home/patriciacorreia/Documents/airflowalura/venv/lib/python3.9/site-packages/airflow/example_dags/tutorial.py
[2024-12-18 22:10:39,043] {logging_mixin.py:115} INFO - [2024-12-18 22:10:39,043] {dag.py:2379} INFO - Sync 1 DAGs
[2024-12-18 22:10:39,100] {logging_mixin.py:115} INFO - [2024-12-18 22:10:39,100] {dag.py:2927} INFO - Setting next_dagrun for tutorial to 2024-12-18T01:10:39.099168+00:00, run_after=2024-12-19T01:10:39.099168+00:00
[2024-12-18 22:10:39,128] {processor.py:161} INFO - Processing /home/patriciacorreia/Documents/airflowalura/venv/lib/python3.9/site-packages/airflow/example_dags/tutorial.py took 0.162 seconds
[2024-12-18 22:11:14,746] {processor.py:153} INFO - Started process (PID=15443) to work on /home/patriciacorreia/Documents/airflowalura/venv/lib/python3.9/site-packages/airflow/example_dags/tutorial.py
[2024-12-18 22:11:14,749] {processor.py:641} INFO - Processing file /home/patriciacorreia/Documents/airflowalura/venv/lib/python3.9/site-packages/airflow/example_dags/tutorial.py for tasks to queue
[2024-12-18 22:11:14,751] {logging_mixin.py:115} INFO - [2024-12-18 22:11:14,750] {dagbag.py:507} INFO - Filling up the DagBag from /home/patriciacorreia/Documents/airflowalura/venv/lib/python3.9/site-packages/airflow/example_dags/tutorial.py
[2024-12-18 22:11:14,776] {processor.py:651} INFO - DAG(s) dict_keys(['tutorial']) retrieved from /home/patriciacorreia/Documents/airflowalura/venv/lib/python3.9/site-packages/airflow/example_dags/tutorial.py
[2024-12-18 22:11:14,844] {logging_mixin.py:115} INFO - [2024-12-18 22:11:14,844] {dag.py:2379} INFO - Sync 1 DAGs
[2024-12-18 22:11:14,908] {logging_mixin.py:115} INFO - [2024-12-18 22:11:14,908] {dag.py:2927} INFO - Setting next_dagrun for tutorial to 2024-12-18T01:11:14.908203+00:00, run_after=2024-12-19T01:11:14.908203+00:00
[2024-12-18 22:11:14,926] {processor.py:161} INFO - Processing /home/patriciacorreia/Documents/airflowalura/venv/lib/python3.9/site-packages/airflow/example_dags/tutorial.py took 0.191 seconds
[2024-12-18 22:11:50,760] {processor.py:153} INFO - Started process (PID=15600) to work on /home/patriciacorreia/Documents/airflowalura/venv/lib/python3.9/site-packages/airflow/example_dags/tutorial.py
[2024-12-18 22:11:50,764] {processor.py:641} INFO - Processing file /home/patriciacorreia/Documents/airflowalura/venv/lib/python3.9/site-packages/airflow/example_dags/tutorial.py for tasks to queue
[2024-12-18 22:11:50,766] {logging_mixin.py:115} INFO - [2024-12-18 22:11:50,766] {dagbag.py:507} INFO - Filling up the DagBag from /home/patriciacorreia/Documents/airflowalura/venv/lib/python3.9/site-packages/airflow/example_dags/tutorial.py
[2024-12-18 22:11:50,788] {processor.py:651} INFO - DAG(s) dict_keys(['tutorial']) retrieved from /home/patriciacorreia/Documents/airflowalura/venv/lib/python3.9/site-packages/airflow/example_dags/tutorial.py
[2024-12-18 22:11:50,847] {logging_mixin.py:115} INFO - [2024-12-18 22:11:50,847] {dag.py:2379} INFO - Sync 1 DAGs
[2024-12-18 22:11:50,913] {logging_mixin.py:115} INFO - [2024-12-18 22:11:50,913] {dag.py:2927} INFO - Setting next_dagrun for tutorial to 2024-12-18T01:11:50.912205+00:00, run_after=2024-12-19T01:11:50.912205+00:00
[2024-12-18 22:11:50,953] {processor.py:161} INFO - Processing /home/patriciacorreia/Documents/airflowalura/venv/lib/python3.9/site-packages/airflow/example_dags/tutorial.py took 0.209 seconds
[2024-12-18 22:12:30,551] {processor.py:153} INFO - Started process (PID=15782) to work on /home/patriciacorreia/Documents/airflowalura/venv/lib/python3.9/site-packages/airflow/example_dags/tutorial.py
[2024-12-18 22:12:30,554] {processor.py:641} INFO - Processing file /home/patriciacorreia/Documents/airflowalura/venv/lib/python3.9/site-packages/airflow/example_dags/tutorial.py for tasks to queue
[2024-12-18 22:12:30,555] {logging_mixin.py:115} INFO - [2024-12-18 22:12:30,555] {dagbag.py:507} INFO - Filling up the DagBag from /home/patriciacorreia/Documents/airflowalura/venv/lib/python3.9/site-packages/airflow/example_dags/tutorial.py
[2024-12-18 22:12:30,571] {processor.py:651} INFO - DAG(s) dict_keys(['tutorial']) retrieved from /home/patriciacorreia/Documents/airflowalura/venv/lib/python3.9/site-packages/airflow/example_dags/tutorial.py
[2024-12-18 22:12:30,613] {logging_mixin.py:115} INFO - [2024-12-18 22:12:30,613] {dag.py:2379} INFO - Sync 1 DAGs
[2024-12-18 22:12:30,658] {logging_mixin.py:115} INFO - [2024-12-18 22:12:30,658] {dag.py:2927} INFO - Setting next_dagrun for tutorial to 2024-12-18T01:12:30.657425+00:00, run_after=2024-12-19T01:12:30.657425+00:00
[2024-12-18 22:12:30,682] {processor.py:161} INFO - Processing /home/patriciacorreia/Documents/airflowalura/venv/lib/python3.9/site-packages/airflow/example_dags/tutorial.py took 0.138 seconds
[2024-12-18 22:13:03,050] {processor.py:153} INFO - Started process (PID=15927) to work on /home/patriciacorreia/Documents/airflowalura/venv/lib/python3.9/site-packages/airflow/example_dags/tutorial.py
[2024-12-18 22:13:03,053] {processor.py:641} INFO - Processing file /home/patriciacorreia/Documents/airflowalura/venv/lib/python3.9/site-packages/airflow/example_dags/tutorial.py for tasks to queue
[2024-12-18 22:13:03,054] {logging_mixin.py:115} INFO - [2024-12-18 22:13:03,054] {dagbag.py:507} INFO - Filling up the DagBag from /home/patriciacorreia/Documents/airflowalura/venv/lib/python3.9/site-packages/airflow/example_dags/tutorial.py
[2024-12-18 22:13:03,067] {processor.py:651} INFO - DAG(s) dict_keys(['tutorial']) retrieved from /home/patriciacorreia/Documents/airflowalura/venv/lib/python3.9/site-packages/airflow/example_dags/tutorial.py
[2024-12-18 22:13:03,102] {logging_mixin.py:115} INFO - [2024-12-18 22:13:03,101] {dag.py:2379} INFO - Sync 1 DAGs
[2024-12-18 22:13:03,144] {logging_mixin.py:115} INFO - [2024-12-18 22:13:03,143] {dag.py:2927} INFO - Setting next_dagrun for tutorial to 2024-12-18T01:13:03.143198+00:00, run_after=2024-12-19T01:13:03.143198+00:00
[2024-12-18 22:13:03,169] {processor.py:161} INFO - Processing /home/patriciacorreia/Documents/airflowalura/venv/lib/python3.9/site-packages/airflow/example_dags/tutorial.py took 0.126 seconds
[2024-12-18 22:13:41,109] {processor.py:153} INFO - Started process (PID=16097) to work on /home/patriciacorreia/Documents/airflowalura/venv/lib/python3.9/site-packages/airflow/example_dags/tutorial.py
[2024-12-18 22:13:41,112] {processor.py:641} INFO - Processing file /home/patriciacorreia/Documents/airflowalura/venv/lib/python3.9/site-packages/airflow/example_dags/tutorial.py for tasks to queue
[2024-12-18 22:13:41,114] {logging_mixin.py:115} INFO - [2024-12-18 22:13:41,114] {dagbag.py:507} INFO - Filling up the DagBag from /home/patriciacorreia/Documents/airflowalura/venv/lib/python3.9/site-packages/airflow/example_dags/tutorial.py
[2024-12-18 22:13:41,134] {processor.py:651} INFO - DAG(s) dict_keys(['tutorial']) retrieved from /home/patriciacorreia/Documents/airflowalura/venv/lib/python3.9/site-packages/airflow/example_dags/tutorial.py
[2024-12-18 22:13:41,193] {logging_mixin.py:115} INFO - [2024-12-18 22:13:41,192] {dag.py:2379} INFO - Sync 1 DAGs
[2024-12-18 22:13:41,239] {logging_mixin.py:115} INFO - [2024-12-18 22:13:41,239] {dag.py:2927} INFO - Setting next_dagrun for tutorial to 2024-12-18T01:13:41.239061+00:00, run_after=2024-12-19T01:13:41.239061+00:00
[2024-12-18 22:13:41,257] {processor.py:161} INFO - Processing /home/patriciacorreia/Documents/airflowalura/venv/lib/python3.9/site-packages/airflow/example_dags/tutorial.py took 0.159 seconds
[2024-12-18 22:14:18,058] {processor.py:153} INFO - Started process (PID=16283) to work on /home/patriciacorreia/Documents/airflowalura/venv/lib/python3.9/site-packages/airflow/example_dags/tutorial.py
[2024-12-18 22:14:18,060] {processor.py:641} INFO - Processing file /home/patriciacorreia/Documents/airflowalura/venv/lib/python3.9/site-packages/airflow/example_dags/tutorial.py for tasks to queue
[2024-12-18 22:14:18,061] {logging_mixin.py:115} INFO - [2024-12-18 22:14:18,061] {dagbag.py:507} INFO - Filling up the DagBag from /home/patriciacorreia/Documents/airflowalura/venv/lib/python3.9/site-packages/airflow/example_dags/tutorial.py
[2024-12-18 22:14:18,079] {processor.py:651} INFO - DAG(s) dict_keys(['tutorial']) retrieved from /home/patriciacorreia/Documents/airflowalura/venv/lib/python3.9/site-packages/airflow/example_dags/tutorial.py
[2024-12-18 22:14:18,134] {logging_mixin.py:115} INFO - [2024-12-18 22:14:18,133] {dag.py:2379} INFO - Sync 1 DAGs
[2024-12-18 22:14:18,191] {logging_mixin.py:115} INFO - [2024-12-18 22:14:18,191] {dag.py:2927} INFO - Setting next_dagrun for tutorial to 2024-12-18T01:14:18.190989+00:00, run_after=2024-12-19T01:14:18.190989+00:00
[2024-12-18 22:14:18,218] {processor.py:161} INFO - Processing /home/patriciacorreia/Documents/airflowalura/venv/lib/python3.9/site-packages/airflow/example_dags/tutorial.py took 0.169 seconds
[2024-12-18 22:14:53,097] {processor.py:153} INFO - Started process (PID=16456) to work on /home/patriciacorreia/Documents/airflowalura/venv/lib/python3.9/site-packages/airflow/example_dags/tutorial.py
[2024-12-18 22:14:53,103] {processor.py:641} INFO - Processing file /home/patriciacorreia/Documents/airflowalura/venv/lib/python3.9/site-packages/airflow/example_dags/tutorial.py for tasks to queue
[2024-12-18 22:14:53,108] {logging_mixin.py:115} INFO - [2024-12-18 22:14:53,108] {dagbag.py:507} INFO - Filling up the DagBag from /home/patriciacorreia/Documents/airflowalura/venv/lib/python3.9/site-packages/airflow/example_dags/tutorial.py
[2024-12-18 22:14:53,143] {processor.py:651} INFO - DAG(s) dict_keys(['tutorial']) retrieved from /home/patriciacorreia/Documents/airflowalura/venv/lib/python3.9/site-packages/airflow/example_dags/tutorial.py
[2024-12-18 22:14:53,194] {logging_mixin.py:115} INFO - [2024-12-18 22:14:53,194] {dag.py:2379} INFO - Sync 1 DAGs
[2024-12-18 22:14:53,318] {logging_mixin.py:115} INFO - [2024-12-18 22:14:53,318] {dag.py:2927} INFO - Setting next_dagrun for tutorial to 2024-12-18T01:14:53.316808+00:00, run_after=2024-12-19T01:14:53.316808+00:00
[2024-12-18 22:14:53,355] {processor.py:161} INFO - Processing /home/patriciacorreia/Documents/airflowalura/venv/lib/python3.9/site-packages/airflow/example_dags/tutorial.py took 0.275 seconds
[2024-12-18 22:15:32,674] {processor.py:153} INFO - Started process (PID=16645) to work on /home/patriciacorreia/Documents/airflowalura/venv/lib/python3.9/site-packages/airflow/example_dags/tutorial.py
[2024-12-18 22:15:32,678] {processor.py:641} INFO - Processing file /home/patriciacorreia/Documents/airflowalura/venv/lib/python3.9/site-packages/airflow/example_dags/tutorial.py for tasks to queue
[2024-12-18 22:15:32,681] {logging_mixin.py:115} INFO - [2024-12-18 22:15:32,680] {dagbag.py:507} INFO - Filling up the DagBag from /home/patriciacorreia/Documents/airflowalura/venv/lib/python3.9/site-packages/airflow/example_dags/tutorial.py
[2024-12-18 22:15:32,696] {processor.py:651} INFO - DAG(s) dict_keys(['tutorial']) retrieved from /home/patriciacorreia/Documents/airflowalura/venv/lib/python3.9/site-packages/airflow/example_dags/tutorial.py
[2024-12-18 22:15:32,728] {logging_mixin.py:115} INFO - [2024-12-18 22:15:32,728] {dag.py:2379} INFO - Sync 1 DAGs
[2024-12-18 22:15:32,770] {logging_mixin.py:115} INFO - [2024-12-18 22:15:32,770] {dag.py:2927} INFO - Setting next_dagrun for tutorial to 2024-12-18T01:15:32.769689+00:00, run_after=2024-12-19T01:15:32.769689+00:00
[2024-12-18 22:15:32,795] {processor.py:161} INFO - Processing /home/patriciacorreia/Documents/airflowalura/venv/lib/python3.9/site-packages/airflow/example_dags/tutorial.py took 0.132 seconds
[2024-12-18 22:16:04,414] {processor.py:153} INFO - Started process (PID=16808) to work on /home/patriciacorreia/Documents/airflowalura/venv/lib/python3.9/site-packages/airflow/example_dags/tutorial.py
[2024-12-18 22:16:04,422] {processor.py:641} INFO - Processing file /home/patriciacorreia/Documents/airflowalura/venv/lib/python3.9/site-packages/airflow/example_dags/tutorial.py for tasks to queue
[2024-12-18 22:16:04,429] {logging_mixin.py:115} INFO - [2024-12-18 22:16:04,428] {dagbag.py:507} INFO - Filling up the DagBag from /home/patriciacorreia/Documents/airflowalura/venv/lib/python3.9/site-packages/airflow/example_dags/tutorial.py
[2024-12-18 22:16:04,452] {processor.py:651} INFO - DAG(s) dict_keys(['tutorial']) retrieved from /home/patriciacorreia/Documents/airflowalura/venv/lib/python3.9/site-packages/airflow/example_dags/tutorial.py
[2024-12-18 22:16:04,501] {logging_mixin.py:115} INFO - [2024-12-18 22:16:04,501] {dag.py:2379} INFO - Sync 1 DAGs
[2024-12-18 22:16:04,554] {logging_mixin.py:115} INFO - [2024-12-18 22:16:04,554] {dag.py:2927} INFO - Setting next_dagrun for tutorial to 2024-12-18T01:16:04.553800+00:00, run_after=2024-12-19T01:16:04.553800+00:00
[2024-12-18 22:16:04,582] {processor.py:161} INFO - Processing /home/patriciacorreia/Documents/airflowalura/venv/lib/python3.9/site-packages/airflow/example_dags/tutorial.py took 0.203 seconds
[2024-12-18 22:16:45,537] {processor.py:153} INFO - Started process (PID=17073) to work on /home/patriciacorreia/Documents/airflowalura/venv/lib/python3.9/site-packages/airflow/example_dags/tutorial.py
[2024-12-18 22:16:45,539] {processor.py:641} INFO - Processing file /home/patriciacorreia/Documents/airflowalura/venv/lib/python3.9/site-packages/airflow/example_dags/tutorial.py for tasks to queue
[2024-12-18 22:16:45,540] {logging_mixin.py:115} INFO - [2024-12-18 22:16:45,540] {dagbag.py:507} INFO - Filling up the DagBag from /home/patriciacorreia/Documents/airflowalura/venv/lib/python3.9/site-packages/airflow/example_dags/tutorial.py
[2024-12-18 22:16:45,555] {processor.py:651} INFO - DAG(s) dict_keys(['tutorial']) retrieved from /home/patriciacorreia/Documents/airflowalura/venv/lib/python3.9/site-packages/airflow/example_dags/tutorial.py
[2024-12-18 22:16:45,589] {logging_mixin.py:115} INFO - [2024-12-18 22:16:45,589] {dag.py:2379} INFO - Sync 1 DAGs
[2024-12-18 22:16:45,631] {logging_mixin.py:115} INFO - [2024-12-18 22:16:45,631] {dag.py:2927} INFO - Setting next_dagrun for tutorial to 2024-12-18T01:16:45.631003+00:00, run_after=2024-12-19T01:16:45.631003+00:00
[2024-12-18 22:16:45,656] {processor.py:161} INFO - Processing /home/patriciacorreia/Documents/airflowalura/venv/lib/python3.9/site-packages/airflow/example_dags/tutorial.py took 0.128 seconds
[2024-12-18 22:17:27,269] {processor.py:153} INFO - Started process (PID=17282) to work on /home/patriciacorreia/Documents/airflowalura/venv/lib/python3.9/site-packages/airflow/example_dags/tutorial.py
[2024-12-18 22:17:27,272] {processor.py:641} INFO - Processing file /home/patriciacorreia/Documents/airflowalura/venv/lib/python3.9/site-packages/airflow/example_dags/tutorial.py for tasks to queue
[2024-12-18 22:17:27,274] {logging_mixin.py:115} INFO - [2024-12-18 22:17:27,274] {dagbag.py:507} INFO - Filling up the DagBag from /home/patriciacorreia/Documents/airflowalura/venv/lib/python3.9/site-packages/airflow/example_dags/tutorial.py
[2024-12-18 22:17:27,297] {processor.py:651} INFO - DAG(s) dict_keys(['tutorial']) retrieved from /home/patriciacorreia/Documents/airflowalura/venv/lib/python3.9/site-packages/airflow/example_dags/tutorial.py
[2024-12-18 22:17:27,327] {logging_mixin.py:115} INFO - [2024-12-18 22:17:27,327] {dag.py:2379} INFO - Sync 1 DAGs
[2024-12-18 22:17:27,361] {logging_mixin.py:115} INFO - [2024-12-18 22:17:27,361] {dag.py:2927} INFO - Setting next_dagrun for tutorial to 2024-12-18T01:17:27.361232+00:00, run_after=2024-12-19T01:17:27.361232+00:00
[2024-12-18 22:17:27,378] {processor.py:161} INFO - Processing /home/patriciacorreia/Documents/airflowalura/venv/lib/python3.9/site-packages/airflow/example_dags/tutorial.py took 0.122 seconds
[2024-12-18 22:18:00,702] {processor.py:153} INFO - Started process (PID=17444) to work on /home/patriciacorreia/Documents/airflowalura/venv/lib/python3.9/site-packages/airflow/example_dags/tutorial.py
[2024-12-18 22:18:00,708] {processor.py:641} INFO - Processing file /home/patriciacorreia/Documents/airflowalura/venv/lib/python3.9/site-packages/airflow/example_dags/tutorial.py for tasks to queue
[2024-12-18 22:18:00,710] {logging_mixin.py:115} INFO - [2024-12-18 22:18:00,710] {dagbag.py:507} INFO - Filling up the DagBag from /home/patriciacorreia/Documents/airflowalura/venv/lib/python3.9/site-packages/airflow/example_dags/tutorial.py
[2024-12-18 22:18:00,720] {processor.py:651} INFO - DAG(s) dict_keys(['tutorial']) retrieved from /home/patriciacorreia/Documents/airflowalura/venv/lib/python3.9/site-packages/airflow/example_dags/tutorial.py
[2024-12-18 22:18:00,751] {logging_mixin.py:115} INFO - [2024-12-18 22:18:00,751] {dag.py:2379} INFO - Sync 1 DAGs
[2024-12-18 22:18:00,783] {logging_mixin.py:115} INFO - [2024-12-18 22:18:00,782] {dag.py:2927} INFO - Setting next_dagrun for tutorial to 2024-12-18T01:18:00.782645+00:00, run_after=2024-12-19T01:18:00.782645+00:00
[2024-12-18 22:18:00,805] {processor.py:161} INFO - Processing /home/patriciacorreia/Documents/airflowalura/venv/lib/python3.9/site-packages/airflow/example_dags/tutorial.py took 0.109 seconds
[2024-12-18 22:18:38,916] {processor.py:153} INFO - Started process (PID=17614) to work on /home/patriciacorreia/Documents/airflowalura/venv/lib/python3.9/site-packages/airflow/example_dags/tutorial.py
[2024-12-18 22:18:38,918] {processor.py:641} INFO - Processing file /home/patriciacorreia/Documents/airflowalura/venv/lib/python3.9/site-packages/airflow/example_dags/tutorial.py for tasks to queue
[2024-12-18 22:18:38,919] {logging_mixin.py:115} INFO - [2024-12-18 22:18:38,918] {dagbag.py:507} INFO - Filling up the DagBag from /home/patriciacorreia/Documents/airflowalura/venv/lib/python3.9/site-packages/airflow/example_dags/tutorial.py
[2024-12-18 22:18:38,930] {processor.py:651} INFO - DAG(s) dict_keys(['tutorial']) retrieved from /home/patriciacorreia/Documents/airflowalura/venv/lib/python3.9/site-packages/airflow/example_dags/tutorial.py
[2024-12-18 22:18:38,961] {logging_mixin.py:115} INFO - [2024-12-18 22:18:38,961] {dag.py:2379} INFO - Sync 1 DAGs
[2024-12-18 22:18:38,998] {logging_mixin.py:115} INFO - [2024-12-18 22:18:38,998] {dag.py:2927} INFO - Setting next_dagrun for tutorial to 2024-12-18T01:18:38.998247+00:00, run_after=2024-12-19T01:18:38.998247+00:00
[2024-12-18 22:18:39,014] {processor.py:161} INFO - Processing /home/patriciacorreia/Documents/airflowalura/venv/lib/python3.9/site-packages/airflow/example_dags/tutorial.py took 0.103 seconds
[2024-12-18 22:19:29,037] {processor.py:153} INFO - Started process (PID=17816) to work on /home/patriciacorreia/Documents/airflowalura/venv/lib/python3.9/site-packages/airflow/example_dags/tutorial.py
[2024-12-18 22:19:29,039] {processor.py:641} INFO - Processing file /home/patriciacorreia/Documents/airflowalura/venv/lib/python3.9/site-packages/airflow/example_dags/tutorial.py for tasks to queue
[2024-12-18 22:19:29,040] {logging_mixin.py:115} INFO - [2024-12-18 22:19:29,040] {dagbag.py:507} INFO - Filling up the DagBag from /home/patriciacorreia/Documents/airflowalura/venv/lib/python3.9/site-packages/airflow/example_dags/tutorial.py
[2024-12-18 22:19:29,052] {processor.py:651} INFO - DAG(s) dict_keys(['tutorial']) retrieved from /home/patriciacorreia/Documents/airflowalura/venv/lib/python3.9/site-packages/airflow/example_dags/tutorial.py
[2024-12-18 22:19:29,081] {logging_mixin.py:115} INFO - [2024-12-18 22:19:29,081] {dag.py:2379} INFO - Sync 1 DAGs
[2024-12-18 22:19:29,115] {logging_mixin.py:115} INFO - [2024-12-18 22:19:29,115] {dag.py:2927} INFO - Setting next_dagrun for tutorial to 2024-12-18T01:19:29.114866+00:00, run_after=2024-12-19T01:19:29.114866+00:00
[2024-12-18 22:19:29,138] {processor.py:161} INFO - Processing /home/patriciacorreia/Documents/airflowalura/venv/lib/python3.9/site-packages/airflow/example_dags/tutorial.py took 0.107 seconds
[2024-12-18 22:20:10,148] {processor.py:153} INFO - Started process (PID=18019) to work on /home/patriciacorreia/Documents/airflowalura/venv/lib/python3.9/site-packages/airflow/example_dags/tutorial.py
[2024-12-18 22:20:10,152] {processor.py:641} INFO - Processing file /home/patriciacorreia/Documents/airflowalura/venv/lib/python3.9/site-packages/airflow/example_dags/tutorial.py for tasks to queue
[2024-12-18 22:20:10,154] {logging_mixin.py:115} INFO - [2024-12-18 22:20:10,153] {dagbag.py:507} INFO - Filling up the DagBag from /home/patriciacorreia/Documents/airflowalura/venv/lib/python3.9/site-packages/airflow/example_dags/tutorial.py
[2024-12-18 22:20:10,178] {processor.py:651} INFO - DAG(s) dict_keys(['tutorial']) retrieved from /home/patriciacorreia/Documents/airflowalura/venv/lib/python3.9/site-packages/airflow/example_dags/tutorial.py
[2024-12-18 22:20:10,234] {logging_mixin.py:115} INFO - [2024-12-18 22:20:10,234] {dag.py:2379} INFO - Sync 1 DAGs
[2024-12-18 22:20:10,271] {logging_mixin.py:115} INFO - [2024-12-18 22:20:10,271] {dag.py:2927} INFO - Setting next_dagrun for tutorial to 2024-12-18T01:20:10.271647+00:00, run_after=2024-12-19T01:20:10.271647+00:00
[2024-12-18 22:20:10,301] {processor.py:161} INFO - Processing /home/patriciacorreia/Documents/airflowalura/venv/lib/python3.9/site-packages/airflow/example_dags/tutorial.py took 0.168 seconds
[2024-12-18 22:20:47,968] {processor.py:153} INFO - Started process (PID=18213) to work on /home/patriciacorreia/Documents/airflowalura/venv/lib/python3.9/site-packages/airflow/example_dags/tutorial.py
[2024-12-18 22:20:47,971] {processor.py:641} INFO - Processing file /home/patriciacorreia/Documents/airflowalura/venv/lib/python3.9/site-packages/airflow/example_dags/tutorial.py for tasks to queue
[2024-12-18 22:20:47,973] {logging_mixin.py:115} INFO - [2024-12-18 22:20:47,972] {dagbag.py:507} INFO - Filling up the DagBag from /home/patriciacorreia/Documents/airflowalura/venv/lib/python3.9/site-packages/airflow/example_dags/tutorial.py
[2024-12-18 22:20:47,996] {processor.py:651} INFO - DAG(s) dict_keys(['tutorial']) retrieved from /home/patriciacorreia/Documents/airflowalura/venv/lib/python3.9/site-packages/airflow/example_dags/tutorial.py
[2024-12-18 22:20:48,058] {logging_mixin.py:115} INFO - [2024-12-18 22:20:48,057] {dag.py:2379} INFO - Sync 1 DAGs
[2024-12-18 22:20:48,112] {logging_mixin.py:115} INFO - [2024-12-18 22:20:48,112] {dag.py:2927} INFO - Setting next_dagrun for tutorial to 2024-12-18T01:20:48.111770+00:00, run_after=2024-12-19T01:20:48.111770+00:00
[2024-12-18 22:20:48,148] {processor.py:161} INFO - Processing /home/patriciacorreia/Documents/airflowalura/venv/lib/python3.9/site-packages/airflow/example_dags/tutorial.py took 0.193 seconds
[2024-12-18 22:21:25,647] {processor.py:153} INFO - Started process (PID=18386) to work on /home/patriciacorreia/Documents/airflowalura/venv/lib/python3.9/site-packages/airflow/example_dags/tutorial.py
[2024-12-18 22:21:25,651] {processor.py:641} INFO - Processing file /home/patriciacorreia/Documents/airflowalura/venv/lib/python3.9/site-packages/airflow/example_dags/tutorial.py for tasks to queue
[2024-12-18 22:21:25,654] {logging_mixin.py:115} INFO - [2024-12-18 22:21:25,654] {dagbag.py:507} INFO - Filling up the DagBag from /home/patriciacorreia/Documents/airflowalura/venv/lib/python3.9/site-packages/airflow/example_dags/tutorial.py
[2024-12-18 22:21:25,670] {processor.py:651} INFO - DAG(s) dict_keys(['tutorial']) retrieved from /home/patriciacorreia/Documents/airflowalura/venv/lib/python3.9/site-packages/airflow/example_dags/tutorial.py
[2024-12-18 22:21:25,708] {logging_mixin.py:115} INFO - [2024-12-18 22:21:25,708] {dag.py:2379} INFO - Sync 1 DAGs
[2024-12-18 22:21:25,746] {logging_mixin.py:115} INFO - [2024-12-18 22:21:25,745] {dag.py:2927} INFO - Setting next_dagrun for tutorial to 2024-12-18T01:21:25.745375+00:00, run_after=2024-12-19T01:21:25.745375+00:00
[2024-12-18 22:21:25,766] {processor.py:161} INFO - Processing /home/patriciacorreia/Documents/airflowalura/venv/lib/python3.9/site-packages/airflow/example_dags/tutorial.py took 0.144 seconds
[2024-12-18 22:22:02,203] {processor.py:153} INFO - Started process (PID=18561) to work on /home/patriciacorreia/Documents/airflowalura/venv/lib/python3.9/site-packages/airflow/example_dags/tutorial.py
[2024-12-18 22:22:02,208] {processor.py:641} INFO - Processing file /home/patriciacorreia/Documents/airflowalura/venv/lib/python3.9/site-packages/airflow/example_dags/tutorial.py for tasks to queue
[2024-12-18 22:22:02,210] {logging_mixin.py:115} INFO - [2024-12-18 22:22:02,210] {dagbag.py:507} INFO - Filling up the DagBag from /home/patriciacorreia/Documents/airflowalura/venv/lib/python3.9/site-packages/airflow/example_dags/tutorial.py
[2024-12-18 22:22:02,246] {processor.py:651} INFO - DAG(s) dict_keys(['tutorial']) retrieved from /home/patriciacorreia/Documents/airflowalura/venv/lib/python3.9/site-packages/airflow/example_dags/tutorial.py
[2024-12-18 22:22:02,331] {logging_mixin.py:115} INFO - [2024-12-18 22:22:02,330] {dag.py:2379} INFO - Sync 1 DAGs
[2024-12-18 22:22:02,450] {logging_mixin.py:115} INFO - [2024-12-18 22:22:02,449] {dag.py:2927} INFO - Setting next_dagrun for tutorial to 2024-12-18T01:22:02.447867+00:00, run_after=2024-12-19T01:22:02.447867+00:00
[2024-12-18 22:22:02,548] {processor.py:161} INFO - Processing /home/patriciacorreia/Documents/airflowalura/venv/lib/python3.9/site-packages/airflow/example_dags/tutorial.py took 0.367 seconds
[2024-12-18 22:22:36,549] {processor.py:153} INFO - Started process (PID=18715) to work on /home/patriciacorreia/Documents/airflowalura/venv/lib/python3.9/site-packages/airflow/example_dags/tutorial.py
[2024-12-18 22:22:36,551] {processor.py:641} INFO - Processing file /home/patriciacorreia/Documents/airflowalura/venv/lib/python3.9/site-packages/airflow/example_dags/tutorial.py for tasks to queue
[2024-12-18 22:22:36,552] {logging_mixin.py:115} INFO - [2024-12-18 22:22:36,551] {dagbag.py:507} INFO - Filling up the DagBag from /home/patriciacorreia/Documents/airflowalura/venv/lib/python3.9/site-packages/airflow/example_dags/tutorial.py
[2024-12-18 22:22:36,561] {processor.py:651} INFO - DAG(s) dict_keys(['tutorial']) retrieved from /home/patriciacorreia/Documents/airflowalura/venv/lib/python3.9/site-packages/airflow/example_dags/tutorial.py
[2024-12-18 22:22:36,592] {logging_mixin.py:115} INFO - [2024-12-18 22:22:36,592] {dag.py:2379} INFO - Sync 1 DAGs
[2024-12-18 22:22:36,627] {logging_mixin.py:115} INFO - [2024-12-18 22:22:36,627] {dag.py:2927} INFO - Setting next_dagrun for tutorial to 2024-12-18T01:22:36.627053+00:00, run_after=2024-12-19T01:22:36.627053+00:00
[2024-12-18 22:22:36,646] {processor.py:161} INFO - Processing /home/patriciacorreia/Documents/airflowalura/venv/lib/python3.9/site-packages/airflow/example_dags/tutorial.py took 0.104 seconds
[2024-12-18 22:23:09,679] {processor.py:153} INFO - Started process (PID=18876) to work on /home/patriciacorreia/Documents/airflowalura/venv/lib/python3.9/site-packages/airflow/example_dags/tutorial.py
[2024-12-18 22:23:09,685] {processor.py:641} INFO - Processing file /home/patriciacorreia/Documents/airflowalura/venv/lib/python3.9/site-packages/airflow/example_dags/tutorial.py for tasks to queue
[2024-12-18 22:23:09,687] {logging_mixin.py:115} INFO - [2024-12-18 22:23:09,687] {dagbag.py:507} INFO - Filling up the DagBag from /home/patriciacorreia/Documents/airflowalura/venv/lib/python3.9/site-packages/airflow/example_dags/tutorial.py
[2024-12-18 22:23:09,704] {processor.py:651} INFO - DAG(s) dict_keys(['tutorial']) retrieved from /home/patriciacorreia/Documents/airflowalura/venv/lib/python3.9/site-packages/airflow/example_dags/tutorial.py
[2024-12-18 22:23:09,730] {logging_mixin.py:115} INFO - [2024-12-18 22:23:09,730] {dag.py:2379} INFO - Sync 1 DAGs
[2024-12-18 22:23:09,763] {logging_mixin.py:115} INFO - [2024-12-18 22:23:09,762] {dag.py:2927} INFO - Setting next_dagrun for tutorial to 2024-12-18T01:23:09.762500+00:00, run_after=2024-12-19T01:23:09.762500+00:00
[2024-12-18 22:23:09,790] {processor.py:161} INFO - Processing /home/patriciacorreia/Documents/airflowalura/venv/lib/python3.9/site-packages/airflow/example_dags/tutorial.py took 0.130 seconds
[2024-12-18 22:23:51,099] {processor.py:153} INFO - Started process (PID=19064) to work on /home/patriciacorreia/Documents/airflowalura/venv/lib/python3.9/site-packages/airflow/example_dags/tutorial.py
[2024-12-18 22:23:51,104] {processor.py:641} INFO - Processing file /home/patriciacorreia/Documents/airflowalura/venv/lib/python3.9/site-packages/airflow/example_dags/tutorial.py for tasks to queue
[2024-12-18 22:23:51,108] {logging_mixin.py:115} INFO - [2024-12-18 22:23:51,107] {dagbag.py:507} INFO - Filling up the DagBag from /home/patriciacorreia/Documents/airflowalura/venv/lib/python3.9/site-packages/airflow/example_dags/tutorial.py
[2024-12-18 22:23:51,132] {processor.py:651} INFO - DAG(s) dict_keys(['tutorial']) retrieved from /home/patriciacorreia/Documents/airflowalura/venv/lib/python3.9/site-packages/airflow/example_dags/tutorial.py
[2024-12-18 22:23:51,198] {logging_mixin.py:115} INFO - [2024-12-18 22:23:51,198] {dag.py:2379} INFO - Sync 1 DAGs
[2024-12-18 22:23:51,291] {logging_mixin.py:115} INFO - [2024-12-18 22:23:51,291] {dag.py:2927} INFO - Setting next_dagrun for tutorial to 2024-12-18T01:23:51.290304+00:00, run_after=2024-12-19T01:23:51.290304+00:00
[2024-12-18 22:23:51,349] {processor.py:161} INFO - Processing /home/patriciacorreia/Documents/airflowalura/venv/lib/python3.9/site-packages/airflow/example_dags/tutorial.py took 0.264 seconds
[2024-12-18 22:24:26,903] {processor.py:153} INFO - Started process (PID=19228) to work on /home/patriciacorreia/Documents/airflowalura/venv/lib/python3.9/site-packages/airflow/example_dags/tutorial.py
[2024-12-18 22:24:26,905] {processor.py:641} INFO - Processing file /home/patriciacorreia/Documents/airflowalura/venv/lib/python3.9/site-packages/airflow/example_dags/tutorial.py for tasks to queue
[2024-12-18 22:24:26,907] {logging_mixin.py:115} INFO - [2024-12-18 22:24:26,907] {dagbag.py:507} INFO - Filling up the DagBag from /home/patriciacorreia/Documents/airflowalura/venv/lib/python3.9/site-packages/airflow/example_dags/tutorial.py
[2024-12-18 22:24:26,920] {processor.py:651} INFO - DAG(s) dict_keys(['tutorial']) retrieved from /home/patriciacorreia/Documents/airflowalura/venv/lib/python3.9/site-packages/airflow/example_dags/tutorial.py
[2024-12-18 22:24:26,960] {logging_mixin.py:115} INFO - [2024-12-18 22:24:26,960] {dag.py:2379} INFO - Sync 1 DAGs
[2024-12-18 22:24:27,011] {logging_mixin.py:115} INFO - [2024-12-18 22:24:27,011] {dag.py:2927} INFO - Setting next_dagrun for tutorial to 2024-12-18T01:24:27.010719+00:00, run_after=2024-12-19T01:24:27.010719+00:00
[2024-12-18 22:24:27,043] {processor.py:161} INFO - Processing /home/patriciacorreia/Documents/airflowalura/venv/lib/python3.9/site-packages/airflow/example_dags/tutorial.py took 0.151 seconds
[2024-12-18 22:25:02,154] {processor.py:153} INFO - Started process (PID=19418) to work on /home/patriciacorreia/Documents/airflowalura/venv/lib/python3.9/site-packages/airflow/example_dags/tutorial.py
[2024-12-18 22:25:02,157] {processor.py:641} INFO - Processing file /home/patriciacorreia/Documents/airflowalura/venv/lib/python3.9/site-packages/airflow/example_dags/tutorial.py for tasks to queue
[2024-12-18 22:25:02,160] {logging_mixin.py:115} INFO - [2024-12-18 22:25:02,159] {dagbag.py:507} INFO - Filling up the DagBag from /home/patriciacorreia/Documents/airflowalura/venv/lib/python3.9/site-packages/airflow/example_dags/tutorial.py
[2024-12-18 22:25:02,178] {processor.py:651} INFO - DAG(s) dict_keys(['tutorial']) retrieved from /home/patriciacorreia/Documents/airflowalura/venv/lib/python3.9/site-packages/airflow/example_dags/tutorial.py
[2024-12-18 22:25:02,211] {logging_mixin.py:115} INFO - [2024-12-18 22:25:02,210] {dag.py:2379} INFO - Sync 1 DAGs
[2024-12-18 22:25:02,238] {logging_mixin.py:115} INFO - [2024-12-18 22:25:02,237] {dag.py:2927} INFO - Setting next_dagrun for tutorial to 2024-12-18T01:25:02.237562+00:00, run_after=2024-12-19T01:25:02.237562+00:00
[2024-12-18 22:25:02,256] {processor.py:161} INFO - Processing /home/patriciacorreia/Documents/airflowalura/venv/lib/python3.9/site-packages/airflow/example_dags/tutorial.py took 0.109 seconds
[2024-12-18 22:25:36,604] {processor.py:153} INFO - Started process (PID=19593) to work on /home/patriciacorreia/Documents/airflowalura/venv/lib/python3.9/site-packages/airflow/example_dags/tutorial.py
[2024-12-18 22:25:36,608] {processor.py:641} INFO - Processing file /home/patriciacorreia/Documents/airflowalura/venv/lib/python3.9/site-packages/airflow/example_dags/tutorial.py for tasks to queue
[2024-12-18 22:25:36,615] {logging_mixin.py:115} INFO - [2024-12-18 22:25:36,614] {dagbag.py:507} INFO - Filling up the DagBag from /home/patriciacorreia/Documents/airflowalura/venv/lib/python3.9/site-packages/airflow/example_dags/tutorial.py
[2024-12-18 22:25:36,650] {processor.py:651} INFO - DAG(s) dict_keys(['tutorial']) retrieved from /home/patriciacorreia/Documents/airflowalura/venv/lib/python3.9/site-packages/airflow/example_dags/tutorial.py
[2024-12-18 22:25:36,746] {logging_mixin.py:115} INFO - [2024-12-18 22:25:36,745] {dag.py:2379} INFO - Sync 1 DAGs
[2024-12-18 22:25:36,881] {logging_mixin.py:115} INFO - [2024-12-18 22:25:36,880] {dag.py:2927} INFO - Setting next_dagrun for tutorial to 2024-12-18T01:25:36.877858+00:00, run_after=2024-12-19T01:25:36.877858+00:00
[2024-12-18 22:25:36,946] {processor.py:161} INFO - Processing /home/patriciacorreia/Documents/airflowalura/venv/lib/python3.9/site-packages/airflow/example_dags/tutorial.py took 0.361 seconds
[2024-12-18 22:26:12,924] {processor.py:153} INFO - Started process (PID=19741) to work on /home/patriciacorreia/Documents/airflowalura/venv/lib/python3.9/site-packages/airflow/example_dags/tutorial.py
[2024-12-18 22:26:12,928] {processor.py:641} INFO - Processing file /home/patriciacorreia/Documents/airflowalura/venv/lib/python3.9/site-packages/airflow/example_dags/tutorial.py for tasks to queue
[2024-12-18 22:26:12,934] {logging_mixin.py:115} INFO - [2024-12-18 22:26:12,933] {dagbag.py:507} INFO - Filling up the DagBag from /home/patriciacorreia/Documents/airflowalura/venv/lib/python3.9/site-packages/airflow/example_dags/tutorial.py
[2024-12-18 22:26:12,980] {processor.py:651} INFO - DAG(s) dict_keys(['tutorial']) retrieved from /home/patriciacorreia/Documents/airflowalura/venv/lib/python3.9/site-packages/airflow/example_dags/tutorial.py
[2024-12-18 22:26:13,067] {logging_mixin.py:115} INFO - [2024-12-18 22:26:13,066] {dag.py:2379} INFO - Sync 1 DAGs
[2024-12-18 22:26:13,103] {logging_mixin.py:115} INFO - [2024-12-18 22:26:13,103] {dag.py:2927} INFO - Setting next_dagrun for tutorial to 2024-12-18T01:26:13.103211+00:00, run_after=2024-12-19T01:26:13.103211+00:00
[2024-12-18 22:26:13,127] {processor.py:161} INFO - Processing /home/patriciacorreia/Documents/airflowalura/venv/lib/python3.9/site-packages/airflow/example_dags/tutorial.py took 0.222 seconds
[2024-12-18 22:26:47,607] {processor.py:153} INFO - Started process (PID=19897) to work on /home/patriciacorreia/Documents/airflowalura/venv/lib/python3.9/site-packages/airflow/example_dags/tutorial.py
[2024-12-18 22:26:47,611] {processor.py:641} INFO - Processing file /home/patriciacorreia/Documents/airflowalura/venv/lib/python3.9/site-packages/airflow/example_dags/tutorial.py for tasks to queue
[2024-12-18 22:26:47,613] {logging_mixin.py:115} INFO - [2024-12-18 22:26:47,613] {dagbag.py:507} INFO - Filling up the DagBag from /home/patriciacorreia/Documents/airflowalura/venv/lib/python3.9/site-packages/airflow/example_dags/tutorial.py
[2024-12-18 22:26:47,656] {processor.py:651} INFO - DAG(s) dict_keys(['tutorial']) retrieved from /home/patriciacorreia/Documents/airflowalura/venv/lib/python3.9/site-packages/airflow/example_dags/tutorial.py
[2024-12-18 22:26:47,731] {logging_mixin.py:115} INFO - [2024-12-18 22:26:47,731] {dag.py:2379} INFO - Sync 1 DAGs
[2024-12-18 22:26:47,775] {logging_mixin.py:115} INFO - [2024-12-18 22:26:47,775] {dag.py:2927} INFO - Setting next_dagrun for tutorial to 2024-12-18T01:26:47.774994+00:00, run_after=2024-12-19T01:26:47.774994+00:00
[2024-12-18 22:26:47,800] {processor.py:161} INFO - Processing /home/patriciacorreia/Documents/airflowalura/venv/lib/python3.9/site-packages/airflow/example_dags/tutorial.py took 0.210 seconds
[2024-12-18 22:27:28,609] {processor.py:153} INFO - Started process (PID=20083) to work on /home/patriciacorreia/Documents/airflowalura/venv/lib/python3.9/site-packages/airflow/example_dags/tutorial.py
[2024-12-18 22:27:28,610] {processor.py:641} INFO - Processing file /home/patriciacorreia/Documents/airflowalura/venv/lib/python3.9/site-packages/airflow/example_dags/tutorial.py for tasks to queue
[2024-12-18 22:27:28,611] {logging_mixin.py:115} INFO - [2024-12-18 22:27:28,611] {dagbag.py:507} INFO - Filling up the DagBag from /home/patriciacorreia/Documents/airflowalura/venv/lib/python3.9/site-packages/airflow/example_dags/tutorial.py
[2024-12-18 22:27:28,620] {processor.py:651} INFO - DAG(s) dict_keys(['tutorial']) retrieved from /home/patriciacorreia/Documents/airflowalura/venv/lib/python3.9/site-packages/airflow/example_dags/tutorial.py
[2024-12-18 22:27:28,647] {logging_mixin.py:115} INFO - [2024-12-18 22:27:28,647] {dag.py:2379} INFO - Sync 1 DAGs
[2024-12-18 22:27:28,687] {logging_mixin.py:115} INFO - [2024-12-18 22:27:28,687] {dag.py:2927} INFO - Setting next_dagrun for tutorial to 2024-12-18T01:27:28.686386+00:00, run_after=2024-12-19T01:27:28.686386+00:00
[2024-12-18 22:27:28,722] {processor.py:161} INFO - Processing /home/patriciacorreia/Documents/airflowalura/venv/lib/python3.9/site-packages/airflow/example_dags/tutorial.py took 0.119 seconds
[2024-12-18 22:28:06,780] {processor.py:153} INFO - Started process (PID=20280) to work on /home/patriciacorreia/Documents/airflowalura/venv/lib/python3.9/site-packages/airflow/example_dags/tutorial.py
[2024-12-18 22:28:06,783] {processor.py:641} INFO - Processing file /home/patriciacorreia/Documents/airflowalura/venv/lib/python3.9/site-packages/airflow/example_dags/tutorial.py for tasks to queue
[2024-12-18 22:28:06,785] {logging_mixin.py:115} INFO - [2024-12-18 22:28:06,785] {dagbag.py:507} INFO - Filling up the DagBag from /home/patriciacorreia/Documents/airflowalura/venv/lib/python3.9/site-packages/airflow/example_dags/tutorial.py
[2024-12-18 22:28:06,806] {processor.py:651} INFO - DAG(s) dict_keys(['tutorial']) retrieved from /home/patriciacorreia/Documents/airflowalura/venv/lib/python3.9/site-packages/airflow/example_dags/tutorial.py
[2024-12-18 22:28:06,861] {logging_mixin.py:115} INFO - [2024-12-18 22:28:06,861] {dag.py:2379} INFO - Sync 1 DAGs
[2024-12-18 22:28:06,929] {logging_mixin.py:115} INFO - [2024-12-18 22:28:06,929] {dag.py:2927} INFO - Setting next_dagrun for tutorial to 2024-12-18T01:28:06.928648+00:00, run_after=2024-12-19T01:28:06.928648+00:00
[2024-12-18 22:28:06,958] {processor.py:161} INFO - Processing /home/patriciacorreia/Documents/airflowalura/venv/lib/python3.9/site-packages/airflow/example_dags/tutorial.py took 0.189 seconds
[2024-12-18 22:28:40,297] {processor.py:153} INFO - Started process (PID=20439) to work on /home/patriciacorreia/Documents/airflowalura/venv/lib/python3.9/site-packages/airflow/example_dags/tutorial.py
[2024-12-18 22:28:40,301] {processor.py:641} INFO - Processing file /home/patriciacorreia/Documents/airflowalura/venv/lib/python3.9/site-packages/airflow/example_dags/tutorial.py for tasks to queue
[2024-12-18 22:28:40,303] {logging_mixin.py:115} INFO - [2024-12-18 22:28:40,303] {dagbag.py:507} INFO - Filling up the DagBag from /home/patriciacorreia/Documents/airflowalura/venv/lib/python3.9/site-packages/airflow/example_dags/tutorial.py
[2024-12-18 22:28:40,326] {processor.py:651} INFO - DAG(s) dict_keys(['tutorial']) retrieved from /home/patriciacorreia/Documents/airflowalura/venv/lib/python3.9/site-packages/airflow/example_dags/tutorial.py
[2024-12-18 22:28:40,384] {logging_mixin.py:115} INFO - [2024-12-18 22:28:40,383] {dag.py:2379} INFO - Sync 1 DAGs
[2024-12-18 22:28:40,415] {logging_mixin.py:115} INFO - [2024-12-18 22:28:40,414] {dag.py:2927} INFO - Setting next_dagrun for tutorial to 2024-12-18T01:28:40.414513+00:00, run_after=2024-12-19T01:28:40.414513+00:00
[2024-12-18 22:28:40,431] {processor.py:161} INFO - Processing /home/patriciacorreia/Documents/airflowalura/venv/lib/python3.9/site-packages/airflow/example_dags/tutorial.py took 0.146 seconds
[2024-12-18 22:29:16,746] {processor.py:153} INFO - Started process (PID=20620) to work on /home/patriciacorreia/Documents/airflowalura/venv/lib/python3.9/site-packages/airflow/example_dags/tutorial.py
[2024-12-18 22:29:16,749] {processor.py:641} INFO - Processing file /home/patriciacorreia/Documents/airflowalura/venv/lib/python3.9/site-packages/airflow/example_dags/tutorial.py for tasks to queue
[2024-12-18 22:29:16,750] {logging_mixin.py:115} INFO - [2024-12-18 22:29:16,750] {dagbag.py:507} INFO - Filling up the DagBag from /home/patriciacorreia/Documents/airflowalura/venv/lib/python3.9/site-packages/airflow/example_dags/tutorial.py
[2024-12-18 22:29:16,762] {processor.py:651} INFO - DAG(s) dict_keys(['tutorial']) retrieved from /home/patriciacorreia/Documents/airflowalura/venv/lib/python3.9/site-packages/airflow/example_dags/tutorial.py
[2024-12-18 22:29:16,785] {logging_mixin.py:115} INFO - [2024-12-18 22:29:16,785] {dag.py:2379} INFO - Sync 1 DAGs
[2024-12-18 22:29:16,809] {logging_mixin.py:115} INFO - [2024-12-18 22:29:16,809] {dag.py:2927} INFO - Setting next_dagrun for tutorial to 2024-12-18T01:29:16.808990+00:00, run_after=2024-12-19T01:29:16.808990+00:00
[2024-12-18 22:29:16,827] {processor.py:161} INFO - Processing /home/patriciacorreia/Documents/airflowalura/venv/lib/python3.9/site-packages/airflow/example_dags/tutorial.py took 0.091 seconds
[2024-12-18 22:29:51,661] {processor.py:153} INFO - Started process (PID=20805) to work on /home/patriciacorreia/Documents/airflowalura/venv/lib/python3.9/site-packages/airflow/example_dags/tutorial.py
[2024-12-18 22:29:51,663] {processor.py:641} INFO - Processing file /home/patriciacorreia/Documents/airflowalura/venv/lib/python3.9/site-packages/airflow/example_dags/tutorial.py for tasks to queue
[2024-12-18 22:29:51,665] {logging_mixin.py:115} INFO - [2024-12-18 22:29:51,664] {dagbag.py:507} INFO - Filling up the DagBag from /home/patriciacorreia/Documents/airflowalura/venv/lib/python3.9/site-packages/airflow/example_dags/tutorial.py
[2024-12-18 22:29:51,680] {processor.py:651} INFO - DAG(s) dict_keys(['tutorial']) retrieved from /home/patriciacorreia/Documents/airflowalura/venv/lib/python3.9/site-packages/airflow/example_dags/tutorial.py
[2024-12-18 22:29:51,719] {logging_mixin.py:115} INFO - [2024-12-18 22:29:51,719] {dag.py:2379} INFO - Sync 1 DAGs
[2024-12-18 22:29:51,748] {logging_mixin.py:115} INFO - [2024-12-18 22:29:51,747] {dag.py:2927} INFO - Setting next_dagrun for tutorial to 2024-12-18T01:29:51.747593+00:00, run_after=2024-12-19T01:29:51.747593+00:00
[2024-12-18 22:29:51,763] {processor.py:161} INFO - Processing /home/patriciacorreia/Documents/airflowalura/venv/lib/python3.9/site-packages/airflow/example_dags/tutorial.py took 0.110 seconds
[2024-12-18 22:30:23,712] {processor.py:153} INFO - Started process (PID=20969) to work on /home/patriciacorreia/Documents/airflowalura/venv/lib/python3.9/site-packages/airflow/example_dags/tutorial.py
[2024-12-18 22:30:23,715] {processor.py:641} INFO - Processing file /home/patriciacorreia/Documents/airflowalura/venv/lib/python3.9/site-packages/airflow/example_dags/tutorial.py for tasks to queue
[2024-12-18 22:30:23,717] {logging_mixin.py:115} INFO - [2024-12-18 22:30:23,717] {dagbag.py:507} INFO - Filling up the DagBag from /home/patriciacorreia/Documents/airflowalura/venv/lib/python3.9/site-packages/airflow/example_dags/tutorial.py
[2024-12-18 22:30:23,741] {processor.py:651} INFO - DAG(s) dict_keys(['tutorial']) retrieved from /home/patriciacorreia/Documents/airflowalura/venv/lib/python3.9/site-packages/airflow/example_dags/tutorial.py
[2024-12-18 22:30:23,795] {logging_mixin.py:115} INFO - [2024-12-18 22:30:23,795] {dag.py:2379} INFO - Sync 1 DAGs
[2024-12-18 22:30:23,853] {logging_mixin.py:115} INFO - [2024-12-18 22:30:23,852] {dag.py:2927} INFO - Setting next_dagrun for tutorial to 2024-12-18T01:30:23.852291+00:00, run_after=2024-12-19T01:30:23.852291+00:00
[2024-12-18 22:30:23,876] {processor.py:161} INFO - Processing /home/patriciacorreia/Documents/airflowalura/venv/lib/python3.9/site-packages/airflow/example_dags/tutorial.py took 0.175 seconds
[2024-12-18 22:30:56,685] {processor.py:153} INFO - Started process (PID=21147) to work on /home/patriciacorreia/Documents/airflowalura/venv/lib/python3.9/site-packages/airflow/example_dags/tutorial.py
[2024-12-18 22:30:56,687] {processor.py:641} INFO - Processing file /home/patriciacorreia/Documents/airflowalura/venv/lib/python3.9/site-packages/airflow/example_dags/tutorial.py for tasks to queue
[2024-12-18 22:30:56,689] {logging_mixin.py:115} INFO - [2024-12-18 22:30:56,689] {dagbag.py:507} INFO - Filling up the DagBag from /home/patriciacorreia/Documents/airflowalura/venv/lib/python3.9/site-packages/airflow/example_dags/tutorial.py
[2024-12-18 22:30:56,710] {processor.py:651} INFO - DAG(s) dict_keys(['tutorial']) retrieved from /home/patriciacorreia/Documents/airflowalura/venv/lib/python3.9/site-packages/airflow/example_dags/tutorial.py
[2024-12-18 22:30:56,773] {logging_mixin.py:115} INFO - [2024-12-18 22:30:56,773] {dag.py:2379} INFO - Sync 1 DAGs
[2024-12-18 22:30:57,001] {logging_mixin.py:115} INFO - [2024-12-18 22:30:57,001] {dag.py:2927} INFO - Setting next_dagrun for tutorial to 2024-12-18T01:30:56.995842+00:00, run_after=2024-12-19T01:30:56.995842+00:00
[2024-12-18 22:30:57,080] {processor.py:161} INFO - Processing /home/patriciacorreia/Documents/airflowalura/venv/lib/python3.9/site-packages/airflow/example_dags/tutorial.py took 0.407 seconds
[2024-12-18 22:31:31,204] {processor.py:153} INFO - Started process (PID=21325) to work on /home/patriciacorreia/Documents/airflowalura/venv/lib/python3.9/site-packages/airflow/example_dags/tutorial.py
[2024-12-18 22:31:31,207] {processor.py:641} INFO - Processing file /home/patriciacorreia/Documents/airflowalura/venv/lib/python3.9/site-packages/airflow/example_dags/tutorial.py for tasks to queue
[2024-12-18 22:31:31,209] {logging_mixin.py:115} INFO - [2024-12-18 22:31:31,209] {dagbag.py:507} INFO - Filling up the DagBag from /home/patriciacorreia/Documents/airflowalura/venv/lib/python3.9/site-packages/airflow/example_dags/tutorial.py
[2024-12-18 22:31:31,232] {processor.py:651} INFO - DAG(s) dict_keys(['tutorial']) retrieved from /home/patriciacorreia/Documents/airflowalura/venv/lib/python3.9/site-packages/airflow/example_dags/tutorial.py
[2024-12-18 22:31:31,292] {logging_mixin.py:115} INFO - [2024-12-18 22:31:31,291] {dag.py:2379} INFO - Sync 1 DAGs
[2024-12-18 22:31:31,365] {logging_mixin.py:115} INFO - [2024-12-18 22:31:31,365] {dag.py:2927} INFO - Setting next_dagrun for tutorial to 2024-12-18T01:31:31.364414+00:00, run_after=2024-12-19T01:31:31.364414+00:00
[2024-12-18 22:31:31,406] {processor.py:161} INFO - Processing /home/patriciacorreia/Documents/airflowalura/venv/lib/python3.9/site-packages/airflow/example_dags/tutorial.py took 0.214 seconds
[2024-12-18 22:32:10,354] {processor.py:153} INFO - Started process (PID=21522) to work on /home/patriciacorreia/Documents/airflowalura/venv/lib/python3.9/site-packages/airflow/example_dags/tutorial.py
[2024-12-18 22:32:10,355] {processor.py:641} INFO - Processing file /home/patriciacorreia/Documents/airflowalura/venv/lib/python3.9/site-packages/airflow/example_dags/tutorial.py for tasks to queue
[2024-12-18 22:32:10,356] {logging_mixin.py:115} INFO - [2024-12-18 22:32:10,356] {dagbag.py:507} INFO - Filling up the DagBag from /home/patriciacorreia/Documents/airflowalura/venv/lib/python3.9/site-packages/airflow/example_dags/tutorial.py
[2024-12-18 22:32:10,365] {processor.py:651} INFO - DAG(s) dict_keys(['tutorial']) retrieved from /home/patriciacorreia/Documents/airflowalura/venv/lib/python3.9/site-packages/airflow/example_dags/tutorial.py
[2024-12-18 22:32:10,390] {logging_mixin.py:115} INFO - [2024-12-18 22:32:10,390] {dag.py:2379} INFO - Sync 1 DAGs
[2024-12-18 22:32:10,426] {logging_mixin.py:115} INFO - [2024-12-18 22:32:10,425] {dag.py:2927} INFO - Setting next_dagrun for tutorial to 2024-12-18T01:32:10.425538+00:00, run_after=2024-12-19T01:32:10.425538+00:00
[2024-12-18 22:32:10,446] {processor.py:161} INFO - Processing /home/patriciacorreia/Documents/airflowalura/venv/lib/python3.9/site-packages/airflow/example_dags/tutorial.py took 0.097 seconds
[2024-12-18 22:32:47,269] {processor.py:153} INFO - Started process (PID=21705) to work on /home/patriciacorreia/Documents/airflowalura/venv/lib/python3.9/site-packages/airflow/example_dags/tutorial.py
[2024-12-18 22:32:47,271] {processor.py:641} INFO - Processing file /home/patriciacorreia/Documents/airflowalura/venv/lib/python3.9/site-packages/airflow/example_dags/tutorial.py for tasks to queue
[2024-12-18 22:32:47,272] {logging_mixin.py:115} INFO - [2024-12-18 22:32:47,272] {dagbag.py:507} INFO - Filling up the DagBag from /home/patriciacorreia/Documents/airflowalura/venv/lib/python3.9/site-packages/airflow/example_dags/tutorial.py
[2024-12-18 22:32:47,311] {processor.py:651} INFO - DAG(s) dict_keys(['tutorial']) retrieved from /home/patriciacorreia/Documents/airflowalura/venv/lib/python3.9/site-packages/airflow/example_dags/tutorial.py
[2024-12-18 22:32:47,378] {logging_mixin.py:115} INFO - [2024-12-18 22:32:47,378] {dag.py:2379} INFO - Sync 1 DAGs
[2024-12-18 22:32:47,438] {logging_mixin.py:115} INFO - [2024-12-18 22:32:47,438] {dag.py:2927} INFO - Setting next_dagrun for tutorial to 2024-12-18T01:32:47.437927+00:00, run_after=2024-12-19T01:32:47.437927+00:00
[2024-12-18 22:32:47,467] {processor.py:161} INFO - Processing /home/patriciacorreia/Documents/airflowalura/venv/lib/python3.9/site-packages/airflow/example_dags/tutorial.py took 0.209 seconds
[2024-12-18 22:33:28,783] {processor.py:153} INFO - Started process (PID=21892) to work on /home/patriciacorreia/Documents/airflowalura/venv/lib/python3.9/site-packages/airflow/example_dags/tutorial.py
[2024-12-18 22:33:28,790] {processor.py:641} INFO - Processing file /home/patriciacorreia/Documents/airflowalura/venv/lib/python3.9/site-packages/airflow/example_dags/tutorial.py for tasks to queue
[2024-12-18 22:33:28,792] {logging_mixin.py:115} INFO - [2024-12-18 22:33:28,792] {dagbag.py:507} INFO - Filling up the DagBag from /home/patriciacorreia/Documents/airflowalura/venv/lib/python3.9/site-packages/airflow/example_dags/tutorial.py
[2024-12-18 22:33:28,827] {processor.py:651} INFO - DAG(s) dict_keys(['tutorial']) retrieved from /home/patriciacorreia/Documents/airflowalura/venv/lib/python3.9/site-packages/airflow/example_dags/tutorial.py
[2024-12-18 22:33:28,894] {logging_mixin.py:115} INFO - [2024-12-18 22:33:28,894] {dag.py:2379} INFO - Sync 1 DAGs
[2024-12-18 22:33:28,942] {logging_mixin.py:115} INFO - [2024-12-18 22:33:28,942] {dag.py:2927} INFO - Setting next_dagrun for tutorial to 2024-12-18T01:33:28.941599+00:00, run_after=2024-12-19T01:33:28.941599+00:00
[2024-12-18 22:33:28,968] {processor.py:161} INFO - Processing /home/patriciacorreia/Documents/airflowalura/venv/lib/python3.9/site-packages/airflow/example_dags/tutorial.py took 0.203 seconds
[2024-12-18 22:34:06,299] {processor.py:153} INFO - Started process (PID=22056) to work on /home/patriciacorreia/Documents/airflowalura/venv/lib/python3.9/site-packages/airflow/example_dags/tutorial.py
[2024-12-18 22:34:06,303] {processor.py:641} INFO - Processing file /home/patriciacorreia/Documents/airflowalura/venv/lib/python3.9/site-packages/airflow/example_dags/tutorial.py for tasks to queue
[2024-12-18 22:34:06,306] {logging_mixin.py:115} INFO - [2024-12-18 22:34:06,305] {dagbag.py:507} INFO - Filling up the DagBag from /home/patriciacorreia/Documents/airflowalura/venv/lib/python3.9/site-packages/airflow/example_dags/tutorial.py
[2024-12-18 22:34:06,343] {processor.py:651} INFO - DAG(s) dict_keys(['tutorial']) retrieved from /home/patriciacorreia/Documents/airflowalura/venv/lib/python3.9/site-packages/airflow/example_dags/tutorial.py
[2024-12-18 22:34:06,446] {logging_mixin.py:115} INFO - [2024-12-18 22:34:06,446] {dag.py:2379} INFO - Sync 1 DAGs
[2024-12-18 22:34:06,485] {logging_mixin.py:115} INFO - [2024-12-18 22:34:06,485] {dag.py:2927} INFO - Setting next_dagrun for tutorial to 2024-12-18T01:34:06.485101+00:00, run_after=2024-12-19T01:34:06.485101+00:00
[2024-12-18 22:34:06,507] {processor.py:161} INFO - Processing /home/patriciacorreia/Documents/airflowalura/venv/lib/python3.9/site-packages/airflow/example_dags/tutorial.py took 0.226 seconds
[2024-12-18 22:34:41,039] {processor.py:153} INFO - Started process (PID=22210) to work on /home/patriciacorreia/Documents/airflowalura/venv/lib/python3.9/site-packages/airflow/example_dags/tutorial.py
[2024-12-18 22:34:41,042] {processor.py:641} INFO - Processing file /home/patriciacorreia/Documents/airflowalura/venv/lib/python3.9/site-packages/airflow/example_dags/tutorial.py for tasks to queue
[2024-12-18 22:34:41,045] {logging_mixin.py:115} INFO - [2024-12-18 22:34:41,045] {dagbag.py:507} INFO - Filling up the DagBag from /home/patriciacorreia/Documents/airflowalura/venv/lib/python3.9/site-packages/airflow/example_dags/tutorial.py
[2024-12-18 22:34:41,075] {processor.py:651} INFO - DAG(s) dict_keys(['tutorial']) retrieved from /home/patriciacorreia/Documents/airflowalura/venv/lib/python3.9/site-packages/airflow/example_dags/tutorial.py
[2024-12-18 22:34:41,159] {logging_mixin.py:115} INFO - [2024-12-18 22:34:41,158] {dag.py:2379} INFO - Sync 1 DAGs
[2024-12-18 22:34:41,264] {logging_mixin.py:115} INFO - [2024-12-18 22:34:41,264] {dag.py:2927} INFO - Setting next_dagrun for tutorial to 2024-12-18T01:34:41.263044+00:00, run_after=2024-12-19T01:34:41.263044+00:00
[2024-12-18 22:34:41,325] {processor.py:161} INFO - Processing /home/patriciacorreia/Documents/airflowalura/venv/lib/python3.9/site-packages/airflow/example_dags/tutorial.py took 0.299 seconds
[2024-12-18 22:35:19,683] {processor.py:153} INFO - Started process (PID=22387) to work on /home/patriciacorreia/Documents/airflowalura/venv/lib/python3.9/site-packages/airflow/example_dags/tutorial.py
[2024-12-18 22:35:19,687] {processor.py:641} INFO - Processing file /home/patriciacorreia/Documents/airflowalura/venv/lib/python3.9/site-packages/airflow/example_dags/tutorial.py for tasks to queue
[2024-12-18 22:35:19,690] {logging_mixin.py:115} INFO - [2024-12-18 22:35:19,690] {dagbag.py:507} INFO - Filling up the DagBag from /home/patriciacorreia/Documents/airflowalura/venv/lib/python3.9/site-packages/airflow/example_dags/tutorial.py
[2024-12-18 22:35:19,722] {processor.py:651} INFO - DAG(s) dict_keys(['tutorial']) retrieved from /home/patriciacorreia/Documents/airflowalura/venv/lib/python3.9/site-packages/airflow/example_dags/tutorial.py
[2024-12-18 22:35:19,815] {logging_mixin.py:115} INFO - [2024-12-18 22:35:19,814] {dag.py:2379} INFO - Sync 1 DAGs
[2024-12-18 22:35:19,957] {logging_mixin.py:115} INFO - [2024-12-18 22:35:19,956] {dag.py:2927} INFO - Setting next_dagrun for tutorial to 2024-12-18T01:35:19.954321+00:00, run_after=2024-12-19T01:35:19.954321+00:00
[2024-12-18 22:35:19,992] {processor.py:161} INFO - Processing /home/patriciacorreia/Documents/airflowalura/venv/lib/python3.9/site-packages/airflow/example_dags/tutorial.py took 0.325 seconds
[2024-12-18 22:35:58,146] {processor.py:153} INFO - Started process (PID=22566) to work on /home/patriciacorreia/Documents/airflowalura/venv/lib/python3.9/site-packages/airflow/example_dags/tutorial.py
[2024-12-18 22:35:58,149] {processor.py:641} INFO - Processing file /home/patriciacorreia/Documents/airflowalura/venv/lib/python3.9/site-packages/airflow/example_dags/tutorial.py for tasks to queue
[2024-12-18 22:35:58,151] {logging_mixin.py:115} INFO - [2024-12-18 22:35:58,150] {dagbag.py:507} INFO - Filling up the DagBag from /home/patriciacorreia/Documents/airflowalura/venv/lib/python3.9/site-packages/airflow/example_dags/tutorial.py
[2024-12-18 22:35:58,172] {processor.py:651} INFO - DAG(s) dict_keys(['tutorial']) retrieved from /home/patriciacorreia/Documents/airflowalura/venv/lib/python3.9/site-packages/airflow/example_dags/tutorial.py
[2024-12-18 22:35:58,234] {logging_mixin.py:115} INFO - [2024-12-18 22:35:58,234] {dag.py:2379} INFO - Sync 1 DAGs
[2024-12-18 22:35:58,309] {logging_mixin.py:115} INFO - [2024-12-18 22:35:58,309] {dag.py:2927} INFO - Setting next_dagrun for tutorial to 2024-12-18T01:35:58.308107+00:00, run_after=2024-12-19T01:35:58.308107+00:00
[2024-12-18 22:35:58,360] {processor.py:161} INFO - Processing /home/patriciacorreia/Documents/airflowalura/venv/lib/python3.9/site-packages/airflow/example_dags/tutorial.py took 0.230 seconds
[2024-12-18 22:36:34,751] {processor.py:153} INFO - Started process (PID=22725) to work on /home/patriciacorreia/Documents/airflowalura/venv/lib/python3.9/site-packages/airflow/example_dags/tutorial.py
[2024-12-18 22:36:34,754] {processor.py:641} INFO - Processing file /home/patriciacorreia/Documents/airflowalura/venv/lib/python3.9/site-packages/airflow/example_dags/tutorial.py for tasks to queue
[2024-12-18 22:36:34,757] {logging_mixin.py:115} INFO - [2024-12-18 22:36:34,756] {dagbag.py:507} INFO - Filling up the DagBag from /home/patriciacorreia/Documents/airflowalura/venv/lib/python3.9/site-packages/airflow/example_dags/tutorial.py
[2024-12-18 22:36:34,784] {processor.py:651} INFO - DAG(s) dict_keys(['tutorial']) retrieved from /home/patriciacorreia/Documents/airflowalura/venv/lib/python3.9/site-packages/airflow/example_dags/tutorial.py
[2024-12-18 22:36:34,855] {logging_mixin.py:115} INFO - [2024-12-18 22:36:34,855] {dag.py:2379} INFO - Sync 1 DAGs
[2024-12-18 22:36:34,948] {logging_mixin.py:115} INFO - [2024-12-18 22:36:34,947] {dag.py:2927} INFO - Setting next_dagrun for tutorial to 2024-12-18T01:36:34.946928+00:00, run_after=2024-12-19T01:36:34.946928+00:00
[2024-12-18 22:36:34,999] {processor.py:161} INFO - Processing /home/patriciacorreia/Documents/airflowalura/venv/lib/python3.9/site-packages/airflow/example_dags/tutorial.py took 0.265 seconds
[2024-12-18 22:37:16,889] {processor.py:153} INFO - Started process (PID=22913) to work on /home/patriciacorreia/Documents/airflowalura/venv/lib/python3.9/site-packages/airflow/example_dags/tutorial.py
[2024-12-18 22:37:16,894] {processor.py:641} INFO - Processing file /home/patriciacorreia/Documents/airflowalura/venv/lib/python3.9/site-packages/airflow/example_dags/tutorial.py for tasks to queue
[2024-12-18 22:37:16,898] {logging_mixin.py:115} INFO - [2024-12-18 22:37:16,898] {dagbag.py:507} INFO - Filling up the DagBag from /home/patriciacorreia/Documents/airflowalura/venv/lib/python3.9/site-packages/airflow/example_dags/tutorial.py
[2024-12-18 22:37:16,930] {processor.py:651} INFO - DAG(s) dict_keys(['tutorial']) retrieved from /home/patriciacorreia/Documents/airflowalura/venv/lib/python3.9/site-packages/airflow/example_dags/tutorial.py
[2024-12-18 22:37:16,965] {logging_mixin.py:115} INFO - [2024-12-18 22:37:16,965] {dag.py:2379} INFO - Sync 1 DAGs
[2024-12-18 22:37:16,999] {logging_mixin.py:115} INFO - [2024-12-18 22:37:16,999] {dag.py:2927} INFO - Setting next_dagrun for tutorial to 2024-12-18T01:37:16.998592+00:00, run_after=2024-12-19T01:37:16.998592+00:00
[2024-12-18 22:37:17,025] {processor.py:161} INFO - Processing /home/patriciacorreia/Documents/airflowalura/venv/lib/python3.9/site-packages/airflow/example_dags/tutorial.py took 0.152 seconds
[2024-12-18 22:38:00,286] {processor.py:153} INFO - Started process (PID=23103) to work on /home/patriciacorreia/Documents/airflowalura/venv/lib/python3.9/site-packages/airflow/example_dags/tutorial.py
[2024-12-18 22:38:00,289] {processor.py:641} INFO - Processing file /home/patriciacorreia/Documents/airflowalura/venv/lib/python3.9/site-packages/airflow/example_dags/tutorial.py for tasks to queue
[2024-12-18 22:38:00,293] {logging_mixin.py:115} INFO - [2024-12-18 22:38:00,293] {dagbag.py:507} INFO - Filling up the DagBag from /home/patriciacorreia/Documents/airflowalura/venv/lib/python3.9/site-packages/airflow/example_dags/tutorial.py
[2024-12-18 22:38:00,317] {processor.py:651} INFO - DAG(s) dict_keys(['tutorial']) retrieved from /home/patriciacorreia/Documents/airflowalura/venv/lib/python3.9/site-packages/airflow/example_dags/tutorial.py
[2024-12-18 22:38:00,373] {logging_mixin.py:115} INFO - [2024-12-18 22:38:00,373] {dag.py:2379} INFO - Sync 1 DAGs
[2024-12-18 22:38:00,413] {logging_mixin.py:115} INFO - [2024-12-18 22:38:00,413] {dag.py:2927} INFO - Setting next_dagrun for tutorial to 2024-12-18T01:38:00.413027+00:00, run_after=2024-12-19T01:38:00.413027+00:00
[2024-12-18 22:38:00,434] {processor.py:161} INFO - Processing /home/patriciacorreia/Documents/airflowalura/venv/lib/python3.9/site-packages/airflow/example_dags/tutorial.py took 0.164 seconds
[2024-12-18 22:38:41,255] {processor.py:153} INFO - Started process (PID=23292) to work on /home/patriciacorreia/Documents/airflowalura/venv/lib/python3.9/site-packages/airflow/example_dags/tutorial.py
[2024-12-18 22:38:41,259] {processor.py:641} INFO - Processing file /home/patriciacorreia/Documents/airflowalura/venv/lib/python3.9/site-packages/airflow/example_dags/tutorial.py for tasks to queue
[2024-12-18 22:38:41,261] {logging_mixin.py:115} INFO - [2024-12-18 22:38:41,261] {dagbag.py:507} INFO - Filling up the DagBag from /home/patriciacorreia/Documents/airflowalura/venv/lib/python3.9/site-packages/airflow/example_dags/tutorial.py
[2024-12-18 22:38:41,286] {processor.py:651} INFO - DAG(s) dict_keys(['tutorial']) retrieved from /home/patriciacorreia/Documents/airflowalura/venv/lib/python3.9/site-packages/airflow/example_dags/tutorial.py
[2024-12-18 22:38:41,359] {logging_mixin.py:115} INFO - [2024-12-18 22:38:41,359] {dag.py:2379} INFO - Sync 1 DAGs
[2024-12-18 22:38:41,399] {logging_mixin.py:115} INFO - [2024-12-18 22:38:41,399] {dag.py:2927} INFO - Setting next_dagrun for tutorial to 2024-12-18T01:38:41.398872+00:00, run_after=2024-12-19T01:38:41.398872+00:00
[2024-12-18 22:38:41,427] {processor.py:161} INFO - Processing /home/patriciacorreia/Documents/airflowalura/venv/lib/python3.9/site-packages/airflow/example_dags/tutorial.py took 0.183 seconds
[2024-12-18 22:39:18,519] {processor.py:153} INFO - Started process (PID=23467) to work on /home/patriciacorreia/Documents/airflowalura/venv/lib/python3.9/site-packages/airflow/example_dags/tutorial.py
[2024-12-18 22:39:18,523] {processor.py:641} INFO - Processing file /home/patriciacorreia/Documents/airflowalura/venv/lib/python3.9/site-packages/airflow/example_dags/tutorial.py for tasks to queue
[2024-12-18 22:39:18,526] {logging_mixin.py:115} INFO - [2024-12-18 22:39:18,525] {dagbag.py:507} INFO - Filling up the DagBag from /home/patriciacorreia/Documents/airflowalura/venv/lib/python3.9/site-packages/airflow/example_dags/tutorial.py
[2024-12-18 22:39:18,567] {processor.py:651} INFO - DAG(s) dict_keys(['tutorial']) retrieved from /home/patriciacorreia/Documents/airflowalura/venv/lib/python3.9/site-packages/airflow/example_dags/tutorial.py
[2024-12-18 22:39:18,643] {logging_mixin.py:115} INFO - [2024-12-18 22:39:18,642] {dag.py:2379} INFO - Sync 1 DAGs
[2024-12-18 22:39:18,719] {logging_mixin.py:115} INFO - [2024-12-18 22:39:18,719] {dag.py:2927} INFO - Setting next_dagrun for tutorial to 2024-12-18T01:39:18.719329+00:00, run_after=2024-12-19T01:39:18.719329+00:00
[2024-12-18 22:39:18,741] {processor.py:161} INFO - Processing /home/patriciacorreia/Documents/airflowalura/venv/lib/python3.9/site-packages/airflow/example_dags/tutorial.py took 0.239 seconds
[2024-12-18 22:39:55,572] {processor.py:153} INFO - Started process (PID=23640) to work on /home/patriciacorreia/Documents/airflowalura/venv/lib/python3.9/site-packages/airflow/example_dags/tutorial.py
[2024-12-18 22:39:55,574] {processor.py:641} INFO - Processing file /home/patriciacorreia/Documents/airflowalura/venv/lib/python3.9/site-packages/airflow/example_dags/tutorial.py for tasks to queue
[2024-12-18 22:39:55,576] {logging_mixin.py:115} INFO - [2024-12-18 22:39:55,576] {dagbag.py:507} INFO - Filling up the DagBag from /home/patriciacorreia/Documents/airflowalura/venv/lib/python3.9/site-packages/airflow/example_dags/tutorial.py
[2024-12-18 22:39:55,592] {processor.py:651} INFO - DAG(s) dict_keys(['tutorial']) retrieved from /home/patriciacorreia/Documents/airflowalura/venv/lib/python3.9/site-packages/airflow/example_dags/tutorial.py
[2024-12-18 22:39:55,636] {logging_mixin.py:115} INFO - [2024-12-18 22:39:55,636] {dag.py:2379} INFO - Sync 1 DAGs
[2024-12-18 22:39:55,690] {logging_mixin.py:115} INFO - [2024-12-18 22:39:55,690] {dag.py:2927} INFO - Setting next_dagrun for tutorial to 2024-12-18T01:39:55.690169+00:00, run_after=2024-12-19T01:39:55.690169+00:00
[2024-12-18 22:39:55,720] {processor.py:161} INFO - Processing /home/patriciacorreia/Documents/airflowalura/venv/lib/python3.9/site-packages/airflow/example_dags/tutorial.py took 0.155 seconds
[2024-12-18 22:40:34,664] {processor.py:153} INFO - Started process (PID=23847) to work on /home/patriciacorreia/Documents/airflowalura/venv/lib/python3.9/site-packages/airflow/example_dags/tutorial.py
[2024-12-18 22:40:34,667] {processor.py:641} INFO - Processing file /home/patriciacorreia/Documents/airflowalura/venv/lib/python3.9/site-packages/airflow/example_dags/tutorial.py for tasks to queue
[2024-12-18 22:40:34,669] {logging_mixin.py:115} INFO - [2024-12-18 22:40:34,669] {dagbag.py:507} INFO - Filling up the DagBag from /home/patriciacorreia/Documents/airflowalura/venv/lib/python3.9/site-packages/airflow/example_dags/tutorial.py
[2024-12-18 22:40:34,695] {processor.py:651} INFO - DAG(s) dict_keys(['tutorial']) retrieved from /home/patriciacorreia/Documents/airflowalura/venv/lib/python3.9/site-packages/airflow/example_dags/tutorial.py
[2024-12-18 22:40:34,760] {logging_mixin.py:115} INFO - [2024-12-18 22:40:34,759] {dag.py:2379} INFO - Sync 1 DAGs
[2024-12-18 22:40:34,855] {logging_mixin.py:115} INFO - [2024-12-18 22:40:34,855] {dag.py:2927} INFO - Setting next_dagrun for tutorial to 2024-12-18T01:40:34.853729+00:00, run_after=2024-12-19T01:40:34.853729+00:00
[2024-12-18 22:40:34,900] {processor.py:161} INFO - Processing /home/patriciacorreia/Documents/airflowalura/venv/lib/python3.9/site-packages/airflow/example_dags/tutorial.py took 0.252 seconds
