[2024-12-18 22:05:23,406] {processor.py:153} INFO - Started process (PID=13800) to work on /home/patriciacorreia/Documents/airflowalura/venv/lib/python3.9/site-packages/airflow/example_dags/plugins/workday.py
[2024-12-18 22:05:23,407] {processor.py:641} INFO - Processing file /home/patriciacorreia/Documents/airflowalura/venv/lib/python3.9/site-packages/airflow/example_dags/plugins/workday.py for tasks to queue
[2024-12-18 22:05:23,408] {logging_mixin.py:115} INFO - [2024-12-18 22:05:23,408] {dagbag.py:507} INFO - Filling up the DagBag from /home/patriciacorreia/Documents/airflowalura/venv/lib/python3.9/site-packages/airflow/example_dags/plugins/workday.py
[2024-12-18 22:05:23,413] {processor.py:653} WARNING - No viable dags retrieved from /home/patriciacorreia/Documents/airflowalura/venv/lib/python3.9/site-packages/airflow/example_dags/plugins/workday.py
[2024-12-18 22:05:23,438] {processor.py:161} INFO - Processing /home/patriciacorreia/Documents/airflowalura/venv/lib/python3.9/site-packages/airflow/example_dags/plugins/workday.py took 0.039 seconds
[2024-12-18 22:06:00,899] {processor.py:153} INFO - Started process (PID=13926) to work on /home/patriciacorreia/Documents/airflowalura/venv/lib/python3.9/site-packages/airflow/example_dags/plugins/workday.py
[2024-12-18 22:06:00,902] {processor.py:641} INFO - Processing file /home/patriciacorreia/Documents/airflowalura/venv/lib/python3.9/site-packages/airflow/example_dags/plugins/workday.py for tasks to queue
[2024-12-18 22:06:00,903] {logging_mixin.py:115} INFO - [2024-12-18 22:06:00,902] {dagbag.py:507} INFO - Filling up the DagBag from /home/patriciacorreia/Documents/airflowalura/venv/lib/python3.9/site-packages/airflow/example_dags/plugins/workday.py
[2024-12-18 22:06:00,907] {processor.py:653} WARNING - No viable dags retrieved from /home/patriciacorreia/Documents/airflowalura/venv/lib/python3.9/site-packages/airflow/example_dags/plugins/workday.py
[2024-12-18 22:06:00,925] {processor.py:161} INFO - Processing /home/patriciacorreia/Documents/airflowalura/venv/lib/python3.9/site-packages/airflow/example_dags/plugins/workday.py took 0.031 seconds
[2024-12-18 22:06:35,807] {processor.py:153} INFO - Started process (PID=14048) to work on /home/patriciacorreia/Documents/airflowalura/venv/lib/python3.9/site-packages/airflow/example_dags/plugins/workday.py
[2024-12-18 22:06:35,809] {processor.py:641} INFO - Processing file /home/patriciacorreia/Documents/airflowalura/venv/lib/python3.9/site-packages/airflow/example_dags/plugins/workday.py for tasks to queue
[2024-12-18 22:06:35,811] {logging_mixin.py:115} INFO - [2024-12-18 22:06:35,810] {dagbag.py:507} INFO - Filling up the DagBag from /home/patriciacorreia/Documents/airflowalura/venv/lib/python3.9/site-packages/airflow/example_dags/plugins/workday.py
[2024-12-18 22:06:35,815] {processor.py:653} WARNING - No viable dags retrieved from /home/patriciacorreia/Documents/airflowalura/venv/lib/python3.9/site-packages/airflow/example_dags/plugins/workday.py
[2024-12-18 22:06:35,838] {processor.py:161} INFO - Processing /home/patriciacorreia/Documents/airflowalura/venv/lib/python3.9/site-packages/airflow/example_dags/plugins/workday.py took 0.037 seconds
[2024-12-18 22:07:12,485] {processor.py:153} INFO - Started process (PID=14163) to work on /home/patriciacorreia/Documents/airflowalura/venv/lib/python3.9/site-packages/airflow/example_dags/plugins/workday.py
[2024-12-18 22:07:12,492] {processor.py:641} INFO - Processing file /home/patriciacorreia/Documents/airflowalura/venv/lib/python3.9/site-packages/airflow/example_dags/plugins/workday.py for tasks to queue
[2024-12-18 22:07:12,493] {logging_mixin.py:115} INFO - [2024-12-18 22:07:12,493] {dagbag.py:507} INFO - Filling up the DagBag from /home/patriciacorreia/Documents/airflowalura/venv/lib/python3.9/site-packages/airflow/example_dags/plugins/workday.py
[2024-12-18 22:07:12,500] {processor.py:653} WARNING - No viable dags retrieved from /home/patriciacorreia/Documents/airflowalura/venv/lib/python3.9/site-packages/airflow/example_dags/plugins/workday.py
[2024-12-18 22:07:12,531] {processor.py:161} INFO - Processing /home/patriciacorreia/Documents/airflowalura/venv/lib/python3.9/site-packages/airflow/example_dags/plugins/workday.py took 0.060 seconds
[2024-12-18 22:07:51,796] {processor.py:153} INFO - Started process (PID=14227) to work on /home/patriciacorreia/Documents/airflowalura/venv/lib/python3.9/site-packages/airflow/example_dags/plugins/workday.py
[2024-12-18 22:07:51,799] {processor.py:641} INFO - Processing file /home/patriciacorreia/Documents/airflowalura/venv/lib/python3.9/site-packages/airflow/example_dags/plugins/workday.py for tasks to queue
[2024-12-18 22:07:51,802] {logging_mixin.py:115} INFO - [2024-12-18 22:07:51,802] {dagbag.py:507} INFO - Filling up the DagBag from /home/patriciacorreia/Documents/airflowalura/venv/lib/python3.9/site-packages/airflow/example_dags/plugins/workday.py
[2024-12-18 22:07:51,811] {processor.py:653} WARNING - No viable dags retrieved from /home/patriciacorreia/Documents/airflowalura/venv/lib/python3.9/site-packages/airflow/example_dags/plugins/workday.py
[2024-12-18 22:07:51,868] {processor.py:161} INFO - Processing /home/patriciacorreia/Documents/airflowalura/venv/lib/python3.9/site-packages/airflow/example_dags/plugins/workday.py took 0.089 seconds
[2024-12-18 22:08:26,061] {processor.py:153} INFO - Started process (PID=14343) to work on /home/patriciacorreia/Documents/airflowalura/venv/lib/python3.9/site-packages/airflow/example_dags/plugins/workday.py
[2024-12-18 22:08:26,063] {processor.py:641} INFO - Processing file /home/patriciacorreia/Documents/airflowalura/venv/lib/python3.9/site-packages/airflow/example_dags/plugins/workday.py for tasks to queue
[2024-12-18 22:08:26,065] {logging_mixin.py:115} INFO - [2024-12-18 22:08:26,064] {dagbag.py:507} INFO - Filling up the DagBag from /home/patriciacorreia/Documents/airflowalura/venv/lib/python3.9/site-packages/airflow/example_dags/plugins/workday.py
[2024-12-18 22:08:26,070] {processor.py:653} WARNING - No viable dags retrieved from /home/patriciacorreia/Documents/airflowalura/venv/lib/python3.9/site-packages/airflow/example_dags/plugins/workday.py
[2024-12-18 22:08:26,096] {processor.py:161} INFO - Processing /home/patriciacorreia/Documents/airflowalura/venv/lib/python3.9/site-packages/airflow/example_dags/plugins/workday.py took 0.042 seconds
[2024-12-18 22:09:03,423] {processor.py:153} INFO - Started process (PID=14492) to work on /home/patriciacorreia/Documents/airflowalura/venv/lib/python3.9/site-packages/airflow/example_dags/plugins/workday.py
[2024-12-18 22:09:03,425] {processor.py:641} INFO - Processing file /home/patriciacorreia/Documents/airflowalura/venv/lib/python3.9/site-packages/airflow/example_dags/plugins/workday.py for tasks to queue
[2024-12-18 22:09:03,426] {logging_mixin.py:115} INFO - [2024-12-18 22:09:03,426] {dagbag.py:507} INFO - Filling up the DagBag from /home/patriciacorreia/Documents/airflowalura/venv/lib/python3.9/site-packages/airflow/example_dags/plugins/workday.py
[2024-12-18 22:09:03,431] {processor.py:653} WARNING - No viable dags retrieved from /home/patriciacorreia/Documents/airflowalura/venv/lib/python3.9/site-packages/airflow/example_dags/plugins/workday.py
[2024-12-18 22:09:03,457] {processor.py:161} INFO - Processing /home/patriciacorreia/Documents/airflowalura/venv/lib/python3.9/site-packages/airflow/example_dags/plugins/workday.py took 0.042 seconds
[2024-12-18 22:09:41,917] {processor.py:153} INFO - Started process (PID=14668) to work on /home/patriciacorreia/Documents/airflowalura/venv/lib/python3.9/site-packages/airflow/example_dags/plugins/workday.py
[2024-12-18 22:09:41,919] {processor.py:641} INFO - Processing file /home/patriciacorreia/Documents/airflowalura/venv/lib/python3.9/site-packages/airflow/example_dags/plugins/workday.py for tasks to queue
[2024-12-18 22:09:41,920] {logging_mixin.py:115} INFO - [2024-12-18 22:09:41,920] {dagbag.py:507} INFO - Filling up the DagBag from /home/patriciacorreia/Documents/airflowalura/venv/lib/python3.9/site-packages/airflow/example_dags/plugins/workday.py
[2024-12-18 22:09:41,925] {processor.py:653} WARNING - No viable dags retrieved from /home/patriciacorreia/Documents/airflowalura/venv/lib/python3.9/site-packages/airflow/example_dags/plugins/workday.py
[2024-12-18 22:09:41,950] {processor.py:161} INFO - Processing /home/patriciacorreia/Documents/airflowalura/venv/lib/python3.9/site-packages/airflow/example_dags/plugins/workday.py took 0.039 seconds
[2024-12-18 22:10:17,928] {processor.py:153} INFO - Started process (PID=14911) to work on /home/patriciacorreia/Documents/airflowalura/venv/lib/python3.9/site-packages/airflow/example_dags/plugins/workday.py
[2024-12-18 22:10:17,930] {processor.py:641} INFO - Processing file /home/patriciacorreia/Documents/airflowalura/venv/lib/python3.9/site-packages/airflow/example_dags/plugins/workday.py for tasks to queue
[2024-12-18 22:10:17,930] {logging_mixin.py:115} INFO - [2024-12-18 22:10:17,930] {dagbag.py:507} INFO - Filling up the DagBag from /home/patriciacorreia/Documents/airflowalura/venv/lib/python3.9/site-packages/airflow/example_dags/plugins/workday.py
[2024-12-18 22:10:17,933] {processor.py:653} WARNING - No viable dags retrieved from /home/patriciacorreia/Documents/airflowalura/venv/lib/python3.9/site-packages/airflow/example_dags/plugins/workday.py
[2024-12-18 22:10:17,947] {processor.py:161} INFO - Processing /home/patriciacorreia/Documents/airflowalura/venv/lib/python3.9/site-packages/airflow/example_dags/plugins/workday.py took 0.023 seconds
[2024-12-18 22:10:50,301] {processor.py:153} INFO - Started process (PID=15335) to work on /home/patriciacorreia/Documents/airflowalura/venv/lib/python3.9/site-packages/airflow/example_dags/plugins/workday.py
[2024-12-18 22:10:50,303] {processor.py:641} INFO - Processing file /home/patriciacorreia/Documents/airflowalura/venv/lib/python3.9/site-packages/airflow/example_dags/plugins/workday.py for tasks to queue
[2024-12-18 22:10:50,305] {logging_mixin.py:115} INFO - [2024-12-18 22:10:50,305] {dagbag.py:507} INFO - Filling up the DagBag from /home/patriciacorreia/Documents/airflowalura/venv/lib/python3.9/site-packages/airflow/example_dags/plugins/workday.py
[2024-12-18 22:10:50,310] {processor.py:653} WARNING - No viable dags retrieved from /home/patriciacorreia/Documents/airflowalura/venv/lib/python3.9/site-packages/airflow/example_dags/plugins/workday.py
[2024-12-18 22:10:50,352] {processor.py:161} INFO - Processing /home/patriciacorreia/Documents/airflowalura/venv/lib/python3.9/site-packages/airflow/example_dags/plugins/workday.py took 0.058 seconds
[2024-12-18 22:11:27,664] {processor.py:153} INFO - Started process (PID=15500) to work on /home/patriciacorreia/Documents/airflowalura/venv/lib/python3.9/site-packages/airflow/example_dags/plugins/workday.py
[2024-12-18 22:11:27,668] {processor.py:641} INFO - Processing file /home/patriciacorreia/Documents/airflowalura/venv/lib/python3.9/site-packages/airflow/example_dags/plugins/workday.py for tasks to queue
[2024-12-18 22:11:27,670] {logging_mixin.py:115} INFO - [2024-12-18 22:11:27,670] {dagbag.py:507} INFO - Filling up the DagBag from /home/patriciacorreia/Documents/airflowalura/venv/lib/python3.9/site-packages/airflow/example_dags/plugins/workday.py
[2024-12-18 22:11:27,686] {processor.py:653} WARNING - No viable dags retrieved from /home/patriciacorreia/Documents/airflowalura/venv/lib/python3.9/site-packages/airflow/example_dags/plugins/workday.py
[2024-12-18 22:11:27,736] {processor.py:161} INFO - Processing /home/patriciacorreia/Documents/airflowalura/venv/lib/python3.9/site-packages/airflow/example_dags/plugins/workday.py took 0.090 seconds
[2024-12-18 22:12:01,836] {processor.py:153} INFO - Started process (PID=15649) to work on /home/patriciacorreia/Documents/airflowalura/venv/lib/python3.9/site-packages/airflow/example_dags/plugins/workday.py
[2024-12-18 22:12:01,839] {processor.py:641} INFO - Processing file /home/patriciacorreia/Documents/airflowalura/venv/lib/python3.9/site-packages/airflow/example_dags/plugins/workday.py for tasks to queue
[2024-12-18 22:12:01,841] {logging_mixin.py:115} INFO - [2024-12-18 22:12:01,840] {dagbag.py:507} INFO - Filling up the DagBag from /home/patriciacorreia/Documents/airflowalura/venv/lib/python3.9/site-packages/airflow/example_dags/plugins/workday.py
[2024-12-18 22:12:01,849] {processor.py:653} WARNING - No viable dags retrieved from /home/patriciacorreia/Documents/airflowalura/venv/lib/python3.9/site-packages/airflow/example_dags/plugins/workday.py
[2024-12-18 22:12:01,896] {processor.py:161} INFO - Processing /home/patriciacorreia/Documents/airflowalura/venv/lib/python3.9/site-packages/airflow/example_dags/plugins/workday.py took 0.073 seconds
[2024-12-18 22:12:42,423] {processor.py:153} INFO - Started process (PID=15836) to work on /home/patriciacorreia/Documents/airflowalura/venv/lib/python3.9/site-packages/airflow/example_dags/plugins/workday.py
[2024-12-18 22:12:42,427] {processor.py:641} INFO - Processing file /home/patriciacorreia/Documents/airflowalura/venv/lib/python3.9/site-packages/airflow/example_dags/plugins/workday.py for tasks to queue
[2024-12-18 22:12:42,429] {logging_mixin.py:115} INFO - [2024-12-18 22:12:42,429] {dagbag.py:507} INFO - Filling up the DagBag from /home/patriciacorreia/Documents/airflowalura/venv/lib/python3.9/site-packages/airflow/example_dags/plugins/workday.py
[2024-12-18 22:12:42,439] {processor.py:653} WARNING - No viable dags retrieved from /home/patriciacorreia/Documents/airflowalura/venv/lib/python3.9/site-packages/airflow/example_dags/plugins/workday.py
[2024-12-18 22:12:42,484] {processor.py:161} INFO - Processing /home/patriciacorreia/Documents/airflowalura/venv/lib/python3.9/site-packages/airflow/example_dags/plugins/workday.py took 0.079 seconds
[2024-12-18 22:13:16,886] {processor.py:153} INFO - Started process (PID=15984) to work on /home/patriciacorreia/Documents/airflowalura/venv/lib/python3.9/site-packages/airflow/example_dags/plugins/workday.py
[2024-12-18 22:13:16,890] {processor.py:641} INFO - Processing file /home/patriciacorreia/Documents/airflowalura/venv/lib/python3.9/site-packages/airflow/example_dags/plugins/workday.py for tasks to queue
[2024-12-18 22:13:16,892] {logging_mixin.py:115} INFO - [2024-12-18 22:13:16,892] {dagbag.py:507} INFO - Filling up the DagBag from /home/patriciacorreia/Documents/airflowalura/venv/lib/python3.9/site-packages/airflow/example_dags/plugins/workday.py
[2024-12-18 22:13:16,900] {processor.py:653} WARNING - No viable dags retrieved from /home/patriciacorreia/Documents/airflowalura/venv/lib/python3.9/site-packages/airflow/example_dags/plugins/workday.py
[2024-12-18 22:13:16,944] {processor.py:161} INFO - Processing /home/patriciacorreia/Documents/airflowalura/venv/lib/python3.9/site-packages/airflow/example_dags/plugins/workday.py took 0.070 seconds
[2024-12-18 22:13:52,643] {processor.py:153} INFO - Started process (PID=16148) to work on /home/patriciacorreia/Documents/airflowalura/venv/lib/python3.9/site-packages/airflow/example_dags/plugins/workday.py
[2024-12-18 22:13:52,646] {processor.py:641} INFO - Processing file /home/patriciacorreia/Documents/airflowalura/venv/lib/python3.9/site-packages/airflow/example_dags/plugins/workday.py for tasks to queue
[2024-12-18 22:13:52,648] {logging_mixin.py:115} INFO - [2024-12-18 22:13:52,648] {dagbag.py:507} INFO - Filling up the DagBag from /home/patriciacorreia/Documents/airflowalura/venv/lib/python3.9/site-packages/airflow/example_dags/plugins/workday.py
[2024-12-18 22:13:52,655] {processor.py:653} WARNING - No viable dags retrieved from /home/patriciacorreia/Documents/airflowalura/venv/lib/python3.9/site-packages/airflow/example_dags/plugins/workday.py
[2024-12-18 22:13:52,692] {processor.py:161} INFO - Processing /home/patriciacorreia/Documents/airflowalura/venv/lib/python3.9/site-packages/airflow/example_dags/plugins/workday.py took 0.060 seconds
[2024-12-18 22:14:36,327] {processor.py:153} INFO - Started process (PID=16375) to work on /home/patriciacorreia/Documents/airflowalura/venv/lib/python3.9/site-packages/airflow/example_dags/plugins/workday.py
[2024-12-18 22:14:36,330] {processor.py:641} INFO - Processing file /home/patriciacorreia/Documents/airflowalura/venv/lib/python3.9/site-packages/airflow/example_dags/plugins/workday.py for tasks to queue
[2024-12-18 22:14:36,332] {logging_mixin.py:115} INFO - [2024-12-18 22:14:36,332] {dagbag.py:507} INFO - Filling up the DagBag from /home/patriciacorreia/Documents/airflowalura/venv/lib/python3.9/site-packages/airflow/example_dags/plugins/workday.py
[2024-12-18 22:14:36,339] {processor.py:653} WARNING - No viable dags retrieved from /home/patriciacorreia/Documents/airflowalura/venv/lib/python3.9/site-packages/airflow/example_dags/plugins/workday.py
[2024-12-18 22:14:36,373] {processor.py:161} INFO - Processing /home/patriciacorreia/Documents/airflowalura/venv/lib/python3.9/site-packages/airflow/example_dags/plugins/workday.py took 0.056 seconds
[2024-12-18 22:15:18,078] {processor.py:153} INFO - Started process (PID=16570) to work on /home/patriciacorreia/Documents/airflowalura/venv/lib/python3.9/site-packages/airflow/example_dags/plugins/workday.py
[2024-12-18 22:15:18,080] {processor.py:641} INFO - Processing file /home/patriciacorreia/Documents/airflowalura/venv/lib/python3.9/site-packages/airflow/example_dags/plugins/workday.py for tasks to queue
[2024-12-18 22:15:18,081] {logging_mixin.py:115} INFO - [2024-12-18 22:15:18,081] {dagbag.py:507} INFO - Filling up the DagBag from /home/patriciacorreia/Documents/airflowalura/venv/lib/python3.9/site-packages/airflow/example_dags/plugins/workday.py
[2024-12-18 22:15:18,084] {processor.py:653} WARNING - No viable dags retrieved from /home/patriciacorreia/Documents/airflowalura/venv/lib/python3.9/site-packages/airflow/example_dags/plugins/workday.py
[2024-12-18 22:15:18,101] {processor.py:161} INFO - Processing /home/patriciacorreia/Documents/airflowalura/venv/lib/python3.9/site-packages/airflow/example_dags/plugins/workday.py took 0.030 seconds
[2024-12-18 22:15:56,869] {processor.py:153} INFO - Started process (PID=16774) to work on /home/patriciacorreia/Documents/airflowalura/venv/lib/python3.9/site-packages/airflow/example_dags/plugins/workday.py
[2024-12-18 22:15:56,872] {processor.py:641} INFO - Processing file /home/patriciacorreia/Documents/airflowalura/venv/lib/python3.9/site-packages/airflow/example_dags/plugins/workday.py for tasks to queue
[2024-12-18 22:15:56,874] {logging_mixin.py:115} INFO - [2024-12-18 22:15:56,874] {dagbag.py:507} INFO - Filling up the DagBag from /home/patriciacorreia/Documents/airflowalura/venv/lib/python3.9/site-packages/airflow/example_dags/plugins/workday.py
[2024-12-18 22:15:56,884] {processor.py:653} WARNING - No viable dags retrieved from /home/patriciacorreia/Documents/airflowalura/venv/lib/python3.9/site-packages/airflow/example_dags/plugins/workday.py
[2024-12-18 22:15:56,928] {processor.py:161} INFO - Processing /home/patriciacorreia/Documents/airflowalura/venv/lib/python3.9/site-packages/airflow/example_dags/plugins/workday.py took 0.073 seconds
[2024-12-18 22:16:35,959] {processor.py:153} INFO - Started process (PID=17034) to work on /home/patriciacorreia/Documents/airflowalura/venv/lib/python3.9/site-packages/airflow/example_dags/plugins/workday.py
[2024-12-18 22:16:35,969] {processor.py:641} INFO - Processing file /home/patriciacorreia/Documents/airflowalura/venv/lib/python3.9/site-packages/airflow/example_dags/plugins/workday.py for tasks to queue
[2024-12-18 22:16:35,983] {logging_mixin.py:115} INFO - [2024-12-18 22:16:35,982] {dagbag.py:507} INFO - Filling up the DagBag from /home/patriciacorreia/Documents/airflowalura/venv/lib/python3.9/site-packages/airflow/example_dags/plugins/workday.py
[2024-12-18 22:16:36,022] {processor.py:653} WARNING - No viable dags retrieved from /home/patriciacorreia/Documents/airflowalura/venv/lib/python3.9/site-packages/airflow/example_dags/plugins/workday.py
[2024-12-18 22:16:36,185] {processor.py:161} INFO - Processing /home/patriciacorreia/Documents/airflowalura/venv/lib/python3.9/site-packages/airflow/example_dags/plugins/workday.py took 0.360 seconds
[2024-12-18 22:17:18,640] {processor.py:153} INFO - Started process (PID=17241) to work on /home/patriciacorreia/Documents/airflowalura/venv/lib/python3.9/site-packages/airflow/example_dags/plugins/workday.py
[2024-12-18 22:17:18,641] {processor.py:641} INFO - Processing file /home/patriciacorreia/Documents/airflowalura/venv/lib/python3.9/site-packages/airflow/example_dags/plugins/workday.py for tasks to queue
[2024-12-18 22:17:18,642] {logging_mixin.py:115} INFO - [2024-12-18 22:17:18,642] {dagbag.py:507} INFO - Filling up the DagBag from /home/patriciacorreia/Documents/airflowalura/venv/lib/python3.9/site-packages/airflow/example_dags/plugins/workday.py
[2024-12-18 22:17:18,645] {processor.py:653} WARNING - No viable dags retrieved from /home/patriciacorreia/Documents/airflowalura/venv/lib/python3.9/site-packages/airflow/example_dags/plugins/workday.py
[2024-12-18 22:17:18,661] {processor.py:161} INFO - Processing /home/patriciacorreia/Documents/airflowalura/venv/lib/python3.9/site-packages/airflow/example_dags/plugins/workday.py took 0.025 seconds
[2024-12-18 22:17:54,384] {processor.py:153} INFO - Started process (PID=17412) to work on /home/patriciacorreia/Documents/airflowalura/venv/lib/python3.9/site-packages/airflow/example_dags/plugins/workday.py
[2024-12-18 22:17:54,387] {processor.py:641} INFO - Processing file /home/patriciacorreia/Documents/airflowalura/venv/lib/python3.9/site-packages/airflow/example_dags/plugins/workday.py for tasks to queue
[2024-12-18 22:17:54,394] {logging_mixin.py:115} INFO - [2024-12-18 22:17:54,390] {dagbag.py:507} INFO - Filling up the DagBag from /home/patriciacorreia/Documents/airflowalura/venv/lib/python3.9/site-packages/airflow/example_dags/plugins/workday.py
[2024-12-18 22:17:54,409] {processor.py:653} WARNING - No viable dags retrieved from /home/patriciacorreia/Documents/airflowalura/venv/lib/python3.9/site-packages/airflow/example_dags/plugins/workday.py
[2024-12-18 22:17:54,481] {processor.py:161} INFO - Processing /home/patriciacorreia/Documents/airflowalura/venv/lib/python3.9/site-packages/airflow/example_dags/plugins/workday.py took 0.116 seconds
[2024-12-18 22:18:31,247] {processor.py:153} INFO - Started process (PID=17577) to work on /home/patriciacorreia/Documents/airflowalura/venv/lib/python3.9/site-packages/airflow/example_dags/plugins/workday.py
[2024-12-18 22:18:31,250] {processor.py:641} INFO - Processing file /home/patriciacorreia/Documents/airflowalura/venv/lib/python3.9/site-packages/airflow/example_dags/plugins/workday.py for tasks to queue
[2024-12-18 22:18:31,252] {logging_mixin.py:115} INFO - [2024-12-18 22:18:31,251] {dagbag.py:507} INFO - Filling up the DagBag from /home/patriciacorreia/Documents/airflowalura/venv/lib/python3.9/site-packages/airflow/example_dags/plugins/workday.py
[2024-12-18 22:18:31,259] {processor.py:653} WARNING - No viable dags retrieved from /home/patriciacorreia/Documents/airflowalura/venv/lib/python3.9/site-packages/airflow/example_dags/plugins/workday.py
[2024-12-18 22:18:31,295] {processor.py:161} INFO - Processing /home/patriciacorreia/Documents/airflowalura/venv/lib/python3.9/site-packages/airflow/example_dags/plugins/workday.py took 0.058 seconds
[2024-12-18 22:19:32,584] {processor.py:153} INFO - Started process (PID=17834) to work on /home/patriciacorreia/Documents/airflowalura/venv/lib/python3.9/site-packages/airflow/example_dags/plugins/workday.py
[2024-12-18 22:19:32,585] {processor.py:641} INFO - Processing file /home/patriciacorreia/Documents/airflowalura/venv/lib/python3.9/site-packages/airflow/example_dags/plugins/workday.py for tasks to queue
[2024-12-18 22:19:32,587] {logging_mixin.py:115} INFO - [2024-12-18 22:19:32,586] {dagbag.py:507} INFO - Filling up the DagBag from /home/patriciacorreia/Documents/airflowalura/venv/lib/python3.9/site-packages/airflow/example_dags/plugins/workday.py
[2024-12-18 22:19:32,592] {processor.py:653} WARNING - No viable dags retrieved from /home/patriciacorreia/Documents/airflowalura/venv/lib/python3.9/site-packages/airflow/example_dags/plugins/workday.py
[2024-12-18 22:19:32,618] {processor.py:161} INFO - Processing /home/patriciacorreia/Documents/airflowalura/venv/lib/python3.9/site-packages/airflow/example_dags/plugins/workday.py took 0.049 seconds
[2024-12-18 22:20:13,556] {processor.py:153} INFO - Started process (PID=18036) to work on /home/patriciacorreia/Documents/airflowalura/venv/lib/python3.9/site-packages/airflow/example_dags/plugins/workday.py
[2024-12-18 22:20:13,559] {processor.py:641} INFO - Processing file /home/patriciacorreia/Documents/airflowalura/venv/lib/python3.9/site-packages/airflow/example_dags/plugins/workday.py for tasks to queue
[2024-12-18 22:20:13,562] {logging_mixin.py:115} INFO - [2024-12-18 22:20:13,561] {dagbag.py:507} INFO - Filling up the DagBag from /home/patriciacorreia/Documents/airflowalura/venv/lib/python3.9/site-packages/airflow/example_dags/plugins/workday.py
[2024-12-18 22:20:13,572] {processor.py:653} WARNING - No viable dags retrieved from /home/patriciacorreia/Documents/airflowalura/venv/lib/python3.9/site-packages/airflow/example_dags/plugins/workday.py
[2024-12-18 22:20:13,621] {processor.py:161} INFO - Processing /home/patriciacorreia/Documents/airflowalura/venv/lib/python3.9/site-packages/airflow/example_dags/plugins/workday.py took 0.080 seconds
[2024-12-18 22:20:51,881] {processor.py:153} INFO - Started process (PID=18230) to work on /home/patriciacorreia/Documents/airflowalura/venv/lib/python3.9/site-packages/airflow/example_dags/plugins/workday.py
[2024-12-18 22:20:51,884] {processor.py:641} INFO - Processing file /home/patriciacorreia/Documents/airflowalura/venv/lib/python3.9/site-packages/airflow/example_dags/plugins/workday.py for tasks to queue
[2024-12-18 22:20:51,885] {logging_mixin.py:115} INFO - [2024-12-18 22:20:51,885] {dagbag.py:507} INFO - Filling up the DagBag from /home/patriciacorreia/Documents/airflowalura/venv/lib/python3.9/site-packages/airflow/example_dags/plugins/workday.py
[2024-12-18 22:20:51,890] {processor.py:653} WARNING - No viable dags retrieved from /home/patriciacorreia/Documents/airflowalura/venv/lib/python3.9/site-packages/airflow/example_dags/plugins/workday.py
[2024-12-18 22:20:51,911] {processor.py:161} INFO - Processing /home/patriciacorreia/Documents/airflowalura/venv/lib/python3.9/site-packages/airflow/example_dags/plugins/workday.py took 0.040 seconds
[2024-12-18 22:21:28,808] {processor.py:153} INFO - Started process (PID=18407) to work on /home/patriciacorreia/Documents/airflowalura/venv/lib/python3.9/site-packages/airflow/example_dags/plugins/workday.py
[2024-12-18 22:21:28,810] {processor.py:641} INFO - Processing file /home/patriciacorreia/Documents/airflowalura/venv/lib/python3.9/site-packages/airflow/example_dags/plugins/workday.py for tasks to queue
[2024-12-18 22:21:28,811] {logging_mixin.py:115} INFO - [2024-12-18 22:21:28,811] {dagbag.py:507} INFO - Filling up the DagBag from /home/patriciacorreia/Documents/airflowalura/venv/lib/python3.9/site-packages/airflow/example_dags/plugins/workday.py
[2024-12-18 22:21:28,818] {processor.py:653} WARNING - No viable dags retrieved from /home/patriciacorreia/Documents/airflowalura/venv/lib/python3.9/site-packages/airflow/example_dags/plugins/workday.py
[2024-12-18 22:21:28,844] {processor.py:161} INFO - Processing /home/patriciacorreia/Documents/airflowalura/venv/lib/python3.9/site-packages/airflow/example_dags/plugins/workday.py took 0.043 seconds
[2024-12-18 22:22:06,060] {processor.py:153} INFO - Started process (PID=18576) to work on /home/patriciacorreia/Documents/airflowalura/venv/lib/python3.9/site-packages/airflow/example_dags/plugins/workday.py
[2024-12-18 22:22:06,062] {processor.py:641} INFO - Processing file /home/patriciacorreia/Documents/airflowalura/venv/lib/python3.9/site-packages/airflow/example_dags/plugins/workday.py for tasks to queue
[2024-12-18 22:22:06,063] {logging_mixin.py:115} INFO - [2024-12-18 22:22:06,063] {dagbag.py:507} INFO - Filling up the DagBag from /home/patriciacorreia/Documents/airflowalura/venv/lib/python3.9/site-packages/airflow/example_dags/plugins/workday.py
[2024-12-18 22:22:06,070] {processor.py:653} WARNING - No viable dags retrieved from /home/patriciacorreia/Documents/airflowalura/venv/lib/python3.9/site-packages/airflow/example_dags/plugins/workday.py
[2024-12-18 22:22:06,097] {processor.py:161} INFO - Processing /home/patriciacorreia/Documents/airflowalura/venv/lib/python3.9/site-packages/airflow/example_dags/plugins/workday.py took 0.046 seconds
[2024-12-18 22:22:45,785] {processor.py:153} INFO - Started process (PID=18757) to work on /home/patriciacorreia/Documents/airflowalura/venv/lib/python3.9/site-packages/airflow/example_dags/plugins/workday.py
[2024-12-18 22:22:45,787] {processor.py:641} INFO - Processing file /home/patriciacorreia/Documents/airflowalura/venv/lib/python3.9/site-packages/airflow/example_dags/plugins/workday.py for tasks to queue
[2024-12-18 22:22:45,789] {logging_mixin.py:115} INFO - [2024-12-18 22:22:45,788] {dagbag.py:507} INFO - Filling up the DagBag from /home/patriciacorreia/Documents/airflowalura/venv/lib/python3.9/site-packages/airflow/example_dags/plugins/workday.py
[2024-12-18 22:22:45,793] {processor.py:653} WARNING - No viable dags retrieved from /home/patriciacorreia/Documents/airflowalura/venv/lib/python3.9/site-packages/airflow/example_dags/plugins/workday.py
[2024-12-18 22:22:45,826] {processor.py:161} INFO - Processing /home/patriciacorreia/Documents/airflowalura/venv/lib/python3.9/site-packages/airflow/example_dags/plugins/workday.py took 0.051 seconds
[2024-12-18 22:23:20,077] {processor.py:153} INFO - Started process (PID=18920) to work on /home/patriciacorreia/Documents/airflowalura/venv/lib/python3.9/site-packages/airflow/example_dags/plugins/workday.py
[2024-12-18 22:23:20,081] {processor.py:641} INFO - Processing file /home/patriciacorreia/Documents/airflowalura/venv/lib/python3.9/site-packages/airflow/example_dags/plugins/workday.py for tasks to queue
[2024-12-18 22:23:20,088] {logging_mixin.py:115} INFO - [2024-12-18 22:23:20,087] {dagbag.py:507} INFO - Filling up the DagBag from /home/patriciacorreia/Documents/airflowalura/venv/lib/python3.9/site-packages/airflow/example_dags/plugins/workday.py
[2024-12-18 22:23:20,107] {processor.py:653} WARNING - No viable dags retrieved from /home/patriciacorreia/Documents/airflowalura/venv/lib/python3.9/site-packages/airflow/example_dags/plugins/workday.py
[2024-12-18 22:23:20,173] {processor.py:161} INFO - Processing /home/patriciacorreia/Documents/airflowalura/venv/lib/python3.9/site-packages/airflow/example_dags/plugins/workday.py took 0.117 seconds
[2024-12-18 22:23:55,169] {processor.py:153} INFO - Started process (PID=19081) to work on /home/patriciacorreia/Documents/airflowalura/venv/lib/python3.9/site-packages/airflow/example_dags/plugins/workday.py
[2024-12-18 22:23:55,175] {processor.py:641} INFO - Processing file /home/patriciacorreia/Documents/airflowalura/venv/lib/python3.9/site-packages/airflow/example_dags/plugins/workday.py for tasks to queue
[2024-12-18 22:23:55,178] {logging_mixin.py:115} INFO - [2024-12-18 22:23:55,178] {dagbag.py:507} INFO - Filling up the DagBag from /home/patriciacorreia/Documents/airflowalura/venv/lib/python3.9/site-packages/airflow/example_dags/plugins/workday.py
[2024-12-18 22:23:55,192] {processor.py:653} WARNING - No viable dags retrieved from /home/patriciacorreia/Documents/airflowalura/venv/lib/python3.9/site-packages/airflow/example_dags/plugins/workday.py
[2024-12-18 22:23:55,259] {processor.py:161} INFO - Processing /home/patriciacorreia/Documents/airflowalura/venv/lib/python3.9/site-packages/airflow/example_dags/plugins/workday.py took 0.108 seconds
[2024-12-18 22:24:30,847] {processor.py:153} INFO - Started process (PID=19247) to work on /home/patriciacorreia/Documents/airflowalura/venv/lib/python3.9/site-packages/airflow/example_dags/plugins/workday.py
[2024-12-18 22:24:30,851] {processor.py:641} INFO - Processing file /home/patriciacorreia/Documents/airflowalura/venv/lib/python3.9/site-packages/airflow/example_dags/plugins/workday.py for tasks to queue
[2024-12-18 22:24:30,853] {logging_mixin.py:115} INFO - [2024-12-18 22:24:30,853] {dagbag.py:507} INFO - Filling up the DagBag from /home/patriciacorreia/Documents/airflowalura/venv/lib/python3.9/site-packages/airflow/example_dags/plugins/workday.py
[2024-12-18 22:24:30,862] {processor.py:653} WARNING - No viable dags retrieved from /home/patriciacorreia/Documents/airflowalura/venv/lib/python3.9/site-packages/airflow/example_dags/plugins/workday.py
[2024-12-18 22:24:30,886] {processor.py:161} INFO - Processing /home/patriciacorreia/Documents/airflowalura/venv/lib/python3.9/site-packages/airflow/example_dags/plugins/workday.py took 0.060 seconds
[2024-12-18 22:25:04,996] {processor.py:153} INFO - Started process (PID=19441) to work on /home/patriciacorreia/Documents/airflowalura/venv/lib/python3.9/site-packages/airflow/example_dags/plugins/workday.py
[2024-12-18 22:25:05,000] {processor.py:641} INFO - Processing file /home/patriciacorreia/Documents/airflowalura/venv/lib/python3.9/site-packages/airflow/example_dags/plugins/workday.py for tasks to queue
[2024-12-18 22:25:05,004] {logging_mixin.py:115} INFO - [2024-12-18 22:25:05,003] {dagbag.py:507} INFO - Filling up the DagBag from /home/patriciacorreia/Documents/airflowalura/venv/lib/python3.9/site-packages/airflow/example_dags/plugins/workday.py
[2024-12-18 22:25:05,016] {processor.py:653} WARNING - No viable dags retrieved from /home/patriciacorreia/Documents/airflowalura/venv/lib/python3.9/site-packages/airflow/example_dags/plugins/workday.py
[2024-12-18 22:25:05,057] {processor.py:161} INFO - Processing /home/patriciacorreia/Documents/airflowalura/venv/lib/python3.9/site-packages/airflow/example_dags/plugins/workday.py took 0.083 seconds
[2024-12-18 22:25:40,630] {processor.py:153} INFO - Started process (PID=19607) to work on /home/patriciacorreia/Documents/airflowalura/venv/lib/python3.9/site-packages/airflow/example_dags/plugins/workday.py
[2024-12-18 22:25:40,636] {processor.py:641} INFO - Processing file /home/patriciacorreia/Documents/airflowalura/venv/lib/python3.9/site-packages/airflow/example_dags/plugins/workday.py for tasks to queue
[2024-12-18 22:25:40,639] {logging_mixin.py:115} INFO - [2024-12-18 22:25:40,639] {dagbag.py:507} INFO - Filling up the DagBag from /home/patriciacorreia/Documents/airflowalura/venv/lib/python3.9/site-packages/airflow/example_dags/plugins/workday.py
[2024-12-18 22:25:40,656] {processor.py:653} WARNING - No viable dags retrieved from /home/patriciacorreia/Documents/airflowalura/venv/lib/python3.9/site-packages/airflow/example_dags/plugins/workday.py
[2024-12-18 22:25:40,685] {processor.py:161} INFO - Processing /home/patriciacorreia/Documents/airflowalura/venv/lib/python3.9/site-packages/airflow/example_dags/plugins/workday.py took 0.084 seconds
[2024-12-18 22:26:23,591] {processor.py:153} INFO - Started process (PID=19786) to work on /home/patriciacorreia/Documents/airflowalura/venv/lib/python3.9/site-packages/airflow/example_dags/plugins/workday.py
[2024-12-18 22:26:23,598] {processor.py:641} INFO - Processing file /home/patriciacorreia/Documents/airflowalura/venv/lib/python3.9/site-packages/airflow/example_dags/plugins/workday.py for tasks to queue
[2024-12-18 22:26:23,602] {logging_mixin.py:115} INFO - [2024-12-18 22:26:23,602] {dagbag.py:507} INFO - Filling up the DagBag from /home/patriciacorreia/Documents/airflowalura/venv/lib/python3.9/site-packages/airflow/example_dags/plugins/workday.py
[2024-12-18 22:26:23,626] {processor.py:653} WARNING - No viable dags retrieved from /home/patriciacorreia/Documents/airflowalura/venv/lib/python3.9/site-packages/airflow/example_dags/plugins/workday.py
[2024-12-18 22:26:23,675] {processor.py:161} INFO - Processing /home/patriciacorreia/Documents/airflowalura/venv/lib/python3.9/site-packages/airflow/example_dags/plugins/workday.py took 0.103 seconds
[2024-12-18 22:26:56,577] {processor.py:153} INFO - Started process (PID=19940) to work on /home/patriciacorreia/Documents/airflowalura/venv/lib/python3.9/site-packages/airflow/example_dags/plugins/workday.py
[2024-12-18 22:26:56,580] {processor.py:641} INFO - Processing file /home/patriciacorreia/Documents/airflowalura/venv/lib/python3.9/site-packages/airflow/example_dags/plugins/workday.py for tasks to queue
[2024-12-18 22:26:56,582] {logging_mixin.py:115} INFO - [2024-12-18 22:26:56,582] {dagbag.py:507} INFO - Filling up the DagBag from /home/patriciacorreia/Documents/airflowalura/venv/lib/python3.9/site-packages/airflow/example_dags/plugins/workday.py
[2024-12-18 22:26:56,589] {processor.py:653} WARNING - No viable dags retrieved from /home/patriciacorreia/Documents/airflowalura/venv/lib/python3.9/site-packages/airflow/example_dags/plugins/workday.py
[2024-12-18 22:26:56,629] {processor.py:161} INFO - Processing /home/patriciacorreia/Documents/airflowalura/venv/lib/python3.9/site-packages/airflow/example_dags/plugins/workday.py took 0.063 seconds
[2024-12-18 22:27:32,206] {processor.py:153} INFO - Started process (PID=20100) to work on /home/patriciacorreia/Documents/airflowalura/venv/lib/python3.9/site-packages/airflow/example_dags/plugins/workday.py
[2024-12-18 22:27:32,210] {processor.py:641} INFO - Processing file /home/patriciacorreia/Documents/airflowalura/venv/lib/python3.9/site-packages/airflow/example_dags/plugins/workday.py for tasks to queue
[2024-12-18 22:27:32,212] {logging_mixin.py:115} INFO - [2024-12-18 22:27:32,211] {dagbag.py:507} INFO - Filling up the DagBag from /home/patriciacorreia/Documents/airflowalura/venv/lib/python3.9/site-packages/airflow/example_dags/plugins/workday.py
[2024-12-18 22:27:32,222] {processor.py:653} WARNING - No viable dags retrieved from /home/patriciacorreia/Documents/airflowalura/venv/lib/python3.9/site-packages/airflow/example_dags/plugins/workday.py
[2024-12-18 22:27:32,272] {processor.py:161} INFO - Processing /home/patriciacorreia/Documents/airflowalura/venv/lib/python3.9/site-packages/airflow/example_dags/plugins/workday.py took 0.078 seconds
[2024-12-18 22:28:09,519] {processor.py:153} INFO - Started process (PID=20295) to work on /home/patriciacorreia/Documents/airflowalura/venv/lib/python3.9/site-packages/airflow/example_dags/plugins/workday.py
[2024-12-18 22:28:09,522] {processor.py:641} INFO - Processing file /home/patriciacorreia/Documents/airflowalura/venv/lib/python3.9/site-packages/airflow/example_dags/plugins/workday.py for tasks to queue
[2024-12-18 22:28:09,524] {logging_mixin.py:115} INFO - [2024-12-18 22:28:09,524] {dagbag.py:507} INFO - Filling up the DagBag from /home/patriciacorreia/Documents/airflowalura/venv/lib/python3.9/site-packages/airflow/example_dags/plugins/workday.py
[2024-12-18 22:28:09,531] {processor.py:653} WARNING - No viable dags retrieved from /home/patriciacorreia/Documents/airflowalura/venv/lib/python3.9/site-packages/airflow/example_dags/plugins/workday.py
[2024-12-18 22:28:09,567] {processor.py:161} INFO - Processing /home/patriciacorreia/Documents/airflowalura/venv/lib/python3.9/site-packages/airflow/example_dags/plugins/workday.py took 0.059 seconds
[2024-12-18 22:28:43,899] {processor.py:153} INFO - Started process (PID=20456) to work on /home/patriciacorreia/Documents/airflowalura/venv/lib/python3.9/site-packages/airflow/example_dags/plugins/workday.py
[2024-12-18 22:28:43,903] {processor.py:641} INFO - Processing file /home/patriciacorreia/Documents/airflowalura/venv/lib/python3.9/site-packages/airflow/example_dags/plugins/workday.py for tasks to queue
[2024-12-18 22:28:43,905] {logging_mixin.py:115} INFO - [2024-12-18 22:28:43,905] {dagbag.py:507} INFO - Filling up the DagBag from /home/patriciacorreia/Documents/airflowalura/venv/lib/python3.9/site-packages/airflow/example_dags/plugins/workday.py
[2024-12-18 22:28:43,913] {processor.py:653} WARNING - No viable dags retrieved from /home/patriciacorreia/Documents/airflowalura/venv/lib/python3.9/site-packages/airflow/example_dags/plugins/workday.py
[2024-12-18 22:28:43,966] {processor.py:161} INFO - Processing /home/patriciacorreia/Documents/airflowalura/venv/lib/python3.9/site-packages/airflow/example_dags/plugins/workday.py took 0.082 seconds
[2024-12-18 22:29:18,617] {processor.py:153} INFO - Started process (PID=20633) to work on /home/patriciacorreia/Documents/airflowalura/venv/lib/python3.9/site-packages/airflow/example_dags/plugins/workday.py
[2024-12-18 22:29:18,619] {processor.py:641} INFO - Processing file /home/patriciacorreia/Documents/airflowalura/venv/lib/python3.9/site-packages/airflow/example_dags/plugins/workday.py for tasks to queue
[2024-12-18 22:29:18,619] {logging_mixin.py:115} INFO - [2024-12-18 22:29:18,619] {dagbag.py:507} INFO - Filling up the DagBag from /home/patriciacorreia/Documents/airflowalura/venv/lib/python3.9/site-packages/airflow/example_dags/plugins/workday.py
[2024-12-18 22:29:18,622] {processor.py:653} WARNING - No viable dags retrieved from /home/patriciacorreia/Documents/airflowalura/venv/lib/python3.9/site-packages/airflow/example_dags/plugins/workday.py
[2024-12-18 22:29:18,642] {processor.py:161} INFO - Processing /home/patriciacorreia/Documents/airflowalura/venv/lib/python3.9/site-packages/airflow/example_dags/plugins/workday.py took 0.029 seconds
[2024-12-18 22:29:55,011] {processor.py:153} INFO - Started process (PID=20825) to work on /home/patriciacorreia/Documents/airflowalura/venv/lib/python3.9/site-packages/airflow/example_dags/plugins/workday.py
[2024-12-18 22:29:55,014] {processor.py:641} INFO - Processing file /home/patriciacorreia/Documents/airflowalura/venv/lib/python3.9/site-packages/airflow/example_dags/plugins/workday.py for tasks to queue
[2024-12-18 22:29:55,016] {logging_mixin.py:115} INFO - [2024-12-18 22:29:55,016] {dagbag.py:507} INFO - Filling up the DagBag from /home/patriciacorreia/Documents/airflowalura/venv/lib/python3.9/site-packages/airflow/example_dags/plugins/workday.py
[2024-12-18 22:29:55,023] {processor.py:653} WARNING - No viable dags retrieved from /home/patriciacorreia/Documents/airflowalura/venv/lib/python3.9/site-packages/airflow/example_dags/plugins/workday.py
[2024-12-18 22:29:55,059] {processor.py:161} INFO - Processing /home/patriciacorreia/Documents/airflowalura/venv/lib/python3.9/site-packages/airflow/example_dags/plugins/workday.py took 0.059 seconds
[2024-12-18 22:30:34,735] {processor.py:153} INFO - Started process (PID=21030) to work on /home/patriciacorreia/Documents/airflowalura/venv/lib/python3.9/site-packages/airflow/example_dags/plugins/workday.py
[2024-12-18 22:30:34,739] {processor.py:641} INFO - Processing file /home/patriciacorreia/Documents/airflowalura/venv/lib/python3.9/site-packages/airflow/example_dags/plugins/workday.py for tasks to queue
[2024-12-18 22:30:34,740] {logging_mixin.py:115} INFO - [2024-12-18 22:30:34,740] {dagbag.py:507} INFO - Filling up the DagBag from /home/patriciacorreia/Documents/airflowalura/venv/lib/python3.9/site-packages/airflow/example_dags/plugins/workday.py
[2024-12-18 22:30:34,748] {processor.py:653} WARNING - No viable dags retrieved from /home/patriciacorreia/Documents/airflowalura/venv/lib/python3.9/site-packages/airflow/example_dags/plugins/workday.py
[2024-12-18 22:30:34,785] {processor.py:161} INFO - Processing /home/patriciacorreia/Documents/airflowalura/venv/lib/python3.9/site-packages/airflow/example_dags/plugins/workday.py took 0.062 seconds
[2024-12-18 22:31:10,050] {processor.py:153} INFO - Started process (PID=21212) to work on /home/patriciacorreia/Documents/airflowalura/venv/lib/python3.9/site-packages/airflow/example_dags/plugins/workday.py
[2024-12-18 22:31:10,051] {processor.py:641} INFO - Processing file /home/patriciacorreia/Documents/airflowalura/venv/lib/python3.9/site-packages/airflow/example_dags/plugins/workday.py for tasks to queue
[2024-12-18 22:31:10,053] {logging_mixin.py:115} INFO - [2024-12-18 22:31:10,053] {dagbag.py:507} INFO - Filling up the DagBag from /home/patriciacorreia/Documents/airflowalura/venv/lib/python3.9/site-packages/airflow/example_dags/plugins/workday.py
[2024-12-18 22:31:10,057] {processor.py:653} WARNING - No viable dags retrieved from /home/patriciacorreia/Documents/airflowalura/venv/lib/python3.9/site-packages/airflow/example_dags/plugins/workday.py
[2024-12-18 22:31:10,076] {processor.py:161} INFO - Processing /home/patriciacorreia/Documents/airflowalura/venv/lib/python3.9/site-packages/airflow/example_dags/plugins/workday.py took 0.036 seconds
[2024-12-18 22:31:44,396] {processor.py:153} INFO - Started process (PID=21394) to work on /home/patriciacorreia/Documents/airflowalura/venv/lib/python3.9/site-packages/airflow/example_dags/plugins/workday.py
[2024-12-18 22:31:44,399] {processor.py:641} INFO - Processing file /home/patriciacorreia/Documents/airflowalura/venv/lib/python3.9/site-packages/airflow/example_dags/plugins/workday.py for tasks to queue
[2024-12-18 22:31:44,401] {logging_mixin.py:115} INFO - [2024-12-18 22:31:44,400] {dagbag.py:507} INFO - Filling up the DagBag from /home/patriciacorreia/Documents/airflowalura/venv/lib/python3.9/site-packages/airflow/example_dags/plugins/workday.py
[2024-12-18 22:31:44,408] {processor.py:653} WARNING - No viable dags retrieved from /home/patriciacorreia/Documents/airflowalura/venv/lib/python3.9/site-packages/airflow/example_dags/plugins/workday.py
[2024-12-18 22:31:44,444] {processor.py:161} INFO - Processing /home/patriciacorreia/Documents/airflowalura/venv/lib/python3.9/site-packages/airflow/example_dags/plugins/workday.py took 0.059 seconds
[2024-12-18 22:32:24,508] {processor.py:153} INFO - Started process (PID=21590) to work on /home/patriciacorreia/Documents/airflowalura/venv/lib/python3.9/site-packages/airflow/example_dags/plugins/workday.py
[2024-12-18 22:32:24,509] {processor.py:641} INFO - Processing file /home/patriciacorreia/Documents/airflowalura/venv/lib/python3.9/site-packages/airflow/example_dags/plugins/workday.py for tasks to queue
[2024-12-18 22:32:24,510] {logging_mixin.py:115} INFO - [2024-12-18 22:32:24,510] {dagbag.py:507} INFO - Filling up the DagBag from /home/patriciacorreia/Documents/airflowalura/venv/lib/python3.9/site-packages/airflow/example_dags/plugins/workday.py
[2024-12-18 22:32:24,514] {processor.py:653} WARNING - No viable dags retrieved from /home/patriciacorreia/Documents/airflowalura/venv/lib/python3.9/site-packages/airflow/example_dags/plugins/workday.py
[2024-12-18 22:32:24,531] {processor.py:161} INFO - Processing /home/patriciacorreia/Documents/airflowalura/venv/lib/python3.9/site-packages/airflow/example_dags/plugins/workday.py took 0.027 seconds
[2024-12-18 22:33:05,431] {processor.py:153} INFO - Started process (PID=21788) to work on /home/patriciacorreia/Documents/airflowalura/venv/lib/python3.9/site-packages/airflow/example_dags/plugins/workday.py
[2024-12-18 22:33:05,435] {processor.py:641} INFO - Processing file /home/patriciacorreia/Documents/airflowalura/venv/lib/python3.9/site-packages/airflow/example_dags/plugins/workday.py for tasks to queue
[2024-12-18 22:33:05,437] {logging_mixin.py:115} INFO - [2024-12-18 22:33:05,437] {dagbag.py:507} INFO - Filling up the DagBag from /home/patriciacorreia/Documents/airflowalura/venv/lib/python3.9/site-packages/airflow/example_dags/plugins/workday.py
[2024-12-18 22:33:05,446] {processor.py:653} WARNING - No viable dags retrieved from /home/patriciacorreia/Documents/airflowalura/venv/lib/python3.9/site-packages/airflow/example_dags/plugins/workday.py
[2024-12-18 22:33:05,494] {processor.py:161} INFO - Processing /home/patriciacorreia/Documents/airflowalura/venv/lib/python3.9/site-packages/airflow/example_dags/plugins/workday.py took 0.076 seconds
[2024-12-18 22:33:42,480] {processor.py:153} INFO - Started process (PID=21953) to work on /home/patriciacorreia/Documents/airflowalura/venv/lib/python3.9/site-packages/airflow/example_dags/plugins/workday.py
[2024-12-18 22:33:42,487] {processor.py:641} INFO - Processing file /home/patriciacorreia/Documents/airflowalura/venv/lib/python3.9/site-packages/airflow/example_dags/plugins/workday.py for tasks to queue
[2024-12-18 22:33:42,490] {logging_mixin.py:115} INFO - [2024-12-18 22:33:42,490] {dagbag.py:507} INFO - Filling up the DagBag from /home/patriciacorreia/Documents/airflowalura/venv/lib/python3.9/site-packages/airflow/example_dags/plugins/workday.py
[2024-12-18 22:33:42,501] {processor.py:653} WARNING - No viable dags retrieved from /home/patriciacorreia/Documents/airflowalura/venv/lib/python3.9/site-packages/airflow/example_dags/plugins/workday.py
[2024-12-18 22:33:42,560] {processor.py:161} INFO - Processing /home/patriciacorreia/Documents/airflowalura/venv/lib/python3.9/site-packages/airflow/example_dags/plugins/workday.py took 0.099 seconds
[2024-12-18 22:34:18,958] {processor.py:153} INFO - Started process (PID=22112) to work on /home/patriciacorreia/Documents/airflowalura/venv/lib/python3.9/site-packages/airflow/example_dags/plugins/workday.py
[2024-12-18 22:34:18,962] {processor.py:641} INFO - Processing file /home/patriciacorreia/Documents/airflowalura/venv/lib/python3.9/site-packages/airflow/example_dags/plugins/workday.py for tasks to queue
[2024-12-18 22:34:18,964] {logging_mixin.py:115} INFO - [2024-12-18 22:34:18,964] {dagbag.py:507} INFO - Filling up the DagBag from /home/patriciacorreia/Documents/airflowalura/venv/lib/python3.9/site-packages/airflow/example_dags/plugins/workday.py
[2024-12-18 22:34:18,973] {processor.py:653} WARNING - No viable dags retrieved from /home/patriciacorreia/Documents/airflowalura/venv/lib/python3.9/site-packages/airflow/example_dags/plugins/workday.py
[2024-12-18 22:34:19,017] {processor.py:161} INFO - Processing /home/patriciacorreia/Documents/airflowalura/venv/lib/python3.9/site-packages/airflow/example_dags/plugins/workday.py took 0.071 seconds
[2024-12-18 22:35:01,813] {processor.py:153} INFO - Started process (PID=22305) to work on /home/patriciacorreia/Documents/airflowalura/venv/lib/python3.9/site-packages/airflow/example_dags/plugins/workday.py
[2024-12-18 22:35:01,816] {processor.py:641} INFO - Processing file /home/patriciacorreia/Documents/airflowalura/venv/lib/python3.9/site-packages/airflow/example_dags/plugins/workday.py for tasks to queue
[2024-12-18 22:35:01,821] {logging_mixin.py:115} INFO - [2024-12-18 22:35:01,821] {dagbag.py:507} INFO - Filling up the DagBag from /home/patriciacorreia/Documents/airflowalura/venv/lib/python3.9/site-packages/airflow/example_dags/plugins/workday.py
[2024-12-18 22:35:01,829] {processor.py:653} WARNING - No viable dags retrieved from /home/patriciacorreia/Documents/airflowalura/venv/lib/python3.9/site-packages/airflow/example_dags/plugins/workday.py
[2024-12-18 22:35:01,875] {processor.py:161} INFO - Processing /home/patriciacorreia/Documents/airflowalura/venv/lib/python3.9/site-packages/airflow/example_dags/plugins/workday.py took 0.078 seconds
[2024-12-18 22:35:42,307] {processor.py:153} INFO - Started process (PID=22492) to work on /home/patriciacorreia/Documents/airflowalura/venv/lib/python3.9/site-packages/airflow/example_dags/plugins/workday.py
[2024-12-18 22:35:42,310] {processor.py:641} INFO - Processing file /home/patriciacorreia/Documents/airflowalura/venv/lib/python3.9/site-packages/airflow/example_dags/plugins/workday.py for tasks to queue
[2024-12-18 22:35:42,313] {logging_mixin.py:115} INFO - [2024-12-18 22:35:42,313] {dagbag.py:507} INFO - Filling up the DagBag from /home/patriciacorreia/Documents/airflowalura/venv/lib/python3.9/site-packages/airflow/example_dags/plugins/workday.py
[2024-12-18 22:35:42,322] {processor.py:653} WARNING - No viable dags retrieved from /home/patriciacorreia/Documents/airflowalura/venv/lib/python3.9/site-packages/airflow/example_dags/plugins/workday.py
[2024-12-18 22:35:42,371] {processor.py:161} INFO - Processing /home/patriciacorreia/Documents/airflowalura/venv/lib/python3.9/site-packages/airflow/example_dags/plugins/workday.py took 0.078 seconds
[2024-12-18 22:36:19,250] {processor.py:153} INFO - Started process (PID=22658) to work on /home/patriciacorreia/Documents/airflowalura/venv/lib/python3.9/site-packages/airflow/example_dags/plugins/workday.py
[2024-12-18 22:36:19,254] {processor.py:641} INFO - Processing file /home/patriciacorreia/Documents/airflowalura/venv/lib/python3.9/site-packages/airflow/example_dags/plugins/workday.py for tasks to queue
[2024-12-18 22:36:19,258] {logging_mixin.py:115} INFO - [2024-12-18 22:36:19,257] {dagbag.py:507} INFO - Filling up the DagBag from /home/patriciacorreia/Documents/airflowalura/venv/lib/python3.9/site-packages/airflow/example_dags/plugins/workday.py
[2024-12-18 22:36:19,268] {processor.py:653} WARNING - No viable dags retrieved from /home/patriciacorreia/Documents/airflowalura/venv/lib/python3.9/site-packages/airflow/example_dags/plugins/workday.py
[2024-12-18 22:36:19,322] {processor.py:161} INFO - Processing /home/patriciacorreia/Documents/airflowalura/venv/lib/python3.9/site-packages/airflow/example_dags/plugins/workday.py took 0.086 seconds
[2024-12-18 22:36:57,914] {processor.py:153} INFO - Started process (PID=22829) to work on /home/patriciacorreia/Documents/airflowalura/venv/lib/python3.9/site-packages/airflow/example_dags/plugins/workday.py
[2024-12-18 22:36:57,917] {processor.py:641} INFO - Processing file /home/patriciacorreia/Documents/airflowalura/venv/lib/python3.9/site-packages/airflow/example_dags/plugins/workday.py for tasks to queue
[2024-12-18 22:36:57,919] {logging_mixin.py:115} INFO - [2024-12-18 22:36:57,919] {dagbag.py:507} INFO - Filling up the DagBag from /home/patriciacorreia/Documents/airflowalura/venv/lib/python3.9/site-packages/airflow/example_dags/plugins/workday.py
[2024-12-18 22:36:57,931] {processor.py:653} WARNING - No viable dags retrieved from /home/patriciacorreia/Documents/airflowalura/venv/lib/python3.9/site-packages/airflow/example_dags/plugins/workday.py
[2024-12-18 22:36:57,979] {processor.py:161} INFO - Processing /home/patriciacorreia/Documents/airflowalura/venv/lib/python3.9/site-packages/airflow/example_dags/plugins/workday.py took 0.078 seconds
[2024-12-18 22:37:42,657] {processor.py:153} INFO - Started process (PID=23021) to work on /home/patriciacorreia/Documents/airflowalura/venv/lib/python3.9/site-packages/airflow/example_dags/plugins/workday.py
[2024-12-18 22:37:42,659] {processor.py:641} INFO - Processing file /home/patriciacorreia/Documents/airflowalura/venv/lib/python3.9/site-packages/airflow/example_dags/plugins/workday.py for tasks to queue
[2024-12-18 22:37:42,661] {logging_mixin.py:115} INFO - [2024-12-18 22:37:42,661] {dagbag.py:507} INFO - Filling up the DagBag from /home/patriciacorreia/Documents/airflowalura/venv/lib/python3.9/site-packages/airflow/example_dags/plugins/workday.py
[2024-12-18 22:37:42,668] {processor.py:653} WARNING - No viable dags retrieved from /home/patriciacorreia/Documents/airflowalura/venv/lib/python3.9/site-packages/airflow/example_dags/plugins/workday.py
[2024-12-18 22:37:42,694] {processor.py:161} INFO - Processing /home/patriciacorreia/Documents/airflowalura/venv/lib/python3.9/site-packages/airflow/example_dags/plugins/workday.py took 0.045 seconds
[2024-12-18 22:38:24,028] {processor.py:153} INFO - Started process (PID=23212) to work on /home/patriciacorreia/Documents/airflowalura/venv/lib/python3.9/site-packages/airflow/example_dags/plugins/workday.py
[2024-12-18 22:38:24,033] {processor.py:641} INFO - Processing file /home/patriciacorreia/Documents/airflowalura/venv/lib/python3.9/site-packages/airflow/example_dags/plugins/workday.py for tasks to queue
[2024-12-18 22:38:24,035] {logging_mixin.py:115} INFO - [2024-12-18 22:38:24,035] {dagbag.py:507} INFO - Filling up the DagBag from /home/patriciacorreia/Documents/airflowalura/venv/lib/python3.9/site-packages/airflow/example_dags/plugins/workday.py
[2024-12-18 22:38:24,044] {processor.py:653} WARNING - No viable dags retrieved from /home/patriciacorreia/Documents/airflowalura/venv/lib/python3.9/site-packages/airflow/example_dags/plugins/workday.py
[2024-12-18 22:38:24,101] {processor.py:161} INFO - Processing /home/patriciacorreia/Documents/airflowalura/venv/lib/python3.9/site-packages/airflow/example_dags/plugins/workday.py took 0.084 seconds
[2024-12-18 22:39:02,637] {processor.py:153} INFO - Started process (PID=23394) to work on /home/patriciacorreia/Documents/airflowalura/venv/lib/python3.9/site-packages/airflow/example_dags/plugins/workday.py
[2024-12-18 22:39:02,639] {processor.py:641} INFO - Processing file /home/patriciacorreia/Documents/airflowalura/venv/lib/python3.9/site-packages/airflow/example_dags/plugins/workday.py for tasks to queue
[2024-12-18 22:39:02,640] {logging_mixin.py:115} INFO - [2024-12-18 22:39:02,640] {dagbag.py:507} INFO - Filling up the DagBag from /home/patriciacorreia/Documents/airflowalura/venv/lib/python3.9/site-packages/airflow/example_dags/plugins/workday.py
[2024-12-18 22:39:02,646] {processor.py:653} WARNING - No viable dags retrieved from /home/patriciacorreia/Documents/airflowalura/venv/lib/python3.9/site-packages/airflow/example_dags/plugins/workday.py
[2024-12-18 22:39:02,671] {processor.py:161} INFO - Processing /home/patriciacorreia/Documents/airflowalura/venv/lib/python3.9/site-packages/airflow/example_dags/plugins/workday.py took 0.048 seconds
[2024-12-18 22:39:38,310] {processor.py:153} INFO - Started process (PID=23558) to work on /home/patriciacorreia/Documents/airflowalura/venv/lib/python3.9/site-packages/airflow/example_dags/plugins/workday.py
[2024-12-18 22:39:38,315] {processor.py:641} INFO - Processing file /home/patriciacorreia/Documents/airflowalura/venv/lib/python3.9/site-packages/airflow/example_dags/plugins/workday.py for tasks to queue
[2024-12-18 22:39:38,318] {logging_mixin.py:115} INFO - [2024-12-18 22:39:38,318] {dagbag.py:507} INFO - Filling up the DagBag from /home/patriciacorreia/Documents/airflowalura/venv/lib/python3.9/site-packages/airflow/example_dags/plugins/workday.py
[2024-12-18 22:39:38,328] {processor.py:653} WARNING - No viable dags retrieved from /home/patriciacorreia/Documents/airflowalura/venv/lib/python3.9/site-packages/airflow/example_dags/plugins/workday.py
[2024-12-18 22:39:38,385] {processor.py:161} INFO - Processing /home/patriciacorreia/Documents/airflowalura/venv/lib/python3.9/site-packages/airflow/example_dags/plugins/workday.py took 0.093 seconds
[2024-12-18 22:40:12,959] {processor.py:153} INFO - Started process (PID=23724) to work on /home/patriciacorreia/Documents/airflowalura/venv/lib/python3.9/site-packages/airflow/example_dags/plugins/workday.py
[2024-12-18 22:40:12,963] {processor.py:641} INFO - Processing file /home/patriciacorreia/Documents/airflowalura/venv/lib/python3.9/site-packages/airflow/example_dags/plugins/workday.py for tasks to queue
[2024-12-18 22:40:12,966] {logging_mixin.py:115} INFO - [2024-12-18 22:40:12,965] {dagbag.py:507} INFO - Filling up the DagBag from /home/patriciacorreia/Documents/airflowalura/venv/lib/python3.9/site-packages/airflow/example_dags/plugins/workday.py
[2024-12-18 22:40:12,977] {processor.py:653} WARNING - No viable dags retrieved from /home/patriciacorreia/Documents/airflowalura/venv/lib/python3.9/site-packages/airflow/example_dags/plugins/workday.py
[2024-12-18 22:40:13,034] {processor.py:161} INFO - Processing /home/patriciacorreia/Documents/airflowalura/venv/lib/python3.9/site-packages/airflow/example_dags/plugins/workday.py took 0.088 seconds
[2024-12-18 22:40:50,210] {processor.py:153} INFO - Started process (PID=23963) to work on /home/patriciacorreia/Documents/airflowalura/venv/lib/python3.9/site-packages/airflow/example_dags/plugins/workday.py
[2024-12-18 22:40:50,213] {processor.py:641} INFO - Processing file /home/patriciacorreia/Documents/airflowalura/venv/lib/python3.9/site-packages/airflow/example_dags/plugins/workday.py for tasks to queue
[2024-12-18 22:40:50,216] {logging_mixin.py:115} INFO - [2024-12-18 22:40:50,215] {dagbag.py:507} INFO - Filling up the DagBag from /home/patriciacorreia/Documents/airflowalura/venv/lib/python3.9/site-packages/airflow/example_dags/plugins/workday.py
[2024-12-18 22:40:50,225] {processor.py:653} WARNING - No viable dags retrieved from /home/patriciacorreia/Documents/airflowalura/venv/lib/python3.9/site-packages/airflow/example_dags/plugins/workday.py
[2024-12-18 22:40:50,278] {processor.py:161} INFO - Processing /home/patriciacorreia/Documents/airflowalura/venv/lib/python3.9/site-packages/airflow/example_dags/plugins/workday.py took 0.082 seconds
